/* -*- Mode: c -*- */
####################################################################################################
Core 0
####################################################################################################
Cumulative:        Cycles: 7894595               Instructions: 19999999              IPC: 2.53338

Periodic:          Cycles: 3758523               Instructions: 9999999               IPC: 2.66062

EXECUTION_TIME                           1174538437500                  2467060937500              

SIM_HOST_WALL_SECONDS                        85.838557                      85.838557              

NODE_CYCLE                                     3758523                        7894595              

NODE_INST_COUNT                                9999999                       19999999              

NODE_INST_COUNT_FETCHED                        9999999                       19999999              

NODE_UOP_COUNT                                12931171                       25864364              

EXEC_STAGE_NO_ISSUE_STALL_CYCLE                3386133                        6973086              

EXEC_STAGE_NO_ISSUE_STALL_CYCLE_ONPATH         2967403                        5915141              

FULL_WINDOW_STALL                               405480       10.788%           802652       10.167%

FULL_WINDOW_MEM_OP                              129144       44.171%           286207       48.521%
FULL_WINDOW_FP_OP                               159816       54.662%           297409       50.420%
FULL_WINDOW_OTHER_OP                              3412        1.167%             6251        1.060%
                                                292372      100.000%           589867      100.000%
                                                  0.57         0.36              0.53         0.37

RET_BLOCKED_DC_MISS                             418496       11.135%          1010918       12.805%

RET_BLOCKED_L1_MISS                              14570        0.388%           113187        1.434%

RET_BLOCKED_L1_MISS_BW_PREF                          0        0.000%                0        0.000%

RET_BLOCKED_L1_ACCESS                           403926       10.747%           897955       11.374%

RET_BLOCKED_MEM_STALL                            14570        0.388%           113202        1.434%

RET_BLOCKED_OFFCHIP_DEMAND                           0        0.000%                0        0.000%

OP_ISSUED                                     14084184                       28886996              

OP_RETIRED                                    12931171                       25864364              

OP_MACRO_FUSION_ONPATH                          752147                        1513497              

OP_MACRO_FUSION_OFFPATH                         137003                         357438              

REPLAY_SIGNALED                                      0                              0              

REPLAY_COUNTED                                       0                              0              

OFF_CRITICAL_PATH                                    0         -nan%                0         -nan%
ON_CRITICAL_PATH                                     0         -nan%                0         -nan%
                                                     0         -nan%                0         -nan%
                                                  -nan         -nan              -nan         -nan

LD_NO_DEPENDENTS                                114714        3.209%           230625        3.226%
LD_DEPENDENTS                                  3459990       96.791%          6918564       96.774%
                                               3574704      100.000%          7149189      100.000%
                                                  0.97         0.95              0.97         0.95

LD_EXEC_CYCLES_0                                     0        0.000%                0        0.000%
LD_EXEC_CYCLES_1                                     0        0.000%                0        0.000%
LD_EXEC_CYCLES_2                                     0        0.000%                0        0.000%
LD_EXEC_CYCLES_3                                  5248       47.160%            10212       46.365%
LD_EXEC_CYCLES_4                                  5880       52.840%            11813       53.635%
                                                 11128      100.000%            22025      100.000%
                                                  3.53         2.61              3.54         2.64

ICACHE_STAGE_STARVED                             82675        2.903%           203241        3.578%
ICACHE_STAGE_NOT_STARVED                       2765460       97.097%          5476569       96.422%
                                               2848135      100.000%          5679810      100.000%
                                                  0.97         0.96              0.96         0.95

ICACHE_STAGE_STALLED                            293854        7.818%           538237        6.818%
ICACHE_STAGE_NOT_STALLED                       2554281       67.960%          5141573       65.128%
ICACHE_STAGE_OFF_PATH                           910388       24.222%          2214785       28.054%
                                               3758523      100.000%          7894595      100.000%
                                                  1.16         0.72              1.21         0.78

DECODE_STAGE_STARVED                           2567920       81.182%          5297071       81.657%
DECODE_STAGE_NOT_STARVED                        595233       18.818%          1189896       18.343%
                                               3163153      100.000%          6486967      100.000%
                                                  0.19         0.36              0.18         0.36

DECODE_STAGE_STALLED                            137910        3.669%           253054        3.205%
DECODE_STAGE_NOT_STALLED                       3025243       80.490%          6233913       78.964%
DECODE_STAGE_OFF_PATH                           595370       15.841%          1407628       17.830%
                                               3758523      100.000%          7894595      100.000%
                                                  1.12         0.58              1.15         0.62

UOPQ_STAGE_STARVED                              851571       31.468%          1869952       33.762%
UOPQ_STAGE_NOT_STARVED                         1854580       68.532%          3668704       66.238%
                                               2706151      100.000%          5538656      100.000%
                                                  0.69         0.62              0.66         0.61

UOPQ_STAGE_STALLED                              270292        7.191%           494009        6.258%
UOPQ_STAGE_NOT_STALLED                         2706151       72.000%          5538656       70.158%
UOPQ_STAGE_OFF_PATH                             782080       20.808%          1861930       23.585%
                                               3758523      100.000%          7894595      100.000%
                                                  1.14         0.66              1.17         0.71

RS_OP_READY_NOT_ISSUED_TOTAL                   3634061                        7180234              

RS_0_OP_READY_NOT_ISSUED                       1166883                        2316603              

RS_1_OP_READY_NOT_ISSUED                       1279314                        2529120              

RS_2_OP_READY_NOT_ISSUED                       1187864                        2334511              

RS_3_OP_READY_NOT_ISSUED                             0                              0              

RS_4_OP_READY_NOT_ISSUED                             0                              0              

RS_5_OP_READY_NOT_ISSUED                             0                              0              

RS_6_OP_READY_NOT_ISSUED                             0                              0              

RS_7_OP_READY_NOT_ISSUED                             0                              0              

RS_7_PLUS_OP_READY_NOT_ISSUED                        0                              0              

FU_IDLE_NO_READY_OPS_TOTAL                     9406162                       20614241              

FU_0_IDLE_NO_READY_OPS                          343894                         859792              

FU_1_IDLE_NO_READY_OPS                          537488                        1274993              

FU_2_IDLE_NO_READY_OPS                         1122368                        2456591              

FU_3_IDLE_NO_READY_OPS                         1236092                        2702028              

FU_4_IDLE_NO_READY_OPS                          606957                        1425497              

FU_5_IDLE_NO_READY_OPS                          595609                        1366022              

FU_6_IDLE_NO_READY_OPS                         2485601                        5272847              

FU_7_IDLE_NO_READY_OPS                         2478153                        5256471              

FU_8_IDLE_NO_READY_OPS                               0                              0              

FU_9_IDLE_NO_READY_OPS                               0                              0              

FU_10_IDLE_NO_READY_OPS                              0                              0              

FU_11_IDLE_NO_READY_OPS                              0                              0              

FU_12_IDLE_NO_READY_OPS                              0                              0              

FU_13_IDLE_NO_READY_OPS                              0                              0              

FU_14_IDLE_NO_READY_OPS                              0                              0              

FU_15_IDLE_NO_READY_OPS                              0                              0              

FU_16_IDLE_NO_READY_OPS                              0                              0              

FU_17_IDLE_NO_READY_OPS                              0                              0              

FU_18_IDLE_NO_READY_OPS                              0                              0              

FU_19_IDLE_NO_READY_OPS                              0                              0              

FU_20_IDLE_NO_READY_OPS                              0                              0              

FU_21_IDLE_NO_READY_OPS                              0                              0              

FU_22_IDLE_NO_READY_OPS                              0                              0              

FU_23_IDLE_NO_READY_OPS                              0                              0              

FU_24_IDLE_NO_READY_OPS                              0                              0              

FU_25_IDLE_NO_READY_OPS                              0                              0              

FU_26_IDLE_NO_READY_OPS                              0                              0              

FU_27_IDLE_NO_READY_OPS                              0                              0              

FU_28_IDLE_NO_READY_OPS                              0                              0              

FU_29_IDLE_NO_READY_OPS                              0                              0              

FU_30_IDLE_NO_READY_OPS                              0                              0              

FU_31_IDLE_NO_READY_OPS                              0                              0              

FU_31_PLUS_IDLE_NO_READY_OPS                         0                              0              

MAP_STAGE_STARVED                               173380        6.055%           447655        7.699%
MAP_STAGE_NOT_STARVED                          2689858       93.945%          5366550       92.301%
                                               2863238      100.000%          5814205      100.000%
                                                  0.94         0.91              0.92         0.89

MAP_STAGE_STALLED                               353464       10.341%           664147        9.195%
MAP_STAGE_NOT_STALLED                          2509774       73.426%          5150058       71.299%
MAP_STAGE_OFF_PATH                              554864       16.233%          1408971       19.506%
                                               3418102      100.000%          7223176      100.000%
                                                  1.06         0.57              1.10         0.63

MAP_STAGE_STALL_ITSELF                          340421        9.057%           671419        8.505%
MAP_STAGE_NOT_STALL_ITSELF                     3418102       90.943%          7223176       91.495%
                                               3758523      100.000%          7894595      100.000%
                                                  0.91         0.87              0.91         0.88

MAP_STAGE_LATE_ALLOCATE_SEND_BACK                    0                              0              

MAP_STAGE_RENAME_OP_ONPATH                    12930802                       25864364              

MAP_STAGE_RENAME_OP_OFFPATH                    2362771                        5904847              

MAP_STAGE_RENAME_INT_REG_ONPATH                7984937                       15973298              

MAP_STAGE_RENAME_INT_REG_OFFPATH               1387637                        3478802              

MAP_STAGE_RENAME_VEC_REG_ONPATH                2233199                        4435377              

MAP_STAGE_RENAME_VEC_REG_OFFPATH                468265                        1118068              

MAP_STAGE_RENAME_MOVE_ELIM_ONPATH                    0                              0              

MAP_STAGE_RENAME_MOVE_ELIM_OFFPATH                   0                              0              

MAP_STAGE_ONPATH_INT_REG_NUM_ALLOC             7985141                       15973279              

MAP_STAGE_ONPATH_VEC_REG_NUM_ALLOC             2233289                        4435354              

MAP_STAGE_ONPATH_INT_REG_NUM_SHORTLIVE         2606042                        5237907              

MAP_STAGE_ONPATH_VEC_REG_NUM_SHORTLIVE          213005                         427391              

MAP_STAGE_ONPATH_INT_REG_USE_COUNT_0           1176547                        2353192              

MAP_STAGE_ONPATH_VEC_REG_USE_COUNT_0              9536                          19036              

MAP_STAGE_ONPATH_INT_REG_USE_COUNT_1           4270224                        8531774              

MAP_STAGE_ONPATH_VEC_REG_USE_COUNT_1           1580290                        3141198              

MAP_STAGE_ONPATH_INT_REG_USE_COUNT_2           1657812                        3325229              

MAP_STAGE_ONPATH_VEC_REG_USE_COUNT_2            462364                         923497              

MAP_STAGE_ONPATH_INT_REG_USE_COUNT_3            415021                         833357              

MAP_STAGE_ONPATH_VEC_REG_USE_COUNT_3            104391                         202828              

MAP_STAGE_ONPATH_INT_REG_USE_COUNT_4            112262                         222277              

MAP_STAGE_ONPATH_VEC_REG_USE_COUNT_4             27572                          54424              

MAP_STAGE_ONPATH_INT_REG_USE_COUNT_5            176554                         354929              

MAP_STAGE_ONPATH_VEC_REG_USE_COUNT_5             31486                          61896              

MAP_STAGE_ONPATH_INT_REG_USE_COUNT_6             34303                          69098              

MAP_STAGE_ONPATH_VEC_REG_USE_COUNT_6              6492                          12640              

MAP_STAGE_ONPATH_INT_REG_USE_COUNT_7_PLUS        142418                         283423              

MAP_STAGE_ONPATH_VEC_REG_USE_COUNT_7_PLUS         11158                          19835              

MAP_STAGE_ONPATH_INT_REG_CONSUME_DIST_0              0        0.0000                0        0.0000

MAP_STAGE_ONPATH_VEC_REG_CONSUME_DIST_0              0        0.0000                0        0.0000

MAP_STAGE_ONPATH_INT_REG_CONSUME_DIST_1              0        0.0000                0        0.0000

MAP_STAGE_ONPATH_VEC_REG_CONSUME_DIST_1              0        0.0000                0        0.0000

MAP_STAGE_ONPATH_INT_REG_CONSUME_DIST_2        4741156        2.8599          9612179        2.8907

MAP_STAGE_ONPATH_VEC_REG_CONSUME_DIST_2        7798437       16.8664         16310536       17.6617

MAP_STAGE_ONPATH_INT_REG_CONSUME_DIST_3        3347338        8.0655          6984480        8.3811

MAP_STAGE_ONPATH_VEC_REG_CONSUME_DIST_3        1177529       11.2800          2373100       11.7001

MAP_STAGE_ONPATH_INT_REG_CONSUME_DIST_4        1980269       17.6397          4019614       18.0838

MAP_STAGE_ONPATH_VEC_REG_CONSUME_DIST_4         546729       19.8291          1112911       20.4489

MAP_STAGE_ONPATH_INT_REG_CONSUME_DIST_5        2232780       12.6464          4596213       12.9497

MAP_STAGE_ONPATH_VEC_REG_CONSUME_DIST_5         682839       21.6871          1320950       21.3414

MAP_STAGE_ONPATH_INT_REG_CONSUME_DIST_6        1793411       52.2815          3744906       54.1970

MAP_STAGE_ONPATH_VEC_REG_CONSUME_DIST_6         184519       28.4225           353301       27.9510

MAP_STAGE_ONPATH_INT_REG_CONSUME_DIST_7_PLUS       5949016       41.7715         12233011       43.1617

MAP_STAGE_ONPATH_VEC_REG_CONSUME_DIST_7_PLUS        853759       76.5154          1556802       78.4876

MAP_STAGE_INT_REG_ISSUE_READ_TOTAL_CONSUMED      12830733        3.7892         26311708        3.7733

MAP_STAGE_VEC_REG_ISSUE_READ_TOTAL_CONSUMED       3388742        1.0008          6779450        0.9722

MAP_STAGE_INT_REG_ISSUE_READ_MULTI_CONSUMED       5491504        1.6218         11291765        1.6193

MAP_STAGE_VEC_REG_ISSUE_READ_MULTI_CONSUMED       1069702        0.3159          2117060        0.3036

MAP_STAGE_INT_REG_ISSUE_READ_SAME_CYCLE_CONSUMED       2154502        0.6363          4443370        0.6372

MAP_STAGE_VEC_REG_ISSUE_READ_SAME_CYCLE_CONSUMED        423416        0.1250           844333        0.1211

MAP_STAGE_INT_REG_ISSUE_READ_TOTAL_CONSUMED_ONPATH      11810999        3.9802         23630496        3.9949

MAP_STAGE_VEC_REG_ISSUE_READ_TOTAL_CONSUMED_ONPATH       3242595        1.0927          6407413        1.0832

MAP_STAGE_INT_REG_ISSUE_READ_MULTI_CONSUMED_ONPATH       5002560        1.6858         10010396        1.6923

MAP_STAGE_VEC_REG_ISSUE_READ_MULTI_CONSUMED_ONPATH       1018913        0.3434          1991070        0.3366

MAP_STAGE_INT_REG_ISSUE_READ_SAME_CYCLE_CONSUMED_ONPATH       1969278        0.6636          3960585        0.6696

MAP_STAGE_VEC_REG_ISSUE_READ_SAME_CYCLE_CONSUMED_ONPATH        407680        0.1374           804138        0.1359

MAP_STAGE_ONPATH_INT_REG_LIFECYCLE_EMPTY     216730237                      419816891              

MAP_STAGE_ONPATH_VEC_REG_LIFECYCLE_EMPTY     117790424                      228503056              

MAP_STAGE_ONPATH_INT_REG_LIFECYCLE_IN_USE     346375834                      679892358              

MAP_STAGE_ONPATH_VEC_REG_LIFECYCLE_IN_USE     153782064                      300568735              

MAP_STAGE_ONPATH_INT_REG_LIFECYCLE_SPEC_RELEASE     668997824                     1320686249              

MAP_STAGE_ONPATH_VEC_REG_LIFECYCLE_SPEC_RELEASE     269133684                      536662549              

MAP_STAGE_ONPATH_INT_REG_LIFECYCLE_NONSPEC_RELEASE     668997824                     1320686249              

MAP_STAGE_ONPATH_VEC_REG_LIFECYCLE_NONSPEC_RELEASE     269133684                      536662549              

MAP_STAGE_ONPATH_INT_REG_LIFECYCLE_TOTAL     668997824                     1320686249              

MAP_STAGE_ONPATH_VEC_REG_LIFECYCLE_TOTAL     269133684                      536662549              

MAP_STAGE_ONPATH_INT_REG_NUM_NONBRANCH         7985141                       15973279              

MAP_STAGE_ONPATH_VEC_REG_NUM_NONBRANCH         2233289                        4435354              

MAP_STAGE_ONPATH_INT_REG_NUM_NONEXCEPT         7985141                       15973279              

MAP_STAGE_ONPATH_VEC_REG_NUM_NONEXCEPT         2233289                        4435354              

MAP_STAGE_ONPATH_INT_REG_NUM_ATOMIC            7985141                       15973279              

MAP_STAGE_ONPATH_VEC_REG_NUM_ATOMIC            2233289                        4435354              

MAP_STAGE_ONPATH_INT_REG_ATOMIC_REDEFINED_DIST_TOTAL     668997824       83.7803       1320686249       82.6810

MAP_STAGE_ONPATH_VEC_REG_ATOMIC_REDEFINED_DIST_TOTAL     269133684      120.5100        536662549      120.9966

MAP_STAGE_ONPATH_INT_REG_ATOMIC_CONSUMED_DIST_TOTAL     346375834       43.3775        679892358       42.5644

MAP_STAGE_ONPATH_VEC_REG_ATOMIC_CONSUMED_DIST_TOTAL     153782064       68.8590        300568735       67.7666

MAP_STAGE_ONPATH_INT_REG_ATOMIC_RELEASE_DIST_TOTAL     668997824       83.7803       1320686249       82.6810

MAP_STAGE_ONPATH_VEC_REG_ATOMIC_RELEASE_DIST_TOTAL     269133684      120.5100        536662549      120.9966

EXEC_STAGE_STARVED                             1983942       52.785%          4150003       52.568%
EXEC_STAGE_NOT_STARVED                         1336905       35.570%          2601082       32.948%
EXEC_STAGE_OFF_PATH                             437676       11.645%          1143510       14.485%
                                               3758523      100.000%          7894595      100.000%
                                                  0.59         0.58              0.62         0.62

FU_BUSY_0                                      3253379                        6685156              

FU_BUSY_1                                      2476141                        5060178              

FU_BUSY_2                                      2160993                        4446442              

FU_BUSY_3                                      2039704                        4185344              

FU_BUSY_4                                      1713506                        3480695              

FU_BUSY_5                                      1691053                        3454471              

FU_BUSY_6                                       796039                        1636910              

FU_BUSY_7                                       807930                        1662108              

FU_BUSY_8                                            0                              0              

FU_BUSY_9                                            0                              0              

FU_BUSY_10                                           0                              0              

FU_BUSY_11                                           0                              0              

FU_BUSY_12                                           0                              0              

FU_BUSY_13                                           0                              0              

FU_BUSY_14                                           0                              0              

FU_BUSY_15                                           0                              0              

FU_BUSY_16                                           0                              0              

FU_BUSY_17                                           0                              0              

FU_BUSY_18                                           0                              0              

FU_BUSY_19                                           0                              0              

FU_BUSY_20                                           0                              0              

FU_BUSY_21                                           0                              0              

FU_BUSY_22                                           0                              0              

FU_BUSY_23                                           0                              0              

FU_BUSY_24                                           0                              0              

FU_BUSY_25                                           0                              0              

FU_BUSY_26                                           0                              0              

FU_BUSY_27                                           0                              0              

FU_BUSY_28                                           0                              0              

FU_BUSY_29                                           0                              0              

FU_BUSY_30                                           0                              0              

FU_BUSY_31                                           0                              0              

FU_REJECTED_OP_INV_NOT_SIMD                          0        0.000%                0        0.000%
FU_REJECTED_OP_NOP_NOT_SIMD                      10503        1.346%            22499        1.430%
FU_REJECTED_OP_CF_NOT_SIMD                      173028       22.171%           346809       22.047%
FU_REJECTED_OP_MOV_NOT_SIMD                      49163        6.299%            98689        6.274%
FU_REJECTED_OP_CMOV_NOT_SIMD                         3        0.000%               25        0.002%
FU_REJECTED_OP_LDA_NOT_SIMD                       6104        0.782%            11887        0.756%
FU_REJECTED_OP_IMEM_NOT_SIMD                     87172       11.170%           179664       11.421%
FU_REJECTED_OP_IADD_NOT_SIMD                     26407        3.384%            53411        3.395%
FU_REJECTED_OP_IMUL_NOT_SIMD                    133250       17.074%           269478       17.131%
FU_REJECTED_OP_IDIV_NOT_SIMD                         3        0.000%                6        0.000%
FU_REJECTED_OP_ICMP_NOT_SIMD                         0        0.000%                0        0.000%
FU_REJECTED_OP_LOGIC_NOT_SIMD                     3760        0.482%             7841        0.498%
FU_REJECTED_OP_SHIFT_NOT_SIMD                    28613        3.666%            57421        3.650%
FU_REJECTED_OP_FMEM_NOT_SIMD                      3983        0.510%             7952        0.506%
FU_REJECTED_OP_FCVT_NOT_SIMD                         0        0.000%                0        0.000%
FU_REJECTED_OP_FADD_NOT_SIMD                         0        0.000%                0        0.000%
FU_REJECTED_OP_FMUL_NOT_SIMD                         0        0.000%                0        0.000%
FU_REJECTED_OP_FMA_NOT_SIMD                          0        0.000%                0        0.000%
FU_REJECTED_OP_FDIV_NOT_SIMD                         0        0.000%                0        0.000%
FU_REJECTED_OP_FCMP_NOT_SIMD                         0        0.000%                0        0.000%
FU_REJECTED_OP_FCMOV_NOT_SIMD                        0        0.000%                0        0.000%
FU_REJECTED_OP_GATHER_NOT_SIMD                       0        0.000%                0        0.000%
FU_REJECTED_OP_SCATTER_NOT_SIMD                      0        0.000%                0        0.000%
FU_REJECTED_OP_PIPELINED_FAST_NOT_SIMD               0        0.000%                0        0.000%
FU_REJECTED_OP_PIPELINED_MEDIUM_NOT_SIMD             0        0.000%                0        0.000%
FU_REJECTED_OP_PIPELINED_SLOW_NOT_SIMD               0        0.000%                0        0.000%
FU_REJECTED_OP_NOTPIPELINED_MEDIUM_NOT_SIMD             0        0.000%                0        0.000%
FU_REJECTED_OP_NOTPIPELINED_SLOW_NOT_SIMD             0        0.000%                0        0.000%
FU_REJECTED_OP_NOTPIPELINED_VERY_SLOW_NOT_SIMD             0        0.000%                0        0.000%
FU_REJECTED_OP_INV_SIMD                              0        0.000%                0        0.000%
FU_REJECTED_OP_NOP_SIMD                              0        0.000%                0        0.000%
FU_REJECTED_OP_CF_SIMD                               0        0.000%                0        0.000%
FU_REJECTED_OP_MOV_SIMD                           2476        0.317%             5042        0.321%
FU_REJECTED_OP_CMOV_SIMD                             0        0.000%                0        0.000%
FU_REJECTED_OP_LDA_SIMD                              0        0.000%                0        0.000%
FU_REJECTED_OP_IMEM_SIMD                             0        0.000%                0        0.000%
FU_REJECTED_OP_IADD_SIMD                             0        0.000%                0        0.000%
FU_REJECTED_OP_IMUL_SIMD                             0        0.000%                0        0.000%
FU_REJECTED_OP_IDIV_SIMD                             0        0.000%                0        0.000%
FU_REJECTED_OP_ICMP_SIMD                             0        0.000%                0        0.000%
FU_REJECTED_OP_LOGIC_SIMD                         5490        0.703%            11000        0.699%
FU_REJECTED_OP_SHIFT_SIMD                         4373        0.560%             9215        0.586%
FU_REJECTED_OP_FMEM_SIMD                             0        0.000%                0        0.000%
FU_REJECTED_OP_FCVT_SIMD                        113553       14.550%           231128       14.693%
FU_REJECTED_OP_FADD_SIMD                         25511        3.269%            54246        3.448%
FU_REJECTED_OP_FMUL_SIMD                          2052        0.263%             3815        0.243%
FU_REJECTED_OP_FMA_SIMD                           6818        0.874%            13350        0.849%
FU_REJECTED_OP_FDIV_SIMD                         10581        1.356%            20933        1.331%
FU_REJECTED_OP_FCMP_SIMD                         18729        2.400%            36523        2.322%
FU_REJECTED_OP_FCMOV_SIMD                        68403        8.765%           131206        8.341%
FU_REJECTED_OP_GATHER_SIMD                         459        0.059%              906        0.058%
FU_REJECTED_OP_SCATTER_SIMD                          0        0.000%                0        0.000%
FU_REJECTED_OP_PIPELINED_FAST_SIMD                   0        0.000%                0        0.000%
FU_REJECTED_OP_PIPELINED_MEDIUM_SIMD                 0        0.000%                0        0.000%
FU_REJECTED_OP_PIPELINED_SLOW_SIMD                   0        0.000%                0        0.000%
FU_REJECTED_OP_NOTPIPELINED_MEDIUM_SIMD              0        0.000%                0        0.000%
FU_REJECTED_OP_NOTPIPELINED_SLOW_SIMD                0        0.000%                0        0.000%
FU_REJECTED_OP_NOTPIPELINED_VERY_SLOW_SIMD             0        0.000%                0        0.000%
                                                780434      100.000%          1573046      100.000%
                                                 18.46        19.01             18.35        18.94

LSQ_FULL_TOTAL                                   73276                         153657              

LSQ_FULL_LOAD_QUEUE                              23387                          45724              

LSQ_FULL_STORE_QUEUE                             49889                         107933              

OP_WAIT_0                                      8107224                       16238881              

OP_WAIT_1                                      1869661                        3822672              

OP_WAIT_2                                       793099                        1596798              

OP_WAIT_3                                       436767                         871003              

OP_WAIT_4                                       278486                         554014              

OP_WAIT_5                                       211984                         419896              

OP_WAIT_6                                       157417                         309051              

OP_WAIT_7                                       111174                         217017              

OP_WAIT_8                                        89984                         176174              

OP_WAIT_9                                        77435                         149232              

OP_WAIT_10                                       67033                         128223              

OP_WAIT_11                                       56583                         108210              

OP_WAIT_12                                       49207                          93330              

OP_WAIT_13                                       43323                          83096              

OP_WAIT_14                                       38641                          72694              

OP_WAIT_15                                       34506                          65257              

OP_WAIT_16                                       29486                          56734              

OP_WAIT_17                                       27853                          52613              

OP_WAIT_18                                       27073                          51548              

OP_WAIT_19                                       30206                          57683              

OP_WAIT_20                                       34438                          66555              

OP_WAIT_21                                       35039                          67926              

OP_WAIT_22                                       26574                          51367              

OP_WAIT_23                                       20296                          39448              

OP_WAIT_24                                       18671                          35998              

OP_WAIT_25                                       17040                          33065              

OP_WAIT_26                                       16266                          31626              

OP_WAIT_27                                       13350                          25712              

OP_WAIT_28                                       10234                          18983              

OP_WAIT_29                                        8545                          16165              

OP_WAIT_30                                        7813                          14675              

OP_WAIT_31                                      185763                         338718              

ROW_SIZE_0                                     1200943                        2657798              

ROW_SIZE_1                                      230755                         497290              

ROW_SIZE_2                                      112748                         241098              

ROW_SIZE_3                                       70438                         151227              

ROW_SIZE_4                                       69713                         144692              

ROW_SIZE_5                                       52920                         109519              

ROW_SIZE_6                                     1953359                        3884139              

ROW_SIZE_7                                           0                              0              

ROW_SIZE_8                                           0                              0              

ROW_SIZE_9                                           0                              0              

ROW_SIZE_10                                          0                              0              

ROW_SIZE_11                                          0                              0              

ROW_SIZE_12                                          0                              0              

ROW_SIZE_13                                          0                              0              

ROW_SIZE_14                                          0                              0              

ROW_SIZE_15                                          0                              0              

ROW_SIZE_16                                          0                              0              

ROW_SIZE_17                                          0                              0              

ROW_SIZE_18                                          0                              0              

ROW_SIZE_19                                          0                              0              

ROW_SIZE_20                                          0                              0              

ROW_SIZE_21                                          0                              0              

ROW_SIZE_22                                          0                              0              

ROW_SIZE_23                                          0                              0              

ROW_SIZE_24                                          0                              0              

ROW_SIZE_25                                          0                              0              

ROW_SIZE_26                                          0                              0              

ROW_SIZE_27                                          0                              0              

ROW_SIZE_28                                          0                              0              

ROW_SIZE_29                                          0                              0              

ROW_SIZE_30                                          0                              0              

ROW_SIZE_31                                          0                              0              

RET_OP_EXEC_COUNT_0                                  0        0.000%                0        0.000%
RET_OP_EXEC_COUNT_1                           12931171      100.000%         25864364      100.000%
RET_OP_EXEC_COUNT_2                                  0        0.000%                0        0.000%
RET_OP_EXEC_COUNT_3                                  0        0.000%                0        0.000%
RET_OP_EXEC_COUNT_4                                  0        0.000%                0        0.000%
RET_OP_EXEC_COUNT_5                                  0        0.000%                0        0.000%
RET_OP_EXEC_COUNT_6                                  0        0.000%                0        0.000%
RET_OP_EXEC_COUNT_7                                  0        0.000%                0        0.000%
RET_OP_EXEC_COUNT_8                                  0        0.000%                0        0.000%
RET_OP_EXEC_COUNT_9                                  0        0.000%                0        0.000%
RET_OP_EXEC_COUNT_10                                 0        0.000%                0        0.000%
RET_OP_EXEC_COUNT_11                                 0        0.000%                0        0.000%
RET_OP_EXEC_COUNT_12                                 0        0.000%                0        0.000%
RET_OP_EXEC_COUNT_13                                 0        0.000%                0        0.000%
RET_OP_EXEC_COUNT_14                                 0        0.000%                0        0.000%
RET_OP_EXEC_COUNT_15                                 0        0.000%                0        0.000%
RET_OP_EXEC_COUNT_16                                 0        0.000%                0        0.000%
RET_OP_EXEC_COUNT_17                                 0        0.000%                0        0.000%
RET_OP_EXEC_COUNT_18                                 0        0.000%                0        0.000%
RET_OP_EXEC_COUNT_19                                 0        0.000%                0        0.000%
RET_OP_EXEC_COUNT_20                                 0        0.000%                0        0.000%
RET_OP_EXEC_COUNT_21                                 0        0.000%                0        0.000%
RET_OP_EXEC_COUNT_22                                 0        0.000%                0        0.000%
RET_OP_EXEC_COUNT_23                                 0        0.000%                0        0.000%
RET_OP_EXEC_COUNT_24                                 0        0.000%                0        0.000%
RET_OP_EXEC_COUNT_25                                 0        0.000%                0        0.000%
RET_OP_EXEC_COUNT_26                                 0        0.000%                0        0.000%
RET_OP_EXEC_COUNT_27                                 0        0.000%                0        0.000%
RET_OP_EXEC_COUNT_28                                 0        0.000%                0        0.000%
RET_OP_EXEC_COUNT_29                                 0        0.000%                0        0.000%
RET_OP_EXEC_COUNT_30                                 0        0.000%                0        0.000%
RET_OP_EXEC_COUNT_31                                 0        0.000%                0        0.000%
RET_OP_EXEC_COUNT_32                                 0        0.000%                0        0.000%
                                              12931171      100.000%         25864364      100.000%
                                                  1.00         0.00              1.00         0.00

RET_STALL_LENGTH_0                            12931070       99.999%         25863565       99.997%
RET_STALL_LENGTH_100                                97        0.001%              738        0.003%
RET_STALL_LENGTH_200                                 0        0.000%               33        0.000%
RET_STALL_LENGTH_300                                 0        0.000%                7        0.000%
RET_STALL_LENGTH_400                                 1        0.000%                6        0.000%
RET_STALL_LENGTH_500                                 0        0.000%                1        0.000%
RET_STALL_LENGTH_600                                 0        0.000%                1        0.000%
RET_STALL_LENGTH_700                                 0        0.000%                1        0.000%
RET_STALL_LENGTH_800                                 0        0.000%                0        0.000%
RET_STALL_LENGTH_900                                 0        0.000%                0        0.000%
RET_STALL_LENGTH_1000                                1        0.000%                2        0.000%
RET_STALL_LENGTH_1100                                0        0.000%                4        0.000%
RET_STALL_LENGTH_1200                                2        0.000%                4        0.000%
RET_STALL_LENGTH_1300                                0        0.000%                1        0.000%
RET_STALL_LENGTH_1400                                0        0.000%                0        0.000%
RET_STALL_LENGTH_1500                                0        0.000%                0        0.000%
RET_STALL_LENGTH_1600                                0        0.000%                0        0.000%
RET_STALL_LENGTH_1700                                0        0.000%                0        0.000%
RET_STALL_LENGTH_1800                                0        0.000%                1        0.000%
RET_STALL_LENGTH_1900                                0        0.000%                0        0.000%
RET_STALL_LENGTH_2000                                0        0.000%                0        0.000%
RET_STALL_LENGTH_2100                                0        0.000%                0        0.000%
RET_STALL_LENGTH_2200                                0        0.000%                0        0.000%
RET_STALL_LENGTH_2300                                0        0.000%                0        0.000%
RET_STALL_LENGTH_2400                                0        0.000%                0        0.000%
RET_STALL_LENGTH_2500                                0        0.000%                0        0.000%
RET_STALL_LENGTH_2600                                0        0.000%                0        0.000%
RET_STALL_LENGTH_2700                                0        0.000%                0        0.000%
RET_STALL_LENGTH_2800                                0        0.000%                0        0.000%
RET_STALL_LENGTH_2900                                0        0.000%                0        0.000%
RET_STALL_LENGTH_3000                                0        0.000%                0        0.000%
RET_STALL_LENGTH_3100                                0        0.000%                0        0.000%
RET_STALL_LENGTH_3200                                0        0.000%                0        0.000%
RET_STALL_LENGTH_3300                                0        0.000%                0        0.000%
RET_STALL_LENGTH_3400                                0        0.000%                0        0.000%
RET_STALL_LENGTH_3500                                0        0.000%                0        0.000%
RET_STALL_LENGTH_3600                                0        0.000%                0        0.000%
RET_STALL_LENGTH_3700                                0        0.000%                0        0.000%
RET_STALL_LENGTH_3800                                0        0.000%                0        0.000%
RET_STALL_LENGTH_3900                                0        0.000%                0        0.000%
RET_STALL_LENGTH_4000                                0        0.000%                0        0.000%
RET_STALL_LENGTH_4100                                0        0.000%                0        0.000%
RET_STALL_LENGTH_4200                                0        0.000%                0        0.000%
RET_STALL_LENGTH_4300                                0        0.000%                0        0.000%
RET_STALL_LENGTH_4400                                0        0.000%                0        0.000%
RET_STALL_LENGTH_4500                                0        0.000%                0        0.000%
RET_STALL_LENGTH_4600                                0        0.000%                0        0.000%
RET_STALL_LENGTH_4700                                0        0.000%                0        0.000%
RET_STALL_LENGTH_4800                                0        0.000%                0        0.000%
RET_STALL_LENGTH_4900                                0        0.000%                0        0.000%
RET_STALL_LENGTH_5000                                0        0.000%                0        0.000%
                                              12931171      100.000%         25864364      100.000%
                                                  0.00         0.01              0.00         0.01

MEM_BLOCK_LENGTH_0                                   0         -nan%               26       92.857%
MEM_BLOCK_LENGTH_100                                 0         -nan%                1        3.571%
MEM_BLOCK_LENGTH_200                                 0         -nan%                1        3.571%
MEM_BLOCK_LENGTH_300                                 0         -nan%                0        0.000%
MEM_BLOCK_LENGTH_400                                 0         -nan%                0        0.000%
MEM_BLOCK_LENGTH_500                                 0         -nan%                0        0.000%
MEM_BLOCK_LENGTH_600                                 0         -nan%                0        0.000%
MEM_BLOCK_LENGTH_700                                 0         -nan%                0        0.000%
MEM_BLOCK_LENGTH_800                                 0         -nan%                0        0.000%
MEM_BLOCK_LENGTH_900                                 0         -nan%                0        0.000%
MEM_BLOCK_LENGTH_1000                                0         -nan%                0        0.000%
MEM_BLOCK_LENGTH_1100                                0         -nan%                0        0.000%
MEM_BLOCK_LENGTH_1200                                0         -nan%                0        0.000%
MEM_BLOCK_LENGTH_1300                                0         -nan%                0        0.000%
MEM_BLOCK_LENGTH_1400                                0         -nan%                0        0.000%
MEM_BLOCK_LENGTH_1500                                0         -nan%                0        0.000%
MEM_BLOCK_LENGTH_1600                                0         -nan%                0        0.000%
MEM_BLOCK_LENGTH_1700                                0         -nan%                0        0.000%
MEM_BLOCK_LENGTH_1800                                0         -nan%                0        0.000%
MEM_BLOCK_LENGTH_1900                                0         -nan%                0        0.000%
MEM_BLOCK_LENGTH_2000                                0         -nan%                0        0.000%
MEM_BLOCK_LENGTH_2100                                0         -nan%                0        0.000%
MEM_BLOCK_LENGTH_2200                                0         -nan%                0        0.000%
MEM_BLOCK_LENGTH_2300                                0         -nan%                0        0.000%
MEM_BLOCK_LENGTH_2400                                0         -nan%                0        0.000%
MEM_BLOCK_LENGTH_2500                                0         -nan%                0        0.000%
MEM_BLOCK_LENGTH_2600                                0         -nan%                0        0.000%
MEM_BLOCK_LENGTH_2700                                0         -nan%                0        0.000%
MEM_BLOCK_LENGTH_2800                                0         -nan%                0        0.000%
MEM_BLOCK_LENGTH_2900                                0         -nan%                0        0.000%
MEM_BLOCK_LENGTH_3000                                0         -nan%                0        0.000%
MEM_BLOCK_LENGTH_3100                                0         -nan%                0        0.000%
MEM_BLOCK_LENGTH_3200                                0         -nan%                0        0.000%
MEM_BLOCK_LENGTH_3300                                0         -nan%                0        0.000%
MEM_BLOCK_LENGTH_3400                                0         -nan%                0        0.000%
MEM_BLOCK_LENGTH_3500                                0         -nan%                0        0.000%
MEM_BLOCK_LENGTH_3600                                0         -nan%                0        0.000%
MEM_BLOCK_LENGTH_3700                                0         -nan%                0        0.000%
MEM_BLOCK_LENGTH_3800                                0         -nan%                0        0.000%
MEM_BLOCK_LENGTH_3900                                0         -nan%                0        0.000%
MEM_BLOCK_LENGTH_4000                                0         -nan%                0        0.000%
MEM_BLOCK_LENGTH_4100                                0         -nan%                0        0.000%
MEM_BLOCK_LENGTH_4200                                0         -nan%                0        0.000%
MEM_BLOCK_LENGTH_4300                                0         -nan%                0        0.000%
MEM_BLOCK_LENGTH_4400                                0         -nan%                0        0.000%
MEM_BLOCK_LENGTH_4500                                0         -nan%                0        0.000%
MEM_BLOCK_LENGTH_4600                                0         -nan%                0        0.000%
MEM_BLOCK_LENGTH_4700                                0         -nan%                0        0.000%
MEM_BLOCK_LENGTH_4800                                0         -nan%                0        0.000%
MEM_BLOCK_LENGTH_4900                                0         -nan%                0        0.000%
MEM_BLOCK_LENGTH_5000                                0         -nan%                0        0.000%
                                                     0         -nan%               28      100.000%
                                                  -nan         -nan              0.11         0.40

FUS_BUSY_ON_PATH                              13754160        3.6595         27506869        3.4843

FUS_BUSY_OFF_PATH                              1184585        0.3152          3104435        0.3932

FU_BUSY_MEM_STALL                               312957        0.0833           641706        0.0813

FUS_EMPTY                                     15129439        4.0254         32545456        4.1225

FU_UNAVAILABLE                                  527990        0.1405          1055078        0.1336

FU_MEM_UNAVAILABLE                              252444        0.0672           517968        0.0656

FU_OTHER_UNAVAILABLE                                 0        0.0000                0        0.0000

FU_REPLAY                                            0        0.0000                0        0.0000

FU_STARVED                                    15077327        4.0115         32410717        4.1054

CHIP_UTILIZATION                                     0        0.0000                0        0.0000

CYCLES_UNDER_MEM_REQ                                 0                              0              

CYCLES_UNDER_NO_MEM_REQ                              0                              0              

CYCLES_UNDER_CRITICAL_MEM_REQ                        0                              0              

CYCLES_UNDER_NONCRITICAL_MEM_REQ                     0                              0              

CHIP_UTILIZATION_UNDER_MEM_REQ                       0          -nan                0          -nan

CHIP_UTILIZATION_UNDER_NO_MEM_REQ                    0          -nan                0          -nan

CHIP_UTILIZATION_UNDER_CRITICAL_MEM_REQ              0          -nan                0          -nan

CHIP_UTILIZATION_UNDER_NONCRITICAL_MEM_REQ             0          -nan                0          -nan

CYCLES_NOT_WAITING_FOR_OFF_CHIP                      0        0.0000                0        0.0000

FUS_BUSY_NOT_WAITING_FOR_OFF_CHIP                    0          -nan                0          -nan

CYCLES_WAITING_FOR_OFF_CHIP                          0        0.0000                0        0.0000

FUS_BUSY_WAITING_FOR_OFF_CHIP                        0          -nan                0          -nan

TOTAL_OFF_CHIP_DELAYS_LEFT                           0                              0              

WRONG_IO_SCHED                                       0                              0              

DVFS_CONFIG_SWITCH                                   0                              0              

MAP_STAGE_RECEIVED_OPS_0                             0        0.000%                0        0.000%
MAP_STAGE_RECEIVED_OPS_1                         29749        1.280%            64064        1.372%
MAP_STAGE_RECEIVED_OPS_2                         44691        1.923%            98286        2.104%
MAP_STAGE_RECEIVED_OPS_3                         72883        3.136%           156044        3.341%
MAP_STAGE_RECEIVED_OPS_4                         88266        3.798%           188644        4.039%
MAP_STAGE_RECEIVED_OPS_5                        313440       13.486%           655545       14.036%
MAP_STAGE_RECEIVED_OPS_6                       1775141       76.377%          3507931       75.108%
MAP_STAGE_RECEIVED_OPS_7                             0        0.000%                0        0.000%
MAP_STAGE_RECEIVED_OPS_8                             0        0.000%                0        0.000%
MAP_STAGE_RECEIVED_OPS_MAX                           0        0.000%                0        0.000%
                                               2324170      100.000%          4670514      100.000%
                                                  5.55         1.00              5.53         1.03

MAP_STAGE_WAIT_FOR_DECODE                            0         -nan%                0         -nan%
MAP_STAGE_CONSUME_DECODE                             0         -nan%                0         -nan%
                                                     0         -nan%                0         -nan%
                                                  -nan         -nan              -nan         -nan

MAP_STAGE_WAIT_FOR_DECODE2                           0         -nan%                0         -nan%
MAP_STAGE_CONSUME_DECODE2                            0         -nan%                0         -nan%
                                                     0         -nan%                0         -nan%
                                                  -nan         -nan              -nan         -nan

FTQ_RECOVER_EXEC                                 12237                          31669              

FTQ_RECOVER_DECODE                                   3                            249              

FTQ_OFFPATH_CYCLES                             1734308                        3911995              

FTQ_CYCLES_OFFPATH                             1734308                        3911995              

FTQ_CYCLES_ONPATH                              2024215                        3982600              

FTQ_FETCHED_INS_ONPATH                        12930269                       25864364              

FTQ_FETCHED_INS_OFFPATH                        9569424                       21932626              

FTQ_BREAK_FULL_FT_ONPATH                       1000859                        1884410              

FTQ_BREAK_FULL_FT_OFFPATH                       891542                        1894028              

FTQ_BREAK_PRED_BR_ONPATH                             0                              0              

FTQ_BREAK_PRED_BR_OFFPATH                            0                              0              

FTQ_BREAK_BAR_FETCH_ONPATH                           0                              0              

FTQ_BREAK_BAR_FETCH_OFFPATH                          0                              0              

FTQ_BREAK_MAX_CFS_TAKEN_ONPATH                       0                              0              

FTQ_BREAK_MAX_CFS_TAKEN_OFFPATH                      0                              0              

FTQ_BREAK_MAX_FT_ONPATH                        1023205                        2098039              

FTQ_BREAK_MAX_FT_OFFPATH                        842766                        2017967              

DFE_GEN_ON_PATH_FT                             1693418                        3395344              

DFE_GEN_OFF_PATH_FT                            1164486                        2678213              

DFE_L0_ENABLED_PREDICTIONS                    12930269                       25864364              

DFE_L0_WRONG_MAIN_CORRECT                       142556                         281440              

DFE_L0_WRONG_MAIN_WRONG                           9699                          24126              

DFE_L0_CORRECT_MAIN_WRONG                         2525                           7701              

DFE_L0_CORRECT_MAIN_CORRECT                   12775489                       25551097              

DFE_L0_WRONG_MAIN_CORRECT_RECOVERY_SCHEDULED             0                              0              

FTQ_SAW_BAR_FETCH_OFFPATH                            0                              0              

FTQ_SAW_BAR_FETCH_ONPATH                             0                              0              

DFE_CONF_0_MISPRED                                   0         -nan%                0         -nan%
DFE_CONF_1_MISPRED                                   0         -nan%                0         -nan%
DFE_CONF_2_MISPRED                                   0         -nan%                0         -nan%
DFE_CONF_3_MISPRED                                   0         -nan%                0         -nan%
DFE_CONF_0_CORRECT                                   0         -nan%                0         -nan%
DFE_CONF_1_CORRECT                                   0         -nan%                0         -nan%
DFE_CONF_2_CORRECT                                   0         -nan%                0         -nan%
DFE_CONF_3_CORRECT                                   0         -nan%                0         -nan%
                                                     0         -nan%                0         -nan%
                                                  -nan         -nan              -nan         -nan

DFE_ON_CONF_ON_OPS                                   0         -nan%                0         -nan%
DFE_ON_CONF_OFF_OPS                                  0         -nan%                0         -nan%
DFE_OFF_CONF_ON_OPS                                  0         -nan%                0         -nan%
DFE_OFF_CONF_OFF_REALISTIC_OPS                       0         -nan%                0         -nan%
DFE_OFF_CONF_OFF_PERFECT_OPS                         0         -nan%                0         -nan%
                                                     0         -nan%                0         -nan%
                                                  -nan         -nan              -nan         -nan

DFE_ON_CONF_ON_FETCH_TARGETS                         0         -nan%                0         -nan%
DFE_ON_CONF_OFF_FETCH_TARGETS                        0         -nan%                0         -nan%
DFE_OFF_CONF_ON_FETCH_TARGETS                        0         -nan%                0         -nan%
DFE_OFF_CONF_OFF_REALISTIC_FETCH_TARGETS             0         -nan%                0         -nan%
DFE_OFF_CONF_OFF_PERFECT_FETCH_TARGETS               0         -nan%                0         -nan%
                                                     0         -nan%                0         -nan%
                                                  -nan         -nan              -nan         -nan

DFE_ON_CONF_ON_CYCLES                                0         -nan%                0         -nan%
DFE_ON_CONF_OFF_CYCLES                               0         -nan%                0         -nan%
DFE_OFF_CONF_ON_CYCLES                               0         -nan%                0         -nan%
DFE_OFF_CONF_OFF_REALISTIC_CYCLES                    0         -nan%                0         -nan%
DFE_OFF_CONF_OFF_PERFECT_CYCLES                      0         -nan%                0         -nan%
                                                     0         -nan%                0         -nan%
                                                  -nan         -nan              -nan         -nan

DFE_OFF_CONF_ON_NUM_EVENTS                           0                              0              

DFE_OFF_CONF_ON_NOT_IDENTIFIED_EVENTS                0         -nan%                0         -nan%
DFE_OFF_CONF_ON_IBTB_MISS_EVENTS                     0         -nan%                0         -nan%
DFE_OFF_CONF_ON_BTB_MISS_EVENTS                      0         -nan%                0         -nan%
DFE_OFF_CONF_ON_BTB_MISS_MISPRED_EVENTS              0         -nan%                0         -nan%
DFE_OFF_CONF_ON_MISPRED_EVENTS                       0         -nan%                0         -nan%
DFE_OFF_CONF_ON_MISFETCH_EVENTS                      0         -nan%                0         -nan%
                                                     0         -nan%                0         -nan%
                                                  -nan         -nan              -nan         -nan

DFE_OFF_CONF_ON_NOT_IDENTIFIED_CYCLES                0         -nan%                0         -nan%
DFE_OFF_CONF_ON_IBTB_MISS_CYCLES                     0         -nan%                0         -nan%
DFE_OFF_CONF_ON_BTB_MISS_CYCLES                      0         -nan%                0         -nan%
DFE_OFF_CONF_ON_BTB_MISS_MISPRED_CYCLES              0         -nan%                0         -nan%
DFE_OFF_CONF_ON_MISPRED_CYCLES                       0         -nan%                0         -nan%
DFE_OFF_CONF_ON_MISFETCH_CYCLES                      0         -nan%                0         -nan%
                                                     0         -nan%                0         -nan%
                                                  -nan         -nan              -nan         -nan

DFE_OFF_CONF_ON_NOT_IDENTIFIED_FETCH_TARGETS             0         -nan%                0         -nan%
DFE_OFF_CONF_ON_IBTB_MISS_FETCH_TARGETS              0         -nan%                0         -nan%
DFE_OFF_CONF_ON_BTB_MISS_FETCH_TARGETS               0         -nan%                0         -nan%
DFE_OFF_CONF_ON_BTB_MISS_MISPRED_FETCH_TARGETS             0         -nan%                0         -nan%
DFE_OFF_CONF_ON_MISPRED_FETCH_TARGETS                0         -nan%                0         -nan%
DFE_OFF_CONF_ON_MISFETCH_FETCH_TARGETS               0         -nan%                0         -nan%
                                                     0         -nan%                0         -nan%
                                                  -nan         -nan              -nan         -nan

DFE_OFF_CONF_ON_BP_INCORRECT_0_CONF                  0         -nan%                0         -nan%
DFE_OFF_CONF_ON_BP_INCORRECT_1_CONF                  0         -nan%                0         -nan%
DFE_OFF_CONF_ON_BP_INCORRECT_2_CONF                  0         -nan%                0         -nan%
DFE_OFF_CONF_ON_BP_INCORRECT_3_CONF                  0         -nan%                0         -nan%
                                                     0         -nan%                0         -nan%
                                                  -nan         -nan              -nan         -nan

DFE_OFF_CONF_ON_BTB_MISS_CBR_0_CONF                  0         -nan%                0         -nan%
DFE_OFF_CONF_ON_BTB_MISS_CBR_1_CONF                  0         -nan%                0         -nan%
DFE_OFF_CONF_ON_BTB_MISS_CBR_2_CONF                  0         -nan%                0         -nan%
DFE_OFF_CONF_ON_BTB_MISS_CBR_3_CONF                  0         -nan%                0         -nan%
                                                     0         -nan%                0         -nan%
                                                  -nan         -nan              -nan         -nan

DFE_OFF_CONF_ON_BTB_MISS_NOT_CF                      0         -nan%                0         -nan%
DFE_OFF_CONF_ON_BTB_MISS_CF_BR                       0         -nan%                0         -nan%
DFE_OFF_CONF_ON_BTB_MISS_CF_CBR                      0         -nan%                0         -nan%
DFE_OFF_CONF_ON_BTB_MISS_CF_CALL                     0         -nan%                0         -nan%
DFE_OFF_CONF_ON_BTB_MISS_CF_IBR                      0         -nan%                0         -nan%
DFE_OFF_CONF_ON_BTB_MISS_CF_ICALL                    0         -nan%                0         -nan%
DFE_OFF_CONF_ON_BTB_MISS_CF_ICO                      0         -nan%                0         -nan%
DFE_OFF_CONF_ON_BTB_MISS_CF_RET                      0         -nan%                0         -nan%
DFE_OFF_CONF_ON_BTB_MISS_CF_SYS                      0         -nan%                0         -nan%
                                                     0         -nan%                0         -nan%
                                                  -nan         -nan              -nan         -nan

DFE_ON_CONF_OFF_NUM_EVENTS                           0                              0              

CONF_BTB_NUM_CYCLES_OFF_PATH_EVENT                   0                              0              

DFE_ON_CONF_OFF_IBTB_MISS_BP_TAKEN                   0         -nan%                0         -nan%
DFE_ON_CONF_OFF_BTB_MISS_BP_TAKEN_CONF_0             0         -nan%                0         -nan%
DFE_ON_CONF_OFF_BTB_MISS_BP_TAKEN_CONF_1             0         -nan%                0         -nan%
DFE_ON_CONF_OFF_BTB_MISS_BP_TAKEN_CONF_2             0         -nan%                0         -nan%
DFE_ON_CONF_OFF_BTB_MISS_BP_TAKEN_CONF_3             0         -nan%                0         -nan%
DFE_ON_CONF_OFF_BTB_MISS_RATE                        0         -nan%                0         -nan%
DFE_ON_CONF_OFF_IBTB_MISS_RATE                       0         -nan%                0         -nan%
DFE_ON_CONF_OFF_MISFETCH_RATE                        0         -nan%                0         -nan%
DFE_ON_CONF_OFF_MISPRED_RATE                         0         -nan%                0         -nan%
DFE_ON_CONF_OFF_INV_CONF_INC                         0         -nan%                0         -nan%
DFE_ON_CONF_OFF_PERFECT_CONF                         0         -nan%                0         -nan%
                                                     0         -nan%                0         -nan%
                                                  -nan         -nan              -nan         -nan

DFE_ON_CONF_OFF_IBTB_MISS_BP_TAKEN_CYCLES             0         -nan%                0         -nan%
DFE_ON_CONF_OFF_BTB_MISS_BP_TAKEN_CONF_0_CYCLES             0         -nan%                0         -nan%
DFE_ON_CONF_OFF_BTB_MISS_BP_TAKEN_CONF_1_CYCLES             0         -nan%                0         -nan%
DFE_ON_CONF_OFF_BTB_MISS_BP_TAKEN_CONF_2_CYCLES             0         -nan%                0         -nan%
DFE_ON_CONF_OFF_BTB_MISS_BP_TAKEN_CONF_3_CYCLES             0         -nan%                0         -nan%
DFE_ON_CONF_OFF_BTB_MISS_RATE_CYCLES                 0         -nan%                0         -nan%
DFE_ON_CONF_OFF_IBTB_MISS_RATE_CYCLES                0         -nan%                0         -nan%
DFE_ON_CONF_OFF_MISFETCH_RATE_CYCLES                 0         -nan%                0         -nan%
DFE_ON_CONF_OFF_MISPRED_RATE_CYCLES                  0         -nan%                0         -nan%
DFE_ON_CONF_OFF_INV_CONF_INC_CYCLES                  0         -nan%                0         -nan%
DFE_ON_CONF_OFF_PERFECT_CONF_CYCLES                  0         -nan%                0         -nan%
                                                     0         -nan%                0         -nan%
                                                  -nan         -nan              -nan         -nan

DFE_ON_CONF_OFF_IBTB_MISS_BP_TAKEN_FETCH_TARGETS             0         -nan%                0         -nan%
DFE_ON_CONF_OFF_BTB_MISS_BP_TAKEN_CONF_0_FETCH_TARGETS             0         -nan%                0         -nan%
DFE_ON_CONF_OFF_BTB_MISS_BP_TAKEN_CONF_1_FETCH_TARGETS             0         -nan%                0         -nan%
DFE_ON_CONF_OFF_BTB_MISS_BP_TAKEN_CONF_2_FETCH_TARGETS             0         -nan%                0         -nan%
DFE_ON_CONF_OFF_BTB_MISS_BP_TAKEN_CONF_3_FETCH_TARGETS             0         -nan%                0         -nan%
DFE_ON_CONF_OFF_BTB_MISS_RATE_FETCH_TARGETS             0         -nan%                0         -nan%
DFE_ON_CONF_OFF_IBTB_MISS_RATE_FETCH_TARGETS             0         -nan%                0         -nan%
DFE_ON_CONF_OFF_MISFETCH_RATE_FETCH_TARGETS             0         -nan%                0         -nan%
DFE_ON_CONF_OFF_MISPRED_RATE_FETCH_TARGETS             0         -nan%                0         -nan%
DFE_ON_CONF_OFF_INV_CONF_INC_FETCH_TARGETS             0         -nan%                0         -nan%
DFE_ON_CONF_OFF_PERFECT_CONF_FETCH_TARGETS             0         -nan%                0         -nan%
                                                     0         -nan%                0         -nan%
                                                  -nan         -nan              -nan         -nan

CONF_OFF_IBTB_MISS_BP_TAKEN                          0         -nan%                0         -nan%
CONF_OFF_BTB_MISS_BP_TAKEN_CONF_0                    0         -nan%                0         -nan%
CONF_OFF_BTB_MISS_BP_TAKEN_CONF_1                    0         -nan%                0         -nan%
CONF_OFF_BTB_MISS_BP_TAKEN_CONF_2                    0         -nan%                0         -nan%
CONF_OFF_BTB_MISS_BP_TAKEN_CONF_3                    0         -nan%                0         -nan%
CONF_OFF_BTB_MISS_RATE                               0         -nan%                0         -nan%
CONF_OFF_IBTB_MISS_RATE                              0         -nan%                0         -nan%
CONF_OFF_MISFETCH_RATE                               0         -nan%                0         -nan%
CONF_OFF_MISPRED_RATE                                0         -nan%                0         -nan%
CONF_OFF_INV_CONF_INC                                0         -nan%                0         -nan%
CONF_OFF_PERFECT_CONF                                0         -nan%                0         -nan%
                                                     0         -nan%                0         -nan%
                                                  -nan         -nan              -nan         -nan

TOPDOWN_TOTAL_SLOTS                           22551138                       47367570              

TOPDOWN_ISSUED_SLOTS                          15640537                       32660796              

TOPDOWN_RETIRED_SLOTS                         12930772                       25864364              

TOPDOWN_FETCH_BUBBLES_SLOTS                    1866586                        4513861              

TOPDOWN_RECOVERY_BUBBLES_SLOTS                  364675                         871183              

TOPDOWN_MEM_LOAD_STALLS_CYCLES                  733548                        1467886              

TOPDOWN_MEM_STORE_STALLS_CYCLES                      0                              0              

TOPDOWN_EXEC_STALLS_CYCLES                      214171                         517889              

TOPDOWN_BACKEND_STALLS_CYCLES                   733548                        1467926              

TOPDOWN_FETCH_BUBBLES_GT_MIW_CYCLES             122845                         325695              

TOPDOWN_BR_MISPRED_RETIRED_CYCLES                12237                          31669              

TOPDOWN_MACHINE_CLEAR_CYCLES                    154796                         313358              

TOPDOWN_FRONTEND_BOUND                             827                            827              

TOPDOWN_BACKEND_BOUND                             2077                           2077              

TOPDOWN_BAD_SPEC_BOUND                            1363                           1363              

TOPDOWN_RETIRING_BOUND                            5733                           5733              

TOPDOWN_FETCH_LATENCY_BOUND                        326                            326              

TOPDOWN_FETCH_BANDWIDTH_BOUND                      501                            501              

TOPDOWN_MEM_BOUND                                 2077                           2077              

TOPDOWN_CORE_BOUND                                   0                              0              

TOPDOWN_BR_MISPREDICTS_BOUND                        99                             99              

TOPDOWN_MACHINE_CLEARS_BOUND                      1264                           1264              



