/* -*- Mode: c -*- */
####################################################################################################
Core 0
####################################################################################################
Cumulative:        Cycles: 19555021              Instructions: 19999999              IPC: 1.02276

Periodic:          Cycles: 9808018               Instructions: 9999997               IPC: 1.01957

ST_OP_INV                                            0        0.000%                0        0.000%
ST_OP_NOP                                         1716        0.014%             3309        0.014%
ST_OP_CF                                        372330        3.111%           725659        3.025%
ST_OP_MOV                                      1069601        8.936%          2219255        9.252%
ST_OP_CMOV                                           0        0.000%                0        0.000%
ST_OP_LDA                                       113307        0.947%           203016        0.846%
ST_OP_ILD                                      1766861       14.762%          3553357       14.814%
ST_OP_IST                                         7803        0.065%            15478        0.065%
ST_OP_IADD                                      144270        1.205%           261903        1.092%
ST_OP_IMUL                                          49        0.000%               95        0.000%
ST_OP_IDIV                                           0        0.000%                0        0.000%
ST_OP_ICMP                                      371551        3.104%           724230        3.019%
ST_OP_LOGIC                                       1464        0.012%             2856        0.012%
ST_OP_SHIFT                                         18        0.000%               36        0.000%
ST_OP_FLD                                      3339673       27.903%          6642091       27.690%
ST_OP_FST                                       530530        4.433%          1008867        4.206%
ST_OP_FCVT                                           0        0.000%                0        0.000%
ST_OP_FADD                                     1169628        9.772%          2274972        9.484%
ST_OP_FMUL                                     1319366       11.023%          2597186       10.827%
ST_OP_FMA                                      1060452        8.860%          2294006        9.564%
ST_OP_FDIV                                       68112        0.569%           119196        0.497%
ST_OP_FCMP                                      632307        5.283%          1341573        5.593%
ST_OP_FCMOV                                          0        0.000%                0        0.000%
ST_OP_GATHER                                         0        0.000%                0        0.000%
ST_OP_SCATTER                                        0        0.000%                0        0.000%
ST_OP_PIPELINED_FAST                                 0        0.000%                0        0.000%
ST_OP_PIPELINED_MEDIUM                               0        0.000%                0        0.000%
ST_OP_PIPELINED_SLOW                                 0        0.000%                0        0.000%
ST_OP_NOTPIPELINED_MEDIUM                            0        0.000%                0        0.000%
ST_OP_NOTPIPELINED_SLOW                              0        0.000%                0        0.000%
ST_OP_NOTPIPELINED_VERY_SLOW                         0        0.000%                0        0.000%
                                              11969038      100.000%         23987085      100.000%
                                                 12.83         5.71             12.85         5.75

ST_NOT_CF                                     11596708       96.889%         23261426       96.975%
ST_CF_BR                                           775        0.006%             1422        0.006%
ST_CF_CBR                                       371555        3.104%           724237        3.019%
ST_CF_REP                                            0        0.000%                0        0.000%
ST_CF_CALL                                           0        0.000%                0        0.000%
ST_CF_IBR                                            0        0.000%                0        0.000%
ST_CF_ICALL                                          0        0.000%                0        0.000%
ST_CF_ICO                                            0        0.000%                0        0.000%
ST_CF_RET                                            0        0.000%                0        0.000%
ST_CF_SYS                                            0        0.000%                0        0.000%
                                              11969038      100.000%         23987085      100.000%
                                                  0.06         0.34              0.06         0.34

REP_FIRST                                            0                              0              

ST_BAR_NONE                                   11969038      100.000%         23987085      100.000%
ST_BAR_FETCH                                         0        0.000%                0        0.000%
ST_BAR_ISSUE                                         0        0.000%                0        0.000%
ST_BAR_BOTH                                          0        0.000%                0        0.000%
                                              11969038      100.000%         23987085      100.000%
                                                  0.00         0.00              0.00         0.00

ST_NOT_MEM                                     6324171       52.838%         12767292       53.226%
ST_MEM_LD                                      5106534       42.665%         10195448       42.504%
ST_MEM_ST                                       538333        4.498%          1024345        4.270%
ST_MEM_PF                                            0        0.000%                0        0.000%
ST_MEM_WH                                            0        0.000%                0        0.000%
ST_MEM_EVICT                                         0        0.000%                0        0.000%
                                              11969038      100.000%         23987085      100.000%
                                                  0.52         0.45              0.51         0.44

ST_NOT_MEM_OFFPATH                                8328       48.295%            46102       57.058%
ST_MEM_LD_OFFPATH                                 8211       47.617%            31419       38.886%
ST_MEM_ST_OFFPATH                                  705        4.088%             3277        4.056%
ST_MEM_PF_OFFPATH                                    0        0.000%                0        0.000%
ST_MEM_WH_OFFPATH                                    0        0.000%                0        0.000%
ST_MEM_EVIC_OFFPATHT                                 0        0.000%                0        0.000%
                                                 17244      100.000%            80798      100.000%
                                                  0.56         0.42              0.47         0.45

ST_OP_ONPATH                                  11969038                       23987085              

ST_OP_OFFPATH                                    17244                          80798              

ST_FAKE_OP_OFFPATH                                   0        0.000%            10950       13.552%
ST_NOT_FAKE_OP_OFFPATH                           17244      100.000%            69848       86.448%
                                                 17244      100.000%            80798      100.000%
                                                  1.00         1.00              0.86         0.81

ST_FAKE_REASON_NOT_FAKE                          17244      100.000%            69848       86.448%
ST_FAKE_REASON_REDIRECT_TO_NOT_INSTRUMENTED             0        0.000%            10950       13.552%
ST_FAKE_REASON_RETURN_TO_NOT_INSTRUMENTED             0        0.000%                0        0.000%
ST_FAKE_REASON_NONRET_CF_TO_NOT_INSTRUMENTED             0        0.000%                0        0.000%
ST_FAKE_REASON_NOT_TAKEN_TO_NOT_INSTRUMENTED             0        0.000%                0        0.000%
ST_FAKE_REASON_WRONG_PATH_STORE_TO_NEW_REGION             0        0.000%                0        0.000%
                                                 17244      100.000%            80798      100.000%
                                                  0.00         0.00              0.14         0.32

ST_INST_ONPATH                                 9999226                       19999999              

ST_INST_OFFPATH                                  14976                          70370              

STATIC_PIN_NOP                                       0                              0              

DYNAMIC_PIN_REP_GREATER_256                          0                              0              

INST_MAP_UPDATE_JITTED                               0        0.000%                0        0.000%
INST_MAP_UPDATE_ENCODING                           721        0.019%              788        0.010%
INST_MAP_UPDATE_NPC_INV                              0        0.000%                0        0.000%
INST_MAP_UPDATE_NPC_NOP                              0        0.000%                0        0.000%
INST_MAP_UPDATE_NPC_CF                               0        0.000%                0        0.000%
INST_MAP_UPDATE_NPC_MOV                              0        0.000%                0        0.000%
INST_MAP_UPDATE_NPC_CMOV                             0        0.000%                0        0.000%
INST_MAP_UPDATE_NPC_LDA                              0        0.000%                0        0.000%
INST_MAP_UPDATE_NPC_IMEM                             0        0.000%                0        0.000%
INST_MAP_UPDATE_NPC_IADD                             0        0.000%                0        0.000%
INST_MAP_UPDATE_NPC_IMUL                          3418        0.090%             6592        0.087%
INST_MAP_UPDATE_NPC_IDIV                             0        0.000%                0        0.000%
INST_MAP_UPDATE_NPC_ICMP                             0        0.000%                0        0.000%
INST_MAP_UPDATE_NPC_LOGIC                            0        0.000%                0        0.000%
INST_MAP_UPDATE_NPC_SHIFT                            0        0.000%                0        0.000%
INST_MAP_UPDATE_NPC_FMEM                             0        0.000%                0        0.000%
INST_MAP_UPDATE_NPC_FCVT                             0        0.000%                0        0.000%
INST_MAP_UPDATE_NPC_FADD                             0        0.000%                0        0.000%
INST_MAP_UPDATE_NPC_FMUL                             0        0.000%                0        0.000%
INST_MAP_UPDATE_NPC_FMA                              0        0.000%                0        0.000%
INST_MAP_UPDATE_NPC_FDIV                             0        0.000%                0        0.000%
INST_MAP_UPDATE_NPC_FCMP                             0        0.000%                0        0.000%
INST_MAP_UPDATE_NPC_FCMOV                            0        0.000%                0        0.000%
INST_MAP_UPDATE_NPC_GATHER                           0        0.000%                0        0.000%
INST_MAP_UPDATE_NPC_SCATTER                          0        0.000%                0        0.000%
INST_MAP_UPDATE_NPC_PIPELINED_FAST                   0        0.000%                0        0.000%
INST_MAP_UPDATE_NPC_PIPELINED_MEDIUM                 0        0.000%                0        0.000%
INST_MAP_UPDATE_NPC_PIPELINED_SLOW                   0        0.000%                0        0.000%
INST_MAP_UPDATE_NPC_NOTPIPELINED_MEDIUM              0        0.000%                0        0.000%
INST_MAP_UPDATE_NPC_NOTPIPELINED_SLOW                0        0.000%                0        0.000%
INST_MAP_UPDATE_NPC_NOTPIPELINED_VERY_SLOW             0        0.000%                0        0.000%
INST_MAP_UPDATE_MEM_INV                              0        0.000%                0        0.000%
INST_MAP_UPDATE_MEM_NOP                              0        0.000%                0        0.000%
INST_MAP_UPDATE_MEM_CF                               0        0.000%                0        0.000%
INST_MAP_UPDATE_MEM_MOV                        1991043       52.279%          3852152       51.085%
INST_MAP_UPDATE_MEM_CMOV                             0        0.000%                0        0.000%
INST_MAP_UPDATE_MEM_LDA                              0        0.000%                0        0.000%
INST_MAP_UPDATE_MEM_IMEM                             0        0.000%                0        0.000%
INST_MAP_UPDATE_MEM_IADD                             0        0.000%                0        0.000%
INST_MAP_UPDATE_MEM_IMUL                             0        0.000%                0        0.000%
INST_MAP_UPDATE_MEM_IDIV                             0        0.000%                0        0.000%
INST_MAP_UPDATE_MEM_ICMP                             0        0.000%                0        0.000%
INST_MAP_UPDATE_MEM_LOGIC                            0        0.000%                0        0.000%
INST_MAP_UPDATE_MEM_SHIFT                            0        0.000%                0        0.000%
INST_MAP_UPDATE_MEM_FMEM                             0        0.000%                0        0.000%
INST_MAP_UPDATE_MEM_FCVT                             0        0.000%                0        0.000%
INST_MAP_UPDATE_MEM_FADD                             0        0.000%                0        0.000%
INST_MAP_UPDATE_MEM_FMUL                             0        0.000%                0        0.000%
INST_MAP_UPDATE_MEM_FMA                         963047       25.287%          1873514       24.846%
INST_MAP_UPDATE_MEM_FDIV                        252025        6.617%           541116        7.176%
INST_MAP_UPDATE_MEM_FCMP                        283378        7.441%           612277        8.120%
INST_MAP_UPDATE_MEM_FCMOV                            0        0.000%                0        0.000%
INST_MAP_UPDATE_MEM_GATHER                      216564        5.686%           478704        6.348%
INST_MAP_UPDATE_MEM_SCATTER                          0        0.000%                0        0.000%
INST_MAP_UPDATE_MEM_PIPELINED_FAST                   0        0.000%                0        0.000%
INST_MAP_UPDATE_MEM_PIPELINED_MEDIUM                 0        0.000%                0        0.000%
INST_MAP_UPDATE_MEM_PIPELINED_SLOW               98301        2.581%           175482        2.327%
INST_MAP_UPDATE_MEM_NOTPIPELINED_MEDIUM              0        0.000%                0        0.000%
INST_MAP_UPDATE_MEM_NOTPIPELINED_SLOW                0        0.000%                0        0.000%
INST_MAP_UPDATE_MEM_NOTPIPELINED_VERY_SLOW             0        0.000%                0        0.000%
                                               3808497      100.000%          7540625      100.000%
                                                 41.29         7.88             41.48         7.88



