/* -*- Mode: c -*- */
####################################################################################################
Core 0
####################################################################################################
Cumulative:        Cycles: 28773834              Instructions: 19999999              IPC: 0.69508

Periodic:          Cycles: 14197499              Instructions: 9999997               IPC: 0.70435

EXECUTION_TIME                           4436718437500                  8991823125000              

SIM_HOST_WALL_SECONDS                       180.346503                     180.346503              

NODE_CYCLE                                    14197499                       28773834              

NODE_INST_COUNT                                9999997                       19999999              

NODE_INST_COUNT_FETCHED                        9999997                       19999999              

NODE_UOP_COUNT                                12290819                       24591564              

EXEC_STAGE_NO_ISSUE_STALL_CYCLE                8291679                       16564796              

EXEC_STAGE_NO_ISSUE_STALL_CYCLE_ONPATH         3041917                        6087483              

FULL_WINDOW_STALL                                    0        0.000%             3028        0.011%

FULL_WINDOW_MEM_OP                                   0         -nan%             2976       99.933%
FULL_WINDOW_FP_OP                                    0         -nan%                0        0.000%
FULL_WINDOW_OTHER_OP                                 0         -nan%                2        0.067%
                                                     0         -nan%             2978      100.000%
                                                  -nan         -nan              0.00         0.05

RET_BLOCKED_DC_MISS                            4906624       34.560%         10194320       35.429%

RET_BLOCKED_L1_MISS                            1485693       10.464%          3473935       12.073%

RET_BLOCKED_L1_MISS_BW_PREF                       1391        0.010%             7149        0.025%

RET_BLOCKED_L1_ACCESS                          3421036       24.096%          6720706       23.357%

RET_BLOCKED_MEM_STALL                          1485693       10.464%          3473935       12.073%

RET_BLOCKED_OFFCHIP_DEMAND                           0        0.000%                0        0.000%

OP_ISSUED                                     28264182                       56497615              

OP_RETIRED                                    12290819                       24591564              

OP_MACRO_FUSION_ONPATH                         1406880                        2808270              

OP_MACRO_FUSION_OFFPATH                        2806479                        5598434              

REPLAY_SIGNALED                                      0                              0              

REPLAY_COUNTED                                       0                              0              

OFF_CRITICAL_PATH                                    0         -nan%                0         -nan%
ON_CRITICAL_PATH                                     0         -nan%                0         -nan%
                                                     0         -nan%                0         -nan%
                                                  -nan         -nan              -nan         -nan

LD_NO_DEPENDENTS                                 20733        0.640%            41123        0.635%
LD_DEPENDENTS                                  3220092       99.360%          6433846       99.365%
                                               3240825      100.000%          6474969      100.000%
                                                  0.99         0.99              0.99         0.99

LD_EXEC_CYCLES_0                                     0        0.000%                0        0.000%
LD_EXEC_CYCLES_1                                     0        0.000%                0        0.000%
LD_EXEC_CYCLES_2                                     0        0.000%                0        0.000%
LD_EXEC_CYCLES_3                                   461       37.510%              964       38.452%
LD_EXEC_CYCLES_4                                   768       62.490%             1543       61.548%
                                                  1229      100.000%             2507      100.000%
                                                  3.62         2.91              3.62         2.88

ICACHE_STAGE_STARVED                            390259       12.989%           784071       12.998%
ICACHE_STAGE_NOT_STARVED                       2614224       87.011%          5247964       87.002%
                                               3004483      100.000%          6032035      100.000%
                                                  0.87         0.82              0.87         0.82

ICACHE_STAGE_STALLED                            109186        0.769%           234801        0.816%
ICACHE_STAGE_NOT_STALLED                       2895297       20.393%          5797234       20.148%
ICACHE_STAGE_OFF_PATH                         11193016       78.838%         22741799       79.036%
                                              14197499      100.000%         28773834      100.000%
                                                  1.78         1.63              1.78         1.63

DECODE_STAGE_STARVED                          12433007       96.662%         25059874       96.696%
DECODE_STAGE_NOT_STARVED                        429403        3.338%           856167        3.304%
                                              12862410      100.000%         25916041      100.000%
                                                  0.03         0.18              0.03         0.18

DECODE_STAGE_STALLED                             11564        0.081%            19322        0.067%
DECODE_STAGE_NOT_STALLED                      12850846       90.515%         25896719       90.001%
DECODE_STAGE_OFF_PATH                          1335089        9.404%          2857793        9.932%
                                              14197499      100.000%         28773834      100.000%
                                                  1.09         0.44              1.10         0.46

UOPQ_STAGE_STARVED                             4511054       74.687%          9084091       74.960%
UOPQ_STAGE_NOT_STARVED                         1528871       25.313%          3034452       25.040%
                                               6039925      100.000%         12118543      100.000%
                                                  0.25         0.40              0.25         0.40

UOPQ_STAGE_STALLED                              109414        0.771%           234600        0.815%
UOPQ_STAGE_NOT_STALLED                         6039925       42.542%         12118543       42.117%
UOPQ_STAGE_OFF_PATH                            8048160       56.687%         16420691       57.068%
                                              14197499      100.000%         28773834      100.000%
                                                  1.56         1.27              1.56         1.28

RS_OP_READY_NOT_ISSUED_TOTAL                   2123244                        4152106              

RS_0_OP_READY_NOT_ISSUED                       1284736                        2510657              

RS_1_OP_READY_NOT_ISSUED                        410487                         808624              

RS_2_OP_READY_NOT_ISSUED                        428021                         832825              

RS_3_OP_READY_NOT_ISSUED                             0                              0              

RS_4_OP_READY_NOT_ISSUED                             0                              0              

RS_5_OP_READY_NOT_ISSUED                             0                              0              

RS_6_OP_READY_NOT_ISSUED                             0                              0              

RS_7_OP_READY_NOT_ISSUED                             0                              0              

RS_7_PLUS_OP_READY_NOT_ISSUED                        0                              0              

FU_IDLE_NO_READY_OPS_TOTAL                    67281237                      137580468              

FU_0_IDLE_NO_READY_OPS                         5607911                       11569312              

FU_1_IDLE_NO_READY_OPS                         7194709                       14768299              

FU_2_IDLE_NO_READY_OPS                         7877582                       16188051              

FU_3_IDLE_NO_READY_OPS                         8701748                       17828341              

FU_4_IDLE_NO_READY_OPS                         7574156                       15529778              

FU_5_IDLE_NO_READY_OPS                         6309007                       12959020              

FU_6_IDLE_NO_READY_OPS                        12345424                       25033225              

FU_7_IDLE_NO_READY_OPS                        11670700                       23704442              

FU_8_IDLE_NO_READY_OPS                               0                              0              

FU_9_IDLE_NO_READY_OPS                               0                              0              

FU_10_IDLE_NO_READY_OPS                              0                              0              

FU_11_IDLE_NO_READY_OPS                              0                              0              

FU_12_IDLE_NO_READY_OPS                              0                              0              

FU_13_IDLE_NO_READY_OPS                              0                              0              

FU_14_IDLE_NO_READY_OPS                              0                              0              

FU_15_IDLE_NO_READY_OPS                              0                              0              

FU_16_IDLE_NO_READY_OPS                              0                              0              

FU_17_IDLE_NO_READY_OPS                              0                              0              

FU_18_IDLE_NO_READY_OPS                              0                              0              

FU_19_IDLE_NO_READY_OPS                              0                              0              

FU_20_IDLE_NO_READY_OPS                              0                              0              

FU_21_IDLE_NO_READY_OPS                              0                              0              

FU_22_IDLE_NO_READY_OPS                              0                              0              

FU_23_IDLE_NO_READY_OPS                              0                              0              

FU_24_IDLE_NO_READY_OPS                              0                              0              

FU_25_IDLE_NO_READY_OPS                              0                              0              

FU_26_IDLE_NO_READY_OPS                              0                              0              

FU_27_IDLE_NO_READY_OPS                              0                              0              

FU_28_IDLE_NO_READY_OPS                              0                              0              

FU_29_IDLE_NO_READY_OPS                              0                              0              

FU_30_IDLE_NO_READY_OPS                              0                              0              

FU_31_IDLE_NO_READY_OPS                              0                              0              

FU_31_PLUS_IDLE_NO_READY_OPS                         0                              0              

MAP_STAGE_STARVED                              1927059       39.782%          3859833       39.806%
MAP_STAGE_NOT_STARVED                          2917001       60.218%          5836724       60.194%
                                               4844060      100.000%          9696557      100.000%
                                                  0.60         0.56              0.60         0.56

MAP_STAGE_STALLED                                    0        0.000%                0        0.000%
MAP_STAGE_NOT_STALLED                          4844060       42.603%          9696557       42.540%
MAP_STAGE_OFF_PATH                             6526240       57.397%         13097492       57.460%
                                              11370300      100.000%         22794049      100.000%
                                                  1.57         1.29              1.57         1.29

MAP_STAGE_STALL_ITSELF                         2827199       19.913%          5979785       20.782%
MAP_STAGE_NOT_STALL_ITSELF                    11370300       80.087%         22794049       79.218%
                                              14197499      100.000%         28773834      100.000%
                                                  0.80         0.74              0.79         0.73

MAP_STAGE_LATE_ALLOCATE_SEND_BACK                    0                              0              

MAP_STAGE_RENAME_OP_ONPATH                    12290779                       24591564              

MAP_STAGE_RENAME_OP_OFFPATH                   23181137                       46257385              

MAP_STAGE_RENAME_INT_REG_ONPATH                8883838                       17759317              

MAP_STAGE_RENAME_INT_REG_OFFPATH              16720102                       33249352              

MAP_STAGE_RENAME_VEC_REG_ONPATH                      0                              0              

MAP_STAGE_RENAME_VEC_REG_OFFPATH                     0                              0              

MAP_STAGE_RENAME_MOVE_ELIM_ONPATH                    0                              0              

MAP_STAGE_RENAME_MOVE_ELIM_OFFPATH                   0                              0              

MAP_STAGE_ONPATH_INT_REG_NUM_ALLOC             8883885                       17759298              

MAP_STAGE_ONPATH_VEC_REG_NUM_ALLOC                   0                              0              

MAP_STAGE_ONPATH_INT_REG_NUM_SHORTLIVE         2934865                        5864479              

MAP_STAGE_ONPATH_VEC_REG_NUM_SHORTLIVE               0                              0              

MAP_STAGE_ONPATH_INT_REG_USE_COUNT_0           1113532                        2219986              

MAP_STAGE_ONPATH_VEC_REG_USE_COUNT_0                 0                              0              

MAP_STAGE_ONPATH_INT_REG_USE_COUNT_1           5826377                       11647282              

MAP_STAGE_ONPATH_VEC_REG_USE_COUNT_1                 0                              0              

MAP_STAGE_ONPATH_INT_REG_USE_COUNT_2            834511                        1669876              

MAP_STAGE_ONPATH_VEC_REG_USE_COUNT_2                 0                              0              

MAP_STAGE_ONPATH_INT_REG_USE_COUNT_3            522472                        1047692              

MAP_STAGE_ONPATH_VEC_REG_USE_COUNT_3                 0                              0              

MAP_STAGE_ONPATH_INT_REG_USE_COUNT_4            170663                         340355              

MAP_STAGE_ONPATH_VEC_REG_USE_COUNT_4                 0                              0              

MAP_STAGE_ONPATH_INT_REG_USE_COUNT_5            143425                         288881              

MAP_STAGE_ONPATH_VEC_REG_USE_COUNT_5                 0                              0              

MAP_STAGE_ONPATH_INT_REG_USE_COUNT_6            110244                         219493              

MAP_STAGE_ONPATH_VEC_REG_USE_COUNT_6                 0                              0              

MAP_STAGE_ONPATH_INT_REG_USE_COUNT_7_PLUS        162661                         325733              

MAP_STAGE_ONPATH_VEC_REG_USE_COUNT_7_PLUS             0                              0              

MAP_STAGE_ONPATH_INT_REG_CONSUME_DIST_0              0        0.0000                0        0.0000

MAP_STAGE_ONPATH_VEC_REG_CONSUME_DIST_0              0          -nan                0          -nan

MAP_STAGE_ONPATH_INT_REG_CONSUME_DIST_1              0        0.0000                0        0.0000

MAP_STAGE_ONPATH_VEC_REG_CONSUME_DIST_1              0          -nan                0          -nan

MAP_STAGE_ONPATH_INT_REG_CONSUME_DIST_2       20750773       24.8658         41432162       24.8115

MAP_STAGE_ONPATH_VEC_REG_CONSUME_DIST_2              0          -nan                0          -nan

MAP_STAGE_ONPATH_INT_REG_CONSUME_DIST_3       18030849       34.5107         36282865       34.6312

MAP_STAGE_ONPATH_VEC_REG_CONSUME_DIST_3              0          -nan                0          -nan

MAP_STAGE_ONPATH_INT_REG_CONSUME_DIST_4        5609234       32.8673         11451457       33.6456

MAP_STAGE_ONPATH_VEC_REG_CONSUME_DIST_4              0          -nan                0          -nan

MAP_STAGE_ONPATH_INT_REG_CONSUME_DIST_5        4848569       33.8056          9921247       34.3437

MAP_STAGE_ONPATH_VEC_REG_CONSUME_DIST_5              0          -nan                0          -nan

MAP_STAGE_ONPATH_INT_REG_CONSUME_DIST_6        5884151       53.3739         11937226       54.3855

MAP_STAGE_ONPATH_VEC_REG_CONSUME_DIST_6              0          -nan                0          -nan

MAP_STAGE_ONPATH_INT_REG_CONSUME_DIST_7_PLUS      59957881      368.6064        120495554      369.9212

MAP_STAGE_ONPATH_VEC_REG_CONSUME_DIST_7_PLUS             0          -nan                0          -nan

MAP_STAGE_INT_REG_ISSUE_READ_TOTAL_CONSUMED      31059513        3.7459         61996639        3.7427

MAP_STAGE_VEC_REG_ISSUE_READ_TOTAL_CONSUMED             0        0.0000                0        0.0000

MAP_STAGE_INT_REG_ISSUE_READ_MULTI_CONSUMED      14874126        1.7939         29690417        1.7924

MAP_STAGE_VEC_REG_ISSUE_READ_MULTI_CONSUMED             0        0.0000                0        0.0000

MAP_STAGE_INT_REG_ISSUE_READ_SAME_CYCLE_CONSUMED       4542547        0.5478          9122920        0.5507

MAP_STAGE_VEC_REG_ISSUE_READ_SAME_CYCLE_CONSUMED             0        0.0000                0        0.0000

MAP_STAGE_INT_REG_ISSUE_READ_TOTAL_CONSUMED_ONPATH      13977654        4.5950         27946261        4.5908

MAP_STAGE_VEC_REG_ISSUE_READ_TOTAL_CONSUMED_ONPATH             0        0.0000                0        0.0000

MAP_STAGE_INT_REG_ISSUE_READ_MULTI_CONSUMED_ONPATH       6207305        2.0406         12406922        2.0381

MAP_STAGE_VEC_REG_ISSUE_READ_MULTI_CONSUMED_ONPATH             0        0.0000                0        0.0000

MAP_STAGE_INT_REG_ISSUE_READ_SAME_CYCLE_CONSUMED_ONPATH       2024803        0.6656          4057380        0.6665

MAP_STAGE_VEC_REG_ISSUE_READ_SAME_CYCLE_CONSUMED_ONPATH             0        0.0000                0        0.0000

MAP_STAGE_ONPATH_INT_REG_LIFECYCLE_EMPTY     174001670                      354572903              

MAP_STAGE_ONPATH_VEC_REG_LIFECYCLE_EMPTY             0                              0              

MAP_STAGE_ONPATH_INT_REG_LIFECYCLE_IN_USE     368163767                      747966701              

MAP_STAGE_ONPATH_VEC_REG_LIFECYCLE_IN_USE             0                              0              

MAP_STAGE_ONPATH_INT_REG_LIFECYCLE_SPEC_RELEASE     634985295                     1296730940              

MAP_STAGE_ONPATH_VEC_REG_LIFECYCLE_SPEC_RELEASE             0                              0              

MAP_STAGE_ONPATH_INT_REG_LIFECYCLE_NONSPEC_RELEASE     634985295                     1296730940              

MAP_STAGE_ONPATH_VEC_REG_LIFECYCLE_NONSPEC_RELEASE             0                              0              

MAP_STAGE_ONPATH_INT_REG_LIFECYCLE_TOTAL     634985295                     1296730940              

MAP_STAGE_ONPATH_VEC_REG_LIFECYCLE_TOTAL             0                              0              

MAP_STAGE_ONPATH_INT_REG_NUM_NONBRANCH         8883885                       17759298              

MAP_STAGE_ONPATH_VEC_REG_NUM_NONBRANCH               0                              0              

MAP_STAGE_ONPATH_INT_REG_NUM_NONEXCEPT         8883885                       17759298              

MAP_STAGE_ONPATH_VEC_REG_NUM_NONEXCEPT               0                              0              

MAP_STAGE_ONPATH_INT_REG_NUM_ATOMIC            8883885                       17759298              

MAP_STAGE_ONPATH_VEC_REG_NUM_ATOMIC                  0                              0              

MAP_STAGE_ONPATH_INT_REG_ATOMIC_REDEFINED_DIST_TOTAL     634985295       71.4761       1296730940       73.0170

MAP_STAGE_ONPATH_VEC_REG_ATOMIC_REDEFINED_DIST_TOTAL             0          -nan                0          -nan

MAP_STAGE_ONPATH_INT_REG_ATOMIC_CONSUMED_DIST_TOTAL     368163767       41.4418        747966701       42.1169

MAP_STAGE_ONPATH_VEC_REG_ATOMIC_CONSUMED_DIST_TOTAL             0          -nan                0          -nan

MAP_STAGE_ONPATH_INT_REG_ATOMIC_RELEASE_DIST_TOTAL     634985295       71.4761       1296730940       73.0170

MAP_STAGE_ONPATH_VEC_REG_ATOMIC_RELEASE_DIST_TOTAL             0          -nan                0          -nan

EXEC_STAGE_STARVED                             7254313       51.096%         14553126       50.578%
EXEC_STAGE_NOT_STARVED                          224733        1.583%           445408        1.548%
EXEC_STAGE_OFF_PATH                            6718453       47.321%         13775300       47.874%
                                              14197499      100.000%         28773834      100.000%
                                                  0.96         0.97              0.97         0.98

FU_BUSY_0                                      7335511                       14696345              

FU_BUSY_1                                      4550419                        9117125              

FU_BUSY_2                                      4549703                        9029692              

FU_BUSY_3                                      3861214                        7679168              

FU_BUSY_4                                      2909006                        5811164              

FU_BUSY_5                                      3576645                        7142613              

FU_BUSY_6                                       974009                        1962555              

FU_BUSY_7                                      1307911                        2623593              

FU_BUSY_8                                            0                              0              

FU_BUSY_9                                            0                              0              

FU_BUSY_10                                           0                              0              

FU_BUSY_11                                           0                              0              

FU_BUSY_12                                           0                              0              

FU_BUSY_13                                           0                              0              

FU_BUSY_14                                           0                              0              

FU_BUSY_15                                           0                              0              

FU_BUSY_16                                           0                              0              

FU_BUSY_17                                           0                              0              

FU_BUSY_18                                           0                              0              

FU_BUSY_19                                           0                              0              

FU_BUSY_20                                           0                              0              

FU_BUSY_21                                           0                              0              

FU_BUSY_22                                           0                              0              

FU_BUSY_23                                           0                              0              

FU_BUSY_24                                           0                              0              

FU_BUSY_25                                           0                              0              

FU_BUSY_26                                           0                              0              

FU_BUSY_27                                           0                              0              

FU_BUSY_28                                           0                              0              

FU_BUSY_29                                           0                              0              

FU_BUSY_30                                           0                              0              

FU_BUSY_31                                           0                              0              

FU_REJECTED_OP_INV_NOT_SIMD                          0        0.000%                0        0.000%
FU_REJECTED_OP_NOP_NOT_SIMD                      25042        4.208%            50622        4.364%
FU_REJECTED_OP_CF_NOT_SIMD                        1831        0.308%             3581        0.309%
FU_REJECTED_OP_MOV_NOT_SIMD                      68693       11.542%           135097       11.647%
FU_REJECTED_OP_CMOV_NOT_SIMD                       125        0.021%              313        0.027%
FU_REJECTED_OP_LDA_NOT_SIMD                       3677        0.618%             7322        0.631%
FU_REJECTED_OP_IMEM_NOT_SIMD                    404534       67.974%           780281       67.270%
FU_REJECTED_OP_IADD_NOT_SIMD                      1882        0.316%             3263        0.281%
FU_REJECTED_OP_IMUL_NOT_SIMD                     43368        7.287%            86795        7.483%
FU_REJECTED_OP_IDIV_NOT_SIMD                      4356        0.732%             9097        0.784%
FU_REJECTED_OP_ICMP_NOT_SIMD                         0        0.000%                0        0.000%
FU_REJECTED_OP_LOGIC_NOT_SIMD                    10444        1.755%            21104        1.819%
FU_REJECTED_OP_SHIFT_NOT_SIMD                    31165        5.237%            62423        5.382%
FU_REJECTED_OP_FMEM_NOT_SIMD                        15        0.003%               31        0.003%
FU_REJECTED_OP_FCVT_NOT_SIMD                         0        0.000%                0        0.000%
FU_REJECTED_OP_FADD_NOT_SIMD                         0        0.000%                0        0.000%
FU_REJECTED_OP_FMUL_NOT_SIMD                         0        0.000%                0        0.000%
FU_REJECTED_OP_FMA_NOT_SIMD                          0        0.000%                0        0.000%
FU_REJECTED_OP_FDIV_NOT_SIMD                         0        0.000%                0        0.000%
FU_REJECTED_OP_FCMP_NOT_SIMD                         0        0.000%                0        0.000%
FU_REJECTED_OP_FCMOV_NOT_SIMD                        0        0.000%                0        0.000%
FU_REJECTED_OP_GATHER_NOT_SIMD                       0        0.000%                0        0.000%
FU_REJECTED_OP_SCATTER_NOT_SIMD                      0        0.000%                0        0.000%
FU_REJECTED_OP_PIPELINED_FAST_NOT_SIMD               0        0.000%                0        0.000%
FU_REJECTED_OP_PIPELINED_MEDIUM_NOT_SIMD             0        0.000%                0        0.000%
FU_REJECTED_OP_PIPELINED_SLOW_NOT_SIMD               0        0.000%                0        0.000%
FU_REJECTED_OP_NOTPIPELINED_MEDIUM_NOT_SIMD             0        0.000%                0        0.000%
FU_REJECTED_OP_NOTPIPELINED_SLOW_NOT_SIMD             0        0.000%                0        0.000%
FU_REJECTED_OP_NOTPIPELINED_VERY_SLOW_NOT_SIMD             0        0.000%                0        0.000%
FU_REJECTED_OP_INV_SIMD                              0        0.000%                0        0.000%
FU_REJECTED_OP_NOP_SIMD                              0        0.000%                0        0.000%
FU_REJECTED_OP_CF_SIMD                               0        0.000%                0        0.000%
FU_REJECTED_OP_MOV_SIMD                              0        0.000%                0        0.000%
FU_REJECTED_OP_CMOV_SIMD                             0        0.000%                0        0.000%
FU_REJECTED_OP_LDA_SIMD                              0        0.000%                0        0.000%
FU_REJECTED_OP_IMEM_SIMD                             0        0.000%                0        0.000%
FU_REJECTED_OP_IADD_SIMD                             0        0.000%                0        0.000%
FU_REJECTED_OP_IMUL_SIMD                             0        0.000%                0        0.000%
FU_REJECTED_OP_IDIV_SIMD                             0        0.000%                0        0.000%
FU_REJECTED_OP_ICMP_SIMD                             0        0.000%                0        0.000%
FU_REJECTED_OP_LOGIC_SIMD                            0        0.000%                0        0.000%
FU_REJECTED_OP_SHIFT_SIMD                            0        0.000%                0        0.000%
FU_REJECTED_OP_FMEM_SIMD                             0        0.000%                0        0.000%
FU_REJECTED_OP_FCVT_SIMD                             0        0.000%                0        0.000%
FU_REJECTED_OP_FADD_SIMD                             0        0.000%                0        0.000%
FU_REJECTED_OP_FMUL_SIMD                             0        0.000%                0        0.000%
FU_REJECTED_OP_FMA_SIMD                              0        0.000%                0        0.000%
FU_REJECTED_OP_FDIV_SIMD                             0        0.000%                0        0.000%
FU_REJECTED_OP_FCMP_SIMD                             0        0.000%                0        0.000%
FU_REJECTED_OP_FCMOV_SIMD                            0        0.000%                0        0.000%
FU_REJECTED_OP_GATHER_SIMD                           0        0.000%                0        0.000%
FU_REJECTED_OP_SCATTER_SIMD                          0        0.000%                0        0.000%
FU_REJECTED_OP_PIPELINED_FAST_SIMD                   0        0.000%                0        0.000%
FU_REJECTED_OP_PIPELINED_MEDIUM_SIMD                 0        0.000%                0        0.000%
FU_REJECTED_OP_PIPELINED_SLOW_SIMD                   0        0.000%                0        0.000%
FU_REJECTED_OP_NOTPIPELINED_MEDIUM_SIMD              0        0.000%                0        0.000%
FU_REJECTED_OP_NOTPIPELINED_SLOW_SIMD                0        0.000%                0        0.000%
FU_REJECTED_OP_NOTPIPELINED_VERY_SLOW_SIMD             0        0.000%                0        0.000%
                                                595132      100.000%          1159929      100.000%
                                                  6.00         2.20              6.00         2.23

LSQ_FULL_TOTAL                                       0                              0              

LSQ_FULL_LOAD_QUEUE                                  0                              0              

LSQ_FULL_STORE_QUEUE                                 0                              0              

OP_WAIT_0                                      7447911                       14903696              

OP_WAIT_1                                      3993640                        7999550              

OP_WAIT_2                                       548281                        1094915              

OP_WAIT_3                                       115131                         229767              

OP_WAIT_4                                        69124                         136650              

OP_WAIT_5                                        32654                          63814              

OP_WAIT_6                                        38606                          74699              

OP_WAIT_7                                        15772                          30649              

OP_WAIT_8                                         5655                          10909              

OP_WAIT_9                                         8124                          16147              

OP_WAIT_10                                        1702                           3428              

OP_WAIT_11                                        1197                           2414              

OP_WAIT_12                                         853                           1703              

OP_WAIT_13                                         645                           1309              

OP_WAIT_14                                         498                            970              

OP_WAIT_15                                         368                            735              

OP_WAIT_16                                         252                            523              

OP_WAIT_17                                         252                            523              

OP_WAIT_18                                         158                            320              

OP_WAIT_19                                         134                            227              

OP_WAIT_20                                          72                            141              

OP_WAIT_21                                          72                            150              

OP_WAIT_22                                          77                            139              

OP_WAIT_23                                          62                            129              

OP_WAIT_24                                          90                            192              

OP_WAIT_25                                          86                            189              

OP_WAIT_26                                          51                             94              

OP_WAIT_27                                          40                             59              

OP_WAIT_28                                          37                             82              

OP_WAIT_29                                          71                            135              

OP_WAIT_30                                         133                            269              

OP_WAIT_31                                        9071                          17037              

ROW_SIZE_0                                     7869030                       16122525              

ROW_SIZE_1                                     1588889                        3172106              

ROW_SIZE_2                                      542068                        1081872              

ROW_SIZE_3                                      235423                         465211              

ROW_SIZE_4                                      235192                         470524              

ROW_SIZE_5                                       95413                         192446              

ROW_SIZE_6                                       86211                         174811              

ROW_SIZE_7                                      151645                         303775              

ROW_SIZE_8                                       59831                         118724              

ROW_SIZE_9                                       34657                          68698              

ROW_SIZE_10                                     512435                        1027239              

ROW_SIZE_11                                          0                              0              

ROW_SIZE_12                                          0                              0              

ROW_SIZE_13                                          0                              0              

ROW_SIZE_14                                          0                              0              

ROW_SIZE_15                                          0                              0              

ROW_SIZE_16                                          0                              0              

ROW_SIZE_17                                          0                              0              

ROW_SIZE_18                                          0                              0              

ROW_SIZE_19                                          0                              0              

ROW_SIZE_20                                          0                              0              

ROW_SIZE_21                                          0                              0              

ROW_SIZE_22                                          0                              0              

ROW_SIZE_23                                          0                              0              

ROW_SIZE_24                                          0                              0              

ROW_SIZE_25                                          0                              0              

ROW_SIZE_26                                          0                              0              

ROW_SIZE_27                                          0                              0              

ROW_SIZE_28                                          0                              0              

ROW_SIZE_29                                          0                              0              

ROW_SIZE_30                                          0                              0              

ROW_SIZE_31                                          0                              0              

RET_OP_EXEC_COUNT_0                                  0        0.000%                0        0.000%
RET_OP_EXEC_COUNT_1                           12290819      100.000%         24591564      100.000%
RET_OP_EXEC_COUNT_2                                  0        0.000%                0        0.000%
RET_OP_EXEC_COUNT_3                                  0        0.000%                0        0.000%
RET_OP_EXEC_COUNT_4                                  0        0.000%                0        0.000%
RET_OP_EXEC_COUNT_5                                  0        0.000%                0        0.000%
RET_OP_EXEC_COUNT_6                                  0        0.000%                0        0.000%
RET_OP_EXEC_COUNT_7                                  0        0.000%                0        0.000%
RET_OP_EXEC_COUNT_8                                  0        0.000%                0        0.000%
RET_OP_EXEC_COUNT_9                                  0        0.000%                0        0.000%
RET_OP_EXEC_COUNT_10                                 0        0.000%                0        0.000%
RET_OP_EXEC_COUNT_11                                 0        0.000%                0        0.000%
RET_OP_EXEC_COUNT_12                                 0        0.000%                0        0.000%
RET_OP_EXEC_COUNT_13                                 0        0.000%                0        0.000%
RET_OP_EXEC_COUNT_14                                 0        0.000%                0        0.000%
RET_OP_EXEC_COUNT_15                                 0        0.000%                0        0.000%
RET_OP_EXEC_COUNT_16                                 0        0.000%                0        0.000%
RET_OP_EXEC_COUNT_17                                 0        0.000%                0        0.000%
RET_OP_EXEC_COUNT_18                                 0        0.000%                0        0.000%
RET_OP_EXEC_COUNT_19                                 0        0.000%                0        0.000%
RET_OP_EXEC_COUNT_20                                 0        0.000%                0        0.000%
RET_OP_EXEC_COUNT_21                                 0        0.000%                0        0.000%
RET_OP_EXEC_COUNT_22                                 0        0.000%                0        0.000%
RET_OP_EXEC_COUNT_23                                 0        0.000%                0        0.000%
RET_OP_EXEC_COUNT_24                                 0        0.000%                0        0.000%
RET_OP_EXEC_COUNT_25                                 0        0.000%                0        0.000%
RET_OP_EXEC_COUNT_26                                 0        0.000%                0        0.000%
RET_OP_EXEC_COUNT_27                                 0        0.000%                0        0.000%
RET_OP_EXEC_COUNT_28                                 0        0.000%                0        0.000%
RET_OP_EXEC_COUNT_29                                 0        0.000%                0        0.000%
RET_OP_EXEC_COUNT_30                                 0        0.000%                0        0.000%
RET_OP_EXEC_COUNT_31                                 0        0.000%                0        0.000%
RET_OP_EXEC_COUNT_32                                 0        0.000%                0        0.000%
                                              12290819      100.000%         24591564      100.000%
                                                  1.00         0.00              1.00         0.00

RET_STALL_LENGTH_0                            12282237       99.930%         24571076       99.917%
RET_STALL_LENGTH_100                              7823        0.064%            18658        0.076%
RET_STALL_LENGTH_200                               485        0.004%             1253        0.005%
RET_STALL_LENGTH_300                                52        0.000%              123        0.001%
RET_STALL_LENGTH_400                                30        0.000%               47        0.000%
RET_STALL_LENGTH_500                                13        0.000%               31        0.000%
RET_STALL_LENGTH_600                                11        0.000%               25        0.000%
RET_STALL_LENGTH_700                                 8        0.000%               24        0.000%
RET_STALL_LENGTH_800                                15        0.000%               27        0.000%
RET_STALL_LENGTH_900                                14        0.000%               21        0.000%
RET_STALL_LENGTH_1000                               23        0.000%               43        0.000%
RET_STALL_LENGTH_1100                               35        0.000%               70        0.000%
RET_STALL_LENGTH_1200                               43        0.000%              110        0.000%
RET_STALL_LENGTH_1300                               21        0.000%               41        0.000%
RET_STALL_LENGTH_1400                                4        0.000%                6        0.000%
RET_STALL_LENGTH_1500                                1        0.000%                2        0.000%
RET_STALL_LENGTH_1600                                2        0.000%                2        0.000%
RET_STALL_LENGTH_1700                                0        0.000%                3        0.000%
RET_STALL_LENGTH_1800                                1        0.000%                1        0.000%
RET_STALL_LENGTH_1900                                1        0.000%                1        0.000%
RET_STALL_LENGTH_2000                                0        0.000%                0        0.000%
RET_STALL_LENGTH_2100                                0        0.000%                0        0.000%
RET_STALL_LENGTH_2200                                0        0.000%                0        0.000%
RET_STALL_LENGTH_2300                                0        0.000%                0        0.000%
RET_STALL_LENGTH_2400                                0        0.000%                0        0.000%
RET_STALL_LENGTH_2500                                0        0.000%                0        0.000%
RET_STALL_LENGTH_2600                                0        0.000%                0        0.000%
RET_STALL_LENGTH_2700                                0        0.000%                0        0.000%
RET_STALL_LENGTH_2800                                0        0.000%                0        0.000%
RET_STALL_LENGTH_2900                                0        0.000%                0        0.000%
RET_STALL_LENGTH_3000                                0        0.000%                0        0.000%
RET_STALL_LENGTH_3100                                0        0.000%                0        0.000%
RET_STALL_LENGTH_3200                                0        0.000%                0        0.000%
RET_STALL_LENGTH_3300                                0        0.000%                0        0.000%
RET_STALL_LENGTH_3400                                0        0.000%                0        0.000%
RET_STALL_LENGTH_3500                                0        0.000%                0        0.000%
RET_STALL_LENGTH_3600                                0        0.000%                0        0.000%
RET_STALL_LENGTH_3700                                0        0.000%                0        0.000%
RET_STALL_LENGTH_3800                                0        0.000%                0        0.000%
RET_STALL_LENGTH_3900                                0        0.000%                0        0.000%
RET_STALL_LENGTH_4000                                0        0.000%                0        0.000%
RET_STALL_LENGTH_4100                                0        0.000%                0        0.000%
RET_STALL_LENGTH_4200                                0        0.000%                0        0.000%
RET_STALL_LENGTH_4300                                0        0.000%                0        0.000%
RET_STALL_LENGTH_4400                                0        0.000%                0        0.000%
RET_STALL_LENGTH_4500                                0        0.000%                0        0.000%
RET_STALL_LENGTH_4600                                0        0.000%                0        0.000%
RET_STALL_LENGTH_4700                                0        0.000%                0        0.000%
RET_STALL_LENGTH_4800                                0        0.000%                0        0.000%
RET_STALL_LENGTH_4900                                0        0.000%                0        0.000%
RET_STALL_LENGTH_5000                                0        0.000%                0        0.000%
                                              12290819      100.000%         24591564      100.000%
                                                  0.00         0.05              0.00         0.05

MEM_BLOCK_LENGTH_0                                   3      100.000%               14      100.000%
MEM_BLOCK_LENGTH_100                                 0        0.000%                0        0.000%
MEM_BLOCK_LENGTH_200                                 0        0.000%                0        0.000%
MEM_BLOCK_LENGTH_300                                 0        0.000%                0        0.000%
MEM_BLOCK_LENGTH_400                                 0        0.000%                0        0.000%
MEM_BLOCK_LENGTH_500                                 0        0.000%                0        0.000%
MEM_BLOCK_LENGTH_600                                 0        0.000%                0        0.000%
MEM_BLOCK_LENGTH_700                                 0        0.000%                0        0.000%
MEM_BLOCK_LENGTH_800                                 0        0.000%                0        0.000%
MEM_BLOCK_LENGTH_900                                 0        0.000%                0        0.000%
MEM_BLOCK_LENGTH_1000                                0        0.000%                0        0.000%
MEM_BLOCK_LENGTH_1100                                0        0.000%                0        0.000%
MEM_BLOCK_LENGTH_1200                                0        0.000%                0        0.000%
MEM_BLOCK_LENGTH_1300                                0        0.000%                0        0.000%
MEM_BLOCK_LENGTH_1400                                0        0.000%                0        0.000%
MEM_BLOCK_LENGTH_1500                                0        0.000%                0        0.000%
MEM_BLOCK_LENGTH_1600                                0        0.000%                0        0.000%
MEM_BLOCK_LENGTH_1700                                0        0.000%                0        0.000%
MEM_BLOCK_LENGTH_1800                                0        0.000%                0        0.000%
MEM_BLOCK_LENGTH_1900                                0        0.000%                0        0.000%
MEM_BLOCK_LENGTH_2000                                0        0.000%                0        0.000%
MEM_BLOCK_LENGTH_2100                                0        0.000%                0        0.000%
MEM_BLOCK_LENGTH_2200                                0        0.000%                0        0.000%
MEM_BLOCK_LENGTH_2300                                0        0.000%                0        0.000%
MEM_BLOCK_LENGTH_2400                                0        0.000%                0        0.000%
MEM_BLOCK_LENGTH_2500                                0        0.000%                0        0.000%
MEM_BLOCK_LENGTH_2600                                0        0.000%                0        0.000%
MEM_BLOCK_LENGTH_2700                                0        0.000%                0        0.000%
MEM_BLOCK_LENGTH_2800                                0        0.000%                0        0.000%
MEM_BLOCK_LENGTH_2900                                0        0.000%                0        0.000%
MEM_BLOCK_LENGTH_3000                                0        0.000%                0        0.000%
MEM_BLOCK_LENGTH_3100                                0        0.000%                0        0.000%
MEM_BLOCK_LENGTH_3200                                0        0.000%                0        0.000%
MEM_BLOCK_LENGTH_3300                                0        0.000%                0        0.000%
MEM_BLOCK_LENGTH_3400                                0        0.000%                0        0.000%
MEM_BLOCK_LENGTH_3500                                0        0.000%                0        0.000%
MEM_BLOCK_LENGTH_3600                                0        0.000%                0        0.000%
MEM_BLOCK_LENGTH_3700                                0        0.000%                0        0.000%
MEM_BLOCK_LENGTH_3800                                0        0.000%                0        0.000%
MEM_BLOCK_LENGTH_3900                                0        0.000%                0        0.000%
MEM_BLOCK_LENGTH_4000                                0        0.000%                0        0.000%
MEM_BLOCK_LENGTH_4100                                0        0.000%                0        0.000%
MEM_BLOCK_LENGTH_4200                                0        0.000%                0        0.000%
MEM_BLOCK_LENGTH_4300                                0        0.000%                0        0.000%
MEM_BLOCK_LENGTH_4400                                0        0.000%                0        0.000%
MEM_BLOCK_LENGTH_4500                                0        0.000%                0        0.000%
MEM_BLOCK_LENGTH_4600                                0        0.000%                0        0.000%
MEM_BLOCK_LENGTH_4700                                0        0.000%                0        0.000%
MEM_BLOCK_LENGTH_4800                                0        0.000%                0        0.000%
MEM_BLOCK_LENGTH_4900                                0        0.000%                0        0.000%
MEM_BLOCK_LENGTH_5000                                0        0.000%                0        0.000%
                                                     3      100.000%               14      100.000%
                                                  0.00         0.00              0.00         0.00

FUS_BUSY_ON_PATH                              12672273        0.8926         25350172        0.8810

FUS_BUSY_OFF_PATH                             16392145        1.1546         32712083        1.1369

FU_BUSY_MEM_STALL                               582645        0.0410          1128821        0.0392

FUS_EMPTY                                     84515574        5.9528        172128417        5.9821

FU_UNAVAILABLE                                  189161        0.0133           377347        0.0131

FU_MEM_UNAVAILABLE                              405971        0.0286           782582        0.0272

FU_OTHER_UNAVAILABLE                                 0        0.0000                0        0.0000

FU_REPLAY                                            0        0.0000                0        0.0000

FU_STARVED                                    83665338        5.8930        170429892        5.9231

CHIP_UTILIZATION                                     0        0.0000                0        0.0000

CYCLES_UNDER_MEM_REQ                                 0                              0              

CYCLES_UNDER_NO_MEM_REQ                              0                              0              

CYCLES_UNDER_CRITICAL_MEM_REQ                        0                              0              

CYCLES_UNDER_NONCRITICAL_MEM_REQ                     0                              0              

CHIP_UTILIZATION_UNDER_MEM_REQ                       0          -nan                0          -nan

CHIP_UTILIZATION_UNDER_NO_MEM_REQ                    0          -nan                0          -nan

CHIP_UTILIZATION_UNDER_CRITICAL_MEM_REQ              0          -nan                0          -nan

CHIP_UTILIZATION_UNDER_NONCRITICAL_MEM_REQ             0          -nan                0          -nan

CYCLES_NOT_WAITING_FOR_OFF_CHIP                      0        0.0000                0        0.0000

FUS_BUSY_NOT_WAITING_FOR_OFF_CHIP                    0          -nan                0          -nan

CYCLES_WAITING_FOR_OFF_CHIP                          0        0.0000                0        0.0000

FUS_BUSY_WAITING_FOR_OFF_CHIP                        0          -nan                0          -nan

TOTAL_OFF_CHIP_DELAYS_LEFT                           0                              0              

WRONG_IO_SCHED                                       0                              0              

DVFS_CONFIG_SWITCH                                   0                              0              

MAP_STAGE_RECEIVED_OPS_0                             0        0.000%                0        0.000%
MAP_STAGE_RECEIVED_OPS_1                        339350       12.708%           683913       12.804%
MAP_STAGE_RECEIVED_OPS_2                        308463       11.551%           612250       11.463%
MAP_STAGE_RECEIVED_OPS_3                        278189       10.417%           552705       10.348%
MAP_STAGE_RECEIVED_OPS_4                        199531        7.472%           402141        7.529%
MAP_STAGE_RECEIVED_OPS_5                        213929        8.011%           426070        7.977%
MAP_STAGE_RECEIVED_OPS_6                       1330928       49.839%          2664054       49.877%
MAP_STAGE_RECEIVED_OPS_7                             6        0.000%               10        0.000%
MAP_STAGE_RECEIVED_OPS_8                            25        0.001%               45        0.001%
MAP_STAGE_RECEIVED_OPS_MAX                          11        0.000%               21        0.000%
                                               2670432      100.000%          5341209      100.000%
                                                  4.36         1.91              4.36         1.91

MAP_STAGE_WAIT_FOR_DECODE                        11595      100.000%            23066      100.000%
MAP_STAGE_CONSUME_DECODE                             0        0.000%                0        0.000%
                                                 11595      100.000%            23066      100.000%
                                                  0.00         0.00              0.00         0.00

MAP_STAGE_WAIT_FOR_DECODE2                           0         -nan%                0         -nan%
MAP_STAGE_CONSUME_DECODE2                            0         -nan%                0         -nan%
                                                     0         -nan%                0         -nan%
                                                  -nan         -nan              -nan         -nan

FTQ_RECOVER_EXEC                                204586                         411325              

FTQ_RECOVER_DECODE                                   0                             27              

FTQ_OFFPATH_CYCLES                            12342528                       25042242              

FTQ_CYCLES_OFFPATH                            12342525                       25042242              

FTQ_CYCLES_ONPATH                              1854974                        3731592              

FTQ_FETCHED_INS_ONPATH                        12290685                       24591564              

FTQ_FETCHED_INS_OFFPATH                       62725018                      125797570              

FTQ_BREAK_FULL_FT_ONPATH                         90564                         199677              

FTQ_BREAK_FULL_FT_OFFPATH                      2738922                        5734741              

FTQ_BREAK_PRED_BR_ONPATH                             0                              0              

FTQ_BREAK_PRED_BR_OFFPATH                            0                              0              

FTQ_BREAK_BAR_FETCH_ONPATH                           0                              0              

FTQ_BREAK_BAR_FETCH_OFFPATH                          0                              0              

FTQ_BREAK_MAX_CFS_TAKEN_ONPATH                       0                              0              

FTQ_BREAK_MAX_CFS_TAKEN_OFFPATH                      0                              0              

FTQ_BREAK_MAX_FT_ONPATH                        1764382                        3531886              

FTQ_BREAK_MAX_FT_OFFPATH                       9603602                       19307501              

DFE_GEN_ON_PATH_FT                             2191336                        4387358              

DFE_GEN_OFF_PATH_FT                            9638324                       19358180              

DFE_L0_ENABLED_PREDICTIONS                    12290697                       24591564              

DFE_L0_WRONG_MAIN_CORRECT                       217504                         434000              

DFE_L0_WRONG_MAIN_WRONG                         135658                         273007              

DFE_L0_CORRECT_MAIN_WRONG                        68912                         138303              

DFE_L0_CORRECT_MAIN_CORRECT                   11868623                       23746254              

DFE_L0_WRONG_MAIN_CORRECT_RECOVERY_SCHEDULED             0                              0              

FTQ_SAW_BAR_FETCH_OFFPATH                            0                              0              

FTQ_SAW_BAR_FETCH_ONPATH                             0                              0              

DFE_CONF_0_MISPRED                                   0         -nan%                0         -nan%
DFE_CONF_1_MISPRED                                   0         -nan%                0         -nan%
DFE_CONF_2_MISPRED                                   0         -nan%                0         -nan%
DFE_CONF_3_MISPRED                                   0         -nan%                0         -nan%
DFE_CONF_0_CORRECT                                   0         -nan%                0         -nan%
DFE_CONF_1_CORRECT                                   0         -nan%                0         -nan%
DFE_CONF_2_CORRECT                                   0         -nan%                0         -nan%
DFE_CONF_3_CORRECT                                   0         -nan%                0         -nan%
                                                     0         -nan%                0         -nan%
                                                  -nan         -nan              -nan         -nan

DFE_ON_CONF_ON_OPS                                   0         -nan%                0         -nan%
DFE_ON_CONF_OFF_OPS                                  0         -nan%                0         -nan%
DFE_OFF_CONF_ON_OPS                                  0         -nan%                0         -nan%
DFE_OFF_CONF_OFF_REALISTIC_OPS                       0         -nan%                0         -nan%
DFE_OFF_CONF_OFF_PERFECT_OPS                         0         -nan%                0         -nan%
                                                     0         -nan%                0         -nan%
                                                  -nan         -nan              -nan         -nan

DFE_ON_CONF_ON_FETCH_TARGETS                         0         -nan%                0         -nan%
DFE_ON_CONF_OFF_FETCH_TARGETS                        0         -nan%                0         -nan%
DFE_OFF_CONF_ON_FETCH_TARGETS                        0         -nan%                0         -nan%
DFE_OFF_CONF_OFF_REALISTIC_FETCH_TARGETS             0         -nan%                0         -nan%
DFE_OFF_CONF_OFF_PERFECT_FETCH_TARGETS               0         -nan%                0         -nan%
                                                     0         -nan%                0         -nan%
                                                  -nan         -nan              -nan         -nan

DFE_ON_CONF_ON_CYCLES                                0         -nan%                0         -nan%
DFE_ON_CONF_OFF_CYCLES                               0         -nan%                0         -nan%
DFE_OFF_CONF_ON_CYCLES                               0         -nan%                0         -nan%
DFE_OFF_CONF_OFF_REALISTIC_CYCLES                    0         -nan%                0         -nan%
DFE_OFF_CONF_OFF_PERFECT_CYCLES                      0         -nan%                0         -nan%
                                                     0         -nan%                0         -nan%
                                                  -nan         -nan              -nan         -nan

DFE_OFF_CONF_ON_NUM_EVENTS                           0                              0              

DFE_OFF_CONF_ON_NOT_IDENTIFIED_EVENTS                0         -nan%                0         -nan%
DFE_OFF_CONF_ON_IBTB_MISS_EVENTS                     0         -nan%                0         -nan%
DFE_OFF_CONF_ON_BTB_MISS_EVENTS                      0         -nan%                0         -nan%
DFE_OFF_CONF_ON_BTB_MISS_MISPRED_EVENTS              0         -nan%                0         -nan%
DFE_OFF_CONF_ON_MISPRED_EVENTS                       0         -nan%                0         -nan%
DFE_OFF_CONF_ON_MISFETCH_EVENTS                      0         -nan%                0         -nan%
                                                     0         -nan%                0         -nan%
                                                  -nan         -nan              -nan         -nan

DFE_OFF_CONF_ON_NOT_IDENTIFIED_CYCLES                0         -nan%                0         -nan%
DFE_OFF_CONF_ON_IBTB_MISS_CYCLES                     0         -nan%                0         -nan%
DFE_OFF_CONF_ON_BTB_MISS_CYCLES                      0         -nan%                0         -nan%
DFE_OFF_CONF_ON_BTB_MISS_MISPRED_CYCLES              0         -nan%                0         -nan%
DFE_OFF_CONF_ON_MISPRED_CYCLES                       0         -nan%                0         -nan%
DFE_OFF_CONF_ON_MISFETCH_CYCLES                      0         -nan%                0         -nan%
                                                     0         -nan%                0         -nan%
                                                  -nan         -nan              -nan         -nan

DFE_OFF_CONF_ON_NOT_IDENTIFIED_FETCH_TARGETS             0         -nan%                0         -nan%
DFE_OFF_CONF_ON_IBTB_MISS_FETCH_TARGETS              0         -nan%                0         -nan%
DFE_OFF_CONF_ON_BTB_MISS_FETCH_TARGETS               0         -nan%                0         -nan%
DFE_OFF_CONF_ON_BTB_MISS_MISPRED_FETCH_TARGETS             0         -nan%                0         -nan%
DFE_OFF_CONF_ON_MISPRED_FETCH_TARGETS                0         -nan%                0         -nan%
DFE_OFF_CONF_ON_MISFETCH_FETCH_TARGETS               0         -nan%                0         -nan%
                                                     0         -nan%                0         -nan%
                                                  -nan         -nan              -nan         -nan

DFE_OFF_CONF_ON_BP_INCORRECT_0_CONF                  0         -nan%                0         -nan%
DFE_OFF_CONF_ON_BP_INCORRECT_1_CONF                  0         -nan%                0         -nan%
DFE_OFF_CONF_ON_BP_INCORRECT_2_CONF                  0         -nan%                0         -nan%
DFE_OFF_CONF_ON_BP_INCORRECT_3_CONF                  0         -nan%                0         -nan%
                                                     0         -nan%                0         -nan%
                                                  -nan         -nan              -nan         -nan

DFE_OFF_CONF_ON_BTB_MISS_CBR_0_CONF                  0         -nan%                0         -nan%
DFE_OFF_CONF_ON_BTB_MISS_CBR_1_CONF                  0         -nan%                0         -nan%
DFE_OFF_CONF_ON_BTB_MISS_CBR_2_CONF                  0         -nan%                0         -nan%
DFE_OFF_CONF_ON_BTB_MISS_CBR_3_CONF                  0         -nan%                0         -nan%
                                                     0         -nan%                0         -nan%
                                                  -nan         -nan              -nan         -nan

DFE_OFF_CONF_ON_BTB_MISS_NOT_CF                      0         -nan%                0         -nan%
DFE_OFF_CONF_ON_BTB_MISS_CF_BR                       0         -nan%                0         -nan%
DFE_OFF_CONF_ON_BTB_MISS_CF_CBR                      0         -nan%                0         -nan%
DFE_OFF_CONF_ON_BTB_MISS_CF_CALL                     0         -nan%                0         -nan%
DFE_OFF_CONF_ON_BTB_MISS_CF_IBR                      0         -nan%                0         -nan%
DFE_OFF_CONF_ON_BTB_MISS_CF_ICALL                    0         -nan%                0         -nan%
DFE_OFF_CONF_ON_BTB_MISS_CF_ICO                      0         -nan%                0         -nan%
DFE_OFF_CONF_ON_BTB_MISS_CF_RET                      0         -nan%                0         -nan%
DFE_OFF_CONF_ON_BTB_MISS_CF_SYS                      0         -nan%                0         -nan%
                                                     0         -nan%                0         -nan%
                                                  -nan         -nan              -nan         -nan

DFE_ON_CONF_OFF_NUM_EVENTS                           0                              0              

CONF_BTB_NUM_CYCLES_OFF_PATH_EVENT                   0                              0              

DFE_ON_CONF_OFF_IBTB_MISS_BP_TAKEN                   0         -nan%                0         -nan%
DFE_ON_CONF_OFF_BTB_MISS_BP_TAKEN_CONF_0             0         -nan%                0         -nan%
DFE_ON_CONF_OFF_BTB_MISS_BP_TAKEN_CONF_1             0         -nan%                0         -nan%
DFE_ON_CONF_OFF_BTB_MISS_BP_TAKEN_CONF_2             0         -nan%                0         -nan%
DFE_ON_CONF_OFF_BTB_MISS_BP_TAKEN_CONF_3             0         -nan%                0         -nan%
DFE_ON_CONF_OFF_BTB_MISS_RATE                        0         -nan%                0         -nan%
DFE_ON_CONF_OFF_IBTB_MISS_RATE                       0         -nan%                0         -nan%
DFE_ON_CONF_OFF_MISFETCH_RATE                        0         -nan%                0         -nan%
DFE_ON_CONF_OFF_MISPRED_RATE                         0         -nan%                0         -nan%
DFE_ON_CONF_OFF_INV_CONF_INC                         0         -nan%                0         -nan%
DFE_ON_CONF_OFF_PERFECT_CONF                         0         -nan%                0         -nan%
                                                     0         -nan%                0         -nan%
                                                  -nan         -nan              -nan         -nan

DFE_ON_CONF_OFF_IBTB_MISS_BP_TAKEN_CYCLES             0         -nan%                0         -nan%
DFE_ON_CONF_OFF_BTB_MISS_BP_TAKEN_CONF_0_CYCLES             0         -nan%                0         -nan%
DFE_ON_CONF_OFF_BTB_MISS_BP_TAKEN_CONF_1_CYCLES             0         -nan%                0         -nan%
DFE_ON_CONF_OFF_BTB_MISS_BP_TAKEN_CONF_2_CYCLES             0         -nan%                0         -nan%
DFE_ON_CONF_OFF_BTB_MISS_BP_TAKEN_CONF_3_CYCLES             0         -nan%                0         -nan%
DFE_ON_CONF_OFF_BTB_MISS_RATE_CYCLES                 0         -nan%                0         -nan%
DFE_ON_CONF_OFF_IBTB_MISS_RATE_CYCLES                0         -nan%                0         -nan%
DFE_ON_CONF_OFF_MISFETCH_RATE_CYCLES                 0         -nan%                0         -nan%
DFE_ON_CONF_OFF_MISPRED_RATE_CYCLES                  0         -nan%                0         -nan%
DFE_ON_CONF_OFF_INV_CONF_INC_CYCLES                  0         -nan%                0         -nan%
DFE_ON_CONF_OFF_PERFECT_CONF_CYCLES                  0         -nan%                0         -nan%
                                                     0         -nan%                0         -nan%
                                                  -nan         -nan              -nan         -nan

DFE_ON_CONF_OFF_IBTB_MISS_BP_TAKEN_FETCH_TARGETS             0         -nan%                0         -nan%
DFE_ON_CONF_OFF_BTB_MISS_BP_TAKEN_CONF_0_FETCH_TARGETS             0         -nan%                0         -nan%
DFE_ON_CONF_OFF_BTB_MISS_BP_TAKEN_CONF_1_FETCH_TARGETS             0         -nan%                0         -nan%
DFE_ON_CONF_OFF_BTB_MISS_BP_TAKEN_CONF_2_FETCH_TARGETS             0         -nan%                0         -nan%
DFE_ON_CONF_OFF_BTB_MISS_BP_TAKEN_CONF_3_FETCH_TARGETS             0         -nan%                0         -nan%
DFE_ON_CONF_OFF_BTB_MISS_RATE_FETCH_TARGETS             0         -nan%                0         -nan%
DFE_ON_CONF_OFF_IBTB_MISS_RATE_FETCH_TARGETS             0         -nan%                0         -nan%
DFE_ON_CONF_OFF_MISFETCH_RATE_FETCH_TARGETS             0         -nan%                0         -nan%
DFE_ON_CONF_OFF_MISPRED_RATE_FETCH_TARGETS             0         -nan%                0         -nan%
DFE_ON_CONF_OFF_INV_CONF_INC_FETCH_TARGETS             0         -nan%                0         -nan%
DFE_ON_CONF_OFF_PERFECT_CONF_FETCH_TARGETS             0         -nan%                0         -nan%
                                                     0         -nan%                0         -nan%
                                                  -nan         -nan              -nan         -nan

CONF_OFF_IBTB_MISS_BP_TAKEN                          0         -nan%                0         -nan%
CONF_OFF_BTB_MISS_BP_TAKEN_CONF_0                    0         -nan%                0         -nan%
CONF_OFF_BTB_MISS_BP_TAKEN_CONF_1                    0         -nan%                0         -nan%
CONF_OFF_BTB_MISS_BP_TAKEN_CONF_2                    0         -nan%                0         -nan%
CONF_OFF_BTB_MISS_BP_TAKEN_CONF_3                    0         -nan%                0         -nan%
CONF_OFF_BTB_MISS_RATE                               0         -nan%                0         -nan%
CONF_OFF_IBTB_MISS_RATE                              0         -nan%                0         -nan%
CONF_OFF_MISFETCH_RATE                               0         -nan%                0         -nan%
CONF_OFF_MISPRED_RATE                                0         -nan%                0         -nan%
CONF_OFF_INV_CONF_INC                                0         -nan%                0         -nan%
CONF_OFF_PERFECT_CONF                                0         -nan%                0         -nan%
                                                     0         -nan%                0         -nan%
                                                  -nan         -nan              -nan         -nan

TOPDOWN_TOTAL_SLOTS                          141974990                      287738340              

TOPDOWN_ISSUED_SLOTS                          45904332                       91756591              

TOPDOWN_RETIRED_SLOTS                         12290721                       24591564              

TOPDOWN_FETCH_BUBBLES_SLOTS                   60116464                      120769701              

TOPDOWN_RECOVERY_BUBBLES_SLOTS                 7820392                       15679026              

TOPDOWN_MEM_LOAD_STALLS_CYCLES                 2786371                        5901288              

TOPDOWN_MEM_STORE_STALLS_CYCLES                      0                              0              

TOPDOWN_EXEC_STALLS_CYCLES                     2701941                        5796377              

TOPDOWN_BACKEND_STALLS_CYCLES                  2786371                        5901293              

TOPDOWN_FETCH_BUBBLES_GT_MIW_CYCLES            1046531                        2098269              

TOPDOWN_BR_MISPRED_RETIRED_CYCLES               204586                         411325              

TOPDOWN_MACHINE_CLEAR_CYCLES                    422090                         845352              

TOPDOWN_FRONTEND_BOUND                            4234                           4234              

TOPDOWN_BACKEND_BOUND                             1983                           1983              

TOPDOWN_BAD_SPEC_BOUND                            2918                           2918              

TOPDOWN_RETIRING_BOUND                             865                            865              

TOPDOWN_FETCH_LATENCY_BOUND                        737                            737              

TOPDOWN_FETCH_BANDWIDTH_BOUND                     3497                           3497              

TOPDOWN_MEM_BOUND                                 1983                           1983              

TOPDOWN_CORE_BOUND                                   0                              0              

TOPDOWN_BR_MISPREDICTS_BOUND                       952                            952              

TOPDOWN_MACHINE_CLEARS_BOUND                      1966                           1966              



