/* -*- Mode: c -*- */
####################################################################################################
Core 0
####################################################################################################
Cumulative:        Cycles: 28340946              Instructions: 19999999              IPC: 0.70569

Periodic:          Cycles: 12956796              Instructions: 9999996               IPC: 0.77180

EXECUTION_TIME                           4048998750000                  8856545625000              

SIM_HOST_WALL_SECONDS                        86.567423                      86.567423              

NODE_CYCLE                                    12956796                       28340946              

NODE_INST_COUNT                                9999996                       19999999              

NODE_INST_COUNT_FETCHED                        9999996                       19999999              

NODE_UOP_COUNT                                12101816                       24173225              

EXEC_STAGE_NO_ISSUE_STALL_CYCLE                3881864                        7825978              

EXEC_STAGE_NO_ISSUE_STALL_CYCLE_ONPATH         3595061                        7286031              

FULL_WINDOW_STALL                                  130        0.001%            22353        0.079%

FULL_WINDOW_MEM_OP                                 125      100.000%            21880       99.890%
FULL_WINDOW_FP_OP                                    0        0.000%                0        0.000%
FULL_WINDOW_OTHER_OP                                 0        0.000%               24        0.110%
                                                   125      100.000%            21904      100.000%
                                                  0.00         0.00              0.00         0.07

RET_BLOCKED_DC_MISS                           10942245       84.452%         24328265       85.841%

RET_BLOCKED_L1_MISS                            5270977       40.681%         13183833       46.519%

RET_BLOCKED_L1_MISS_BW_PREF                     474346        3.661%          1018274        3.593%

RET_BLOCKED_L1_ACCESS                          5671333       43.771%         11144579       39.323%

RET_BLOCKED_MEM_STALL                          5271528       40.685%         13184482       46.521%

RET_BLOCKED_OFFCHIP_DEMAND                           0        0.000%                0        0.000%

OP_ISSUED                                     12671712                       25331807              

OP_RETIRED                                    12101816                       24173225              

OP_MACRO_FUSION_ONPATH                         2713457                        5363099              

OP_MACRO_FUSION_OFFPATH                         328310                         601861              

REPLAY_SIGNALED                                      0                              0              

REPLAY_COUNTED                                       0                              0              

OFF_CRITICAL_PATH                                    0         -nan%                0         -nan%
ON_CRITICAL_PATH                                     0         -nan%                0         -nan%
                                                     0         -nan%                0         -nan%
                                                  -nan         -nan              -nan         -nan

LD_NO_DEPENDENTS                                 42710        1.388%            90404        1.475%
LD_DEPENDENTS                                  3034835       98.612%          6040570       98.525%
                                               3077545      100.000%          6130974      100.000%
                                                  0.99         0.98              0.99         0.98

LD_EXEC_CYCLES_0                                     0        0.000%                0        0.000%
LD_EXEC_CYCLES_1                                     0        0.000%                0        0.000%
LD_EXEC_CYCLES_2                                     0        0.000%                0        0.000%
LD_EXEC_CYCLES_3                                  2295       45.159%             3649       45.211%
LD_EXEC_CYCLES_4                                  2787       54.841%             4422       54.789%
                                                  5082      100.000%             8071      100.000%
                                                  3.55         2.67              3.55         2.67

ICACHE_STAGE_STARVED                            111776        1.210%           260639        1.186%
ICACHE_STAGE_NOT_STARVED                       9124590       98.790%         21721152       98.814%
                                               9236366      100.000%         21981791      100.000%
                                                  0.99         0.98              0.99         0.98

ICACHE_STAGE_STALLED                           6750964       52.104%         16993403       59.961%
ICACHE_STAGE_NOT_STALLED                       2485402       19.182%          4988388       17.601%
ICACHE_STAGE_OFF_PATH                          3720430       28.714%          6359155       22.438%
                                              12956796      100.000%         28340946      100.000%
                                                  0.77         0.78              0.62         0.73

DECODE_STAGE_STARVED                          12651291       98.738%         27621009       98.813%
DECODE_STAGE_NOT_STARVED                        161734        1.262%           331752        1.187%
                                              12813025      100.000%         27952761      100.000%
                                                  0.01         0.11              0.01         0.11

DECODE_STAGE_STALLED                           2187634       16.884%          3502335       12.358%
DECODE_STAGE_NOT_STALLED                      10625391       82.006%         24450426       86.272%
DECODE_STAGE_OFF_PATH                           143771        1.110%           388185        1.370%
                                              12956796      100.000%         28340946      100.000%
                                                  0.84         0.21              0.89         0.20

UOPQ_STAGE_STARVED                              418739       16.167%           930887       17.814%
UOPQ_STAGE_NOT_STARVED                         2171356       83.833%          4294837       82.186%
                                               2590095      100.000%          5225724      100.000%
                                                  0.84         0.78              0.82         0.76

UOPQ_STAGE_STALLED                             6736902       51.995%         16973412       59.890%
UOPQ_STAGE_NOT_STALLED                         2590095       19.990%          5225724       18.439%
UOPQ_STAGE_OFF_PATH                            3629799       28.015%          6141810       21.671%
                                              12956796      100.000%         28340946      100.000%
                                                  0.76         0.78              0.62         0.72

RS_OP_READY_NOT_ISSUED_TOTAL                   3553183                        7185212              

RS_0_OP_READY_NOT_ISSUED                       2633077                        5203330              

RS_1_OP_READY_NOT_ISSUED                        523164                        1109465              

RS_2_OP_READY_NOT_ISSUED                        396942                         872417              

RS_3_OP_READY_NOT_ISSUED                             0                              0              

RS_4_OP_READY_NOT_ISSUED                             0                              0              

RS_5_OP_READY_NOT_ISSUED                             0                              0              

RS_6_OP_READY_NOT_ISSUED                             0                              0              

RS_7_OP_READY_NOT_ISSUED                             0                              0              

RS_7_PLUS_OP_READY_NOT_ISSUED                        0                              0              

FU_IDLE_NO_READY_OPS_TOTAL                    83937356                      187107966              

FU_0_IDLE_NO_READY_OPS                         8886362                       20136529              

FU_1_IDLE_NO_READY_OPS                         9474420                       21337757              

FU_2_IDLE_NO_READY_OPS                        10333112                       23170003              

FU_3_IDLE_NO_READY_OPS                        10821886                       24021853              

FU_4_IDLE_NO_READY_OPS                         9584825                       21581720              

FU_5_IDLE_NO_READY_OPS                         9202936                       20779962              

FU_6_IDLE_NO_READY_OPS                        12814193                       28036824              

FU_7_IDLE_NO_READY_OPS                        12819622                       28043318              

FU_8_IDLE_NO_READY_OPS                               0                              0              

FU_9_IDLE_NO_READY_OPS                               0                              0              

FU_10_IDLE_NO_READY_OPS                              0                              0              

FU_11_IDLE_NO_READY_OPS                              0                              0              

FU_12_IDLE_NO_READY_OPS                              0                              0              

FU_13_IDLE_NO_READY_OPS                              0                              0              

FU_14_IDLE_NO_READY_OPS                              0                              0              

FU_15_IDLE_NO_READY_OPS                              0                              0              

FU_16_IDLE_NO_READY_OPS                              0                              0              

FU_17_IDLE_NO_READY_OPS                              0                              0              

FU_18_IDLE_NO_READY_OPS                              0                              0              

FU_19_IDLE_NO_READY_OPS                              0                              0              

FU_20_IDLE_NO_READY_OPS                              0                              0              

FU_21_IDLE_NO_READY_OPS                              0                              0              

FU_22_IDLE_NO_READY_OPS                              0                              0              

FU_23_IDLE_NO_READY_OPS                              0                              0              

FU_24_IDLE_NO_READY_OPS                              0                              0              

FU_25_IDLE_NO_READY_OPS                              0                              0              

FU_26_IDLE_NO_READY_OPS                              0                              0              

FU_27_IDLE_NO_READY_OPS                              0                              0              

FU_28_IDLE_NO_READY_OPS                              0                              0              

FU_29_IDLE_NO_READY_OPS                              0                              0              

FU_30_IDLE_NO_READY_OPS                              0                              0              

FU_31_IDLE_NO_READY_OPS                              0                              0              

FU_31_PLUS_IDLE_NO_READY_OPS                         0                              0              

MAP_STAGE_STARVED                               165940        9.591%           368369       10.801%
MAP_STAGE_NOT_STARVED                          1564192       90.409%          3042227       89.199%
                                               1730132      100.000%          3410596      100.000%
                                                  0.90         0.86              0.89         0.85

MAP_STAGE_STALLED                                 2370        0.117%             3469        0.087%
MAP_STAGE_NOT_STALLED                          1727762       85.588%          3407127       85.208%
MAP_STAGE_OFF_PATH                              288572       14.295%           587999       14.705%
                                               2018704      100.000%          3998595      100.000%
                                                  1.14         0.56              1.15         0.56

MAP_STAGE_STALL_ITSELF                        10938092       84.420%         24342351       85.891%
MAP_STAGE_NOT_STALL_ITSELF                     2018704       15.580%          3998595       14.109%
                                              12956796      100.000%         28340946      100.000%
                                                  0.16         0.34              0.14         0.33

MAP_STAGE_LATE_ALLOCATE_SEND_BACK                    0                              0              

MAP_STAGE_RENAME_OP_ONPATH                    12101558                       24173225              

MAP_STAGE_RENAME_OP_OFFPATH                    1712606                        3180660              

MAP_STAGE_RENAME_INT_REG_ONPATH               10428612                       20750591              

MAP_STAGE_RENAME_INT_REG_OFFPATH               1635527                        2913408              

MAP_STAGE_RENAME_VEC_REG_ONPATH                    384                            834              

MAP_STAGE_RENAME_VEC_REG_OFFPATH                    80                            288              

MAP_STAGE_RENAME_MOVE_ELIM_ONPATH                    0                              0              

MAP_STAGE_RENAME_MOVE_ELIM_OFFPATH                   0                              0              

MAP_STAGE_ONPATH_INT_REG_NUM_ALLOC            10428830                       20750572              

MAP_STAGE_ONPATH_VEC_REG_NUM_ALLOC                 384                            832              

MAP_STAGE_ONPATH_INT_REG_NUM_SHORTLIVE         3694229                        7406039              

MAP_STAGE_ONPATH_VEC_REG_NUM_SHORTLIVE             120                            254              

MAP_STAGE_ONPATH_INT_REG_USE_COUNT_0           1827131                        3594930              

MAP_STAGE_ONPATH_VEC_REG_USE_COUNT_0                 0                              0              

MAP_STAGE_ONPATH_INT_REG_USE_COUNT_1           5897119                       11805814              

MAP_STAGE_ONPATH_VEC_REG_USE_COUNT_1               349                            765              

MAP_STAGE_ONPATH_INT_REG_USE_COUNT_2           1746038                        3427037              

MAP_STAGE_ONPATH_VEC_REG_USE_COUNT_2                20                             36              

MAP_STAGE_ONPATH_INT_REG_USE_COUNT_3            735733                        1454976              

MAP_STAGE_ONPATH_VEC_REG_USE_COUNT_3                 0                              0              

MAP_STAGE_ONPATH_INT_REG_USE_COUNT_4             40357                          85223              

MAP_STAGE_ONPATH_VEC_REG_USE_COUNT_4                15                             31              

MAP_STAGE_ONPATH_INT_REG_USE_COUNT_5              2295                           4704              

MAP_STAGE_ONPATH_VEC_REG_USE_COUNT_5                 0                              0              

MAP_STAGE_ONPATH_INT_REG_USE_COUNT_6             71585                         150181              

MAP_STAGE_ONPATH_VEC_REG_USE_COUNT_6                 0                              0              

MAP_STAGE_ONPATH_INT_REG_USE_COUNT_7_PLUS        108572                         227707              

MAP_STAGE_ONPATH_VEC_REG_USE_COUNT_7_PLUS             0                              0              

MAP_STAGE_ONPATH_INT_REG_CONSUME_DIST_0              0        0.0000                0        0.0000

MAP_STAGE_ONPATH_VEC_REG_CONSUME_DIST_0              0          -nan                0          -nan

MAP_STAGE_ONPATH_INT_REG_CONSUME_DIST_1              0        0.0000                0        0.0000

MAP_STAGE_ONPATH_VEC_REG_CONSUME_DIST_1              0        0.0000                0        0.0000

MAP_STAGE_ONPATH_INT_REG_CONSUME_DIST_2       13481403        7.7211         32117601        9.3718

MAP_STAGE_ONPATH_VEC_REG_CONSUME_DIST_2            191        9.5500              271        7.5278

MAP_STAGE_ONPATH_INT_REG_CONSUME_DIST_3        7227959        9.8242         18249520       12.5428

MAP_STAGE_ONPATH_VEC_REG_CONSUME_DIST_3              0          -nan                0          -nan

MAP_STAGE_ONPATH_INT_REG_CONSUME_DIST_4       12813815      317.5116         27865309      326.9694

MAP_STAGE_ONPATH_VEC_REG_CONSUME_DIST_4             33        2.2000               73        2.3548

MAP_STAGE_ONPATH_INT_REG_CONSUME_DIST_5          86591       37.7303           214258       45.5480

MAP_STAGE_ONPATH_VEC_REG_CONSUME_DIST_5              0          -nan                0          -nan

MAP_STAGE_ONPATH_INT_REG_CONSUME_DIST_6        3083988       43.0815          6095526       40.5879

MAP_STAGE_ONPATH_VEC_REG_CONSUME_DIST_6              0          -nan                0          -nan

MAP_STAGE_ONPATH_INT_REG_CONSUME_DIST_7_PLUS      59988097      552.5190        101461918      445.5810

MAP_STAGE_ONPATH_VEC_REG_CONSUME_DIST_7_PLUS             0          -nan                0          -nan

MAP_STAGE_INT_REG_ISSUE_READ_TOTAL_CONSUMED      14264273        3.6746         28369005        3.6250

MAP_STAGE_VEC_REG_ISSUE_READ_TOTAL_CONSUMED           470        0.0001             1012        0.0001

MAP_STAGE_INT_REG_ISSUE_READ_MULTI_CONSUMED       5301249        1.3656         10508965        1.3428

MAP_STAGE_VEC_REG_ISSUE_READ_MULTI_CONSUMED            68        0.0000              139        0.0000

MAP_STAGE_INT_REG_ISSUE_READ_SAME_CYCLE_CONSUMED       2169255        0.5588          4319786        0.5520

MAP_STAGE_VEC_REG_ISSUE_READ_SAME_CYCLE_CONSUMED            29        0.0000               61        0.0000

MAP_STAGE_INT_REG_ISSUE_READ_TOTAL_CONSUMED_ONPATH      13701679        3.8113         27264012        3.7420

MAP_STAGE_VEC_REG_ISSUE_READ_TOTAL_CONSUMED_ONPATH           449        0.0001              963        0.0001

MAP_STAGE_INT_REG_ISSUE_READ_MULTI_CONSUMED_ONPATH       5100089        1.4186         10108346        1.3874

MAP_STAGE_VEC_REG_ISSUE_READ_MULTI_CONSUMED_ONPATH            65        0.0000              129        0.0000

MAP_STAGE_INT_REG_ISSUE_READ_SAME_CYCLE_CONSUMED_ONPATH       2034225        0.5658          4077898        0.5597

MAP_STAGE_VEC_REG_ISSUE_READ_SAME_CYCLE_CONSUMED_ONPATH            28        0.0000               58        0.0000

MAP_STAGE_ONPATH_INT_REG_LIFECYCLE_EMPTY    1625488991                     3439257884              

MAP_STAGE_ONPATH_VEC_REG_LIFECYCLE_EMPTY         11322                          18142              

MAP_STAGE_ONPATH_INT_REG_LIFECYCLE_IN_USE    1980702084                     4256040374              

MAP_STAGE_ONPATH_VEC_REG_LIFECYCLE_IN_USE         22320                          32983              

MAP_STAGE_ONPATH_INT_REG_LIFECYCLE_SPEC_RELEASE    2731528933                     6085416994              

MAP_STAGE_ONPATH_VEC_REG_LIFECYCLE_SPEC_RELEASE      31816976                       48366489              

MAP_STAGE_ONPATH_INT_REG_LIFECYCLE_NONSPEC_RELEASE    2731528933                     6085416994              

MAP_STAGE_ONPATH_VEC_REG_LIFECYCLE_NONSPEC_RELEASE      31816976                       48366489              

MAP_STAGE_ONPATH_INT_REG_LIFECYCLE_TOTAL    2731528933                     6085416994              

MAP_STAGE_ONPATH_VEC_REG_LIFECYCLE_TOTAL      31816976                       48366489              

MAP_STAGE_ONPATH_INT_REG_NUM_NONBRANCH        10428830                       20750572              

MAP_STAGE_ONPATH_VEC_REG_NUM_NONBRANCH             384                            832              

MAP_STAGE_ONPATH_INT_REG_NUM_NONEXCEPT        10428830                       20750572              

MAP_STAGE_ONPATH_VEC_REG_NUM_NONEXCEPT             384                            832              

MAP_STAGE_ONPATH_INT_REG_NUM_ATOMIC           10428830                       20750572              

MAP_STAGE_ONPATH_VEC_REG_NUM_ATOMIC                384                            832              

MAP_STAGE_ONPATH_INT_REG_ATOMIC_REDEFINED_DIST_TOTAL    2731528933      261.9209       6085416994      293.2650

MAP_STAGE_ONPATH_VEC_REG_ATOMIC_REDEFINED_DIST_TOTAL      31816976    82856.7083         48366489    58132.7993

MAP_STAGE_ONPATH_INT_REG_ATOMIC_CONSUMED_DIST_TOTAL    1980702084      189.9256       4256040374      205.1047

MAP_STAGE_ONPATH_VEC_REG_ATOMIC_CONSUMED_DIST_TOTAL         22320       58.1250            32983       39.6430

MAP_STAGE_ONPATH_INT_REG_ATOMIC_RELEASE_DIST_TOTAL    2731528933      261.9209       6085416994      293.2650

MAP_STAGE_ONPATH_VEC_REG_ATOMIC_RELEASE_DIST_TOTAL      31816976    82856.7083         48366489    58132.7993

EXEC_STAGE_STARVED                            12365699       95.438%         27186584       95.927%
EXEC_STAGE_NOT_STARVED                          142863        1.103%           287284        1.014%
EXEC_STAGE_OFF_PATH                             448234        3.459%           867078        3.059%
                                              12956796      100.000%         28340946      100.000%
                                                  0.08         0.37              0.07         0.35

FU_BUSY_0                                      3661286                        7367648              

FU_BUSY_1                                      2256176                        4553965              

FU_BUSY_2                                      1895216                        3717405              

FU_BUSY_3                                      1502023                        3039854              

FU_BUSY_4                                      1535382                        2966172              

FU_BUSY_5                                      1824606                        3674097              

FU_BUSY_6                                        75431                         160223              

FU_BUSY_7                                        73109                         158497              

FU_BUSY_8                                            0                              0              

FU_BUSY_9                                            0                              0              

FU_BUSY_10                                           0                              0              

FU_BUSY_11                                           0                              0              

FU_BUSY_12                                           0                              0              

FU_BUSY_13                                           0                              0              

FU_BUSY_14                                           0                              0              

FU_BUSY_15                                           0                              0              

FU_BUSY_16                                           0                              0              

FU_BUSY_17                                           0                              0              

FU_BUSY_18                                           0                              0              

FU_BUSY_19                                           0                              0              

FU_BUSY_20                                           0                              0              

FU_BUSY_21                                           0                              0              

FU_BUSY_22                                           0                              0              

FU_BUSY_23                                           0                              0              

FU_BUSY_24                                           0                              0              

FU_BUSY_25                                           0                              0              

FU_BUSY_26                                           0                              0              

FU_BUSY_27                                           0                              0              

FU_BUSY_28                                           0                              0              

FU_BUSY_29                                           0                              0              

FU_BUSY_30                                           0                              0              

FU_BUSY_31                                           0                              0              

FU_REJECTED_OP_INV_NOT_SIMD                          0        0.000%                0        0.000%
FU_REJECTED_OP_NOP_NOT_SIMD                         61        0.048%              348        0.136%
FU_REJECTED_OP_CF_NOT_SIMD                          24        0.019%               69        0.027%
FU_REJECTED_OP_MOV_NOT_SIMD                        275        0.218%              573        0.225%
FU_REJECTED_OP_CMOV_NOT_SIMD                         0        0.000%                4        0.002%
FU_REJECTED_OP_LDA_NOT_SIMD                        119        0.095%              255        0.100%
FU_REJECTED_OP_IMEM_NOT_SIMD                    124330       98.755%           251672       98.620%
FU_REJECTED_OP_IADD_NOT_SIMD                       292        0.232%              568        0.223%
FU_REJECTED_OP_IMUL_NOT_SIMD                       360        0.286%              749        0.294%
FU_REJECTED_OP_IDIV_NOT_SIMD                         7        0.006%               61        0.024%
FU_REJECTED_OP_ICMP_NOT_SIMD                         3        0.002%               22        0.009%
FU_REJECTED_OP_LOGIC_NOT_SIMD                      198        0.157%              414        0.162%
FU_REJECTED_OP_SHIFT_NOT_SIMD                      193        0.153%              356        0.140%
FU_REJECTED_OP_FMEM_NOT_SIMD                         7        0.006%               24        0.009%
FU_REJECTED_OP_FCVT_NOT_SIMD                         0        0.000%                0        0.000%
FU_REJECTED_OP_FADD_NOT_SIMD                         0        0.000%                0        0.000%
FU_REJECTED_OP_FMUL_NOT_SIMD                         0        0.000%                0        0.000%
FU_REJECTED_OP_FMA_NOT_SIMD                          0        0.000%                0        0.000%
FU_REJECTED_OP_FDIV_NOT_SIMD                         0        0.000%                0        0.000%
FU_REJECTED_OP_FCMP_NOT_SIMD                         0        0.000%                0        0.000%
FU_REJECTED_OP_FCMOV_NOT_SIMD                        0        0.000%                0        0.000%
FU_REJECTED_OP_GATHER_NOT_SIMD                       0        0.000%                0        0.000%
FU_REJECTED_OP_SCATTER_NOT_SIMD                      0        0.000%                0        0.000%
FU_REJECTED_OP_PIPELINED_FAST_NOT_SIMD               0        0.000%                0        0.000%
FU_REJECTED_OP_PIPELINED_MEDIUM_NOT_SIMD             0        0.000%                0        0.000%
FU_REJECTED_OP_PIPELINED_SLOW_NOT_SIMD               0        0.000%                0        0.000%
FU_REJECTED_OP_NOTPIPELINED_MEDIUM_NOT_SIMD             0        0.000%                0        0.000%
FU_REJECTED_OP_NOTPIPELINED_SLOW_NOT_SIMD             0        0.000%                0        0.000%
FU_REJECTED_OP_NOTPIPELINED_VERY_SLOW_NOT_SIMD             0        0.000%                0        0.000%
FU_REJECTED_OP_INV_SIMD                              0        0.000%                0        0.000%
FU_REJECTED_OP_NOP_SIMD                              0        0.000%                0        0.000%
FU_REJECTED_OP_CF_SIMD                               0        0.000%                0        0.000%
FU_REJECTED_OP_MOV_SIMD                             27        0.021%               73        0.029%
FU_REJECTED_OP_CMOV_SIMD                             0        0.000%                0        0.000%
FU_REJECTED_OP_LDA_SIMD                              0        0.000%                0        0.000%
FU_REJECTED_OP_IMEM_SIMD                             0        0.000%                0        0.000%
FU_REJECTED_OP_IADD_SIMD                             0        0.000%                0        0.000%
FU_REJECTED_OP_IMUL_SIMD                             0        0.000%                0        0.000%
FU_REJECTED_OP_IDIV_SIMD                             0        0.000%                0        0.000%
FU_REJECTED_OP_ICMP_SIMD                             0        0.000%                0        0.000%
FU_REJECTED_OP_LOGIC_SIMD                            0        0.000%                0        0.000%
FU_REJECTED_OP_SHIFT_SIMD                            0        0.000%                0        0.000%
FU_REJECTED_OP_FMEM_SIMD                             0        0.000%                0        0.000%
FU_REJECTED_OP_FCVT_SIMD                             1        0.001%                2        0.001%
FU_REJECTED_OP_FADD_SIMD                             1        0.001%                4        0.002%
FU_REJECTED_OP_FMUL_SIMD                             0        0.000%                0        0.000%
FU_REJECTED_OP_FMA_SIMD                              0        0.000%                0        0.000%
FU_REJECTED_OP_FDIV_SIMD                             0        0.000%                0        0.000%
FU_REJECTED_OP_FCMP_SIMD                             0        0.000%                0        0.000%
FU_REJECTED_OP_FCMOV_SIMD                            0        0.000%                0        0.000%
FU_REJECTED_OP_GATHER_SIMD                           0        0.000%                0        0.000%
FU_REJECTED_OP_SCATTER_SIMD                          0        0.000%                0        0.000%
FU_REJECTED_OP_PIPELINED_FAST_SIMD                   0        0.000%                0        0.000%
FU_REJECTED_OP_PIPELINED_MEDIUM_SIMD                 0        0.000%                0        0.000%
FU_REJECTED_OP_PIPELINED_SLOW_SIMD                   0        0.000%                0        0.000%
FU_REJECTED_OP_NOTPIPELINED_MEDIUM_SIMD              0        0.000%                0        0.000%
FU_REJECTED_OP_NOTPIPELINED_SLOW_SIMD                0        0.000%                0        0.000%
FU_REJECTED_OP_NOTPIPELINED_VERY_SLOW_SIMD             0        0.000%                0        0.000%
                                                125898      100.000%           255194      100.000%
                                                  6.02         0.56              6.02         0.63

LSQ_FULL_TOTAL                                    3826                           6821              

LSQ_FULL_LOAD_QUEUE                                  0                              0              

LSQ_FULL_STORE_QUEUE                              3826                           6821              

OP_WAIT_0                                      7689001                       15321013              

OP_WAIT_1                                      1759376                        3502515              

OP_WAIT_2                                       413024                         806182              

OP_WAIT_3                                       305386                         582797              

OP_WAIT_4                                       226596                         448160              

OP_WAIT_5                                       200902                         397775              

OP_WAIT_6                                       216815                         414395              

OP_WAIT_7                                       148314                         295684              

OP_WAIT_8                                        89039                         201430              

OP_WAIT_9                                        82669                         180133              

OP_WAIT_10                                       76897                         157272              

OP_WAIT_11                                       55859                         103472              

OP_WAIT_12                                       68878                         121018              

OP_WAIT_13                                       83081                         145211              

OP_WAIT_14                                       65700                         114337              

OP_WAIT_15                                       35387                          66612              

OP_WAIT_16                                       21516                          40315              

OP_WAIT_17                                       25195                          49890              

OP_WAIT_18                                       20372                          40781              

OP_WAIT_19                                       13752                          34310              

OP_WAIT_20                                       15623                          39047              

OP_WAIT_21                                        7008                          19730              

OP_WAIT_22                                        6581                          14732              

OP_WAIT_23                                        5634                          12048              

OP_WAIT_24                                        6768                          15256              

OP_WAIT_25                                        7277                          20188              

OP_WAIT_26                                        6094                          20578              

OP_WAIT_27                                        4165                          15701              

OP_WAIT_28                                        3049                          12312              

OP_WAIT_29                                        3407                           9221              

OP_WAIT_30                                        2489                           6524              

OP_WAIT_31                                      435962                         964586              

ROW_SIZE_0                                    10967293                       24354907              

ROW_SIZE_1                                      427750                         857007              

ROW_SIZE_2                                       40975                          86176              

ROW_SIZE_3                                       51057                         101116              

ROW_SIZE_4                                      117792                         212218              

ROW_SIZE_5                                       54381                         115016              

ROW_SIZE_6                                       58785                         109352              

ROW_SIZE_7                                       34980                          63402              

ROW_SIZE_8                                      209033                         395096              

ROW_SIZE_9                                       27992                          61058              

ROW_SIZE_10                                     817411                        1660635              

ROW_SIZE_11                                          0                              0              

ROW_SIZE_12                                          0                              0              

ROW_SIZE_13                                          0                              0              

ROW_SIZE_14                                          0                              0              

ROW_SIZE_15                                          0                              0              

ROW_SIZE_16                                          0                              0              

ROW_SIZE_17                                          0                              0              

ROW_SIZE_18                                          0                              0              

ROW_SIZE_19                                          0                              0              

ROW_SIZE_20                                          0                              0              

ROW_SIZE_21                                          0                              0              

ROW_SIZE_22                                          0                              0              

ROW_SIZE_23                                          0                              0              

ROW_SIZE_24                                          0                              0              

ROW_SIZE_25                                          0                              0              

ROW_SIZE_26                                          0                              0              

ROW_SIZE_27                                          0                              0              

ROW_SIZE_28                                          0                              0              

ROW_SIZE_29                                          0                              0              

ROW_SIZE_30                                          0                              0              

ROW_SIZE_31                                          0                              0              

RET_OP_EXEC_COUNT_0                                  0        0.000%                0        0.000%
RET_OP_EXEC_COUNT_1                           12101816      100.000%         24173225      100.000%
RET_OP_EXEC_COUNT_2                                  0        0.000%                0        0.000%
RET_OP_EXEC_COUNT_3                                  0        0.000%                0        0.000%
RET_OP_EXEC_COUNT_4                                  0        0.000%                0        0.000%
RET_OP_EXEC_COUNT_5                                  0        0.000%                0        0.000%
RET_OP_EXEC_COUNT_6                                  0        0.000%                0        0.000%
RET_OP_EXEC_COUNT_7                                  0        0.000%                0        0.000%
RET_OP_EXEC_COUNT_8                                  0        0.000%                0        0.000%
RET_OP_EXEC_COUNT_9                                  0        0.000%                0        0.000%
RET_OP_EXEC_COUNT_10                                 0        0.000%                0        0.000%
RET_OP_EXEC_COUNT_11                                 0        0.000%                0        0.000%
RET_OP_EXEC_COUNT_12                                 0        0.000%                0        0.000%
RET_OP_EXEC_COUNT_13                                 0        0.000%                0        0.000%
RET_OP_EXEC_COUNT_14                                 0        0.000%                0        0.000%
RET_OP_EXEC_COUNT_15                                 0        0.000%                0        0.000%
RET_OP_EXEC_COUNT_16                                 0        0.000%                0        0.000%
RET_OP_EXEC_COUNT_17                                 0        0.000%                0        0.000%
RET_OP_EXEC_COUNT_18                                 0        0.000%                0        0.000%
RET_OP_EXEC_COUNT_19                                 0        0.000%                0        0.000%
RET_OP_EXEC_COUNT_20                                 0        0.000%                0        0.000%
RET_OP_EXEC_COUNT_21                                 0        0.000%                0        0.000%
RET_OP_EXEC_COUNT_22                                 0        0.000%                0        0.000%
RET_OP_EXEC_COUNT_23                                 0        0.000%                0        0.000%
RET_OP_EXEC_COUNT_24                                 0        0.000%                0        0.000%
RET_OP_EXEC_COUNT_25                                 0        0.000%                0        0.000%
RET_OP_EXEC_COUNT_26                                 0        0.000%                0        0.000%
RET_OP_EXEC_COUNT_27                                 0        0.000%                0        0.000%
RET_OP_EXEC_COUNT_28                                 0        0.000%                0        0.000%
RET_OP_EXEC_COUNT_29                                 0        0.000%                0        0.000%
RET_OP_EXEC_COUNT_30                                 0        0.000%                0        0.000%
RET_OP_EXEC_COUNT_31                                 0        0.000%                0        0.000%
RET_OP_EXEC_COUNT_32                                 0        0.000%                0        0.000%
                                              12101816      100.000%         24173225      100.000%
                                                  1.00         0.00              1.00         0.00

RET_STALL_LENGTH_0                            12064229       99.689%         24076465       99.600%
RET_STALL_LENGTH_100                             34381        0.284%            90628        0.375%
RET_STALL_LENGTH_200                              1917        0.016%             3779        0.016%
RET_STALL_LENGTH_300                               557        0.005%              864        0.004%
RET_STALL_LENGTH_400                               189        0.002%              291        0.001%
RET_STALL_LENGTH_500                                57        0.000%              105        0.000%
RET_STALL_LENGTH_600                                25        0.000%               45        0.000%
RET_STALL_LENGTH_700                                17        0.000%               31        0.000%
RET_STALL_LENGTH_800                                22        0.000%               40        0.000%
RET_STALL_LENGTH_900                                30        0.000%               48        0.000%
RET_STALL_LENGTH_1000                               32        0.000%               53        0.000%
RET_STALL_LENGTH_1100                               49        0.000%               81        0.000%
RET_STALL_LENGTH_1200                              214        0.002%              584        0.002%
RET_STALL_LENGTH_1300                               81        0.001%              181        0.001%
RET_STALL_LENGTH_1400                               10        0.000%               17        0.000%
RET_STALL_LENGTH_1500                                6        0.000%               11        0.000%
RET_STALL_LENGTH_1600                                0        0.000%                2        0.000%
RET_STALL_LENGTH_1700                                0        0.000%                0        0.000%
RET_STALL_LENGTH_1800                                0        0.000%                0        0.000%
RET_STALL_LENGTH_1900                                0        0.000%                0        0.000%
RET_STALL_LENGTH_2000                                0        0.000%                0        0.000%
RET_STALL_LENGTH_2100                                0        0.000%                0        0.000%
RET_STALL_LENGTH_2200                                0        0.000%                0        0.000%
RET_STALL_LENGTH_2300                                0        0.000%                0        0.000%
RET_STALL_LENGTH_2400                                0        0.000%                0        0.000%
RET_STALL_LENGTH_2500                                0        0.000%                0        0.000%
RET_STALL_LENGTH_2600                                0        0.000%                0        0.000%
RET_STALL_LENGTH_2700                                0        0.000%                0        0.000%
RET_STALL_LENGTH_2800                                0        0.000%                0        0.000%
RET_STALL_LENGTH_2900                                0        0.000%                0        0.000%
RET_STALL_LENGTH_3000                                0        0.000%                0        0.000%
RET_STALL_LENGTH_3100                                0        0.000%                0        0.000%
RET_STALL_LENGTH_3200                                0        0.000%                0        0.000%
RET_STALL_LENGTH_3300                                0        0.000%                0        0.000%
RET_STALL_LENGTH_3400                                0        0.000%                0        0.000%
RET_STALL_LENGTH_3500                                0        0.000%                0        0.000%
RET_STALL_LENGTH_3600                                0        0.000%                0        0.000%
RET_STALL_LENGTH_3700                                0        0.000%                0        0.000%
RET_STALL_LENGTH_3800                                0        0.000%                0        0.000%
RET_STALL_LENGTH_3900                                0        0.000%                0        0.000%
RET_STALL_LENGTH_4000                                0        0.000%                0        0.000%
RET_STALL_LENGTH_4100                                0        0.000%                0        0.000%
RET_STALL_LENGTH_4200                                0        0.000%                0        0.000%
RET_STALL_LENGTH_4300                                0        0.000%                0        0.000%
RET_STALL_LENGTH_4400                                0        0.000%                0        0.000%
RET_STALL_LENGTH_4500                                0        0.000%                0        0.000%
RET_STALL_LENGTH_4600                                0        0.000%                0        0.000%
RET_STALL_LENGTH_4700                                0        0.000%                0        0.000%
RET_STALL_LENGTH_4800                                0        0.000%                0        0.000%
RET_STALL_LENGTH_4900                                0        0.000%                0        0.000%
RET_STALL_LENGTH_5000                                0        0.000%                0        0.000%
                                              12101816      100.000%         24173225      100.000%
                                                  0.00         0.10              0.00         0.10

MEM_BLOCK_LENGTH_0                                 588       95.146%              849       95.716%
MEM_BLOCK_LENGTH_100                                29        4.693%               37        4.171%
MEM_BLOCK_LENGTH_200                                 1        0.162%                1        0.113%
MEM_BLOCK_LENGTH_300                                 0        0.000%                0        0.000%
MEM_BLOCK_LENGTH_400                                 0        0.000%                0        0.000%
MEM_BLOCK_LENGTH_500                                 0        0.000%                0        0.000%
MEM_BLOCK_LENGTH_600                                 0        0.000%                0        0.000%
MEM_BLOCK_LENGTH_700                                 0        0.000%                0        0.000%
MEM_BLOCK_LENGTH_800                                 0        0.000%                0        0.000%
MEM_BLOCK_LENGTH_900                                 0        0.000%                0        0.000%
MEM_BLOCK_LENGTH_1000                                0        0.000%                0        0.000%
MEM_BLOCK_LENGTH_1100                                0        0.000%                0        0.000%
MEM_BLOCK_LENGTH_1200                                0        0.000%                0        0.000%
MEM_BLOCK_LENGTH_1300                                0        0.000%                0        0.000%
MEM_BLOCK_LENGTH_1400                                0        0.000%                0        0.000%
MEM_BLOCK_LENGTH_1500                                0        0.000%                0        0.000%
MEM_BLOCK_LENGTH_1600                                0        0.000%                0        0.000%
MEM_BLOCK_LENGTH_1700                                0        0.000%                0        0.000%
MEM_BLOCK_LENGTH_1800                                0        0.000%                0        0.000%
MEM_BLOCK_LENGTH_1900                                0        0.000%                0        0.000%
MEM_BLOCK_LENGTH_2000                                0        0.000%                0        0.000%
MEM_BLOCK_LENGTH_2100                                0        0.000%                0        0.000%
MEM_BLOCK_LENGTH_2200                                0        0.000%                0        0.000%
MEM_BLOCK_LENGTH_2300                                0        0.000%                0        0.000%
MEM_BLOCK_LENGTH_2400                                0        0.000%                0        0.000%
MEM_BLOCK_LENGTH_2500                                0        0.000%                0        0.000%
MEM_BLOCK_LENGTH_2600                                0        0.000%                0        0.000%
MEM_BLOCK_LENGTH_2700                                0        0.000%                0        0.000%
MEM_BLOCK_LENGTH_2800                                0        0.000%                0        0.000%
MEM_BLOCK_LENGTH_2900                                0        0.000%                0        0.000%
MEM_BLOCK_LENGTH_3000                                0        0.000%                0        0.000%
MEM_BLOCK_LENGTH_3100                                0        0.000%                0        0.000%
MEM_BLOCK_LENGTH_3200                                0        0.000%                0        0.000%
MEM_BLOCK_LENGTH_3300                                0        0.000%                0        0.000%
MEM_BLOCK_LENGTH_3400                                0        0.000%                0        0.000%
MEM_BLOCK_LENGTH_3500                                0        0.000%                0        0.000%
MEM_BLOCK_LENGTH_3600                                0        0.000%                0        0.000%
MEM_BLOCK_LENGTH_3700                                0        0.000%                0        0.000%
MEM_BLOCK_LENGTH_3800                                0        0.000%                0        0.000%
MEM_BLOCK_LENGTH_3900                                0        0.000%                0        0.000%
MEM_BLOCK_LENGTH_4000                                0        0.000%                0        0.000%
MEM_BLOCK_LENGTH_4100                                0        0.000%                0        0.000%
MEM_BLOCK_LENGTH_4200                                0        0.000%                0        0.000%
MEM_BLOCK_LENGTH_4300                                0        0.000%                0        0.000%
MEM_BLOCK_LENGTH_4400                                0        0.000%                0        0.000%
MEM_BLOCK_LENGTH_4500                                0        0.000%                0        0.000%
MEM_BLOCK_LENGTH_4600                                0        0.000%                0        0.000%
MEM_BLOCK_LENGTH_4700                                0        0.000%                0        0.000%
MEM_BLOCK_LENGTH_4800                                0        0.000%                0        0.000%
MEM_BLOCK_LENGTH_4900                                0        0.000%                0        0.000%
MEM_BLOCK_LENGTH_5000                                0        0.000%                0        0.000%
                                                   618      100.000%              887      100.000%
                                                  0.05         0.22              0.04         0.21

FUS_BUSY_ON_PATH                              12247687        0.9453         24466567        0.8633

FUS_BUSY_OFF_PATH                               575542        0.0444          1171294        0.0413

FU_BUSY_MEM_STALL                               148249        0.0114           298741        0.0105

FUS_EMPTY                                     90831139        7.0103        201089707        7.0954

FU_UNAVAILABLE                                    1291        0.0001             2988        0.0001

FU_MEM_UNAVAILABLE                              124607        0.0096           252206        0.0089

FU_OTHER_UNAVAILABLE                                 0        0.0000                0        0.0000

FU_REPLAY                                            0        0.0000                0        0.0000

FU_STARVED                                    90793643        7.0074        201015351        7.0928

CHIP_UTILIZATION                                     0        0.0000                0        0.0000

CYCLES_UNDER_MEM_REQ                                 0                              0              

CYCLES_UNDER_NO_MEM_REQ                              0                              0              

CYCLES_UNDER_CRITICAL_MEM_REQ                        0                              0              

CYCLES_UNDER_NONCRITICAL_MEM_REQ                     0                              0              

CHIP_UTILIZATION_UNDER_MEM_REQ                       0          -nan                0          -nan

CHIP_UTILIZATION_UNDER_NO_MEM_REQ                    0          -nan                0          -nan

CHIP_UTILIZATION_UNDER_CRITICAL_MEM_REQ              0          -nan                0          -nan

CHIP_UTILIZATION_UNDER_NONCRITICAL_MEM_REQ             0          -nan                0          -nan

CYCLES_NOT_WAITING_FOR_OFF_CHIP                      0        0.0000                0        0.0000

FUS_BUSY_NOT_WAITING_FOR_OFF_CHIP                    0          -nan                0          -nan

CYCLES_WAITING_FOR_OFF_CHIP                          0        0.0000                0        0.0000

FUS_BUSY_WAITING_FOR_OFF_CHIP                        0          -nan                0          -nan

TOTAL_OFF_CHIP_DELAYS_LEFT                           0                              0              

WRONG_IO_SCHED                                       0                              0              

DVFS_CONFIG_SWITCH                                   0                              0              

MAP_STAGE_RECEIVED_OPS_0                             0        0.000%                0        0.000%
MAP_STAGE_RECEIVED_OPS_1                          4278        0.624%             9344        0.775%
MAP_STAGE_RECEIVED_OPS_2                         23531        3.432%            42585        3.534%
MAP_STAGE_RECEIVED_OPS_3                         19148        2.793%            33413        2.773%
MAP_STAGE_RECEIVED_OPS_4                        237598       34.654%           414599       34.403%
MAP_STAGE_RECEIVED_OPS_5                         54464        7.944%           103015        8.548%
MAP_STAGE_RECEIVED_OPS_6                        346161       50.489%           601376       49.901%
MAP_STAGE_RECEIVED_OPS_7                           138        0.020%              263        0.022%
MAP_STAGE_RECEIVED_OPS_8                           163        0.024%              277        0.023%
MAP_STAGE_RECEIVED_OPS_MAX                         141        0.021%              261        0.022%
                                                685622      100.000%          1205133      100.000%
                                                  4.98         1.18              4.96         1.19

MAP_STAGE_WAIT_FOR_DECODE                       864656      100.000%          1810985      100.000%
MAP_STAGE_CONSUME_DECODE                             0        0.000%                0        0.000%
                                                864656      100.000%          1810985      100.000%
                                                  0.00         0.00              0.00         0.00

MAP_STAGE_WAIT_FOR_DECODE2                           0         -nan%                0         -nan%
MAP_STAGE_CONSUME_DECODE2                            0         -nan%                0         -nan%
                                                     0         -nan%                0         -nan%
                                                  -nan         -nan              -nan         -nan

FTQ_RECOVER_EXEC                                  9074                          17525              

FTQ_RECOVER_DECODE                                   4                            419              

FTQ_OFFPATH_CYCLES                             4727305                        8421038              

FTQ_CYCLES_OFFPATH                             4727305                        8421038              

FTQ_CYCLES_ONPATH                              8229491                       19919908              

FTQ_FETCHED_INS_ONPATH                        12101086                       24173225              

FTQ_FETCHED_INS_OFFPATH                        5059161                       10659771              

FTQ_BREAK_FULL_FT_ONPATH                       6990126                       17605796              

FTQ_BREAK_FULL_FT_OFFPATH                      4257444                        7524944              

FTQ_BREAK_PRED_BR_ONPATH                             0                              0              

FTQ_BREAK_PRED_BR_OFFPATH                            0                              0              

FTQ_BREAK_BAR_FETCH_ONPATH                           0                              0              

FTQ_BREAK_BAR_FETCH_OFFPATH                          0                              0              

FTQ_BREAK_MAX_CFS_TAKEN_ONPATH                       0                              0              

FTQ_BREAK_MAX_CFS_TAKEN_OFFPATH                      0                              0              

FTQ_BREAK_MAX_FT_ONPATH                        1238626                        2313373              

FTQ_BREAK_MAX_FT_OFFPATH                        469861                         896094              

DFE_GEN_ON_PATH_FT                             2005605                        3969514              

DFE_GEN_OFF_PATH_FT                            1265588                        2296697              

DFE_L0_ENABLED_PREDICTIONS                    12101086                       24173225              

DFE_L0_WRONG_MAIN_CORRECT                       103791                         219504              

DFE_L0_WRONG_MAIN_WRONG                           5964                          11355              

DFE_L0_CORRECT_MAIN_WRONG                         3080                           6492              

DFE_L0_CORRECT_MAIN_CORRECT                   11988251                       23935874              

DFE_L0_WRONG_MAIN_CORRECT_RECOVERY_SCHEDULED             0                              0              

FTQ_SAW_BAR_FETCH_OFFPATH                            0                              0              

FTQ_SAW_BAR_FETCH_ONPATH                             0                              0              

DFE_CONF_0_MISPRED                                   0         -nan%                0         -nan%
DFE_CONF_1_MISPRED                                   0         -nan%                0         -nan%
DFE_CONF_2_MISPRED                                   0         -nan%                0         -nan%
DFE_CONF_3_MISPRED                                   0         -nan%                0         -nan%
DFE_CONF_0_CORRECT                                   0         -nan%                0         -nan%
DFE_CONF_1_CORRECT                                   0         -nan%                0         -nan%
DFE_CONF_2_CORRECT                                   0         -nan%                0         -nan%
DFE_CONF_3_CORRECT                                   0         -nan%                0         -nan%
                                                     0         -nan%                0         -nan%
                                                  -nan         -nan              -nan         -nan

DFE_ON_CONF_ON_OPS                                   0         -nan%                0         -nan%
DFE_ON_CONF_OFF_OPS                                  0         -nan%                0         -nan%
DFE_OFF_CONF_ON_OPS                                  0         -nan%                0         -nan%
DFE_OFF_CONF_OFF_REALISTIC_OPS                       0         -nan%                0         -nan%
DFE_OFF_CONF_OFF_PERFECT_OPS                         0         -nan%                0         -nan%
                                                     0         -nan%                0         -nan%
                                                  -nan         -nan              -nan         -nan

DFE_ON_CONF_ON_FETCH_TARGETS                         0         -nan%                0         -nan%
DFE_ON_CONF_OFF_FETCH_TARGETS                        0         -nan%                0         -nan%
DFE_OFF_CONF_ON_FETCH_TARGETS                        0         -nan%                0         -nan%
DFE_OFF_CONF_OFF_REALISTIC_FETCH_TARGETS             0         -nan%                0         -nan%
DFE_OFF_CONF_OFF_PERFECT_FETCH_TARGETS               0         -nan%                0         -nan%
                                                     0         -nan%                0         -nan%
                                                  -nan         -nan              -nan         -nan

DFE_ON_CONF_ON_CYCLES                                0         -nan%                0         -nan%
DFE_ON_CONF_OFF_CYCLES                               0         -nan%                0         -nan%
DFE_OFF_CONF_ON_CYCLES                               0         -nan%                0         -nan%
DFE_OFF_CONF_OFF_REALISTIC_CYCLES                    0         -nan%                0         -nan%
DFE_OFF_CONF_OFF_PERFECT_CYCLES                      0         -nan%                0         -nan%
                                                     0         -nan%                0         -nan%
                                                  -nan         -nan              -nan         -nan

DFE_OFF_CONF_ON_NUM_EVENTS                           0                              0              

DFE_OFF_CONF_ON_NOT_IDENTIFIED_EVENTS                0         -nan%                0         -nan%
DFE_OFF_CONF_ON_IBTB_MISS_EVENTS                     0         -nan%                0         -nan%
DFE_OFF_CONF_ON_BTB_MISS_EVENTS                      0         -nan%                0         -nan%
DFE_OFF_CONF_ON_BTB_MISS_MISPRED_EVENTS              0         -nan%                0         -nan%
DFE_OFF_CONF_ON_MISPRED_EVENTS                       0         -nan%                0         -nan%
DFE_OFF_CONF_ON_MISFETCH_EVENTS                      0         -nan%                0         -nan%
                                                     0         -nan%                0         -nan%
                                                  -nan         -nan              -nan         -nan

DFE_OFF_CONF_ON_NOT_IDENTIFIED_CYCLES                0         -nan%                0         -nan%
DFE_OFF_CONF_ON_IBTB_MISS_CYCLES                     0         -nan%                0         -nan%
DFE_OFF_CONF_ON_BTB_MISS_CYCLES                      0         -nan%                0         -nan%
DFE_OFF_CONF_ON_BTB_MISS_MISPRED_CYCLES              0         -nan%                0         -nan%
DFE_OFF_CONF_ON_MISPRED_CYCLES                       0         -nan%                0         -nan%
DFE_OFF_CONF_ON_MISFETCH_CYCLES                      0         -nan%                0         -nan%
                                                     0         -nan%                0         -nan%
                                                  -nan         -nan              -nan         -nan

DFE_OFF_CONF_ON_NOT_IDENTIFIED_FETCH_TARGETS             0         -nan%                0         -nan%
DFE_OFF_CONF_ON_IBTB_MISS_FETCH_TARGETS              0         -nan%                0         -nan%
DFE_OFF_CONF_ON_BTB_MISS_FETCH_TARGETS               0         -nan%                0         -nan%
DFE_OFF_CONF_ON_BTB_MISS_MISPRED_FETCH_TARGETS             0         -nan%                0         -nan%
DFE_OFF_CONF_ON_MISPRED_FETCH_TARGETS                0         -nan%                0         -nan%
DFE_OFF_CONF_ON_MISFETCH_FETCH_TARGETS               0         -nan%                0         -nan%
                                                     0         -nan%                0         -nan%
                                                  -nan         -nan              -nan         -nan

DFE_OFF_CONF_ON_BP_INCORRECT_0_CONF                  0         -nan%                0         -nan%
DFE_OFF_CONF_ON_BP_INCORRECT_1_CONF                  0         -nan%                0         -nan%
DFE_OFF_CONF_ON_BP_INCORRECT_2_CONF                  0         -nan%                0         -nan%
DFE_OFF_CONF_ON_BP_INCORRECT_3_CONF                  0         -nan%                0         -nan%
                                                     0         -nan%                0         -nan%
                                                  -nan         -nan              -nan         -nan

DFE_OFF_CONF_ON_BTB_MISS_CBR_0_CONF                  0         -nan%                0         -nan%
DFE_OFF_CONF_ON_BTB_MISS_CBR_1_CONF                  0         -nan%                0         -nan%
DFE_OFF_CONF_ON_BTB_MISS_CBR_2_CONF                  0         -nan%                0         -nan%
DFE_OFF_CONF_ON_BTB_MISS_CBR_3_CONF                  0         -nan%                0         -nan%
                                                     0         -nan%                0         -nan%
                                                  -nan         -nan              -nan         -nan

DFE_OFF_CONF_ON_BTB_MISS_NOT_CF                      0         -nan%                0         -nan%
DFE_OFF_CONF_ON_BTB_MISS_CF_BR                       0         -nan%                0         -nan%
DFE_OFF_CONF_ON_BTB_MISS_CF_CBR                      0         -nan%                0         -nan%
DFE_OFF_CONF_ON_BTB_MISS_CF_CALL                     0         -nan%                0         -nan%
DFE_OFF_CONF_ON_BTB_MISS_CF_IBR                      0         -nan%                0         -nan%
DFE_OFF_CONF_ON_BTB_MISS_CF_ICALL                    0         -nan%                0         -nan%
DFE_OFF_CONF_ON_BTB_MISS_CF_ICO                      0         -nan%                0         -nan%
DFE_OFF_CONF_ON_BTB_MISS_CF_RET                      0         -nan%                0         -nan%
DFE_OFF_CONF_ON_BTB_MISS_CF_SYS                      0         -nan%                0         -nan%
                                                     0         -nan%                0         -nan%
                                                  -nan         -nan              -nan         -nan

DFE_ON_CONF_OFF_NUM_EVENTS                           0                              0              

CONF_BTB_NUM_CYCLES_OFF_PATH_EVENT                   0                              0              

DFE_ON_CONF_OFF_IBTB_MISS_BP_TAKEN                   0         -nan%                0         -nan%
DFE_ON_CONF_OFF_BTB_MISS_BP_TAKEN_CONF_0             0         -nan%                0         -nan%
DFE_ON_CONF_OFF_BTB_MISS_BP_TAKEN_CONF_1             0         -nan%                0         -nan%
DFE_ON_CONF_OFF_BTB_MISS_BP_TAKEN_CONF_2             0         -nan%                0         -nan%
DFE_ON_CONF_OFF_BTB_MISS_BP_TAKEN_CONF_3             0         -nan%                0         -nan%
DFE_ON_CONF_OFF_BTB_MISS_RATE                        0         -nan%                0         -nan%
DFE_ON_CONF_OFF_IBTB_MISS_RATE                       0         -nan%                0         -nan%
DFE_ON_CONF_OFF_MISFETCH_RATE                        0         -nan%                0         -nan%
DFE_ON_CONF_OFF_MISPRED_RATE                         0         -nan%                0         -nan%
DFE_ON_CONF_OFF_INV_CONF_INC                         0         -nan%                0         -nan%
DFE_ON_CONF_OFF_PERFECT_CONF                         0         -nan%                0         -nan%
                                                     0         -nan%                0         -nan%
                                                  -nan         -nan              -nan         -nan

DFE_ON_CONF_OFF_IBTB_MISS_BP_TAKEN_CYCLES             0         -nan%                0         -nan%
DFE_ON_CONF_OFF_BTB_MISS_BP_TAKEN_CONF_0_CYCLES             0         -nan%                0         -nan%
DFE_ON_CONF_OFF_BTB_MISS_BP_TAKEN_CONF_1_CYCLES             0         -nan%                0         -nan%
DFE_ON_CONF_OFF_BTB_MISS_BP_TAKEN_CONF_2_CYCLES             0         -nan%                0         -nan%
DFE_ON_CONF_OFF_BTB_MISS_BP_TAKEN_CONF_3_CYCLES             0         -nan%                0         -nan%
DFE_ON_CONF_OFF_BTB_MISS_RATE_CYCLES                 0         -nan%                0         -nan%
DFE_ON_CONF_OFF_IBTB_MISS_RATE_CYCLES                0         -nan%                0         -nan%
DFE_ON_CONF_OFF_MISFETCH_RATE_CYCLES                 0         -nan%                0         -nan%
DFE_ON_CONF_OFF_MISPRED_RATE_CYCLES                  0         -nan%                0         -nan%
DFE_ON_CONF_OFF_INV_CONF_INC_CYCLES                  0         -nan%                0         -nan%
DFE_ON_CONF_OFF_PERFECT_CONF_CYCLES                  0         -nan%                0         -nan%
                                                     0         -nan%                0         -nan%
                                                  -nan         -nan              -nan         -nan

DFE_ON_CONF_OFF_IBTB_MISS_BP_TAKEN_FETCH_TARGETS             0         -nan%                0         -nan%
DFE_ON_CONF_OFF_BTB_MISS_BP_TAKEN_CONF_0_FETCH_TARGETS             0         -nan%                0         -nan%
DFE_ON_CONF_OFF_BTB_MISS_BP_TAKEN_CONF_1_FETCH_TARGETS             0         -nan%                0         -nan%
DFE_ON_CONF_OFF_BTB_MISS_BP_TAKEN_CONF_2_FETCH_TARGETS             0         -nan%                0         -nan%
DFE_ON_CONF_OFF_BTB_MISS_BP_TAKEN_CONF_3_FETCH_TARGETS             0         -nan%                0         -nan%
DFE_ON_CONF_OFF_BTB_MISS_RATE_FETCH_TARGETS             0         -nan%                0         -nan%
DFE_ON_CONF_OFF_IBTB_MISS_RATE_FETCH_TARGETS             0         -nan%                0         -nan%
DFE_ON_CONF_OFF_MISFETCH_RATE_FETCH_TARGETS             0         -nan%                0         -nan%
DFE_ON_CONF_OFF_MISPRED_RATE_FETCH_TARGETS             0         -nan%                0         -nan%
DFE_ON_CONF_OFF_INV_CONF_INC_FETCH_TARGETS             0         -nan%                0         -nan%
DFE_ON_CONF_OFF_PERFECT_CONF_FETCH_TARGETS             0         -nan%                0         -nan%
                                                     0         -nan%                0         -nan%
                                                  -nan         -nan              -nan         -nan

CONF_OFF_IBTB_MISS_BP_TAKEN                          0         -nan%                0         -nan%
CONF_OFF_BTB_MISS_BP_TAKEN_CONF_0                    0         -nan%                0         -nan%
CONF_OFF_BTB_MISS_BP_TAKEN_CONF_1                    0         -nan%                0         -nan%
CONF_OFF_BTB_MISS_BP_TAKEN_CONF_2                    0         -nan%                0         -nan%
CONF_OFF_BTB_MISS_BP_TAKEN_CONF_3                    0         -nan%                0         -nan%
CONF_OFF_BTB_MISS_RATE                               0         -nan%                0         -nan%
CONF_OFF_IBTB_MISS_RATE                              0         -nan%                0         -nan%
CONF_OFF_MISFETCH_RATE                               0         -nan%                0         -nan%
CONF_OFF_MISPRED_RATE                                0         -nan%                0         -nan%
CONF_OFF_INV_CONF_INC                                0         -nan%                0         -nan%
CONF_OFF_PERFECT_CONF                                0         -nan%                0         -nan%
                                                     0         -nan%                0         -nan%
                                                  -nan         -nan              -nan         -nan

TOPDOWN_TOTAL_SLOTS                          129567960                      283409460              

TOPDOWN_ISSUED_SLOTS                          14663968                       28934771              

TOPDOWN_RETIRED_SLOTS                         12101458                       24173225              

TOPDOWN_FETCH_BUBBLES_SLOTS                    5041091                        9922928              

TOPDOWN_RECOVERY_BUBBLES_SLOTS                  552762                        1016940              

TOPDOWN_MEM_LOAD_STALLS_CYCLES                10832668                       24125118              

TOPDOWN_MEM_STORE_STALLS_CYCLES                      0                              0              

TOPDOWN_EXEC_STALLS_CYCLES                     8906736                       20153403              

TOPDOWN_BACKEND_STALLS_CYCLES                 10832668                       24125180              

TOPDOWN_FETCH_BUBBLES_GT_MIW_CYCLES             133486                         317434              

TOPDOWN_BR_MISPRED_RETIRED_CYCLES                 9074                          17525              

TOPDOWN_MACHINE_CLEAR_CYCLES                    112868                         237447              

TOPDOWN_FRONTEND_BOUND                             389                            389              

TOPDOWN_BACKEND_BOUND                             8438                           8438              

TOPDOWN_BAD_SPEC_BOUND                             240                            240              

TOPDOWN_RETIRING_BOUND                             933                            933              

TOPDOWN_FETCH_LATENCY_BOUND                        103                            103              

TOPDOWN_FETCH_BANDWIDTH_BOUND                      286                            286              

TOPDOWN_MEM_BOUND                                 8438                           8438              

TOPDOWN_CORE_BOUND                                   0                              0              

TOPDOWN_BR_MISPREDICTS_BOUND                        17                             17              

TOPDOWN_MACHINE_CLEARS_BOUND                       223                            223              



