/* -*- Mode: c -*- */
####################################################################################################
Core 0
####################################################################################################
Cumulative:        Cycles: 14446875              Instructions: 18262380              IPC: 1.26411

Periodic:          Cycles: 7199365               Instructions: 9049239               IPC: 1.25695

MISS_WAIT_TIME                             54689111156                    69837986314              

ICACHE_STAGE_MISS                                 5836                          11029              

ICACHE_CYCLE                                   7199365                       14446875              

TCACHE_CYCLE                                         0                              0              

ICACHE_SERVING_CYCLE_ON_PATH                    367322                         665441              

ICACHE_SERVING_CYCLE_OFF_PATH                    78642                         287333              

UCACHE_SERVING_CYCLE_ON_PATH                   5957298                       11650248              

UCACHE_SERVING_CYCLE_OFF_PATH                   434801                        1144902              

ICACHE_CYCLE_ONPATH                            6575031       91.328%         12773832       88.419%
ICACHE_CYCLE_OFFPATH                            624334        8.672%          1673043       11.581%
                                               7199365      100.000%         14446875      100.000%
                                                  0.09         0.27              0.12         0.30

FETCH_ON_PATH                                  6668994       92.633%         12970753       89.782%
FETCH_OFF_PATH                                  530371        7.367%          1476122       10.218%
                                               7199365      100.000%         14446875      100.000%
                                                  0.07         0.25              0.10         0.29

FETCHED_OPS_ON_PATH                                  0         -nan%                0         -nan%
FETCHED_OPS_OFF_PATH                                 0         -nan%                0         -nan%
                                                     0         -nan%                0         -nan%
                                                  -nan         -nan              -nan         -nan

INST_LOST_FETCH                               14367149       34.287%         28264364       34.122%
INST_LOST_OFF_PATH                             1363873        3.255%          3840171        4.636%
INST_LOST_FULL_WINDOW                           337132        0.805%           658627        0.795%
INST_LOST_ROB_STALL_OTHER                     14470920       34.534%         28472900       34.374%
INST_LOST_ROB_STALL_WAIT_FOR_RECOVERY                0        0.000%                0        0.000%
INST_LOST_ROB_STALL_WAIT_FOR_REDIRECT                0        0.000%                0        0.000%
INST_LOST_ROB_STALL_WAIT_FOR_GAP_FILL                0        0.000%                0        0.000%
INST_LOST_ROB_STALL_WAIT_FOR_L1_MISS                 0        0.000%                0        0.000%
INST_LOST_ROB_STALL_WAIT_FOR_MEMORY              24525        0.059%            80078        0.097%
INST_LOST_ROB_STALL_WAIT_FOR_DC_MISS           4887837       11.665%          9017786       10.887%
INST_LOST_ROB_BLOCK_ISSUE_FULL                       0        0.000%                0        0.000%
INST_LOST_ROB_BLOCK_ISSUE_GAP_TOO_LARGE              0        0.000%                0        0.000%
INST_LOST_BREAK_DONT                                 0        0.000%                0        0.000%
INST_LOST_BREAK_FT_UNAVAILABLE                  515626        1.231%          1065769        1.287%
INST_LOST_BREAK_ICACHE_STAGE_RESTEER             20150        0.048%            44330        0.054%
INST_LOST_BREAK_ICACHE_MISS_REQ_SUCCESS          19666        0.047%            38028        0.046%
INST_LOST_BREAK_ICACHE_MISS_REQ_FAILURE           2273        0.005%            12786        0.015%
INST_LOST_BREAK_ICACHE_WAIT_FOR_MISS           1275810        3.045%          2391093        2.887%
INST_LOST_BREAK_ICACHE_STALLED                   56067        0.134%            98816        0.119%
INST_LOST_BREAK_ICACHE_TO_UOP_CACHE_SWITCH         86405        0.206%           174380        0.211%
INST_LOST_BREAK_ICACHE_READ_LIMIT               100385        0.240%           206229        0.249%
INST_LOST_BREAK_ICACHE_ISSUE_WIDTH                   0        0.000%                0        0.000%
INST_LOST_BREAK_UOP_CACHE_STALLED               878013        2.095%          1680591        2.029%
INST_LOST_BREAK_UOP_CACHE_TO_ICACHE_SWITCH         85899        0.205%           182918        0.221%
INST_LOST_BREAK_UOP_CACHE_READ_LIMIT           3411086        8.140%          6604489        7.973%
INST_LOST_BREAK_UOP_CACHE_ISSUE_WIDTH                0        0.000%                0        0.000%
                                              41902816      100.000%         82833355      100.000%
                                                  5.40         6.69              5.28         6.67

INST_LOST_TOTAL                               42463993                       85153065              

INST_LOST_WAIT_FOR_ICACHE_MISS_NOT_PREFETCHED         22120        1.853%           133255        6.117%
INST_LOST_WAIT_FOR_ICACHE_MISS_PREFETCHED_AND_EVICTED_BY_IFETCH             0        0.000%                0        0.000%
INST_LOST_WAIT_FOR_ICACHE_MISS_PREFETCHED_AND_EVICTED_BY_FDIP             0        0.000%                0        0.000%
INST_LOST_WAIT_FOR_ICACHE_MISS_MSHR_HIT_PREF_OFFPATH         39720        3.327%            62385        2.864%
INST_LOST_WAIT_FOR_ICACHE_MISS_MSHR_HIT_PREF_ONPATH       1132070       94.820%          1982755       91.019%
                                               1193910      100.000%          2178395      100.000%
                                                  3.89         3.80              3.73         3.57

FETCH_0_OPS                                     360267        5.004%           697069        4.825%
FETCH_1_OPS                                      86066        1.195%           182537        1.264%
FETCH_2_OPS                                     205576        2.855%           396489        2.744%
FETCH_3_OPS                                     230954        3.208%           461590        3.195%
FETCH_4_OPS                                    1267024       17.599%          2387168       16.524%
FETCH_5_OPS                                     542431        7.534%          1187453        8.219%
FETCH_6_OPS                                    4507047       62.603%          9134569       63.229%
FETCH_7_OPS                                          0        0.000%                0        0.000%
FETCH_8_OPS                                          0        0.000%                0        0.000%
FETCH_9_OPS                                          0        0.000%                0        0.000%
FETCH_10_OPS                                         0        0.000%                0        0.000%
FETCH_11_OPS                                         0        0.000%                0        0.000%
FETCH_12_OPS                                         0        0.000%                0        0.000%
FETCH_13_OPS                                         0        0.000%                0        0.000%
FETCH_14_OPS                                         0        0.000%                0        0.000%
FETCH_15_OPS                                         0        0.000%                0        0.000%
FETCH_16_OPS                                         0        0.000%                0        0.000%
                                               7199365      100.000%         14446875      100.000%
                                                  5.00         1.17              5.03         1.17

ST_BREAK_DONT                                        0        0.000%                0        0.000%
ST_BREAK_FT_UNAVAILABLE                         103545        1.438%           213939        1.481%
ST_BREAK_ICACHE_STAGE_RESTEER                     4970        0.069%            10489        0.073%
ST_BREAK_ICACHE_MISS_REQ_SUCCESS                  5836        0.081%            11029        0.076%
ST_BREAK_ICACHE_MISS_REQ_FAILURE                   458        0.006%             2566        0.018%
ST_BREAK_ICACHE_WAIT_FOR_MISS                   255384        3.547%           478666        3.313%
ST_BREAK_ICACHE_STALLED                         144218        2.003%           306347        2.121%
ST_BREAK_ICACHE_TO_UOP_CACHE_SWITCH              34933        0.485%            69569        0.482%
ST_BREAK_ICACHE_READ_LIMIT                       45052        0.626%            92565        0.641%
ST_BREAK_ICACHE_ISSUE_WIDTH                     143244        1.990%           354376        2.453%
ST_BREAK_UOP_CACHE_STALLED                     3415122       47.436%          6798241       47.057%
ST_BREAK_UOP_CACHE_TO_ICACHE_SWITCH              26177        0.364%            55810        0.386%
ST_BREAK_UOP_CACHE_READ_LIMIT                  1542404       21.424%          2963145       20.511%
ST_BREAK_UOP_CACHE_ISSUE_WIDTH                 1478022       20.530%          3090133       21.390%
                                               7199365      100.000%         14446875      100.000%
                                                 10.60         5.29             10.61         5.39

ORACLE_ON_PATH_INST                           14367149       91.330%         28264364       88.039%
ORACLE_OFF_PATH_INST                           1363873        8.670%          3840171       11.961%
                                              15731022      100.000%         32104535      100.000%
                                                  0.09         0.27              0.12         0.31

ORACLE_ON_PATH_INST_MEM                        4414933       28.065%          8750475       27.256%
ORACLE_ON_PATH_INST_NOTMEM                     9952216       63.265%         19513889       60.782%
ORACLE_OFF_PATH_INST_MEM                        461081        2.931%          1159732        3.612%
ORACLE_OFF_PATH_INST_NOTMEM                     902792        5.739%          2680439        8.349%
                                              15731022      100.000%         32104535      100.000%
                                                  0.86         0.60              0.93         0.69

ICACHE_CYCLE_NONRA_ONPATH                            0         -nan%                0         -nan%
ICACHE_CYCLE_NONRA_OFFPATH                           0         -nan%                0         -nan%
ICACHE_CYCLE_RA_ONPATH                               0         -nan%                0         -nan%
ICACHE_CYCLE_RA_OFFPATH                              0         -nan%                0         -nan%
                                                     0         -nan%                0         -nan%
                                                  -nan         -nan              -nan         -nan

ICACHE_CYCLE_ONPATH_NONRA                            0         -nan%                0         -nan%
ICACHE_CYCLE_OFFPATH_NONRA                           0         -nan%                0         -nan%
                                                     0         -nan%                0         -nan%
                                                  -nan         -nan              -nan         -nan

ICACHE_CYCLE_ONPATH_RA                               0         -nan%                0         -nan%
ICACHE_CYCLE_OFFPATH_RA                              0         -nan%                0         -nan%
                                                     0         -nan%                0         -nan%
                                                  -nan         -nan              -nan         -nan

INACCURATE_OFFPATH_CYCLES                            0        0.0000                0        0.0000

FETCH_ALL_INST                                15731022                       32104535              

EXEC_ALL_INST                                 14498788                       28729247              

RET_ALL_INST                                  14366670                       28263801              

EXEC_ON_PATH_INST                             14366738       99.089%         28263890       98.380%
EXEC_OFF_PATH_INST                              132050        0.911%           465357        1.620%
                                              14498788      100.000%         28729247      100.000%
                                                  0.01         0.09              0.02         0.13

EXEC_ON_PATH_INST_MEM                          4414764       30.449%          8750290       30.458%
EXEC_ON_PATH_INST_NOTMEM                       9951974       68.640%         19513600       67.922%
EXEC_OFF_PATH_INST_MEM                           51336        0.354%           149801        0.521%
EXEC_OFF_PATH_INST_NOTMEM                        80714        0.557%           315556        1.098%
                                              14498788      100.000%         28729247      100.000%
                                                  0.71         0.31              0.72         0.35

EXEC_RA_INST                                         0         -nan%                0         -nan%
EXEC_NONRA_INST                                      0         -nan%                0         -nan%
                                                     0         -nan%                0         -nan%
                                                  -nan         -nan              -nan         -nan

EXEC_ON_PATH_INST_RA                                 0         -nan%                0         -nan%
EXEC_OFF_PATH_INST_RA                                0         -nan%                0         -nan%
                                                     0         -nan%                0         -nan%
                                                  -nan         -nan              -nan         -nan

EXEC_ON_PATH_INST_NONRA                              0         -nan%                0         -nan%
EXEC_OFF_PATH_INST_NONRA                             0         -nan%                0         -nan%
                                                     0         -nan%                0         -nan%
                                                  -nan         -nan              -nan         -nan

EXEC_RA_ON_PATH_INST                                 0         -nan%                0         -nan%
EXEC_RA_OFF_PATH_INST                                0         -nan%                0         -nan%
EXEC_NONRA_ON_PATH_INST                              0         -nan%                0         -nan%
EXEC_NONRA_OFF_PATH_INST                             0         -nan%                0         -nan%
                                                     0         -nan%                0         -nan%
                                                  -nan         -nan              -nan         -nan

ICACHE_THROTTLE_CYCLE                                0                              0              

FETCH_ENABLE_THROTTLE_OFF_PATH                       0         -nan%                0         -nan%
FETCH_ENABLE_THROTTLE_ON_PATH                        0         -nan%                0         -nan%
                                                     0         -nan%                0         -nan%
                                                  -nan         -nan              -nan         -nan

FETCH_DISABLE_THROTTLE_OFF_PATH                      0         -nan%                0         -nan%
FETCH_DISABLE_THROTTLE_ON_PATH                       0         -nan%                0         -nan%
                                                     0         -nan%                0         -nan%
                                                  -nan         -nan              -nan         -nan

FETCH_TH_ADJUST__0                                   0         -nan%                0         -nan%
FETCH_TH_ADJUST__1                                   0         -nan%                0         -nan%
FETCH_TH_ADJUST__2                                   0         -nan%                0         -nan%
FETCH_TH_ADJUST__3                                   0         -nan%                0         -nan%
FETCH_TH_ADJUST__4                                   0         -nan%                0         -nan%
FETCH_TH_ADJUST__5                                   0         -nan%                0         -nan%
FETCH_TH_ADJUST__6                                   0         -nan%                0         -nan%
FETCH_TH_ADJUST__7                                   0         -nan%                0         -nan%
FETCH_TH_ADJUST__8                                   0         -nan%                0         -nan%
FETCH_TH_ADJUST__9                                   0         -nan%                0         -nan%
FETCH_TH_ADJUST__MAX                                 0         -nan%                0         -nan%
                                                     0         -nan%                0         -nan%
                                                  -nan         -nan              -nan         -nan

FETCH_TH_ADJUST_UP                                   0         -nan%                0         -nan%
FETCH_TH_ADJUST_DOWN                                 0         -nan%                0         -nan%
FETCH_TH_ADJUST_SAME                                 0         -nan%                0         -nan%
                                                     0         -nan%                0         -nan%
                                                  -nan         -nan              -nan         -nan

THROTTLE_ADJUST_CACHE_MISS_INFO                      0                              0              

LOW_CONF_COUNT_BP_MIS_0                              0         -nan%                0         -nan%
LOW_CONF_COUNT_BP_MIS_1                              0         -nan%                0         -nan%
LOW_CONF_COUNT_BP_MIS_2                              0         -nan%                0         -nan%
LOW_CONF_COUNT_BP_MIS_3                              0         -nan%                0         -nan%
LOW_CONF_COUNT_BP_MIS_4                              0         -nan%                0         -nan%
LOW_CONF_COUNT_BP_MIS_5                              0         -nan%                0         -nan%
LOW_CONF_COUNT_BP_MIS_6                              0         -nan%                0         -nan%
LOW_CONF_COUNT_BP_MIS_7                              0         -nan%                0         -nan%
LOW_CONF_COUNT_BP_MIS_8                              0         -nan%                0         -nan%
LOW_CONF_COUNT_BP_MIS_9                              0         -nan%                0         -nan%
LOW_CONF_COUNT_BP_MIS_10                             0         -nan%                0         -nan%
LOW_CONF_COUNT_BP_MIS_11                             0         -nan%                0         -nan%
LOW_CONF_COUNT_BP_MIS_12                             0         -nan%                0         -nan%
LOW_CONF_COUNT_BP_MIS_13                             0         -nan%                0         -nan%
LOW_CONF_COUNT_BP_MIS_14                             0         -nan%                0         -nan%
LOW_CONF_COUNT_BP_MIS_15                             0         -nan%                0         -nan%
LOW_CONF_COUNT_BP_MIS_16                             0         -nan%                0         -nan%
LOW_CONF_COUNT_BP_MIS_17                             0         -nan%                0         -nan%
LOW_CONF_COUNT_BP_MIS_18                             0         -nan%                0         -nan%
LOW_CONF_COUNT_BP_MIS_19                             0         -nan%                0         -nan%
LOW_CONF_COUNT_BP_MIS_20                             0         -nan%                0         -nan%
                                                     0         -nan%                0         -nan%
                                                  -nan         -nan              -nan         -nan

LOW_CONF_COUNT_RET_0                                 0         -nan%                0         -nan%
LOW_CONF_COUNT_RET_1                                 0         -nan%                0         -nan%
LOW_CONF_COUNT_RET_2                                 0         -nan%                0         -nan%
LOW_CONF_COUNT_RET_3                                 0         -nan%                0         -nan%
LOW_CONF_COUNT_RET_4                                 0         -nan%                0         -nan%
LOW_CONF_COUNT_RET_5                                 0         -nan%                0         -nan%
LOW_CONF_COUNT_RET_6                                 0         -nan%                0         -nan%
LOW_CONF_COUNT_RET_7                                 0         -nan%                0         -nan%
LOW_CONF_COUNT_RET_8                                 0         -nan%                0         -nan%
LOW_CONF_COUNT_RET_9                                 0         -nan%                0         -nan%
LOW_CONF_COUNT_RET_10                                0         -nan%                0         -nan%
LOW_CONF_COUNT_RET_11                                0         -nan%                0         -nan%
LOW_CONF_COUNT_RET_12                                0         -nan%                0         -nan%
LOW_CONF_COUNT_RET_13                                0         -nan%                0         -nan%
LOW_CONF_COUNT_RET_14                                0         -nan%                0         -nan%
LOW_CONF_COUNT_RET_15                                0         -nan%                0         -nan%
LOW_CONF_COUNT_RET_16                                0         -nan%                0         -nan%
LOW_CONF_COUNT_RET_17                                0         -nan%                0         -nan%
LOW_CONF_COUNT_RET_18                                0         -nan%                0         -nan%
LOW_CONF_COUNT_RET_19                                0         -nan%                0         -nan%
LOW_CONF_COUNT_RET_20                                0         -nan%                0         -nan%
                                                     0         -nan%                0         -nan%
                                                  -nan         -nan              -nan         -nan

CYCLES_RESTEER_MISPRED                               0         -nan%                0         -nan%
CYCLES_RESTEER_MISFETCH                              0         -nan%                0         -nan%
CYCLES_RESTEER_BTB_MISS                              0         -nan%                0         -nan%
                                                     0         -nan%                0         -nan%
                                                  -nan         -nan              -nan         -nan

CYCLES_RESTEER_MISPRED_SAVED_UC_FETCH                0         -nan%                0         -nan%
CYCLES_RESTEER_MISPRED_COULD_BE_SAVED_UC_FETCH             0         -nan%                0         -nan%
CYCLES_RESTEER_MISFETCH_SAVED_UC_FETCH               0         -nan%                0         -nan%
CYCLES_RESTEER_MISFETCH_COULD_BE_SAVED_UC_FETCH             0         -nan%                0         -nan%
CYCLES_RESTEER_BTB_MISS_SAVED_UC_FETCH               0         -nan%                0         -nan%
CYCLES_RESTEER_BTB_MISS_COULD_BE_SAVED_UC_FETCH             0         -nan%                0         -nan%
                                                     0         -nan%                0         -nan%
                                                  -nan         -nan              -nan         -nan

CYCLES_UOC_IC_SWITCH                                 0                              0              



