/* -*- Mode: c -*- */
####################################################################################################
Core 0
####################################################################################################
Cumulative:        Cycles: 20023211              Instructions: 4031                  IPC: 0.00020

Periodic:          Cycles: 10005911              Instructions: 1612                  IPC: 0.00016

MISS_WAIT_TIME                                       0                        1700875              

ICACHE_STAGE_MISS                                    0                            145              

ICACHE_CYCLE                                  10005911                       20023211              

TCACHE_CYCLE                                         0                              0              

ICACHE_SERVING_CYCLE_ON_PATH                       178                            642              

ICACHE_SERVING_CYCLE_OFF_PATH                       23                           3641              

UCACHE_SERVING_CYCLE_ON_PATH                  10005660                       20008420              

UCACHE_SERVING_CYCLE_OFF_PATH                       33                           1521              

ICACHE_CYCLE_ONPATH                           10005853       99.999%         20016350       99.966%
ICACHE_CYCLE_OFFPATH                                58        0.001%             6861        0.034%
                                              10005911      100.000%         20023211      100.000%
                                                  0.00         0.00              0.00         0.02

FETCH_ON_PATH                                 10005855       99.999%         20016453       99.966%
FETCH_OFF_PATH                                      56        0.001%             6758        0.034%
                                              10005911      100.000%         20023211      100.000%
                                                  0.00         0.00              0.00         0.02

FETCHED_OPS_ON_PATH                                  0         -nan%                0         -nan%
FETCHED_OPS_OFF_PATH                                 0         -nan%                0         -nan%
                                                     0         -nan%                0         -nan%
                                                  -nan         -nan              -nan         -nan

INST_LOST_FETCH                               39995812       66.613%         79990010       66.592%
INST_LOST_OFF_PATH                                 244        0.000%            10389        0.009%
INST_LOST_FULL_WINDOW                              228        0.000%              402        0.000%
INST_LOST_ROB_STALL_OTHER                          756        0.001%             1404        0.001%
INST_LOST_ROB_STALL_WAIT_FOR_RECOVERY                0        0.000%                0        0.000%
INST_LOST_ROB_STALL_WAIT_FOR_REDIRECT                0        0.000%                0        0.000%
INST_LOST_ROB_STALL_WAIT_FOR_GAP_FILL                0        0.000%                0        0.000%
INST_LOST_ROB_STALL_WAIT_FOR_L1_MISS                 0        0.000%                0        0.000%
INST_LOST_ROB_STALL_WAIT_FOR_MEMORY               1092        0.002%             3396        0.003%
INST_LOST_ROB_STALL_WAIT_FOR_DC_MISS             40110        0.067%            65898        0.055%
INST_LOST_ROB_BLOCK_ISSUE_FULL                       0        0.000%                0        0.000%
INST_LOST_ROB_BLOCK_ISSUE_GAP_TOO_LARGE              0        0.000%                0        0.000%
INST_LOST_BREAK_DONT                                 0        0.000%                0        0.000%
INST_LOST_BREAK_FT_UNAVAILABLE                      84        0.000%              634        0.001%
INST_LOST_BREAK_ICACHE_STAGE_RESTEER                 0        0.000%               12        0.000%
INST_LOST_BREAK_ICACHE_MISS_REQ_SUCCESS              0        0.000%              549        0.000%
INST_LOST_BREAK_ICACHE_MISS_REQ_FAILURE              0        0.000%                0        0.000%
INST_LOST_BREAK_ICACHE_WAIT_FOR_MISS                 0        0.000%            44092        0.037%
INST_LOST_BREAK_ICACHE_STALLED                       0        0.000%               31        0.000%
INST_LOST_BREAK_ICACHE_TO_UOP_CACHE_SWITCH            48        0.000%              154        0.000%
INST_LOST_BREAK_ICACHE_READ_LIMIT                   24        0.000%              164        0.000%
INST_LOST_BREAK_ICACHE_ISSUE_WIDTH                   0        0.000%                0        0.000%
INST_LOST_BREAK_UOP_CACHE_STALLED                 6880        0.011%             9912        0.008%
INST_LOST_BREAK_UOP_CACHE_TO_ICACHE_SWITCH            33        0.000%              140        0.000%
INST_LOST_BREAK_UOP_CACHE_READ_LIMIT          19996816       33.305%         39992488       33.294%
INST_LOST_BREAK_UOP_CACHE_ISSUE_WIDTH                0        0.000%                0        0.000%
                                              60042127      100.000%        120119675      100.000%
                                                  8.00         9.23              8.00         9.23

INST_LOST_TOTAL                               60035249                      120125978              

INST_LOST_WAIT_FOR_ICACHE_MISS_NOT_PREFETCHED             0         -nan%            10650       29.473%
INST_LOST_WAIT_FOR_ICACHE_MISS_PREFETCHED_AND_EVICTED_BY_IFETCH             0         -nan%                0        0.000%
INST_LOST_WAIT_FOR_ICACHE_MISS_PREFETCHED_AND_EVICTED_BY_FDIP             0         -nan%                0        0.000%
INST_LOST_WAIT_FOR_ICACHE_MISS_MSHR_HIT_PREF_OFFPATH             0         -nan%               55        0.152%
INST_LOST_WAIT_FOR_ICACHE_MISS_MSHR_HIT_PREF_ONPATH             0         -nan%            25430       70.375%
                                                     0         -nan%            36135      100.000%
                                                  -nan         -nan              2.82         2.56

FETCH_0_OPS                                         16        0.000%             8982        0.045%
FETCH_1_OPS                                         14        0.000%              107        0.001%
FETCH_2_OPS                                        598        0.006%              825        0.004%
FETCH_3_OPS                                         25        0.000%               91        0.000%
FETCH_4_OPS                                   10000648       99.947%         19999700       99.883%
FETCH_5_OPS                                        173        0.002%             4064        0.020%
FETCH_6_OPS                                       4437        0.044%             9442        0.047%
FETCH_7_OPS                                          0        0.000%                0        0.000%
FETCH_8_OPS                                          0        0.000%                0        0.000%
FETCH_9_OPS                                          0        0.000%                0        0.000%
FETCH_10_OPS                                         0        0.000%                0        0.000%
FETCH_11_OPS                                         0        0.000%                0        0.000%
FETCH_12_OPS                                         0        0.000%                0        0.000%
FETCH_13_OPS                                         0        0.000%                0        0.000%
FETCH_14_OPS                                         0        0.000%                0        0.000%
FETCH_15_OPS                                         0        0.000%                0        0.000%
FETCH_16_OPS                                         0        0.000%                0        0.000%
                                              10005911      100.000%         20023211      100.000%
                                                  4.00         0.05              4.00         0.05

ST_BREAK_DONT                                        0        0.000%                0        0.000%
ST_BREAK_FT_UNAVAILABLE                             17        0.000%              127        0.001%
ST_BREAK_ICACHE_STAGE_RESTEER                        0        0.000%                3        0.000%
ST_BREAK_ICACHE_MISS_REQ_SUCCESS                     0        0.000%              145        0.001%
ST_BREAK_ICACHE_MISS_REQ_FAILURE                     0        0.000%                0        0.000%
ST_BREAK_ICACHE_WAIT_FOR_MISS                        0        0.000%             8820        0.044%
ST_BREAK_ICACHE_STALLED                              0        0.000%             2004        0.010%
ST_BREAK_ICACHE_TO_UOP_CACHE_SWITCH                 22        0.000%               68        0.000%
ST_BREAK_ICACHE_READ_LIMIT                          13        0.000%               80        0.000%
ST_BREAK_ICACHE_ISSUE_WIDTH                        166        0.002%             2042        0.010%
ST_BREAK_UOP_CACHE_STALLED                        7031        0.070%            12886        0.064%
ST_BREAK_UOP_CACHE_TO_ICACHE_SWITCH                 11        0.000%               48        0.000%
ST_BREAK_UOP_CACHE_READ_LIMIT                  9998373       99.925%         19996126       99.865%
ST_BREAK_UOP_CACHE_ISSUE_WIDTH                     278        0.003%              862        0.004%
                                              10005911      100.000%         20023211      100.000%
                                                 12.00         0.09             11.99         0.19

ORACLE_ON_PATH_INST                           39995812       99.999%         79990010       99.987%
ORACLE_OFF_PATH_INST                               244        0.001%            10389        0.013%
                                              39996056      100.000%         80000399      100.000%
                                                  0.00         0.00              0.00         0.01

ORACLE_ON_PATH_INST_MEM                        9999056       25.000%         19997760       24.997%
ORACLE_ON_PATH_INST_NOTMEM                    29996756       74.999%         59992250       74.990%
ORACLE_OFF_PATH_INST_MEM                            65        0.000%             1076        0.001%
ORACLE_OFF_PATH_INST_NOTMEM                        179        0.000%             9313        0.012%
                                              39996056      100.000%         80000399      100.000%
                                                  0.75         0.22              0.75         0.22

ICACHE_CYCLE_NONRA_ONPATH                            0         -nan%                0         -nan%
ICACHE_CYCLE_NONRA_OFFPATH                           0         -nan%                0         -nan%
ICACHE_CYCLE_RA_ONPATH                               0         -nan%                0         -nan%
ICACHE_CYCLE_RA_OFFPATH                              0         -nan%                0         -nan%
                                                     0         -nan%                0         -nan%
                                                  -nan         -nan              -nan         -nan

ICACHE_CYCLE_ONPATH_NONRA                            0         -nan%                0         -nan%
ICACHE_CYCLE_OFFPATH_NONRA                           0         -nan%                0         -nan%
                                                     0         -nan%                0         -nan%
                                                  -nan         -nan              -nan         -nan

ICACHE_CYCLE_ONPATH_RA                               0         -nan%                0         -nan%
ICACHE_CYCLE_OFFPATH_RA                              0         -nan%                0         -nan%
                                                     0         -nan%                0         -nan%
                                                  -nan         -nan              -nan         -nan

INACCURATE_OFFPATH_CYCLES                            0        0.0000                0        0.0000

FETCH_ALL_INST                                39996056                       80000399              

EXEC_ALL_INST                                 39995814                       79993537              

RET_ALL_INST                                  39995812                       79989530              

EXEC_ON_PATH_INST                             39995812      100.000%         79989670       99.995%
EXEC_OFF_PATH_INST                                   2        0.000%             3867        0.005%
                                              39995814      100.000%         79993537      100.000%
                                                  0.00         0.00              0.00         0.01

EXEC_ON_PATH_INST_MEM                          9999056       25.000%         19997645       24.999%
EXEC_ON_PATH_INST_NOTMEM                      29996756       75.000%         59992025       74.996%
EXEC_OFF_PATH_INST_MEM                               0        0.000%              289        0.000%
EXEC_OFF_PATH_INST_NOTMEM                            2        0.000%             3578        0.004%
                                              39995814      100.000%         79993537      100.000%
                                                  0.75         0.22              0.75         0.22

EXEC_RA_INST                                         0         -nan%                0         -nan%
EXEC_NONRA_INST                                      0         -nan%                0         -nan%
                                                     0         -nan%                0         -nan%
                                                  -nan         -nan              -nan         -nan

EXEC_ON_PATH_INST_RA                                 0         -nan%                0         -nan%
EXEC_OFF_PATH_INST_RA                                0         -nan%                0         -nan%
                                                     0         -nan%                0         -nan%
                                                  -nan         -nan              -nan         -nan

EXEC_ON_PATH_INST_NONRA                              0         -nan%                0         -nan%
EXEC_OFF_PATH_INST_NONRA                             0         -nan%                0         -nan%
                                                     0         -nan%                0         -nan%
                                                  -nan         -nan              -nan         -nan

EXEC_RA_ON_PATH_INST                                 0         -nan%                0         -nan%
EXEC_RA_OFF_PATH_INST                                0         -nan%                0         -nan%
EXEC_NONRA_ON_PATH_INST                              0         -nan%                0         -nan%
EXEC_NONRA_OFF_PATH_INST                             0         -nan%                0         -nan%
                                                     0         -nan%                0         -nan%
                                                  -nan         -nan              -nan         -nan

ICACHE_THROTTLE_CYCLE                                0                              0              

FETCH_ENABLE_THROTTLE_OFF_PATH                       0         -nan%                0         -nan%
FETCH_ENABLE_THROTTLE_ON_PATH                        0         -nan%                0         -nan%
                                                     0         -nan%                0         -nan%
                                                  -nan         -nan              -nan         -nan

FETCH_DISABLE_THROTTLE_OFF_PATH                      0         -nan%                0         -nan%
FETCH_DISABLE_THROTTLE_ON_PATH                       0         -nan%                0         -nan%
                                                     0         -nan%                0         -nan%
                                                  -nan         -nan              -nan         -nan

FETCH_TH_ADJUST__0                                   0         -nan%                0         -nan%
FETCH_TH_ADJUST__1                                   0         -nan%                0         -nan%
FETCH_TH_ADJUST__2                                   0         -nan%                0         -nan%
FETCH_TH_ADJUST__3                                   0         -nan%                0         -nan%
FETCH_TH_ADJUST__4                                   0         -nan%                0         -nan%
FETCH_TH_ADJUST__5                                   0         -nan%                0         -nan%
FETCH_TH_ADJUST__6                                   0         -nan%                0         -nan%
FETCH_TH_ADJUST__7                                   0         -nan%                0         -nan%
FETCH_TH_ADJUST__8                                   0         -nan%                0         -nan%
FETCH_TH_ADJUST__9                                   0         -nan%                0         -nan%
FETCH_TH_ADJUST__MAX                                 0         -nan%                0         -nan%
                                                     0         -nan%                0         -nan%
                                                  -nan         -nan              -nan         -nan

FETCH_TH_ADJUST_UP                                   0         -nan%                0         -nan%
FETCH_TH_ADJUST_DOWN                                 0         -nan%                0         -nan%
FETCH_TH_ADJUST_SAME                                 0         -nan%                0         -nan%
                                                     0         -nan%                0         -nan%
                                                  -nan         -nan              -nan         -nan

THROTTLE_ADJUST_CACHE_MISS_INFO                      0                              0              

LOW_CONF_COUNT_BP_MIS_0                              0         -nan%                0         -nan%
LOW_CONF_COUNT_BP_MIS_1                              0         -nan%                0         -nan%
LOW_CONF_COUNT_BP_MIS_2                              0         -nan%                0         -nan%
LOW_CONF_COUNT_BP_MIS_3                              0         -nan%                0         -nan%
LOW_CONF_COUNT_BP_MIS_4                              0         -nan%                0         -nan%
LOW_CONF_COUNT_BP_MIS_5                              0         -nan%                0         -nan%
LOW_CONF_COUNT_BP_MIS_6                              0         -nan%                0         -nan%
LOW_CONF_COUNT_BP_MIS_7                              0         -nan%                0         -nan%
LOW_CONF_COUNT_BP_MIS_8                              0         -nan%                0         -nan%
LOW_CONF_COUNT_BP_MIS_9                              0         -nan%                0         -nan%
LOW_CONF_COUNT_BP_MIS_10                             0         -nan%                0         -nan%
LOW_CONF_COUNT_BP_MIS_11                             0         -nan%                0         -nan%
LOW_CONF_COUNT_BP_MIS_12                             0         -nan%                0         -nan%
LOW_CONF_COUNT_BP_MIS_13                             0         -nan%                0         -nan%
LOW_CONF_COUNT_BP_MIS_14                             0         -nan%                0         -nan%
LOW_CONF_COUNT_BP_MIS_15                             0         -nan%                0         -nan%
LOW_CONF_COUNT_BP_MIS_16                             0         -nan%                0         -nan%
LOW_CONF_COUNT_BP_MIS_17                             0         -nan%                0         -nan%
LOW_CONF_COUNT_BP_MIS_18                             0         -nan%                0         -nan%
LOW_CONF_COUNT_BP_MIS_19                             0         -nan%                0         -nan%
LOW_CONF_COUNT_BP_MIS_20                             0         -nan%                0         -nan%
                                                     0         -nan%                0         -nan%
                                                  -nan         -nan              -nan         -nan

LOW_CONF_COUNT_RET_0                                 0         -nan%                0         -nan%
LOW_CONF_COUNT_RET_1                                 0         -nan%                0         -nan%
LOW_CONF_COUNT_RET_2                                 0         -nan%                0         -nan%
LOW_CONF_COUNT_RET_3                                 0         -nan%                0         -nan%
LOW_CONF_COUNT_RET_4                                 0         -nan%                0         -nan%
LOW_CONF_COUNT_RET_5                                 0         -nan%                0         -nan%
LOW_CONF_COUNT_RET_6                                 0         -nan%                0         -nan%
LOW_CONF_COUNT_RET_7                                 0         -nan%                0         -nan%
LOW_CONF_COUNT_RET_8                                 0         -nan%                0         -nan%
LOW_CONF_COUNT_RET_9                                 0         -nan%                0         -nan%
LOW_CONF_COUNT_RET_10                                0         -nan%                0         -nan%
LOW_CONF_COUNT_RET_11                                0         -nan%                0         -nan%
LOW_CONF_COUNT_RET_12                                0         -nan%                0         -nan%
LOW_CONF_COUNT_RET_13                                0         -nan%                0         -nan%
LOW_CONF_COUNT_RET_14                                0         -nan%                0         -nan%
LOW_CONF_COUNT_RET_15                                0         -nan%                0         -nan%
LOW_CONF_COUNT_RET_16                                0         -nan%                0         -nan%
LOW_CONF_COUNT_RET_17                                0         -nan%                0         -nan%
LOW_CONF_COUNT_RET_18                                0         -nan%                0         -nan%
LOW_CONF_COUNT_RET_19                                0         -nan%                0         -nan%
LOW_CONF_COUNT_RET_20                                0         -nan%                0         -nan%
                                                     0         -nan%                0         -nan%
                                                  -nan         -nan              -nan         -nan

CYCLES_RESTEER_RECOVER_AT_EXEC                       0         -nan%                0         -nan%
CYCLES_RESTEER_RECOVER_AT_DECODE                     0         -nan%                0         -nan%
CYCLES_RESTEER_BTB_MISS                              0         -nan%                0         -nan%
                                                     0         -nan%                0         -nan%
                                                  -nan         -nan              -nan         -nan

CYCLES_RESTEER_RECOVER_AT_EXEC_SAVED_UC_FETCH             0         -nan%                0         -nan%
CYCLES_RESTEER_RECOVER_AT_EXEC_COULD_BE_SAVED_UC_FETCH             0         -nan%                0         -nan%
CYCLES_RESTEER_RECOVER_AT_DECODE_SAVED_UC_FETCH             0         -nan%                0         -nan%
CYCLES_RESTEER_RECOVER_AT_DECODE_COULD_BE_SAVED_UC_FETCH             0         -nan%                0         -nan%
CYCLES_RESTEER_BTB_MISS_SAVED_UC_FETCH               0         -nan%                0         -nan%
CYCLES_RESTEER_BTB_MISS_COULD_BE_SAVED_UC_FETCH             0         -nan%                0         -nan%
                                                     0         -nan%                0         -nan%
                                                  -nan         -nan              -nan         -nan

CYCLES_UOC_IC_SWITCH                                 0                              0              



