/* -*- Mode: c -*- */
####################################################################################################
Core 0
####################################################################################################
Cumulative:        Cycles: 12346363              Instructions: 19999999              IPC: 1.61991

Periodic:          Cycles: 6197429               Instructions: 9999999               IPC: 1.61357

EXECUTION_TIME                           1936696562500                  3858238437500              

SIM_HOST_WALL_SECONDS                        60.839045                      60.839045              

NODE_CYCLE                                     6197429                       12346363              

NODE_INST_COUNT                                9999999                       19999999              

NODE_INST_COUNT_FETCHED                        9999999                       19999999              

NODE_UOP_COUNT                                11981392                       23962786              

EXEC_STAGE_NO_ISSUE_STALL_CYCLE                5529720                       11070291              

EXEC_STAGE_NO_ISSUE_STALL_CYCLE_ONPATH         5529720                       11069971              

FULL_WINDOW_STALL                                    0        0.000%                9        0.000%

FULL_WINDOW_MEM_OP                                   0         -nan%                6      100.000%
FULL_WINDOW_FP_OP                                    0         -nan%                0        0.000%
FULL_WINDOW_OTHER_OP                                 0         -nan%                0        0.000%
                                                     0         -nan%                6      100.000%
                                                  -nan         -nan              0.00         0.00

RET_BLOCKED_DC_MISS                             121970        1.968%           217795        1.764%

RET_BLOCKED_L1_MISS                              26404        0.426%            58169        0.471%

RET_BLOCKED_L1_MISS_BW_PREF                       9949        0.161%            21144        0.171%

RET_BLOCKED_L1_ACCESS                            95566        1.542%           159626        1.293%

RET_BLOCKED_MEM_STALL                            27069        0.437%            59121        0.479%

RET_BLOCKED_OFFCHIP_DEMAND                           0        0.000%                0        0.000%

OP_ISSUED                                     11981191                       23963318              

OP_RETIRED                                    11981392                       23962786              

OP_MACRO_FUSION_ONPATH                          118232                         236469              

OP_MACRO_FUSION_OFFPATH                              0                              4              

REPLAY_SIGNALED                                      0                              0              

REPLAY_COUNTED                                       0                              0              

OFF_CRITICAL_PATH                                    0         -nan%                0         -nan%
ON_CRITICAL_PATH                                     0         -nan%                0         -nan%
                                                     0         -nan%                0         -nan%
                                                  -nan         -nan              -nan         -nan

LD_NO_DEPENDENTS                                  1909        0.030%             3822        0.030%
LD_DEPENDENTS                                  6331066       99.970%         12662134       99.970%
                                               6332975      100.000%         12665956      100.000%
                                                  1.00         1.00              1.00         1.00

LD_EXEC_CYCLES_0                                     0        0.000%                0        0.000%
LD_EXEC_CYCLES_1                                     0        0.000%                0        0.000%
LD_EXEC_CYCLES_2                                     0        0.000%                0        0.000%
LD_EXEC_CYCLES_3                                 12770       31.321%            26348       31.963%
LD_EXEC_CYCLES_4                                 28002       68.679%            56086       68.037%
                                                 40772      100.000%            82434      100.000%
                                                  3.69         3.09              3.68         3.07

ICACHE_STAGE_STARVED                               208        0.003%             1384        0.011%
ICACHE_STAGE_NOT_STARVED                       6197221       99.997%         12342880       99.989%
                                               6197429      100.000%         12344264      100.000%
                                                  1.00         1.00              1.00         1.00

ICACHE_STAGE_STALLED                           4124430       66.551%          8197140       66.393%
ICACHE_STAGE_NOT_STALLED                       2072999       33.449%          4147124       33.590%
ICACHE_STAGE_OFF_PATH                                0        0.000%             2099        0.017%
                                               6197429      100.000%         12346363      100.000%
                                                  0.33         0.38              0.34         0.39

DECODE_STAGE_STARVED                           6191683       99.907%         12334338       99.906%
DECODE_STAGE_NOT_STARVED                          5746        0.093%            11579        0.094%
                                               6197429      100.000%         12345917      100.000%
                                                  0.00         0.03              0.00         0.03

DECODE_STAGE_STALLED                             29576        0.477%            58729        0.476%
DECODE_STAGE_NOT_STALLED                       6167853       99.523%         12287188       99.521%
DECODE_STAGE_OFF_PATH                                0        0.000%              446        0.004%
                                               6197429      100.000%         12346363      100.000%
                                                  1.00         0.00              1.00         0.01

UOPQ_STAGE_STARVED                                2101        0.102%             5747        0.139%
UOPQ_STAGE_NOT_STARVED                         2067046       99.898%          4134128       99.861%
                                               2069147      100.000%          4139875      100.000%
                                                  1.00         1.00              1.00         1.00

UOPQ_STAGE_STALLED                             4128282       66.613%          8204850       66.456%
UOPQ_STAGE_NOT_STALLED                         2069147       33.387%          4139875       33.531%
UOPQ_STAGE_OFF_PATH                                  0        0.000%             1638        0.013%
                                               6197429      100.000%         12346363      100.000%
                                                  0.33         0.38              0.34         0.39

RS_OP_READY_NOT_ISSUED_TOTAL                   8065119                       14290961              

RS_0_OP_READY_NOT_ISSUED                         37128                          71116              

RS_1_OP_READY_NOT_ISSUED                       4067481                        7238215              

RS_2_OP_READY_NOT_ISSUED                       3960510                        6981630              

RS_3_OP_READY_NOT_ISSUED                             0                              0              

RS_4_OP_READY_NOT_ISSUED                             0                              0              

RS_5_OP_READY_NOT_ISSUED                             0                              0              

RS_6_OP_READY_NOT_ISSUED                             0                              0              

RS_7_OP_READY_NOT_ISSUED                             0                              0              

RS_7_PLUS_OP_READY_NOT_ISSUED                        0                              0              

FU_IDLE_NO_READY_OPS_TOTAL                    25513820                       50900886              

FU_0_IDLE_NO_READY_OPS                         1648995                        3280095              

FU_1_IDLE_NO_READY_OPS                         2613034                        5197147              

FU_2_IDLE_NO_READY_OPS                         1147817                        2355951              

FU_3_IDLE_NO_READY_OPS                         1525807                        3075877              

FU_4_IDLE_NO_READY_OPS                         3007785                        5990869              

FU_5_IDLE_NO_READY_OPS                         4505931                        8961327              

FU_6_IDLE_NO_READY_OPS                         5560709                       11075613              

FU_7_IDLE_NO_READY_OPS                         5503742                       10964007              

FU_8_IDLE_NO_READY_OPS                               0                              0              

FU_9_IDLE_NO_READY_OPS                               0                              0              

FU_10_IDLE_NO_READY_OPS                              0                              0              

FU_11_IDLE_NO_READY_OPS                              0                              0              

FU_12_IDLE_NO_READY_OPS                              0                              0              

FU_13_IDLE_NO_READY_OPS                              0                              0              

FU_14_IDLE_NO_READY_OPS                              0                              0              

FU_15_IDLE_NO_READY_OPS                              0                              0              

FU_16_IDLE_NO_READY_OPS                              0                              0              

FU_17_IDLE_NO_READY_OPS                              0                              0              

FU_18_IDLE_NO_READY_OPS                              0                              0              

FU_19_IDLE_NO_READY_OPS                              0                              0              

FU_20_IDLE_NO_READY_OPS                              0                              0              

FU_21_IDLE_NO_READY_OPS                              0                              0              

FU_22_IDLE_NO_READY_OPS                              0                              0              

FU_23_IDLE_NO_READY_OPS                              0                              0              

FU_24_IDLE_NO_READY_OPS                              0                              0              

FU_25_IDLE_NO_READY_OPS                              0                              0              

FU_26_IDLE_NO_READY_OPS                              0                              0              

FU_27_IDLE_NO_READY_OPS                              0                              0              

FU_28_IDLE_NO_READY_OPS                              0                              0              

FU_29_IDLE_NO_READY_OPS                              0                              0              

FU_30_IDLE_NO_READY_OPS                              0                              0              

FU_31_IDLE_NO_READY_OPS                              0                              0              

FU_31_PLUS_IDLE_NO_READY_OPS                         0                              0              

MAP_STAGE_STARVED                                  118        0.002%             1372        0.011%
MAP_STAGE_NOT_STARVED                          6197311       99.998%         12344568       99.989%
                                               6197429      100.000%         12345940      100.000%
                                                  1.00         1.00              1.00         1.00

MAP_STAGE_STALLED                               206733        3.336%           363161        2.941%
MAP_STAGE_NOT_STALLED                          5990696       96.664%         11982779       97.055%
MAP_STAGE_OFF_PATH                                   0        0.000%              423        0.003%
                                               6197429      100.000%         12346363      100.000%
                                                  0.97         0.03              0.97         0.03

MAP_STAGE_STALL_ITSELF                               0        0.000%                0        0.000%
MAP_STAGE_NOT_STALL_ITSELF                     6197429      100.000%         12346363      100.000%
                                               6197429      100.000%         12346363      100.000%
                                                  1.00         1.00              1.00         1.00

MAP_STAGE_LATE_ALLOCATE_SEND_BACK                    0                              0              

MAP_STAGE_RENAME_OP_ONPATH                    11981157                       23962786              

MAP_STAGE_RENAME_OP_OFFPATH                          0                            668              

MAP_STAGE_RENAME_INT_REG_ONPATH                8217022                       16434365              

MAP_STAGE_RENAME_INT_REG_OFFPATH                     0                            135              

MAP_STAGE_RENAME_VEC_REG_ONPATH                4544001                        9088183              

MAP_STAGE_RENAME_VEC_REG_OFFPATH                     0                             58              

MAP_STAGE_RENAME_MOVE_ELIM_ONPATH                    0                              0              

MAP_STAGE_RENAME_MOVE_ELIM_OFFPATH                   0                              0              

MAP_STAGE_ONPATH_INT_REG_NUM_ALLOC             8217184                       16434349              

MAP_STAGE_ONPATH_VEC_REG_NUM_ALLOC             4544089                        9088175              

MAP_STAGE_ONPATH_INT_REG_NUM_SHORTLIVE         1357233                        2727076              

MAP_STAGE_ONPATH_VEC_REG_NUM_SHORTLIVE          172857                         370727              

MAP_STAGE_ONPATH_INT_REG_USE_COUNT_0           1733480                        3466956              

MAP_STAGE_ONPATH_VEC_REG_USE_COUNT_0                 0                              0              

MAP_STAGE_ONPATH_INT_REG_USE_COUNT_1           4862826                        9725649              

MAP_STAGE_ONPATH_VEC_REG_USE_COUNT_1           3863334                        7726667              

MAP_STAGE_ONPATH_INT_REG_USE_COUNT_2           1140338                        2280675              

MAP_STAGE_ONPATH_VEC_REG_USE_COUNT_2            234546                         469092              

MAP_STAGE_ONPATH_INT_REG_USE_COUNT_3             22888                          45776              

MAP_STAGE_ONPATH_VEC_REG_USE_COUNT_3            446209                         892416              

MAP_STAGE_ONPATH_INT_REG_USE_COUNT_4                 0                              0              

MAP_STAGE_ONPATH_VEC_REG_USE_COUNT_4                 0                              0              

MAP_STAGE_ONPATH_INT_REG_USE_COUNT_5            331797                         663591              

MAP_STAGE_ONPATH_VEC_REG_USE_COUNT_5                 0                              0              

MAP_STAGE_ONPATH_INT_REG_USE_COUNT_6                 0                              0              

MAP_STAGE_ONPATH_VEC_REG_USE_COUNT_6                 0                              0              

MAP_STAGE_ONPATH_INT_REG_USE_COUNT_7_PLUS        125855                         251702              

MAP_STAGE_ONPATH_VEC_REG_USE_COUNT_7_PLUS             0                              0              

MAP_STAGE_ONPATH_INT_REG_CONSUME_DIST_0              0        0.0000                0        0.0000

MAP_STAGE_ONPATH_VEC_REG_CONSUME_DIST_0              0          -nan                0          -nan

MAP_STAGE_ONPATH_INT_REG_CONSUME_DIST_1              0        0.0000                0        0.0000

MAP_STAGE_ONPATH_VEC_REG_CONSUME_DIST_1              0        0.0000                0        0.0000

MAP_STAGE_ONPATH_INT_REG_CONSUME_DIST_2        4760296        4.1745          9411871        4.1268

MAP_STAGE_ONPATH_VEC_REG_CONSUME_DIST_2        2271681        9.6854          4524162        9.6445

MAP_STAGE_ONPATH_INT_REG_CONSUME_DIST_3         807263       35.2701          1617323       35.3312

MAP_STAGE_ONPATH_VEC_REG_CONSUME_DIST_3       12914406       28.9425         25731825       28.8339

MAP_STAGE_ONPATH_INT_REG_CONSUME_DIST_4              0          -nan                0          -nan

MAP_STAGE_ONPATH_VEC_REG_CONSUME_DIST_4              0          -nan                0          -nan

MAP_STAGE_ONPATH_INT_REG_CONSUME_DIST_5       20518194       61.8396         41009702       61.7997

MAP_STAGE_ONPATH_VEC_REG_CONSUME_DIST_5              0          -nan                0          -nan

MAP_STAGE_ONPATH_INT_REG_CONSUME_DIST_6              0          -nan                0          -nan

MAP_STAGE_ONPATH_VEC_REG_CONSUME_DIST_6              0          -nan                0          -nan

MAP_STAGE_ONPATH_INT_REG_CONSUME_DIST_7_PLUS      42506408      337.7411         84600862      336.1152

MAP_STAGE_ONPATH_VEC_REG_CONSUME_DIST_7_PLUS             0          -nan                0          -nan

MAP_STAGE_INT_REG_ISSUE_READ_TOTAL_CONSUMED      16273716        2.9430         32548087        2.9401

MAP_STAGE_VEC_REG_ISSUE_READ_TOTAL_CONSUMED       5670982        1.0255         11342111        1.0246

MAP_STAGE_INT_REG_ISSUE_READ_MULTI_CONSUMED       9790120        1.7705         19580661        1.7688

MAP_STAGE_VEC_REG_ISSUE_READ_MULTI_CONSUMED       1126946        0.2038          2253927        0.2036

MAP_STAGE_INT_REG_ISSUE_READ_SAME_CYCLE_CONSUMED        837069        0.1514          1666341        0.1505

MAP_STAGE_VEC_REG_ISSUE_READ_SAME_CYCLE_CONSUMED        185280        0.0335           368526        0.0333

MAP_STAGE_INT_REG_ISSUE_READ_TOTAL_CONSUMED_ONPATH      16273716        2.9430         32547998        2.9402

MAP_STAGE_VEC_REG_ISSUE_READ_TOTAL_CONSUMED_ONPATH       5670982        1.0255         11342111        1.0246

MAP_STAGE_INT_REG_ISSUE_READ_MULTI_CONSUMED_ONPATH       9790120        1.7705         19580580        1.7688

MAP_STAGE_VEC_REG_ISSUE_READ_MULTI_CONSUMED_ONPATH       1126946        0.2038          2253927        0.2036

MAP_STAGE_INT_REG_ISSUE_READ_SAME_CYCLE_CONSUMED_ONPATH        837069        0.1514          1666320        0.1505

MAP_STAGE_VEC_REG_ISSUE_READ_SAME_CYCLE_CONSUMED_ONPATH        185280        0.0335           368526        0.0333

MAP_STAGE_ONPATH_INT_REG_LIFECYCLE_EMPTY     127659151                      243974223              

MAP_STAGE_ONPATH_VEC_REG_LIFECYCLE_EMPTY     132160782                      259191479              

MAP_STAGE_ONPATH_INT_REG_LIFECYCLE_IN_USE     447928422                      884773421              

MAP_STAGE_ONPATH_VEC_REG_LIFECYCLE_IN_USE     212192612                      420917659              

MAP_STAGE_ONPATH_INT_REG_LIFECYCLE_SPEC_RELEASE    1097994032                     2185641036              

MAP_STAGE_ONPATH_VEC_REG_LIFECYCLE_SPEC_RELEASE     601902205                     1198186991              

MAP_STAGE_ONPATH_INT_REG_LIFECYCLE_NONSPEC_RELEASE    1097994032                     2185641036              

MAP_STAGE_ONPATH_VEC_REG_LIFECYCLE_NONSPEC_RELEASE     601902205                     1198186991              

MAP_STAGE_ONPATH_INT_REG_LIFECYCLE_TOTAL    1097994032                     2185641036              

MAP_STAGE_ONPATH_VEC_REG_LIFECYCLE_TOTAL     601902205                     1198186991              

MAP_STAGE_ONPATH_INT_REG_NUM_NONBRANCH         8217184                       16434349              

MAP_STAGE_ONPATH_VEC_REG_NUM_NONBRANCH         4544089                        9088175              

MAP_STAGE_ONPATH_INT_REG_NUM_NONEXCEPT         8217184                       16434349              

MAP_STAGE_ONPATH_VEC_REG_NUM_NONEXCEPT         4544089                        9088175              

MAP_STAGE_ONPATH_INT_REG_NUM_ATOMIC            8217184                       16434349              

MAP_STAGE_ONPATH_VEC_REG_NUM_ATOMIC            4544089                        9088175              

MAP_STAGE_ONPATH_INT_REG_ATOMIC_REDEFINED_DIST_TOTAL    1097994032      133.6217       2185641036      132.9922

MAP_STAGE_ONPATH_VEC_REG_ATOMIC_REDEFINED_DIST_TOTAL     601902205      132.4583       1198186991      131.8402

MAP_STAGE_ONPATH_INT_REG_ATOMIC_CONSUMED_DIST_TOTAL     447928422       54.5112        884773421       53.8368

MAP_STAGE_ONPATH_VEC_REG_ATOMIC_CONSUMED_DIST_TOTAL     212192612       46.6964        420917659       46.3149

MAP_STAGE_ONPATH_INT_REG_ATOMIC_RELEASE_DIST_TOTAL    1097994032      133.6217       2185641036      132.9922

MAP_STAGE_ONPATH_VEC_REG_ATOMIC_RELEASE_DIST_TOTAL     601902205      132.4583       1198186991      131.8402

EXEC_STAGE_STARVED                             3505355       56.561%          7082000       57.361%
EXEC_STAGE_NOT_STARVED                         2692074       43.439%          5263987       42.636%
EXEC_STAGE_OFF_PATH                                  0        0.000%              376        0.003%
                                               6197429      100.000%         12346363      100.000%
                                                  0.43         0.37              0.43         0.37

FU_BUSY_0                                      3152734                        6287327              

FU_BUSY_1                                      1228604                        2472050              

FU_BUSY_2                                      4068169                        8026870              

FU_BUSY_3                                      3674624                        7270897              

FU_BUSY_4                                       461048                         926091              

FU_BUSY_5                                        85039                         169992              

FU_BUSY_6                                       346177                         691920              

FU_BUSY_7                                       375675                         751741              

FU_BUSY_8                                            0                              0              

FU_BUSY_9                                            0                              0              

FU_BUSY_10                                           0                              0              

FU_BUSY_11                                           0                              0              

FU_BUSY_12                                           0                              0              

FU_BUSY_13                                           0                              0              

FU_BUSY_14                                           0                              0              

FU_BUSY_15                                           0                              0              

FU_BUSY_16                                           0                              0              

FU_BUSY_17                                           0                              0              

FU_BUSY_18                                           0                              0              

FU_BUSY_19                                           0                              0              

FU_BUSY_20                                           0                              0              

FU_BUSY_21                                           0                              0              

FU_BUSY_22                                           0                              0              

FU_BUSY_23                                           0                              0              

FU_BUSY_24                                           0                              0              

FU_BUSY_25                                           0                              0              

FU_BUSY_26                                           0                              0              

FU_BUSY_27                                           0                              0              

FU_BUSY_28                                           0                              0              

FU_BUSY_29                                           0                              0              

FU_BUSY_30                                           0                              0              

FU_BUSY_31                                           0                              0              

FU_REJECTED_OP_INV_NOT_SIMD                          0        0.000%                0        0.000%
FU_REJECTED_OP_NOP_NOT_SIMD                          0        0.000%                0        0.000%
FU_REJECTED_OP_CF_NOT_SIMD                           0        0.000%                0        0.000%
FU_REJECTED_OP_MOV_NOT_SIMD                          0        0.000%                0        0.000%
FU_REJECTED_OP_CMOV_NOT_SIMD                         0        0.000%                0        0.000%
FU_REJECTED_OP_LDA_NOT_SIMD                          0        0.000%                0        0.000%
FU_REJECTED_OP_IMEM_NOT_SIMD                    483577       37.141%           890917       36.975%
FU_REJECTED_OP_IADD_NOT_SIMD                       110        0.008%              218        0.009%
FU_REJECTED_OP_IMUL_NOT_SIMD                         0        0.000%                0        0.000%
FU_REJECTED_OP_IDIV_NOT_SIMD                         0        0.000%                0        0.000%
FU_REJECTED_OP_ICMP_NOT_SIMD                         0        0.000%                0        0.000%
FU_REJECTED_OP_LOGIC_NOT_SIMD                        0        0.000%                0        0.000%
FU_REJECTED_OP_SHIFT_NOT_SIMD                        0        0.000%                0        0.000%
FU_REJECTED_OP_FMEM_NOT_SIMD                         0        0.000%                0        0.000%
FU_REJECTED_OP_FCVT_NOT_SIMD                         0        0.000%                0        0.000%
FU_REJECTED_OP_FADD_NOT_SIMD                         0        0.000%                0        0.000%
FU_REJECTED_OP_FMUL_NOT_SIMD                         0        0.000%                0        0.000%
FU_REJECTED_OP_FMA_NOT_SIMD                          0        0.000%                0        0.000%
FU_REJECTED_OP_FDIV_NOT_SIMD                         0        0.000%                0        0.000%
FU_REJECTED_OP_FCMP_NOT_SIMD                         0        0.000%                0        0.000%
FU_REJECTED_OP_FCMOV_NOT_SIMD                        0        0.000%                0        0.000%
FU_REJECTED_OP_GATHER_NOT_SIMD                       0        0.000%                0        0.000%
FU_REJECTED_OP_SCATTER_NOT_SIMD                      0        0.000%                0        0.000%
FU_REJECTED_OP_PIPELINED_FAST_NOT_SIMD               0        0.000%                0        0.000%
FU_REJECTED_OP_PIPELINED_MEDIUM_NOT_SIMD             0        0.000%                0        0.000%
FU_REJECTED_OP_PIPELINED_SLOW_NOT_SIMD               0        0.000%                0        0.000%
FU_REJECTED_OP_NOTPIPELINED_MEDIUM_NOT_SIMD             0        0.000%                0        0.000%
FU_REJECTED_OP_NOTPIPELINED_SLOW_NOT_SIMD             0        0.000%                0        0.000%
FU_REJECTED_OP_NOTPIPELINED_VERY_SLOW_NOT_SIMD             0        0.000%                0        0.000%
FU_REJECTED_OP_INV_SIMD                              0        0.000%                0        0.000%
FU_REJECTED_OP_NOP_SIMD                              0        0.000%                0        0.000%
FU_REJECTED_OP_CF_SIMD                               0        0.000%                0        0.000%
FU_REJECTED_OP_MOV_SIMD                              0        0.000%                0        0.000%
FU_REJECTED_OP_CMOV_SIMD                             0        0.000%                0        0.000%
FU_REJECTED_OP_LDA_SIMD                              0        0.000%                0        0.000%
FU_REJECTED_OP_IMEM_SIMD                             0        0.000%                0        0.000%
FU_REJECTED_OP_IADD_SIMD                             0        0.000%                0        0.000%
FU_REJECTED_OP_IMUL_SIMD                             0        0.000%                0        0.000%
FU_REJECTED_OP_IDIV_SIMD                             0        0.000%                0        0.000%
FU_REJECTED_OP_ICMP_SIMD                             0        0.000%                0        0.000%
FU_REJECTED_OP_LOGIC_SIMD                            0        0.000%                0        0.000%
FU_REJECTED_OP_SHIFT_SIMD                            0        0.000%                0        0.000%
FU_REJECTED_OP_FMEM_SIMD                             0        0.000%                0        0.000%
FU_REJECTED_OP_FCVT_SIMD                        818239       62.845%          1518245       63.011%
FU_REJECTED_OP_FADD_SIMD                            66        0.005%              127        0.005%
FU_REJECTED_OP_FMUL_SIMD                             0        0.000%                0        0.000%
FU_REJECTED_OP_FMA_SIMD                              0        0.000%                0        0.000%
FU_REJECTED_OP_FDIV_SIMD                             0        0.000%                0        0.000%
FU_REJECTED_OP_FCMP_SIMD                             0        0.000%                0        0.000%
FU_REJECTED_OP_FCMOV_SIMD                            0        0.000%                0        0.000%
FU_REJECTED_OP_GATHER_SIMD                           0        0.000%                0        0.000%
FU_REJECTED_OP_SCATTER_SIMD                          0        0.000%                0        0.000%
FU_REJECTED_OP_PIPELINED_FAST_SIMD                   0        0.000%                0        0.000%
FU_REJECTED_OP_PIPELINED_MEDIUM_SIMD                 0        0.000%                0        0.000%
FU_REJECTED_OP_PIPELINED_SLOW_SIMD                   0        0.000%                0        0.000%
FU_REJECTED_OP_NOTPIPELINED_MEDIUM_SIMD              0        0.000%                0        0.000%
FU_REJECTED_OP_NOTPIPELINED_SLOW_SIMD                0        0.000%                0        0.000%
FU_REJECTED_OP_NOTPIPELINED_VERY_SLOW_SIMD             0        0.000%                0        0.000%
                                               1301992      100.000%          2409507      100.000%
                                                 29.25        17.88             29.32        17.86

LSQ_FULL_TOTAL                                  206733                         363161              

LSQ_FULL_LOAD_QUEUE                             206733                         363161              

LSQ_FULL_STORE_QUEUE                                 0                              0              

OP_WAIT_0                                      6714627                       13443436              

OP_WAIT_1                                      3357594                        6734750              

OP_WAIT_2                                       788565                        1609451              

OP_WAIT_3                                       358542                         720804              

OP_WAIT_4                                       165445                         333047              

OP_WAIT_5                                        76047                         149283              

OP_WAIT_6                                        42490                          83013              

OP_WAIT_7                                        29152                          60020              

OP_WAIT_8                                        22132                          45250              

OP_WAIT_9                                        17836                          34470              

OP_WAIT_10                                       13570                          26137              

OP_WAIT_11                                       11340                          21495              

OP_WAIT_12                                       10113                          19523              

OP_WAIT_13                                       10281                          19512              

OP_WAIT_14                                        9631                          18569              

OP_WAIT_15                                        8907                          17131              

OP_WAIT_16                                        8293                          15995              

OP_WAIT_17                                        7932                          15483              

OP_WAIT_18                                        7808                          14890              

OP_WAIT_19                                        7669                          14432              

OP_WAIT_20                                        7516                          14250              

OP_WAIT_21                                        7045                          13359              

OP_WAIT_22                                        6888                          13177              

OP_WAIT_23                                        6896                          13006              

OP_WAIT_24                                        6762                          12730              

OP_WAIT_25                                        6485                          12188              

OP_WAIT_26                                        6607                          12307              

OP_WAIT_27                                        6315                          11888              

OP_WAIT_28                                        6449                          11982              

OP_WAIT_29                                        6463                          11814              

OP_WAIT_30                                        6127                          11217              

OP_WAIT_31                                      239865                         428177              

ROW_SIZE_0                                      198772                         350002              

ROW_SIZE_1                                       15922                          28270              

ROW_SIZE_2                                     5982735                       11967258              

ROW_SIZE_3                                           0                              0              

ROW_SIZE_4                                           0                              0              

ROW_SIZE_5                                           0                              0              

ROW_SIZE_6                                           0                              0              

ROW_SIZE_7                                           0                              0              

ROW_SIZE_8                                           0                              0              

ROW_SIZE_9                                           0                              0              

ROW_SIZE_10                                          0                              0              

ROW_SIZE_11                                          0                              0              

ROW_SIZE_12                                          0                              0              

ROW_SIZE_13                                          0                              0              

ROW_SIZE_14                                          0                              0              

ROW_SIZE_15                                          0                              0              

ROW_SIZE_16                                          0                              0              

ROW_SIZE_17                                          0                              0              

ROW_SIZE_18                                          0                              0              

ROW_SIZE_19                                          0                              0              

ROW_SIZE_20                                          0                              0              

ROW_SIZE_21                                          0                              0              

ROW_SIZE_22                                          0                              0              

ROW_SIZE_23                                          0                              0              

ROW_SIZE_24                                          0                              0              

ROW_SIZE_25                                          0                              0              

ROW_SIZE_26                                          0                              0              

ROW_SIZE_27                                          0                              0              

ROW_SIZE_28                                          0                              0              

ROW_SIZE_29                                          0                              0              

ROW_SIZE_30                                          0                              0              

ROW_SIZE_31                                          0                              0              

RET_OP_EXEC_COUNT_0                                  0        0.000%                0        0.000%
RET_OP_EXEC_COUNT_1                           11981392      100.000%         23962786      100.000%
RET_OP_EXEC_COUNT_2                                  0        0.000%                0        0.000%
RET_OP_EXEC_COUNT_3                                  0        0.000%                0        0.000%
RET_OP_EXEC_COUNT_4                                  0        0.000%                0        0.000%
RET_OP_EXEC_COUNT_5                                  0        0.000%                0        0.000%
RET_OP_EXEC_COUNT_6                                  0        0.000%                0        0.000%
RET_OP_EXEC_COUNT_7                                  0        0.000%                0        0.000%
RET_OP_EXEC_COUNT_8                                  0        0.000%                0        0.000%
RET_OP_EXEC_COUNT_9                                  0        0.000%                0        0.000%
RET_OP_EXEC_COUNT_10                                 0        0.000%                0        0.000%
RET_OP_EXEC_COUNT_11                                 0        0.000%                0        0.000%
RET_OP_EXEC_COUNT_12                                 0        0.000%                0        0.000%
RET_OP_EXEC_COUNT_13                                 0        0.000%                0        0.000%
RET_OP_EXEC_COUNT_14                                 0        0.000%                0        0.000%
RET_OP_EXEC_COUNT_15                                 0        0.000%                0        0.000%
RET_OP_EXEC_COUNT_16                                 0        0.000%                0        0.000%
RET_OP_EXEC_COUNT_17                                 0        0.000%                0        0.000%
RET_OP_EXEC_COUNT_18                                 0        0.000%                0        0.000%
RET_OP_EXEC_COUNT_19                                 0        0.000%                0        0.000%
RET_OP_EXEC_COUNT_20                                 0        0.000%                0        0.000%
RET_OP_EXEC_COUNT_21                                 0        0.000%                0        0.000%
RET_OP_EXEC_COUNT_22                                 0        0.000%                0        0.000%
RET_OP_EXEC_COUNT_23                                 0        0.000%                0        0.000%
RET_OP_EXEC_COUNT_24                                 0        0.000%                0        0.000%
RET_OP_EXEC_COUNT_25                                 0        0.000%                0        0.000%
RET_OP_EXEC_COUNT_26                                 0        0.000%                0        0.000%
RET_OP_EXEC_COUNT_27                                 0        0.000%                0        0.000%
RET_OP_EXEC_COUNT_28                                 0        0.000%                0        0.000%
RET_OP_EXEC_COUNT_29                                 0        0.000%                0        0.000%
RET_OP_EXEC_COUNT_30                                 0        0.000%                0        0.000%
RET_OP_EXEC_COUNT_31                                 0        0.000%                0        0.000%
RET_OP_EXEC_COUNT_32                                 0        0.000%                0        0.000%
                                              11981392      100.000%         23962786      100.000%
                                                  1.00         0.00              1.00         0.00

RET_STALL_LENGTH_0                            11981313       99.999%         23962608       99.999%
RET_STALL_LENGTH_100                                38        0.000%               94        0.000%
RET_STALL_LENGTH_200                                10        0.000%               23        0.000%
RET_STALL_LENGTH_300                                13        0.000%               21        0.000%
RET_STALL_LENGTH_400                                 7        0.000%               16        0.000%
RET_STALL_LENGTH_500                                 5        0.000%               12        0.000%
RET_STALL_LENGTH_600                                 2        0.000%                4        0.000%
RET_STALL_LENGTH_700                                 1        0.000%                1        0.000%
RET_STALL_LENGTH_800                                 0        0.000%                1        0.000%
RET_STALL_LENGTH_900                                 0        0.000%                1        0.000%
RET_STALL_LENGTH_1000                                0        0.000%                0        0.000%
RET_STALL_LENGTH_1100                                0        0.000%                1        0.000%
RET_STALL_LENGTH_1200                                1        0.000%                1        0.000%
RET_STALL_LENGTH_1300                                2        0.000%                2        0.000%
RET_STALL_LENGTH_1400                                0        0.000%                0        0.000%
RET_STALL_LENGTH_1500                                0        0.000%                0        0.000%
RET_STALL_LENGTH_1600                                0        0.000%                0        0.000%
RET_STALL_LENGTH_1700                                0        0.000%                0        0.000%
RET_STALL_LENGTH_1800                                0        0.000%                0        0.000%
RET_STALL_LENGTH_1900                                0        0.000%                0        0.000%
RET_STALL_LENGTH_2000                                0        0.000%                1        0.000%
RET_STALL_LENGTH_2100                                0        0.000%                0        0.000%
RET_STALL_LENGTH_2200                                0        0.000%                0        0.000%
RET_STALL_LENGTH_2300                                0        0.000%                0        0.000%
RET_STALL_LENGTH_2400                                0        0.000%                0        0.000%
RET_STALL_LENGTH_2500                                0        0.000%                0        0.000%
RET_STALL_LENGTH_2600                                0        0.000%                0        0.000%
RET_STALL_LENGTH_2700                                0        0.000%                0        0.000%
RET_STALL_LENGTH_2800                                0        0.000%                0        0.000%
RET_STALL_LENGTH_2900                                0        0.000%                0        0.000%
RET_STALL_LENGTH_3000                                0        0.000%                0        0.000%
RET_STALL_LENGTH_3100                                0        0.000%                0        0.000%
RET_STALL_LENGTH_3200                                0        0.000%                0        0.000%
RET_STALL_LENGTH_3300                                0        0.000%                0        0.000%
RET_STALL_LENGTH_3400                                0        0.000%                0        0.000%
RET_STALL_LENGTH_3500                                0        0.000%                0        0.000%
RET_STALL_LENGTH_3600                                0        0.000%                0        0.000%
RET_STALL_LENGTH_3700                                0        0.000%                0        0.000%
RET_STALL_LENGTH_3800                                0        0.000%                0        0.000%
RET_STALL_LENGTH_3900                                0        0.000%                0        0.000%
RET_STALL_LENGTH_4000                                0        0.000%                0        0.000%
RET_STALL_LENGTH_4100                                0        0.000%                0        0.000%
RET_STALL_LENGTH_4200                                0        0.000%                0        0.000%
RET_STALL_LENGTH_4300                                0        0.000%                0        0.000%
RET_STALL_LENGTH_4400                                0        0.000%                0        0.000%
RET_STALL_LENGTH_4500                                0        0.000%                0        0.000%
RET_STALL_LENGTH_4600                                0        0.000%                0        0.000%
RET_STALL_LENGTH_4700                                0        0.000%                0        0.000%
RET_STALL_LENGTH_4800                                0        0.000%                0        0.000%
RET_STALL_LENGTH_4900                                0        0.000%                0        0.000%
RET_STALL_LENGTH_5000                                0        0.000%                0        0.000%
                                              11981392      100.000%         23962786      100.000%
                                                  0.00         0.01              0.00         0.01

MEM_BLOCK_LENGTH_0                                8623       80.281%            16347       81.397%
MEM_BLOCK_LENGTH_100                              1538       14.319%             2834       14.111%
MEM_BLOCK_LENGTH_200                               412        3.836%              660        3.286%
MEM_BLOCK_LENGTH_300                               124        1.154%              179        0.891%
MEM_BLOCK_LENGTH_400                                26        0.242%               36        0.179%
MEM_BLOCK_LENGTH_500                                 9        0.084%               14        0.070%
MEM_BLOCK_LENGTH_600                                 6        0.056%                8        0.040%
MEM_BLOCK_LENGTH_700                                 2        0.019%                4        0.020%
MEM_BLOCK_LENGTH_800                                 1        0.009%                1        0.005%
MEM_BLOCK_LENGTH_900                                 0        0.000%                0        0.000%
MEM_BLOCK_LENGTH_1000                                0        0.000%                0        0.000%
MEM_BLOCK_LENGTH_1100                                0        0.000%                0        0.000%
MEM_BLOCK_LENGTH_1200                                0        0.000%                0        0.000%
MEM_BLOCK_LENGTH_1300                                0        0.000%                0        0.000%
MEM_BLOCK_LENGTH_1400                                0        0.000%                0        0.000%
MEM_BLOCK_LENGTH_1500                                0        0.000%                0        0.000%
MEM_BLOCK_LENGTH_1600                                0        0.000%                0        0.000%
MEM_BLOCK_LENGTH_1700                                0        0.000%                0        0.000%
MEM_BLOCK_LENGTH_1800                                0        0.000%                0        0.000%
MEM_BLOCK_LENGTH_1900                                0        0.000%                0        0.000%
MEM_BLOCK_LENGTH_2000                                0        0.000%                0        0.000%
MEM_BLOCK_LENGTH_2100                                0        0.000%                0        0.000%
MEM_BLOCK_LENGTH_2200                                0        0.000%                0        0.000%
MEM_BLOCK_LENGTH_2300                                0        0.000%                0        0.000%
MEM_BLOCK_LENGTH_2400                                0        0.000%                0        0.000%
MEM_BLOCK_LENGTH_2500                                0        0.000%                0        0.000%
MEM_BLOCK_LENGTH_2600                                0        0.000%                0        0.000%
MEM_BLOCK_LENGTH_2700                                0        0.000%                0        0.000%
MEM_BLOCK_LENGTH_2800                                0        0.000%                0        0.000%
MEM_BLOCK_LENGTH_2900                                0        0.000%                0        0.000%
MEM_BLOCK_LENGTH_3000                                0        0.000%                0        0.000%
MEM_BLOCK_LENGTH_3100                                0        0.000%                0        0.000%
MEM_BLOCK_LENGTH_3200                                0        0.000%                0        0.000%
MEM_BLOCK_LENGTH_3300                                0        0.000%                0        0.000%
MEM_BLOCK_LENGTH_3400                                0        0.000%                0        0.000%
MEM_BLOCK_LENGTH_3500                                0        0.000%                0        0.000%
MEM_BLOCK_LENGTH_3600                                0        0.000%                0        0.000%
MEM_BLOCK_LENGTH_3700                                0        0.000%                0        0.000%
MEM_BLOCK_LENGTH_3800                                0        0.000%                0        0.000%
MEM_BLOCK_LENGTH_3900                                0        0.000%                0        0.000%
MEM_BLOCK_LENGTH_4000                                0        0.000%                0        0.000%
MEM_BLOCK_LENGTH_4100                                0        0.000%                0        0.000%
MEM_BLOCK_LENGTH_4200                                0        0.000%                0        0.000%
MEM_BLOCK_LENGTH_4300                                0        0.000%                0        0.000%
MEM_BLOCK_LENGTH_4400                                0        0.000%                0        0.000%
MEM_BLOCK_LENGTH_4500                                0        0.000%                0        0.000%
MEM_BLOCK_LENGTH_4600                                0        0.000%                0        0.000%
MEM_BLOCK_LENGTH_4700                                0        0.000%                0        0.000%
MEM_BLOCK_LENGTH_4800                                0        0.000%                0        0.000%
MEM_BLOCK_LENGTH_4900                                0        0.000%                0        0.000%
MEM_BLOCK_LENGTH_5000                                0        0.000%                0        0.000%
                                                 10741      100.000%            20083      100.000%
                                                  0.27         0.60              0.25         0.56

FUS_BUSY_ON_PATH                              13392070        2.1609         26596346        2.1542

FUS_BUSY_OFF_PATH                                    0        0.0000              542        0.0000

FU_BUSY_MEM_STALL                              1410879        0.2277          2633570        0.2133

FUS_EMPTY                                     36187362        5.8391         72174016        5.8458

FU_UNAVAILABLE                                       0        0.0000                2        0.0000

FU_MEM_UNAVAILABLE                             1301992        0.2101          2409505        0.1952

FU_OTHER_UNAVAILABLE                                 0        0.0000                0        0.0000

FU_REPLAY                                            0        0.0000                0        0.0000

FU_STARVED                                    36187362        5.8391         72173994        5.8458

CHIP_UTILIZATION                                     0        0.0000                0        0.0000

CYCLES_UNDER_MEM_REQ                                 0                              0              

CYCLES_UNDER_NO_MEM_REQ                              0                              0              

CYCLES_UNDER_CRITICAL_MEM_REQ                        0                              0              

CYCLES_UNDER_NONCRITICAL_MEM_REQ                     0                              0              

CHIP_UTILIZATION_UNDER_MEM_REQ                       0          -nan                0          -nan

CHIP_UTILIZATION_UNDER_NO_MEM_REQ                    0          -nan                0          -nan

CHIP_UTILIZATION_UNDER_CRITICAL_MEM_REQ              0          -nan                0          -nan

CHIP_UTILIZATION_UNDER_NONCRITICAL_MEM_REQ             0          -nan                0          -nan

CYCLES_NOT_WAITING_FOR_OFF_CHIP                      0        0.0000                0        0.0000

FUS_BUSY_NOT_WAITING_FOR_OFF_CHIP                    0          -nan                0          -nan

CYCLES_WAITING_FOR_OFF_CHIP                          0        0.0000                0        0.0000

FUS_BUSY_WAITING_FOR_OFF_CHIP                        0          -nan                0          -nan

TOTAL_OFF_CHIP_DELAYS_LEFT                           0                              0              

WRONG_IO_SCHED                                       0                              0              

DVFS_CONFIG_SWITCH                                   0                              0              

MAP_STAGE_RECEIVED_OPS_0                             0        0.000%                0        0.000%
MAP_STAGE_RECEIVED_OPS_1                             1        0.000%                8        0.000%
MAP_STAGE_RECEIVED_OPS_2                       5990577      100.000%         11981385      100.000%
MAP_STAGE_RECEIVED_OPS_3                             0        0.000%                0        0.000%
MAP_STAGE_RECEIVED_OPS_4                             0        0.000%                0        0.000%
MAP_STAGE_RECEIVED_OPS_5                             0        0.000%                0        0.000%
MAP_STAGE_RECEIVED_OPS_6                             0        0.000%                0        0.000%
MAP_STAGE_RECEIVED_OPS_7                             0        0.000%                0        0.000%
MAP_STAGE_RECEIVED_OPS_8                             0        0.000%                0        0.000%
MAP_STAGE_RECEIVED_OPS_MAX                           0        0.000%                0        0.000%
                                               5990578      100.000%         11981393      100.000%
                                                  2.00         0.00              2.00         0.00

MAP_STAGE_WAIT_FOR_DECODE                            0         -nan%                0         -nan%
MAP_STAGE_CONSUME_DECODE                             0         -nan%                0         -nan%
                                                     0         -nan%                0         -nan%
                                                  -nan         -nan              -nan         -nan

MAP_STAGE_WAIT_FOR_DECODE2                           0         -nan%                0         -nan%
MAP_STAGE_CONSUME_DECODE2                            0         -nan%                0         -nan%
                                                     0         -nan%                0         -nan%
                                                  -nan         -nan              -nan         -nan

FTQ_RECOVER_EXEC                                     0                             14              

FTQ_RECOVER_DECODE                                   0                              0              

FTQ_OFFPATH_CYCLES                                7644                          19754              

FTQ_CYCLES_OFFPATH                                7644                          19754              

FTQ_CYCLES_ONPATH                              6189785                       12326609              

FTQ_FETCHED_INS_ONPATH                        11980538                       23962786              

FTQ_FETCHED_INS_OFFPATH                          20977                          51678              

FTQ_BREAK_FULL_FT_ONPATH                       6189370                       12325676              

FTQ_BREAK_FULL_FT_OFFPATH                         7644                          19572              

FTQ_BREAK_PRED_BR_ONPATH                             0                              0              

FTQ_BREAK_PRED_BR_OFFPATH                            0                              0              

FTQ_BREAK_BAR_FETCH_ONPATH                           0                              0              

FTQ_BREAK_BAR_FETCH_OFFPATH                          0                              0              

FTQ_BREAK_MAX_CFS_TAKEN_ONPATH                       0                              0              

FTQ_BREAK_MAX_CFS_TAKEN_OFFPATH                      0                              0              

FTQ_BREAK_MAX_FT_ONPATH                              0                            518              

FTQ_BREAK_MAX_FT_OFFPATH                             0                            182              

DFE_GEN_ON_PATH_FT                              917184                        1834498              

DFE_GEN_OFF_PATH_FT                               1907                           4472              

DFE_L0_ENABLED_PREDICTIONS                    11980538                       23962786              

DFE_L0_WRONG_MAIN_CORRECT                         1911                           3812              

DFE_L0_WRONG_MAIN_WRONG                              0                             13              

DFE_L0_CORRECT_MAIN_WRONG                            0                              1              

DFE_L0_CORRECT_MAIN_CORRECT                   11978627                       23958960              

DFE_L0_WRONG_MAIN_CORRECT_RECOVERY_SCHEDULED             0                              0              

FTQ_SAW_BAR_FETCH_OFFPATH                            0                              0              

FTQ_SAW_BAR_FETCH_ONPATH                             0                              0              

DFE_CONF_0_MISPRED                                   0         -nan%                0         -nan%
DFE_CONF_1_MISPRED                                   0         -nan%                0         -nan%
DFE_CONF_2_MISPRED                                   0         -nan%                0         -nan%
DFE_CONF_3_MISPRED                                   0         -nan%                0         -nan%
DFE_CONF_0_CORRECT                                   0         -nan%                0         -nan%
DFE_CONF_1_CORRECT                                   0         -nan%                0         -nan%
DFE_CONF_2_CORRECT                                   0         -nan%                0         -nan%
DFE_CONF_3_CORRECT                                   0         -nan%                0         -nan%
                                                     0         -nan%                0         -nan%
                                                  -nan         -nan              -nan         -nan

DFE_ON_CONF_ON_OPS                                   0         -nan%                0         -nan%
DFE_ON_CONF_OFF_OPS                                  0         -nan%                0         -nan%
DFE_OFF_CONF_ON_OPS                                  0         -nan%                0         -nan%
DFE_OFF_CONF_OFF_REALISTIC_OPS                       0         -nan%                0         -nan%
DFE_OFF_CONF_OFF_PERFECT_OPS                         0         -nan%                0         -nan%
                                                     0         -nan%                0         -nan%
                                                  -nan         -nan              -nan         -nan

DFE_ON_CONF_ON_FETCH_TARGETS                         0         -nan%                0         -nan%
DFE_ON_CONF_OFF_FETCH_TARGETS                        0         -nan%                0         -nan%
DFE_OFF_CONF_ON_FETCH_TARGETS                        0         -nan%                0         -nan%
DFE_OFF_CONF_OFF_REALISTIC_FETCH_TARGETS             0         -nan%                0         -nan%
DFE_OFF_CONF_OFF_PERFECT_FETCH_TARGETS               0         -nan%                0         -nan%
                                                     0         -nan%                0         -nan%
                                                  -nan         -nan              -nan         -nan

DFE_ON_CONF_ON_CYCLES                                0         -nan%                0         -nan%
DFE_ON_CONF_OFF_CYCLES                               0         -nan%                0         -nan%
DFE_OFF_CONF_ON_CYCLES                               0         -nan%                0         -nan%
DFE_OFF_CONF_OFF_REALISTIC_CYCLES                    0         -nan%                0         -nan%
DFE_OFF_CONF_OFF_PERFECT_CYCLES                      0         -nan%                0         -nan%
                                                     0         -nan%                0         -nan%
                                                  -nan         -nan              -nan         -nan

DFE_OFF_CONF_ON_NUM_EVENTS                           0                              0              

DFE_OFF_CONF_ON_NOT_IDENTIFIED_EVENTS                0         -nan%                0         -nan%
DFE_OFF_CONF_ON_IBTB_MISS_EVENTS                     0         -nan%                0         -nan%
DFE_OFF_CONF_ON_BTB_MISS_EVENTS                      0         -nan%                0         -nan%
DFE_OFF_CONF_ON_BTB_MISS_MISPRED_EVENTS              0         -nan%                0         -nan%
DFE_OFF_CONF_ON_MISPRED_EVENTS                       0         -nan%                0         -nan%
DFE_OFF_CONF_ON_MISFETCH_EVENTS                      0         -nan%                0         -nan%
                                                     0         -nan%                0         -nan%
                                                  -nan         -nan              -nan         -nan

DFE_OFF_CONF_ON_NOT_IDENTIFIED_CYCLES                0         -nan%                0         -nan%
DFE_OFF_CONF_ON_IBTB_MISS_CYCLES                     0         -nan%                0         -nan%
DFE_OFF_CONF_ON_BTB_MISS_CYCLES                      0         -nan%                0         -nan%
DFE_OFF_CONF_ON_BTB_MISS_MISPRED_CYCLES              0         -nan%                0         -nan%
DFE_OFF_CONF_ON_MISPRED_CYCLES                       0         -nan%                0         -nan%
DFE_OFF_CONF_ON_MISFETCH_CYCLES                      0         -nan%                0         -nan%
                                                     0         -nan%                0         -nan%
                                                  -nan         -nan              -nan         -nan

DFE_OFF_CONF_ON_NOT_IDENTIFIED_FETCH_TARGETS             0         -nan%                0         -nan%
DFE_OFF_CONF_ON_IBTB_MISS_FETCH_TARGETS              0         -nan%                0         -nan%
DFE_OFF_CONF_ON_BTB_MISS_FETCH_TARGETS               0         -nan%                0         -nan%
DFE_OFF_CONF_ON_BTB_MISS_MISPRED_FETCH_TARGETS             0         -nan%                0         -nan%
DFE_OFF_CONF_ON_MISPRED_FETCH_TARGETS                0         -nan%                0         -nan%
DFE_OFF_CONF_ON_MISFETCH_FETCH_TARGETS               0         -nan%                0         -nan%
                                                     0         -nan%                0         -nan%
                                                  -nan         -nan              -nan         -nan

DFE_OFF_CONF_ON_BP_INCORRECT_0_CONF                  0         -nan%                0         -nan%
DFE_OFF_CONF_ON_BP_INCORRECT_1_CONF                  0         -nan%                0         -nan%
DFE_OFF_CONF_ON_BP_INCORRECT_2_CONF                  0         -nan%                0         -nan%
DFE_OFF_CONF_ON_BP_INCORRECT_3_CONF                  0         -nan%                0         -nan%
                                                     0         -nan%                0         -nan%
                                                  -nan         -nan              -nan         -nan

DFE_OFF_CONF_ON_BTB_MISS_CBR_0_CONF                  0         -nan%                0         -nan%
DFE_OFF_CONF_ON_BTB_MISS_CBR_1_CONF                  0         -nan%                0         -nan%
DFE_OFF_CONF_ON_BTB_MISS_CBR_2_CONF                  0         -nan%                0         -nan%
DFE_OFF_CONF_ON_BTB_MISS_CBR_3_CONF                  0         -nan%                0         -nan%
                                                     0         -nan%                0         -nan%
                                                  -nan         -nan              -nan         -nan

DFE_OFF_CONF_ON_BTB_MISS_NOT_CF                      0         -nan%                0         -nan%
DFE_OFF_CONF_ON_BTB_MISS_CF_BR                       0         -nan%                0         -nan%
DFE_OFF_CONF_ON_BTB_MISS_CF_CBR                      0         -nan%                0         -nan%
DFE_OFF_CONF_ON_BTB_MISS_CF_CALL                     0         -nan%                0         -nan%
DFE_OFF_CONF_ON_BTB_MISS_CF_IBR                      0         -nan%                0         -nan%
DFE_OFF_CONF_ON_BTB_MISS_CF_ICALL                    0         -nan%                0         -nan%
DFE_OFF_CONF_ON_BTB_MISS_CF_ICO                      0         -nan%                0         -nan%
DFE_OFF_CONF_ON_BTB_MISS_CF_RET                      0         -nan%                0         -nan%
DFE_OFF_CONF_ON_BTB_MISS_CF_SYS                      0         -nan%                0         -nan%
                                                     0         -nan%                0         -nan%
                                                  -nan         -nan              -nan         -nan

DFE_ON_CONF_OFF_NUM_EVENTS                           0                              0              

CONF_BTB_NUM_CYCLES_OFF_PATH_EVENT                   0                              0              

DFE_ON_CONF_OFF_IBTB_MISS_BP_TAKEN                   0         -nan%                0         -nan%
DFE_ON_CONF_OFF_BTB_MISS_BP_TAKEN_CONF_0             0         -nan%                0         -nan%
DFE_ON_CONF_OFF_BTB_MISS_BP_TAKEN_CONF_1             0         -nan%                0         -nan%
DFE_ON_CONF_OFF_BTB_MISS_BP_TAKEN_CONF_2             0         -nan%                0         -nan%
DFE_ON_CONF_OFF_BTB_MISS_BP_TAKEN_CONF_3             0         -nan%                0         -nan%
DFE_ON_CONF_OFF_BTB_MISS_RATE                        0         -nan%                0         -nan%
DFE_ON_CONF_OFF_IBTB_MISS_RATE                       0         -nan%                0         -nan%
DFE_ON_CONF_OFF_MISFETCH_RATE                        0         -nan%                0         -nan%
DFE_ON_CONF_OFF_MISPRED_RATE                         0         -nan%                0         -nan%
DFE_ON_CONF_OFF_INV_CONF_INC                         0         -nan%                0         -nan%
DFE_ON_CONF_OFF_PERFECT_CONF                         0         -nan%                0         -nan%
                                                     0         -nan%                0         -nan%
                                                  -nan         -nan              -nan         -nan

DFE_ON_CONF_OFF_IBTB_MISS_BP_TAKEN_CYCLES             0         -nan%                0         -nan%
DFE_ON_CONF_OFF_BTB_MISS_BP_TAKEN_CONF_0_CYCLES             0         -nan%                0         -nan%
DFE_ON_CONF_OFF_BTB_MISS_BP_TAKEN_CONF_1_CYCLES             0         -nan%                0         -nan%
DFE_ON_CONF_OFF_BTB_MISS_BP_TAKEN_CONF_2_CYCLES             0         -nan%                0         -nan%
DFE_ON_CONF_OFF_BTB_MISS_BP_TAKEN_CONF_3_CYCLES             0         -nan%                0         -nan%
DFE_ON_CONF_OFF_BTB_MISS_RATE_CYCLES                 0         -nan%                0         -nan%
DFE_ON_CONF_OFF_IBTB_MISS_RATE_CYCLES                0         -nan%                0         -nan%
DFE_ON_CONF_OFF_MISFETCH_RATE_CYCLES                 0         -nan%                0         -nan%
DFE_ON_CONF_OFF_MISPRED_RATE_CYCLES                  0         -nan%                0         -nan%
DFE_ON_CONF_OFF_INV_CONF_INC_CYCLES                  0         -nan%                0         -nan%
DFE_ON_CONF_OFF_PERFECT_CONF_CYCLES                  0         -nan%                0         -nan%
                                                     0         -nan%                0         -nan%
                                                  -nan         -nan              -nan         -nan

DFE_ON_CONF_OFF_IBTB_MISS_BP_TAKEN_FETCH_TARGETS             0         -nan%                0         -nan%
DFE_ON_CONF_OFF_BTB_MISS_BP_TAKEN_CONF_0_FETCH_TARGETS             0         -nan%                0         -nan%
DFE_ON_CONF_OFF_BTB_MISS_BP_TAKEN_CONF_1_FETCH_TARGETS             0         -nan%                0         -nan%
DFE_ON_CONF_OFF_BTB_MISS_BP_TAKEN_CONF_2_FETCH_TARGETS             0         -nan%                0         -nan%
DFE_ON_CONF_OFF_BTB_MISS_BP_TAKEN_CONF_3_FETCH_TARGETS             0         -nan%                0         -nan%
DFE_ON_CONF_OFF_BTB_MISS_RATE_FETCH_TARGETS             0         -nan%                0         -nan%
DFE_ON_CONF_OFF_IBTB_MISS_RATE_FETCH_TARGETS             0         -nan%                0         -nan%
DFE_ON_CONF_OFF_MISFETCH_RATE_FETCH_TARGETS             0         -nan%                0         -nan%
DFE_ON_CONF_OFF_MISPRED_RATE_FETCH_TARGETS             0         -nan%                0         -nan%
DFE_ON_CONF_OFF_INV_CONF_INC_FETCH_TARGETS             0         -nan%                0         -nan%
DFE_ON_CONF_OFF_PERFECT_CONF_FETCH_TARGETS             0         -nan%                0         -nan%
                                                     0         -nan%                0         -nan%
                                                  -nan         -nan              -nan         -nan

CONF_OFF_IBTB_MISS_BP_TAKEN                          0         -nan%                0         -nan%
CONF_OFF_BTB_MISS_BP_TAKEN_CONF_0                    0         -nan%                0         -nan%
CONF_OFF_BTB_MISS_BP_TAKEN_CONF_1                    0         -nan%                0         -nan%
CONF_OFF_BTB_MISS_BP_TAKEN_CONF_2                    0         -nan%                0         -nan%
CONF_OFF_BTB_MISS_BP_TAKEN_CONF_3                    0         -nan%                0         -nan%
CONF_OFF_BTB_MISS_RATE                               0         -nan%                0         -nan%
CONF_OFF_IBTB_MISS_RATE                              0         -nan%                0         -nan%
CONF_OFF_MISFETCH_RATE                               0         -nan%                0         -nan%
CONF_OFF_MISPRED_RATE                                0         -nan%                0         -nan%
CONF_OFF_INV_CONF_INC                                0         -nan%                0         -nan%
CONF_OFF_PERFECT_CONF                                0         -nan%                0         -nan%
                                                     0         -nan%                0         -nan%
                                                  -nan         -nan              -nan         -nan

TOPDOWN_TOTAL_SLOTS                           12394858                       24692726              

TOPDOWN_ISSUED_SLOTS                          11981153                       23963510              

TOPDOWN_RETIRED_SLOTS                         11981153                       23962786              

TOPDOWN_FETCH_BUBBLES_SLOTS                        239                           2820              

TOPDOWN_RECOVERY_BUBBLES_SLOTS                       0                             56              

TOPDOWN_MEM_LOAD_STALLS_CYCLES                  206671                         363055              

TOPDOWN_MEM_STORE_STALLS_CYCLES                      0                              0              

TOPDOWN_EXEC_STALLS_CYCLES                      667709                        1275223              

TOPDOWN_BACKEND_STALLS_CYCLES                   206671                         363055              

TOPDOWN_FETCH_BUBBLES_GT_MIW_CYCLES                119                           1404              

TOPDOWN_BR_MISPRED_RETIRED_CYCLES                    0                             14              

TOPDOWN_MACHINE_CLEAR_CYCLES                      1911                           3826              

TOPDOWN_FRONTEND_BOUND                               0                              0              

TOPDOWN_BACKEND_BOUND                              334                            334              

TOPDOWN_BAD_SPEC_BOUND                               0                              0              

TOPDOWN_RETIRING_BOUND                            9666                           9666              

TOPDOWN_FETCH_LATENCY_BOUND                          0                              0              

TOPDOWN_FETCH_BANDWIDTH_BOUND                        0                              0              

TOPDOWN_MEM_BOUND                                  334                            334              

TOPDOWN_CORE_BOUND                                   0                              0              

TOPDOWN_BR_MISPREDICTS_BOUND                         0                              0              

TOPDOWN_MACHINE_CLEARS_BOUND                         0                              0              



