               ramulator.active_cycles_0             7610711                                      # Total active cycles for level _0
                 ramulator.busy_cycles_0             7610711                                      # (All-bank refresh only. busy cycles only include refresh time in rank level) The sum of cycles that the DRAM part is active or under refresh for level _0
            ramulator.serving_requests_0            17625396                                      # The sum of read and write requests that are served in this DRAM element per memory cycle for level _0
    ramulator.average_serving_requests_0            1.886411                                      # The average of read and write requests that are served in this DRAM element per memory cycle for level _0
             ramulator.active_cycles_0_0             7610711                                      # Total active cycles for level _0_0
               ramulator.busy_cycles_0_0             7730831                                      # (All-bank refresh only. busy cycles only include refresh time in rank level) The sum of cycles that the DRAM part is active or under refresh for level _0_0
          ramulator.serving_requests_0_0            17625396                                      # The sum of read and write requests that are served in this DRAM element per memory cycle for level _0_0
  ramulator.average_serving_requests_0_0            1.886411                                      # The average of read and write requests that are served in this DRAM element per memory cycle for level _0_0
           ramulator.active_cycles_0_0_0             3219689                                      # Total active cycles for level _0_0_0
             ramulator.busy_cycles_0_0_0             3219689                                      # (All-bank refresh only. busy cycles only include refresh time in rank level) The sum of cycles that the DRAM part is active or under refresh for level _0_0_0
        ramulator.serving_requests_0_0_0             4279637                                      # The sum of read and write requests that are served in this DRAM element per memory cycle for level _0_0_0
ramulator.average_serving_requests_0_0_0            0.458041                                      # The average of read and write requests that are served in this DRAM element per memory cycle for level _0_0_0
         ramulator.active_cycles_0_0_0_0             1002698                                      # Total active cycles for level _0_0_0_0
           ramulator.busy_cycles_0_0_0_0             1002698                                      # (All-bank refresh only. busy cycles only include refresh time in rank level) The sum of cycles that the DRAM part is active or under refresh for level _0_0_0_0
      ramulator.serving_requests_0_0_0_0             1074196                                      # The sum of read and write requests that are served in this DRAM element per memory cycle for level _0_0_0_0
ramulator.average_serving_requests_0_0_0_0            0.114969                                      # The average of read and write requests that are served in this DRAM element per memory cycle for level _0_0_0_0
         ramulator.active_cycles_0_0_0_1              961628                                      # Total active cycles for level _0_0_0_1
           ramulator.busy_cycles_0_0_0_1              961628                                      # (All-bank refresh only. busy cycles only include refresh time in rank level) The sum of cycles that the DRAM part is active or under refresh for level _0_0_0_1
      ramulator.serving_requests_0_0_0_1             1038224                                      # The sum of read and write requests that are served in this DRAM element per memory cycle for level _0_0_0_1
ramulator.average_serving_requests_0_0_0_1            0.111119                                      # The average of read and write requests that are served in this DRAM element per memory cycle for level _0_0_0_1
         ramulator.active_cycles_0_0_0_2              927688                                      # Total active cycles for level _0_0_0_2
           ramulator.busy_cycles_0_0_0_2              927688                                      # (All-bank refresh only. busy cycles only include refresh time in rank level) The sum of cycles that the DRAM part is active or under refresh for level _0_0_0_2
      ramulator.serving_requests_0_0_0_2             1002012                                      # The sum of read and write requests that are served in this DRAM element per memory cycle for level _0_0_0_2
ramulator.average_serving_requests_0_0_0_2            0.107243                                      # The average of read and write requests that are served in this DRAM element per memory cycle for level _0_0_0_2
         ramulator.active_cycles_0_0_0_3             1086515                                      # Total active cycles for level _0_0_0_3
           ramulator.busy_cycles_0_0_0_3             1086515                                      # (All-bank refresh only. busy cycles only include refresh time in rank level) The sum of cycles that the DRAM part is active or under refresh for level _0_0_0_3
      ramulator.serving_requests_0_0_0_3             1165205                                      # The sum of read and write requests that are served in this DRAM element per memory cycle for level _0_0_0_3
ramulator.average_serving_requests_0_0_0_3            0.124710                                      # The average of read and write requests that are served in this DRAM element per memory cycle for level _0_0_0_3
           ramulator.active_cycles_0_0_1             3253027                                      # Total active cycles for level _0_0_1
             ramulator.busy_cycles_0_0_1             3253027                                      # (All-bank refresh only. busy cycles only include refresh time in rank level) The sum of cycles that the DRAM part is active or under refresh for level _0_0_1
        ramulator.serving_requests_0_0_1             4305770                                      # The sum of read and write requests that are served in this DRAM element per memory cycle for level _0_0_1
ramulator.average_serving_requests_0_0_1            0.460838                                      # The average of read and write requests that are served in this DRAM element per memory cycle for level _0_0_1
         ramulator.active_cycles_0_0_1_0              891227                                      # Total active cycles for level _0_0_1_0
           ramulator.busy_cycles_0_0_1_0              891227                                      # (All-bank refresh only. busy cycles only include refresh time in rank level) The sum of cycles that the DRAM part is active or under refresh for level _0_0_1_0
      ramulator.serving_requests_0_0_1_0              953913                                      # The sum of read and write requests that are served in this DRAM element per memory cycle for level _0_0_1_0
ramulator.average_serving_requests_0_0_1_0            0.102095                                      # The average of read and write requests that are served in this DRAM element per memory cycle for level _0_0_1_0
         ramulator.active_cycles_0_0_1_1             1061231                                      # Total active cycles for level _0_0_1_1
           ramulator.busy_cycles_0_0_1_1             1061231                                      # (All-bank refresh only. busy cycles only include refresh time in rank level) The sum of cycles that the DRAM part is active or under refresh for level _0_0_1_1
      ramulator.serving_requests_0_0_1_1             1142660                                      # The sum of read and write requests that are served in this DRAM element per memory cycle for level _0_0_1_1
ramulator.average_serving_requests_0_0_1_1            0.122297                                      # The average of read and write requests that are served in this DRAM element per memory cycle for level _0_0_1_1
         ramulator.active_cycles_0_0_1_2             1141946                                      # Total active cycles for level _0_0_1_2
           ramulator.busy_cycles_0_0_1_2             1141946                                      # (All-bank refresh only. busy cycles only include refresh time in rank level) The sum of cycles that the DRAM part is active or under refresh for level _0_0_1_2
      ramulator.serving_requests_0_0_1_2             1226245                                      # The sum of read and write requests that are served in this DRAM element per memory cycle for level _0_0_1_2
ramulator.average_serving_requests_0_0_1_2            0.131243                                      # The average of read and write requests that are served in this DRAM element per memory cycle for level _0_0_1_2
         ramulator.active_cycles_0_0_1_3              913897                                      # Total active cycles for level _0_0_1_3
           ramulator.busy_cycles_0_0_1_3              913897                                      # (All-bank refresh only. busy cycles only include refresh time in rank level) The sum of cycles that the DRAM part is active or under refresh for level _0_0_1_3
      ramulator.serving_requests_0_0_1_3              982952                                      # The sum of read and write requests that are served in this DRAM element per memory cycle for level _0_0_1_3
ramulator.average_serving_requests_0_0_1_3            0.105203                                      # The average of read and write requests that are served in this DRAM element per memory cycle for level _0_0_1_3
           ramulator.active_cycles_0_0_2             3365736                                      # Total active cycles for level _0_0_2
             ramulator.busy_cycles_0_0_2             3365736                                      # (All-bank refresh only. busy cycles only include refresh time in rank level) The sum of cycles that the DRAM part is active or under refresh for level _0_0_2
        ramulator.serving_requests_0_0_2             4432566                                      # The sum of read and write requests that are served in this DRAM element per memory cycle for level _0_0_2
ramulator.average_serving_requests_0_0_2            0.474409                                      # The average of read and write requests that are served in this DRAM element per memory cycle for level _0_0_2
         ramulator.active_cycles_0_0_2_0             1007648                                      # Total active cycles for level _0_0_2_0
           ramulator.busy_cycles_0_0_2_0             1007648                                      # (All-bank refresh only. busy cycles only include refresh time in rank level) The sum of cycles that the DRAM part is active or under refresh for level _0_0_2_0
      ramulator.serving_requests_0_0_2_0             1079778                                      # The sum of read and write requests that are served in this DRAM element per memory cycle for level _0_0_2_0
ramulator.average_serving_requests_0_0_2_0            0.115566                                      # The average of read and write requests that are served in this DRAM element per memory cycle for level _0_0_2_0
         ramulator.active_cycles_0_0_2_1             1003167                                      # Total active cycles for level _0_0_2_1
           ramulator.busy_cycles_0_0_2_1             1003167                                      # (All-bank refresh only. busy cycles only include refresh time in rank level) The sum of cycles that the DRAM part is active or under refresh for level _0_0_2_1
      ramulator.serving_requests_0_0_2_1             1078503                                      # The sum of read and write requests that are served in this DRAM element per memory cycle for level _0_0_2_1
ramulator.average_serving_requests_0_0_2_1            0.115430                                      # The average of read and write requests that are served in this DRAM element per memory cycle for level _0_0_2_1
         ramulator.active_cycles_0_0_2_2             1069472                                      # Total active cycles for level _0_0_2_2
           ramulator.busy_cycles_0_0_2_2             1069472                                      # (All-bank refresh only. busy cycles only include refresh time in rank level) The sum of cycles that the DRAM part is active or under refresh for level _0_0_2_2
      ramulator.serving_requests_0_0_2_2             1145547                                      # The sum of read and write requests that are served in this DRAM element per memory cycle for level _0_0_2_2
ramulator.average_serving_requests_0_0_2_2            0.122606                                      # The average of read and write requests that are served in this DRAM element per memory cycle for level _0_0_2_2
         ramulator.active_cycles_0_0_2_3             1051463                                      # Total active cycles for level _0_0_2_3
           ramulator.busy_cycles_0_0_2_3             1051463                                      # (All-bank refresh only. busy cycles only include refresh time in rank level) The sum of cycles that the DRAM part is active or under refresh for level _0_0_2_3
      ramulator.serving_requests_0_0_2_3             1128443                                      # The sum of read and write requests that are served in this DRAM element per memory cycle for level _0_0_2_3
ramulator.average_serving_requests_0_0_2_3            0.120775                                      # The average of read and write requests that are served in this DRAM element per memory cycle for level _0_0_2_3
           ramulator.active_cycles_0_0_3             3461231                                      # Total active cycles for level _0_0_3
             ramulator.busy_cycles_0_0_3             3461231                                      # (All-bank refresh only. busy cycles only include refresh time in rank level) The sum of cycles that the DRAM part is active or under refresh for level _0_0_3
        ramulator.serving_requests_0_0_3             4607056                                      # The sum of read and write requests that are served in this DRAM element per memory cycle for level _0_0_3
ramulator.average_serving_requests_0_0_3            0.493084                                      # The average of read and write requests that are served in this DRAM element per memory cycle for level _0_0_3
         ramulator.active_cycles_0_0_3_0             1070863                                      # Total active cycles for level _0_0_3_0
           ramulator.busy_cycles_0_0_3_0             1070863                                      # (All-bank refresh only. busy cycles only include refresh time in rank level) The sum of cycles that the DRAM part is active or under refresh for level _0_0_3_0
      ramulator.serving_requests_0_0_3_0             1143107                                      # The sum of read and write requests that are served in this DRAM element per memory cycle for level _0_0_3_0
ramulator.average_serving_requests_0_0_3_0            0.122344                                      # The average of read and write requests that are served in this DRAM element per memory cycle for level _0_0_3_0
         ramulator.active_cycles_0_0_3_1              975346                                      # Total active cycles for level _0_0_3_1
           ramulator.busy_cycles_0_0_3_1              975346                                      # (All-bank refresh only. busy cycles only include refresh time in rank level) The sum of cycles that the DRAM part is active or under refresh for level _0_0_3_1
      ramulator.serving_requests_0_0_3_1             1047348                                      # The sum of read and write requests that are served in this DRAM element per memory cycle for level _0_0_3_1
ramulator.average_serving_requests_0_0_3_1            0.112096                                      # The average of read and write requests that are served in this DRAM element per memory cycle for level _0_0_3_1
         ramulator.active_cycles_0_0_3_2             1138247                                      # Total active cycles for level _0_0_3_2
           ramulator.busy_cycles_0_0_3_2             1138247                                      # (All-bank refresh only. busy cycles only include refresh time in rank level) The sum of cycles that the DRAM part is active or under refresh for level _0_0_3_2
      ramulator.serving_requests_0_0_3_2             1217482                                      # The sum of read and write requests that are served in this DRAM element per memory cycle for level _0_0_3_2
ramulator.average_serving_requests_0_0_3_2            0.130305                                      # The average of read and write requests that are served in this DRAM element per memory cycle for level _0_0_3_2
         ramulator.active_cycles_0_0_3_3             1123076                                      # Total active cycles for level _0_0_3_3
           ramulator.busy_cycles_0_0_3_3             1123076                                      # (All-bank refresh only. busy cycles only include refresh time in rank level) The sum of cycles that the DRAM part is active or under refresh for level _0_0_3_3
      ramulator.serving_requests_0_0_3_3             1199119                                      # The sum of read and write requests that are served in this DRAM element per memory cycle for level _0_0_3_3
ramulator.average_serving_requests_0_0_3_3            0.128339                                      # The average of read and write requests that are served in this DRAM element per memory cycle for level _0_0_3_3
      ramulator.read_transaction_bytes_0            12543744                                      # The total byte of read transaction per channel
     ramulator.write_transaction_bytes_0             4305920                                      # The total byte of write transaction per channel
       ramulator.row_hits_channel_0_core              112694                                      # Number of row hits per channel per core
     ramulator.row_misses_channel_0_core               17390                                      # Number of row misses per channel per core
  ramulator.row_conflicts_channel_0_core              133192                                      # Number of row conflicts per channel per core
  ramulator.read_row_hits_channel_0_core              110013                                      # Number of row hits for read requests per channel per core
                                     [0]            110013.0                                      # 
ramulator.read_row_misses_channel_0_core               11960                                      # Number of row misses for read requests per channel per core
                                     [0]             11960.0                                      # 
ramulator.read_row_conflicts_channel_0_core               74023                                      # Number of row conflicts for read requests per channel per core
                                     [0]             74023.0                                      # 
 ramulator.write_row_hits_channel_0_core                2681                                      # Number of row hits for write requests per channel per core
                                     [0]              2681.0                                      # 
ramulator.write_row_misses_channel_0_core                5430                                      # Number of row misses for write requests per channel per core
                                     [0]              5430.0                                      # 
ramulator.write_row_conflicts_channel_0_core               59169                                      # Number of row conflicts for write requests per channel per core
                                     [0]             59169.0                                      # 
      ramulator.useless_activates_0_core                  13                                      # Number of useless activations. E.g, ACT -> PRE w/o RD or WR
            ramulator.read_latency_avg_0           53.851131                                      # The average memory latency cycles (in memory time domain) per request for all read requests in this channel
            ramulator.read_latency_sum_0            10555791                                      # The memory latency cycles (in memory time domain) sum for all read requests in this channel
        ramulator.req_queue_length_avg_0           14.453216                                      # Average of read and write queue length per memory cycle per channel.
        ramulator.req_queue_length_sum_0           135041467                                      # Sum of read and write queue length per memory cycle per channel.
   ramulator.read_req_queue_length_avg_0            0.980197                                      # Read queue length average per memory cycle per channel.
   ramulator.read_req_queue_length_sum_0             9158328                                      # Read queue length sum per memory cycle per channel.
  ramulator.write_req_queue_length_avg_0           13.473018                                      # Write queue length average per memory cycle per channel.
  ramulator.write_req_queue_length_sum_0           125883139                                      # Write queue length sum per memory cycle per channel.
              ramulator.record_read_hits                 0.0                                      # record read hit count for this core when it reaches request limit or to the end
                                     [0]                 0.0                                      # 
            ramulator.record_read_misses                 0.0                                      # record_read_miss count for this core when it reaches request limit or to the end
                                     [0]                 0.0                                      # 
         ramulator.record_read_conflicts                 0.0                                      # record read conflict count for this core when it reaches request limit or to the end
                                     [0]                 0.0                                      # 
             ramulator.record_write_hits                 0.0                                      # record write hit count for this core when it reaches request limit or to the end
                                     [0]                 0.0                                      # 
           ramulator.record_write_misses                 0.0                                      # record write miss count for this core when it reaches request limit or to the end
                                     [0]                 0.0                                      # 
        ramulator.record_write_conflicts                 0.0                                      # record write conflict for this core when it reaches request limit or to the end
                                     [0]                 0.0                                      # 
                 ramulator.dram_capacity          8589934592                                      # Number of bytes in simulated DRAM
                   ramulator.dram_cycles             9343351                                      # Number of DRAM cycles simulated
             ramulator.incoming_requests              263313                                      # Number of incoming requests to DRAM
                 ramulator.read_requests              196018                                      # Number of incoming read requests to DRAM per core
                                     [0]            196018.0                                      # 
                ramulator.write_requests               67295                                      # Number of incoming write requests to DRAM per core
                                     [0]             67295.0                                      # 
       ramulator.ramulator_active_cycles             7610723                                      # The total number of cycles that the DRAM part is active (serving R/W)
 ramulator.incoming_requests_per_channel            263313.0                                      # Number of incoming requests to each DRAM channel
                                     [0]            263313.0                                      # 
ramulator.incoming_read_reqs_per_channel            196018.0                                      # Number of incoming read requests to each DRAM channel
                                     [0]            196018.0                                      # 
     ramulator.physical_page_replacement                   0                                      # The number of times that physical page replacement happens.
             ramulator.maximum_bandwidth         19200000000                                      # The theoretical maximum bandwidth (Bps)
          ramulator.in_queue_req_num_sum           135041467                                      # Sum of read/write queue length
     ramulator.in_queue_read_req_num_sum             9158328                                      # Sum of read queue length
    ramulator.in_queue_write_req_num_sum           125883139                                      # Sum of write queue length
          ramulator.in_queue_req_num_avg           14.453216                                      # Average of read/write queue length per memory cycle
     ramulator.in_queue_read_req_num_avg            0.980197                                      # Average of read queue length per memory cycle
    ramulator.in_queue_write_req_num_avg           13.473018                                      # Average of write queue length per memory cycle
          ramulator.record_read_requests                 0.0                                      # record read requests for this core when it reaches request limit or to the end
                                     [0]                 0.0                                      # 
         ramulator.record_write_requests                 0.0                                      # record write requests for this core when it reaches request limit or to the end
                                     [0]                 0.0                                      # 
