/* -*- Mode: c -*- */
####################################################################################################
Core 0
####################################################################################################
Cumulative:        Cycles: 6826348               Instructions: 19999999              IPC: 2.92982

Periodic:          Cycles: 3271087               Instructions: 9999999               IPC: 3.05709

EXECUTION_TIME                           1022214687500                  2133233750000              

SIM_HOST_WALL_SECONDS                        72.959411                      72.959411              

NODE_CYCLE                                     3271087                        6826348              

NODE_INST_COUNT                                9999999                       19999999              

NODE_INST_COUNT_FETCHED                        9999999                       19999999              

NODE_UOP_COUNT                                10463588                       20934873              

EXEC_STAGE_NO_ISSUE_STALL_CYCLE                2863631                        5839542              

EXEC_STAGE_NO_ISSUE_STALL_CYCLE_ONPATH         2344482                        4705649              

FULL_WINDOW_STALL                               264283        8.079%           640360        9.381%

FULL_WINDOW_MEM_OP                               90068       43.056%           277568       53.197%
FULL_WINDOW_FP_OP                               116773       55.822%           239722       45.943%
FULL_WINDOW_OTHER_OP                              2347        1.122%             4488        0.860%
                                                209188      100.000%           521778      100.000%
                                                  0.58         0.35              0.48         0.38

RET_BLOCKED_DC_MISS                             101800        3.112%           364697        5.342%

RET_BLOCKED_L1_MISS                              68774        2.102%           254120        3.723%

RET_BLOCKED_L1_MISS_BW_PREF                          0        0.000%                0        0.000%

RET_BLOCKED_L1_ACCESS                            33026        1.010%           110747        1.622%

RET_BLOCKED_MEM_STALL                            68774        2.102%           254120        3.723%

RET_BLOCKED_OFFCHIP_DEMAND                           0        0.000%                0        0.000%

OP_ISSUED                                     11848807                       23992495              

OP_RETIRED                                    10463588                       20934873              

OP_MACRO_FUSION_ONPATH                          595430                        1188900              

OP_MACRO_FUSION_OFFPATH                         166221                         360423              

REPLAY_SIGNALED                                      0                              0              

REPLAY_COUNTED                                       0                              0              

OFF_CRITICAL_PATH                                    0         -nan%                0         -nan%
ON_CRITICAL_PATH                                     0         -nan%                0         -nan%
                                                     0         -nan%                0         -nan%
                                                  -nan         -nan              -nan         -nan

LD_NO_DEPENDENTS                                 38310        1.239%            76537        1.238%
LD_DEPENDENTS                                  3054916       98.761%          6106637       98.762%
                                               3093226      100.000%          6183174      100.000%
                                                  0.99         0.98              0.99         0.98

LD_EXEC_CYCLES_0                                     0        0.000%                0        0.000%
LD_EXEC_CYCLES_1                                     0        0.000%                0        0.000%
LD_EXEC_CYCLES_2                                     0        0.000%                0        0.000%
LD_EXEC_CYCLES_3                                     7      100.000%               21       60.000%
LD_EXEC_CYCLES_4                                     0        0.000%               14       40.000%
                                                     7      100.000%               35      100.000%
                                                  3.00         0.00              3.40         2.24

ICACHE_STAGE_STARVED                             86260        3.906%           204681        4.610%
ICACHE_STAGE_NOT_STARVED                       2121890       96.094%          4235128       95.390%
                                               2208150      100.000%          4439809      100.000%
                                                  0.96         0.94              0.95         0.93

ICACHE_STAGE_STALLED                            128986        3.943%           256887        3.763%
ICACHE_STAGE_NOT_STALLED                       2079164       63.562%          4182922       61.276%
ICACHE_STAGE_OFF_PATH                          1062937       32.495%          2386539       34.961%
                                               3271087      100.000%          6826348      100.000%
                                                  1.29         0.87              1.31         0.91

DECODE_STAGE_STARVED                           2565429       89.715%          5343089       90.193%
DECODE_STAGE_NOT_STARVED                        294103       10.285%           580990        9.807%
                                               2859532      100.000%          5924079      100.000%
                                                  0.10         0.29              0.10         0.28

DECODE_STAGE_STALLED                             79321        2.425%           156909        2.299%
DECODE_STAGE_NOT_STALLED                       2780211       84.993%          5767170       84.484%
DECODE_STAGE_OFF_PATH                           411555       12.582%           902269       13.217%
                                               3271087      100.000%          6826348      100.000%
                                                  1.10         0.51              1.11         0.53

UOPQ_STAGE_STARVED                              638976       28.126%          1395302       30.021%
UOPQ_STAGE_NOT_STARVED                         1632885       71.874%          3252413       69.979%
                                               2271861      100.000%          4647715      100.000%
                                                  0.72         0.65              0.70         0.64

UOPQ_STAGE_STALLED                               99138        3.031%           197177        2.888%
UOPQ_STAGE_NOT_STALLED                         2271861       69.453%          4647715       68.085%
UOPQ_STAGE_OFF_PATH                             900088       27.516%          1981456       29.027%
                                               3271087      100.000%          6826348      100.000%
                                                  1.24         0.79              1.26         0.82

RS_OP_READY_NOT_ISSUED_TOTAL                   2822311                        5704607              

RS_0_OP_READY_NOT_ISSUED                       1442671                        2964289              

RS_1_OP_READY_NOT_ISSUED                        743116                        1490610              

RS_2_OP_READY_NOT_ISSUED                        636524                        1249708              

RS_3_OP_READY_NOT_ISSUED                             0                              0              

RS_4_OP_READY_NOT_ISSUED                             0                              0              

RS_5_OP_READY_NOT_ISSUED                             0                              0              

RS_6_OP_READY_NOT_ISSUED                             0                              0              

RS_7_OP_READY_NOT_ISSUED                             0                              0              

RS_7_PLUS_OP_READY_NOT_ISSUED                        0                              0              

FU_IDLE_NO_READY_OPS_TOTAL                     9999220                       21771910              

FU_0_IDLE_NO_READY_OPS                          331761                         840493              

FU_1_IDLE_NO_READY_OPS                          507039                        1211260              

FU_2_IDLE_NO_READY_OPS                         1021515                        2254027              

FU_3_IDLE_NO_READY_OPS                         1123956                        2481846              

FU_4_IDLE_NO_READY_OPS                          567590                        1338502              

FU_5_IDLE_NO_READY_OPS                          684027                        1565595              

FU_6_IDLE_NO_READY_OPS                         2929730                        6137612              

FU_7_IDLE_NO_READY_OPS                         2833602                        5942575              

FU_8_IDLE_NO_READY_OPS                               0                              0              

FU_9_IDLE_NO_READY_OPS                               0                              0              

FU_10_IDLE_NO_READY_OPS                              0                              0              

FU_11_IDLE_NO_READY_OPS                              0                              0              

FU_12_IDLE_NO_READY_OPS                              0                              0              

FU_13_IDLE_NO_READY_OPS                              0                              0              

FU_14_IDLE_NO_READY_OPS                              0                              0              

FU_15_IDLE_NO_READY_OPS                              0                              0              

FU_16_IDLE_NO_READY_OPS                              0                              0              

FU_17_IDLE_NO_READY_OPS                              0                              0              

FU_18_IDLE_NO_READY_OPS                              0                              0              

FU_19_IDLE_NO_READY_OPS                              0                              0              

FU_20_IDLE_NO_READY_OPS                              0                              0              

FU_21_IDLE_NO_READY_OPS                              0                              0              

FU_22_IDLE_NO_READY_OPS                              0                              0              

FU_23_IDLE_NO_READY_OPS                              0                              0              

FU_24_IDLE_NO_READY_OPS                              0                              0              

FU_25_IDLE_NO_READY_OPS                              0                              0              

FU_26_IDLE_NO_READY_OPS                              0                              0              

FU_27_IDLE_NO_READY_OPS                              0                              0              

FU_28_IDLE_NO_READY_OPS                              0                              0              

FU_29_IDLE_NO_READY_OPS                              0                              0              

FU_30_IDLE_NO_READY_OPS                              0                              0              

FU_31_IDLE_NO_READY_OPS                              0                              0              

FU_31_PLUS_IDLE_NO_READY_OPS                         0                              0              

MAP_STAGE_STARVED                               229222        9.695%           512139       10.692%
MAP_STAGE_NOT_STARVED                          2135142       90.305%          4277640       89.308%
                                               2364364      100.000%          4789779      100.000%
                                                  0.90         0.86              0.89         0.85

MAP_STAGE_STALLED                               155004        5.016%           320785        4.972%
MAP_STAGE_NOT_STALLED                          2209360       71.501%          4468994       69.269%
MAP_STAGE_OFF_PATH                              725601       23.482%          1661850       25.759%
                                               3089965      100.000%          6451629      100.000%
                                                  1.18         0.71              1.21         0.75

MAP_STAGE_STALL_ITSELF                          181122        5.537%           374719        5.489%
MAP_STAGE_NOT_STALL_ITSELF                     3089965       94.463%          6451629       94.511%
                                               3271087      100.000%          6826348      100.000%
                                                  0.94         0.92              0.95         0.92

MAP_STAGE_LATE_ALLOCATE_SEND_BACK                    0                              0              

MAP_STAGE_RENAME_OP_ONPATH                    10463241                       20934873              

MAP_STAGE_RENAME_OP_OFFPATH                    3025548                        6585737              

MAP_STAGE_RENAME_INT_REG_ONPATH                5111615                       10223101              

MAP_STAGE_RENAME_INT_REG_OFFPATH               1482498                        3212554              

MAP_STAGE_RENAME_VEC_REG_ONPATH                3536395                        7078138              

MAP_STAGE_RENAME_VEC_REG_OFFPATH                925720                        2016455              

MAP_STAGE_RENAME_MOVE_ELIM_ONPATH                    0                              0              

MAP_STAGE_RENAME_MOVE_ELIM_OFFPATH                   0                              0              

MAP_STAGE_ONPATH_INT_REG_NUM_ALLOC             5111783                       10223082              

MAP_STAGE_ONPATH_VEC_REG_NUM_ALLOC             3536506                        7078111              

MAP_STAGE_ONPATH_INT_REG_NUM_SHORTLIVE         1711358                        3444896              

MAP_STAGE_ONPATH_VEC_REG_NUM_SHORTLIVE           40991                          82208              

MAP_STAGE_ONPATH_INT_REG_USE_COUNT_0            677969                        1353391              

MAP_STAGE_ONPATH_VEC_REG_USE_COUNT_0              7325                          15011              

MAP_STAGE_ONPATH_INT_REG_USE_COUNT_1           3254609                        6510873              

MAP_STAGE_ONPATH_VEC_REG_USE_COUNT_1           2160753                        4311647              

MAP_STAGE_ONPATH_INT_REG_USE_COUNT_2            694425                        1391562              

MAP_STAGE_ONPATH_VEC_REG_USE_COUNT_2            799018                        1591690              

MAP_STAGE_ONPATH_INT_REG_USE_COUNT_3            259203                         514466              

MAP_STAGE_ONPATH_VEC_REG_USE_COUNT_3            549248                        1119709              

MAP_STAGE_ONPATH_INT_REG_USE_COUNT_4             64593                         129744              

MAP_STAGE_ONPATH_VEC_REG_USE_COUNT_4             12461                          24887              

MAP_STAGE_ONPATH_INT_REG_USE_COUNT_5             21752                          44619              

MAP_STAGE_ONPATH_VEC_REG_USE_COUNT_5              3045                           5938              

MAP_STAGE_ONPATH_INT_REG_USE_COUNT_6             28036                          57057              

MAP_STAGE_ONPATH_VEC_REG_USE_COUNT_6              2740                           5393              

MAP_STAGE_ONPATH_INT_REG_USE_COUNT_7_PLUS        111196                         221370              

MAP_STAGE_ONPATH_VEC_REG_USE_COUNT_7_PLUS          1916                           3836              

MAP_STAGE_ONPATH_INT_REG_CONSUME_DIST_0              0        0.0000                0        0.0000

MAP_STAGE_ONPATH_VEC_REG_CONSUME_DIST_0              0        0.0000                0        0.0000

MAP_STAGE_ONPATH_INT_REG_CONSUME_DIST_1              0        0.0000                0        0.0000

MAP_STAGE_ONPATH_VEC_REG_CONSUME_DIST_1              0        0.0000                0        0.0000

MAP_STAGE_ONPATH_INT_REG_CONSUME_DIST_2        6675367        9.6128         13613831        9.7831

MAP_STAGE_ONPATH_VEC_REG_CONSUME_DIST_2        4436945        5.5530          9141968        5.7436

MAP_STAGE_ONPATH_INT_REG_CONSUME_DIST_3        1182006        4.5602          2436218        4.7354

MAP_STAGE_ONPATH_VEC_REG_CONSUME_DIST_3        4690060        8.5391          9746539        8.7045

MAP_STAGE_ONPATH_INT_REG_CONSUME_DIST_4         334814        5.1834           692908        5.3406

MAP_STAGE_ONPATH_VEC_REG_CONSUME_DIST_4         425985       34.1855           898854       36.1174

MAP_STAGE_ONPATH_INT_REG_CONSUME_DIST_5         284827       13.0943           597642       13.3943

MAP_STAGE_ONPATH_VEC_REG_CONSUME_DIST_5         111687       36.6788           203395       34.2531

MAP_STAGE_ONPATH_INT_REG_CONSUME_DIST_6         524017       18.6909          1060444       18.5857

MAP_STAGE_ONPATH_VEC_REG_CONSUME_DIST_6         117944       43.0453           251588       46.6508

MAP_STAGE_ONPATH_INT_REG_CONSUME_DIST_7_PLUS       6804364       61.1925         14074175       63.5776

MAP_STAGE_ONPATH_VEC_REG_CONSUME_DIST_7_PLUS        203256      106.0835           452656      118.0021

MAP_STAGE_INT_REG_ISSUE_READ_TOTAL_CONSUMED       9831631        3.4333         19888973        3.4059

MAP_STAGE_VEC_REG_ISSUE_READ_TOTAL_CONSUMED       5991512        2.0923         12126098        2.0765

MAP_STAGE_INT_REG_ISSUE_READ_MULTI_CONSUMED       4857024        1.6961          9829643        1.6833

MAP_STAGE_VEC_REG_ISSUE_READ_MULTI_CONSUMED       2207862        0.7710          4500288        0.7707

MAP_STAGE_INT_REG_ISSUE_READ_SAME_CYCLE_CONSUMED       1747647        0.6103          3544892        0.6070

MAP_STAGE_VEC_REG_ISSUE_READ_SAME_CYCLE_CONSUMED        467453        0.1632           951824        0.1630

MAP_STAGE_INT_REG_ISSUE_READ_TOTAL_CONSUMED_ONPATH       8577329        3.6585         17144955        3.6435

MAP_STAGE_VEC_REG_ISSUE_READ_TOTAL_CONSUMED_ONPATH       5519713        2.3543         11079213        2.3544

MAP_STAGE_INT_REG_ISSUE_READ_MULTI_CONSUMED_ONPATH       4143554        1.7674          8275241        1.7586

MAP_STAGE_VEC_REG_ISSUE_READ_MULTI_CONSUMED_ONPATH       1990550        0.8490          4016086        0.8535

MAP_STAGE_INT_REG_ISSUE_READ_SAME_CYCLE_CONSUMED_ONPATH       1502842        0.6410          3012335        0.6402

MAP_STAGE_VEC_REG_ISSUE_READ_SAME_CYCLE_CONSUMED_ONPATH        417638        0.1781           840968        0.1787

MAP_STAGE_ONPATH_INT_REG_LIFECYCLE_EMPTY     119097816                      249158305              

MAP_STAGE_ONPATH_VEC_REG_LIFECYCLE_EMPTY      95655178                      199094640              

MAP_STAGE_ONPATH_INT_REG_LIFECYCLE_IN_USE     191609107                      397119853              

MAP_STAGE_ONPATH_VEC_REG_LIFECYCLE_IN_USE     138763137                      286880875              

MAP_STAGE_ONPATH_INT_REG_LIFECYCLE_SPEC_RELEASE     351884146                      718542910              

MAP_STAGE_ONPATH_VEC_REG_LIFECYCLE_SPEC_RELEASE     270278650                      555432985              

MAP_STAGE_ONPATH_INT_REG_LIFECYCLE_NONSPEC_RELEASE     351884146                      718542910              

MAP_STAGE_ONPATH_VEC_REG_LIFECYCLE_NONSPEC_RELEASE     270278650                      555432985              

MAP_STAGE_ONPATH_INT_REG_LIFECYCLE_TOTAL     351884146                      718542910              

MAP_STAGE_ONPATH_VEC_REG_LIFECYCLE_TOTAL     270278650                      555432985              

MAP_STAGE_ONPATH_INT_REG_NUM_NONBRANCH         5111783                       10223082              

MAP_STAGE_ONPATH_VEC_REG_NUM_NONBRANCH         3536506                        7078111              

MAP_STAGE_ONPATH_INT_REG_NUM_NONEXCEPT         5111783                       10223082              

MAP_STAGE_ONPATH_VEC_REG_NUM_NONEXCEPT         3536506                        7078111              

MAP_STAGE_ONPATH_INT_REG_NUM_ATOMIC            5111783                       10223082              

MAP_STAGE_ONPATH_VEC_REG_NUM_ATOMIC            3536506                        7078111              

MAP_STAGE_ONPATH_INT_REG_ATOMIC_REDEFINED_DIST_TOTAL     351884146       68.8378        718542910       70.2863

MAP_STAGE_ONPATH_VEC_REG_ATOMIC_REDEFINED_DIST_TOTAL     270278650       76.4253        555432985       78.4719

MAP_STAGE_ONPATH_INT_REG_ATOMIC_CONSUMED_DIST_TOTAL     191609107       37.4838        397119853       38.8454

MAP_STAGE_ONPATH_VEC_REG_ATOMIC_CONSUMED_DIST_TOTAL     138763137       39.2374        286880875       40.5307

MAP_STAGE_ONPATH_INT_REG_ATOMIC_RELEASE_DIST_TOTAL     351884146       68.8378        718542910       70.2863

MAP_STAGE_ONPATH_VEC_REG_ATOMIC_RELEASE_DIST_TOTAL     270278650       76.4253        555432985       78.4719

EXEC_STAGE_STARVED                             1413834       43.222%          2943461       43.119%
EXEC_STAGE_NOT_STARVED                         1270245       38.833%          2525152       36.991%
EXEC_STAGE_OFF_PATH                             587008       17.945%          1357735       19.890%
                                               3271087      100.000%          6826348      100.000%
                                                  0.75         0.64              0.77         0.66

FU_BUSY_0                                      2787142                        5658737              

FU_BUSY_1                                      2249668                        4548250              

FU_BUSY_2                                      1916052                        3888622              

FU_BUSY_3                                      1802314                        3643326              

FU_BUSY_4                                      1732286                        3499304              

FU_BUSY_5                                      1514997                        3063837              

FU_BUSY_6                                       189292                         381558              

FU_BUSY_7                                       239405                         481716              

FU_BUSY_8                                            0                              0              

FU_BUSY_9                                            0                              0              

FU_BUSY_10                                           0                              0              

FU_BUSY_11                                           0                              0              

FU_BUSY_12                                           0                              0              

FU_BUSY_13                                           0                              0              

FU_BUSY_14                                           0                              0              

FU_BUSY_15                                           0                              0              

FU_BUSY_16                                           0                              0              

FU_BUSY_17                                           0                              0              

FU_BUSY_18                                           0                              0              

FU_BUSY_19                                           0                              0              

FU_BUSY_20                                           0                              0              

FU_BUSY_21                                           0                              0              

FU_BUSY_22                                           0                              0              

FU_BUSY_23                                           0                              0              

FU_BUSY_24                                           0                              0              

FU_BUSY_25                                           0                              0              

FU_BUSY_26                                           0                              0              

FU_BUSY_27                                           0                              0              

FU_BUSY_28                                           0                              0              

FU_BUSY_29                                           0                              0              

FU_BUSY_30                                           0                              0              

FU_BUSY_31                                           0                              0              

FU_REJECTED_OP_INV_NOT_SIMD                          0        0.000%                0        0.000%
FU_REJECTED_OP_NOP_NOT_SIMD                       4683        0.863%             9864        0.904%
FU_REJECTED_OP_CF_NOT_SIMD                      136600       25.184%           277034       25.402%
FU_REJECTED_OP_MOV_NOT_SIMD                      25513        4.704%            51026        4.679%
FU_REJECTED_OP_CMOV_NOT_SIMD                       991        0.183%             1992        0.183%
FU_REJECTED_OP_LDA_NOT_SIMD                      22829        4.209%            45243        4.148%
FU_REJECTED_OP_IMEM_NOT_SIMD                     32095        5.917%            63674        5.838%
FU_REJECTED_OP_IADD_NOT_SIMD                       347        0.064%              726        0.067%
FU_REJECTED_OP_IMUL_NOT_SIMD                     49504        9.127%            99680        9.140%
FU_REJECTED_OP_IDIV_NOT_SIMD                         0        0.000%                0        0.000%
FU_REJECTED_OP_ICMP_NOT_SIMD                         0        0.000%                0        0.000%
FU_REJECTED_OP_LOGIC_NOT_SIMD                     7112        1.311%            14153        1.298%
FU_REJECTED_OP_SHIFT_NOT_SIMD                    26016        4.796%            50991        4.675%
FU_REJECTED_OP_FMEM_NOT_SIMD                      2334        0.430%             4596        0.421%
FU_REJECTED_OP_FCVT_NOT_SIMD                         0        0.000%                0        0.000%
FU_REJECTED_OP_FADD_NOT_SIMD                         1        0.000%                2        0.000%
FU_REJECTED_OP_FMUL_NOT_SIMD                         0        0.000%                0        0.000%
FU_REJECTED_OP_FMA_NOT_SIMD                          0        0.000%                0        0.000%
FU_REJECTED_OP_FDIV_NOT_SIMD                         0        0.000%                0        0.000%
FU_REJECTED_OP_FCMP_NOT_SIMD                         0        0.000%                0        0.000%
FU_REJECTED_OP_FCMOV_NOT_SIMD                        0        0.000%                0        0.000%
FU_REJECTED_OP_GATHER_NOT_SIMD                       0        0.000%                0        0.000%
FU_REJECTED_OP_SCATTER_NOT_SIMD                      0        0.000%                0        0.000%
FU_REJECTED_OP_PIPELINED_FAST_NOT_SIMD               0        0.000%                0        0.000%
FU_REJECTED_OP_PIPELINED_MEDIUM_NOT_SIMD             0        0.000%                0        0.000%
FU_REJECTED_OP_PIPELINED_SLOW_NOT_SIMD               0        0.000%                0        0.000%
FU_REJECTED_OP_NOTPIPELINED_MEDIUM_NOT_SIMD             0        0.000%                0        0.000%
FU_REJECTED_OP_NOTPIPELINED_SLOW_NOT_SIMD             0        0.000%                0        0.000%
FU_REJECTED_OP_NOTPIPELINED_VERY_SLOW_NOT_SIMD             0        0.000%                0        0.000%
FU_REJECTED_OP_INV_SIMD                              0        0.000%                0        0.000%
FU_REJECTED_OP_NOP_SIMD                              0        0.000%                0        0.000%
FU_REJECTED_OP_CF_SIMD                               0        0.000%                0        0.000%
FU_REJECTED_OP_MOV_SIMD                           1774        0.327%             3532        0.324%
FU_REJECTED_OP_CMOV_SIMD                             0        0.000%                0        0.000%
FU_REJECTED_OP_LDA_SIMD                              0        0.000%                0        0.000%
FU_REJECTED_OP_IMEM_SIMD                             0        0.000%                0        0.000%
FU_REJECTED_OP_IADD_SIMD                             0        0.000%                0        0.000%
FU_REJECTED_OP_IMUL_SIMD                             0        0.000%                0        0.000%
FU_REJECTED_OP_IDIV_SIMD                             0        0.000%                0        0.000%
FU_REJECTED_OP_ICMP_SIMD                             0        0.000%                0        0.000%
FU_REJECTED_OP_LOGIC_SIMD                         5793        1.068%            11420        1.047%
FU_REJECTED_OP_SHIFT_SIMD                         2185        0.403%             4589        0.421%
FU_REJECTED_OP_FMEM_SIMD                             0        0.000%                0        0.000%
FU_REJECTED_OP_FCVT_SIMD                         48530        8.947%           102477        9.396%
FU_REJECTED_OP_FADD_SIMD                           102        0.019%              207        0.019%
FU_REJECTED_OP_FMUL_SIMD                          4609        0.850%             9218        0.845%
FU_REJECTED_OP_FMA_SIMD                          14417        2.658%            29078        2.666%
FU_REJECTED_OP_FDIV_SIMD                         23494        4.331%            46593        4.272%
FU_REJECTED_OP_FCMP_SIMD                           780        0.144%             1753        0.161%
FU_REJECTED_OP_FCMOV_SIMD                       131600       24.263%           260651       23.900%
FU_REJECTED_OP_GATHER_SIMD                        1090        0.201%             2108        0.193%
FU_REJECTED_OP_SCATTER_SIMD                          0        0.000%                0        0.000%
FU_REJECTED_OP_PIPELINED_FAST_SIMD                   0        0.000%                0        0.000%
FU_REJECTED_OP_PIPELINED_MEDIUM_SIMD                 0        0.000%                0        0.000%
FU_REJECTED_OP_PIPELINED_SLOW_SIMD                   0        0.000%                0        0.000%
FU_REJECTED_OP_NOTPIPELINED_MEDIUM_SIMD              0        0.000%                0        0.000%
FU_REJECTED_OP_NOTPIPELINED_SLOW_SIMD                0        0.000%                0        0.000%
FU_REJECTED_OP_NOTPIPELINED_VERY_SLOW_SIMD             0        0.000%                0        0.000%
                                                542399      100.000%          1090607      100.000%
                                                 22.99        21.08             22.96        21.07

LSQ_FULL_TOTAL                                   16637                          31635              

LSQ_FULL_LOAD_QUEUE                              16241                          30643              

LSQ_FULL_STORE_QUEUE                               396                            992              

OP_WAIT_0                                      6287570                       12593522              

OP_WAIT_1                                      1487674                        2985000              

OP_WAIT_2                                       712417                        1415265              

OP_WAIT_3                                       397213                         786167              

OP_WAIT_4                                       266229                         525225              

OP_WAIT_5                                       185886                         375261              

OP_WAIT_6                                       136628                         273090              

OP_WAIT_7                                       114559                         231313              

OP_WAIT_8                                        87995                         171358              

OP_WAIT_9                                        70874                         138609              

OP_WAIT_10                                       58932                         111632              

OP_WAIT_11                                       51083                          96920              

OP_WAIT_12                                       44162                          82216              

OP_WAIT_13                                       37916                          69726              

OP_WAIT_14                                       36115                          62895              

OP_WAIT_15                                       32018                          53806              

OP_WAIT_16                                       31547                          52277              

OP_WAIT_17                                       28708                          44382              

OP_WAIT_18                                       25369                          44783              

OP_WAIT_19                                       27277                          46074              

OP_WAIT_20                                       24050                          39979              

OP_WAIT_21                                       19266                          34083              

OP_WAIT_22                                       19142                          34290              

OP_WAIT_23                                       18560                          35724              

OP_WAIT_24                                       15492                          29686              

OP_WAIT_25                                       15927                          30339              

OP_WAIT_26                                       14634                          28571              

OP_WAIT_27                                       12719                          27149              

OP_WAIT_28                                       11687                          26596              

OP_WAIT_29                                       11546                          28351              

OP_WAIT_30                                       10707                          31269              

OP_WAIT_31                                      169686                         429315              

ROW_SIZE_0                                      993589                        2194976              

ROW_SIZE_1                                      300284                         625702              

ROW_SIZE_2                                       92233                         187993              

ROW_SIZE_3                                       97156                         201675              

ROW_SIZE_4                                      107880                         225610              

ROW_SIZE_5                                       37736                          76570              

ROW_SIZE_6                                     1511195                        3007145              

ROW_SIZE_7                                           0                              0              

ROW_SIZE_8                                           0                              0              

ROW_SIZE_9                                           0                              0              

ROW_SIZE_10                                          0                              0              

ROW_SIZE_11                                          0                              0              

ROW_SIZE_12                                          0                              0              

ROW_SIZE_13                                          0                              0              

ROW_SIZE_14                                          0                              0              

ROW_SIZE_15                                          0                              0              

ROW_SIZE_16                                          0                              0              

ROW_SIZE_17                                          0                              0              

ROW_SIZE_18                                          0                              0              

ROW_SIZE_19                                          0                              0              

ROW_SIZE_20                                          0                              0              

ROW_SIZE_21                                          0                              0              

ROW_SIZE_22                                          0                              0              

ROW_SIZE_23                                          0                              0              

ROW_SIZE_24                                          0                              0              

ROW_SIZE_25                                          0                              0              

ROW_SIZE_26                                          0                              0              

ROW_SIZE_27                                          0                              0              

ROW_SIZE_28                                          0                              0              

ROW_SIZE_29                                          0                              0              

ROW_SIZE_30                                          0                              0              

ROW_SIZE_31                                          0                              0              

RET_OP_EXEC_COUNT_0                                  0        0.000%                0        0.000%
RET_OP_EXEC_COUNT_1                           10463588      100.000%         20934873      100.000%
RET_OP_EXEC_COUNT_2                                  0        0.000%                0        0.000%
RET_OP_EXEC_COUNT_3                                  0        0.000%                0        0.000%
RET_OP_EXEC_COUNT_4                                  0        0.000%                0        0.000%
RET_OP_EXEC_COUNT_5                                  0        0.000%                0        0.000%
RET_OP_EXEC_COUNT_6                                  0        0.000%                0        0.000%
RET_OP_EXEC_COUNT_7                                  0        0.000%                0        0.000%
RET_OP_EXEC_COUNT_8                                  0        0.000%                0        0.000%
RET_OP_EXEC_COUNT_9                                  0        0.000%                0        0.000%
RET_OP_EXEC_COUNT_10                                 0        0.000%                0        0.000%
RET_OP_EXEC_COUNT_11                                 0        0.000%                0        0.000%
RET_OP_EXEC_COUNT_12                                 0        0.000%                0        0.000%
RET_OP_EXEC_COUNT_13                                 0        0.000%                0        0.000%
RET_OP_EXEC_COUNT_14                                 0        0.000%                0        0.000%
RET_OP_EXEC_COUNT_15                                 0        0.000%                0        0.000%
RET_OP_EXEC_COUNT_16                                 0        0.000%                0        0.000%
RET_OP_EXEC_COUNT_17                                 0        0.000%                0        0.000%
RET_OP_EXEC_COUNT_18                                 0        0.000%                0        0.000%
RET_OP_EXEC_COUNT_19                                 0        0.000%                0        0.000%
RET_OP_EXEC_COUNT_20                                 0        0.000%                0        0.000%
RET_OP_EXEC_COUNT_21                                 0        0.000%                0        0.000%
RET_OP_EXEC_COUNT_22                                 0        0.000%                0        0.000%
RET_OP_EXEC_COUNT_23                                 0        0.000%                0        0.000%
RET_OP_EXEC_COUNT_24                                 0        0.000%                0        0.000%
RET_OP_EXEC_COUNT_25                                 0        0.000%                0        0.000%
RET_OP_EXEC_COUNT_26                                 0        0.000%                0        0.000%
RET_OP_EXEC_COUNT_27                                 0        0.000%                0        0.000%
RET_OP_EXEC_COUNT_28                                 0        0.000%                0        0.000%
RET_OP_EXEC_COUNT_29                                 0        0.000%                0        0.000%
RET_OP_EXEC_COUNT_30                                 0        0.000%                0        0.000%
RET_OP_EXEC_COUNT_31                                 0        0.000%                0        0.000%
RET_OP_EXEC_COUNT_32                                 0        0.000%                0        0.000%
                                              10463588      100.000%         20934873      100.000%
                                                  1.00         0.00              1.00         0.00

RET_STALL_LENGTH_0                            10462952       99.994%         20932694       99.990%
RET_STALL_LENGTH_100                               624        0.006%             2110        0.010%
RET_STALL_LENGTH_200                                 7        0.000%               38        0.000%
RET_STALL_LENGTH_300                                 0        0.000%                1        0.000%
RET_STALL_LENGTH_400                                 1        0.000%                2        0.000%
RET_STALL_LENGTH_500                                 0        0.000%                2        0.000%
RET_STALL_LENGTH_600                                 0        0.000%                4        0.000%
RET_STALL_LENGTH_700                                 0        0.000%                1        0.000%
RET_STALL_LENGTH_800                                 0        0.000%                2        0.000%
RET_STALL_LENGTH_900                                 0        0.000%                2        0.000%
RET_STALL_LENGTH_1000                                2        0.000%                4        0.000%
RET_STALL_LENGTH_1100                                0        0.000%                1        0.000%
RET_STALL_LENGTH_1200                                2        0.000%               11        0.000%
RET_STALL_LENGTH_1300                                0        0.000%                1        0.000%
RET_STALL_LENGTH_1400                                0        0.000%                0        0.000%
RET_STALL_LENGTH_1500                                0        0.000%                0        0.000%
RET_STALL_LENGTH_1600                                0        0.000%                0        0.000%
RET_STALL_LENGTH_1700                                0        0.000%                0        0.000%
RET_STALL_LENGTH_1800                                0        0.000%                0        0.000%
RET_STALL_LENGTH_1900                                0        0.000%                0        0.000%
RET_STALL_LENGTH_2000                                0        0.000%                0        0.000%
RET_STALL_LENGTH_2100                                0        0.000%                0        0.000%
RET_STALL_LENGTH_2200                                0        0.000%                0        0.000%
RET_STALL_LENGTH_2300                                0        0.000%                0        0.000%
RET_STALL_LENGTH_2400                                0        0.000%                0        0.000%
RET_STALL_LENGTH_2500                                0        0.000%                0        0.000%
RET_STALL_LENGTH_2600                                0        0.000%                0        0.000%
RET_STALL_LENGTH_2700                                0        0.000%                0        0.000%
RET_STALL_LENGTH_2800                                0        0.000%                0        0.000%
RET_STALL_LENGTH_2900                                0        0.000%                0        0.000%
RET_STALL_LENGTH_3000                                0        0.000%                0        0.000%
RET_STALL_LENGTH_3100                                0        0.000%                0        0.000%
RET_STALL_LENGTH_3200                                0        0.000%                0        0.000%
RET_STALL_LENGTH_3300                                0        0.000%                0        0.000%
RET_STALL_LENGTH_3400                                0        0.000%                0        0.000%
RET_STALL_LENGTH_3500                                0        0.000%                0        0.000%
RET_STALL_LENGTH_3600                                0        0.000%                0        0.000%
RET_STALL_LENGTH_3700                                0        0.000%                0        0.000%
RET_STALL_LENGTH_3800                                0        0.000%                0        0.000%
RET_STALL_LENGTH_3900                                0        0.000%                0        0.000%
RET_STALL_LENGTH_4000                                0        0.000%                0        0.000%
RET_STALL_LENGTH_4100                                0        0.000%                0        0.000%
RET_STALL_LENGTH_4200                                0        0.000%                0        0.000%
RET_STALL_LENGTH_4300                                0        0.000%                0        0.000%
RET_STALL_LENGTH_4400                                0        0.000%                0        0.000%
RET_STALL_LENGTH_4500                                0        0.000%                0        0.000%
RET_STALL_LENGTH_4600                                0        0.000%                0        0.000%
RET_STALL_LENGTH_4700                                0        0.000%                0        0.000%
RET_STALL_LENGTH_4800                                0        0.000%                0        0.000%
RET_STALL_LENGTH_4900                                0        0.000%                0        0.000%
RET_STALL_LENGTH_5000                                0        0.000%                0        0.000%
                                              10463588      100.000%         20934873      100.000%
                                                  0.00         0.01              0.00         0.02

MEM_BLOCK_LENGTH_0                                   0         -nan%                4      100.000%
MEM_BLOCK_LENGTH_100                                 0         -nan%                0        0.000%
MEM_BLOCK_LENGTH_200                                 0         -nan%                0        0.000%
MEM_BLOCK_LENGTH_300                                 0         -nan%                0        0.000%
MEM_BLOCK_LENGTH_400                                 0         -nan%                0        0.000%
MEM_BLOCK_LENGTH_500                                 0         -nan%                0        0.000%
MEM_BLOCK_LENGTH_600                                 0         -nan%                0        0.000%
MEM_BLOCK_LENGTH_700                                 0         -nan%                0        0.000%
MEM_BLOCK_LENGTH_800                                 0         -nan%                0        0.000%
MEM_BLOCK_LENGTH_900                                 0         -nan%                0        0.000%
MEM_BLOCK_LENGTH_1000                                0         -nan%                0        0.000%
MEM_BLOCK_LENGTH_1100                                0         -nan%                0        0.000%
MEM_BLOCK_LENGTH_1200                                0         -nan%                0        0.000%
MEM_BLOCK_LENGTH_1300                                0         -nan%                0        0.000%
MEM_BLOCK_LENGTH_1400                                0         -nan%                0        0.000%
MEM_BLOCK_LENGTH_1500                                0         -nan%                0        0.000%
MEM_BLOCK_LENGTH_1600                                0         -nan%                0        0.000%
MEM_BLOCK_LENGTH_1700                                0         -nan%                0        0.000%
MEM_BLOCK_LENGTH_1800                                0         -nan%                0        0.000%
MEM_BLOCK_LENGTH_1900                                0         -nan%                0        0.000%
MEM_BLOCK_LENGTH_2000                                0         -nan%                0        0.000%
MEM_BLOCK_LENGTH_2100                                0         -nan%                0        0.000%
MEM_BLOCK_LENGTH_2200                                0         -nan%                0        0.000%
MEM_BLOCK_LENGTH_2300                                0         -nan%                0        0.000%
MEM_BLOCK_LENGTH_2400                                0         -nan%                0        0.000%
MEM_BLOCK_LENGTH_2500                                0         -nan%                0        0.000%
MEM_BLOCK_LENGTH_2600                                0         -nan%                0        0.000%
MEM_BLOCK_LENGTH_2700                                0         -nan%                0        0.000%
MEM_BLOCK_LENGTH_2800                                0         -nan%                0        0.000%
MEM_BLOCK_LENGTH_2900                                0         -nan%                0        0.000%
MEM_BLOCK_LENGTH_3000                                0         -nan%                0        0.000%
MEM_BLOCK_LENGTH_3100                                0         -nan%                0        0.000%
MEM_BLOCK_LENGTH_3200                                0         -nan%                0        0.000%
MEM_BLOCK_LENGTH_3300                                0         -nan%                0        0.000%
MEM_BLOCK_LENGTH_3400                                0         -nan%                0        0.000%
MEM_BLOCK_LENGTH_3500                                0         -nan%                0        0.000%
MEM_BLOCK_LENGTH_3600                                0         -nan%                0        0.000%
MEM_BLOCK_LENGTH_3700                                0         -nan%                0        0.000%
MEM_BLOCK_LENGTH_3800                                0         -nan%                0        0.000%
MEM_BLOCK_LENGTH_3900                                0         -nan%                0        0.000%
MEM_BLOCK_LENGTH_4000                                0         -nan%                0        0.000%
MEM_BLOCK_LENGTH_4100                                0         -nan%                0        0.000%
MEM_BLOCK_LENGTH_4200                                0         -nan%                0        0.000%
MEM_BLOCK_LENGTH_4300                                0         -nan%                0        0.000%
MEM_BLOCK_LENGTH_4400                                0         -nan%                0        0.000%
MEM_BLOCK_LENGTH_4500                                0         -nan%                0        0.000%
MEM_BLOCK_LENGTH_4600                                0         -nan%                0        0.000%
MEM_BLOCK_LENGTH_4700                                0         -nan%                0        0.000%
MEM_BLOCK_LENGTH_4800                                0         -nan%                0        0.000%
MEM_BLOCK_LENGTH_4900                                0         -nan%                0        0.000%
MEM_BLOCK_LENGTH_5000                                0         -nan%                0        0.000%
                                                     0         -nan%                4      100.000%
                                                  -nan         -nan              0.00         0.00

FUS_BUSY_ON_PATH                              11028846        3.3716         22070082        3.2331

FUS_BUSY_OFF_PATH                              1402310        0.4287          3095268        0.4534

FU_BUSY_MEM_STALL                               100256        0.0306           207422        0.0304

FUS_EMPTY                                     13737540        4.1997         29445434        4.3135

FU_UNAVAILABLE                                  461335        0.1410           923551        0.1353

FU_MEM_UNAVAILABLE                               81064        0.0248           167056        0.0245

FU_OTHER_UNAVAILABLE                                 0        0.0000                0        0.0000

FU_REPLAY                                            0        0.0000                0        0.0000

FU_STARVED                                    13655620        4.1746         29263897        4.2869

CHIP_UTILIZATION                                     0        0.0000                0        0.0000

CYCLES_UNDER_MEM_REQ                                 0                              0              

CYCLES_UNDER_NO_MEM_REQ                              0                              0              

CYCLES_UNDER_CRITICAL_MEM_REQ                        0                              0              

CYCLES_UNDER_NONCRITICAL_MEM_REQ                     0                              0              

CHIP_UTILIZATION_UNDER_MEM_REQ                       0          -nan                0          -nan

CHIP_UTILIZATION_UNDER_NO_MEM_REQ                    0          -nan                0          -nan

CHIP_UTILIZATION_UNDER_CRITICAL_MEM_REQ              0          -nan                0          -nan

CHIP_UTILIZATION_UNDER_NONCRITICAL_MEM_REQ             0          -nan                0          -nan

CYCLES_NOT_WAITING_FOR_OFF_CHIP                      0        0.0000                0        0.0000

FUS_BUSY_NOT_WAITING_FOR_OFF_CHIP                    0          -nan                0          -nan

CYCLES_WAITING_FOR_OFF_CHIP                          0        0.0000                0        0.0000

FUS_BUSY_WAITING_FOR_OFF_CHIP                        0          -nan                0          -nan

TOTAL_OFF_CHIP_DELAYS_LEFT                           0                              0              

WRONG_IO_SCHED                                       0                              0              

DVFS_CONFIG_SWITCH                                   0                              0              

MAP_STAGE_RECEIVED_OPS_0                             0        0.000%                0        0.000%
MAP_STAGE_RECEIVED_OPS_1                        134231        6.842%           264246        6.746%
MAP_STAGE_RECEIVED_OPS_2                         40239        2.051%            77690        1.983%
MAP_STAGE_RECEIVED_OPS_3                         98358        5.013%           195891        5.001%
MAP_STAGE_RECEIVED_OPS_4                         48213        2.457%            94997        2.425%
MAP_STAGE_RECEIVED_OPS_5                        119040        6.068%           232492        5.936%
MAP_STAGE_RECEIVED_OPS_6                       1521802       77.568%          3051513       77.908%
MAP_STAGE_RECEIVED_OPS_7                             0        0.000%                0        0.000%
MAP_STAGE_RECEIVED_OPS_8                             0        0.000%                0        0.000%
MAP_STAGE_RECEIVED_OPS_MAX                           0        0.000%                0        0.000%
                                               1961883      100.000%          3916829      100.000%
                                                  5.32         1.48              5.33         1.47

MAP_STAGE_WAIT_FOR_DECODE                            0         -nan%                0         -nan%
MAP_STAGE_CONSUME_DECODE                             0         -nan%                0         -nan%
                                                     0         -nan%                0         -nan%
                                                  -nan         -nan              -nan         -nan

MAP_STAGE_WAIT_FOR_DECODE2                           0         -nan%                0         -nan%
MAP_STAGE_CONSUME_DECODE2                            0         -nan%                0         -nan%
                                                     0         -nan%                0         -nan%
                                                  -nan         -nan              -nan         -nan

FTQ_RECOVER_EXEC                                 18010                          39829              

FTQ_RECOVER_DECODE                                   0                            158              

FTQ_OFFPATH_CYCLES                             2025379                        4335395              

FTQ_CYCLES_OFFPATH                             2025379                        4335395              

FTQ_CYCLES_ONPATH                              1245708                        2490953              

FTQ_FETCHED_INS_ONPATH                        10462876                       20934873              

FTQ_FETCHED_INS_OFFPATH                       13399281                       28212216              

FTQ_BREAK_FULL_FT_ONPATH                        271462                         558527              

FTQ_BREAK_FULL_FT_OFFPATH                       745817                        1671139              

FTQ_BREAK_PRED_BR_ONPATH                             0                              0              

FTQ_BREAK_PRED_BR_OFFPATH                            0                              0              

FTQ_BREAK_BAR_FETCH_ONPATH                           0                              0              

FTQ_BREAK_BAR_FETCH_OFFPATH                          0                              0              

FTQ_BREAK_MAX_CFS_TAKEN_ONPATH                       0                              0              

FTQ_BREAK_MAX_CFS_TAKEN_OFFPATH                      0                              0              

FTQ_BREAK_MAX_FT_ONPATH                         974105                        1932285              

FTQ_BREAK_MAX_FT_OFFPATH                       1279562                        2664256              

DFE_GEN_ON_PATH_FT                             1282956                        2563700              

DFE_GEN_OFF_PATH_FT                            1426223                        2992681              

DFE_L0_ENABLED_PREDICTIONS                    10462876                       20934873              

DFE_L0_WRONG_MAIN_CORRECT                       178934                         354288              

DFE_L0_WRONG_MAIN_WRONG                          10123                          23385              

DFE_L0_CORRECT_MAIN_WRONG                         7856                          16517              

DFE_L0_CORRECT_MAIN_CORRECT                   10265963                       20540683              

DFE_L0_WRONG_MAIN_CORRECT_RECOVERY_SCHEDULED             0                              0              

FTQ_SAW_BAR_FETCH_OFFPATH                            0                              0              

FTQ_SAW_BAR_FETCH_ONPATH                             0                              0              

DFE_CONF_0_MISPRED                                   0         -nan%                0         -nan%
DFE_CONF_1_MISPRED                                   0         -nan%                0         -nan%
DFE_CONF_2_MISPRED                                   0         -nan%                0         -nan%
DFE_CONF_3_MISPRED                                   0         -nan%                0         -nan%
DFE_CONF_0_CORRECT                                   0         -nan%                0         -nan%
DFE_CONF_1_CORRECT                                   0         -nan%                0         -nan%
DFE_CONF_2_CORRECT                                   0         -nan%                0         -nan%
DFE_CONF_3_CORRECT                                   0         -nan%                0         -nan%
                                                     0         -nan%                0         -nan%
                                                  -nan         -nan              -nan         -nan

DFE_ON_CONF_ON_OPS                                   0         -nan%                0         -nan%
DFE_ON_CONF_OFF_OPS                                  0         -nan%                0         -nan%
DFE_OFF_CONF_ON_OPS                                  0         -nan%                0         -nan%
DFE_OFF_CONF_OFF_REALISTIC_OPS                       0         -nan%                0         -nan%
DFE_OFF_CONF_OFF_PERFECT_OPS                         0         -nan%                0         -nan%
                                                     0         -nan%                0         -nan%
                                                  -nan         -nan              -nan         -nan

DFE_ON_CONF_ON_FETCH_TARGETS                         0         -nan%                0         -nan%
DFE_ON_CONF_OFF_FETCH_TARGETS                        0         -nan%                0         -nan%
DFE_OFF_CONF_ON_FETCH_TARGETS                        0         -nan%                0         -nan%
DFE_OFF_CONF_OFF_REALISTIC_FETCH_TARGETS             0         -nan%                0         -nan%
DFE_OFF_CONF_OFF_PERFECT_FETCH_TARGETS               0         -nan%                0         -nan%
                                                     0         -nan%                0         -nan%
                                                  -nan         -nan              -nan         -nan

DFE_ON_CONF_ON_CYCLES                                0         -nan%                0         -nan%
DFE_ON_CONF_OFF_CYCLES                               0         -nan%                0         -nan%
DFE_OFF_CONF_ON_CYCLES                               0         -nan%                0         -nan%
DFE_OFF_CONF_OFF_REALISTIC_CYCLES                    0         -nan%                0         -nan%
DFE_OFF_CONF_OFF_PERFECT_CYCLES                      0         -nan%                0         -nan%
                                                     0         -nan%                0         -nan%
                                                  -nan         -nan              -nan         -nan

DFE_OFF_CONF_ON_NUM_EVENTS                           0                              0              

DFE_OFF_CONF_ON_NOT_IDENTIFIED_EVENTS                0         -nan%                0         -nan%
DFE_OFF_CONF_ON_IBTB_MISS_EVENTS                     0         -nan%                0         -nan%
DFE_OFF_CONF_ON_BTB_MISS_EVENTS                      0         -nan%                0         -nan%
DFE_OFF_CONF_ON_BTB_MISS_MISPRED_EVENTS              0         -nan%                0         -nan%
DFE_OFF_CONF_ON_MISPRED_EVENTS                       0         -nan%                0         -nan%
DFE_OFF_CONF_ON_MISFETCH_EVENTS                      0         -nan%                0         -nan%
                                                     0         -nan%                0         -nan%
                                                  -nan         -nan              -nan         -nan

DFE_OFF_CONF_ON_NOT_IDENTIFIED_CYCLES                0         -nan%                0         -nan%
DFE_OFF_CONF_ON_IBTB_MISS_CYCLES                     0         -nan%                0         -nan%
DFE_OFF_CONF_ON_BTB_MISS_CYCLES                      0         -nan%                0         -nan%
DFE_OFF_CONF_ON_BTB_MISS_MISPRED_CYCLES              0         -nan%                0         -nan%
DFE_OFF_CONF_ON_MISPRED_CYCLES                       0         -nan%                0         -nan%
DFE_OFF_CONF_ON_MISFETCH_CYCLES                      0         -nan%                0         -nan%
                                                     0         -nan%                0         -nan%
                                                  -nan         -nan              -nan         -nan

DFE_OFF_CONF_ON_NOT_IDENTIFIED_FETCH_TARGETS             0         -nan%                0         -nan%
DFE_OFF_CONF_ON_IBTB_MISS_FETCH_TARGETS              0         -nan%                0         -nan%
DFE_OFF_CONF_ON_BTB_MISS_FETCH_TARGETS               0         -nan%                0         -nan%
DFE_OFF_CONF_ON_BTB_MISS_MISPRED_FETCH_TARGETS             0         -nan%                0         -nan%
DFE_OFF_CONF_ON_MISPRED_FETCH_TARGETS                0         -nan%                0         -nan%
DFE_OFF_CONF_ON_MISFETCH_FETCH_TARGETS               0         -nan%                0         -nan%
                                                     0         -nan%                0         -nan%
                                                  -nan         -nan              -nan         -nan

DFE_OFF_CONF_ON_BP_INCORRECT_0_CONF                  0         -nan%                0         -nan%
DFE_OFF_CONF_ON_BP_INCORRECT_1_CONF                  0         -nan%                0         -nan%
DFE_OFF_CONF_ON_BP_INCORRECT_2_CONF                  0         -nan%                0         -nan%
DFE_OFF_CONF_ON_BP_INCORRECT_3_CONF                  0         -nan%                0         -nan%
                                                     0         -nan%                0         -nan%
                                                  -nan         -nan              -nan         -nan

DFE_OFF_CONF_ON_BTB_MISS_CBR_0_CONF                  0         -nan%                0         -nan%
DFE_OFF_CONF_ON_BTB_MISS_CBR_1_CONF                  0         -nan%                0         -nan%
DFE_OFF_CONF_ON_BTB_MISS_CBR_2_CONF                  0         -nan%                0         -nan%
DFE_OFF_CONF_ON_BTB_MISS_CBR_3_CONF                  0         -nan%                0         -nan%
                                                     0         -nan%                0         -nan%
                                                  -nan         -nan              -nan         -nan

DFE_OFF_CONF_ON_BTB_MISS_NOT_CF                      0         -nan%                0         -nan%
DFE_OFF_CONF_ON_BTB_MISS_CF_BR                       0         -nan%                0         -nan%
DFE_OFF_CONF_ON_BTB_MISS_CF_CBR                      0         -nan%                0         -nan%
DFE_OFF_CONF_ON_BTB_MISS_CF_CALL                     0         -nan%                0         -nan%
DFE_OFF_CONF_ON_BTB_MISS_CF_IBR                      0         -nan%                0         -nan%
DFE_OFF_CONF_ON_BTB_MISS_CF_ICALL                    0         -nan%                0         -nan%
DFE_OFF_CONF_ON_BTB_MISS_CF_ICO                      0         -nan%                0         -nan%
DFE_OFF_CONF_ON_BTB_MISS_CF_RET                      0         -nan%                0         -nan%
DFE_OFF_CONF_ON_BTB_MISS_CF_SYS                      0         -nan%                0         -nan%
                                                     0         -nan%                0         -nan%
                                                  -nan         -nan              -nan         -nan

DFE_ON_CONF_OFF_NUM_EVENTS                           0                              0              

CONF_BTB_NUM_CYCLES_OFF_PATH_EVENT                   0                              0              

DFE_ON_CONF_OFF_IBTB_MISS_BP_TAKEN                   0         -nan%                0         -nan%
DFE_ON_CONF_OFF_BTB_MISS_BP_TAKEN_CONF_0             0         -nan%                0         -nan%
DFE_ON_CONF_OFF_BTB_MISS_BP_TAKEN_CONF_1             0         -nan%                0         -nan%
DFE_ON_CONF_OFF_BTB_MISS_BP_TAKEN_CONF_2             0         -nan%                0         -nan%
DFE_ON_CONF_OFF_BTB_MISS_BP_TAKEN_CONF_3             0         -nan%                0         -nan%
DFE_ON_CONF_OFF_BTB_MISS_RATE                        0         -nan%                0         -nan%
DFE_ON_CONF_OFF_IBTB_MISS_RATE                       0         -nan%                0         -nan%
DFE_ON_CONF_OFF_MISFETCH_RATE                        0         -nan%                0         -nan%
DFE_ON_CONF_OFF_MISPRED_RATE                         0         -nan%                0         -nan%
DFE_ON_CONF_OFF_INV_CONF_INC                         0         -nan%                0         -nan%
DFE_ON_CONF_OFF_PERFECT_CONF                         0         -nan%                0         -nan%
                                                     0         -nan%                0         -nan%
                                                  -nan         -nan              -nan         -nan

DFE_ON_CONF_OFF_IBTB_MISS_BP_TAKEN_CYCLES             0         -nan%                0         -nan%
DFE_ON_CONF_OFF_BTB_MISS_BP_TAKEN_CONF_0_CYCLES             0         -nan%                0         -nan%
DFE_ON_CONF_OFF_BTB_MISS_BP_TAKEN_CONF_1_CYCLES             0         -nan%                0         -nan%
DFE_ON_CONF_OFF_BTB_MISS_BP_TAKEN_CONF_2_CYCLES             0         -nan%                0         -nan%
DFE_ON_CONF_OFF_BTB_MISS_BP_TAKEN_CONF_3_CYCLES             0         -nan%                0         -nan%
DFE_ON_CONF_OFF_BTB_MISS_RATE_CYCLES                 0         -nan%                0         -nan%
DFE_ON_CONF_OFF_IBTB_MISS_RATE_CYCLES                0         -nan%                0         -nan%
DFE_ON_CONF_OFF_MISFETCH_RATE_CYCLES                 0         -nan%                0         -nan%
DFE_ON_CONF_OFF_MISPRED_RATE_CYCLES                  0         -nan%                0         -nan%
DFE_ON_CONF_OFF_INV_CONF_INC_CYCLES                  0         -nan%                0         -nan%
DFE_ON_CONF_OFF_PERFECT_CONF_CYCLES                  0         -nan%                0         -nan%
                                                     0         -nan%                0         -nan%
                                                  -nan         -nan              -nan         -nan

DFE_ON_CONF_OFF_IBTB_MISS_BP_TAKEN_FETCH_TARGETS             0         -nan%                0         -nan%
DFE_ON_CONF_OFF_BTB_MISS_BP_TAKEN_CONF_0_FETCH_TARGETS             0         -nan%                0         -nan%
DFE_ON_CONF_OFF_BTB_MISS_BP_TAKEN_CONF_1_FETCH_TARGETS             0         -nan%                0         -nan%
DFE_ON_CONF_OFF_BTB_MISS_BP_TAKEN_CONF_2_FETCH_TARGETS             0         -nan%                0         -nan%
DFE_ON_CONF_OFF_BTB_MISS_BP_TAKEN_CONF_3_FETCH_TARGETS             0         -nan%                0         -nan%
DFE_ON_CONF_OFF_BTB_MISS_RATE_FETCH_TARGETS             0         -nan%                0         -nan%
DFE_ON_CONF_OFF_IBTB_MISS_RATE_FETCH_TARGETS             0         -nan%                0         -nan%
DFE_ON_CONF_OFF_MISFETCH_RATE_FETCH_TARGETS             0         -nan%                0         -nan%
DFE_ON_CONF_OFF_MISPRED_RATE_FETCH_TARGETS             0         -nan%                0         -nan%
DFE_ON_CONF_OFF_INV_CONF_INC_FETCH_TARGETS             0         -nan%                0         -nan%
DFE_ON_CONF_OFF_PERFECT_CONF_FETCH_TARGETS             0         -nan%                0         -nan%
                                                     0         -nan%                0         -nan%
                                                  -nan         -nan              -nan         -nan

CONF_OFF_IBTB_MISS_BP_TAKEN                          0         -nan%                0         -nan%
CONF_OFF_BTB_MISS_BP_TAKEN_CONF_0                    0         -nan%                0         -nan%
CONF_OFF_BTB_MISS_BP_TAKEN_CONF_1                    0         -nan%                0         -nan%
CONF_OFF_BTB_MISS_BP_TAKEN_CONF_2                    0         -nan%                0         -nan%
CONF_OFF_BTB_MISS_BP_TAKEN_CONF_3                    0         -nan%                0         -nan%
CONF_OFF_BTB_MISS_RATE                               0         -nan%                0         -nan%
CONF_OFF_IBTB_MISS_RATE                              0         -nan%                0         -nan%
CONF_OFF_MISFETCH_RATE                               0         -nan%                0         -nan%
CONF_OFF_MISPRED_RATE                                0         -nan%                0         -nan%
CONF_OFF_INV_CONF_INC                                0         -nan%                0         -nan%
CONF_OFF_PERFECT_CONF                                0         -nan%                0         -nan%
                                                     0         -nan%                0         -nan%
                                                  -nan         -nan              -nan         -nan

TOPDOWN_TOTAL_SLOTS                           19626522                       40958088              

TOPDOWN_ISSUED_SLOTS                          13995372                       28640726              

TOPDOWN_RETIRED_SLOTS                         10463211                       20934873              

TOPDOWN_FETCH_BUBBLES_SLOTS                    2271106                        4815829              

TOPDOWN_RECOVERY_BUBBLES_SLOTS                  642796                        1343700              

TOPDOWN_MEM_LOAD_STALLS_CYCLES                  428405                         976879              

TOPDOWN_MEM_STORE_STALLS_CYCLES                      0                              0              

TOPDOWN_EXEC_STALLS_CYCLES                      139798                         402131              

TOPDOWN_BACKEND_STALLS_CYCLES                   428406                         976891              

TOPDOWN_FETCH_BUBBLES_GT_MIW_CYCLES             141308                         325885              

TOPDOWN_BR_MISPRED_RETIRED_CYCLES                18010                          39829              

TOPDOWN_MACHINE_CLEAR_CYCLES                    196944                         394275              

TOPDOWN_FRONTEND_BOUND                            1157                           1157              

TOPDOWN_BACKEND_BOUND                             1385                           1385              

TOPDOWN_BAD_SPEC_BOUND                            2127                           2127              

TOPDOWN_RETIRING_BOUND                            5331                           5331              

TOPDOWN_FETCH_LATENCY_BOUND                        431                            431              

TOPDOWN_FETCH_BANDWIDTH_BOUND                      726                            726              

TOPDOWN_MEM_BOUND                                 1384                           1384              

TOPDOWN_CORE_BOUND                                   1                              1              

TOPDOWN_BR_MISPREDICTS_BOUND                       178                            178              

TOPDOWN_MACHINE_CLEARS_BOUND                      1949                           1949              



