/* -*- Mode: c -*- */
####################################################################################################
Core 0
####################################################################################################
Cumulative:        Cycles: 5208398               Instructions: 19999999              IPC: 3.83995

Periodic:          Cycles: 2577835               Instructions: 9999998               IPC: 3.87922

EXECUTION_TIME                            805573437500                  1627624375000              

SIM_HOST_WALL_SECONDS                        47.701121                      47.701121              

NODE_CYCLE                                     2577835                        5208398              

NODE_INST_COUNT                                9999998                       19999999              

NODE_INST_COUNT_FETCHED                        9999998                       19999999              

NODE_UOP_COUNT                                10374251                       20763749              

EXEC_STAGE_NO_ISSUE_STALL_CYCLE                2288555                        4604843              

EXEC_STAGE_NO_ISSUE_STALL_CYCLE_ONPATH         2165571                        4350263              

FULL_WINDOW_STALL                                  513        0.020%             5014        0.096%

FULL_WINDOW_MEM_OP                                 464      100.000%             4775       99.770%
FULL_WINDOW_FP_OP                                    0        0.000%                0        0.000%
FULL_WINDOW_OTHER_OP                                 0        0.000%               11        0.230%
                                                   464      100.000%             4786      100.000%
                                                  0.00         0.00              0.00         0.10

RET_BLOCKED_DC_MISS                             192156        7.454%           366753        7.042%

RET_BLOCKED_L1_MISS                             133195        5.167%           255009        4.896%

RET_BLOCKED_L1_MISS_BW_PREF                          1        0.000%              135        0.003%

RET_BLOCKED_L1_ACCESS                            59474        2.307%           112493        2.160%

RET_BLOCKED_MEM_STALL                           133195        5.167%           255128        4.898%

RET_BLOCKED_OFFCHIP_DEMAND                           0        0.000%                0        0.000%

OP_ISSUED                                     10641002                       21337017              

OP_RETIRED                                    10374251                       20763749              

OP_MACRO_FUSION_ONPATH                          465332                         822438              

OP_MACRO_FUSION_OFFPATH                          59007                         116233              

REPLAY_SIGNALED                                      0                              0              

REPLAY_COUNTED                                       0                              0              

OFF_CRITICAL_PATH                                    0         -nan%                0         -nan%
ON_CRITICAL_PATH                                     0         -nan%                0         -nan%
                                                     0         -nan%                0         -nan%
                                                  -nan         -nan              -nan         -nan

LD_NO_DEPENDENTS                                 22443        0.938%            51467        1.098%
LD_DEPENDENTS                                  2369877       99.062%          4637897       98.902%
                                               2392320      100.000%          4689364      100.000%
                                                  0.99         0.99              0.99         0.98

LD_EXEC_CYCLES_0                                     0        0.000%                0        0.000%
LD_EXEC_CYCLES_1                                     0        0.000%                0        0.000%
LD_EXEC_CYCLES_2                                     0        0.000%                0        0.000%
LD_EXEC_CYCLES_3                                   169       39.211%              360       40.541%
LD_EXEC_CYCLES_4                                   262       60.789%              528       59.459%
                                                   431      100.000%              888      100.000%
                                                  3.61         2.86              3.59         2.82

ICACHE_STAGE_STARVED                             38380        1.745%           117975        2.676%
ICACHE_STAGE_NOT_STARVED                       2160620       98.255%          4291344       97.324%
                                               2199000      100.000%          4409319      100.000%
                                                  0.98         0.97              0.97         0.96

ICACHE_STAGE_STALLED                            350402       13.593%           661529       12.701%
ICACHE_STAGE_NOT_STALLED                       1848598       71.711%          3747790       71.957%
ICACHE_STAGE_OFF_PATH                           378835       14.696%           799079       15.342%
                                               2577835      100.000%          5208398      100.000%
                                                  1.01         0.54              1.03         0.55

DECODE_STAGE_STARVED                           2165849       90.542%          4301275       89.505%
DECODE_STAGE_NOT_STARVED                        226244        9.458%           504367       10.495%
                                               2392093      100.000%          4805642      100.000%
                                                  0.09         0.28              0.10         0.29

DECODE_STAGE_STALLED                             34512        1.339%            77562        1.489%
DECODE_STAGE_NOT_STALLED                       2357581       91.456%          4728080       90.778%
DECODE_STAGE_OFF_PATH                           185742        7.205%           402756        7.733%
                                               2577835      100.000%          5208398      100.000%
                                                  1.06         0.38              1.06         0.40

UOPQ_STAGE_STARVED                              417400       21.266%           964754       24.053%
UOPQ_STAGE_NOT_STARVED                         1545392       78.734%          3046131       75.947%
                                               1962792      100.000%          4010885      100.000%
                                                  0.79         0.72              0.76         0.69

UOPQ_STAGE_STALLED                              340094       13.193%           637160       12.233%
UOPQ_STAGE_NOT_STALLED                         1962792       76.141%          4010885       77.008%
UOPQ_STAGE_OFF_PATH                             274949       10.666%           560353       10.759%
                                               2577835      100.000%          5208398      100.000%
                                                  0.97         0.46              0.99         0.46

RS_OP_READY_NOT_ISSUED_TOTAL                   3080147                        6604108              

RS_0_OP_READY_NOT_ISSUED                       2279482                        4844583              

RS_1_OP_READY_NOT_ISSUED                        405185                         877207              

RS_2_OP_READY_NOT_ISSUED                        395480                         882318              

RS_3_OP_READY_NOT_ISSUED                             0                              0              

RS_4_OP_READY_NOT_ISSUED                             0                              0              

RS_5_OP_READY_NOT_ISSUED                             0                              0              

RS_6_OP_READY_NOT_ISSUED                             0                              0              

RS_7_OP_READY_NOT_ISSUED                             0                              0              

RS_7_PLUS_OP_READY_NOT_ISSUED                        0                              0              

FU_IDLE_NO_READY_OPS_TOTAL                     7220092                       14882073              

FU_0_IDLE_NO_READY_OPS                          300158                         627825              

FU_1_IDLE_NO_READY_OPS                          343191                         718279              

FU_2_IDLE_NO_READY_OPS                          859205                        1815793              

FU_3_IDLE_NO_READY_OPS                          922184                        1939951              

FU_4_IDLE_NO_READY_OPS                          363485                         760836              

FU_5_IDLE_NO_READY_OPS                          342989                         719635              

FU_6_IDLE_NO_READY_OPS                         2062182                        4187790              

FU_7_IDLE_NO_READY_OPS                         2026698                        4111964              

FU_8_IDLE_NO_READY_OPS                               0                              0              

FU_9_IDLE_NO_READY_OPS                               0                              0              

FU_10_IDLE_NO_READY_OPS                              0                              0              

FU_11_IDLE_NO_READY_OPS                              0                              0              

FU_12_IDLE_NO_READY_OPS                              0                              0              

FU_13_IDLE_NO_READY_OPS                              0                              0              

FU_14_IDLE_NO_READY_OPS                              0                              0              

FU_15_IDLE_NO_READY_OPS                              0                              0              

FU_16_IDLE_NO_READY_OPS                              0                              0              

FU_17_IDLE_NO_READY_OPS                              0                              0              

FU_18_IDLE_NO_READY_OPS                              0                              0              

FU_19_IDLE_NO_READY_OPS                              0                              0              

FU_20_IDLE_NO_READY_OPS                              0                              0              

FU_21_IDLE_NO_READY_OPS                              0                              0              

FU_22_IDLE_NO_READY_OPS                              0                              0              

FU_23_IDLE_NO_READY_OPS                              0                              0              

FU_24_IDLE_NO_READY_OPS                              0                              0              

FU_25_IDLE_NO_READY_OPS                              0                              0              

FU_26_IDLE_NO_READY_OPS                              0                              0              

FU_27_IDLE_NO_READY_OPS                              0                              0              

FU_28_IDLE_NO_READY_OPS                              0                              0              

FU_29_IDLE_NO_READY_OPS                              0                              0              

FU_30_IDLE_NO_READY_OPS                              0                              0              

FU_31_IDLE_NO_READY_OPS                              0                              0              

FU_31_PLUS_IDLE_NO_READY_OPS                         0                              0              

MAP_STAGE_STARVED                               131027        9.177%           319517       10.970%
MAP_STAGE_NOT_STARVED                          1296806       90.823%          2593058       89.030%
                                               1427833      100.000%          2912575      100.000%
                                                  0.91         0.87              0.89         0.85

MAP_STAGE_STALLED                                  293        0.018%              821        0.025%
MAP_STAGE_NOT_STALLED                          1427540       90.039%          2911754       89.760%
MAP_STAGE_OFF_PATH                              157632        9.942%           331345       10.214%
                                               1585465      100.000%          3243920      100.000%
                                                  1.10         0.46              1.10         0.46

MAP_STAGE_STALL_ITSELF                          992370       38.496%          1964478       37.718%
MAP_STAGE_NOT_STALL_ITSELF                     1585465       61.504%          3243920       62.282%
                                               2577835      100.000%          5208398      100.000%
                                                  0.62         0.57              0.62         0.57

MAP_STAGE_LATE_ALLOCATE_SEND_BACK                    0                              0              

MAP_STAGE_RENAME_OP_ONPATH                    10374089                       20763749              

MAP_STAGE_RENAME_OP_OFFPATH                     951148                        1981297              

MAP_STAGE_RENAME_INT_REG_ONPATH               13560906                       27432982              

MAP_STAGE_RENAME_INT_REG_OFFPATH               1049742                        2121590              

MAP_STAGE_RENAME_VEC_REG_ONPATH                   6149                          24647              

MAP_STAGE_RENAME_VEC_REG_OFFPATH                  1129                           3407              

MAP_STAGE_RENAME_MOVE_ELIM_ONPATH                    0                              0              

MAP_STAGE_RENAME_MOVE_ELIM_OFFPATH                   0                              0              

MAP_STAGE_ONPATH_INT_REG_NUM_ALLOC            13561124                       27432963              

MAP_STAGE_ONPATH_VEC_REG_NUM_ALLOC                6149                          24638              

MAP_STAGE_ONPATH_INT_REG_NUM_SHORTLIVE         4142219                        8251213              

MAP_STAGE_ONPATH_VEC_REG_NUM_SHORTLIVE            2052                          11327              

MAP_STAGE_ONPATH_INT_REG_USE_COUNT_0           4403251                        9030350              

MAP_STAGE_ONPATH_VEC_REG_USE_COUNT_0                 0                              0              

MAP_STAGE_ONPATH_INT_REG_USE_COUNT_1           6823270                       13565118              

MAP_STAGE_ONPATH_VEC_REG_USE_COUNT_1              5043                          18017              

MAP_STAGE_ONPATH_INT_REG_USE_COUNT_2           1779655                        3722594              

MAP_STAGE_ONPATH_VEC_REG_USE_COUNT_2               980                           5943              

MAP_STAGE_ONPATH_INT_REG_USE_COUNT_3             78977                         164553              

MAP_STAGE_ONPATH_VEC_REG_USE_COUNT_3                 3                              6              

MAP_STAGE_ONPATH_INT_REG_USE_COUNT_4             49181                          97952              

MAP_STAGE_ONPATH_VEC_REG_USE_COUNT_4                58                            328              

MAP_STAGE_ONPATH_INT_REG_USE_COUNT_5            133736                         286327              

MAP_STAGE_ONPATH_VEC_REG_USE_COUNT_5                51                            312              

MAP_STAGE_ONPATH_INT_REG_USE_COUNT_6              9449                          19470              

MAP_STAGE_ONPATH_VEC_REG_USE_COUNT_6                 0                              0              

MAP_STAGE_ONPATH_INT_REG_USE_COUNT_7_PLUS        283605                         546599              

MAP_STAGE_ONPATH_VEC_REG_USE_COUNT_7_PLUS            14                             32              

MAP_STAGE_ONPATH_INT_REG_CONSUME_DIST_0              0        0.0000                0        0.0000

MAP_STAGE_ONPATH_VEC_REG_CONSUME_DIST_0              0          -nan                0          -nan

MAP_STAGE_ONPATH_INT_REG_CONSUME_DIST_1              0        0.0000                0        0.0000

MAP_STAGE_ONPATH_VEC_REG_CONSUME_DIST_1              0        0.0000                0        0.0000

MAP_STAGE_ONPATH_INT_REG_CONSUME_DIST_2        4465297        2.5091          8981652        2.4127

MAP_STAGE_ONPATH_VEC_REG_CONSUME_DIST_2         417253      425.7684           542804       91.3350

MAP_STAGE_ONPATH_INT_REG_CONSUME_DIST_3        1510804       19.1297          3207717       19.4935

MAP_STAGE_ONPATH_VEC_REG_CONSUME_DIST_3          22533     7511.0000            56513     9418.8333

MAP_STAGE_ONPATH_INT_REG_CONSUME_DIST_4        1259475       25.6090          2644094       26.9938

MAP_STAGE_ONPATH_VEC_REG_CONSUME_DIST_4            109        1.8793              656        2.0000

MAP_STAGE_ONPATH_INT_REG_CONSUME_DIST_5        2487487       18.6000          4804670       16.7804

MAP_STAGE_ONPATH_VEC_REG_CONSUME_DIST_5              0        0.0000                1        0.0032

MAP_STAGE_ONPATH_INT_REG_CONSUME_DIST_6         840587       88.9604          1722138       88.4508

MAP_STAGE_ONPATH_VEC_REG_CONSUME_DIST_6              0          -nan                0          -nan

MAP_STAGE_ONPATH_INT_REG_CONSUME_DIST_7_PLUS      14081607       49.6522         25178414       46.0638

MAP_STAGE_ONPATH_VEC_REG_CONSUME_DIST_7_PLUS           187       13.3571              431       13.4688

MAP_STAGE_INT_REG_ISSUE_READ_TOTAL_CONSUMED      15735203        6.8756         31521176        6.8452

MAP_STAGE_VEC_REG_ISSUE_READ_TOTAL_CONSUMED          7836        0.0034            33637        0.0073

MAP_STAGE_INT_REG_ISSUE_READ_MULTI_CONSUMED       6462730        2.8239         12889107        2.7990

MAP_STAGE_VEC_REG_ISSUE_READ_MULTI_CONSUMED          1586        0.0007             8714        0.0019

MAP_STAGE_INT_REG_ISSUE_READ_SAME_CYCLE_CONSUMED       1417747        0.6195          2844623        0.6177

MAP_STAGE_VEC_REG_ISSUE_READ_SAME_CYCLE_CONSUMED           969        0.0004             5802        0.0013

MAP_STAGE_INT_REG_ISSUE_READ_TOTAL_CONSUMED_ONPATH      15425628        7.1231         30892229        7.1012

MAP_STAGE_VEC_REG_ISSUE_READ_TOTAL_CONSUMED_ONPATH          7725        0.0036            33316        0.0077

MAP_STAGE_INT_REG_ISSUE_READ_MULTI_CONSUMED_ONPATH       6267766        2.8943         12489594        2.8710

MAP_STAGE_VEC_REG_ISSUE_READ_MULTI_CONSUMED_ONPATH          1576        0.0007             8669        0.0020

MAP_STAGE_INT_REG_ISSUE_READ_SAME_CYCLE_CONSUMED_ONPATH       1362998        0.6294          2726814        0.6268

MAP_STAGE_VEC_REG_ISSUE_READ_SAME_CYCLE_CONSUMED_ONPATH           966        0.0004             5790        0.0013

MAP_STAGE_ONPATH_INT_REG_LIFECYCLE_EMPTY     337171313                      680275070              

MAP_STAGE_ONPATH_VEC_REG_LIFECYCLE_EMPTY        210230                         959710              

MAP_STAGE_ONPATH_INT_REG_LIFECYCLE_IN_USE     424791429                      852149362              

MAP_STAGE_ONPATH_VEC_REG_LIFECYCLE_IN_USE        673304                        1644428              

MAP_STAGE_ONPATH_INT_REG_LIFECYCLE_SPEC_RELEASE     496290290                      993365044              

MAP_STAGE_ONPATH_VEC_REG_LIFECYCLE_SPEC_RELEASE      23202811                       47153844              

MAP_STAGE_ONPATH_INT_REG_LIFECYCLE_NONSPEC_RELEASE     496290290                      993365044              

MAP_STAGE_ONPATH_VEC_REG_LIFECYCLE_NONSPEC_RELEASE      23202811                       47153844              

MAP_STAGE_ONPATH_INT_REG_LIFECYCLE_TOTAL     496290290                      993365044              

MAP_STAGE_ONPATH_VEC_REG_LIFECYCLE_TOTAL      23202811                       47153844              

MAP_STAGE_ONPATH_INT_REG_NUM_NONBRANCH        13561124                       27432963              

MAP_STAGE_ONPATH_VEC_REG_NUM_NONBRANCH            6149                          24638              

MAP_STAGE_ONPATH_INT_REG_NUM_NONEXCEPT        13561124                       27432963              

MAP_STAGE_ONPATH_VEC_REG_NUM_NONEXCEPT            6149                          24638              

MAP_STAGE_ONPATH_INT_REG_NUM_ATOMIC           13561124                       27432963              

MAP_STAGE_ONPATH_VEC_REG_NUM_ATOMIC               6149                          24638              

MAP_STAGE_ONPATH_INT_REG_ATOMIC_REDEFINED_DIST_TOTAL     496290290       36.5965        993365044       36.2106

MAP_STAGE_ONPATH_VEC_REG_ATOMIC_REDEFINED_DIST_TOTAL      23202811     3773.4284         47153844     1913.8665

MAP_STAGE_ONPATH_INT_REG_ATOMIC_CONSUMED_DIST_TOTAL     424791429       31.3242        852149362       31.0630

MAP_STAGE_ONPATH_VEC_REG_ATOMIC_CONSUMED_DIST_TOTAL        673304      109.4981          1644428       66.7436

MAP_STAGE_ONPATH_INT_REG_ATOMIC_RELEASE_DIST_TOTAL     496290290       36.5965        993365044       36.2106

MAP_STAGE_ONPATH_VEC_REG_ATOMIC_RELEASE_DIST_TOTAL      23202811     3773.4284         47153844     1913.8665

EXEC_STAGE_STARVED                             1839986       71.377%          3750924       72.017%
EXEC_STAGE_NOT_STARVED                          612816       23.773%          1204813       23.132%
EXEC_STAGE_OFF_PATH                             125033        4.850%           252661        4.851%
                                               2577835      100.000%          5208398      100.000%
                                                  0.33         0.50              0.33         0.50

FU_BUSY_0                                      2215419                        4447389              

FU_BUSY_1                                      2032632                        4072007              

FU_BUSY_2                                      1525088                        2990954              

FU_BUSY_3                                      1479765                        2899422              

FU_BUSY_4                                      1685338                        3426818              

FU_BUSY_5                                      1613288                        3284992              

FU_BUSY_6                                       299996                         602386              

FU_BUSY_7                                       320377                         645680              

FU_BUSY_8                                            0                              0              

FU_BUSY_9                                            0                              0              

FU_BUSY_10                                           0                              0              

FU_BUSY_11                                           0                              0              

FU_BUSY_12                                           0                              0              

FU_BUSY_13                                           0                              0              

FU_BUSY_14                                           0                              0              

FU_BUSY_15                                           0                              0              

FU_BUSY_16                                           0                              0              

FU_BUSY_17                                           0                              0              

FU_BUSY_18                                           0                              0              

FU_BUSY_19                                           0                              0              

FU_BUSY_20                                           0                              0              

FU_BUSY_21                                           0                              0              

FU_BUSY_22                                           0                              0              

FU_BUSY_23                                           0                              0              

FU_BUSY_24                                           0                              0              

FU_BUSY_25                                           0                              0              

FU_BUSY_26                                           0                              0              

FU_BUSY_27                                           0                              0              

FU_BUSY_28                                           0                              0              

FU_BUSY_29                                           0                              0              

FU_BUSY_30                                           0                              0              

FU_BUSY_31                                           0                              0              

FU_REJECTED_OP_INV_NOT_SIMD                          0        0.000%                0        0.000%
FU_REJECTED_OP_NOP_NOT_SIMD                          0        0.000%                0        0.000%
FU_REJECTED_OP_CF_NOT_SIMD                         178        0.036%              381        0.040%
FU_REJECTED_OP_MOV_NOT_SIMD                        324        0.065%              838        0.088%
FU_REJECTED_OP_CMOV_NOT_SIMD                        14        0.003%               18        0.002%
FU_REJECTED_OP_LDA_NOT_SIMD                         73        0.015%              288        0.030%
FU_REJECTED_OP_IMEM_NOT_SIMD                    483892       97.772%           930006       97.526%
FU_REJECTED_OP_IADD_NOT_SIMD                      7825        1.581%            16152        1.694%
FU_REJECTED_OP_IMUL_NOT_SIMD                       796        0.161%             1612        0.169%
FU_REJECTED_OP_IDIV_NOT_SIMD                        37        0.007%              105        0.011%
FU_REJECTED_OP_ICMP_NOT_SIMD                         0        0.000%                0        0.000%
FU_REJECTED_OP_LOGIC_NOT_SIMD                       85        0.017%              167        0.018%
FU_REJECTED_OP_SHIFT_NOT_SIMD                      480        0.097%             1098        0.115%
FU_REJECTED_OP_FMEM_NOT_SIMD                       353        0.071%              845        0.089%
FU_REJECTED_OP_FCVT_NOT_SIMD                         0        0.000%                0        0.000%
FU_REJECTED_OP_FADD_NOT_SIMD                         0        0.000%                0        0.000%
FU_REJECTED_OP_FMUL_NOT_SIMD                         0        0.000%                0        0.000%
FU_REJECTED_OP_FMA_NOT_SIMD                          0        0.000%                0        0.000%
FU_REJECTED_OP_FDIV_NOT_SIMD                         0        0.000%                0        0.000%
FU_REJECTED_OP_FCMP_NOT_SIMD                         0        0.000%                0        0.000%
FU_REJECTED_OP_FCMOV_NOT_SIMD                        0        0.000%                0        0.000%
FU_REJECTED_OP_GATHER_NOT_SIMD                       0        0.000%                0        0.000%
FU_REJECTED_OP_SCATTER_NOT_SIMD                      0        0.000%                0        0.000%
FU_REJECTED_OP_PIPELINED_FAST_NOT_SIMD               0        0.000%                0        0.000%
FU_REJECTED_OP_PIPELINED_MEDIUM_NOT_SIMD             0        0.000%                0        0.000%
FU_REJECTED_OP_PIPELINED_SLOW_NOT_SIMD               0        0.000%                0        0.000%
FU_REJECTED_OP_NOTPIPELINED_MEDIUM_NOT_SIMD             0        0.000%                0        0.000%
FU_REJECTED_OP_NOTPIPELINED_SLOW_NOT_SIMD             0        0.000%                0        0.000%
FU_REJECTED_OP_NOTPIPELINED_VERY_SLOW_NOT_SIMD             0        0.000%                0        0.000%
FU_REJECTED_OP_INV_SIMD                              0        0.000%                0        0.000%
FU_REJECTED_OP_NOP_SIMD                              0        0.000%                0        0.000%
FU_REJECTED_OP_CF_SIMD                               0        0.000%                0        0.000%
FU_REJECTED_OP_MOV_SIMD                              0        0.000%                0        0.000%
FU_REJECTED_OP_CMOV_SIMD                             0        0.000%                0        0.000%
FU_REJECTED_OP_LDA_SIMD                              0        0.000%                0        0.000%
FU_REJECTED_OP_IMEM_SIMD                             0        0.000%                0        0.000%
FU_REJECTED_OP_IADD_SIMD                             0        0.000%                0        0.000%
FU_REJECTED_OP_IMUL_SIMD                             0        0.000%                0        0.000%
FU_REJECTED_OP_IDIV_SIMD                             0        0.000%                0        0.000%
FU_REJECTED_OP_ICMP_SIMD                             0        0.000%                0        0.000%
FU_REJECTED_OP_LOGIC_SIMD                            0        0.000%                0        0.000%
FU_REJECTED_OP_SHIFT_SIMD                            0        0.000%                0        0.000%
FU_REJECTED_OP_FMEM_SIMD                             0        0.000%                0        0.000%
FU_REJECTED_OP_FCVT_SIMD                           467        0.094%             1064        0.112%
FU_REJECTED_OP_FADD_SIMD                           395        0.080%             1027        0.108%
FU_REJECTED_OP_FMUL_SIMD                             0        0.000%                0        0.000%
FU_REJECTED_OP_FMA_SIMD                              0        0.000%                0        0.000%
FU_REJECTED_OP_FDIV_SIMD                             0        0.000%                0        0.000%
FU_REJECTED_OP_FCMP_SIMD                             0        0.000%                0        0.000%
FU_REJECTED_OP_FCMOV_SIMD                            0        0.000%                0        0.000%
FU_REJECTED_OP_GATHER_SIMD                           0        0.000%                0        0.000%
FU_REJECTED_OP_SCATTER_SIMD                          0        0.000%                0        0.000%
FU_REJECTED_OP_PIPELINED_FAST_SIMD                   0        0.000%                0        0.000%
FU_REJECTED_OP_PIPELINED_MEDIUM_SIMD                 0        0.000%                0        0.000%
FU_REJECTED_OP_PIPELINED_SLOW_SIMD                   0        0.000%                0        0.000%
FU_REJECTED_OP_NOTPIPELINED_MEDIUM_SIMD              0        0.000%                0        0.000%
FU_REJECTED_OP_NOTPIPELINED_SLOW_SIMD                0        0.000%                0        0.000%
FU_REJECTED_OP_NOTPIPELINED_VERY_SLOW_SIMD             0        0.000%                0        0.000%
                                                494919      100.000%           953601      100.000%
                                                  6.09         1.60              6.11         1.79

LSQ_FULL_TOTAL                                    1601                           3935              

LSQ_FULL_LOAD_QUEUE                                  0                              0              

LSQ_FULL_STORE_QUEUE                              1601                           3935              

OP_WAIT_0                                      6902590                       13865841              

OP_WAIT_1                                       816988                        1670292              

OP_WAIT_2                                       429315                         833683              

OP_WAIT_3                                       263855                         521456              

OP_WAIT_4                                       217585                         445843              

OP_WAIT_5                                       184039                         374082              

OP_WAIT_6                                       175259                         361592              

OP_WAIT_7                                       143127                         304806              

OP_WAIT_8                                       116573                         257416              

OP_WAIT_9                                       115442                         250455              

OP_WAIT_10                                      119273                         252039              

OP_WAIT_11                                      123592                         251069              

OP_WAIT_12                                      110343                         212205              

OP_WAIT_13                                      105302                         200424              

OP_WAIT_14                                       86748                         156862              

OP_WAIT_15                                       72012                         130393              

OP_WAIT_16                                       62422                         112843              

OP_WAIT_17                                       47735                          89323              

OP_WAIT_18                                       40961                          69898              

OP_WAIT_19                                       42586                          70445              

OP_WAIT_20                                       36499                          56598              

OP_WAIT_21                                       29678                          44836              

OP_WAIT_22                                       28311                          45235              

OP_WAIT_23                                       22905                          38371              

OP_WAIT_24                                       12851                          24457              

OP_WAIT_25                                       10435                          21784              

OP_WAIT_26                                        7083                          14696              

OP_WAIT_27                                        6541                          13936              

OP_WAIT_28                                        4167                           8627              

OP_WAIT_29                                        2772                           5755              

OP_WAIT_30                                        2631                           5012              

OP_WAIT_31                                       34631                          53475              

ROW_SIZE_0                                      705782                        1398802              

ROW_SIZE_1                                      449175                         899210              

ROW_SIZE_2                                      150114                         291625              

ROW_SIZE_3                                       84880                         183435              

ROW_SIZE_4                                       73810                         160527              

ROW_SIZE_5                                       38685                          85698              

ROW_SIZE_6                                       61083                         129382              

ROW_SIZE_7                                      121715                         268449              

ROW_SIZE_8                                      208362                         447960              

ROW_SIZE_9                                      132966                         289689              

ROW_SIZE_10                                     479945                         881407              

ROW_SIZE_11                                          0                              0              

ROW_SIZE_12                                          0                              0              

ROW_SIZE_13                                          0                              0              

ROW_SIZE_14                                          0                              0              

ROW_SIZE_15                                          0                              0              

ROW_SIZE_16                                          0                              0              

ROW_SIZE_17                                          0                              0              

ROW_SIZE_18                                          0                              0              

ROW_SIZE_19                                          0                              0              

ROW_SIZE_20                                          0                              0              

ROW_SIZE_21                                          0                              0              

ROW_SIZE_22                                          0                              0              

ROW_SIZE_23                                          0                              0              

ROW_SIZE_24                                          0                              0              

ROW_SIZE_25                                          0                              0              

ROW_SIZE_26                                          0                              0              

ROW_SIZE_27                                          0                              0              

ROW_SIZE_28                                          0                              0              

ROW_SIZE_29                                          0                              0              

ROW_SIZE_30                                          0                              0              

ROW_SIZE_31                                          0                              0              

RET_OP_EXEC_COUNT_0                                  0        0.000%                0        0.000%
RET_OP_EXEC_COUNT_1                           10374251      100.000%         20763749      100.000%
RET_OP_EXEC_COUNT_2                                  0        0.000%                0        0.000%
RET_OP_EXEC_COUNT_3                                  0        0.000%                0        0.000%
RET_OP_EXEC_COUNT_4                                  0        0.000%                0        0.000%
RET_OP_EXEC_COUNT_5                                  0        0.000%                0        0.000%
RET_OP_EXEC_COUNT_6                                  0        0.000%                0        0.000%
RET_OP_EXEC_COUNT_7                                  0        0.000%                0        0.000%
RET_OP_EXEC_COUNT_8                                  0        0.000%                0        0.000%
RET_OP_EXEC_COUNT_9                                  0        0.000%                0        0.000%
RET_OP_EXEC_COUNT_10                                 0        0.000%                0        0.000%
RET_OP_EXEC_COUNT_11                                 0        0.000%                0        0.000%
RET_OP_EXEC_COUNT_12                                 0        0.000%                0        0.000%
RET_OP_EXEC_COUNT_13                                 0        0.000%                0        0.000%
RET_OP_EXEC_COUNT_14                                 0        0.000%                0        0.000%
RET_OP_EXEC_COUNT_15                                 0        0.000%                0        0.000%
RET_OP_EXEC_COUNT_16                                 0        0.000%                0        0.000%
RET_OP_EXEC_COUNT_17                                 0        0.000%                0        0.000%
RET_OP_EXEC_COUNT_18                                 0        0.000%                0        0.000%
RET_OP_EXEC_COUNT_19                                 0        0.000%                0        0.000%
RET_OP_EXEC_COUNT_20                                 0        0.000%                0        0.000%
RET_OP_EXEC_COUNT_21                                 0        0.000%                0        0.000%
RET_OP_EXEC_COUNT_22                                 0        0.000%                0        0.000%
RET_OP_EXEC_COUNT_23                                 0        0.000%                0        0.000%
RET_OP_EXEC_COUNT_24                                 0        0.000%                0        0.000%
RET_OP_EXEC_COUNT_25                                 0        0.000%                0        0.000%
RET_OP_EXEC_COUNT_26                                 0        0.000%                0        0.000%
RET_OP_EXEC_COUNT_27                                 0        0.000%                0        0.000%
RET_OP_EXEC_COUNT_28                                 0        0.000%                0        0.000%
RET_OP_EXEC_COUNT_29                                 0        0.000%                0        0.000%
RET_OP_EXEC_COUNT_30                                 0        0.000%                0        0.000%
RET_OP_EXEC_COUNT_31                                 0        0.000%                0        0.000%
RET_OP_EXEC_COUNT_32                                 0        0.000%                0        0.000%
                                              10374251      100.000%         20763749      100.000%
                                                  1.00         0.00              1.00         0.00

RET_STALL_LENGTH_0                            10373402       99.992%         20762074       99.992%
RET_STALL_LENGTH_100                               827        0.008%             1603        0.008%
RET_STALL_LENGTH_200                                 4        0.000%               29        0.000%
RET_STALL_LENGTH_300                                 1        0.000%                3        0.000%
RET_STALL_LENGTH_400                                 0        0.000%                1        0.000%
RET_STALL_LENGTH_500                                 0        0.000%                1        0.000%
RET_STALL_LENGTH_600                                 1        0.000%                3        0.000%
RET_STALL_LENGTH_700                                 2        0.000%                2        0.000%
RET_STALL_LENGTH_800                                 2        0.000%                4        0.000%
RET_STALL_LENGTH_900                                 2        0.000%                4        0.000%
RET_STALL_LENGTH_1000                                0        0.000%                1        0.000%
RET_STALL_LENGTH_1100                                2        0.000%                2        0.000%
RET_STALL_LENGTH_1200                                8        0.000%               18        0.000%
RET_STALL_LENGTH_1300                                0        0.000%                4        0.000%
RET_STALL_LENGTH_1400                                0        0.000%                0        0.000%
RET_STALL_LENGTH_1500                                0        0.000%                0        0.000%
RET_STALL_LENGTH_1600                                0        0.000%                0        0.000%
RET_STALL_LENGTH_1700                                0        0.000%                0        0.000%
RET_STALL_LENGTH_1800                                0        0.000%                0        0.000%
RET_STALL_LENGTH_1900                                0        0.000%                0        0.000%
RET_STALL_LENGTH_2000                                0        0.000%                0        0.000%
RET_STALL_LENGTH_2100                                0        0.000%                0        0.000%
RET_STALL_LENGTH_2200                                0        0.000%                0        0.000%
RET_STALL_LENGTH_2300                                0        0.000%                0        0.000%
RET_STALL_LENGTH_2400                                0        0.000%                0        0.000%
RET_STALL_LENGTH_2500                                0        0.000%                0        0.000%
RET_STALL_LENGTH_2600                                0        0.000%                0        0.000%
RET_STALL_LENGTH_2700                                0        0.000%                0        0.000%
RET_STALL_LENGTH_2800                                0        0.000%                0        0.000%
RET_STALL_LENGTH_2900                                0        0.000%                0        0.000%
RET_STALL_LENGTH_3000                                0        0.000%                0        0.000%
RET_STALL_LENGTH_3100                                0        0.000%                0        0.000%
RET_STALL_LENGTH_3200                                0        0.000%                0        0.000%
RET_STALL_LENGTH_3300                                0        0.000%                0        0.000%
RET_STALL_LENGTH_3400                                0        0.000%                0        0.000%
RET_STALL_LENGTH_3500                                0        0.000%                0        0.000%
RET_STALL_LENGTH_3600                                0        0.000%                0        0.000%
RET_STALL_LENGTH_3700                                0        0.000%                0        0.000%
RET_STALL_LENGTH_3800                                0        0.000%                0        0.000%
RET_STALL_LENGTH_3900                                0        0.000%                0        0.000%
RET_STALL_LENGTH_4000                                0        0.000%                0        0.000%
RET_STALL_LENGTH_4100                                0        0.000%                0        0.000%
RET_STALL_LENGTH_4200                                0        0.000%                0        0.000%
RET_STALL_LENGTH_4300                                0        0.000%                0        0.000%
RET_STALL_LENGTH_4400                                0        0.000%                0        0.000%
RET_STALL_LENGTH_4500                                0        0.000%                0        0.000%
RET_STALL_LENGTH_4600                                0        0.000%                0        0.000%
RET_STALL_LENGTH_4700                                0        0.000%                0        0.000%
RET_STALL_LENGTH_4800                                0        0.000%                0        0.000%
RET_STALL_LENGTH_4900                                0        0.000%                0        0.000%
RET_STALL_LENGTH_5000                                0        0.000%                0        0.000%
                                              10374251      100.000%         20763749      100.000%
                                                  0.00         0.02              0.00         0.02

MEM_BLOCK_LENGTH_0                                  10       90.909%               17       85.000%
MEM_BLOCK_LENGTH_100                                 1        9.091%                3       15.000%
MEM_BLOCK_LENGTH_200                                 0        0.000%                0        0.000%
MEM_BLOCK_LENGTH_300                                 0        0.000%                0        0.000%
MEM_BLOCK_LENGTH_400                                 0        0.000%                0        0.000%
MEM_BLOCK_LENGTH_500                                 0        0.000%                0        0.000%
MEM_BLOCK_LENGTH_600                                 0        0.000%                0        0.000%
MEM_BLOCK_LENGTH_700                                 0        0.000%                0        0.000%
MEM_BLOCK_LENGTH_800                                 0        0.000%                0        0.000%
MEM_BLOCK_LENGTH_900                                 0        0.000%                0        0.000%
MEM_BLOCK_LENGTH_1000                                0        0.000%                0        0.000%
MEM_BLOCK_LENGTH_1100                                0        0.000%                0        0.000%
MEM_BLOCK_LENGTH_1200                                0        0.000%                0        0.000%
MEM_BLOCK_LENGTH_1300                                0        0.000%                0        0.000%
MEM_BLOCK_LENGTH_1400                                0        0.000%                0        0.000%
MEM_BLOCK_LENGTH_1500                                0        0.000%                0        0.000%
MEM_BLOCK_LENGTH_1600                                0        0.000%                0        0.000%
MEM_BLOCK_LENGTH_1700                                0        0.000%                0        0.000%
MEM_BLOCK_LENGTH_1800                                0        0.000%                0        0.000%
MEM_BLOCK_LENGTH_1900                                0        0.000%                0        0.000%
MEM_BLOCK_LENGTH_2000                                0        0.000%                0        0.000%
MEM_BLOCK_LENGTH_2100                                0        0.000%                0        0.000%
MEM_BLOCK_LENGTH_2200                                0        0.000%                0        0.000%
MEM_BLOCK_LENGTH_2300                                0        0.000%                0        0.000%
MEM_BLOCK_LENGTH_2400                                0        0.000%                0        0.000%
MEM_BLOCK_LENGTH_2500                                0        0.000%                0        0.000%
MEM_BLOCK_LENGTH_2600                                0        0.000%                0        0.000%
MEM_BLOCK_LENGTH_2700                                0        0.000%                0        0.000%
MEM_BLOCK_LENGTH_2800                                0        0.000%                0        0.000%
MEM_BLOCK_LENGTH_2900                                0        0.000%                0        0.000%
MEM_BLOCK_LENGTH_3000                                0        0.000%                0        0.000%
MEM_BLOCK_LENGTH_3100                                0        0.000%                0        0.000%
MEM_BLOCK_LENGTH_3200                                0        0.000%                0        0.000%
MEM_BLOCK_LENGTH_3300                                0        0.000%                0        0.000%
MEM_BLOCK_LENGTH_3400                                0        0.000%                0        0.000%
MEM_BLOCK_LENGTH_3500                                0        0.000%                0        0.000%
MEM_BLOCK_LENGTH_3600                                0        0.000%                0        0.000%
MEM_BLOCK_LENGTH_3700                                0        0.000%                0        0.000%
MEM_BLOCK_LENGTH_3800                                0        0.000%                0        0.000%
MEM_BLOCK_LENGTH_3900                                0        0.000%                0        0.000%
MEM_BLOCK_LENGTH_4000                                0        0.000%                0        0.000%
MEM_BLOCK_LENGTH_4100                                0        0.000%                0        0.000%
MEM_BLOCK_LENGTH_4200                                0        0.000%                0        0.000%
MEM_BLOCK_LENGTH_4300                                0        0.000%                0        0.000%
MEM_BLOCK_LENGTH_4400                                0        0.000%                0        0.000%
MEM_BLOCK_LENGTH_4500                                0        0.000%                0        0.000%
MEM_BLOCK_LENGTH_4600                                0        0.000%                0        0.000%
MEM_BLOCK_LENGTH_4700                                0        0.000%                0        0.000%
MEM_BLOCK_LENGTH_4800                                0        0.000%                0        0.000%
MEM_BLOCK_LENGTH_4900                                0        0.000%                0        0.000%
MEM_BLOCK_LENGTH_5000                                0        0.000%                0        0.000%
                                                    11      100.000%               20      100.000%
                                                  0.09         0.29              0.15         0.34

FUS_BUSY_ON_PATH                              10896887        4.2271         21778868        4.1815

FUS_BUSY_OFF_PATH                               275016        0.1067           590780        0.1134

FU_BUSY_MEM_STALL                               530806        0.2059          1032441        0.1982

FUS_EMPTY                                      9450777        3.6662         19297536        3.7051

FU_UNAVAILABLE                                    2439        0.0009             5633        0.0011

FU_MEM_UNAVAILABLE                              492480        0.1910           947968        0.1820

FU_OTHER_UNAVAILABLE                                 0        0.0000                0        0.0000

FU_REPLAY                                            0        0.0000                0        0.0000

FU_STARVED                                     9410801        3.6507         19213405        3.6889

CHIP_UTILIZATION                                     0        0.0000                0        0.0000

CYCLES_UNDER_MEM_REQ                                 0                              0              

CYCLES_UNDER_NO_MEM_REQ                              0                              0              

CYCLES_UNDER_CRITICAL_MEM_REQ                        0                              0              

CYCLES_UNDER_NONCRITICAL_MEM_REQ                     0                              0              

CHIP_UTILIZATION_UNDER_MEM_REQ                       0          -nan                0          -nan

CHIP_UTILIZATION_UNDER_NO_MEM_REQ                    0          -nan                0          -nan

CHIP_UTILIZATION_UNDER_CRITICAL_MEM_REQ              0          -nan                0          -nan

CHIP_UTILIZATION_UNDER_NONCRITICAL_MEM_REQ             0          -nan                0          -nan

CYCLES_NOT_WAITING_FOR_OFF_CHIP                      0        0.0000                0        0.0000

FUS_BUSY_NOT_WAITING_FOR_OFF_CHIP                    0          -nan                0          -nan

CYCLES_WAITING_FOR_OFF_CHIP                          0        0.0000                0        0.0000

FUS_BUSY_WAITING_FOR_OFF_CHIP                        0          -nan                0          -nan

TOTAL_OFF_CHIP_DELAYS_LEFT                           0                              0              

WRONG_IO_SCHED                                       0                              0              

DVFS_CONFIG_SWITCH                                   0                              0              

MAP_STAGE_RECEIVED_OPS_0                             0        0.000%                0        0.000%
MAP_STAGE_RECEIVED_OPS_1                          9976        1.814%            21905        2.003%
MAP_STAGE_RECEIVED_OPS_2                          9063        1.648%            18948        1.733%
MAP_STAGE_RECEIVED_OPS_3                         15662        2.848%            32961        3.014%
MAP_STAGE_RECEIVED_OPS_4                         33511        6.093%            46951        4.294%
MAP_STAGE_RECEIVED_OPS_5                        100632       18.298%           214603       19.626%
MAP_STAGE_RECEIVED_OPS_6                        378595       68.839%           752894       68.854%
MAP_STAGE_RECEIVED_OPS_7                           529        0.096%              924        0.085%
MAP_STAGE_RECEIVED_OPS_8                          1678        0.305%             3638        0.333%
MAP_STAGE_RECEIVED_OPS_MAX                         324        0.059%              648        0.059%
                                                549970      100.000%          1093472      100.000%
                                                  5.46         1.07              5.47         1.08

MAP_STAGE_WAIT_FOR_DECODE                       734418      100.000%          1472950      100.000%
MAP_STAGE_CONSUME_DECODE                             0        0.000%                0        0.000%
                                                734418      100.000%          1472950      100.000%
                                                  0.00         0.00              0.00         0.00

MAP_STAGE_WAIT_FOR_DECODE2                           0         -nan%                0         -nan%
MAP_STAGE_CONSUME_DECODE2                            0         -nan%                0         -nan%
                                                     0         -nan%                0         -nan%
                                                  -nan         -nan              -nan         -nan

FTQ_RECOVER_EXEC                                 11975                          25528              

FTQ_RECOVER_DECODE                                  85                            644              

FTQ_OFFPATH_CYCLES                              737212                        1630395              

FTQ_CYCLES_OFFPATH                              737212                        1630395              

FTQ_CYCLES_ONPATH                              1840623                        3578003              

FTQ_FETCHED_INS_ONPATH                        10373287                       20763749              

FTQ_FETCHED_INS_OFFPATH                        4624050                        9906360              

FTQ_BREAK_FULL_FT_ONPATH                       1564613                        2977751              

FTQ_BREAK_FULL_FT_OFFPATH                       418362                         960070              

FTQ_BREAK_PRED_BR_ONPATH                             0                              0              

FTQ_BREAK_PRED_BR_OFFPATH                            0                              0              

FTQ_BREAK_BAR_FETCH_ONPATH                           0                              0              

FTQ_BREAK_BAR_FETCH_OFFPATH                          0                              0              

FTQ_BREAK_MAX_CFS_TAKEN_ONPATH                       0                              0              

FTQ_BREAK_MAX_CFS_TAKEN_OFFPATH                      0                              0              

FTQ_BREAK_MAX_FT_ONPATH                         275868                         600110              

FTQ_BREAK_MAX_FT_OFFPATH                        318850                         670325              

DFE_GEN_ON_PATH_FT                              915504                        1747716              

DFE_GEN_OFF_PATH_FT                             437823                         938226              

DFE_L0_ENABLED_PREDICTIONS                    10373287                       20763749              

DFE_L0_WRONG_MAIN_CORRECT                        33663                          71983              

DFE_L0_WRONG_MAIN_WRONG                           7457                          16859              

DFE_L0_CORRECT_MAIN_WRONG                         4503                           9052              

DFE_L0_CORRECT_MAIN_CORRECT                   10327664                       20665855              

DFE_L0_WRONG_MAIN_CORRECT_RECOVERY_SCHEDULED             0                              0              

FTQ_SAW_BAR_FETCH_OFFPATH                            0                              0              

FTQ_SAW_BAR_FETCH_ONPATH                             0                              0              

DFE_CONF_0_MISPRED                                   0         -nan%                0         -nan%
DFE_CONF_1_MISPRED                                   0         -nan%                0         -nan%
DFE_CONF_2_MISPRED                                   0         -nan%                0         -nan%
DFE_CONF_3_MISPRED                                   0         -nan%                0         -nan%
DFE_CONF_0_CORRECT                                   0         -nan%                0         -nan%
DFE_CONF_1_CORRECT                                   0         -nan%                0         -nan%
DFE_CONF_2_CORRECT                                   0         -nan%                0         -nan%
DFE_CONF_3_CORRECT                                   0         -nan%                0         -nan%
                                                     0         -nan%                0         -nan%
                                                  -nan         -nan              -nan         -nan

DFE_ON_CONF_ON_OPS                                   0         -nan%                0         -nan%
DFE_ON_CONF_OFF_OPS                                  0         -nan%                0         -nan%
DFE_OFF_CONF_ON_OPS                                  0         -nan%                0         -nan%
DFE_OFF_CONF_OFF_REALISTIC_OPS                       0         -nan%                0         -nan%
DFE_OFF_CONF_OFF_PERFECT_OPS                         0         -nan%                0         -nan%
                                                     0         -nan%                0         -nan%
                                                  -nan         -nan              -nan         -nan

DFE_ON_CONF_ON_FETCH_TARGETS                         0         -nan%                0         -nan%
DFE_ON_CONF_OFF_FETCH_TARGETS                        0         -nan%                0         -nan%
DFE_OFF_CONF_ON_FETCH_TARGETS                        0         -nan%                0         -nan%
DFE_OFF_CONF_OFF_REALISTIC_FETCH_TARGETS             0         -nan%                0         -nan%
DFE_OFF_CONF_OFF_PERFECT_FETCH_TARGETS               0         -nan%                0         -nan%
                                                     0         -nan%                0         -nan%
                                                  -nan         -nan              -nan         -nan

DFE_ON_CONF_ON_CYCLES                                0         -nan%                0         -nan%
DFE_ON_CONF_OFF_CYCLES                               0         -nan%                0         -nan%
DFE_OFF_CONF_ON_CYCLES                               0         -nan%                0         -nan%
DFE_OFF_CONF_OFF_REALISTIC_CYCLES                    0         -nan%                0         -nan%
DFE_OFF_CONF_OFF_PERFECT_CYCLES                      0         -nan%                0         -nan%
                                                     0         -nan%                0         -nan%
                                                  -nan         -nan              -nan         -nan

DFE_OFF_CONF_ON_NUM_EVENTS                           0                              0              

DFE_OFF_CONF_ON_NOT_IDENTIFIED_EVENTS                0         -nan%                0         -nan%
DFE_OFF_CONF_ON_IBTB_MISS_EVENTS                     0         -nan%                0         -nan%
DFE_OFF_CONF_ON_BTB_MISS_EVENTS                      0         -nan%                0         -nan%
DFE_OFF_CONF_ON_BTB_MISS_MISPRED_EVENTS              0         -nan%                0         -nan%
DFE_OFF_CONF_ON_MISPRED_EVENTS                       0         -nan%                0         -nan%
DFE_OFF_CONF_ON_MISFETCH_EVENTS                      0         -nan%                0         -nan%
                                                     0         -nan%                0         -nan%
                                                  -nan         -nan              -nan         -nan

DFE_OFF_CONF_ON_NOT_IDENTIFIED_CYCLES                0         -nan%                0         -nan%
DFE_OFF_CONF_ON_IBTB_MISS_CYCLES                     0         -nan%                0         -nan%
DFE_OFF_CONF_ON_BTB_MISS_CYCLES                      0         -nan%                0         -nan%
DFE_OFF_CONF_ON_BTB_MISS_MISPRED_CYCLES              0         -nan%                0         -nan%
DFE_OFF_CONF_ON_MISPRED_CYCLES                       0         -nan%                0         -nan%
DFE_OFF_CONF_ON_MISFETCH_CYCLES                      0         -nan%                0         -nan%
                                                     0         -nan%                0         -nan%
                                                  -nan         -nan              -nan         -nan

DFE_OFF_CONF_ON_NOT_IDENTIFIED_FETCH_TARGETS             0         -nan%                0         -nan%
DFE_OFF_CONF_ON_IBTB_MISS_FETCH_TARGETS              0         -nan%                0         -nan%
DFE_OFF_CONF_ON_BTB_MISS_FETCH_TARGETS               0         -nan%                0         -nan%
DFE_OFF_CONF_ON_BTB_MISS_MISPRED_FETCH_TARGETS             0         -nan%                0         -nan%
DFE_OFF_CONF_ON_MISPRED_FETCH_TARGETS                0         -nan%                0         -nan%
DFE_OFF_CONF_ON_MISFETCH_FETCH_TARGETS               0         -nan%                0         -nan%
                                                     0         -nan%                0         -nan%
                                                  -nan         -nan              -nan         -nan

DFE_OFF_CONF_ON_BP_INCORRECT_0_CONF                  0         -nan%                0         -nan%
DFE_OFF_CONF_ON_BP_INCORRECT_1_CONF                  0         -nan%                0         -nan%
DFE_OFF_CONF_ON_BP_INCORRECT_2_CONF                  0         -nan%                0         -nan%
DFE_OFF_CONF_ON_BP_INCORRECT_3_CONF                  0         -nan%                0         -nan%
                                                     0         -nan%                0         -nan%
                                                  -nan         -nan              -nan         -nan

DFE_OFF_CONF_ON_BTB_MISS_CBR_0_CONF                  0         -nan%                0         -nan%
DFE_OFF_CONF_ON_BTB_MISS_CBR_1_CONF                  0         -nan%                0         -nan%
DFE_OFF_CONF_ON_BTB_MISS_CBR_2_CONF                  0         -nan%                0         -nan%
DFE_OFF_CONF_ON_BTB_MISS_CBR_3_CONF                  0         -nan%                0         -nan%
                                                     0         -nan%                0         -nan%
                                                  -nan         -nan              -nan         -nan

DFE_OFF_CONF_ON_BTB_MISS_NOT_CF                      0         -nan%                0         -nan%
DFE_OFF_CONF_ON_BTB_MISS_CF_BR                       0         -nan%                0         -nan%
DFE_OFF_CONF_ON_BTB_MISS_CF_CBR                      0         -nan%                0         -nan%
DFE_OFF_CONF_ON_BTB_MISS_CF_CALL                     0         -nan%                0         -nan%
DFE_OFF_CONF_ON_BTB_MISS_CF_IBR                      0         -nan%                0         -nan%
DFE_OFF_CONF_ON_BTB_MISS_CF_ICALL                    0         -nan%                0         -nan%
DFE_OFF_CONF_ON_BTB_MISS_CF_ICO                      0         -nan%                0         -nan%
DFE_OFF_CONF_ON_BTB_MISS_CF_RET                      0         -nan%                0         -nan%
DFE_OFF_CONF_ON_BTB_MISS_CF_SYS                      0         -nan%                0         -nan%
                                                     0         -nan%                0         -nan%
                                                  -nan         -nan              -nan         -nan

DFE_ON_CONF_OFF_NUM_EVENTS                           0                              0              

CONF_BTB_NUM_CYCLES_OFF_PATH_EVENT                   0                              0              

DFE_ON_CONF_OFF_IBTB_MISS_BP_TAKEN                   0         -nan%                0         -nan%
DFE_ON_CONF_OFF_BTB_MISS_BP_TAKEN_CONF_0             0         -nan%                0         -nan%
DFE_ON_CONF_OFF_BTB_MISS_BP_TAKEN_CONF_1             0         -nan%                0         -nan%
DFE_ON_CONF_OFF_BTB_MISS_BP_TAKEN_CONF_2             0         -nan%                0         -nan%
DFE_ON_CONF_OFF_BTB_MISS_BP_TAKEN_CONF_3             0         -nan%                0         -nan%
DFE_ON_CONF_OFF_BTB_MISS_RATE                        0         -nan%                0         -nan%
DFE_ON_CONF_OFF_IBTB_MISS_RATE                       0         -nan%                0         -nan%
DFE_ON_CONF_OFF_MISFETCH_RATE                        0         -nan%                0         -nan%
DFE_ON_CONF_OFF_MISPRED_RATE                         0         -nan%                0         -nan%
DFE_ON_CONF_OFF_INV_CONF_INC                         0         -nan%                0         -nan%
DFE_ON_CONF_OFF_PERFECT_CONF                         0         -nan%                0         -nan%
                                                     0         -nan%                0         -nan%
                                                  -nan         -nan              -nan         -nan

DFE_ON_CONF_OFF_IBTB_MISS_BP_TAKEN_CYCLES             0         -nan%                0         -nan%
DFE_ON_CONF_OFF_BTB_MISS_BP_TAKEN_CONF_0_CYCLES             0         -nan%                0         -nan%
DFE_ON_CONF_OFF_BTB_MISS_BP_TAKEN_CONF_1_CYCLES             0         -nan%                0         -nan%
DFE_ON_CONF_OFF_BTB_MISS_BP_TAKEN_CONF_2_CYCLES             0         -nan%                0         -nan%
DFE_ON_CONF_OFF_BTB_MISS_BP_TAKEN_CONF_3_CYCLES             0         -nan%                0         -nan%
DFE_ON_CONF_OFF_BTB_MISS_RATE_CYCLES                 0         -nan%                0         -nan%
DFE_ON_CONF_OFF_IBTB_MISS_RATE_CYCLES                0         -nan%                0         -nan%
DFE_ON_CONF_OFF_MISFETCH_RATE_CYCLES                 0         -nan%                0         -nan%
DFE_ON_CONF_OFF_MISPRED_RATE_CYCLES                  0         -nan%                0         -nan%
DFE_ON_CONF_OFF_INV_CONF_INC_CYCLES                  0         -nan%                0         -nan%
DFE_ON_CONF_OFF_PERFECT_CONF_CYCLES                  0         -nan%                0         -nan%
                                                     0         -nan%                0         -nan%
                                                  -nan         -nan              -nan         -nan

DFE_ON_CONF_OFF_IBTB_MISS_BP_TAKEN_FETCH_TARGETS             0         -nan%                0         -nan%
DFE_ON_CONF_OFF_BTB_MISS_BP_TAKEN_CONF_0_FETCH_TARGETS             0         -nan%                0         -nan%
DFE_ON_CONF_OFF_BTB_MISS_BP_TAKEN_CONF_1_FETCH_TARGETS             0         -nan%                0         -nan%
DFE_ON_CONF_OFF_BTB_MISS_BP_TAKEN_CONF_2_FETCH_TARGETS             0         -nan%                0         -nan%
DFE_ON_CONF_OFF_BTB_MISS_BP_TAKEN_CONF_3_FETCH_TARGETS             0         -nan%                0         -nan%
DFE_ON_CONF_OFF_BTB_MISS_RATE_FETCH_TARGETS             0         -nan%                0         -nan%
DFE_ON_CONF_OFF_IBTB_MISS_RATE_FETCH_TARGETS             0         -nan%                0         -nan%
DFE_ON_CONF_OFF_MISFETCH_RATE_FETCH_TARGETS             0         -nan%                0         -nan%
DFE_ON_CONF_OFF_MISPRED_RATE_FETCH_TARGETS             0         -nan%                0         -nan%
DFE_ON_CONF_OFF_INV_CONF_INC_FETCH_TARGETS             0         -nan%                0         -nan%
DFE_ON_CONF_OFF_PERFECT_CONF_FETCH_TARGETS             0         -nan%                0         -nan%
                                                     0         -nan%                0         -nan%
                                                  -nan         -nan              -nan         -nan

CONF_OFF_IBTB_MISS_BP_TAKEN                          0         -nan%                0         -nan%
CONF_OFF_BTB_MISS_BP_TAKEN_CONF_0                    0         -nan%                0         -nan%
CONF_OFF_BTB_MISS_BP_TAKEN_CONF_1                    0         -nan%                0         -nan%
CONF_OFF_BTB_MISS_BP_TAKEN_CONF_2                    0         -nan%                0         -nan%
CONF_OFF_BTB_MISS_BP_TAKEN_CONF_3                    0         -nan%                0         -nan%
CONF_OFF_BTB_MISS_RATE                               0         -nan%                0         -nan%
CONF_OFF_IBTB_MISS_RATE                              0         -nan%                0         -nan%
CONF_OFF_MISFETCH_RATE                               0         -nan%                0         -nan%
CONF_OFF_MISPRED_RATE                                0         -nan%                0         -nan%
CONF_OFF_INV_CONF_INC                                0         -nan%                0         -nan%
CONF_OFF_PERFECT_CONF                                0         -nan%                0         -nan%
                                                     0         -nan%                0         -nan%
                                                  -nan         -nan              -nan         -nan

TOPDOWN_TOTAL_SLOTS                           25778350                       52083980              

TOPDOWN_ISSUED_SLOTS                          11474550                       23063861              

TOPDOWN_RETIRED_SLOTS                         10374069                       20763749              

TOPDOWN_FETCH_BUBBLES_SLOTS                    3936635                        8392702              

TOPDOWN_RECOVERY_BUBBLES_SLOTS                  455893                         967169              

TOPDOWN_MEM_LOAD_STALLS_CYCLES                  965665                        1909481              

TOPDOWN_MEM_STORE_STALLS_CYCLES                      0                              0              

TOPDOWN_EXEC_STALLS_CYCLES                      197121                         388420              

TOPDOWN_BACKEND_STALLS_CYCLES                   970036                        1919877              

TOPDOWN_FETCH_BUBBLES_GT_MIW_CYCLES              90800                         235486              

TOPDOWN_BR_MISPRED_RETIRED_CYCLES                11975                          25528              

TOPDOWN_MACHINE_CLEAR_CYCLES                     45723                          98155              

TOPDOWN_FRONTEND_BOUND                            1527                           1527              

TOPDOWN_BACKEND_BOUND                             3846                           3846              

TOPDOWN_BAD_SPEC_BOUND                             603                            603              

TOPDOWN_RETIRING_BOUND                            4024                           4024              

TOPDOWN_FETCH_LATENCY_BOUND                        352                            352              

TOPDOWN_FETCH_BANDWIDTH_BOUND                     1175                           1175              

TOPDOWN_MEM_BOUND                                 3828                           3828              

TOPDOWN_CORE_BOUND                                  18                             18              

TOPDOWN_BR_MISPREDICTS_BOUND                       125                            125              

TOPDOWN_MACHINE_CLEARS_BOUND                       478                            478              



