/* -*- Mode: c -*- */
####################################################################################################
Core 0
####################################################################################################
Cumulative:        Cycles: 5264549               Instructions: 19999999              IPC: 3.79900

Periodic:          Cycles: 2607806               Instructions: 9999998               IPC: 3.83464

MISS_WAIT_TIME                              4171895118                     6019790081              

ICACHE_STAGE_MISS                                 1175                           3240              

ICACHE_CYCLE                                   2607806                        5264549              

TCACHE_CYCLE                                         0                              0              

ICACHE_SERVING_CYCLE_ON_PATH                    233439                         510659              

ICACHE_SERVING_CYCLE_OFF_PATH                    74635                         177487              

UCACHE_SERVING_CYCLE_ON_PATH                   1941392                        3802673              

UCACHE_SERVING_CYCLE_OFF_PATH                   317482                         649073              

ICACHE_CYCLE_ONPATH                            2195549       84.191%          4391886       83.424%
ICACHE_CYCLE_OFFPATH                            412257       15.809%           872663       16.576%
                                               2607806      100.000%          5264549      100.000%
                                                  0.16         0.34              0.17         0.35

FETCH_ON_PATH                                  2213008       84.861%          4429500       84.138%
FETCH_OFF_PATH                                  394798       15.139%           835049       15.862%
                                               2607806      100.000%          5264549      100.000%
                                                  0.15         0.34              0.16         0.34

FETCHED_OPS_ON_PATH                                  0         -nan%                0         -nan%
FETCHED_OPS_OFF_PATH                                 0         -nan%                0         -nan%
                                                     0         -nan%                0         -nan%
                                                  -nan         -nan              -nan         -nan

INST_LOST_FETCH                               10373885       68.625%         20763749       68.235%
INST_LOST_OFF_PATH                             1980024       13.098%          4209966       13.835%
INST_LOST_FULL_WINDOW                           321853        2.129%           582710        1.915%
INST_LOST_ROB_STALL_OTHER                       971551        6.427%          1890467        6.213%
INST_LOST_ROB_STALL_WAIT_FOR_RECOVERY                0        0.000%                0        0.000%
INST_LOST_ROB_STALL_WAIT_FOR_REDIRECT                0        0.000%                0        0.000%
INST_LOST_ROB_STALL_WAIT_FOR_GAP_FILL                0        0.000%                0        0.000%
INST_LOST_ROB_STALL_WAIT_FOR_L1_MISS                 0        0.000%                0        0.000%
INST_LOST_ROB_STALL_WAIT_FOR_MEMORY              33696        0.223%            33786        0.111%
INST_LOST_ROB_STALL_WAIT_FOR_DC_MISS            743929        4.921%          1340214        4.404%
INST_LOST_ROB_BLOCK_ISSUE_FULL                       0        0.000%                0        0.000%
INST_LOST_ROB_BLOCK_ISSUE_GAP_TOO_LARGE              0        0.000%                0        0.000%
INST_LOST_BREAK_DONT                                 0        0.000%                0        0.000%
INST_LOST_BREAK_FT_UNAVAILABLE                  117228        0.775%           246905        0.811%
INST_LOST_BREAK_ICACHE_STAGE_RESTEER              1751        0.012%             3365        0.011%
INST_LOST_BREAK_ICACHE_MISS_REQ_SUCCESS           4639        0.031%            12696        0.042%
INST_LOST_BREAK_ICACHE_MISS_REQ_FAILURE            525        0.003%              560        0.002%
INST_LOST_BREAK_ICACHE_WAIT_FOR_MISS             82555        0.546%           365666        1.202%
INST_LOST_BREAK_ICACHE_STALLED                    2722        0.018%             7496        0.025%
INST_LOST_BREAK_ICACHE_TO_UOP_CACHE_SWITCH        100490        0.665%           221330        0.727%
INST_LOST_BREAK_ICACHE_READ_LIMIT                31276        0.207%            66466        0.218%
INST_LOST_BREAK_ICACHE_ISSUE_WIDTH                   0        0.000%                0        0.000%
INST_LOST_BREAK_UOP_CACHE_STALLED                26942        0.178%            45519        0.150%
INST_LOST_BREAK_UOP_CACHE_TO_ICACHE_SWITCH         76715        0.507%           165182        0.543%
INST_LOST_BREAK_UOP_CACHE_READ_LIMIT            247073        1.634%           473905        1.557%
INST_LOST_BREAK_UOP_CACHE_ISSUE_WIDTH                0        0.000%                0        0.000%
                                              15116854      100.000%         30429982      100.000%
                                                  1.75         4.36              1.80         4.48

INST_LOST_TOTAL                               15310336                       30792973              

INST_LOST_WAIT_FOR_ICACHE_MISS_NOT_PREFETCHED          6040        8.661%            67735       20.843%
INST_LOST_WAIT_FOR_ICACHE_MISS_PREFETCHED_AND_EVICTED_BY_IFETCH             0        0.000%                0        0.000%
INST_LOST_WAIT_FOR_ICACHE_MISS_PREFETCHED_AND_EVICTED_BY_FDIP             0        0.000%                0        0.000%
INST_LOST_WAIT_FOR_ICACHE_MISS_MSHR_HIT_PREF_OFFPATH           110        0.158%             1000        0.308%
INST_LOST_WAIT_FOR_ICACHE_MISS_MSHR_HIT_PREF_ONPATH         63585       91.181%           256250       78.850%
                                                 69735      100.000%           324985      100.000%
                                                  3.65         3.50              3.16         2.91

FETCH_0_OPS                                      40745        1.562%           124295        2.361%
FETCH_1_OPS                                      27645        1.060%            61613        1.170%
FETCH_2_OPS                                      21923        0.841%            47122        0.895%
FETCH_3_OPS                                      39451        1.513%            83086        1.578%
FETCH_4_OPS                                      51672        1.981%            86195        1.637%
FETCH_5_OPS                                     336332       12.897%           739440       14.046%
FETCH_6_OPS                                    2090038       80.145%          4122798       78.312%
FETCH_7_OPS                                          0        0.000%                0        0.000%
FETCH_8_OPS                                          0        0.000%                0        0.000%
FETCH_9_OPS                                          0        0.000%                0        0.000%
FETCH_10_OPS                                         0        0.000%                0        0.000%
FETCH_11_OPS                                         0        0.000%                0        0.000%
FETCH_12_OPS                                         0        0.000%                0        0.000%
FETCH_13_OPS                                         0        0.000%                0        0.000%
FETCH_14_OPS                                         0        0.000%                0        0.000%
FETCH_15_OPS                                         0        0.000%                0        0.000%
FETCH_16_OPS                                         0        0.000%                0        0.000%
                                               2607806      100.000%          5264549      100.000%
                                                  5.61         0.81              5.54         0.84

ST_BREAK_DONT                                        0        0.000%                0        0.000%
ST_BREAK_FT_UNAVAILABLE                          23490        0.901%            49496        0.940%
ST_BREAK_ICACHE_STAGE_RESTEER                      517        0.020%             1025        0.019%
ST_BREAK_ICACHE_MISS_REQ_SUCCESS                  1175        0.045%             3240        0.062%
ST_BREAK_ICACHE_MISS_REQ_FAILURE                   105        0.004%              112        0.002%
ST_BREAK_ICACHE_WAIT_FOR_MISS                    16511        0.633%            73215        1.391%
ST_BREAK_ICACHE_STALLED                          16084        0.617%            38233        0.726%
ST_BREAK_ICACHE_TO_UOP_CACHE_SWITCH              37781        1.449%            82750        1.572%
ST_BREAK_ICACHE_READ_LIMIT                       15300        0.587%            32513        0.618%
ST_BREAK_ICACHE_ISSUE_WIDTH                     225970        8.665%           514704        9.777%
ST_BREAK_UOP_CACHE_STALLED                      368904       14.146%           678461       12.887%
ST_BREAK_UOP_CACHE_TO_ICACHE_SWITCH              30247        1.160%            65469        1.244%
ST_BREAK_UOP_CACHE_READ_LIMIT                   128218        4.917%           244727        4.649%
ST_BREAK_UOP_CACHE_ISSUE_WIDTH                 1743504       66.857%          3480604       66.114%
                                               2607806      100.000%          5264549      100.000%
                                                 11.83         9.89             11.74         9.79

ORACLE_ON_PATH_INST                           10373885       83.972%         20763749       83.142%
ORACLE_OFF_PATH_INST                           1980024       16.028%          4209966       16.858%
                                              12353909      100.000%         24973715      100.000%
                                                  0.16         0.34              0.17         0.35

ORACLE_ON_PATH_INST_MEM                        2982875       24.145%          5872291       23.514%
ORACLE_ON_PATH_INST_NOTMEM                     7391010       59.827%         14891458       59.629%
ORACLE_OFF_PATH_INST_MEM                        572050        4.631%          1258223        5.038%
ORACLE_OFF_PATH_INST_NOTMEM                    1407974       11.397%          2951743       11.819%
                                              12353909      100.000%         24973715      100.000%
                                                  1.03         0.78              1.05         0.79

ICACHE_CYCLE_NONRA_ONPATH                            0         -nan%                0         -nan%
ICACHE_CYCLE_NONRA_OFFPATH                           0         -nan%                0         -nan%
ICACHE_CYCLE_RA_ONPATH                               0         -nan%                0         -nan%
ICACHE_CYCLE_RA_OFFPATH                              0         -nan%                0         -nan%
                                                     0         -nan%                0         -nan%
                                                  -nan         -nan              -nan         -nan

ICACHE_CYCLE_ONPATH_NONRA                            0         -nan%                0         -nan%
ICACHE_CYCLE_OFFPATH_NONRA                           0         -nan%                0         -nan%
                                                     0         -nan%                0         -nan%
                                                  -nan         -nan              -nan         -nan

ICACHE_CYCLE_ONPATH_RA                               0         -nan%                0         -nan%
ICACHE_CYCLE_OFFPATH_RA                              0         -nan%                0         -nan%
                                                     0         -nan%                0         -nan%
                                                  -nan         -nan              -nan         -nan

INACCURATE_OFFPATH_CYCLES                            0        0.0000                0        0.0000

FETCH_ALL_INST                                12353909                       24973715              

EXEC_ALL_INST                                 10641030                       21336603              

RET_ALL_INST                                  10374251                       20763749              

EXEC_ON_PATH_INST                             10374229       97.493%         20763749       97.315%
EXEC_OFF_PATH_INST                              266801        2.507%           572854        2.685%
                                              10641030      100.000%         21336603      100.000%
                                                  0.03         0.15              0.03         0.16

EXEC_ON_PATH_INST_MEM                          2982949       28.033%          5872291       27.522%
EXEC_ON_PATH_INST_NOTMEM                       7391280       69.460%         14891458       69.793%
EXEC_OFF_PATH_INST_MEM                          111196        1.045%           233254        1.093%
EXEC_OFF_PATH_INST_NOTMEM                       155605        1.462%           339600        1.592%
                                              10641030      100.000%         21336603      100.000%
                                                  0.76         0.37              0.77         0.38

EXEC_RA_INST                                         0         -nan%                0         -nan%
EXEC_NONRA_INST                                      0         -nan%                0         -nan%
                                                     0         -nan%                0         -nan%
                                                  -nan         -nan              -nan         -nan

EXEC_ON_PATH_INST_RA                                 0         -nan%                0         -nan%
EXEC_OFF_PATH_INST_RA                                0         -nan%                0         -nan%
                                                     0         -nan%                0         -nan%
                                                  -nan         -nan              -nan         -nan

EXEC_ON_PATH_INST_NONRA                              0         -nan%                0         -nan%
EXEC_OFF_PATH_INST_NONRA                             0         -nan%                0         -nan%
                                                     0         -nan%                0         -nan%
                                                  -nan         -nan              -nan         -nan

EXEC_RA_ON_PATH_INST                                 0         -nan%                0         -nan%
EXEC_RA_OFF_PATH_INST                                0         -nan%                0         -nan%
EXEC_NONRA_ON_PATH_INST                              0         -nan%                0         -nan%
EXEC_NONRA_OFF_PATH_INST                             0         -nan%                0         -nan%
                                                     0         -nan%                0         -nan%
                                                  -nan         -nan              -nan         -nan

ICACHE_THROTTLE_CYCLE                                0                              0              

FETCH_ENABLE_THROTTLE_OFF_PATH                       0         -nan%                0         -nan%
FETCH_ENABLE_THROTTLE_ON_PATH                        0         -nan%                0         -nan%
                                                     0         -nan%                0         -nan%
                                                  -nan         -nan              -nan         -nan

FETCH_DISABLE_THROTTLE_OFF_PATH                      0         -nan%                0         -nan%
FETCH_DISABLE_THROTTLE_ON_PATH                       0         -nan%                0         -nan%
                                                     0         -nan%                0         -nan%
                                                  -nan         -nan              -nan         -nan

FETCH_TH_ADJUST__0                                   0         -nan%                0         -nan%
FETCH_TH_ADJUST__1                                   0         -nan%                0         -nan%
FETCH_TH_ADJUST__2                                   0         -nan%                0         -nan%
FETCH_TH_ADJUST__3                                   0         -nan%                0         -nan%
FETCH_TH_ADJUST__4                                   0         -nan%                0         -nan%
FETCH_TH_ADJUST__5                                   0         -nan%                0         -nan%
FETCH_TH_ADJUST__6                                   0         -nan%                0         -nan%
FETCH_TH_ADJUST__7                                   0         -nan%                0         -nan%
FETCH_TH_ADJUST__8                                   0         -nan%                0         -nan%
FETCH_TH_ADJUST__9                                   0         -nan%                0         -nan%
FETCH_TH_ADJUST__MAX                                 0         -nan%                0         -nan%
                                                     0         -nan%                0         -nan%
                                                  -nan         -nan              -nan         -nan

FETCH_TH_ADJUST_UP                                   0         -nan%                0         -nan%
FETCH_TH_ADJUST_DOWN                                 0         -nan%                0         -nan%
FETCH_TH_ADJUST_SAME                                 0         -nan%                0         -nan%
                                                     0         -nan%                0         -nan%
                                                  -nan         -nan              -nan         -nan

THROTTLE_ADJUST_CACHE_MISS_INFO                      0                              0              

LOW_CONF_COUNT_BP_MIS_0                              0         -nan%                0         -nan%
LOW_CONF_COUNT_BP_MIS_1                              0         -nan%                0         -nan%
LOW_CONF_COUNT_BP_MIS_2                              0         -nan%                0         -nan%
LOW_CONF_COUNT_BP_MIS_3                              0         -nan%                0         -nan%
LOW_CONF_COUNT_BP_MIS_4                              0         -nan%                0         -nan%
LOW_CONF_COUNT_BP_MIS_5                              0         -nan%                0         -nan%
LOW_CONF_COUNT_BP_MIS_6                              0         -nan%                0         -nan%
LOW_CONF_COUNT_BP_MIS_7                              0         -nan%                0         -nan%
LOW_CONF_COUNT_BP_MIS_8                              0         -nan%                0         -nan%
LOW_CONF_COUNT_BP_MIS_9                              0         -nan%                0         -nan%
LOW_CONF_COUNT_BP_MIS_10                             0         -nan%                0         -nan%
LOW_CONF_COUNT_BP_MIS_11                             0         -nan%                0         -nan%
LOW_CONF_COUNT_BP_MIS_12                             0         -nan%                0         -nan%
LOW_CONF_COUNT_BP_MIS_13                             0         -nan%                0         -nan%
LOW_CONF_COUNT_BP_MIS_14                             0         -nan%                0         -nan%
LOW_CONF_COUNT_BP_MIS_15                             0         -nan%                0         -nan%
LOW_CONF_COUNT_BP_MIS_16                             0         -nan%                0         -nan%
LOW_CONF_COUNT_BP_MIS_17                             0         -nan%                0         -nan%
LOW_CONF_COUNT_BP_MIS_18                             0         -nan%                0         -nan%
LOW_CONF_COUNT_BP_MIS_19                             0         -nan%                0         -nan%
LOW_CONF_COUNT_BP_MIS_20                             0         -nan%                0         -nan%
                                                     0         -nan%                0         -nan%
                                                  -nan         -nan              -nan         -nan

LOW_CONF_COUNT_RET_0                                 0         -nan%                0         -nan%
LOW_CONF_COUNT_RET_1                                 0         -nan%                0         -nan%
LOW_CONF_COUNT_RET_2                                 0         -nan%                0         -nan%
LOW_CONF_COUNT_RET_3                                 0         -nan%                0         -nan%
LOW_CONF_COUNT_RET_4                                 0         -nan%                0         -nan%
LOW_CONF_COUNT_RET_5                                 0         -nan%                0         -nan%
LOW_CONF_COUNT_RET_6                                 0         -nan%                0         -nan%
LOW_CONF_COUNT_RET_7                                 0         -nan%                0         -nan%
LOW_CONF_COUNT_RET_8                                 0         -nan%                0         -nan%
LOW_CONF_COUNT_RET_9                                 0         -nan%                0         -nan%
LOW_CONF_COUNT_RET_10                                0         -nan%                0         -nan%
LOW_CONF_COUNT_RET_11                                0         -nan%                0         -nan%
LOW_CONF_COUNT_RET_12                                0         -nan%                0         -nan%
LOW_CONF_COUNT_RET_13                                0         -nan%                0         -nan%
LOW_CONF_COUNT_RET_14                                0         -nan%                0         -nan%
LOW_CONF_COUNT_RET_15                                0         -nan%                0         -nan%
LOW_CONF_COUNT_RET_16                                0         -nan%                0         -nan%
LOW_CONF_COUNT_RET_17                                0         -nan%                0         -nan%
LOW_CONF_COUNT_RET_18                                0         -nan%                0         -nan%
LOW_CONF_COUNT_RET_19                                0         -nan%                0         -nan%
LOW_CONF_COUNT_RET_20                                0         -nan%                0         -nan%
                                                     0         -nan%                0         -nan%
                                                  -nan         -nan              -nan         -nan

CYCLES_RESTEER_MISPRED                               0         -nan%                0         -nan%
CYCLES_RESTEER_MISFETCH                              0         -nan%                0         -nan%
CYCLES_RESTEER_BTB_MISS                              0         -nan%                0         -nan%
                                                     0         -nan%                0         -nan%
                                                  -nan         -nan              -nan         -nan

CYCLES_RESTEER_MISPRED_SAVED_UC_FETCH                0         -nan%                0         -nan%
CYCLES_RESTEER_MISPRED_COULD_BE_SAVED_UC_FETCH             0         -nan%                0         -nan%
CYCLES_RESTEER_MISFETCH_SAVED_UC_FETCH               0         -nan%                0         -nan%
CYCLES_RESTEER_MISFETCH_COULD_BE_SAVED_UC_FETCH             0         -nan%                0         -nan%
CYCLES_RESTEER_BTB_MISS_SAVED_UC_FETCH               0         -nan%                0         -nan%
CYCLES_RESTEER_BTB_MISS_COULD_BE_SAVED_UC_FETCH             0         -nan%                0         -nan%
                                                     0         -nan%                0         -nan%
                                                  -nan         -nan              -nan         -nan

CYCLES_UOC_IC_SWITCH                                 0                              0              



