/* -*- Mode: c -*- */
####################################################################################################
Core 0
####################################################################################################
Cumulative:        Cycles: 6826039               Instructions: 19999999              IPC: 2.92996

Periodic:          Cycles: 3271018               Instructions: 9999999               IPC: 3.05715

CBR_CORRECT                                    2611228       83.546%          5143059       82.166%
CBR_CORRECT_BTB_MISS_NT_NT                      305035        9.760%           694284       11.092%
CBR_RECOVER_MISPREDICT                          206758        6.615%           416251        6.650%
CBR_RECOVER_MISFETCH                                 0        0.000%                0        0.000%
CBR_RECOVER_BTB_MISS_T_T                             2        0.000%              191        0.003%
CBR_RECOVER_BTB_MISS_T_NT                         2479        0.079%             5292        0.085%
CBR_RECOVER_BTB_MISS_NT_T                            6        0.000%              289        0.005%
                                               3125508      100.000%          6259366      100.000%
                                                  0.23         0.53              0.25         0.54

BR_CORRECT                                      432728      100.000%           863472       99.980%
BR_RECOVER                                           0        0.000%              170        0.020%
                                                432728      100.000%           863642      100.000%
                                                  0.00         0.00              0.00         0.01

ICALL_CORRECT_IBTB                                5306       99.512%            10354       97.975%
ICALL_CORRECT_BTB                                   24        0.450%              208        1.968%
ICALL_RECOVER_IBTB_MISFETCH                          0        0.000%                0        0.000%
ICALL_RECOVER_BTB_MISFETCH                           0        0.000%                0        0.000%
ICALL_RECOVER_XBTB_MISS                              2        0.038%                6        0.057%
                                                  5332      100.000%            10568      100.000%
                                                  0.01         0.10              0.02         0.17

IBR_CORRECT_IBTB                                  5762       97.069%            10858       94.188%
IBR_CORRECT_BTB                                    174        2.931%              654        5.673%
IBR_RECOVER_IBTB_MISFETCH                            0        0.000%                0        0.000%
IBR_RECOVER_BTB_MISFETCH                             0        0.000%                0        0.000%
IBR_RECOVER_XBTB_MISS                                0        0.000%               16        0.139%
                                                  5936      100.000%            11528      100.000%
                                                  0.03         0.17              0.06         0.27

ICO_CORRECT                                          0         -nan%                0         -nan%
ICO_RECOVER                                          0         -nan%                0         -nan%
                                                     0         -nan%                0         -nan%
                                                  -nan         -nan              -nan         -nan

RET_CORRECT                                      45392       99.444%            90764       99.452%
RET_RECOVER                                        254        0.556%              488        0.535%
RET_RECOVER_UFLOW                                    0        0.000%               12        0.013%
                                                 45646      100.000%            91264      100.000%
                                                  0.01         0.07              0.01         0.08

CALL_CORRECT                                     40310      100.000%            80560       99.827%
CALL_RECOVER                                         0        0.000%              140        0.173%
                                                 40310      100.000%            80700      100.000%
                                                  0.00         0.00              0.00         0.04

BTB_CORRECT                                    1651145       91.481%          3262708       90.307%
BTB_INCORRECT_BUT_TARGET_CORRECT                     0        0.000%                0        0.000%
BTB_INCORRECT                                   153762        8.519%           350194        9.693%
                                               1804907      100.000%          3612902      100.000%
                                                  0.17         0.54              0.19         0.57

IBTB_CORRECT                                      5534       98.225%            10606       95.999%
IBTB_INCORRECT                                     100        1.775%              442        4.001%
                                                  5634      100.000%            11048      100.000%
                                                  0.02         0.13              0.04         0.19

CBR_CORRECT_OFF_PATH                           2123779       80.854%          4259500       78.039%
CBR_CORRECT_BTB_MISS_NT_NT_OFF_PATH             213550        8.130%           591101       10.830%
CBR_RECOVER_MISPREDICT_OFF_PATH                 288325       10.977%           604291       11.071%
CBR_RECOVER_MISFETCH_OFF_PATH                        0        0.000%                0        0.000%
CBR_RECOVER_BTB_MISS_T_T_OFF_PATH                    0        0.000%               26        0.000%
CBR_RECOVER_BTB_MISS_T_NT_OFF_PATH                1024        0.039%             3181        0.058%
CBR_RECOVER_BTB_MISS_NT_T_OFF_PATH                   0        0.000%               49        0.001%
                                               2626678      100.000%          5458148      100.000%
                                                  0.30         0.60              0.33         0.61

BR_CORRECT_OFF_PATH                             348564      100.000%           720643       99.992%
BR_RECOVER_OFF_PATH                                  1        0.000%               58        0.008%
                                                348565      100.000%           720701      100.000%
                                                  0.00         0.00              0.00         0.01

ICALL_CORRECT_IBTB_OFF_PATH                       1287       78.190%             2684       75.161%
ICALL_CORRECT_BTB_OFF_PATH                         359       21.810%              885       24.783%
ICALL_RECOVER_IBTB_MISFETCH_OFF_PATH                 0        0.000%                0        0.000%
ICALL_RECOVER_BTB_MISFETCH_OFF_PATH                  0        0.000%                0        0.000%
ICALL_RECOVER_XBTB_MISS_OFF_PATH                     0        0.000%                2        0.056%
                                                  1646      100.000%             3571      100.000%
                                                  0.22         0.37              0.25         0.38

IBR_CORRECT_IBTB_OFF_PATH                          350       46.667%              798       42.289%
IBR_CORRECT_BTB_OFF_PATH                           400       53.333%             1087       57.605%
IBR_RECOVER_IBTB_MISFETCH_OFF_PATH                   0        0.000%                0        0.000%
IBR_RECOVER_BTB_MISFETCH_OFF_PATH                    0        0.000%                0        0.000%
IBR_RECOVER_XBTB_MISS_OFF_PATH                       0        0.000%                2        0.106%
                                                   750      100.000%             1887      100.000%
                                                  0.53         0.34              0.58         0.34

ICO_CORRECT_OFF_PATH                                 0         -nan%                0         -nan%
ICO_RECOVER_OFF_PATH                                 0         -nan%                0         -nan%
                                                     0         -nan%                0         -nan%
                                                  -nan         -nan              -nan         -nan

RET_CORRECT_OFF_PATH                              6531       58.864%            13971       58.569%
RET_RECOVER_OFF_PATH                              4532       40.847%             9787       41.029%
RET_RECOVER_UFLOW_OFF_PATH                          32        0.288%               96        0.402%
                                                 11095      100.000%            23854      100.000%
                                                  0.41         0.38              0.42         0.39

CALL_CORRECT_OFF_PATH                             6587      100.000%            15307       99.935%
CALL_RECOVER_OFF_PATH                                0        0.000%               10        0.065%
                                                  6587      100.000%            15317      100.000%
                                                  0.00         0.00              0.00         0.03

BTB_CORRECT_OFF_PATH                           2769651       92.810%          5605195       90.412%
BTB_INCORRECT_BUT_TARGET_CORRECT_OFF_PATH             0        0.000%                0        0.000%
BTB_INCORRECT_OFF_PATH                          214575        7.190%           594429        9.588%
                                               2984226      100.000%          6199624      100.000%
                                                  0.14         0.50              0.19         0.56

IBTB_CORRECT_OFF_PATH                             1637       68.322%             3482       63.796%
IBTB_INCORRECT_OFF_PATH                            759       31.678%             1976       36.204%
                                                  2396      100.000%             5458      100.000%
                                                  0.32         0.42              0.36         0.44

CRS_MISS_ON_PATH                                   254        0.556%              500        0.548%
CRS_HIT_ON_PATH                                  45392       99.444%            90764       99.452%
                                                 45646      100.000%            91264      100.000%
                                                  0.99         0.99              0.99         0.99

CRS_MISS_OFF_PATH                                 4564       41.136%             9883       41.431%
CRS_HIT_OFF_PATH                                  6531       58.864%            13971       58.569%
                                                 11095      100.000%            23854      100.000%
                                                  0.59         0.55              0.59         0.55

CRS_CLOBBER                                          0                              0              

TARG_ON_PATH_MISS                                  100        1.775%              442        4.001%
TARG_ON_PATH_HIT                                  5534       98.225%            10606       95.999%
                                                  5634      100.000%            11048      100.000%
                                                  0.98         0.97              0.96         0.94

TARG_OFF_PATH_MISS                                 759       31.678%             1976       36.204%
TARG_OFF_PATH_HIT                                 1637       68.322%             3482       63.796%
                                                  2396      100.000%             5458      100.000%
                                                  0.68         0.62              0.64         0.59

TARG_ON_PATH_WRITE                                5634       87.241%            11048       86.279%
TARG_OFF_PATH_WRITE                                824       12.759%             1757       13.721%
                                                  6458      100.000%            12805      100.000%
                                                  0.13         0.31              0.14         0.32

BTB_ON_PATH_WRITE                                 8301       99.784%            16862       99.346%
BTB_OFF_PATH_WRITE                                  18        0.216%              111        0.654%
                                                  8319      100.000%            16973      100.000%
                                                  0.00         0.05              0.01         0.08

BTB_L0_HIT                                     1522715                        3023926              

BTB_L0_MISS                                     282192                         588976              

BTB_L0_HIT_OFF_PATH                            2451385                        5020424              

BTB_L0_MISS_OFF_PATH                            532841                        1179200              

BTB_L1_HIT                                     1651145                        3262708              

BTB_L1_MISS                                     153762                         350194              

BTB_L1_HIT_OFF_PATH                            2769651                        5605195              

BTB_L1_MISS_OFF_PATH                            214575                         594429              

BTB_MAIN_HIT                                   1651145                        3262708              

BTB_MAIN_MISS                                   153762                         350194              

BTB_MAIN_HIT_OFF_PATH                          2769651                        5605195              

BTB_MAIN_MISS_OFF_PATH                          214575                         594429              

TARG_HYBRID_CORRECT_TAGLESS                          0         -nan%                0         -nan%
TARG_HYBRID_CORRECT_TAGGED                           0         -nan%                0         -nan%
TARG_HYBRID_MISPRED_TAGLESS                          0         -nan%                0         -nan%
TARG_HYBRID_MISPRED_TAGGED                           0         -nan%                0         -nan%
TARG_HYBRID_NO_PRED                                  0         -nan%                0         -nan%
                                                     0         -nan%                0         -nan%
                                                  -nan         -nan              -nan         -nan

BP_L0_EARLY_RECOVERIES                          189043       90.235%           377661       89.312%
BP_MAIN_EXEC_RECOVERIES                          20458        9.765%            45036       10.650%
BP_MAIN_DECODE_RECOVERIES                            0        0.000%              158        0.037%
                                                209501      100.000%           422855      100.000%
                                                  0.10         0.28              0.11         0.29

SCHEDULED_L0_EARLY_RECOVERIES                   178921       90.855%           354277       89.858%
SCHEDULED_MAIN_EXEC_RECOVERIES                   18010        9.145%            39829       10.102%
SCHEDULED_MAIN_DECODE_RECOVERIES                     0        0.000%              158        0.040%
                                                196931      100.000%           394264      100.000%
                                                  0.09         0.27              0.10         0.29

BTB_L1_HIT_SCHED_EARLY_RECOVERY                    831                           1502              

BTB_MAIN_HIT_TIGHT_RECOVERY                          0                              0              

PERFORMED_RECOVERIES                            196931                         394264              

PERFORMED_RECOVERY_LAT                         2025277                        4335078              

SCHEDULED_MAIN_DECODE_LAT                            0                          10038              

SCHEDULED_MAIN_EXEC_LAT                        1274404                        2829618              

SCHEDULED_L0_EARLY_LAT                               0                              0              

BP_L0_PREDICTIONS                              1827730       27.481%          3658534       27.019%
BP_MAIN_PREDICTIONS                            4823051       72.519%          9882012       72.981%
                                               6650781      100.000%         13540546      100.000%
                                                  0.73         0.66              0.73         0.66

BP_L0_MISPRED                                   188916       38.155%           377417       36.943%
BP_MAIN_MISPRED                                 306210       61.845%           644192       63.057%
                                                495126      100.000%          1021609      100.000%
                                                  0.62         0.57              0.63         0.58

BP_L0_MISFETCH                                     127        2.654%              244        2.375%
BP_MAIN_MISFETCH                                  4659       97.346%            10031       97.625%
                                                  4786      100.000%            10275      100.000%
                                                  0.97         0.96              0.98         0.96

BTB_CORRECT_L0                                       0                              0              

BTB_CORRECT_MAIN                                     0                              0              

BTB_CORRECT_OFF_PATH_L0                              0                              0              

BTB_CORRECT_OFF_PATH_MAIN                            0                              0              

BTB_INCORRECT_L0                                     0                              0              

BTB_INCORRECT_MAIN                                   0                              0              

BTB_INCORRECT_OFF_PATH_L0                            0                              0              

BTB_INCORRECT_OFF_PATH_MAIN                          0                              0              

BTB_INCORRECT_BUT_TARGET_CORRECT_L0                  0                              0              

BTB_INCORRECT_BUT_TARGET_CORRECT_MAIN                0                              0              

BTB_INCORRECT_BUT_TARGET_CORRECT_OFF_PATH_L0             0                              0              

BTB_INCORRECT_BUT_TARGET_CORRECT_OFF_PATH_MAIN             0                              0              

IBTB_CORRECT_L0                                      0                              0              

IBTB_CORRECT_MAIN                                    0                              0              

IBTB_CORRECT_OFF_PATH_L0                             0                              0              

IBTB_CORRECT_OFF_PATH_MAIN                           0                              0              

IBTB_INCORRECT_L0                                    0                              0              

IBTB_INCORRECT_MAIN                                  0                              0              

IBTB_INCORRECT_OFF_PATH_L0                           0                              0              

IBTB_INCORRECT_OFF_PATH_MAIN                         0                              0              

BR_CORRECT_L0                                   216364                         431736              

BR_CORRECT_MAIN                                 216364                         431736              

BR_CORRECT_OFF_PATH_L0                               0                              0              

BR_CORRECT_OFF_PATH_MAIN                        348564                         720643              

BR_RECOVER_L0                                        0                             85              

BR_RECOVER_MAIN                                      0                             85              

BR_RECOVER_OFF_PATH_L0                               0                              0              

BR_RECOVER_OFF_PATH_MAIN                             1                             58              

CBR_RECOVER_MISPREDICT_L0                       188911                         377005              

CBR_RECOVER_MISPREDICT_MAIN                      17847                          39246              

CBR_RECOVER_MISPREDICT_OFF_PATH_L0                   0                              0              

CBR_RECOVER_MISPREDICT_OFF_PATH_MAIN            288325                         604291              

CBR_RECOVER_MISFETCH_L0                              0                              0              

CBR_RECOVER_MISFETCH_MAIN                            0                              0              

CBR_RECOVER_MISFETCH_OFF_PATH_L0                     0                              0              

CBR_RECOVER_MISFETCH_OFF_PATH_MAIN                   0                              0              

CBR_CORRECT_L0                                 1220082                        2402650              

CBR_CORRECT_MAIN                               1391146                        2740409              

CBR_CORRECT_OFF_PATH_L0                              0                              0              

CBR_CORRECT_OFF_PATH_MAIN                      2123779                        4259500              

CBR_RECOVER_BTB_MISS_T_T_L0                          2                            188              

CBR_RECOVER_BTB_MISS_T_T_MAIN                        0                              3              

CBR_RECOVER_BTB_MISS_T_T_OFF_PATH_L0                 0                              0              

CBR_RECOVER_BTB_MISS_T_T_OFF_PATH_MAIN               0                             26              

CBR_RECOVER_BTB_MISS_T_NT_L0                      2448                           5207              

CBR_RECOVER_BTB_MISS_T_NT_MAIN                      31                             85              

CBR_RECOVER_BTB_MISS_T_NT_OFF_PATH_L0                0                              0              

CBR_RECOVER_BTB_MISS_T_NT_OFF_PATH_MAIN           1024                           3181              

CBR_RECOVER_BTB_MISS_NT_T_L0                         2                             52              

CBR_RECOVER_BTB_MISS_NT_T_MAIN                       4                            237              

CBR_RECOVER_BTB_MISS_NT_T_OFF_PATH_L0                0                              0              

CBR_RECOVER_BTB_MISS_NT_T_OFF_PATH_MAIN              0                             49              

CBR_CORRECT_BTB_MISS_NT_NT_L0                   151309                         344581              

CBR_CORRECT_BTB_MISS_NT_NT_MAIN                 153726                         349703              

CBR_CORRECT_BTB_MISS_NT_NT_OFF_PATH_L0               0                              0              

CBR_CORRECT_BTB_MISS_NT_NT_OFF_PATH_MAIN        213550                         591101              

CALL_CORRECT_L0                                  20155                          40280              

CALL_CORRECT_MAIN                                20155                          40280              

CALL_CORRECT_OFF_PATH_L0                             0                              0              

CALL_CORRECT_OFF_PATH_MAIN                        6587                          15307              

CALL_RECOVER_L0                                      0                             70              

CALL_RECOVER_MAIN                                    0                             70              

CALL_RECOVER_OFF_PATH_L0                             0                              0              

CALL_RECOVER_OFF_PATH_MAIN                           0                             10              

IBR_CORRECT_IBTB_L0                               2881                           5429              

IBR_CORRECT_IBTB_MAIN                             2881                           5429              

IBR_CORRECT_IBTB_OFF_PATH_L0                         0                              0              

IBR_CORRECT_IBTB_OFF_PATH_MAIN                     350                            798              

IBR_RECOVER_IBTB_MISFETCH_L0                         0                              0              

IBR_RECOVER_IBTB_MISFETCH_MAIN                       0                              0              

IBR_RECOVER_IBTB_MISFETCH_OFF_PATH_L0                0                              0              

IBR_RECOVER_IBTB_MISFETCH_OFF_PATH_MAIN              0                              0              

IBR_CORRECT_BTB_L0                                  87                            327              

IBR_CORRECT_BTB_MAIN                                87                            327              

IBR_CORRECT_BTB_OFF_PATH_L0                          0                              0              

IBR_CORRECT_BTB_OFF_PATH_MAIN                      400                           1087              

IBR_RECOVER_BTB_MISFETCH_L0                          0                              0              

IBR_RECOVER_BTB_MISFETCH_MAIN                        0                              0              

IBR_RECOVER_BTB_MISFETCH_OFF_PATH_L0                 0                              0              

IBR_RECOVER_BTB_MISFETCH_OFF_PATH_MAIN               0                              0              

IBR_RECOVER_XBTB_MISS_L0                             0                              8              

IBR_RECOVER_XBTB_MISS_MAIN                           0                              8              

IBR_RECOVER_XBTB_MISS_OFF_PATH_L0                    0                              0              

IBR_RECOVER_XBTB_MISS_OFF_PATH_MAIN                  0                              2              

ICALL_CORRECT_IBTB_L0                             2653                           5177              

ICALL_CORRECT_IBTB_MAIN                           2653                           5177              

ICALL_CORRECT_IBTB_OFF_PATH_L0                       0                              0              

ICALL_CORRECT_IBTB_OFF_PATH_MAIN                  1287                           2684              

ICALL_RECOVER_IBTB_MISFETCH_L0                       0                              0              

ICALL_RECOVER_IBTB_MISFETCH_MAIN                     0                              0              

ICALL_RECOVER_IBTB_MISFETCH_OFF_PATH_L0              0                              0              

ICALL_RECOVER_IBTB_MISFETCH_OFF_PATH_MAIN             0                              0              

ICALL_CORRECT_BTB_L0                                12                            104              

ICALL_CORRECT_BTB_MAIN                              12                            104              

ICALL_CORRECT_BTB_OFF_PATH_L0                        0                              0              

ICALL_CORRECT_BTB_OFF_PATH_MAIN                    359                            885              

ICALL_RECOVER_BTB_MISFETCH_L0                        0                              0              

ICALL_RECOVER_BTB_MISFETCH_MAIN                      0                              0              

ICALL_RECOVER_BTB_MISFETCH_OFF_PATH_L0               0                              0              

ICALL_RECOVER_BTB_MISFETCH_OFF_PATH_MAIN             0                              0              

ICALL_RECOVER_XBTB_MISS_L0                           1                              3              

ICALL_RECOVER_XBTB_MISS_MAIN                         1                              3              

ICALL_RECOVER_XBTB_MISS_OFF_PATH_L0                  0                              0              

ICALL_RECOVER_XBTB_MISS_OFF_PATH_MAIN                0                              2              

ICO_RECOVER_L0                                       0                              0              

ICO_RECOVER_MAIN                                     0                              0              

ICO_RECOVER_OFF_PATH_L0                              0                              0              

ICO_RECOVER_OFF_PATH_MAIN                            0                              0              

ICO_CORRECT_L0                                       0                              0              

ICO_CORRECT_MAIN                                     0                              0              

ICO_CORRECT_OFF_PATH_L0                              0                              0              

ICO_CORRECT_OFF_PATH_MAIN                            0                              0              

RET_RECOVER_UFLOW_L0                                 0                              6              

RET_RECOVER_UFLOW_MAIN                               0                              6              

RET_RECOVER_UFLOW_OFF_PATH_L0                        0                              0              

RET_RECOVER_UFLOW_OFF_PATH_MAIN                     32                             96              

RET_RECOVER_L0                                     127                            244              

RET_RECOVER_MAIN                                   127                            244              

RET_RECOVER_OFF_PATH_L0                              0                              0              

RET_RECOVER_OFF_PATH_MAIN                         4532                           9787              

RET_CORRECT_L0                                   22696                          45382              

RET_CORRECT_MAIN                                 22696                          45382              

RET_CORRECT_OFF_PATH_L0                              0                              0              

RET_CORRECT_OFF_PATH_MAIN                         6531                          13971              

PRED_TO_UPDATE_CYCLES_0                              0         -nan%                0         -nan%
PRED_TO_UPDATE_CYCLES_1                              0         -nan%                0         -nan%
PRED_TO_UPDATE_CYCLES_2                              0         -nan%                0         -nan%
PRED_TO_UPDATE_CYCLES_3                              0         -nan%                0         -nan%
PRED_TO_UPDATE_CYCLES_4                              0         -nan%                0         -nan%
PRED_TO_UPDATE_CYCLES_5                              0         -nan%                0         -nan%
PRED_TO_UPDATE_CYCLES_6                              0         -nan%                0         -nan%
PRED_TO_UPDATE_CYCLES_7                              0         -nan%                0         -nan%
PRED_TO_UPDATE_CYCLES_8                              0         -nan%                0         -nan%
PRED_TO_UPDATE_CYCLES_9                              0         -nan%                0         -nan%
PRED_TO_UPDATE_CYCLES_10                             0         -nan%                0         -nan%
PRED_TO_UPDATE_CYCLES_11                             0         -nan%                0         -nan%
PRED_TO_UPDATE_CYCLES_12                             0         -nan%                0         -nan%
PRED_TO_UPDATE_CYCLES_13                             0         -nan%                0         -nan%
PRED_TO_UPDATE_CYCLES_14                             0         -nan%                0         -nan%
PRED_TO_UPDATE_CYCLES_15                             0         -nan%                0         -nan%
PRED_TO_UPDATE_CYCLES_16                             0         -nan%                0         -nan%
PRED_TO_UPDATE_CYCLES_17                             0         -nan%                0         -nan%
PRED_TO_UPDATE_CYCLES_18                             0         -nan%                0         -nan%
PRED_TO_UPDATE_CYCLES_19                             0         -nan%                0         -nan%
PRED_TO_UPDATE_CYCLES_20                             0         -nan%                0         -nan%
PRED_TO_UPDATE_CYCLES_21                             0         -nan%                0         -nan%
PRED_TO_UPDATE_CYCLES_22                             0         -nan%                0         -nan%
PRED_TO_UPDATE_CYCLES_23                             0         -nan%                0         -nan%
PRED_TO_UPDATE_CYCLES_24                             0         -nan%                0         -nan%
PRED_TO_UPDATE_CYCLES_25                             0         -nan%                0         -nan%
PRED_TO_UPDATE_CYCLES_26                             0         -nan%                0         -nan%
PRED_TO_UPDATE_CYCLES_27                             0         -nan%                0         -nan%
PRED_TO_UPDATE_CYCLES_28                             0         -nan%                0         -nan%
PRED_TO_UPDATE_CYCLES_29                             0         -nan%                0         -nan%
PRED_TO_UPDATE_CYCLES_30                             0         -nan%                0         -nan%
                                                     0         -nan%                0         -nan%
                                                  -nan         -nan              -nan         -nan

BP_ON_PATH_CONF_MISPRED                              0         -nan%                0         -nan%
BP_ON_PATH_CONF_CORRECT                              0         -nan%                0         -nan%
                                                     0         -nan%                0         -nan%
                                                  -nan         -nan              -nan         -nan

BP_OFF_PATH_CONF_MISPRED                             0         -nan%                0         -nan%
BP_OFF_PATH_CONF_CORRECT                             0         -nan%                0         -nan%
                                                     0         -nan%                0         -nan%
                                                  -nan         -nan              -nan         -nan

BP_ON_PATH_PRED_MIS_CONF_MISPRED                     0         -nan%                0         -nan%
BP_ON_PATH_PRED_MIS_CONF_CORRECT                     0         -nan%                0         -nan%
                                                     0         -nan%                0         -nan%
                                                  -nan         -nan              -nan         -nan

BP_ON_PATH_PRED_COR_CONF_MISPRED                     0         -nan%                0         -nan%
BP_ON_PATH_PRED_COR_CONF_CORRECT                     0         -nan%                0         -nan%
                                                     0         -nan%                0         -nan%
                                                  -nan         -nan              -nan         -nan

BP_OFF_PATH_PRED_MIS_CONF_MISPRED                    0         -nan%                0         -nan%
BP_OFF_PATH_PRED_MIS_CONF_CORRECT                    0         -nan%                0         -nan%
                                                     0         -nan%                0         -nan%
                                                  -nan         -nan              -nan         -nan

BP_OFF_PATH_PRED_COR_CONF_MISPRED                    0         -nan%                0         -nan%
BP_OFF_PATH_PRED_COR_CONF_CORRECT                    0         -nan%                0         -nan%
                                                     0         -nan%                0         -nan%
                                                  -nan         -nan              -nan         -nan

ONPATH_CONF_MISPRED                                  0         -nan%                0         -nan%
ONPATH_CONF_CORRECT                                  0         -nan%                0         -nan%
                                                     0         -nan%                0         -nan%
                                                  -nan         -nan              -nan         -nan

ONPATH_ON_PATH_CONF_MISPRED                          0         -nan%                0         -nan%
ONPATH_ON_PATH_CONF_CORRECT                          0         -nan%                0         -nan%
                                                     0         -nan%                0         -nan%
                                                  -nan         -nan              -nan         -nan

ONPATH_OFF_PATH_CONF_MISPRED                         0         -nan%                0         -nan%
ONPATH_OFF_PATH_CONF_CORRECT                         0         -nan%                0         -nan%
                                                     0         -nan%                0         -nan%
                                                  -nan         -nan              -nan         -nan

PRED_ONPATH_CONF_MISPRED                             0         -nan%                0         -nan%
PRED_ONPATH_CONF_CORRECT                             0         -nan%                0         -nan%
                                                     0         -nan%                0         -nan%
                                                  -nan         -nan              -nan         -nan

PRED_OFFPATH_CONF_MISPRED                            0         -nan%                0         -nan%
PRED_OFFPATH_CONF_CORRECT                            0         -nan%                0         -nan%
                                                     0         -nan%                0         -nan%
                                                  -nan         -nan              -nan         -nan

LONG_OVWT_MIS                                        0         -nan%                0         -nan%
LONG_OVWT_COR                                        0         -nan%                0         -nan%
                                                     0         -nan%                0         -nan%
                                                  -nan         -nan              -nan         -nan

OPC_LENGTH_0_7_MIS                                   0         -nan%                0         -nan%
OPC_LENGTH_0_7_COR                                   0         -nan%                0         -nan%
                                                     0         -nan%                0         -nan%
                                                  -nan         -nan              -nan         -nan

OPC_LENGTH_8_15_MIS                                  0         -nan%                0         -nan%
OPC_LENGTH_8_15_COR                                  0         -nan%                0         -nan%
                                                     0         -nan%                0         -nan%
                                                  -nan         -nan              -nan         -nan

OPC_LENGTH_16_23_MIS                                 0         -nan%                0         -nan%
OPC_LENGTH_16_23_COR                                 0         -nan%                0         -nan%
                                                     0         -nan%                0         -nan%
                                                  -nan         -nan              -nan         -nan

OPC_LENGTH_24_31_MIS                                 0         -nan%                0         -nan%
OPC_LENGTH_24_31_COR                                 0         -nan%                0         -nan%
                                                     0         -nan%                0         -nan%
                                                  -nan         -nan              -nan         -nan

OPC_LENGTH_32_39_MIS                                 0         -nan%                0         -nan%
OPC_LENGTH_32_39_COR                                 0         -nan%                0         -nan%
                                                     0         -nan%                0         -nan%
                                                  -nan         -nan              -nan         -nan

OPC_LENGTH_40_47_MIS                                 0         -nan%                0         -nan%
OPC_LENGTH_40_47_COR                                 0         -nan%                0         -nan%
                                                     0         -nan%                0         -nan%
                                                  -nan         -nan              -nan         -nan

OPC_LENGTH_48_55_MIS                                 0         -nan%                0         -nan%
OPC_LENGTH_48_55_COR                                 0         -nan%                0         -nan%
                                                     0         -nan%                0         -nan%
                                                  -nan         -nan              -nan         -nan

OPC_LENGTH_56_63_MIS                                 0         -nan%                0         -nan%
OPC_LENGTH_56_63_COR                                 0         -nan%                0         -nan%
                                                     0         -nan%                0         -nan%
                                                  -nan         -nan              -nan         -nan

OPC_LENGTH_64_71_MIS                                 0         -nan%                0         -nan%
OPC_LENGTH_64_71_COR                                 0         -nan%                0         -nan%
                                                     0         -nan%                0         -nan%
                                                  -nan         -nan              -nan         -nan

OPC_LENGTH_72_79_MIS                                 0         -nan%                0         -nan%
OPC_LENGTH_72_79_COR                                 0         -nan%                0         -nan%
                                                     0         -nan%                0         -nan%
                                                  -nan         -nan              -nan         -nan

OPC_LENGTH_80_MIS                                    0         -nan%                0         -nan%
OPC_LENGTH_80_COR                                    0         -nan%                0         -nan%
                                                     0         -nan%                0         -nan%
                                                  -nan         -nan              -nan         -nan

ALL_ONES_MIS                                         0         -nan%                0         -nan%
ALL_ONES_COR                                         0         -nan%                0         -nan%
                                                     0         -nan%                0         -nan%
                                                  -nan         -nan              -nan         -nan

FIRST_ONE_MIS                                        0         -nan%                0         -nan%
FIRST_ONE_COR                                        0         -nan%                0         -nan%
                                                     0         -nan%                0         -nan%
                                                  -nan         -nan              -nan         -nan

ZEROS_0_1_MIS                                        0         -nan%                0         -nan%
ZEROS_0_1_COR                                        0         -nan%                0         -nan%
                                                     0         -nan%                0         -nan%
                                                  -nan         -nan              -nan         -nan

ZEROS_2_3_MIS                                        0         -nan%                0         -nan%
ZEROS_2_3_COR                                        0         -nan%                0         -nan%
                                                     0         -nan%                0         -nan%
                                                  -nan         -nan              -nan         -nan

ZEROS_4_5_MIS                                        0         -nan%                0         -nan%
ZEROS_4_5_COR                                        0         -nan%                0         -nan%
                                                     0         -nan%                0         -nan%
                                                  -nan         -nan              -nan         -nan

ZEROS_6_7_MIS                                        0         -nan%                0         -nan%
ZEROS_6_7_COR                                        0         -nan%                0         -nan%
                                                     0         -nan%                0         -nan%
                                                  -nan         -nan              -nan         -nan

ZEROS_8_9_MIS                                        0         -nan%                0         -nan%
ZEROS_8_9_COR                                        0         -nan%                0         -nan%
                                                     0         -nan%                0         -nan%
                                                  -nan         -nan              -nan         -nan

ZEROS_10_11_MIS                                      0         -nan%                0         -nan%
ZEROS_10_11_COR                                      0         -nan%                0         -nan%
                                                     0         -nan%                0         -nan%
                                                  -nan         -nan              -nan         -nan

ZEROS_12_13_MIS                                      0         -nan%                0         -nan%
ZEROS_12_13_COR                                      0         -nan%                0         -nan%
                                                     0         -nan%                0         -nan%
                                                  -nan         -nan              -nan         -nan

ZEROS_14_15_MIS                                      0         -nan%                0         -nan%
ZEROS_14_15_COR                                      0         -nan%                0         -nan%
                                                     0         -nan%                0         -nan%
                                                  -nan         -nan              -nan         -nan

ZEROS_16_MIS                                         0         -nan%                0         -nan%
ZEROS_16_COR                                         0         -nan%                0         -nan%
                                                     0         -nan%                0         -nan%
                                                  -nan         -nan              -nan         -nan

GS2BC_GSHARE                                         0         -nan%                0         -nan%
GS2BC_2BC                                            0         -nan%                0         -nan%
                                                     0         -nan%                0         -nan%
                                                  -nan         -nan              -nan         -nan

GSKEW2BC_VOTE                                        0         -nan%                0         -nan%
GSKEW2BC_2BC                                         0         -nan%                0         -nan%
                                                     0         -nan%                0         -nan%
                                                  -nan         -nan              -nan         -nan

FUTGSHARE_INIT_ON_PATH_CORRECT                       0         -nan%                0         -nan%
FUTGSHARE_INIT_ON_PATH_MISPREDICT                    0         -nan%                0         -nan%
                                                     0         -nan%                0         -nan%
                                                  -nan         -nan              -nan         -nan

FUTGSHARE_INIT_OFF_PATH_CORRECT                      0         -nan%                0         -nan%
FUTGSHARE_INIT_OFF_PATH_MISPREDICT                   0         -nan%                0         -nan%
                                                     0         -nan%                0         -nan%
                                                  -nan         -nan              -nan         -nan

FUTGSHARE_CHANGED_CORRECTED_ON_PATH                  0         -nan%                0         -nan%
FUTGSHARE_CHANGED_SCREWED_ON_PATH                    0         -nan%                0         -nan%
                                                     0         -nan%                0         -nan%
                                                  -nan         -nan              -nan         -nan

FUTGSHARE_CHANGED_CORRECTED_OFF_PATH                 0         -nan%                0         -nan%
FUTGSHARE_CHANGED_SCREWED_OFF_PATH                   0         -nan%                0         -nan%
                                                     0         -nan%                0         -nan%
                                                  -nan         -nan              -nan         -nan

FUTGSHARE_ORIG_CORRECT_FUT_CORRECT_ON_PATH             0         -nan%                0         -nan%
FUTGSHARE_ORIG_MISPRED_FUT_CORRECT_ON_PATH             0         -nan%                0         -nan%
FUTGSHARE_ORIG_CORRECT_FUT_MISPRED_ON_PATH             0         -nan%                0         -nan%
FUTGSHARE_ORIG_MISPRED_FUT_MISPRED_ON_PATH             0         -nan%                0         -nan%
                                                     0         -nan%                0         -nan%
                                                  -nan         -nan              -nan         -nan

FUTGSHARE_ORIG_CORRECT_FUT_CORRECT_OFF_PATH             0         -nan%                0         -nan%
FUTGSHARE_ORIG_MISPRED_FUT_CORRECT_OFF_PATH             0         -nan%                0         -nan%
FUTGSHARE_ORIG_CORRECT_FUT_MISPRED_OFF_PATH             0         -nan%                0         -nan%
FUTGSHARE_ORIG_MISPRED_FUT_MISPRED_OFF_PATH             0         -nan%                0         -nan%
                                                     0         -nan%                0         -nan%
                                                  -nan         -nan              -nan         -nan

FUTGSHARE_ON_PATH_CORRECT_0                          0         -nan%                0         -nan%
FUTGSHARE_ON_PATH_MISPREDICT_0                       0         -nan%                0         -nan%
                                                     0         -nan%                0         -nan%
                                                  -nan         -nan              -nan         -nan

FUTGSHARE_OFF_PATH_CORRECT_0                         0         -nan%                0         -nan%
FUTGSHARE_OFF_PATH_MISPREDICT_0                      0         -nan%                0         -nan%
                                                     0         -nan%                0         -nan%
                                                  -nan         -nan              -nan         -nan

FUTGSHARE_ON_PATH_CORRECT_1                          0         -nan%                0         -nan%
FUTGSHARE_ON_PATH_MISPREDICT_1                       0         -nan%                0         -nan%
                                                     0         -nan%                0         -nan%
                                                  -nan         -nan              -nan         -nan

FUTGSHARE_OFF_PATH_CORRECT_1                         0         -nan%                0         -nan%
FUTGSHARE_OFF_PATH_MISPREDICT_1                      0         -nan%                0         -nan%
                                                     0         -nan%                0         -nan%
                                                  -nan         -nan              -nan         -nan

FUTGSHARE_ON_PATH_CORRECT_2                          0         -nan%                0         -nan%
FUTGSHARE_ON_PATH_MISPREDICT_2                       0         -nan%                0         -nan%
                                                     0         -nan%                0         -nan%
                                                  -nan         -nan              -nan         -nan

FUTGSHARE_OFF_PATH_CORRECT_2                         0         -nan%                0         -nan%
FUTGSHARE_OFF_PATH_MISPREDICT_2                      0         -nan%                0         -nan%
                                                     0         -nan%                0         -nan%
                                                  -nan         -nan              -nan         -nan

FUTGSHARE_ON_PATH_CORRECT_3                          0         -nan%                0         -nan%
FUTGSHARE_ON_PATH_MISPREDICT_3                       0         -nan%                0         -nan%
                                                     0         -nan%                0         -nan%
                                                  -nan         -nan              -nan         -nan

FUTGSHARE_OFF_PATH_CORRECT_3                         0         -nan%                0         -nan%
FUTGSHARE_OFF_PATH_MISPREDICT_3                      0         -nan%                0         -nan%
                                                     0         -nan%                0         -nan%
                                                  -nan         -nan              -nan         -nan

FUTGSHARE_ON_PATH_CORRECT_4                          0         -nan%                0         -nan%
FUTGSHARE_ON_PATH_MISPREDICT_4                       0         -nan%                0         -nan%
                                                     0         -nan%                0         -nan%
                                                  -nan         -nan              -nan         -nan

FUTGSHARE_OFF_PATH_CORRECT_4                         0         -nan%                0         -nan%
FUTGSHARE_OFF_PATH_MISPREDICT_4                      0         -nan%                0         -nan%
                                                     0         -nan%                0         -nan%
                                                  -nan         -nan              -nan         -nan

FUTGSHARE_ON_PATH_CORRECT_5                          0         -nan%                0         -nan%
FUTGSHARE_ON_PATH_MISPREDICT_5                       0         -nan%                0         -nan%
                                                     0         -nan%                0         -nan%
                                                  -nan         -nan              -nan         -nan

FUTGSHARE_OFF_PATH_CORRECT_5                         0         -nan%                0         -nan%
FUTGSHARE_OFF_PATH_MISPREDICT_5                      0         -nan%                0         -nan%
                                                     0         -nan%                0         -nan%
                                                  -nan         -nan              -nan         -nan

FUTGSHARE_ON_PATH_CORRECT_6                          0         -nan%                0         -nan%
FUTGSHARE_ON_PATH_MISPREDICT_6                       0         -nan%                0         -nan%
                                                     0         -nan%                0         -nan%
                                                  -nan         -nan              -nan         -nan

FUTGSHARE_OFF_PATH_CORRECT_6                         0         -nan%                0         -nan%
FUTGSHARE_OFF_PATH_MISPREDICT_6                      0         -nan%                0         -nan%
                                                     0         -nan%                0         -nan%
                                                  -nan         -nan              -nan         -nan

FUTGSHARE_ON_PATH_CORRECT_7                          0         -nan%                0         -nan%
FUTGSHARE_ON_PATH_MISPREDICT_7                       0         -nan%                0         -nan%
                                                     0         -nan%                0         -nan%
                                                  -nan         -nan              -nan         -nan

FUTGSHARE_OFF_PATH_CORRECT_7                         0         -nan%                0         -nan%
FUTGSHARE_OFF_PATH_MISPREDICT_7                      0         -nan%                0         -nan%
                                                     0         -nan%                0         -nan%
                                                  -nan         -nan              -nan         -nan

FUTGSHARE_ON_PATH_CORRECT_8                          0         -nan%                0         -nan%
FUTGSHARE_ON_PATH_MISPREDICT_8                       0         -nan%                0         -nan%
                                                     0         -nan%                0         -nan%
                                                  -nan         -nan              -nan         -nan

FUTGSHARE_OFF_PATH_CORRECT_8                         0         -nan%                0         -nan%
FUTGSHARE_OFF_PATH_MISPREDICT_8                      0         -nan%                0         -nan%
                                                     0         -nan%                0         -nan%
                                                  -nan         -nan              -nan         -nan

FUTGSHARE_ON_PATH_CORRECT_9                          0         -nan%                0         -nan%
FUTGSHARE_ON_PATH_MISPREDICT_9                       0         -nan%                0         -nan%
                                                     0         -nan%                0         -nan%
                                                  -nan         -nan              -nan         -nan

FUTGSHARE_OFF_PATH_CORRECT_9                         0         -nan%                0         -nan%
FUTGSHARE_OFF_PATH_MISPREDICT_9                      0         -nan%                0         -nan%
                                                     0         -nan%                0         -nan%
                                                  -nan         -nan              -nan         -nan

FUTGSHARE_ON_PATH_CORRECT_10                         0         -nan%                0         -nan%
FUTGSHARE_ON_PATH_MISPREDICT_10                      0         -nan%                0         -nan%
                                                     0         -nan%                0         -nan%
                                                  -nan         -nan              -nan         -nan

FUTGSHARE_OFF_PATH_CORRECT_10                        0         -nan%                0         -nan%
FUTGSHARE_OFF_PATH_MISPREDICT_10                     0         -nan%                0         -nan%
                                                     0         -nan%                0         -nan%
                                                  -nan         -nan              -nan         -nan

FUTGSHARE_ON_PATH_CORRECT_11                         0         -nan%                0         -nan%
FUTGSHARE_ON_PATH_MISPREDICT_11                      0         -nan%                0         -nan%
                                                     0         -nan%                0         -nan%
                                                  -nan         -nan              -nan         -nan

FUTGSHARE_OFF_PATH_CORRECT_11                        0         -nan%                0         -nan%
FUTGSHARE_OFF_PATH_MISPREDICT_11                     0         -nan%                0         -nan%
                                                     0         -nan%                0         -nan%
                                                  -nan         -nan              -nan         -nan

FUTGSHARE_ON_PATH_CORRECT_12                         0         -nan%                0         -nan%
FUTGSHARE_ON_PATH_MISPREDICT_12                      0         -nan%                0         -nan%
                                                     0         -nan%                0         -nan%
                                                  -nan         -nan              -nan         -nan

FUTGSHARE_OFF_PATH_CORRECT_12                        0         -nan%                0         -nan%
FUTGSHARE_OFF_PATH_MISPREDICT_12                     0         -nan%                0         -nan%
                                                     0         -nan%                0         -nan%
                                                  -nan         -nan              -nan         -nan

FUTGSHARE_ON_PATH_CORRECT_13                         0         -nan%                0         -nan%
FUTGSHARE_ON_PATH_MISPREDICT_13                      0         -nan%                0         -nan%
                                                     0         -nan%                0         -nan%
                                                  -nan         -nan              -nan         -nan

FUTGSHARE_OFF_PATH_CORRECT_13                        0         -nan%                0         -nan%
FUTGSHARE_OFF_PATH_MISPREDICT_13                     0         -nan%                0         -nan%
                                                     0         -nan%                0         -nan%
                                                  -nan         -nan              -nan         -nan

FUTGSHARE_ON_PATH_CORRECT_14                         0         -nan%                0         -nan%
FUTGSHARE_ON_PATH_MISPREDICT_14                      0         -nan%                0         -nan%
                                                     0         -nan%                0         -nan%
                                                  -nan         -nan              -nan         -nan

FUTGSHARE_OFF_PATH_CORRECT_14                        0         -nan%                0         -nan%
FUTGSHARE_OFF_PATH_MISPREDICT_14                     0         -nan%                0         -nan%
                                                     0         -nan%                0         -nan%
                                                  -nan         -nan              -nan         -nan

FUTGSHARE_ON_PATH_CORRECT_15                         0         -nan%                0         -nan%
FUTGSHARE_ON_PATH_MISPREDICT_15                      0         -nan%                0         -nan%
                                                     0         -nan%                0         -nan%
                                                  -nan         -nan              -nan         -nan

FUTGSHARE_OFF_PATH_CORRECT_15                        0         -nan%                0         -nan%
FUTGSHARE_OFF_PATH_MISPREDICT_15                     0         -nan%                0         -nan%
                                                     0         -nan%                0         -nan%
                                                  -nan         -nan              -nan         -nan

FUTGSHARE_CHANGED_CORRECTED_ON_PATH_0                0         -nan%                0         -nan%
FUTGSHARE_CHANGED_SCREWED_ON_PATH_0                  0         -nan%                0         -nan%
                                                     0         -nan%                0         -nan%
                                                  -nan         -nan              -nan         -nan

FUTGSHARE_CHANGED_CORRECTED_OFF_PATH_0               0         -nan%                0         -nan%
FUTGSHARE_CHANGED_SCREWED_OFF_PATH_0                 0         -nan%                0         -nan%
                                                     0         -nan%                0         -nan%
                                                  -nan         -nan              -nan         -nan

FUTGSHARE_CHANGED_CORRECTED_ON_PATH_1                0         -nan%                0         -nan%
FUTGSHARE_CHANGED_SCREWED_ON_PATH_1                  0         -nan%                0         -nan%
                                                     0         -nan%                0         -nan%
                                                  -nan         -nan              -nan         -nan

FUTGSHARE_CHANGED_CORRECTED_OFF_PATH_1               0         -nan%                0         -nan%
FUTGSHARE_CHANGED_SCREWED_OFF_PATH_1                 0         -nan%                0         -nan%
                                                     0         -nan%                0         -nan%
                                                  -nan         -nan              -nan         -nan

FUTGSHARE_CHANGED_CORRECTED_ON_PATH_2                0         -nan%                0         -nan%
FUTGSHARE_CHANGED_SCREWED_ON_PATH_2                  0         -nan%                0         -nan%
                                                     0         -nan%                0         -nan%
                                                  -nan         -nan              -nan         -nan

FUTGSHARE_CHANGED_CORRECTED_OFF_PATH_2               0         -nan%                0         -nan%
FUTGSHARE_CHANGED_SCREWED_OFF_PATH_2                 0         -nan%                0         -nan%
                                                     0         -nan%                0         -nan%
                                                  -nan         -nan              -nan         -nan

FUTGSHARE_CHANGED_CORRECTED_ON_PATH_3                0         -nan%                0         -nan%
FUTGSHARE_CHANGED_SCREWED_ON_PATH_3                  0         -nan%                0         -nan%
                                                     0         -nan%                0         -nan%
                                                  -nan         -nan              -nan         -nan

FUTGSHARE_CHANGED_CORRECTED_OFF_PATH_3               0         -nan%                0         -nan%
FUTGSHARE_CHANGED_SCREWED_OFF_PATH_3                 0         -nan%                0         -nan%
                                                     0         -nan%                0         -nan%
                                                  -nan         -nan              -nan         -nan

FUTGSHARE_CHANGED_CORRECTED_ON_PATH_4                0         -nan%                0         -nan%
FUTGSHARE_CHANGED_SCREWED_ON_PATH_4                  0         -nan%                0         -nan%
                                                     0         -nan%                0         -nan%
                                                  -nan         -nan              -nan         -nan

FUTGSHARE_CHANGED_CORRECTED_OFF_PATH_4               0         -nan%                0         -nan%
FUTGSHARE_CHANGED_SCREWED_OFF_PATH_4                 0         -nan%                0         -nan%
                                                     0         -nan%                0         -nan%
                                                  -nan         -nan              -nan         -nan

FUTGSHARE_CHANGED_CORRECTED_ON_PATH_5                0         -nan%                0         -nan%
FUTGSHARE_CHANGED_SCREWED_ON_PATH_5                  0         -nan%                0         -nan%
                                                     0         -nan%                0         -nan%
                                                  -nan         -nan              -nan         -nan

FUTGSHARE_CHANGED_CORRECTED_OFF_PATH_5               0         -nan%                0         -nan%
FUTGSHARE_CHANGED_SCREWED_OFF_PATH_5                 0         -nan%                0         -nan%
                                                     0         -nan%                0         -nan%
                                                  -nan         -nan              -nan         -nan

FUTGSHARE_CHANGED_CORRECTED_ON_PATH_6                0         -nan%                0         -nan%
FUTGSHARE_CHANGED_SCREWED_ON_PATH_6                  0         -nan%                0         -nan%
                                                     0         -nan%                0         -nan%
                                                  -nan         -nan              -nan         -nan

FUTGSHARE_CHANGED_CORRECTED_OFF_PATH_6               0         -nan%                0         -nan%
FUTGSHARE_CHANGED_SCREWED_OFF_PATH_6                 0         -nan%                0         -nan%
                                                     0         -nan%                0         -nan%
                                                  -nan         -nan              -nan         -nan

FUTGSHARE_CHANGED_CORRECTED_ON_PATH_7                0         -nan%                0         -nan%
FUTGSHARE_CHANGED_SCREWED_ON_PATH_7                  0         -nan%                0         -nan%
                                                     0         -nan%                0         -nan%
                                                  -nan         -nan              -nan         -nan

FUTGSHARE_CHANGED_CORRECTED_OFF_PATH_7               0         -nan%                0         -nan%
FUTGSHARE_CHANGED_SCREWED_OFF_PATH_7                 0         -nan%                0         -nan%
                                                     0         -nan%                0         -nan%
                                                  -nan         -nan              -nan         -nan

FUTGSHARE_CHANGED_CORRECTED_ON_PATH_8                0         -nan%                0         -nan%
FUTGSHARE_CHANGED_SCREWED_ON_PATH_8                  0         -nan%                0         -nan%
                                                     0         -nan%                0         -nan%
                                                  -nan         -nan              -nan         -nan

FUTGSHARE_CHANGED_CORRECTED_OFF_PATH_8               0         -nan%                0         -nan%
FUTGSHARE_CHANGED_SCREWED_OFF_PATH_8                 0         -nan%                0         -nan%
                                                     0         -nan%                0         -nan%
                                                  -nan         -nan              -nan         -nan

FUTGSHARE_CHANGED_CORRECTED_ON_PATH_9                0         -nan%                0         -nan%
FUTGSHARE_CHANGED_SCREWED_ON_PATH_9                  0         -nan%                0         -nan%
                                                     0         -nan%                0         -nan%
                                                  -nan         -nan              -nan         -nan

FUTGSHARE_CHANGED_CORRECTED_OFF_PATH_9               0         -nan%                0         -nan%
FUTGSHARE_CHANGED_SCREWED_OFF_PATH_9                 0         -nan%                0         -nan%
                                                     0         -nan%                0         -nan%
                                                  -nan         -nan              -nan         -nan

FUTGSHARE_CHANGED_CORRECTED_ON_PATH_10               0         -nan%                0         -nan%
FUTGSHARE_CHANGED_SCREWED_ON_PATH_10                 0         -nan%                0         -nan%
                                                     0         -nan%                0         -nan%
                                                  -nan         -nan              -nan         -nan

FUTGSHARE_CHANGED_CORRECTED_OFF_PATH_10              0         -nan%                0         -nan%
FUTGSHARE_CHANGED_SCREWED_OFF_PATH_10                0         -nan%                0         -nan%
                                                     0         -nan%                0         -nan%
                                                  -nan         -nan              -nan         -nan

FUTGSHARE_CHANGED_CORRECTED_ON_PATH_11               0         -nan%                0         -nan%
FUTGSHARE_CHANGED_SCREWED_ON_PATH_11                 0         -nan%                0         -nan%
                                                     0         -nan%                0         -nan%
                                                  -nan         -nan              -nan         -nan

FUTGSHARE_CHANGED_CORRECTED_OFF_PATH_11              0         -nan%                0         -nan%
FUTGSHARE_CHANGED_SCREWED_OFF_PATH_11                0         -nan%                0         -nan%
                                                     0         -nan%                0         -nan%
                                                  -nan         -nan              -nan         -nan

FUTGSHARE_CHANGED_CORRECTED_ON_PATH_12               0         -nan%                0         -nan%
FUTGSHARE_CHANGED_SCREWED_ON_PATH_12                 0         -nan%                0         -nan%
                                                     0         -nan%                0         -nan%
                                                  -nan         -nan              -nan         -nan

FUTGSHARE_CHANGED_CORRECTED_OFF_PATH_12              0         -nan%                0         -nan%
FUTGSHARE_CHANGED_SCREWED_OFF_PATH_12                0         -nan%                0         -nan%
                                                     0         -nan%                0         -nan%
                                                  -nan         -nan              -nan         -nan

FUTGSHARE_CHANGED_CORRECTED_ON_PATH_13               0         -nan%                0         -nan%
FUTGSHARE_CHANGED_SCREWED_ON_PATH_13                 0         -nan%                0         -nan%
                                                     0         -nan%                0         -nan%
                                                  -nan         -nan              -nan         -nan

FUTGSHARE_CHANGED_CORRECTED_OFF_PATH_13              0         -nan%                0         -nan%
FUTGSHARE_CHANGED_SCREWED_OFF_PATH_13                0         -nan%                0         -nan%
                                                     0         -nan%                0         -nan%
                                                  -nan         -nan              -nan         -nan

FUTGSHARE_CHANGED_CORRECTED_ON_PATH_14               0         -nan%                0         -nan%
FUTGSHARE_CHANGED_SCREWED_ON_PATH_14                 0         -nan%                0         -nan%
                                                     0         -nan%                0         -nan%
                                                  -nan         -nan              -nan         -nan

FUTGSHARE_CHANGED_CORRECTED_OFF_PATH_14              0         -nan%                0         -nan%
FUTGSHARE_CHANGED_SCREWED_OFF_PATH_14                0         -nan%                0         -nan%
                                                     0         -nan%                0         -nan%
                                                  -nan         -nan              -nan         -nan

FUTGSHARE_CHANGED_CORRECTED_ON_PATH_15               0         -nan%                0         -nan%
FUTGSHARE_CHANGED_SCREWED_ON_PATH_15                 0         -nan%                0         -nan%
                                                     0         -nan%                0         -nan%
                                                  -nan         -nan              -nan         -nan

FUTGSHARE_CHANGED_CORRECTED_OFF_PATH_15              0         -nan%                0         -nan%
FUTGSHARE_CHANGED_SCREWED_OFF_PATH_15                0         -nan%                0         -nan%
                                                     0         -nan%                0         -nan%
                                                  -nan         -nan              -nan         -nan

FRAGHIST_BIN_0                                       0         -nan%                0         -nan%
FRAGHIST_BIN_1                                       0         -nan%                0         -nan%
FRAGHIST_BIN_2                                       0         -nan%                0         -nan%
FRAGHIST_BIN_3                                       0         -nan%                0         -nan%
FRAGHIST_BIN_4                                       0         -nan%                0         -nan%
FRAGHIST_BIN_5                                       0         -nan%                0         -nan%
FRAGHIST_BIN_6                                       0         -nan%                0         -nan%
FRAGHIST_BIN_7                                       0         -nan%                0         -nan%
FRAGHIST_BIN_8                                       0         -nan%                0         -nan%
FRAGHIST_BIN_9                                       0         -nan%                0         -nan%
FRAGHIST_BIN_10                                      0         -nan%                0         -nan%
FRAGHIST_BIN_11                                      0         -nan%                0         -nan%
FRAGHIST_BIN_12                                      0         -nan%                0         -nan%
FRAGHIST_BIN_13                                      0         -nan%                0         -nan%
FRAGHIST_BIN_14                                      0         -nan%                0         -nan%
FRAGHIST_BIN_15                                      0         -nan%                0         -nan%
FRAGHIST_BIN_16                                      0         -nan%                0         -nan%
FRAGHIST_BIN_17                                      0         -nan%                0         -nan%
FRAGHIST_BIN_18                                      0         -nan%                0         -nan%
FRAGHIST_BIN_19                                      0         -nan%                0         -nan%
FRAGHIST_BIN_20                                      0         -nan%                0         -nan%
FRAGHIST_BIN_21                                      0         -nan%                0         -nan%
FRAGHIST_BIN_22                                      0         -nan%                0         -nan%
FRAGHIST_BIN_23                                      0         -nan%                0         -nan%
FRAGHIST_BIN_24                                      0         -nan%                0         -nan%
FRAGHIST_BIN_25                                      0         -nan%                0         -nan%
FRAGHIST_BIN_26                                      0         -nan%                0         -nan%
FRAGHIST_BIN_27                                      0         -nan%                0         -nan%
FRAGHIST_BIN_28                                      0         -nan%                0         -nan%
FRAGHIST_BIN_29                                      0         -nan%                0         -nan%
FRAGHIST_BIN_30                                      0         -nan%                0         -nan%
FRAGHIST_BIN_31                                      0         -nan%                0         -nan%
FRAGHIST_BIN_32                                      0         -nan%                0         -nan%
                                                     0         -nan%                0         -nan%
                                                  -nan         -nan              -nan         -nan

BTB_UPDATE_BTB_HIT_JITTED_NOT_CF                     0         -nan%                0         -nan%
BTB_UPDATE_BTB_HIT_JITTED_CF_BR                      0         -nan%                0         -nan%
BTB_UPDATE_BTB_HIT_JITTED_CF_CBR                     0         -nan%                0         -nan%
BTB_UPDATE_BTB_HIT_JITTED_CF_CALL                    0         -nan%                0         -nan%
BTB_UPDATE_BTB_HIT_JITTED_CF_IBR                     0         -nan%                0         -nan%
BTB_UPDATE_BTB_HIT_JITTED_CF_ICALL                   0         -nan%                0         -nan%
BTB_UPDATE_BTB_HIT_JITTED_CF_ICO                     0         -nan%                0         -nan%
BTB_UPDATE_BTB_HIT_JITTED_CF_RET                     0         -nan%                0         -nan%
                                                     0         -nan%                0         -nan%
                                                  -nan         -nan              -nan         -nan

RESTEER_BTB_MISS_NOT_CF                           8312       31.578%            16437       29.131%
RESTEER_BTB_MISS_CF_BR                               0        0.000%                0        0.000%
RESTEER_BTB_MISS_CF_CBR                              0        0.000%               85        0.151%
RESTEER_BTB_MISS_CF_REP                              0        0.000%                3        0.005%
RESTEER_BTB_MISS_CF_CALL                             0        0.000%                0        0.000%
RESTEER_BTB_MISS_CF_IBR                              0        0.000%               70        0.124%
RESTEER_BTB_MISS_CF_ICALL                            0        0.000%                0        0.000%
RESTEER_BTB_MISS_CF_ICO                              0        0.000%                0        0.000%
RESTEER_BTB_MISS_CF_RET                              0        0.000%                0        0.000%
RESTEER_MISPRED_NOT_CF                               0        0.000%                0        0.000%
RESTEER_MISPRED_CF_BR                                0        0.000%                0        0.000%
RESTEER_MISPRED_CF_CBR                           17851       67.818%            39483       69.976%
RESTEER_MISPRED_CF_REP                               0        0.000%                0        0.000%
RESTEER_MISPRED_CF_CALL                              0        0.000%                0        0.000%
RESTEER_MISPRED_CF_IBR                               0        0.000%                8        0.014%
RESTEER_MISPRED_CF_ICALL                             1        0.004%                3        0.005%
RESTEER_MISPRED_CF_ICO                               0        0.000%                0        0.000%
RESTEER_MISPRED_CF_RET                               0        0.000%                6        0.011%
RESTEER_MISFETCH_NOT_CF                              0        0.000%                0        0.000%
RESTEER_MISFETCH_CF_BR                               0        0.000%                0        0.000%
RESTEER_MISFETCH_CF_CBR                             31        0.118%               85        0.151%
RESTEER_MISFETCH_CF_REP                              0        0.000%                0        0.000%
RESTEER_MISFETCH_CF_CALL                             0        0.000%                0        0.000%
RESTEER_MISFETCH_CF_IBR                              0        0.000%                0        0.000%
RESTEER_MISFETCH_CF_ICALL                            0        0.000%                0        0.000%
RESTEER_MISFETCH_CF_ICO                              0        0.000%                0        0.000%
RESTEER_MISFETCH_CF_RET                            127        0.482%              244        0.432%
RESTEER_NO_TARGET_CF_IBR                             0        0.000%                0        0.000%
RESTEER_NO_TARGET_CF_ICALL                           0        0.000%                0        0.000%
RESTEER_NO_TARGET_CF_ICO                             0        0.000%                0        0.000%
RESTEER_NO_TARGET_CF_RET                             0        0.000%                0        0.000%
                                                 26322      100.000%            56424      100.000%
                                                  7.61         3.10              7.85         2.94

TAGESCL_COMP_TAGE_BASE_CORRECT                  337282       21.583%           717927       22.939%
TAGESCL_COMP_TAGE_BASE_MISPREDICT                    8        0.001%              397        0.013%
TAGESCL_COMP_TAGE_SHORT_CORRECT                 534365       34.194%          1123847       35.909%
TAGESCL_COMP_TAGE_SHORT_MISPREDICT                2014        0.129%             6343        0.203%
TAGESCL_COMP_TAGE_LONG_CORRECT                  656138       41.986%          1217189       38.892%
TAGESCL_COMP_TAGE_LONG_MISPREDICT                14029        0.898%            28847        0.922%
TAGESCL_COMP_LOOP_CORRECT                        13420        0.859%            23591        0.754%
TAGESCL_COMP_LOOP_MISPREDICT                        11        0.001%               23        0.001%
TAGESCL_COMP_SC_CORRECT                           3667        0.235%             7561        0.242%
TAGESCL_COMP_SC_MISPREDICT                        1820        0.116%             3958        0.126%
                                               1562754      100.000%          3129683      100.000%
                                                  2.49         1.15              2.40         1.16

TAGESCL_COMP_BTB_MISS_TAGE_BASE_CORRECT         147935       96.211%           338314       96.653%
TAGESCL_COMP_BTB_MISS_TAGE_BASE_MISPREDICT             4        0.003%              244        0.070%
TAGESCL_COMP_BTB_MISS_TAGE_SHORT_CORRECT          4234        2.754%             8312        2.375%
TAGESCL_COMP_BTB_MISS_TAGE_SHORT_MISPREDICT             0        0.000%                6        0.002%
TAGESCL_COMP_BTB_MISS_TAGE_LONG_CORRECT           1535        0.998%             3048        0.871%
TAGESCL_COMP_BTB_MISS_TAGE_LONG_MISPREDICT            27        0.018%               66        0.019%
TAGESCL_COMP_BTB_MISS_LOOP_CORRECT                   4        0.003%                4        0.001%
TAGESCL_COMP_BTB_MISS_LOOP_MISPREDICT                3        0.002%                3        0.001%
TAGESCL_COMP_BTB_MISS_SC_CORRECT                    18        0.012%               28        0.008%
TAGESCL_COMP_BTB_MISS_SC_MISPREDICT                  1        0.001%                3        0.001%
                                                153761      100.000%           350028      100.000%
                                                  0.10         0.52              0.08         0.48

TAGESCL_CONF_0_PER_BASE_MISPREDICT                   0        0.000%                0        0.000%
TAGESCL_CONF_1_PER_BASE_MISPREDICT                   5        0.028%              275        0.695%
TAGESCL_CONF_2_PER_BASE_MISPREDICT                   0        0.000%                0        0.000%
TAGESCL_CONF_3_PER_BASE_MISPREDICT                   3        0.017%              122        0.308%
TAGESCL_CONF_0_PER_SHORT_MISPREDICT                103        0.576%              473        1.195%
TAGESCL_CONF_1_PER_SHORT_MISPREDICT                477        2.667%             1772        4.478%
TAGESCL_CONF_2_PER_SHORT_MISPREDICT                195        1.090%              589        1.489%
TAGESCL_CONF_3_PER_SHORT_MISPREDICT               1239        6.929%             3509        8.868%
TAGESCL_CONF_0_PER_LONG_MISPREDICT                2111       11.805%             4472       11.302%
TAGESCL_CONF_1_PER_LONG_MISPREDICT                3261       18.236%             7726       19.526%
TAGESCL_CONF_2_PER_LONG_MISPREDICT                2387       13.349%             4393       11.102%
TAGESCL_CONF_3_PER_LONG_MISPREDICT                6270       35.063%            12256       30.975%
TAGESCL_CONF_0_PER_LOOP_MISPREDICT                   1        0.006%                1        0.003%
TAGESCL_CONF_1_PER_LOOP_MISPREDICT                   1        0.006%                3        0.008%
TAGESCL_CONF_2_PER_LOOP_MISPREDICT                   0        0.000%                0        0.000%
TAGESCL_CONF_3_PER_LOOP_MISPREDICT                   9        0.050%               19        0.048%
TAGESCL_CONF_0_PER_SC_MISPREDICT                   307        1.717%              580        1.466%
TAGESCL_CONF_1_PER_SC_MISPREDICT                  1193        6.672%             2741        6.927%
TAGESCL_CONF_2_PER_SC_MISPREDICT                   172        0.962%              363        0.917%
TAGESCL_CONF_3_PER_SC_MISPREDICT                   148        0.828%              274        0.692%
                                                 17882      100.000%            39568      100.000%
                                                 10.23         2.95              9.89         3.16

TAGESCL_SC_SMALLLSUM                              4051        0.260%             8984        0.287%
TAGESCL_SC_SMALLLFIRST                               0        0.000%               90        0.003%
TAGESCL_SC_SMALLLSECOND                            124        0.008%              243        0.008%
TAGESCL_SC_IDENTICAL                           1556830       99.733%          3117434       99.702%
                                               1561005      100.000%          3126751      100.000%
                                                  2.99         2.99              2.99         2.99

CRS_UNDERFLOW_ON_PATH                                0        0.000%               12       11.111%
CRS_UNDERFLOW_OFF_PATH                              32      100.000%               96       88.889%
                                                    32      100.000%              108      100.000%
                                                  1.00         1.02              0.89         0.85



