/* -*- Mode: c -*- */
####################################################################################################
Core 0
####################################################################################################
Cumulative:        Cycles: 20163706              Instructions: 19967237              IPC: 0.99026

Periodic:          Cycles: 9996116               Instructions: 9983618               IPC: 0.99875

MISS_WAIT_TIME                               138022847                      649123845              

ICACHE_STAGE_MISS                                   12                            168              

ICACHE_CYCLE                                   9996116                       20163706              

TCACHE_CYCLE                                         0                              0              

ICACHE_SERVING_CYCLE_ON_PATH                     92181                         185944              

ICACHE_SERVING_CYCLE_OFF_PATH                    67279                         173741              

UCACHE_SERVING_CYCLE_ON_PATH                   2695015                        5451025              

UCACHE_SERVING_CYCLE_OFF_PATH                  7010500                       14091351              

ICACHE_CYCLE_ONPATH                            2791622       27.927%          5655821       28.050%
ICACHE_CYCLE_OFFPATH                           7204494       72.073%         14507885       71.950%
                                               9996116      100.000%         20163706      100.000%
                                                  0.72         0.66              0.72         0.66

FETCH_ON_PATH                                  2917480       29.186%          5896411       29.243%
FETCH_OFF_PATH                                 7078636       70.814%         14267295       70.757%
                                               9996116      100.000%         20163706      100.000%
                                                  0.71         0.64              0.71         0.64

FETCHED_OPS_ON_PATH                                  0         -nan%                0         -nan%
FETCHED_OPS_OFF_PATH                                 0         -nan%                0         -nan%
                                                     0         -nan%                0         -nan%
                                                  -nan         -nan              -nan         -nan

INST_LOST_FETCH                               10398591       29.319%         20819138       29.508%
INST_LOST_OFF_PATH                            17732967       49.998%         34423562       48.790%
INST_LOST_FULL_WINDOW                          4649068       13.108%          9688449       13.732%
INST_LOST_ROB_STALL_OTHER                        68285        0.193%           143680        0.204%
INST_LOST_ROB_STALL_WAIT_FOR_RECOVERY                0        0.000%                0        0.000%
INST_LOST_ROB_STALL_WAIT_FOR_REDIRECT                0        0.000%                0        0.000%
INST_LOST_ROB_STALL_WAIT_FOR_GAP_FILL                0        0.000%                0        0.000%
INST_LOST_ROB_STALL_WAIT_FOR_L1_MISS                 0        0.000%                0        0.000%
INST_LOST_ROB_STALL_WAIT_FOR_MEMORY                 12        0.000%               18        0.000%
INST_LOST_ROB_STALL_WAIT_FOR_DC_MISS            766194        2.160%          1558294        2.209%
INST_LOST_ROB_BLOCK_ISSUE_FULL                       0        0.000%                0        0.000%
INST_LOST_ROB_BLOCK_ISSUE_GAP_TOO_LARGE              0        0.000%                0        0.000%
INST_LOST_BREAK_DONT                                 0        0.000%                0        0.000%
INST_LOST_BREAK_FT_UNAVAILABLE                  644682        1.818%          1231652        1.746%
INST_LOST_BREAK_ICACHE_STAGE_RESTEER             45443        0.128%            78840        0.112%
INST_LOST_BREAK_ICACHE_MISS_REQ_SUCCESS             44        0.000%              626        0.001%
INST_LOST_BREAK_ICACHE_MISS_REQ_FAILURE              0        0.000%                0        0.000%
INST_LOST_BREAK_ICACHE_WAIT_FOR_MISS              7197        0.020%            69367        0.098%
INST_LOST_BREAK_ICACHE_STALLED                    1231        0.003%             4421        0.006%
INST_LOST_BREAK_ICACHE_TO_UOP_CACHE_SWITCH        125111        0.353%           257285        0.365%
INST_LOST_BREAK_ICACHE_READ_LIMIT                 8840        0.025%            23556        0.033%
INST_LOST_BREAK_ICACHE_ISSUE_WIDTH                   0        0.000%                0        0.000%
INST_LOST_BREAK_UOP_CACHE_STALLED               353099        0.996%           860264        1.219%
INST_LOST_BREAK_UOP_CACHE_TO_ICACHE_SWITCH         82008        0.231%           171882        0.244%
INST_LOST_BREAK_UOP_CACHE_READ_LIMIT            584558        1.648%          1223878        1.735%
INST_LOST_BREAK_UOP_CACHE_ISSUE_WIDTH                0        0.000%                0        0.000%
                                              35467330      100.000%         70554912      100.000%
                                                  1.96         4.26              2.04         4.42

INST_LOST_TOTAL                               59712720                      120420269              

INST_LOST_WAIT_FOR_ICACHE_MISS_NOT_PREFETCHED             0        0.000%            16865       28.864%
INST_LOST_WAIT_FOR_ICACHE_MISS_PREFETCHED_AND_EVICTED_BY_IFETCH             0        0.000%                0        0.000%
INST_LOST_WAIT_FOR_ICACHE_MISS_PREFETCHED_AND_EVICTED_BY_FDIP             0        0.000%                0        0.000%
INST_LOST_WAIT_FOR_ICACHE_MISS_MSHR_HIT_PREF_OFFPATH             0        0.000%              210        0.359%
INST_LOST_WAIT_FOR_ICACHE_MISS_MSHR_HIT_PREF_ONPATH          2925      100.000%            41355       70.777%
                                                  2925      100.000%            58430      100.000%
                                                  4.00         4.00              2.84         2.58

FETCH_0_OPS                                     130257        1.303%           260082        1.290%
FETCH_1_OPS                                      18675        0.187%            41396        0.205%
FETCH_2_OPS                                     116211        1.163%           228374        1.133%
FETCH_3_OPS                                     116847        1.169%           252943        1.254%
FETCH_4_OPS                                      37493        0.375%           100312        0.497%
FETCH_5_OPS                                     350901        3.510%           843317        4.182%
FETCH_6_OPS                                    9225732       92.293%         18437282       91.438%
FETCH_7_OPS                                          0        0.000%                0        0.000%
FETCH_8_OPS                                          0        0.000%                0        0.000%
FETCH_9_OPS                                          0        0.000%                0        0.000%
FETCH_10_OPS                                         0        0.000%                0        0.000%
FETCH_11_OPS                                         0        0.000%                0        0.000%
FETCH_12_OPS                                         0        0.000%                0        0.000%
FETCH_13_OPS                                         0        0.000%                0        0.000%
FETCH_14_OPS                                         0        0.000%                0        0.000%
FETCH_15_OPS                                         0        0.000%                0        0.000%
FETCH_16_OPS                                         0        0.000%                0        0.000%
                                               9996116      100.000%         20163706      100.000%
                                                  5.79         0.61              5.78         0.63

ST_BREAK_DONT                                        0        0.000%                0        0.000%
ST_BREAK_FT_UNAVAILABLE                         129696        1.297%           247693        1.228%
ST_BREAK_ICACHE_STAGE_RESTEER                    11568        0.116%            20055        0.099%
ST_BREAK_ICACHE_MISS_REQ_SUCCESS                    12        0.000%              168        0.001%
ST_BREAK_ICACHE_MISS_REQ_FAILURE                     0        0.000%                0        0.000%
ST_BREAK_ICACHE_WAIT_FOR_MISS                     1440        0.014%            13874        0.069%
ST_BREAK_ICACHE_STALLED                           3554        0.036%            16890        0.084%
ST_BREAK_ICACHE_TO_UOP_CACHE_SWITCH              46831        0.468%            98437        0.488%
ST_BREAK_ICACHE_READ_LIMIT                        2982        0.030%             8104        0.040%
ST_BREAK_ICACHE_ISSUE_WIDTH                      80074        0.801%           177717        0.881%
ST_BREAK_UOP_CACHE_STALLED                     5010137       50.121%         10337942       51.270%
ST_BREAK_UOP_CACHE_TO_ICACHE_SWITCH              25571        0.256%            54068        0.268%
ST_BREAK_UOP_CACHE_READ_LIMIT                   270198        2.703%           606322        3.007%
ST_BREAK_UOP_CACHE_ISSUE_WIDTH                 4414053       44.158%          8582436       42.564%
                                               9996116      100.000%         20163706      100.000%
                                                 11.23         7.71             11.19         7.55

ORACLE_ON_PATH_INST                           10398591       36.964%         20819138       37.687%
ORACLE_OFF_PATH_INST                          17732967       63.036%         34423562       62.313%
                                              28131558      100.000%         55242700      100.000%
                                                  0.63         0.58              0.62         0.57

ORACLE_ON_PATH_INST_MEM                        2721034        9.673%          5473892        9.909%
ORACLE_ON_PATH_INST_NOTMEM                     7677557       27.292%         15345246       27.778%
ORACLE_OFF_PATH_INST_MEM                       4455399       15.838%          8712524       15.771%
ORACLE_OFF_PATH_INST_NOTMEM                   13277568       47.198%         25711038       46.542%
                                              28131558      100.000%         55242700      100.000%
                                                  2.01         1.63              1.99         1.61

ICACHE_CYCLE_NONRA_ONPATH                            0         -nan%                0         -nan%
ICACHE_CYCLE_NONRA_OFFPATH                           0         -nan%                0         -nan%
ICACHE_CYCLE_RA_ONPATH                               0         -nan%                0         -nan%
ICACHE_CYCLE_RA_OFFPATH                              0         -nan%                0         -nan%
                                                     0         -nan%                0         -nan%
                                                  -nan         -nan              -nan         -nan

ICACHE_CYCLE_ONPATH_NONRA                            0         -nan%                0         -nan%
ICACHE_CYCLE_OFFPATH_NONRA                           0         -nan%                0         -nan%
                                                     0         -nan%                0         -nan%
                                                  -nan         -nan              -nan         -nan

ICACHE_CYCLE_ONPATH_RA                               0         -nan%                0         -nan%
ICACHE_CYCLE_OFFPATH_RA                              0         -nan%                0         -nan%
                                                     0         -nan%                0         -nan%
                                                  -nan         -nan              -nan         -nan

INACCURATE_OFFPATH_CYCLES                            0        0.0000                0        0.0000

FETCH_ALL_INST                                28131558                       55242700              

EXEC_ALL_INST                                 12942360                       25821675              

RET_ALL_INST                                  10398553                       20818998              

EXEC_ON_PATH_INST                             10398469       80.344%         20819014       80.626%
EXEC_OFF_PATH_INST                             2543891       19.656%          5002661       19.374%
                                              12942360      100.000%         25821675      100.000%
                                                  0.20         0.37              0.19         0.36

EXEC_ON_PATH_INST_MEM                          2721004       21.024%          5473862       21.199%
EXEC_ON_PATH_INST_NOTMEM                       7677465       59.320%         15345152       59.427%
EXEC_OFF_PATH_INST_MEM                          707024        5.463%          1391759        5.390%
EXEC_OFF_PATH_INST_NOTMEM                      1836867       14.193%          3610902       13.984%
                                              12942360      100.000%         25821675      100.000%
                                                  1.13         0.85              1.12         0.85

EXEC_RA_INST                                         0         -nan%                0         -nan%
EXEC_NONRA_INST                                      0         -nan%                0         -nan%
                                                     0         -nan%                0         -nan%
                                                  -nan         -nan              -nan         -nan

EXEC_ON_PATH_INST_RA                                 0         -nan%                0         -nan%
EXEC_OFF_PATH_INST_RA                                0         -nan%                0         -nan%
                                                     0         -nan%                0         -nan%
                                                  -nan         -nan              -nan         -nan

EXEC_ON_PATH_INST_NONRA                              0         -nan%                0         -nan%
EXEC_OFF_PATH_INST_NONRA                             0         -nan%                0         -nan%
                                                     0         -nan%                0         -nan%
                                                  -nan         -nan              -nan         -nan

EXEC_RA_ON_PATH_INST                                 0         -nan%                0         -nan%
EXEC_RA_OFF_PATH_INST                                0         -nan%                0         -nan%
EXEC_NONRA_ON_PATH_INST                              0         -nan%                0         -nan%
EXEC_NONRA_OFF_PATH_INST                             0         -nan%                0         -nan%
                                                     0         -nan%                0         -nan%
                                                  -nan         -nan              -nan         -nan

ICACHE_THROTTLE_CYCLE                                0                              0              

FETCH_ENABLE_THROTTLE_OFF_PATH                       0         -nan%                0         -nan%
FETCH_ENABLE_THROTTLE_ON_PATH                        0         -nan%                0         -nan%
                                                     0         -nan%                0         -nan%
                                                  -nan         -nan              -nan         -nan

FETCH_DISABLE_THROTTLE_OFF_PATH                      0         -nan%                0         -nan%
FETCH_DISABLE_THROTTLE_ON_PATH                       0         -nan%                0         -nan%
                                                     0         -nan%                0         -nan%
                                                  -nan         -nan              -nan         -nan

FETCH_TH_ADJUST__0                                   0         -nan%                0         -nan%
FETCH_TH_ADJUST__1                                   0         -nan%                0         -nan%
FETCH_TH_ADJUST__2                                   0         -nan%                0         -nan%
FETCH_TH_ADJUST__3                                   0         -nan%                0         -nan%
FETCH_TH_ADJUST__4                                   0         -nan%                0         -nan%
FETCH_TH_ADJUST__5                                   0         -nan%                0         -nan%
FETCH_TH_ADJUST__6                                   0         -nan%                0         -nan%
FETCH_TH_ADJUST__7                                   0         -nan%                0         -nan%
FETCH_TH_ADJUST__8                                   0         -nan%                0         -nan%
FETCH_TH_ADJUST__9                                   0         -nan%                0         -nan%
FETCH_TH_ADJUST__MAX                                 0         -nan%                0         -nan%
                                                     0         -nan%                0         -nan%
                                                  -nan         -nan              -nan         -nan

FETCH_TH_ADJUST_UP                                   0         -nan%                0         -nan%
FETCH_TH_ADJUST_DOWN                                 0         -nan%                0         -nan%
FETCH_TH_ADJUST_SAME                                 0         -nan%                0         -nan%
                                                     0         -nan%                0         -nan%
                                                  -nan         -nan              -nan         -nan

THROTTLE_ADJUST_CACHE_MISS_INFO                      0                              0              

LOW_CONF_COUNT_BP_MIS_0                              0         -nan%                0         -nan%
LOW_CONF_COUNT_BP_MIS_1                              0         -nan%                0         -nan%
LOW_CONF_COUNT_BP_MIS_2                              0         -nan%                0         -nan%
LOW_CONF_COUNT_BP_MIS_3                              0         -nan%                0         -nan%
LOW_CONF_COUNT_BP_MIS_4                              0         -nan%                0         -nan%
LOW_CONF_COUNT_BP_MIS_5                              0         -nan%                0         -nan%
LOW_CONF_COUNT_BP_MIS_6                              0         -nan%                0         -nan%
LOW_CONF_COUNT_BP_MIS_7                              0         -nan%                0         -nan%
LOW_CONF_COUNT_BP_MIS_8                              0         -nan%                0         -nan%
LOW_CONF_COUNT_BP_MIS_9                              0         -nan%                0         -nan%
LOW_CONF_COUNT_BP_MIS_10                             0         -nan%                0         -nan%
LOW_CONF_COUNT_BP_MIS_11                             0         -nan%                0         -nan%
LOW_CONF_COUNT_BP_MIS_12                             0         -nan%                0         -nan%
LOW_CONF_COUNT_BP_MIS_13                             0         -nan%                0         -nan%
LOW_CONF_COUNT_BP_MIS_14                             0         -nan%                0         -nan%
LOW_CONF_COUNT_BP_MIS_15                             0         -nan%                0         -nan%
LOW_CONF_COUNT_BP_MIS_16                             0         -nan%                0         -nan%
LOW_CONF_COUNT_BP_MIS_17                             0         -nan%                0         -nan%
LOW_CONF_COUNT_BP_MIS_18                             0         -nan%                0         -nan%
LOW_CONF_COUNT_BP_MIS_19                             0         -nan%                0         -nan%
LOW_CONF_COUNT_BP_MIS_20                             0         -nan%                0         -nan%
                                                     0         -nan%                0         -nan%
                                                  -nan         -nan              -nan         -nan

LOW_CONF_COUNT_RET_0                                 0         -nan%                0         -nan%
LOW_CONF_COUNT_RET_1                                 0         -nan%                0         -nan%
LOW_CONF_COUNT_RET_2                                 0         -nan%                0         -nan%
LOW_CONF_COUNT_RET_3                                 0         -nan%                0         -nan%
LOW_CONF_COUNT_RET_4                                 0         -nan%                0         -nan%
LOW_CONF_COUNT_RET_5                                 0         -nan%                0         -nan%
LOW_CONF_COUNT_RET_6                                 0         -nan%                0         -nan%
LOW_CONF_COUNT_RET_7                                 0         -nan%                0         -nan%
LOW_CONF_COUNT_RET_8                                 0         -nan%                0         -nan%
LOW_CONF_COUNT_RET_9                                 0         -nan%                0         -nan%
LOW_CONF_COUNT_RET_10                                0         -nan%                0         -nan%
LOW_CONF_COUNT_RET_11                                0         -nan%                0         -nan%
LOW_CONF_COUNT_RET_12                                0         -nan%                0         -nan%
LOW_CONF_COUNT_RET_13                                0         -nan%                0         -nan%
LOW_CONF_COUNT_RET_14                                0         -nan%                0         -nan%
LOW_CONF_COUNT_RET_15                                0         -nan%                0         -nan%
LOW_CONF_COUNT_RET_16                                0         -nan%                0         -nan%
LOW_CONF_COUNT_RET_17                                0         -nan%                0         -nan%
LOW_CONF_COUNT_RET_18                                0         -nan%                0         -nan%
LOW_CONF_COUNT_RET_19                                0         -nan%                0         -nan%
LOW_CONF_COUNT_RET_20                                0         -nan%                0         -nan%
                                                     0         -nan%                0         -nan%
                                                  -nan         -nan              -nan         -nan

CYCLES_RESTEER_MISPRED                               0         -nan%                0         -nan%
CYCLES_RESTEER_MISFETCH                              0         -nan%                0         -nan%
CYCLES_RESTEER_BTB_MISS                              0         -nan%                0         -nan%
                                                     0         -nan%                0         -nan%
                                                  -nan         -nan              -nan         -nan

CYCLES_RESTEER_MISPRED_SAVED_UC_FETCH                0         -nan%                0         -nan%
CYCLES_RESTEER_MISPRED_COULD_BE_SAVED_UC_FETCH             0         -nan%                0         -nan%
CYCLES_RESTEER_MISFETCH_SAVED_UC_FETCH               0         -nan%                0         -nan%
CYCLES_RESTEER_MISFETCH_COULD_BE_SAVED_UC_FETCH             0         -nan%                0         -nan%
CYCLES_RESTEER_BTB_MISS_SAVED_UC_FETCH               0         -nan%                0         -nan%
CYCLES_RESTEER_BTB_MISS_COULD_BE_SAVED_UC_FETCH             0         -nan%                0         -nan%
                                                     0         -nan%                0         -nan%
                                                  -nan         -nan              -nan         -nan

CYCLES_UOC_IC_SWITCH                                 0                              0              



