/* -*- Mode: c -*- */
####################################################################################################
Core 0
####################################################################################################
Cumulative:        Cycles: 13367802              Instructions: 19999999              IPC: 1.49613

Periodic:          Cycles: 6663014               Instructions: 9999999               IPC: 1.50082

ST_OP_INV                                            0        0.000%                0        0.000%
ST_OP_NOP                                       298629        2.382%           597447        2.383%
ST_OP_CF                                       1119671        8.932%          2239850        8.933%
ST_OP_MOV                                       672117        5.361%          1344829        5.363%
ST_OP_CMOV                                           0        0.000%                0        0.000%
ST_OP_LDA                                       336036        2.681%           672318        2.681%
ST_OP_ILD                                      1343162       10.714%          2686365       10.714%
ST_OP_IST                                       261654        2.087%           523737        2.089%
ST_OP_IADD                                      820894        6.548%          1641968        6.549%
ST_OP_IMUL                                       37372        0.298%            74792        0.298%
ST_OP_IDIV                                           0        0.000%                0        0.000%
ST_OP_ICMP                                      224098        1.788%           448459        1.789%
ST_OP_LOGIC                                     485016        3.869%           970055        3.869%
ST_OP_SHIFT                                     111989        0.893%           224052        0.894%
ST_OP_FLD                                      2648748       21.129%          5297596       21.128%
ST_OP_FST                                       895735        7.145%          1791795        7.146%
ST_OP_FCVT                                           0        0.000%                0        0.000%
ST_OP_FADD                                     1044092        8.329%          2087777        8.327%
ST_OP_FMUL                                     1453781       11.597%          2906547       11.592%
ST_OP_FMA                                       298472        2.381%           597040        2.381%
ST_OP_FDIV                                      260941        2.082%           521708        2.081%
ST_OP_FCMP                                      223775        1.785%           447510        1.785%
ST_OP_FCMOV                                          0        0.000%                0        0.000%
ST_OP_GATHER                                         0        0.000%                0        0.000%
ST_OP_SCATTER                                        0        0.000%                0        0.000%
ST_OP_PIPELINED_FAST                                 0        0.000%                0        0.000%
ST_OP_PIPELINED_MEDIUM                               0        0.000%                0        0.000%
ST_OP_PIPELINED_SLOW                                 0        0.000%                0        0.000%
ST_OP_NOTPIPELINED_MEDIUM                            0        0.000%                0        0.000%
ST_OP_NOTPIPELINED_SLOW                              0        0.000%                0        0.000%
ST_OP_NOTPIPELINED_VERY_SLOW                         0        0.000%                0        0.000%
                                              12536182      100.000%         25073845      100.000%
                                                 11.39         5.85             11.39         5.85

ST_NOT_CF                                     11416511       91.068%         22833995       91.067%
ST_CF_BR                                            31        0.000%               81        0.000%
ST_CF_CBR                                       671742        5.358%          1343722        5.359%
ST_CF_REP                                            0        0.000%                0        0.000%
ST_CF_CALL                                      149299        1.191%           298682        1.191%
ST_CF_IBR                                       149299        1.191%           298683        1.191%
ST_CF_ICALL                                          0        0.000%                0        0.000%
ST_CF_ICO                                            0        0.000%                0        0.000%
ST_CF_RET                                       149300        1.191%           298682        1.191%
ST_CF_SYS                                            0        0.000%                0        0.000%
                                              12536182      100.000%         25073845      100.000%
                                                  0.31         1.13              0.31         1.13

REP_FIRST                                            0                              0              

ST_BAR_NONE                                   12536182      100.000%         25073845      100.000%
ST_BAR_FETCH                                         0        0.000%                0        0.000%
ST_BAR_ISSUE                                         0        0.000%                0        0.000%
ST_BAR_BOTH                                          0        0.000%                0        0.000%
                                              12536182      100.000%         25073845      100.000%
                                                  0.00         0.00              0.00         0.00

ST_NOT_MEM                                     7386883       58.925%         14774352       58.923%
ST_MEM_LD                                      3991910       31.843%          7983961       31.842%
ST_MEM_ST                                      1157389        9.232%          2315532        9.235%
ST_MEM_PF                                            0        0.000%                0        0.000%
ST_MEM_WH                                            0        0.000%                0        0.000%
ST_MEM_EVICT                                         0        0.000%                0        0.000%
                                              12536182      100.000%         25073845      100.000%
                                                  0.50         0.53              0.50         0.53

ST_NOT_MEM_OFFPATH                             2953646       99.043%          5859977       98.658%
ST_MEM_LD_OFFPATH                                21534        0.722%            60784        1.023%
ST_MEM_ST_OFFPATH                                 7001        0.235%            18898        0.318%
ST_MEM_PF_OFFPATH                                    0        0.000%                0        0.000%
ST_MEM_WH_OFFPATH                                    0        0.000%                0        0.000%
ST_MEM_EVIC_OFFPATHT                                 0        0.000%                0        0.000%
                                               2982181      100.000%          5939659      100.000%
                                                  0.01         0.13              0.02         0.15

ST_OP_ONPATH                                  12536182                       25073845              

ST_OP_OFFPATH                                  2982181                        5939659              

ST_FAKE_OP_OFFPATH                             2876000       96.439%          5671207       95.480%
ST_NOT_FAKE_OP_OFFPATH                          106181        3.561%           268452        4.520%
                                               2982181      100.000%          5939659      100.000%
                                                  0.04         0.18              0.05         0.20

ST_FAKE_REASON_NOT_FAKE                         106181        3.561%           268452        4.520%
ST_FAKE_REASON_REDIRECT_TO_NOT_INSTRUMENTED       2876000       96.439%          5671207       95.480%
ST_FAKE_REASON_RETURN_TO_NOT_INSTRUMENTED             0        0.000%                0        0.000%
ST_FAKE_REASON_NONRET_CF_TO_NOT_INSTRUMENTED             0        0.000%                0        0.000%
ST_FAKE_REASON_NOT_TAKEN_TO_NOT_INSTRUMENTED             0        0.000%                0        0.000%
ST_FAKE_REASON_WRONG_PATH_STORE_TO_NEW_REGION             0        0.000%                0        0.000%
                                               2982181      100.000%          5939659      100.000%
                                                  0.96         0.03              0.95         0.04

ST_INST_ONPATH                                 9999357                       19999999              

ST_INST_OFFPATH                                2968195                        5899932              

STATIC_PIN_NOP                                       0                              0              

DYNAMIC_PIN_REP_GREATER_256                          0                              0              

INST_MAP_UPDATE_JITTED                               0        0.000%                0        0.000%
INST_MAP_UPDATE_ENCODING                           133        0.015%              373        0.020%
INST_MAP_UPDATE_NPC_INV                              0        0.000%                0        0.000%
INST_MAP_UPDATE_NPC_NOP                              0        0.000%                0        0.000%
INST_MAP_UPDATE_NPC_CF                               0        0.000%                0        0.000%
INST_MAP_UPDATE_NPC_MOV                              0        0.000%                0        0.000%
INST_MAP_UPDATE_NPC_CMOV                             0        0.000%                0        0.000%
INST_MAP_UPDATE_NPC_LDA                              0        0.000%                0        0.000%
INST_MAP_UPDATE_NPC_IMEM                             0        0.000%                0        0.000%
INST_MAP_UPDATE_NPC_IADD                             0        0.000%                0        0.000%
INST_MAP_UPDATE_NPC_IMUL                        149474       16.386%           299119       16.392%
INST_MAP_UPDATE_NPC_IDIV                             0        0.000%                0        0.000%
INST_MAP_UPDATE_NPC_ICMP                             0        0.000%                0        0.000%
INST_MAP_UPDATE_NPC_LOGIC                            0        0.000%                0        0.000%
INST_MAP_UPDATE_NPC_SHIFT                            0        0.000%                0        0.000%
INST_MAP_UPDATE_NPC_FMEM                             0        0.000%                0        0.000%
INST_MAP_UPDATE_NPC_FCVT                             0        0.000%                0        0.000%
INST_MAP_UPDATE_NPC_FADD                             0        0.000%                0        0.000%
INST_MAP_UPDATE_NPC_FMUL                             0        0.000%                0        0.000%
INST_MAP_UPDATE_NPC_FMA                              0        0.000%                0        0.000%
INST_MAP_UPDATE_NPC_FDIV                             0        0.000%                0        0.000%
INST_MAP_UPDATE_NPC_FCMP                             0        0.000%                0        0.000%
INST_MAP_UPDATE_NPC_FCMOV                            0        0.000%                0        0.000%
INST_MAP_UPDATE_NPC_GATHER                           0        0.000%                0        0.000%
INST_MAP_UPDATE_NPC_SCATTER                          0        0.000%                0        0.000%
INST_MAP_UPDATE_NPC_PIPELINED_FAST                   0        0.000%                0        0.000%
INST_MAP_UPDATE_NPC_PIPELINED_MEDIUM                 0        0.000%                0        0.000%
INST_MAP_UPDATE_NPC_PIPELINED_SLOW                   0        0.000%                0        0.000%
INST_MAP_UPDATE_NPC_NOTPIPELINED_MEDIUM              0        0.000%                0        0.000%
INST_MAP_UPDATE_NPC_NOTPIPELINED_SLOW                0        0.000%                0        0.000%
INST_MAP_UPDATE_NPC_NOTPIPELINED_VERY_SLOW             0        0.000%                0        0.000%
INST_MAP_UPDATE_MEM_INV                              0        0.000%                0        0.000%
INST_MAP_UPDATE_MEM_NOP                              0        0.000%                0        0.000%
INST_MAP_UPDATE_MEM_CF                               0        0.000%                0        0.000%
INST_MAP_UPDATE_MEM_MOV                         366829       40.213%           734161       40.232%
INST_MAP_UPDATE_MEM_CMOV                             0        0.000%                0        0.000%
INST_MAP_UPDATE_MEM_LDA                              0        0.000%                0        0.000%
INST_MAP_UPDATE_MEM_IMEM                             0        0.000%                0        0.000%
INST_MAP_UPDATE_MEM_IADD                             0        0.000%                0        0.000%
INST_MAP_UPDATE_MEM_IMUL                         74223        8.137%           148308        8.127%
INST_MAP_UPDATE_MEM_IDIV                             0        0.000%                0        0.000%
INST_MAP_UPDATE_MEM_ICMP                             0        0.000%                0        0.000%
INST_MAP_UPDATE_MEM_LOGIC                        37340        4.093%            74707        4.094%
INST_MAP_UPDATE_MEM_SHIFT                            0        0.000%                0        0.000%
INST_MAP_UPDATE_MEM_FMEM                             0        0.000%                0        0.000%
INST_MAP_UPDATE_MEM_FCVT                             0        0.000%                0        0.000%
INST_MAP_UPDATE_MEM_FADD                             0        0.000%                0        0.000%
INST_MAP_UPDATE_MEM_FMUL                             0        0.000%                0        0.000%
INST_MAP_UPDATE_MEM_FMA                         186417       20.436%           372940       20.437%
INST_MAP_UPDATE_MEM_FDIV                         97790       10.720%           195230       10.698%
INST_MAP_UPDATE_MEM_FCMP                             0        0.000%                0        0.000%
INST_MAP_UPDATE_MEM_FCMOV                            0        0.000%                0        0.000%
INST_MAP_UPDATE_MEM_GATHER                           0        0.000%                0        0.000%
INST_MAP_UPDATE_MEM_SCATTER                          0        0.000%                0        0.000%
INST_MAP_UPDATE_MEM_PIPELINED_FAST                   0        0.000%                0        0.000%
INST_MAP_UPDATE_MEM_PIPELINED_MEDIUM                 0        0.000%                0        0.000%
INST_MAP_UPDATE_MEM_PIPELINED_SLOW                   0        0.000%                0        0.000%
INST_MAP_UPDATE_MEM_NOTPIPELINED_MEDIUM              0        0.000%                0        0.000%
INST_MAP_UPDATE_MEM_NOTPIPELINED_SLOW                0        0.000%                0        0.000%
INST_MAP_UPDATE_MEM_NOTPIPELINED_VERY_SLOW             0        0.000%                0        0.000%
                                                912206      100.000%          1824838      100.000%
                                                 35.27        12.72             35.26        12.72



