Scarab gitrev: 4a1223f
Warning: Scarab expects the trace file type to include OFFLINE_FILE_TYPE_ARCH_REGDEPS (0x20000), but got type: 0xe40
Scarab started at Fri Apr 24 02:54:37 2026

Initialized Ramulator. 
** Heartbeat:   5% -- { 1000008 } -- 0.00 KIPS (166.67 KIPS)
** Heartbeat:  10% -- { 2000013 } -- 200.00 KIPS (181.82 KIPS)
** Heartbeat:  15% -- { 3000013 } -- 200.00 KIPS (187.50 KIPS)
** Heartbeat:  20% -- { 4000021 } -- 200.00 KIPS (190.48 KIPS)
** Heartbeat:  25% -- { 5000025 } -- 166.67 KIPS (185.19 KIPS)
** Heartbeat:  30% -- { 6000026 } -- 200.00 KIPS (187.50 KIPS)
** Heartbeat:  35% -- { 7000026 } -- 166.67 KIPS (184.21 KIPS)
** Heartbeat:  40% -- { 8000028 } -- 200.00 KIPS (186.05 KIPS)
** Heartbeat:  45% -- { 9000031 } -- 200.00 KIPS (187.50 KIPS)
** Heartbeat:  50% -- { 10000032 } -- 166.67 KIPS (185.19 KIPS)
** Heartbeat:  55% -- { 11000032 } -- 200.00 KIPS (186.44 KIPS)
** Heartbeat:  60% -- { 12000034 } -- 166.67 KIPS (184.62 KIPS)
** Heartbeat:  65% -- { 13000034 } -- 200.00 KIPS (185.71 KIPS)
** Heartbeat:  70% -- { 14000035 } -- 200.00 KIPS (186.67 KIPS)
** Heartbeat:  75% -- { 15000041 } -- 166.67 KIPS (185.19 KIPS)
** Heartbeat:  80% -- { 16000041 } -- 200.00 KIPS (186.05 KIPS)
** Heartbeat:  85% -- { 17000045 } -- 166.67 KIPS (184.78 KIPS)
** Heartbeat:  90% -- { 18000048 } -- 200.00 KIPS (185.57 KIPS)
** Heartbeat:  95% -- { 19000050 } -- 200.00 KIPS (186.28 KIPS)
Reached end of trace (last_inst) pc=0x7ffff13ac618
** Core 0 Finished:    insts:19999999    cycles:20935303    time:6542282187500       -- 0.96 IPC (0.96 IPC) --  N/A  KIPS (185.19 KIPS)
Scarab finished at Fri Apr 24 02:56:25 2026

