Scarab gitrev: 4a1223f
Warning: Scarab expects the trace file type to include OFFLINE_FILE_TYPE_ARCH_REGDEPS (0x20000), but got type: 0xe40
Scarab started at Fri Apr 24 02:58:28 2026

Initialized Ramulator. 
** Heartbeat:   5% -- { 1000003 } -- 0.00 KIPS (166.67 KIPS)
** Heartbeat:  10% -- { 2000007 } -- 200.00 KIPS (181.82 KIPS)
** Heartbeat:  15% -- { 3000010 } -- 166.67 KIPS (176.47 KIPS)
** Heartbeat:  20% -- { 4000010 } -- 200.00 KIPS (181.82 KIPS)
** Heartbeat:  25% -- { 5000012 } -- 166.67 KIPS (178.57 KIPS)
** Heartbeat:  30% -- { 6000015 } -- 200.00 KIPS (181.82 KIPS)
** Heartbeat:  35% -- { 7000015 } -- 166.67 KIPS (179.49 KIPS)
** Heartbeat:  40% -- { 8000015 } -- 200.00 KIPS (181.82 KIPS)
** Heartbeat:  45% -- { 9000023 } -- 166.67 KIPS (180.00 KIPS)
** Heartbeat:  50% -- { 10000026 } -- 200.00 KIPS (181.82 KIPS)
** Heartbeat:  55% -- { 11000026 } -- 166.67 KIPS (180.33 KIPS)
** Heartbeat:  60% -- { 12000032 } -- 200.00 KIPS (181.82 KIPS)
** Heartbeat:  65% -- { 13000038 } -- 166.67 KIPS (180.56 KIPS)
** Heartbeat:  70% -- { 14000039 } -- 200.00 KIPS (181.82 KIPS)
** Heartbeat:  75% -- { 15000041 } -- 166.67 KIPS (180.72 KIPS)
** Heartbeat:  80% -- { 16000048 } -- 200.00 KIPS (181.82 KIPS)
** Heartbeat:  85% -- { 17000053 } -- 200.00 KIPS (182.80 KIPS)
** Heartbeat:  90% -- { 18000056 } -- 166.67 KIPS (181.82 KIPS)
** Heartbeat:  95% -- { 19000060 } -- 200.00 KIPS (182.69 KIPS)
Reached end of trace (last_inst) pc=0x7ffff383ffb7
** Core 0 Finished:    insts:19999999    cycles:12334235    time:3854448437500       -- 1.62 IPC (1.62 IPC) --  N/A  KIPS (181.82 KIPS)
Scarab finished at Fri Apr 24 03:00:18 2026

