/* -*- Mode: c -*- */
####################################################################################################
Core 0
####################################################################################################
Cumulative:        Cycles: 19555021              Instructions: 19999999              IPC: 1.02276

Periodic:          Cycles: 9808018               Instructions: 9999997               IPC: 1.01957

EXECUTION_TIME                           3065005625000                  6110944062500              

SIM_HOST_WALL_SECONDS                        59.626436                      59.626436              

NODE_CYCLE                                     9808018                       19555021              

NODE_INST_COUNT                                9999997                       19999999              

NODE_INST_COUNT_FETCHED                        9999997                       19999999              

NODE_UOP_COUNT                                11969872                       23987085              

EXEC_STAGE_NO_ISSUE_STALL_CYCLE                4469643                        8945188              

EXEC_STAGE_NO_ISSUE_STALL_CYCLE_ONPATH         4469520                        8943783              

FULL_WINDOW_STALL                                  112        0.001%              804        0.004%

FULL_WINDOW_MEM_OP                                  95       89.623%              714       93.333%
FULL_WINDOW_FP_OP                                   11       10.377%               49        6.405%
FULL_WINDOW_OTHER_OP                                 0        0.000%                2        0.261%
                                                   106      100.000%              765      100.000%
                                                  0.10         0.29              0.07         0.26

RET_BLOCKED_DC_MISS                            5234982       53.375%         10638734       54.404%

RET_BLOCKED_L1_MISS                            5163425       52.645%         10492948       53.659%

RET_BLOCKED_L1_MISS_BW_PREF                          0        0.000%                0        0.000%

RET_BLOCKED_L1_ACCESS                           240087        2.448%           456528        2.335%

RET_BLOCKED_MEM_STALL                          5165928       52.670%         10496231       53.675%

RET_BLOCKED_OFFCHIP_DEMAND                           0        0.000%                0        0.000%

OP_ISSUED                                     11969917                       23990141              

OP_RETIRED                                    11969872                       23987085              

OP_MACRO_FUSION_ONPATH                          371322                         723775              

OP_MACRO_FUSION_OFFPATH                             12                            145              

REPLAY_SIGNALED                                      0                              0              

REPLAY_COUNTED                                       0                              0              

OFF_CRITICAL_PATH                                    0         -nan%                0         -nan%
ON_CRITICAL_PATH                                     0         -nan%                0         -nan%
                                                     0         -nan%                0         -nan%
                                                  -nan         -nan              -nan         -nan

LD_NO_DEPENDENTS                                 33819        0.662%            60362        0.592%
LD_DEPENDENTS                                  5072950       99.338%         10135086       99.408%
                                               5106769      100.000%         10195448      100.000%
                                                  0.99         0.99              0.99         0.99

LD_EXEC_CYCLES_0                                     0        0.000%                0        0.000%
LD_EXEC_CYCLES_1                                     0        0.000%                0        0.000%
LD_EXEC_CYCLES_2                                     0        0.000%                0        0.000%
LD_EXEC_CYCLES_3                                  5029       42.968%            10181       42.978%
LD_EXEC_CYCLES_4                                  6675       57.032%            13508       57.022%
                                                 11704      100.000%            23689      100.000%
                                                  3.57         2.74              3.57         2.74

ICACHE_STAGE_STARVED                               392        0.004%             1279        0.007%
ICACHE_STAGE_NOT_STARVED                       9804538       99.996%         19530415       99.993%
                                               9804930      100.000%         19531694      100.000%
                                                  1.00         1.00              1.00         1.00

ICACHE_STAGE_STALLED                           7747065       78.987%         15394269       78.723%
ICACHE_STAGE_NOT_STALLED                       2057865       20.981%          4137425       21.158%
ICACHE_STAGE_OFF_PATH                             3088        0.031%            23327        0.119%
                                               9808018      100.000%         19555021      100.000%
                                                  0.21         0.36              0.21         0.37

DECODE_STAGE_STARVED                           9805043       99.970%         19546355       99.969%
DECODE_STAGE_NOT_STARVED                          2975        0.030%             6009        0.031%
                                               9808018      100.000%         19552364      100.000%
                                                  0.00         0.02              0.00         0.02

DECODE_STAGE_STALLED                             49944        0.509%            93708        0.479%
DECODE_STAGE_NOT_STALLED                       9758074       99.491%         19458656       99.507%
DECODE_STAGE_OFF_PATH                                0        0.000%             2657        0.014%
                                               9808018      100.000%         19555021      100.000%
                                                  0.99         0.01              1.00         0.02

UOPQ_STAGE_STARVED                                2327        0.113%             7689        0.186%
UOPQ_STAGE_NOT_STARVED                         2054385       99.887%          4128969       99.814%
                                               2056712      100.000%          4136658      100.000%
                                                  1.00         1.00              1.00         1.00

UOPQ_STAGE_STALLED                             7748590       79.003%         15397798       78.741%
UOPQ_STAGE_NOT_STALLED                         2056712       20.970%          4136658       21.154%
UOPQ_STAGE_OFF_PATH                               2716        0.028%            20565        0.105%
                                               9808018      100.000%         19555021      100.000%
                                                  0.21         0.36              0.21         0.37

RS_OP_READY_NOT_ISSUED_TOTAL                  13014824                       23451601              

RS_0_OP_READY_NOT_ISSUED                       9403835                       16479191              

RS_1_OP_READY_NOT_ISSUED                       1858717                        3592156              

RS_2_OP_READY_NOT_ISSUED                       1752272                        3380254              

RS_3_OP_READY_NOT_ISSUED                             0                              0              

RS_4_OP_READY_NOT_ISSUED                             0                              0              

RS_5_OP_READY_NOT_ISSUED                             0                              0              

RS_6_OP_READY_NOT_ISSUED                             0                              0              

RS_7_OP_READY_NOT_ISSUED                             0                              0              

RS_7_PLUS_OP_READY_NOT_ISSUED                        0                              0              

FU_IDLE_NO_READY_OPS_TOTAL                    54653895                      109814233              

FU_0_IDLE_NO_READY_OPS                         4855161                        9847928              

FU_1_IDLE_NO_READY_OPS                         5482849                       11107331              

FU_2_IDLE_NO_READY_OPS                         6459489                       12866799              

FU_3_IDLE_NO_READY_OPS                         6566958                       13067814              

FU_4_IDLE_NO_READY_OPS                         5709524                       11563164              

FU_5_IDLE_NO_READY_OPS                         6787438                       13815226              

FU_6_IDLE_NO_READY_OPS                         9409223                       18798878              

FU_7_IDLE_NO_READY_OPS                         9383253                       18747093              

FU_8_IDLE_NO_READY_OPS                               0                              0              

FU_9_IDLE_NO_READY_OPS                               0                              0              

FU_10_IDLE_NO_READY_OPS                              0                              0              

FU_11_IDLE_NO_READY_OPS                              0                              0              

FU_12_IDLE_NO_READY_OPS                              0                              0              

FU_13_IDLE_NO_READY_OPS                              0                              0              

FU_14_IDLE_NO_READY_OPS                              0                              0              

FU_15_IDLE_NO_READY_OPS                              0                              0              

FU_16_IDLE_NO_READY_OPS                              0                              0              

FU_17_IDLE_NO_READY_OPS                              0                              0              

FU_18_IDLE_NO_READY_OPS                              0                              0              

FU_19_IDLE_NO_READY_OPS                              0                              0              

FU_20_IDLE_NO_READY_OPS                              0                              0              

FU_21_IDLE_NO_READY_OPS                              0                              0              

FU_22_IDLE_NO_READY_OPS                              0                              0              

FU_23_IDLE_NO_READY_OPS                              0                              0              

FU_24_IDLE_NO_READY_OPS                              0                              0              

FU_25_IDLE_NO_READY_OPS                              0                              0              

FU_26_IDLE_NO_READY_OPS                              0                              0              

FU_27_IDLE_NO_READY_OPS                              0                              0              

FU_28_IDLE_NO_READY_OPS                              0                              0              

FU_29_IDLE_NO_READY_OPS                              0                              0              

FU_30_IDLE_NO_READY_OPS                              0                              0              

FU_31_IDLE_NO_READY_OPS                              0                              0              

FU_31_PLUS_IDLE_NO_READY_OPS                         0                              0              

MAP_STAGE_STARVED                                  313        0.004%             1757        0.012%
MAP_STAGE_NOT_STARVED                          7703082       99.996%         15041319       99.988%
                                               7703395      100.000%         15043076      100.000%
                                                  1.00         1.00              1.00         1.00

MAP_STAGE_STALLED                              5708101       74.094%         11043160       73.385%
MAP_STAGE_NOT_STALLED                          1995294       25.900%          3999916       26.581%
MAP_STAGE_OFF_PATH                                 489        0.006%             5220        0.035%
                                               7703884      100.000%         15048296      100.000%
                                                  0.26         0.38              0.27         0.38

MAP_STAGE_STALL_ITSELF                         2104134       21.453%          4506725       23.046%
MAP_STAGE_NOT_STALL_ITSELF                     7703884       78.547%         15048296       76.954%
                                               9808018      100.000%         19555021      100.000%
                                                  0.79         0.72              0.77         0.70

MAP_STAGE_LATE_ALLOCATE_SEND_BACK                    0                              0              

MAP_STAGE_RENAME_OP_ONPATH                    11969578                       23987085              

MAP_STAGE_RENAME_OP_OFFPATH                        831                           7611              

MAP_STAGE_RENAME_INT_REG_ONPATH                5172615                       10329305              

MAP_STAGE_RENAME_INT_REG_OFFPATH                   450                           3097              

MAP_STAGE_RENAME_VEC_REG_ONPATH                6335736                       12774294              

MAP_STAGE_RENAME_VEC_REG_OFFPATH                   330                           2174              

MAP_STAGE_RENAME_MOVE_ELIM_ONPATH                    0                              0              

MAP_STAGE_RENAME_MOVE_ELIM_OFFPATH                   0                              0              

MAP_STAGE_ONPATH_INT_REG_NUM_ALLOC             5172698                       10329287              

MAP_STAGE_ONPATH_VEC_REG_NUM_ALLOC             6335918                       12774279              

MAP_STAGE_ONPATH_INT_REG_NUM_SHORTLIVE          649271                        1310137              

MAP_STAGE_ONPATH_VEC_REG_NUM_SHORTLIVE          495751                         982376              

MAP_STAGE_ONPATH_INT_REG_USE_COUNT_0            483869                         929388              

MAP_STAGE_ONPATH_VEC_REG_USE_COUNT_0            132096                         235812              

MAP_STAGE_ONPATH_INT_REG_USE_COUNT_1           4228105                        8511946              

MAP_STAGE_ONPATH_VEC_REG_USE_COUNT_1           5011009                       10040543              

MAP_STAGE_ONPATH_INT_REG_USE_COUNT_2             47886                          87458              

MAP_STAGE_ONPATH_VEC_REG_USE_COUNT_2           1138433                        2377711              

MAP_STAGE_ONPATH_INT_REG_USE_COUNT_3              1252                           2321              

MAP_STAGE_ONPATH_VEC_REG_USE_COUNT_3                 0                              0              

MAP_STAGE_ONPATH_INT_REG_USE_COUNT_4             32530                          59163              

MAP_STAGE_ONPATH_VEC_REG_USE_COUNT_4                 0                              0              

MAP_STAGE_ONPATH_INT_REG_USE_COUNT_5               264                            527              

MAP_STAGE_ONPATH_VEC_REG_USE_COUNT_5                 0                              0              

MAP_STAGE_ONPATH_INT_REG_USE_COUNT_6               520                            918              

MAP_STAGE_ONPATH_VEC_REG_USE_COUNT_6                 0                              0              

MAP_STAGE_ONPATH_INT_REG_USE_COUNT_7_PLUS        378272                         737566              

MAP_STAGE_ONPATH_VEC_REG_USE_COUNT_7_PLUS         54380                         120213              

MAP_STAGE_ONPATH_INT_REG_CONSUME_DIST_0              0        0.0000                0        0.0000

MAP_STAGE_ONPATH_VEC_REG_CONSUME_DIST_0              0        0.0000                0        0.0000

MAP_STAGE_ONPATH_INT_REG_CONSUME_DIST_1              0        0.0000                0        0.0000

MAP_STAGE_ONPATH_VEC_REG_CONSUME_DIST_1              0        0.0000                0        0.0000

MAP_STAGE_ONPATH_INT_REG_CONSUME_DIST_2       35115896      733.3228         71548127      818.0856

MAP_STAGE_ONPATH_VEC_REG_CONSUME_DIST_2       43590619       38.2900         93198205       39.1966

MAP_STAGE_ONPATH_INT_REG_CONSUME_DIST_3        3678908     2938.4249          6479842     2791.8320

MAP_STAGE_ONPATH_VEC_REG_CONSUME_DIST_3              0          -nan                0          -nan

MAP_STAGE_ONPATH_INT_REG_CONSUME_DIST_4        2961691       91.0449          5305501       89.6760

MAP_STAGE_ONPATH_VEC_REG_CONSUME_DIST_4              0          -nan                0          -nan

MAP_STAGE_ONPATH_INT_REG_CONSUME_DIST_5           2172        8.2273             3903        7.4061

MAP_STAGE_ONPATH_VEC_REG_CONSUME_DIST_5              0          -nan                0          -nan

MAP_STAGE_ONPATH_INT_REG_CONSUME_DIST_6        1875906     3607.5115          3349173     3648.3366

MAP_STAGE_ONPATH_VEC_REG_CONSUME_DIST_6              0          -nan                0          -nan

MAP_STAGE_ONPATH_INT_REG_CONSUME_DIST_7_PLUS     161040401      425.7265        315629377      427.9337

MAP_STAGE_ONPATH_VEC_REG_CONSUME_DIST_7_PLUS      28283796      520.1139         58109086      483.3844

MAP_STAGE_INT_REG_ISSUE_READ_TOTAL_CONSUMED      13021985        2.9134         25886858        2.8939

MAP_STAGE_VEC_REG_ISSUE_READ_TOTAL_CONSUMED       8837212        1.9772         18062027        2.0192

MAP_STAGE_INT_REG_ISSUE_READ_MULTI_CONSUMED       8333068        1.8644         16486490        1.8431

MAP_STAGE_VEC_REG_ISSUE_READ_MULTI_CONSUMED       2633471        0.5892          5523541        0.6175

MAP_STAGE_INT_REG_ISSUE_READ_SAME_CYCLE_CONSUMED       1205618        0.2697          2396763        0.2679

MAP_STAGE_VEC_REG_ISSUE_READ_SAME_CYCLE_CONSUMED        786019        0.1759          1615500        0.1806

MAP_STAGE_INT_REG_ISSUE_READ_TOTAL_CONSUMED_ONPATH      13021661        2.9134         25885266        2.8942

MAP_STAGE_VEC_REG_ISSUE_READ_TOTAL_CONSUMED_ONPATH       8837212        1.9772         18062009        2.0195

MAP_STAGE_INT_REG_ISSUE_READ_MULTI_CONSUMED_ONPATH       8332866        1.8644         16485338        1.8432

MAP_STAGE_VEC_REG_ISSUE_READ_MULTI_CONSUMED_ONPATH       2633471        0.5892          5523529        0.6176

MAP_STAGE_INT_REG_ISSUE_READ_SAME_CYCLE_CONSUMED_ONPATH       1205537        0.2697          2396412        0.2679

MAP_STAGE_VEC_REG_ISSUE_READ_SAME_CYCLE_CONSUMED_ONPATH        786019        0.1759          1615496        0.1806

MAP_STAGE_ONPATH_INT_REG_LIFECYCLE_EMPTY     230825094                      465946928              

MAP_STAGE_ONPATH_VEC_REG_LIFECYCLE_EMPTY     740919565                     1473722772              

MAP_STAGE_ONPATH_INT_REG_LIFECYCLE_IN_USE     660112084                     1307102032              

MAP_STAGE_ONPATH_VEC_REG_LIFECYCLE_IN_USE    1084739864                     2160947912              

MAP_STAGE_ONPATH_INT_REG_LIFECYCLE_SPEC_RELEASE    1418914421                     2824307642              

MAP_STAGE_ONPATH_VEC_REG_LIFECYCLE_SPEC_RELEASE    1680737886                     3351636132              

MAP_STAGE_ONPATH_INT_REG_LIFECYCLE_NONSPEC_RELEASE    1418914421                     2824307642              

MAP_STAGE_ONPATH_VEC_REG_LIFECYCLE_NONSPEC_RELEASE    1680737886                     3351636132              

MAP_STAGE_ONPATH_INT_REG_LIFECYCLE_TOTAL    1418914421                     2824307642              

MAP_STAGE_ONPATH_VEC_REG_LIFECYCLE_TOTAL    1680737886                     3351636132              

MAP_STAGE_ONPATH_INT_REG_NUM_NONBRANCH         5172698                       10329287              

MAP_STAGE_ONPATH_VEC_REG_NUM_NONBRANCH         6335918                       12774279              

MAP_STAGE_ONPATH_INT_REG_NUM_NONEXCEPT         5172698                       10329287              

MAP_STAGE_ONPATH_VEC_REG_NUM_NONEXCEPT         6335918                       12774279              

MAP_STAGE_ONPATH_INT_REG_NUM_ATOMIC            5172698                       10329287              

MAP_STAGE_ONPATH_VEC_REG_NUM_ATOMIC            6335918                       12774279              

MAP_STAGE_ONPATH_INT_REG_ATOMIC_REDEFINED_DIST_TOTAL    1418914421      274.3084       2824307642      273.4272

MAP_STAGE_ONPATH_VEC_REG_ATOMIC_REDEFINED_DIST_TOTAL    1680737886      265.2714       3351636132      262.3738

MAP_STAGE_ONPATH_INT_REG_ATOMIC_CONSUMED_DIST_TOTAL     660112084      127.6147       1307102032      126.5433

MAP_STAGE_ONPATH_VEC_REG_ATOMIC_CONSUMED_DIST_TOTAL    1084739864      171.2048       2160947912      169.1640

MAP_STAGE_ONPATH_INT_REG_ATOMIC_RELEASE_DIST_TOTAL    1418914421      274.3084       2824307642      273.4272

MAP_STAGE_ONPATH_VEC_REG_ATOMIC_RELEASE_DIST_TOTAL    1680737886      265.2714       3351636132      262.3738

EXEC_STAGE_STARVED                             6093250       62.125%         12355675       63.184%
EXEC_STAGE_NOT_STARVED                         3714656       37.874%          7197316       36.805%
EXEC_STAGE_OFF_PATH                                112        0.001%             2030        0.010%
                                               9808018      100.000%         19555021      100.000%
                                                  0.38         0.38              0.37         0.38

FU_BUSY_0                                      4176353                        8120834              

FU_BUSY_1                                      1907481                        3822760              

FU_BUSY_2                                      2907086                        5799654              

FU_BUSY_3                                      2794735                        5585536              

FU_BUSY_4                                      1156623                        2346848              

FU_BUSY_5                                       378321                         743799              

FU_BUSY_6                                       271309                         512647              

FU_BUSY_7                                       287842                         546604              

FU_BUSY_8                                            0                              0              

FU_BUSY_9                                            0                              0              

FU_BUSY_10                                           0                              0              

FU_BUSY_11                                           0                              0              

FU_BUSY_12                                           0                              0              

FU_BUSY_13                                           0                              0              

FU_BUSY_14                                           0                              0              

FU_BUSY_15                                           0                              0              

FU_BUSY_16                                           0                              0              

FU_BUSY_17                                           0                              0              

FU_BUSY_18                                           0                              0              

FU_BUSY_19                                           0                              0              

FU_BUSY_20                                           0                              0              

FU_BUSY_21                                           0                              0              

FU_BUSY_22                                           0                              0              

FU_BUSY_23                                           0                              0              

FU_BUSY_24                                           0                              0              

FU_BUSY_25                                           0                              0              

FU_BUSY_26                                           0                              0              

FU_BUSY_27                                           0                              0              

FU_BUSY_28                                           0                              0              

FU_BUSY_29                                           0                              0              

FU_BUSY_30                                           0                              0              

FU_BUSY_31                                           0                              0              

FU_REJECTED_OP_INV_NOT_SIMD                          0        0.000%                0        0.000%
FU_REJECTED_OP_NOP_NOT_SIMD                          0        0.000%                0        0.000%
FU_REJECTED_OP_CF_NOT_SIMD                         140        0.008%              233        0.007%
FU_REJECTED_OP_MOV_NOT_SIMD                        113        0.006%              219        0.007%
FU_REJECTED_OP_CMOV_NOT_SIMD                         0        0.000%                0        0.000%
FU_REJECTED_OP_LDA_NOT_SIMD                       2808        0.153%             4494        0.134%
FU_REJECTED_OP_IMEM_NOT_SIMD                    198615       10.802%           404103       12.081%
FU_REJECTED_OP_IADD_NOT_SIMD                       212        0.012%              492        0.015%
FU_REJECTED_OP_IMUL_NOT_SIMD                         2        0.000%                2        0.000%
FU_REJECTED_OP_IDIV_NOT_SIMD                         0        0.000%                0        0.000%
FU_REJECTED_OP_ICMP_NOT_SIMD                         0        0.000%                0        0.000%
FU_REJECTED_OP_LOGIC_NOT_SIMD                      131        0.007%              179        0.005%
FU_REJECTED_OP_SHIFT_NOT_SIMD                        1        0.000%                1        0.000%
FU_REJECTED_OP_FMEM_NOT_SIMD                         0        0.000%                0        0.000%
FU_REJECTED_OP_FCVT_NOT_SIMD                         0        0.000%                0        0.000%
FU_REJECTED_OP_FADD_NOT_SIMD                         0        0.000%                0        0.000%
FU_REJECTED_OP_FMUL_NOT_SIMD                         0        0.000%                0        0.000%
FU_REJECTED_OP_FMA_NOT_SIMD                          0        0.000%                0        0.000%
FU_REJECTED_OP_FDIV_NOT_SIMD                         0        0.000%                0        0.000%
FU_REJECTED_OP_FCMP_NOT_SIMD                         0        0.000%                0        0.000%
FU_REJECTED_OP_FCMOV_NOT_SIMD                        0        0.000%                0        0.000%
FU_REJECTED_OP_GATHER_NOT_SIMD                       0        0.000%                0        0.000%
FU_REJECTED_OP_SCATTER_NOT_SIMD                      0        0.000%                0        0.000%
FU_REJECTED_OP_PIPELINED_FAST_NOT_SIMD               0        0.000%                0        0.000%
FU_REJECTED_OP_PIPELINED_MEDIUM_NOT_SIMD             0        0.000%                0        0.000%
FU_REJECTED_OP_PIPELINED_SLOW_NOT_SIMD               0        0.000%                0        0.000%
FU_REJECTED_OP_NOTPIPELINED_MEDIUM_NOT_SIMD             0        0.000%                0        0.000%
FU_REJECTED_OP_NOTPIPELINED_SLOW_NOT_SIMD             0        0.000%                0        0.000%
FU_REJECTED_OP_NOTPIPELINED_VERY_SLOW_NOT_SIMD             0        0.000%                0        0.000%
FU_REJECTED_OP_INV_SIMD                              0        0.000%                0        0.000%
FU_REJECTED_OP_NOP_SIMD                              0        0.000%                0        0.000%
FU_REJECTED_OP_CF_SIMD                               0        0.000%                0        0.000%
FU_REJECTED_OP_MOV_SIMD                              1        0.000%                5        0.000%
FU_REJECTED_OP_CMOV_SIMD                             0        0.000%                0        0.000%
FU_REJECTED_OP_LDA_SIMD                              0        0.000%                0        0.000%
FU_REJECTED_OP_IMEM_SIMD                             0        0.000%                0        0.000%
FU_REJECTED_OP_IADD_SIMD                             0        0.000%                0        0.000%
FU_REJECTED_OP_IMUL_SIMD                             0        0.000%                0        0.000%
FU_REJECTED_OP_IDIV_SIMD                             0        0.000%                0        0.000%
FU_REJECTED_OP_ICMP_SIMD                             0        0.000%                0        0.000%
FU_REJECTED_OP_LOGIC_SIMD                            0        0.000%                0        0.000%
FU_REJECTED_OP_SHIFT_SIMD                            0        0.000%                0        0.000%
FU_REJECTED_OP_FMEM_SIMD                             0        0.000%                0        0.000%
FU_REJECTED_OP_FCVT_SIMD                        332568       18.087%           653008       19.523%
FU_REJECTED_OP_FADD_SIMD                         13234        0.720%            22549        0.674%
FU_REJECTED_OP_FMUL_SIMD                             0        0.000%                0        0.000%
FU_REJECTED_OP_FMA_SIMD                            420        0.023%              679        0.020%
FU_REJECTED_OP_FDIV_SIMD                           133        0.007%              197        0.006%
FU_REJECTED_OP_FCMP_SIMD                             7        0.000%               11        0.000%
FU_REJECTED_OP_FCMOV_SIMD                      1290364       70.176%          2258704       67.527%
FU_REJECTED_OP_GATHER_SIMD                          10        0.001%               10        0.000%
FU_REJECTED_OP_SCATTER_SIMD                          0        0.000%                0        0.000%
FU_REJECTED_OP_PIPELINED_FAST_SIMD                   0        0.000%                0        0.000%
FU_REJECTED_OP_PIPELINED_MEDIUM_SIMD                 0        0.000%                0        0.000%
FU_REJECTED_OP_PIPELINED_SLOW_SIMD                   0        0.000%                0        0.000%
FU_REJECTED_OP_NOTPIPELINED_MEDIUM_SIMD              0        0.000%                0        0.000%
FU_REJECTED_OP_NOTPIPELINED_SLOW_SIMD                0        0.000%                0        0.000%
FU_REJECTED_OP_NOTPIPELINED_VERY_SLOW_SIMD             0        0.000%                0        0.000%
                                               1838759      100.000%          3344886      100.000%
                                                 43.15        13.26             42.53        13.85

LSQ_FULL_TOTAL                                 5755997                       11135957              

LSQ_FULL_LOAD_QUEUE                            5755997                       11135957              

LSQ_FULL_STORE_QUEUE                                 0                              0              

OP_WAIT_0                                      5600706                       11381387              

OP_WAIT_1                                      2066746                        4089148              

OP_WAIT_2                                       832373                        1665942              

OP_WAIT_3                                       406861                         811668              

OP_WAIT_4                                       303861                         608293              

OP_WAIT_5                                       250056                         500149              

OP_WAIT_6                                       206980                         416056              

OP_WAIT_7                                       187999                         378968              

OP_WAIT_8                                       198899                         393683              

OP_WAIT_9                                       185904                         372350              

OP_WAIT_10                                      170879                         340505              

OP_WAIT_11                                      150071                         296627              

OP_WAIT_12                                      123248                         241984              

OP_WAIT_13                                      107739                         209159              

OP_WAIT_14                                       93233                         183007              

OP_WAIT_15                                       88376                         174150              

OP_WAIT_16                                       73176                         143684              

OP_WAIT_17                                       62822                         122849              

OP_WAIT_18                                       59920                         116142              

OP_WAIT_19                                       50455                          97313              

OP_WAIT_20                                       48760                          93920              

OP_WAIT_21                                       39120                          73618              

OP_WAIT_22                                       37982                          71515              

OP_WAIT_23                                       33082                          61924              

OP_WAIT_24                                       32733                          61236              

OP_WAIT_25                                       29037                          53763              

OP_WAIT_26                                       26497                          47397              

OP_WAIT_27                                       27460                          52149              

OP_WAIT_28                                       21943                          40211              

OP_WAIT_29                                       19671                          36921              

OP_WAIT_30                                       19101                          36026              

OP_WAIT_31                                      414182                         815341              

ROW_SIZE_0                                     7428239                       14796788              

ROW_SIZE_1                                      358916                         701670              

ROW_SIZE_2                                       69958                         149157              

ROW_SIZE_3                                       41768                          82434              

ROW_SIZE_4                                       33796                          61690              

ROW_SIZE_5                                       41494                          85147              

ROW_SIZE_6                                     1833847                        3677884              

ROW_SIZE_7                                           0                              0              

ROW_SIZE_8                                           0                              0              

ROW_SIZE_9                                           0                              0              

ROW_SIZE_10                                          0                              0              

ROW_SIZE_11                                          0                              0              

ROW_SIZE_12                                          0                              0              

ROW_SIZE_13                                          0                              0              

ROW_SIZE_14                                          0                              0              

ROW_SIZE_15                                          0                              0              

ROW_SIZE_16                                          0                              0              

ROW_SIZE_17                                          0                              0              

ROW_SIZE_18                                          0                              0              

ROW_SIZE_19                                          0                              0              

ROW_SIZE_20                                          0                              0              

ROW_SIZE_21                                          0                              0              

ROW_SIZE_22                                          0                              0              

ROW_SIZE_23                                          0                              0              

ROW_SIZE_24                                          0                              0              

ROW_SIZE_25                                          0                              0              

ROW_SIZE_26                                          0                              0              

ROW_SIZE_27                                          0                              0              

ROW_SIZE_28                                          0                              0              

ROW_SIZE_29                                          0                              0              

ROW_SIZE_30                                          0                              0              

ROW_SIZE_31                                          0                              0              

RET_OP_EXEC_COUNT_0                                  0        0.000%                0        0.000%
RET_OP_EXEC_COUNT_1                           11969872      100.000%         23987085      100.000%
RET_OP_EXEC_COUNT_2                                  0        0.000%                0        0.000%
RET_OP_EXEC_COUNT_3                                  0        0.000%                0        0.000%
RET_OP_EXEC_COUNT_4                                  0        0.000%                0        0.000%
RET_OP_EXEC_COUNT_5                                  0        0.000%                0        0.000%
RET_OP_EXEC_COUNT_6                                  0        0.000%                0        0.000%
RET_OP_EXEC_COUNT_7                                  0        0.000%                0        0.000%
RET_OP_EXEC_COUNT_8                                  0        0.000%                0        0.000%
RET_OP_EXEC_COUNT_9                                  0        0.000%                0        0.000%
RET_OP_EXEC_COUNT_10                                 0        0.000%                0        0.000%
RET_OP_EXEC_COUNT_11                                 0        0.000%                0        0.000%
RET_OP_EXEC_COUNT_12                                 0        0.000%                0        0.000%
RET_OP_EXEC_COUNT_13                                 0        0.000%                0        0.000%
RET_OP_EXEC_COUNT_14                                 0        0.000%                0        0.000%
RET_OP_EXEC_COUNT_15                                 0        0.000%                0        0.000%
RET_OP_EXEC_COUNT_16                                 0        0.000%                0        0.000%
RET_OP_EXEC_COUNT_17                                 0        0.000%                0        0.000%
RET_OP_EXEC_COUNT_18                                 0        0.000%                0        0.000%
RET_OP_EXEC_COUNT_19                                 0        0.000%                0        0.000%
RET_OP_EXEC_COUNT_20                                 0        0.000%                0        0.000%
RET_OP_EXEC_COUNT_21                                 0        0.000%                0        0.000%
RET_OP_EXEC_COUNT_22                                 0        0.000%                0        0.000%
RET_OP_EXEC_COUNT_23                                 0        0.000%                0        0.000%
RET_OP_EXEC_COUNT_24                                 0        0.000%                0        0.000%
RET_OP_EXEC_COUNT_25                                 0        0.000%                0        0.000%
RET_OP_EXEC_COUNT_26                                 0        0.000%                0        0.000%
RET_OP_EXEC_COUNT_27                                 0        0.000%                0        0.000%
RET_OP_EXEC_COUNT_28                                 0        0.000%                0        0.000%
RET_OP_EXEC_COUNT_29                                 0        0.000%                0        0.000%
RET_OP_EXEC_COUNT_30                                 0        0.000%                0        0.000%
RET_OP_EXEC_COUNT_31                                 0        0.000%                0        0.000%
RET_OP_EXEC_COUNT_32                                 0        0.000%                0        0.000%
                                              11969872      100.000%         23987085      100.000%
                                                  1.00         0.00              1.00         0.00

RET_STALL_LENGTH_0                            11954731       99.874%         23955435       99.868%
RET_STALL_LENGTH_100                             10271        0.086%            22358        0.093%
RET_STALL_LENGTH_200                              2185        0.018%             4354        0.018%
RET_STALL_LENGTH_300                              1057        0.009%             2012        0.008%
RET_STALL_LENGTH_400                               824        0.007%             1463        0.006%
RET_STALL_LENGTH_500                               309        0.003%              515        0.002%
RET_STALL_LENGTH_600                                93        0.001%              151        0.001%
RET_STALL_LENGTH_700                                40        0.000%               74        0.000%
RET_STALL_LENGTH_800                                27        0.000%               41        0.000%
RET_STALL_LENGTH_900                                 4        0.000%                9        0.000%
RET_STALL_LENGTH_1000                                3        0.000%                6        0.000%
RET_STALL_LENGTH_1100                               62        0.001%              133        0.001%
RET_STALL_LENGTH_1200                              180        0.002%              380        0.002%
RET_STALL_LENGTH_1300                               32        0.000%               59        0.000%
RET_STALL_LENGTH_1400                               13        0.000%               20        0.000%
RET_STALL_LENGTH_1500                                3        0.000%                7        0.000%
RET_STALL_LENGTH_1600                               18        0.000%               34        0.000%
RET_STALL_LENGTH_1700                               16        0.000%               24        0.000%
RET_STALL_LENGTH_1800                                1        0.000%                6        0.000%
RET_STALL_LENGTH_1900                                2        0.000%                3        0.000%
RET_STALL_LENGTH_2000                                0        0.000%                0        0.000%
RET_STALL_LENGTH_2100                                1        0.000%                1        0.000%
RET_STALL_LENGTH_2200                                0        0.000%                0        0.000%
RET_STALL_LENGTH_2300                                0        0.000%                0        0.000%
RET_STALL_LENGTH_2400                                0        0.000%                0        0.000%
RET_STALL_LENGTH_2500                                0        0.000%                0        0.000%
RET_STALL_LENGTH_2600                                0        0.000%                0        0.000%
RET_STALL_LENGTH_2700                                0        0.000%                0        0.000%
RET_STALL_LENGTH_2800                                0        0.000%                0        0.000%
RET_STALL_LENGTH_2900                                0        0.000%                0        0.000%
RET_STALL_LENGTH_3000                                0        0.000%                0        0.000%
RET_STALL_LENGTH_3100                                0        0.000%                0        0.000%
RET_STALL_LENGTH_3200                                0        0.000%                0        0.000%
RET_STALL_LENGTH_3300                                0        0.000%                0        0.000%
RET_STALL_LENGTH_3400                                0        0.000%                0        0.000%
RET_STALL_LENGTH_3500                                0        0.000%                0        0.000%
RET_STALL_LENGTH_3600                                0        0.000%                0        0.000%
RET_STALL_LENGTH_3700                                0        0.000%                0        0.000%
RET_STALL_LENGTH_3800                                0        0.000%                0        0.000%
RET_STALL_LENGTH_3900                                0        0.000%                0        0.000%
RET_STALL_LENGTH_4000                                0        0.000%                0        0.000%
RET_STALL_LENGTH_4100                                0        0.000%                0        0.000%
RET_STALL_LENGTH_4200                                0        0.000%                0        0.000%
RET_STALL_LENGTH_4300                                0        0.000%                0        0.000%
RET_STALL_LENGTH_4400                                0        0.000%                0        0.000%
RET_STALL_LENGTH_4500                                0        0.000%                0        0.000%
RET_STALL_LENGTH_4600                                0        0.000%                0        0.000%
RET_STALL_LENGTH_4700                                0        0.000%                0        0.000%
RET_STALL_LENGTH_4800                                0        0.000%                0        0.000%
RET_STALL_LENGTH_4900                                0        0.000%                0        0.000%
RET_STALL_LENGTH_5000                                0        0.000%                0        0.000%
                                              11969872      100.000%         23987085      100.000%
                                                  0.00         0.10              0.00         0.09

MEM_BLOCK_LENGTH_0                                  16       66.667%               33       67.347%
MEM_BLOCK_LENGTH_100                                 1        4.167%                6       12.245%
MEM_BLOCK_LENGTH_200                                 0        0.000%                1        2.041%
MEM_BLOCK_LENGTH_300                                 1        4.167%                1        2.041%
MEM_BLOCK_LENGTH_400                                 0        0.000%                0        0.000%
MEM_BLOCK_LENGTH_500                                 1        4.167%                3        6.122%
MEM_BLOCK_LENGTH_600                                 2        8.333%                2        4.082%
MEM_BLOCK_LENGTH_700                                 2        8.333%                2        4.082%
MEM_BLOCK_LENGTH_800                                 0        0.000%                0        0.000%
MEM_BLOCK_LENGTH_900                                 0        0.000%                0        0.000%
MEM_BLOCK_LENGTH_1000                                0        0.000%                0        0.000%
MEM_BLOCK_LENGTH_1100                                1        4.167%                1        2.041%
MEM_BLOCK_LENGTH_1200                                0        0.000%                0        0.000%
MEM_BLOCK_LENGTH_1300                                0        0.000%                0        0.000%
MEM_BLOCK_LENGTH_1400                                0        0.000%                0        0.000%
MEM_BLOCK_LENGTH_1500                                0        0.000%                0        0.000%
MEM_BLOCK_LENGTH_1600                                0        0.000%                0        0.000%
MEM_BLOCK_LENGTH_1700                                0        0.000%                0        0.000%
MEM_BLOCK_LENGTH_1800                                0        0.000%                0        0.000%
MEM_BLOCK_LENGTH_1900                                0        0.000%                0        0.000%
MEM_BLOCK_LENGTH_2000                                0        0.000%                0        0.000%
MEM_BLOCK_LENGTH_2100                                0        0.000%                0        0.000%
MEM_BLOCK_LENGTH_2200                                0        0.000%                0        0.000%
MEM_BLOCK_LENGTH_2300                                0        0.000%                0        0.000%
MEM_BLOCK_LENGTH_2400                                0        0.000%                0        0.000%
MEM_BLOCK_LENGTH_2500                                0        0.000%                0        0.000%
MEM_BLOCK_LENGTH_2600                                0        0.000%                0        0.000%
MEM_BLOCK_LENGTH_2700                                0        0.000%                0        0.000%
MEM_BLOCK_LENGTH_2800                                0        0.000%                0        0.000%
MEM_BLOCK_LENGTH_2900                                0        0.000%                0        0.000%
MEM_BLOCK_LENGTH_3000                                0        0.000%                0        0.000%
MEM_BLOCK_LENGTH_3100                                0        0.000%                0        0.000%
MEM_BLOCK_LENGTH_3200                                0        0.000%                0        0.000%
MEM_BLOCK_LENGTH_3300                                0        0.000%                0        0.000%
MEM_BLOCK_LENGTH_3400                                0        0.000%                0        0.000%
MEM_BLOCK_LENGTH_3500                                0        0.000%                0        0.000%
MEM_BLOCK_LENGTH_3600                                0        0.000%                0        0.000%
MEM_BLOCK_LENGTH_3700                                0        0.000%                0        0.000%
MEM_BLOCK_LENGTH_3800                                0        0.000%                0        0.000%
MEM_BLOCK_LENGTH_3900                                0        0.000%                0        0.000%
MEM_BLOCK_LENGTH_4000                                0        0.000%                0        0.000%
MEM_BLOCK_LENGTH_4100                                0        0.000%                0        0.000%
MEM_BLOCK_LENGTH_4200                                0        0.000%                0        0.000%
MEM_BLOCK_LENGTH_4300                                0        0.000%                0        0.000%
MEM_BLOCK_LENGTH_4400                                0        0.000%                0        0.000%
MEM_BLOCK_LENGTH_4500                                0        0.000%                0        0.000%
MEM_BLOCK_LENGTH_4600                                0        0.000%                0        0.000%
MEM_BLOCK_LENGTH_4700                                0        0.000%                0        0.000%
MEM_BLOCK_LENGTH_4800                                0        0.000%                0        0.000%
MEM_BLOCK_LENGTH_4900                                0        0.000%                0        0.000%
MEM_BLOCK_LENGTH_5000                                0        0.000%                0        0.000%
                                                    24      100.000%               49      100.000%
                                                  1.92         2.79              1.29         2.28

FUS_BUSY_ON_PATH                              13879511        1.4151         27475546        1.4050

FUS_BUSY_OFF_PATH                                  239        0.0000             3136        0.0002

FU_BUSY_MEM_STALL                               615705        0.0628          1223817        0.0626

FUS_EMPTY                                     64584394        6.5849        128961486        6.5948

FU_UNAVAILABLE                                 1294130        0.1319          2264736        0.1158

FU_MEM_UNAVAILABLE                              544629        0.0555          1080150        0.0552

FU_OTHER_UNAVAILABLE                                 0        0.0000                0        0.0000

FU_REPLAY                                            0        0.0000                0        0.0000

FU_STARVED                                    64584353        6.5849        128961252        6.5948

CHIP_UTILIZATION                                     0        0.0000                0        0.0000

CYCLES_UNDER_MEM_REQ                                 0                              0              

CYCLES_UNDER_NO_MEM_REQ                              0                              0              

CYCLES_UNDER_CRITICAL_MEM_REQ                        0                              0              

CYCLES_UNDER_NONCRITICAL_MEM_REQ                     0                              0              

CHIP_UTILIZATION_UNDER_MEM_REQ                       0          -nan                0          -nan

CHIP_UTILIZATION_UNDER_NO_MEM_REQ                    0          -nan                0          -nan

CHIP_UTILIZATION_UNDER_CRITICAL_MEM_REQ              0          -nan                0          -nan

CHIP_UTILIZATION_UNDER_NONCRITICAL_MEM_REQ             0          -nan                0          -nan

CYCLES_NOT_WAITING_FOR_OFF_CHIP                      0        0.0000                0        0.0000

FUS_BUSY_NOT_WAITING_FOR_OFF_CHIP                    0          -nan                0          -nan

CYCLES_WAITING_FOR_OFF_CHIP                          0        0.0000                0        0.0000

FUS_BUSY_WAITING_FOR_OFF_CHIP                        0          -nan                0          -nan

TOTAL_OFF_CHIP_DELAYS_LEFT                           0                              0              

WRONG_IO_SCHED                                       0                              0              

DVFS_CONFIG_SWITCH                                   0                              0              

MAP_STAGE_RECEIVED_OPS_0                             0        0.000%                0        0.000%
MAP_STAGE_RECEIVED_OPS_1                             9        0.000%               34        0.001%
MAP_STAGE_RECEIVED_OPS_2                            25        0.001%              143        0.004%
MAP_STAGE_RECEIVED_OPS_3                            17        0.001%               51        0.001%
MAP_STAGE_RECEIVED_OPS_4                            33        0.002%              164        0.004%
MAP_STAGE_RECEIVED_OPS_5                            19        0.001%              265        0.007%
MAP_STAGE_RECEIVED_OPS_6                       1994863       99.995%          3997401       99.984%
MAP_STAGE_RECEIVED_OPS_7                             0        0.000%                0        0.000%
MAP_STAGE_RECEIVED_OPS_8                             0        0.000%                0        0.000%
MAP_STAGE_RECEIVED_OPS_MAX                           0        0.000%                0        0.000%
                                               1994966      100.000%          3998058      100.000%
                                                  6.00         0.02              6.00         0.03

MAP_STAGE_WAIT_FOR_DECODE                            0         -nan%                0         -nan%
MAP_STAGE_CONSUME_DECODE                             0         -nan%                0         -nan%
                                                     0         -nan%                0         -nan%
                                                  -nan         -nan              -nan         -nan

MAP_STAGE_WAIT_FOR_DECODE2                           0         -nan%                0         -nan%
MAP_STAGE_CONSUME_DECODE2                            0         -nan%                0         -nan%
                                                     0         -nan%                0         -nan%
                                                  -nan         -nan              -nan         -nan

FTQ_RECOVER_EXEC                                    15                            101              

FTQ_RECOVER_DECODE                                   0                              4              

FTQ_OFFPATH_CYCLES                               11801                          60297              

FTQ_CYCLES_OFFPATH                               11801                          60297              

FTQ_CYCLES_ONPATH                              9796217                       19494724              

FTQ_FETCHED_INS_ONPATH                        11969038                       23987085              

FTQ_FETCHED_INS_OFFPATH                          16963                          79215              

FTQ_BREAK_FULL_FT_ONPATH                       9794687                       19488279              

FTQ_BREAK_FULL_FT_OFFPATH                        11801                          59658              

FTQ_BREAK_PRED_BR_ONPATH                             0                              0              

FTQ_BREAK_PRED_BR_OFFPATH                            0                              0              

FTQ_BREAK_BAR_FETCH_ONPATH                           0                              0              

FTQ_BREAK_BAR_FETCH_OFFPATH                          0                              0              

FTQ_BREAK_MAX_CFS_TAKEN_ONPATH                       0                              0              

FTQ_BREAK_MAX_CFS_TAKEN_OFFPATH                      0                              0              

FTQ_BREAK_MAX_FT_ONPATH                           1124                           6039              

FTQ_BREAK_MAX_FT_OFFPATH                             0                            639              

DFE_GEN_ON_PATH_FT                             1174826                        2354107              

DFE_GEN_OFF_PATH_FT                               2038                           7988              

DFE_L0_ENABLED_PREDICTIONS                    11969038                       23987085              

DFE_L0_WRONG_MAIN_CORRECT                         1701                           3267              

DFE_L0_WRONG_MAIN_WRONG                             14                             86              

DFE_L0_CORRECT_MAIN_WRONG                            1                             19              

DFE_L0_CORRECT_MAIN_CORRECT                   11967322                       23983713              

DFE_L0_WRONG_MAIN_CORRECT_RECOVERY_SCHEDULED             0                              0              

FTQ_SAW_BAR_FETCH_OFFPATH                            0                              0              

FTQ_SAW_BAR_FETCH_ONPATH                             0                              0              

DFE_CONF_0_RECOVER_AT_EXEC                           0         -nan%                0         -nan%
DFE_CONF_1_RECOVER_AT_EXEC                           0         -nan%                0         -nan%
DFE_CONF_2_RECOVER_AT_EXEC                           0         -nan%                0         -nan%
DFE_CONF_3_RECOVER_AT_EXEC                           0         -nan%                0         -nan%
DFE_CONF_0_CORRECT                                   0         -nan%                0         -nan%
DFE_CONF_1_CORRECT                                   0         -nan%                0         -nan%
DFE_CONF_2_CORRECT                                   0         -nan%                0         -nan%
DFE_CONF_3_CORRECT                                   0         -nan%                0         -nan%
                                                     0         -nan%                0         -nan%
                                                  -nan         -nan              -nan         -nan

DFE_ON_CONF_ON_OPS                                   0         -nan%                0         -nan%
DFE_ON_CONF_OFF_OPS                                  0         -nan%                0         -nan%
DFE_OFF_CONF_ON_OPS                                  0         -nan%                0         -nan%
DFE_OFF_CONF_OFF_REALISTIC_OPS                       0         -nan%                0         -nan%
DFE_OFF_CONF_OFF_PERFECT_OPS                         0         -nan%                0         -nan%
                                                     0         -nan%                0         -nan%
                                                  -nan         -nan              -nan         -nan

DFE_ON_CONF_ON_FETCH_TARGETS                         0         -nan%                0         -nan%
DFE_ON_CONF_OFF_FETCH_TARGETS                        0         -nan%                0         -nan%
DFE_OFF_CONF_ON_FETCH_TARGETS                        0         -nan%                0         -nan%
DFE_OFF_CONF_OFF_REALISTIC_FETCH_TARGETS             0         -nan%                0         -nan%
DFE_OFF_CONF_OFF_PERFECT_FETCH_TARGETS               0         -nan%                0         -nan%
                                                     0         -nan%                0         -nan%
                                                  -nan         -nan              -nan         -nan

DFE_ON_CONF_ON_CYCLES                                0         -nan%                0         -nan%
DFE_ON_CONF_OFF_CYCLES                               0         -nan%                0         -nan%
DFE_OFF_CONF_ON_CYCLES                               0         -nan%                0         -nan%
DFE_OFF_CONF_OFF_REALISTIC_CYCLES                    0         -nan%                0         -nan%
DFE_OFF_CONF_OFF_PERFECT_CYCLES                      0         -nan%                0         -nan%
                                                     0         -nan%                0         -nan%
                                                  -nan         -nan              -nan         -nan

DFE_OFF_CONF_ON_NUM_EVENTS                           0                              0              

DFE_OFF_CONF_ON_NOT_IDENTIFIED_EVENTS                0         -nan%                0         -nan%
DFE_OFF_CONF_ON_IBTB_MISS_EVENTS                     0         -nan%                0         -nan%
DFE_OFF_CONF_ON_BTB_MISS_EVENTS                      0         -nan%                0         -nan%
DFE_OFF_CONF_ON_BTB_MISS_RECOVER_AT_EXEC_EVENTS             0         -nan%                0         -nan%
DFE_OFF_CONF_ON_RECOVER_AT_EXEC_EVENTS               0         -nan%                0         -nan%
DFE_OFF_CONF_ON_RECOVER_AT_DECODE_EVENTS             0         -nan%                0         -nan%
                                                     0         -nan%                0         -nan%
                                                  -nan         -nan              -nan         -nan

DFE_OFF_CONF_ON_LATE_BTB_HIT_EVENTS                  0                              0              

DFE_OFF_CONF_ON_NOT_IDENTIFIED_CYCLES                0         -nan%                0         -nan%
DFE_OFF_CONF_ON_IBTB_MISS_CYCLES                     0         -nan%                0         -nan%
DFE_OFF_CONF_ON_BTB_MISS_CYCLES                      0         -nan%                0         -nan%
DFE_OFF_CONF_ON_BTB_MISS_RECOVER_AT_EXEC_CYCLES             0         -nan%                0         -nan%
DFE_OFF_CONF_ON_RECOVER_AT_EXEC_CYCLES               0         -nan%                0         -nan%
DFE_OFF_CONF_ON_RECOVER_AT_DECODE_CYCLES             0         -nan%                0         -nan%
                                                     0         -nan%                0         -nan%
                                                  -nan         -nan              -nan         -nan

DFE_OFF_CONF_ON_LATE_BTB_HIT_CYCLES                  0                              0              

DFE_OFF_CONF_ON_NOT_IDENTIFIED_FETCH_TARGETS             0         -nan%                0         -nan%
DFE_OFF_CONF_ON_IBTB_MISS_FETCH_TARGETS              0         -nan%                0         -nan%
DFE_OFF_CONF_ON_BTB_MISS_FETCH_TARGETS               0         -nan%                0         -nan%
DFE_OFF_CONF_ON_BTB_MISS_RECOVER_AT_EXEC_FETCH_TARGETS             0         -nan%                0         -nan%
DFE_OFF_CONF_ON_RECOVER_AT_EXEC_FETCH_TARGETS             0         -nan%                0         -nan%
DFE_OFF_CONF_ON_RECOVER_AT_DECODE_FETCH_TARGETS             0         -nan%                0         -nan%
                                                     0         -nan%                0         -nan%
                                                  -nan         -nan              -nan         -nan

DFE_OFF_CONF_ON_LATE_BTB_HIT_FETCH_TARGETS             0                              0              

DFE_OFF_CONF_ON_BP_INCORRECT_0_CONF                  0         -nan%                0         -nan%
DFE_OFF_CONF_ON_BP_INCORRECT_1_CONF                  0         -nan%                0         -nan%
DFE_OFF_CONF_ON_BP_INCORRECT_2_CONF                  0         -nan%                0         -nan%
DFE_OFF_CONF_ON_BP_INCORRECT_3_CONF                  0         -nan%                0         -nan%
                                                     0         -nan%                0         -nan%
                                                  -nan         -nan              -nan         -nan

DFE_OFF_CONF_ON_BTB_MISS_CBR_0_CONF                  0         -nan%                0         -nan%
DFE_OFF_CONF_ON_BTB_MISS_CBR_1_CONF                  0         -nan%                0         -nan%
DFE_OFF_CONF_ON_BTB_MISS_CBR_2_CONF                  0         -nan%                0         -nan%
DFE_OFF_CONF_ON_BTB_MISS_CBR_3_CONF                  0         -nan%                0         -nan%
                                                     0         -nan%                0         -nan%
                                                  -nan         -nan              -nan         -nan

DFE_OFF_CONF_ON_BTB_MISS_NOT_CF                      0         -nan%                0         -nan%
DFE_OFF_CONF_ON_BTB_MISS_CF_BR                       0         -nan%                0         -nan%
DFE_OFF_CONF_ON_BTB_MISS_CF_CBR                      0         -nan%                0         -nan%
DFE_OFF_CONF_ON_BTB_MISS_CF_CALL                     0         -nan%                0         -nan%
DFE_OFF_CONF_ON_BTB_MISS_CF_IBR                      0         -nan%                0         -nan%
DFE_OFF_CONF_ON_BTB_MISS_CF_ICALL                    0         -nan%                0         -nan%
DFE_OFF_CONF_ON_BTB_MISS_CF_ICO                      0         -nan%                0         -nan%
DFE_OFF_CONF_ON_BTB_MISS_CF_RET                      0         -nan%                0         -nan%
DFE_OFF_CONF_ON_BTB_MISS_CF_SYS                      0         -nan%                0         -nan%
                                                     0         -nan%                0         -nan%
                                                  -nan         -nan              -nan         -nan

DFE_ON_CONF_OFF_NUM_EVENTS                           0                              0              

CONF_BTB_NUM_CYCLES_OFF_PATH_EVENT                   0                              0              

DFE_ON_CONF_OFF_IBTB_MISS_BP_TAKEN                   0         -nan%                0         -nan%
DFE_ON_CONF_OFF_BTB_MISS_BP_TAKEN_CONF_0             0         -nan%                0         -nan%
DFE_ON_CONF_OFF_BTB_MISS_BP_TAKEN_CONF_1             0         -nan%                0         -nan%
DFE_ON_CONF_OFF_BTB_MISS_BP_TAKEN_CONF_2             0         -nan%                0         -nan%
DFE_ON_CONF_OFF_BTB_MISS_BP_TAKEN_CONF_3             0         -nan%                0         -nan%
DFE_ON_CONF_OFF_BTB_MISS_RATE                        0         -nan%                0         -nan%
DFE_ON_CONF_OFF_IBTB_MISS_RATE                       0         -nan%                0         -nan%
DFE_ON_CONF_OFF_RECOVER_AT_DECODE_RATE               0         -nan%                0         -nan%
DFE_ON_CONF_OFF_RECOVER_AT_EXEC_RATE                 0         -nan%                0         -nan%
DFE_ON_CONF_OFF_INV_CONF_INC                         0         -nan%                0         -nan%
DFE_ON_CONF_OFF_PERFECT_CONF                         0         -nan%                0         -nan%
                                                     0         -nan%                0         -nan%
                                                  -nan         -nan              -nan         -nan

DFE_ON_CONF_OFF_IBTB_MISS_BP_TAKEN_CYCLES             0         -nan%                0         -nan%
DFE_ON_CONF_OFF_BTB_MISS_BP_TAKEN_CONF_0_CYCLES             0         -nan%                0         -nan%
DFE_ON_CONF_OFF_BTB_MISS_BP_TAKEN_CONF_1_CYCLES             0         -nan%                0         -nan%
DFE_ON_CONF_OFF_BTB_MISS_BP_TAKEN_CONF_2_CYCLES             0         -nan%                0         -nan%
DFE_ON_CONF_OFF_BTB_MISS_BP_TAKEN_CONF_3_CYCLES             0         -nan%                0         -nan%
DFE_ON_CONF_OFF_BTB_MISS_RATE_CYCLES                 0         -nan%                0         -nan%
DFE_ON_CONF_OFF_IBTB_MISS_RATE_CYCLES                0         -nan%                0         -nan%
DFE_ON_CONF_OFF_RECOVER_AT_DECODE_RATE_CYCLES             0         -nan%                0         -nan%
DFE_ON_CONF_OFF_RECOVER_AT_EXEC_RATE_CYCLES             0         -nan%                0         -nan%
DFE_ON_CONF_OFF_INV_CONF_INC_CYCLES                  0         -nan%                0         -nan%
DFE_ON_CONF_OFF_PERFECT_CONF_CYCLES                  0         -nan%                0         -nan%
                                                     0         -nan%                0         -nan%
                                                  -nan         -nan              -nan         -nan

DFE_ON_CONF_OFF_IBTB_MISS_BP_TAKEN_FETCH_TARGETS             0         -nan%                0         -nan%
DFE_ON_CONF_OFF_BTB_MISS_BP_TAKEN_CONF_0_FETCH_TARGETS             0         -nan%                0         -nan%
DFE_ON_CONF_OFF_BTB_MISS_BP_TAKEN_CONF_1_FETCH_TARGETS             0         -nan%                0         -nan%
DFE_ON_CONF_OFF_BTB_MISS_BP_TAKEN_CONF_2_FETCH_TARGETS             0         -nan%                0         -nan%
DFE_ON_CONF_OFF_BTB_MISS_BP_TAKEN_CONF_3_FETCH_TARGETS             0         -nan%                0         -nan%
DFE_ON_CONF_OFF_BTB_MISS_RATE_FETCH_TARGETS             0         -nan%                0         -nan%
DFE_ON_CONF_OFF_IBTB_MISS_RATE_FETCH_TARGETS             0         -nan%                0         -nan%
DFE_ON_CONF_OFF_RECOVER_AT_DECODE_RATE_FETCH_TARGETS             0         -nan%                0         -nan%
DFE_ON_CONF_OFF_RECOVER_AT_EXEC_RATE_FETCH_TARGETS             0         -nan%                0         -nan%
DFE_ON_CONF_OFF_INV_CONF_INC_FETCH_TARGETS             0         -nan%                0         -nan%
DFE_ON_CONF_OFF_PERFECT_CONF_FETCH_TARGETS             0         -nan%                0         -nan%
                                                     0         -nan%                0         -nan%
                                                  -nan         -nan              -nan         -nan

CONF_OFF_IBTB_MISS_BP_TAKEN                          0         -nan%                0         -nan%
CONF_OFF_BTB_MISS_BP_TAKEN_CONF_0                    0         -nan%                0         -nan%
CONF_OFF_BTB_MISS_BP_TAKEN_CONF_1                    0         -nan%                0         -nan%
CONF_OFF_BTB_MISS_BP_TAKEN_CONF_2                    0         -nan%                0         -nan%
CONF_OFF_BTB_MISS_BP_TAKEN_CONF_3                    0         -nan%                0         -nan%
CONF_OFF_BTB_MISS_RATE                               0         -nan%                0         -nan%
CONF_OFF_IBTB_MISS_RATE                              0         -nan%                0         -nan%
CONF_OFF_RECOVER_AT_DECODE_RATE                      0         -nan%                0         -nan%
CONF_OFF_RECOVER_AT_EXEC_RATE                        0         -nan%                0         -nan%
CONF_OFF_INV_CONF_INC                                0         -nan%                0         -nan%
CONF_OFF_PERFECT_CONF                                0         -nan%                0         -nan%
                                                     0         -nan%                0         -nan%
                                                  -nan         -nan              -nan         -nan

TOPDOWN_TOTAL_SLOTS                           58848108                      117330126              

TOPDOWN_ISSUED_SLOTS                          11970829                       23997668              

TOPDOWN_RETIRED_SLOTS                         11969548                       23987085              

TOPDOWN_FETCH_BUBBLES_SLOTS                       1897                          11277              

TOPDOWN_RECOVERY_BUBBLES_SLOTS                     180                           1582              

TOPDOWN_MEM_LOAD_STALLS_CYCLES                 7811143                       15550654              

TOPDOWN_MEM_STORE_STALLS_CYCLES                      0                              0              

TOPDOWN_EXEC_STALLS_CYCLES                     4474434                        9103107              

TOPDOWN_BACKEND_STALLS_CYCLES                  7811143                       15550654              

TOPDOWN_FETCH_BUBBLES_GT_MIW_CYCLES                269                           1562              

TOPDOWN_BR_RECOVER_AT_EXEC_RETIRED_CYCLES            15                            101              

TOPDOWN_MACHINE_CLEAR_CYCLES                      1716                           3372              

TOPDOWN_FRONTEND_BOUND                               0                              0              

TOPDOWN_BACKEND_BOUND                             7967                           7967              

TOPDOWN_BAD_SPEC_BOUND                               0                              0              

TOPDOWN_RETIRING_BOUND                            2033                           2033              

TOPDOWN_FETCH_LATENCY_BOUND                          0                              0              

TOPDOWN_FETCH_BANDWIDTH_BOUND                        0                              0              

TOPDOWN_MEM_BOUND                                 7967                           7967              

TOPDOWN_CORE_BOUND                                   0                              0              

TOPDOWN_BR_RECOVER_AT_EXEC_BOUND                     0                              0              

TOPDOWN_MACHINE_CLEARS_BOUND                         0                              0              



