Scarab gitrev: 4a1223f
Warning: Scarab expects the trace file type to include OFFLINE_FILE_TYPE_ARCH_REGDEPS (0x20000), but got type: 0xe40
Scarab started at Fri Apr 24 02:58:42 2026

Initialized Ramulator. 
** Heartbeat:   5% -- { 1000000 } -- 0.00 KIPS (142.86 KIPS)
** Heartbeat:  10% -- { 2000001 } -- 166.67 KIPS (153.85 KIPS)
** Heartbeat:  15% -- { 3000001 } -- 166.67 KIPS (157.89 KIPS)
** Heartbeat:  20% -- { 4000002 } -- 166.67 KIPS (160.00 KIPS)
** Heartbeat:  25% -- { 5000003 } -- 166.67 KIPS (161.29 KIPS)
** Heartbeat:  30% -- { 6000004 } -- 166.67 KIPS (162.16 KIPS)
** Heartbeat:  35% -- { 7000004 } -- 166.67 KIPS (162.79 KIPS)
** Heartbeat:  40% -- { 8000004 } -- 200.00 KIPS (166.67 KIPS)
** Heartbeat:  45% -- { 9000005 } -- 166.67 KIPS (166.67 KIPS)
** Heartbeat:  50% -- { 10000005 } -- 166.67 KIPS (166.67 KIPS)
** Heartbeat:  55% -- { 11000005 } -- 166.67 KIPS (166.67 KIPS)
** Heartbeat:  60% -- { 12000006 } -- 166.67 KIPS (166.67 KIPS)
** Heartbeat:  65% -- { 13000006 } -- 166.67 KIPS (166.67 KIPS)
** Heartbeat:  70% -- { 14000006 } -- 166.67 KIPS (166.67 KIPS)
** Heartbeat:  75% -- { 15000007 } -- 166.67 KIPS (166.67 KIPS)
** Heartbeat:  80% -- { 16000007 } -- 166.67 KIPS (166.67 KIPS)
** Heartbeat:  85% -- { 17000007 } -- 200.00 KIPS (168.32 KIPS)
** Heartbeat:  90% -- { 18000008 } -- 166.67 KIPS (168.22 KIPS)
** Heartbeat:  95% -- { 19000009 } -- 166.67 KIPS (168.14 KIPS)
Reached end of trace (last_inst) pc=0x7ffff383ffb7
** Core 0 Finished:    insts:19999999    cycles:19532693    time:6103966562500       -- 1.02 IPC (1.02 IPC) --  N/A  KIPS (168.07 KIPS)
Scarab finished at Fri Apr 24 03:00:41 2026

