/* -*- Mode: c -*- */
####################################################################################################
Core 0
####################################################################################################
Cumulative:        Cycles: 20444125              Instructions: 761055                IPC: 0.03723

Periodic:          Cycles: 10155932              Instructions: 463508                IPC: 0.04564

EXECUTION_TIME                           3173728750000                  6388789062500              

SIM_HOST_WALL_SECONDS                       109.279757                     109.279757              

NODE_CYCLE                                    10155932                       20444125              

NODE_INST_COUNT                               10000000                       20000000              

NODE_INST_COUNT_FETCHED                         463508                         761055              

NODE_UOP_COUNT                                38735504                       77922938              

EXEC_STAGE_NO_ISSUE_STALL_CYCLE                9735344                       19593827              

EXEC_STAGE_NO_ISSUE_STALL_CYCLE_ONPATH         9692123                       19499160              

FULL_WINDOW_STALL                                 6876        0.068%            32772        0.160%

FULL_WINDOW_MEM_OP                                6599      100.000%            31869       99.806%
FULL_WINDOW_FP_OP                                    0        0.000%                0        0.000%
FULL_WINDOW_OTHER_OP                                 0        0.000%               62        0.194%
                                                  6599      100.000%            31931      100.000%
                                                  0.00         0.00              0.00         0.09

RET_BLOCKED_DC_MISS                             288009        2.836%           572374        2.800%

RET_BLOCKED_L1_MISS                            2284687       22.496%          4607518       22.537%

RET_BLOCKED_L1_MISS_BW_PREF                          0        0.000%                0        0.000%

RET_BLOCKED_L1_ACCESS                            78392        0.772%           152838        0.748%

RET_BLOCKED_MEM_STALL                          2285253       22.502%          4608294       22.541%

RET_BLOCKED_OFFCHIP_DEMAND                           0        0.000%                0        0.000%

OP_ISSUED                                     38850573                       78189394              

OP_RETIRED                                    38735504                       77922938              

OP_MACRO_FUSION_ONPATH                           64226                         104999              

OP_MACRO_FUSION_OFFPATH                          20757                          39673              

REPLAY_SIGNALED                                      0                              0              

REPLAY_COUNTED                                       0                              0              

OFF_CRITICAL_PATH                                    0         -nan%                0         -nan%
ON_CRITICAL_PATH                                     0         -nan%                0         -nan%
                                                     0         -nan%                0         -nan%
                                                  -nan         -nan              -nan         -nan

LD_NO_DEPENDENTS                                 11173        8.332%            19534        8.880%
LD_DEPENDENTS                                   122925       91.668%           200438       91.120%
                                                134098      100.000%           219972      100.000%
                                                  0.92         0.88              0.91         0.87

LD_EXEC_CYCLES_0                                     0        0.000%                0        0.000%
LD_EXEC_CYCLES_1                                     0        0.000%                0        0.000%
LD_EXEC_CYCLES_2                                     0        0.000%                0        0.000%
LD_EXEC_CYCLES_3                                     3       42.857%                7       50.000%
LD_EXEC_CYCLES_4                                     4       57.143%                7       50.000%
                                                     7      100.000%               14      100.000%
                                                  3.57         2.96              3.50         2.62

ICACHE_STAGE_STARVED                            275490        2.759%           540982        2.696%
ICACHE_STAGE_NOT_STARVED                       9709803       97.241%         19526840       97.304%
                                               9985293      100.000%         20067822      100.000%
                                                  0.97         0.96              0.97         0.96

ICACHE_STAGE_STALLED                             49332        0.486%            86946        0.425%
ICACHE_STAGE_NOT_STALLED                       9935961       97.834%         19980876       97.734%
ICACHE_STAGE_OFF_PATH                           170639        1.680%           376303        1.841%
                                              10155932      100.000%         20444125      100.000%
                                                  1.01         0.18              1.01         0.19

DECODE_STAGE_STARVED                           9947544       99.258%         20012740       99.361%
DECODE_STAGE_NOT_STARVED                         74328        0.742%           128687        0.639%
                                              10021872      100.000%         20141427      100.000%
                                                  0.01         0.09              0.01         0.08

DECODE_STAGE_STALLED                             20288        0.200%            34512        0.169%
DECODE_STAGE_NOT_STALLED                      10001584       98.480%         20106915       98.351%
DECODE_STAGE_OFF_PATH                           134060        1.320%           302698        1.481%
                                              10155932      100.000%         20444125      100.000%
                                                  1.01         0.16              1.01         0.17

UOPQ_STAGE_STARVED                              399956        4.001%           796753        3.958%
UOPQ_STAGE_NOT_STARVED                         9596508       95.999%         19332722       96.042%
                                               9996464      100.000%         20129475      100.000%
                                                  0.96         0.94              0.96         0.94

UOPQ_STAGE_STALLED                               35411        0.349%            62336        0.305%
UOPQ_STAGE_NOT_STALLED                         9996464       98.430%         20129475       98.461%
UOPQ_STAGE_OFF_PATH                             124057        1.222%           252314        1.234%
                                              10155932      100.000%         20444125      100.000%
                                                  1.01         0.16              1.01         0.16

RS_OP_READY_NOT_ISSUED_TOTAL                     57278                          92757              

RS_0_OP_READY_NOT_ISSUED                         34279                          52909              

RS_1_OP_READY_NOT_ISSUED                         12398                          20665              

RS_2_OP_READY_NOT_ISSUED                         10601                          19183              

RS_3_OP_READY_NOT_ISSUED                             0                              0              

RS_4_OP_READY_NOT_ISSUED                             0                              0              

RS_5_OP_READY_NOT_ISSUED                             0                              0              

RS_6_OP_READY_NOT_ISSUED                             0                              0              

RS_7_OP_READY_NOT_ISSUED                             0                              0              

RS_7_PLUS_OP_READY_NOT_ISSUED                        0                              0              

FU_IDLE_NO_READY_OPS_TOTAL                    26104069                       51098419              

FU_0_IDLE_NO_READY_OPS                          414347                         837272              

FU_1_IDLE_NO_READY_OPS                          432588                         871691              

FU_2_IDLE_NO_READY_OPS                        10024770                       20219879              

FU_3_IDLE_NO_READY_OPS                        10043779                       20253982              

FU_4_IDLE_NO_READY_OPS                          440744                         886284              

FU_5_IDLE_NO_READY_OPS                          427146                         861999              

FU_6_IDLE_NO_READY_OPS                         2207258                        3804989              

FU_7_IDLE_NO_READY_OPS                         2113437                        3362323              

FU_8_IDLE_NO_READY_OPS                               0                              0              

FU_9_IDLE_NO_READY_OPS                               0                              0              

FU_10_IDLE_NO_READY_OPS                              0                              0              

FU_11_IDLE_NO_READY_OPS                              0                              0              

FU_12_IDLE_NO_READY_OPS                              0                              0              

FU_13_IDLE_NO_READY_OPS                              0                              0              

FU_14_IDLE_NO_READY_OPS                              0                              0              

FU_15_IDLE_NO_READY_OPS                              0                              0              

FU_16_IDLE_NO_READY_OPS                              0                              0              

FU_17_IDLE_NO_READY_OPS                              0                              0              

FU_18_IDLE_NO_READY_OPS                              0                              0              

FU_19_IDLE_NO_READY_OPS                              0                              0              

FU_20_IDLE_NO_READY_OPS                              0                              0              

FU_21_IDLE_NO_READY_OPS                              0                              0              

FU_22_IDLE_NO_READY_OPS                              0                              0              

FU_23_IDLE_NO_READY_OPS                              0                              0              

FU_24_IDLE_NO_READY_OPS                              0                              0              

FU_25_IDLE_NO_READY_OPS                              0                              0              

FU_26_IDLE_NO_READY_OPS                              0                              0              

FU_27_IDLE_NO_READY_OPS                              0                              0              

FU_28_IDLE_NO_READY_OPS                              0                              0              

FU_29_IDLE_NO_READY_OPS                              0                              0              

FU_30_IDLE_NO_READY_OPS                              0                              0              

FU_31_IDLE_NO_READY_OPS                              0                              0              

FU_31_PLUS_IDLE_NO_READY_OPS                         0                              0              

MAP_STAGE_STARVED                               282362        2.838%           573796        2.865%
MAP_STAGE_NOT_STARVED                          9665313       97.162%         19451177       97.135%
                                               9947675      100.000%         20024973      100.000%
                                                  0.97         0.96              0.97         0.96

MAP_STAGE_STALLED                               776966        7.753%          1091604        5.403%
MAP_STAGE_NOT_STALLED                          9170709       91.514%         18933369       93.719%
MAP_STAGE_OFF_PATH                               73393        0.732%           177287        0.878%
                                              10021068      100.000%         20202260      100.000%
                                                  0.93         0.14              0.95         0.14

MAP_STAGE_STALL_ITSELF                          134864        1.328%           241865        1.183%
MAP_STAGE_NOT_STALL_ITSELF                    10021068       98.672%         20202260       98.817%
                                              10155932      100.000%         20444125      100.000%
                                                  0.99         0.98              0.99         0.98

MAP_STAGE_LATE_ALLOCATE_SEND_BACK                    0                              0              

MAP_STAGE_RENAME_OP_ONPATH                    38735596                       77923222              

MAP_STAGE_RENAME_OP_OFFPATH                     216002                         465317              

MAP_STAGE_RENAME_INT_REG_ONPATH               19523089                       39217474              

MAP_STAGE_RENAME_INT_REG_OFFPATH                155027                         288783              

MAP_STAGE_RENAME_VEC_REG_ONPATH                   1468                           2742              

MAP_STAGE_RENAME_VEC_REG_OFFPATH                   525                           1256              

MAP_STAGE_RENAME_MOVE_ELIM_ONPATH                    0                              0              

MAP_STAGE_RENAME_MOVE_ELIM_OFFPATH                   0                              0              

MAP_STAGE_ONPATH_INT_REG_NUM_ALLOC            19523043                       39217313              

MAP_STAGE_ONPATH_VEC_REG_NUM_ALLOC                1468                           2728              

MAP_STAGE_ONPATH_INT_REG_NUM_SHORTLIVE        11535195                       29381428              

MAP_STAGE_ONPATH_VEC_REG_NUM_SHORTLIVE             503                            948              

MAP_STAGE_ONPATH_INT_REG_USE_COUNT_0             66431                         108996              

MAP_STAGE_ONPATH_VEC_REG_USE_COUNT_0                44                             85              

MAP_STAGE_ONPATH_INT_REG_USE_COUNT_1            235148                         384793              

MAP_STAGE_ONPATH_VEC_REG_USE_COUNT_1              1177                           2187              

MAP_STAGE_ONPATH_INT_REG_USE_COUNT_2          19180346                       38656617              

MAP_STAGE_ONPATH_VEC_REG_USE_COUNT_2               207                            383              

MAP_STAGE_ONPATH_INT_REG_USE_COUNT_3             28219                          45910              

MAP_STAGE_ONPATH_VEC_REG_USE_COUNT_3                 2                              3              

MAP_STAGE_ONPATH_INT_REG_USE_COUNT_4              6284                          10150              

MAP_STAGE_ONPATH_VEC_REG_USE_COUNT_4                13                             26              

MAP_STAGE_ONPATH_INT_REG_USE_COUNT_5              2286                           3852              

MAP_STAGE_ONPATH_VEC_REG_USE_COUNT_5                 9                             14              

MAP_STAGE_ONPATH_INT_REG_USE_COUNT_6              1553                           2338              

MAP_STAGE_ONPATH_VEC_REG_USE_COUNT_6                 0                              0              

MAP_STAGE_ONPATH_INT_REG_USE_COUNT_7_PLUS          2776                           4657              

MAP_STAGE_ONPATH_VEC_REG_USE_COUNT_7_PLUS            16                             30              

MAP_STAGE_ONPATH_INT_REG_CONSUME_DIST_0              0        0.0000                0        0.0000

MAP_STAGE_ONPATH_VEC_REG_CONSUME_DIST_0              0        0.0000                0        0.0000

MAP_STAGE_ONPATH_INT_REG_CONSUME_DIST_1              0        0.0000                0        0.0000

MAP_STAGE_ONPATH_VEC_REG_CONSUME_DIST_1              0        0.0000                0        0.0000

MAP_STAGE_ONPATH_INT_REG_CONSUME_DIST_2       79774503        4.1592        111631709        2.8878

MAP_STAGE_ONPATH_VEC_REG_CONSUME_DIST_2         240231     1160.5362           472577     1233.8825

MAP_STAGE_ONPATH_INT_REG_CONSUME_DIST_3        4340104      153.8008          7694382      167.5971

MAP_STAGE_ONPATH_VEC_REG_CONSUME_DIST_3           1254      627.0000             3294     1098.0000

MAP_STAGE_ONPATH_INT_REG_CONSUME_DIST_4         329378       52.4153           593579       58.4807

MAP_STAGE_ONPATH_VEC_REG_CONSUME_DIST_4            701       53.9231              812       31.2308

MAP_STAGE_ONPATH_INT_REG_CONSUME_DIST_5         139388       60.9746           258026       66.9849

MAP_STAGE_ONPATH_VEC_REG_CONSUME_DIST_5          10731     1192.3333            19382     1384.4286

MAP_STAGE_ONPATH_INT_REG_CONSUME_DIST_6          81144       52.2498           163320       69.8546

MAP_STAGE_ONPATH_VEC_REG_CONSUME_DIST_6              0          -nan                0          -nan

MAP_STAGE_ONPATH_INT_REG_CONSUME_DIST_7_PLUS      19002678     6845.3451         37914787     8141.4617

MAP_STAGE_ONPATH_VEC_REG_CONSUME_DIST_7_PLUS          7707      481.6875            13761      458.7000

MAP_STAGE_INT_REG_ISSUE_READ_TOTAL_CONSUMED      67464815        6.9299        135863767        6.9340

MAP_STAGE_VEC_REG_ISSUE_READ_TOTAL_CONSUMED          2175        0.0002             4466        0.0002

MAP_STAGE_INT_REG_ISSUE_READ_MULTI_CONSUMED      47953638        4.9257         96652214        4.9328

MAP_STAGE_VEC_REG_ISSUE_READ_MULTI_CONSUMED           622        0.0001             1436        0.0001

MAP_STAGE_INT_REG_ISSUE_READ_SAME_CYCLE_CONSUMED      21032826        2.1605         48568696        2.4788

MAP_STAGE_VEC_REG_ISSUE_READ_SAME_CYCLE_CONSUMED           158        0.0000              350        0.0000

MAP_STAGE_INT_REG_ISSUE_READ_TOTAL_CONSUMED_ONPATH      67366867        6.9507        135677659        6.9581

MAP_STAGE_VEC_REG_ISSUE_READ_TOTAL_CONSUMED_ONPATH          1938        0.0002             3722        0.0002

MAP_STAGE_INT_REG_ISSUE_READ_MULTI_CONSUMED_ONPATH      47910131        4.9432         96569187        4.9525

MAP_STAGE_VEC_REG_ISSUE_READ_MULTI_CONSUMED_ONPATH           514        0.0001             1066        0.0001

MAP_STAGE_INT_REG_ISSUE_READ_SAME_CYCLE_CONSUMED_ONPATH      21012124        2.1680         48529034        2.4888

MAP_STAGE_VEC_REG_ISSUE_READ_SAME_CYCLE_CONSUMED_ONPATH           138        0.0000              276        0.0000

MAP_STAGE_ONPATH_INT_REG_LIFECYCLE_EMPTY     715533497                      965902592              

MAP_STAGE_ONPATH_VEC_REG_LIFECYCLE_EMPTY        124849                         223112              

MAP_STAGE_ONPATH_INT_REG_LIFECYCLE_IN_USE     911358098                     1309242861              

MAP_STAGE_ONPATH_VEC_REG_LIFECYCLE_IN_USE       9773626                       19491211              

MAP_STAGE_ONPATH_INT_REG_LIFECYCLE_SPEC_RELEASE    1114967159                     1709564994              

MAP_STAGE_ONPATH_VEC_REG_LIFECYCLE_SPEC_RELEASE     125030123                      252185955              

MAP_STAGE_ONPATH_INT_REG_LIFECYCLE_NONSPEC_RELEASE    1114967159                     1709564994              

MAP_STAGE_ONPATH_VEC_REG_LIFECYCLE_NONSPEC_RELEASE     125030123                      252185955              

MAP_STAGE_ONPATH_INT_REG_LIFECYCLE_TOTAL    1114967159                     1709564994              

MAP_STAGE_ONPATH_VEC_REG_LIFECYCLE_TOTAL     125030123                      252185955              

MAP_STAGE_ONPATH_INT_REG_NUM_NONBRANCH        19523043                       39217313              

MAP_STAGE_ONPATH_VEC_REG_NUM_NONBRANCH            1468                           2728              

MAP_STAGE_ONPATH_INT_REG_NUM_NONEXCEPT        19523043                       39217313              

MAP_STAGE_ONPATH_VEC_REG_NUM_NONEXCEPT            1468                           2728              

MAP_STAGE_ONPATH_INT_REG_NUM_ATOMIC           19523043                       39217313              

MAP_STAGE_ONPATH_VEC_REG_NUM_ATOMIC               1468                           2728              

MAP_STAGE_ONPATH_INT_REG_ATOMIC_REDEFINED_DIST_TOTAL    1114967159       57.1103       1709564994       43.5921

MAP_STAGE_ONPATH_VEC_REG_ATOMIC_REDEFINED_DIST_TOTAL     125030123    85170.3835        252185955    92443.5319

MAP_STAGE_ONPATH_INT_REG_ATOMIC_CONSUMED_DIST_TOTAL     911358098       46.6811       1309242861       33.3843

MAP_STAGE_ONPATH_VEC_REG_ATOMIC_CONSUMED_DIST_TOTAL       9773626     6657.7834         19491211     7144.8721

MAP_STAGE_ONPATH_INT_REG_ATOMIC_RELEASE_DIST_TOTAL    1114967159       57.1103       1709564994       43.5921

MAP_STAGE_ONPATH_VEC_REG_ATOMIC_RELEASE_DIST_TOTAL     125030123    85170.3835        252185955    92443.5319

EXEC_STAGE_STARVED                            10048446       98.942%         20202078       98.816%
EXEC_STAGE_NOT_STARVED                           15228        0.150%            33908        0.166%
EXEC_STAGE_OFF_PATH                              92258        0.908%           208139        1.018%
                                              10155932      100.000%         20444125      100.000%
                                                  0.02         0.19              0.02         0.20

FU_BUSY_0                                      9723552                       19571324              

FU_BUSY_1                                      9662055                       19461642              

FU_BUSY_2                                        91527                         154696              

FU_BUSY_3                                        75688                         127294              

FU_BUSY_4                                      9607001                       19367565              

FU_BUSY_5                                        83305                         148983              

FU_BUSY_6                                      4767164                        9475261              

FU_BUSY_7                                      4859170                        9924832              

FU_BUSY_8                                            0                              0              

FU_BUSY_9                                            0                              0              

FU_BUSY_10                                           0                              0              

FU_BUSY_11                                           0                              0              

FU_BUSY_12                                           0                              0              

FU_BUSY_13                                           0                              0              

FU_BUSY_14                                           0                              0              

FU_BUSY_15                                           0                              0              

FU_BUSY_16                                           0                              0              

FU_BUSY_17                                           0                              0              

FU_BUSY_18                                           0                              0              

FU_BUSY_19                                           0                              0              

FU_BUSY_20                                           0                              0              

FU_BUSY_21                                           0                              0              

FU_BUSY_22                                           0                              0              

FU_BUSY_23                                           0                              0              

FU_BUSY_24                                           0                              0              

FU_BUSY_25                                           0                              0              

FU_BUSY_26                                           0                              0              

FU_BUSY_27                                           0                              0              

FU_BUSY_28                                           0                              0              

FU_BUSY_29                                           0                              0              

FU_BUSY_30                                           0                              0              

FU_BUSY_31                                           0                              0              

FU_REJECTED_OP_INV_NOT_SIMD                          0        0.000%                0        0.000%
FU_REJECTED_OP_NOP_NOT_SIMD                         14        0.147%               76        0.282%
FU_REJECTED_OP_CF_NOT_SIMD                         110        1.153%              224        0.830%
FU_REJECTED_OP_MOV_NOT_SIMD                        197        2.065%              268        0.994%
FU_REJECTED_OP_CMOV_NOT_SIMD                         1        0.010%                4        0.015%
FU_REJECTED_OP_LDA_NOT_SIMD                         22        0.231%               46        0.171%
FU_REJECTED_OP_IMEM_NOT_SIMD                      4858       50.912%             8566       31.757%
FU_REJECTED_OP_IADD_NOT_SIMD                      3449       36.145%            15747       58.378%
FU_REJECTED_OP_IMUL_NOT_SIMD                       227        2.379%              361        1.338%
FU_REJECTED_OP_IDIV_NOT_SIMD                         6        0.063%               20        0.074%
FU_REJECTED_OP_ICMP_NOT_SIMD                       145        1.520%              228        0.845%
FU_REJECTED_OP_LOGIC_NOT_SIMD                       55        0.576%              121        0.449%
FU_REJECTED_OP_SHIFT_NOT_SIMD                      126        1.320%              242        0.897%
FU_REJECTED_OP_FMEM_NOT_SIMD                         1        0.010%                3        0.011%
FU_REJECTED_OP_FCVT_NOT_SIMD                         0        0.000%                0        0.000%
FU_REJECTED_OP_FADD_NOT_SIMD                         0        0.000%                0        0.000%
FU_REJECTED_OP_FMUL_NOT_SIMD                         0        0.000%                0        0.000%
FU_REJECTED_OP_FMA_NOT_SIMD                          0        0.000%                0        0.000%
FU_REJECTED_OP_FDIV_NOT_SIMD                         0        0.000%                0        0.000%
FU_REJECTED_OP_FCMP_NOT_SIMD                         0        0.000%                0        0.000%
FU_REJECTED_OP_FCMOV_NOT_SIMD                        0        0.000%                0        0.000%
FU_REJECTED_OP_GATHER_NOT_SIMD                       0        0.000%                0        0.000%
FU_REJECTED_OP_SCATTER_NOT_SIMD                      0        0.000%                0        0.000%
FU_REJECTED_OP_PIPELINED_FAST_NOT_SIMD               0        0.000%                0        0.000%
FU_REJECTED_OP_PIPELINED_MEDIUM_NOT_SIMD             0        0.000%                0        0.000%
FU_REJECTED_OP_PIPELINED_SLOW_NOT_SIMD               0        0.000%                0        0.000%
FU_REJECTED_OP_NOTPIPELINED_MEDIUM_NOT_SIMD             0        0.000%                0        0.000%
FU_REJECTED_OP_NOTPIPELINED_SLOW_NOT_SIMD             0        0.000%                0        0.000%
FU_REJECTED_OP_NOTPIPELINED_VERY_SLOW_NOT_SIMD             0        0.000%                0        0.000%
FU_REJECTED_OP_INV_SIMD                              0        0.000%                0        0.000%
FU_REJECTED_OP_NOP_SIMD                              0        0.000%                0        0.000%
FU_REJECTED_OP_CF_SIMD                               0        0.000%                0        0.000%
FU_REJECTED_OP_MOV_SIMD                              5        0.052%               10        0.037%
FU_REJECTED_OP_CMOV_SIMD                             0        0.000%                0        0.000%
FU_REJECTED_OP_LDA_SIMD                              0        0.000%                0        0.000%
FU_REJECTED_OP_IMEM_SIMD                             0        0.000%                0        0.000%
FU_REJECTED_OP_IADD_SIMD                             0        0.000%                0        0.000%
FU_REJECTED_OP_IMUL_SIMD                             0        0.000%                0        0.000%
FU_REJECTED_OP_IDIV_SIMD                             0        0.000%                0        0.000%
FU_REJECTED_OP_ICMP_SIMD                             0        0.000%                0        0.000%
FU_REJECTED_OP_LOGIC_SIMD                            0        0.000%                0        0.000%
FU_REJECTED_OP_SHIFT_SIMD                            1        0.010%                3        0.011%
FU_REJECTED_OP_FMEM_SIMD                             0        0.000%                0        0.000%
FU_REJECTED_OP_FCVT_SIMD                           143        1.499%              301        1.116%
FU_REJECTED_OP_FADD_SIMD                           182        1.907%              754        2.795%
FU_REJECTED_OP_FMUL_SIMD                             0        0.000%                0        0.000%
FU_REJECTED_OP_FMA_SIMD                              0        0.000%                0        0.000%
FU_REJECTED_OP_FDIV_SIMD                             0        0.000%                0        0.000%
FU_REJECTED_OP_FCMP_SIMD                             0        0.000%                0        0.000%
FU_REJECTED_OP_FCMOV_SIMD                            0        0.000%                0        0.000%
FU_REJECTED_OP_GATHER_SIMD                           0        0.000%                0        0.000%
FU_REJECTED_OP_SCATTER_SIMD                          0        0.000%                0        0.000%
FU_REJECTED_OP_PIPELINED_FAST_SIMD                   0        0.000%                0        0.000%
FU_REJECTED_OP_PIPELINED_MEDIUM_SIMD                 0        0.000%                0        0.000%
FU_REJECTED_OP_PIPELINED_SLOW_SIMD                   0        0.000%                0        0.000%
FU_REJECTED_OP_NOTPIPELINED_MEDIUM_SIMD              0        0.000%                0        0.000%
FU_REJECTED_OP_NOTPIPELINED_SLOW_SIMD                0        0.000%                0        0.000%
FU_REJECTED_OP_NOTPIPELINED_VERY_SLOW_SIMD             0        0.000%                0        0.000%
                                                  9542      100.000%            26974      100.000%
                                                  7.76         6.87              8.13         7.28

LSQ_FULL_TOTAL                                  775891                        1090333              

LSQ_FULL_LOAD_QUEUE                                  0                              0              

LSQ_FULL_STORE_QUEUE                            775891                        1090333              

OP_WAIT_0                                     29028509                       58395353              

OP_WAIT_1                                      2180990                        9961271              

OP_WAIT_2                                        23304                          36284              

OP_WAIT_3                                         9136                          13944              

OP_WAIT_4                                         4812                           7210              

OP_WAIT_5                                         2893                           4416              

OP_WAIT_6                                         1913                           2865              

OP_WAIT_7                                       791391                         898901              

OP_WAIT_8                                        91676                          92245              

OP_WAIT_9                                       685218                        1623005              

OP_WAIT_10                                        4658                           5024              

OP_WAIT_11                                      937810                         938132              

OP_WAIT_12                                     1909450                        1936302              

OP_WAIT_13                                       10005                          14067              

OP_WAIT_14                                      735374                         735574              

OP_WAIT_15                                         374                            568              

OP_WAIT_16                                         305                            500              

OP_WAIT_17                                         322                           2410              

OP_WAIT_18                                         237                           2107              

OP_WAIT_19                                        1643                         624841              

OP_WAIT_20                                      314373                         625025              

OP_WAIT_21                                      620577                         620693              

OP_WAIT_22                                      313605                         313694              

OP_WAIT_23                                      838296                         838381              

OP_WAIT_24                                      225464                         225552              

OP_WAIT_25                                         143                            223              

OP_WAIT_26                                         143                            204              

OP_WAIT_27                                         130                            204              

OP_WAIT_28                                         150                            204              

OP_WAIT_29                                         166                            216              

OP_WAIT_30                                         134                            190              

OP_WAIT_31                                        2303                           3333              

ROW_SIZE_0                                      336397                         665062              

ROW_SIZE_1                                       25911                          47216              

ROW_SIZE_2                                       12557                          23449              

ROW_SIZE_3                                        6313                          11057              

ROW_SIZE_4                                     9515864                       19199207              

ROW_SIZE_5                                        4948                           8149              

ROW_SIZE_6                                       96224                         159680              

ROW_SIZE_7                                           0                              0              

ROW_SIZE_8                                           0                              0              

ROW_SIZE_9                                           0                              0              

ROW_SIZE_10                                          0                              0              

ROW_SIZE_11                                          0                              0              

ROW_SIZE_12                                          0                              0              

ROW_SIZE_13                                          0                              0              

ROW_SIZE_14                                          0                              0              

ROW_SIZE_15                                          0                              0              

ROW_SIZE_16                                          0                              0              

ROW_SIZE_17                                          0                              0              

ROW_SIZE_18                                          0                              0              

ROW_SIZE_19                                          0                              0              

ROW_SIZE_20                                          0                              0              

ROW_SIZE_21                                          0                              0              

ROW_SIZE_22                                          0                              0              

ROW_SIZE_23                                          0                              0              

ROW_SIZE_24                                          0                              0              

ROW_SIZE_25                                          0                              0              

ROW_SIZE_26                                          0                              0              

ROW_SIZE_27                                          0                              0              

ROW_SIZE_28                                          0                              0              

ROW_SIZE_29                                          0                              0              

ROW_SIZE_30                                          0                              0              

ROW_SIZE_31                                          0                              0              

RET_OP_EXEC_COUNT_0                                  0        0.000%                0        0.000%
RET_OP_EXEC_COUNT_1                           38735504      100.000%         77922938      100.000%
RET_OP_EXEC_COUNT_2                                  0        0.000%                0        0.000%
RET_OP_EXEC_COUNT_3                                  0        0.000%                0        0.000%
RET_OP_EXEC_COUNT_4                                  0        0.000%                0        0.000%
RET_OP_EXEC_COUNT_5                                  0        0.000%                0        0.000%
RET_OP_EXEC_COUNT_6                                  0        0.000%                0        0.000%
RET_OP_EXEC_COUNT_7                                  0        0.000%                0        0.000%
RET_OP_EXEC_COUNT_8                                  0        0.000%                0        0.000%
RET_OP_EXEC_COUNT_9                                  0        0.000%                0        0.000%
RET_OP_EXEC_COUNT_10                                 0        0.000%                0        0.000%
RET_OP_EXEC_COUNT_11                                 0        0.000%                0        0.000%
RET_OP_EXEC_COUNT_12                                 0        0.000%                0        0.000%
RET_OP_EXEC_COUNT_13                                 0        0.000%                0        0.000%
RET_OP_EXEC_COUNT_14                                 0        0.000%                0        0.000%
RET_OP_EXEC_COUNT_15                                 0        0.000%                0        0.000%
RET_OP_EXEC_COUNT_16                                 0        0.000%                0        0.000%
RET_OP_EXEC_COUNT_17                                 0        0.000%                0        0.000%
RET_OP_EXEC_COUNT_18                                 0        0.000%                0        0.000%
RET_OP_EXEC_COUNT_19                                 0        0.000%                0        0.000%
RET_OP_EXEC_COUNT_20                                 0        0.000%                0        0.000%
RET_OP_EXEC_COUNT_21                                 0        0.000%                0        0.000%
RET_OP_EXEC_COUNT_22                                 0        0.000%                0        0.000%
RET_OP_EXEC_COUNT_23                                 0        0.000%                0        0.000%
RET_OP_EXEC_COUNT_24                                 0        0.000%                0        0.000%
RET_OP_EXEC_COUNT_25                                 0        0.000%                0        0.000%
RET_OP_EXEC_COUNT_26                                 0        0.000%                0        0.000%
RET_OP_EXEC_COUNT_27                                 0        0.000%                0        0.000%
RET_OP_EXEC_COUNT_28                                 0        0.000%                0        0.000%
RET_OP_EXEC_COUNT_29                                 0        0.000%                0        0.000%
RET_OP_EXEC_COUNT_30                                 0        0.000%                0        0.000%
RET_OP_EXEC_COUNT_31                                 0        0.000%                0        0.000%
RET_OP_EXEC_COUNT_32                                 0        0.000%                0        0.000%
                                              38735504      100.000%         77922938      100.000%
                                                  1.00         0.00              1.00         0.00

RET_STALL_LENGTH_0                            38734705       99.998%         77921144       99.998%
RET_STALL_LENGTH_100                               513        0.001%             1204        0.002%
RET_STALL_LENGTH_200                                79        0.000%              215        0.000%
RET_STALL_LENGTH_300                                31        0.000%               61        0.000%
RET_STALL_LENGTH_400                                47        0.000%               98        0.000%
RET_STALL_LENGTH_500                                57        0.000%               97        0.000%
RET_STALL_LENGTH_600                                21        0.000%               35        0.000%
RET_STALL_LENGTH_700                                16        0.000%               24        0.000%
RET_STALL_LENGTH_800                                12        0.000%               14        0.000%
RET_STALL_LENGTH_900                                 4        0.000%                7        0.000%
RET_STALL_LENGTH_1000                                5        0.000%               10        0.000%
RET_STALL_LENGTH_1100                                2        0.000%                6        0.000%
RET_STALL_LENGTH_1200                                3        0.000%                8        0.000%
RET_STALL_LENGTH_1300                                1        0.000%                4        0.000%
RET_STALL_LENGTH_1400                                1        0.000%                3        0.000%
RET_STALL_LENGTH_1500                                1        0.000%                1        0.000%
RET_STALL_LENGTH_1600                                2        0.000%                2        0.000%
RET_STALL_LENGTH_1700                                1        0.000%                1        0.000%
RET_STALL_LENGTH_1800                                0        0.000%                0        0.000%
RET_STALL_LENGTH_1900                                2        0.000%                3        0.000%
RET_STALL_LENGTH_2000                                0        0.000%                0        0.000%
RET_STALL_LENGTH_2100                                1        0.000%                1        0.000%
RET_STALL_LENGTH_2200                                0        0.000%                0        0.000%
RET_STALL_LENGTH_2300                                0        0.000%                0        0.000%
RET_STALL_LENGTH_2400                                0        0.000%                0        0.000%
RET_STALL_LENGTH_2500                                0        0.000%                0        0.000%
RET_STALL_LENGTH_2600                                0        0.000%                0        0.000%
RET_STALL_LENGTH_2700                                0        0.000%                0        0.000%
RET_STALL_LENGTH_2800                                0        0.000%                0        0.000%
RET_STALL_LENGTH_2900                                0        0.000%                0        0.000%
RET_STALL_LENGTH_3000                                0        0.000%                0        0.000%
RET_STALL_LENGTH_3100                                0        0.000%                0        0.000%
RET_STALL_LENGTH_3200                                0        0.000%                0        0.000%
RET_STALL_LENGTH_3300                                0        0.000%                0        0.000%
RET_STALL_LENGTH_3400                                0        0.000%                0        0.000%
RET_STALL_LENGTH_3500                                0        0.000%                0        0.000%
RET_STALL_LENGTH_3600                                0        0.000%                0        0.000%
RET_STALL_LENGTH_3700                                0        0.000%                0        0.000%
RET_STALL_LENGTH_3800                                0        0.000%                0        0.000%
RET_STALL_LENGTH_3900                                0        0.000%                0        0.000%
RET_STALL_LENGTH_4000                                0        0.000%                0        0.000%
RET_STALL_LENGTH_4100                                0        0.000%                0        0.000%
RET_STALL_LENGTH_4200                                0        0.000%                0        0.000%
RET_STALL_LENGTH_4300                                0        0.000%                0        0.000%
RET_STALL_LENGTH_4400                                0        0.000%                0        0.000%
RET_STALL_LENGTH_4500                                0        0.000%                0        0.000%
RET_STALL_LENGTH_4600                                0        0.000%                0        0.000%
RET_STALL_LENGTH_4700                                0        0.000%                0        0.000%
RET_STALL_LENGTH_4800                                0        0.000%                0        0.000%
RET_STALL_LENGTH_4900                                0        0.000%                0        0.000%
RET_STALL_LENGTH_5000                                0        0.000%                0        0.000%
                                              38735504      100.000%         77922938      100.000%
                                                  0.00         0.02              0.00         0.01

MEM_BLOCK_LENGTH_0                                  25       80.645%               60       85.714%
MEM_BLOCK_LENGTH_100                                 5       16.129%                7       10.000%
MEM_BLOCK_LENGTH_200                                 0        0.000%                0        0.000%
MEM_BLOCK_LENGTH_300                                 0        0.000%                0        0.000%
MEM_BLOCK_LENGTH_400                                 0        0.000%                0        0.000%
MEM_BLOCK_LENGTH_500                                 1        3.226%                3        4.286%
MEM_BLOCK_LENGTH_600                                 0        0.000%                0        0.000%
MEM_BLOCK_LENGTH_700                                 0        0.000%                0        0.000%
MEM_BLOCK_LENGTH_800                                 0        0.000%                0        0.000%
MEM_BLOCK_LENGTH_900                                 0        0.000%                0        0.000%
MEM_BLOCK_LENGTH_1000                                0        0.000%                0        0.000%
MEM_BLOCK_LENGTH_1100                                0        0.000%                0        0.000%
MEM_BLOCK_LENGTH_1200                                0        0.000%                0        0.000%
MEM_BLOCK_LENGTH_1300                                0        0.000%                0        0.000%
MEM_BLOCK_LENGTH_1400                                0        0.000%                0        0.000%
MEM_BLOCK_LENGTH_1500                                0        0.000%                0        0.000%
MEM_BLOCK_LENGTH_1600                                0        0.000%                0        0.000%
MEM_BLOCK_LENGTH_1700                                0        0.000%                0        0.000%
MEM_BLOCK_LENGTH_1800                                0        0.000%                0        0.000%
MEM_BLOCK_LENGTH_1900                                0        0.000%                0        0.000%
MEM_BLOCK_LENGTH_2000                                0        0.000%                0        0.000%
MEM_BLOCK_LENGTH_2100                                0        0.000%                0        0.000%
MEM_BLOCK_LENGTH_2200                                0        0.000%                0        0.000%
MEM_BLOCK_LENGTH_2300                                0        0.000%                0        0.000%
MEM_BLOCK_LENGTH_2400                                0        0.000%                0        0.000%
MEM_BLOCK_LENGTH_2500                                0        0.000%                0        0.000%
MEM_BLOCK_LENGTH_2600                                0        0.000%                0        0.000%
MEM_BLOCK_LENGTH_2700                                0        0.000%                0        0.000%
MEM_BLOCK_LENGTH_2800                                0        0.000%                0        0.000%
MEM_BLOCK_LENGTH_2900                                0        0.000%                0        0.000%
MEM_BLOCK_LENGTH_3000                                0        0.000%                0        0.000%
MEM_BLOCK_LENGTH_3100                                0        0.000%                0        0.000%
MEM_BLOCK_LENGTH_3200                                0        0.000%                0        0.000%
MEM_BLOCK_LENGTH_3300                                0        0.000%                0        0.000%
MEM_BLOCK_LENGTH_3400                                0        0.000%                0        0.000%
MEM_BLOCK_LENGTH_3500                                0        0.000%                0        0.000%
MEM_BLOCK_LENGTH_3600                                0        0.000%                0        0.000%
MEM_BLOCK_LENGTH_3700                                0        0.000%                0        0.000%
MEM_BLOCK_LENGTH_3800                                0        0.000%                0        0.000%
MEM_BLOCK_LENGTH_3900                                0        0.000%                0        0.000%
MEM_BLOCK_LENGTH_4000                                0        0.000%                0        0.000%
MEM_BLOCK_LENGTH_4100                                0        0.000%                0        0.000%
MEM_BLOCK_LENGTH_4200                                0        0.000%                0        0.000%
MEM_BLOCK_LENGTH_4300                                0        0.000%                0        0.000%
MEM_BLOCK_LENGTH_4400                                0        0.000%                0        0.000%
MEM_BLOCK_LENGTH_4500                                0        0.000%                0        0.000%
MEM_BLOCK_LENGTH_4600                                0        0.000%                0        0.000%
MEM_BLOCK_LENGTH_4700                                0        0.000%                0        0.000%
MEM_BLOCK_LENGTH_4800                                0        0.000%                0        0.000%
MEM_BLOCK_LENGTH_4900                                0        0.000%                0        0.000%
MEM_BLOCK_LENGTH_5000                                0        0.000%                0        0.000%
                                                    31      100.000%               70      100.000%
                                                  0.32         0.90              0.31         1.00

FUS_BUSY_ON_PATH                              38753171        3.8158         77962675        3.8135

FUS_BUSY_OFF_PATH                               116291        0.0115           268922        0.0132

FU_BUSY_MEM_STALL                                17747        0.0017            40153        0.0020

FUS_EMPTY                                     42377994        4.1727         85321403        4.1734

FU_UNAVAILABLE                                     940        0.0001             1646        0.0001

FU_MEM_UNAVAILABLE                                8602        0.0008            25328        0.0012

FU_OTHER_UNAVAILABLE                                 0        0.0000                0        0.0000

FU_REPLAY                                            0        0.0000                0        0.0000

FU_STARVED                                    42369634        4.1719         85303721        4.1725

CHIP_UTILIZATION                                     0        0.0000                0        0.0000

CYCLES_UNDER_MEM_REQ                                 0                              0              

CYCLES_UNDER_NO_MEM_REQ                              0                              0              

CYCLES_UNDER_CRITICAL_MEM_REQ                        0                              0              

CYCLES_UNDER_NONCRITICAL_MEM_REQ                     0                              0              

CHIP_UTILIZATION_UNDER_MEM_REQ                       0          -nan                0          -nan

CHIP_UTILIZATION_UNDER_NO_MEM_REQ                    0          -nan                0          -nan

CHIP_UTILIZATION_UNDER_CRITICAL_MEM_REQ              0          -nan                0          -nan

CHIP_UTILIZATION_UNDER_NONCRITICAL_MEM_REQ             0          -nan                0          -nan

CYCLES_NOT_WAITING_FOR_OFF_CHIP                      0        0.0000                0        0.0000

FUS_BUSY_NOT_WAITING_FOR_OFF_CHIP                    0          -nan                0          -nan

CYCLES_WAITING_FOR_OFF_CHIP                          0        0.0000                0        0.0000

FUS_BUSY_WAITING_FOR_OFF_CHIP                        0          -nan                0          -nan

TOTAL_OFF_CHIP_DELAYS_LEFT                           0                              0              

WRONG_IO_SCHED                                       0                              0              

DVFS_CONFIG_SWITCH                                   0                              0              

MAP_STAGE_RECEIVED_OPS_0                             0        0.000%                0        0.000%
MAP_STAGE_RECEIVED_OPS_1                          5126        0.058%             8884        0.048%
MAP_STAGE_RECEIVED_OPS_2                          7352        0.083%            11095        0.060%
MAP_STAGE_RECEIVED_OPS_3                         12306        0.138%            18954        0.103%
MAP_STAGE_RECEIVED_OPS_4                       7228725       81.340%         16000665       87.172%
MAP_STAGE_RECEIVED_OPS_5                         41627        0.468%            71100        0.387%
MAP_STAGE_RECEIVED_OPS_6                       1591963       17.913%          2244636       12.229%
MAP_STAGE_RECEIVED_OPS_7                             0        0.000%                0        0.000%
MAP_STAGE_RECEIVED_OPS_8                             0        0.000%                0        0.000%
MAP_STAGE_RECEIVED_OPS_MAX                           0        0.000%                0        0.000%
                                               8887099      100.000%         18355334      100.000%
                                                  4.36         0.78              4.24         0.66

MAP_STAGE_WAIT_FOR_DECODE                            0         -nan%                0         -nan%
MAP_STAGE_CONSUME_DECODE                             0         -nan%                0         -nan%
                                                     0         -nan%                0         -nan%
                                                  -nan         -nan              -nan         -nan

MAP_STAGE_WAIT_FOR_DECODE2                           0         -nan%                0         -nan%
MAP_STAGE_CONSUME_DECODE2                            0         -nan%                0         -nan%
                                                     0         -nan%                0         -nan%
                                                  -nan         -nan              -nan         -nan

FTQ_RECOVER_EXEC                                  2629                           5635              

FTQ_RECOVER_DECODE                                 332                           1314              

FTQ_OFFPATH_CYCLES                              419268                         881360              

FTQ_CYCLES_OFFPATH                              419268                         881360              

FTQ_CYCLES_ONPATH                              9736664                       19562765              

FTQ_FETCHED_INS_ONPATH                        38735750                       77923556              

FTQ_FETCHED_INS_OFFPATH                        1082842                        2660020              

FTQ_BREAK_FULL_FT_ONPATH                       9675257                       13041569              

FTQ_BREAK_FULL_FT_OFFPATH                       318709                         663940              

FTQ_BREAK_PRED_BR_ONPATH                             0                              0              

FTQ_BREAK_PRED_BR_OFFPATH                            0                              0              

FTQ_BREAK_BAR_FETCH_ONPATH                           0                              0              

FTQ_BREAK_BAR_FETCH_OFFPATH                          0                              0              

FTQ_BREAK_MAX_CFS_TAKEN_ONPATH                       0                              0              

FTQ_BREAK_MAX_CFS_TAKEN_OFFPATH                      0                              0              

FTQ_BREAK_MAX_FT_ONPATH                          61407                        6521196              

FTQ_BREAK_MAX_FT_OFFPATH                        100559                         217420              

DFE_GEN_ON_PATH_FT                             9625639                       19382936              

DFE_GEN_OFF_PATH_FT                             129304                         269455              

DFE_L0_ENABLED_PREDICTIONS                    38735750                       77923556              

DFE_L0_WRONG_MAIN_CORRECT                         5591                           8709              

DFE_L0_WRONG_MAIN_WRONG                           2168                           5416              

DFE_L0_CORRECT_MAIN_WRONG                          733                           1357              

DFE_L0_CORRECT_MAIN_CORRECT                   38727258                       77908074              

DFE_L0_WRONG_MAIN_CORRECT_RECOVERY_SCHEDULED             0                              0              

FTQ_SAW_BAR_FETCH_OFFPATH                            0                              0              

FTQ_SAW_BAR_FETCH_ONPATH                             0                              0              

DFE_CONF_0_MISPRED                                   0         -nan%                0         -nan%
DFE_CONF_1_MISPRED                                   0         -nan%                0         -nan%
DFE_CONF_2_MISPRED                                   0         -nan%                0         -nan%
DFE_CONF_3_MISPRED                                   0         -nan%                0         -nan%
DFE_CONF_0_CORRECT                                   0         -nan%                0         -nan%
DFE_CONF_1_CORRECT                                   0         -nan%                0         -nan%
DFE_CONF_2_CORRECT                                   0         -nan%                0         -nan%
DFE_CONF_3_CORRECT                                   0         -nan%                0         -nan%
                                                     0         -nan%                0         -nan%
                                                  -nan         -nan              -nan         -nan

DFE_ON_CONF_ON_OPS                                   0         -nan%                0         -nan%
DFE_ON_CONF_OFF_OPS                                  0         -nan%                0         -nan%
DFE_OFF_CONF_ON_OPS                                  0         -nan%                0         -nan%
DFE_OFF_CONF_OFF_REALISTIC_OPS                       0         -nan%                0         -nan%
DFE_OFF_CONF_OFF_PERFECT_OPS                         0         -nan%                0         -nan%
                                                     0         -nan%                0         -nan%
                                                  -nan         -nan              -nan         -nan

DFE_ON_CONF_ON_FETCH_TARGETS                         0         -nan%                0         -nan%
DFE_ON_CONF_OFF_FETCH_TARGETS                        0         -nan%                0         -nan%
DFE_OFF_CONF_ON_FETCH_TARGETS                        0         -nan%                0         -nan%
DFE_OFF_CONF_OFF_REALISTIC_FETCH_TARGETS             0         -nan%                0         -nan%
DFE_OFF_CONF_OFF_PERFECT_FETCH_TARGETS               0         -nan%                0         -nan%
                                                     0         -nan%                0         -nan%
                                                  -nan         -nan              -nan         -nan

DFE_ON_CONF_ON_CYCLES                                0         -nan%                0         -nan%
DFE_ON_CONF_OFF_CYCLES                               0         -nan%                0         -nan%
DFE_OFF_CONF_ON_CYCLES                               0         -nan%                0         -nan%
DFE_OFF_CONF_OFF_REALISTIC_CYCLES                    0         -nan%                0         -nan%
DFE_OFF_CONF_OFF_PERFECT_CYCLES                      0         -nan%                0         -nan%
                                                     0         -nan%                0         -nan%
                                                  -nan         -nan              -nan         -nan

DFE_OFF_CONF_ON_NUM_EVENTS                           0                              0              

DFE_OFF_CONF_ON_NOT_IDENTIFIED_EVENTS                0         -nan%                0         -nan%
DFE_OFF_CONF_ON_IBTB_MISS_EVENTS                     0         -nan%                0         -nan%
DFE_OFF_CONF_ON_BTB_MISS_EVENTS                      0         -nan%                0         -nan%
DFE_OFF_CONF_ON_BTB_MISS_MISPRED_EVENTS              0         -nan%                0         -nan%
DFE_OFF_CONF_ON_MISPRED_EVENTS                       0         -nan%                0         -nan%
DFE_OFF_CONF_ON_MISFETCH_EVENTS                      0         -nan%                0         -nan%
                                                     0         -nan%                0         -nan%
                                                  -nan         -nan              -nan         -nan

DFE_OFF_CONF_ON_NOT_IDENTIFIED_CYCLES                0         -nan%                0         -nan%
DFE_OFF_CONF_ON_IBTB_MISS_CYCLES                     0         -nan%                0         -nan%
DFE_OFF_CONF_ON_BTB_MISS_CYCLES                      0         -nan%                0         -nan%
DFE_OFF_CONF_ON_BTB_MISS_MISPRED_CYCLES              0         -nan%                0         -nan%
DFE_OFF_CONF_ON_MISPRED_CYCLES                       0         -nan%                0         -nan%
DFE_OFF_CONF_ON_MISFETCH_CYCLES                      0         -nan%                0         -nan%
                                                     0         -nan%                0         -nan%
                                                  -nan         -nan              -nan         -nan

DFE_OFF_CONF_ON_NOT_IDENTIFIED_FETCH_TARGETS             0         -nan%                0         -nan%
DFE_OFF_CONF_ON_IBTB_MISS_FETCH_TARGETS              0         -nan%                0         -nan%
DFE_OFF_CONF_ON_BTB_MISS_FETCH_TARGETS               0         -nan%                0         -nan%
DFE_OFF_CONF_ON_BTB_MISS_MISPRED_FETCH_TARGETS             0         -nan%                0         -nan%
DFE_OFF_CONF_ON_MISPRED_FETCH_TARGETS                0         -nan%                0         -nan%
DFE_OFF_CONF_ON_MISFETCH_FETCH_TARGETS               0         -nan%                0         -nan%
                                                     0         -nan%                0         -nan%
                                                  -nan         -nan              -nan         -nan

DFE_OFF_CONF_ON_BP_INCORRECT_0_CONF                  0         -nan%                0         -nan%
DFE_OFF_CONF_ON_BP_INCORRECT_1_CONF                  0         -nan%                0         -nan%
DFE_OFF_CONF_ON_BP_INCORRECT_2_CONF                  0         -nan%                0         -nan%
DFE_OFF_CONF_ON_BP_INCORRECT_3_CONF                  0         -nan%                0         -nan%
                                                     0         -nan%                0         -nan%
                                                  -nan         -nan              -nan         -nan

DFE_OFF_CONF_ON_BTB_MISS_CBR_0_CONF                  0         -nan%                0         -nan%
DFE_OFF_CONF_ON_BTB_MISS_CBR_1_CONF                  0         -nan%                0         -nan%
DFE_OFF_CONF_ON_BTB_MISS_CBR_2_CONF                  0         -nan%                0         -nan%
DFE_OFF_CONF_ON_BTB_MISS_CBR_3_CONF                  0         -nan%                0         -nan%
                                                     0         -nan%                0         -nan%
                                                  -nan         -nan              -nan         -nan

DFE_OFF_CONF_ON_BTB_MISS_NOT_CF                      0         -nan%                0         -nan%
DFE_OFF_CONF_ON_BTB_MISS_CF_BR                       0         -nan%                0         -nan%
DFE_OFF_CONF_ON_BTB_MISS_CF_CBR                      0         -nan%                0         -nan%
DFE_OFF_CONF_ON_BTB_MISS_CF_CALL                     0         -nan%                0         -nan%
DFE_OFF_CONF_ON_BTB_MISS_CF_IBR                      0         -nan%                0         -nan%
DFE_OFF_CONF_ON_BTB_MISS_CF_ICALL                    0         -nan%                0         -nan%
DFE_OFF_CONF_ON_BTB_MISS_CF_ICO                      0         -nan%                0         -nan%
DFE_OFF_CONF_ON_BTB_MISS_CF_RET                      0         -nan%                0         -nan%
DFE_OFF_CONF_ON_BTB_MISS_CF_SYS                      0         -nan%                0         -nan%
                                                     0         -nan%                0         -nan%
                                                  -nan         -nan              -nan         -nan

DFE_ON_CONF_OFF_NUM_EVENTS                           0                              0              

CONF_BTB_NUM_CYCLES_OFF_PATH_EVENT                   0                              0              

DFE_ON_CONF_OFF_IBTB_MISS_BP_TAKEN                   0         -nan%                0         -nan%
DFE_ON_CONF_OFF_BTB_MISS_BP_TAKEN_CONF_0             0         -nan%                0         -nan%
DFE_ON_CONF_OFF_BTB_MISS_BP_TAKEN_CONF_1             0         -nan%                0         -nan%
DFE_ON_CONF_OFF_BTB_MISS_BP_TAKEN_CONF_2             0         -nan%                0         -nan%
DFE_ON_CONF_OFF_BTB_MISS_BP_TAKEN_CONF_3             0         -nan%                0         -nan%
DFE_ON_CONF_OFF_BTB_MISS_RATE                        0         -nan%                0         -nan%
DFE_ON_CONF_OFF_IBTB_MISS_RATE                       0         -nan%                0         -nan%
DFE_ON_CONF_OFF_MISFETCH_RATE                        0         -nan%                0         -nan%
DFE_ON_CONF_OFF_MISPRED_RATE                         0         -nan%                0         -nan%
DFE_ON_CONF_OFF_INV_CONF_INC                         0         -nan%                0         -nan%
DFE_ON_CONF_OFF_PERFECT_CONF                         0         -nan%                0         -nan%
                                                     0         -nan%                0         -nan%
                                                  -nan         -nan              -nan         -nan

DFE_ON_CONF_OFF_IBTB_MISS_BP_TAKEN_CYCLES             0         -nan%                0         -nan%
DFE_ON_CONF_OFF_BTB_MISS_BP_TAKEN_CONF_0_CYCLES             0         -nan%                0         -nan%
DFE_ON_CONF_OFF_BTB_MISS_BP_TAKEN_CONF_1_CYCLES             0         -nan%                0         -nan%
DFE_ON_CONF_OFF_BTB_MISS_BP_TAKEN_CONF_2_CYCLES             0         -nan%                0         -nan%
DFE_ON_CONF_OFF_BTB_MISS_BP_TAKEN_CONF_3_CYCLES             0         -nan%                0         -nan%
DFE_ON_CONF_OFF_BTB_MISS_RATE_CYCLES                 0         -nan%                0         -nan%
DFE_ON_CONF_OFF_IBTB_MISS_RATE_CYCLES                0         -nan%                0         -nan%
DFE_ON_CONF_OFF_MISFETCH_RATE_CYCLES                 0         -nan%                0         -nan%
DFE_ON_CONF_OFF_MISPRED_RATE_CYCLES                  0         -nan%                0         -nan%
DFE_ON_CONF_OFF_INV_CONF_INC_CYCLES                  0         -nan%                0         -nan%
DFE_ON_CONF_OFF_PERFECT_CONF_CYCLES                  0         -nan%                0         -nan%
                                                     0         -nan%                0         -nan%
                                                  -nan         -nan              -nan         -nan

DFE_ON_CONF_OFF_IBTB_MISS_BP_TAKEN_FETCH_TARGETS             0         -nan%                0         -nan%
DFE_ON_CONF_OFF_BTB_MISS_BP_TAKEN_CONF_0_FETCH_TARGETS             0         -nan%                0         -nan%
DFE_ON_CONF_OFF_BTB_MISS_BP_TAKEN_CONF_1_FETCH_TARGETS             0         -nan%                0         -nan%
DFE_ON_CONF_OFF_BTB_MISS_BP_TAKEN_CONF_2_FETCH_TARGETS             0         -nan%                0         -nan%
DFE_ON_CONF_OFF_BTB_MISS_BP_TAKEN_CONF_3_FETCH_TARGETS             0         -nan%                0         -nan%
DFE_ON_CONF_OFF_BTB_MISS_RATE_FETCH_TARGETS             0         -nan%                0         -nan%
DFE_ON_CONF_OFF_IBTB_MISS_RATE_FETCH_TARGETS             0         -nan%                0         -nan%
DFE_ON_CONF_OFF_MISFETCH_RATE_FETCH_TARGETS             0         -nan%                0         -nan%
DFE_ON_CONF_OFF_MISPRED_RATE_FETCH_TARGETS             0         -nan%                0         -nan%
DFE_ON_CONF_OFF_INV_CONF_INC_FETCH_TARGETS             0         -nan%                0         -nan%
DFE_ON_CONF_OFF_PERFECT_CONF_FETCH_TARGETS             0         -nan%                0         -nan%
                                                     0         -nan%                0         -nan%
                                                  -nan         -nan              -nan         -nan

CONF_OFF_IBTB_MISS_BP_TAKEN                          0         -nan%                0         -nan%
CONF_OFF_BTB_MISS_BP_TAKEN_CONF_0                    0         -nan%                0         -nan%
CONF_OFF_BTB_MISS_BP_TAKEN_CONF_1                    0         -nan%                0         -nan%
CONF_OFF_BTB_MISS_BP_TAKEN_CONF_2                    0         -nan%                0         -nan%
CONF_OFF_BTB_MISS_BP_TAKEN_CONF_3                    0         -nan%                0         -nan%
CONF_OFF_BTB_MISS_RATE                               0         -nan%                0         -nan%
CONF_OFF_IBTB_MISS_RATE                              0         -nan%                0         -nan%
CONF_OFF_MISFETCH_RATE                               0         -nan%                0         -nan%
CONF_OFF_MISPRED_RATE                                0         -nan%                0         -nan%
CONF_OFF_INV_CONF_INC                                0         -nan%                0         -nan%
CONF_OFF_PERFECT_CONF                                0         -nan%                0         -nan%
                                                     0         -nan%                0         -nan%
                                                  -nan         -nan              -nan         -nan

TOPDOWN_TOTAL_SLOTS                           60935592                      122664750              

TOPDOWN_ISSUED_SLOTS                          39009817                       78512147              

TOPDOWN_RETIRED_SLOTS                         38735606                       77923252              

TOPDOWN_FETCH_BUBBLES_SLOTS                   16389229                       35891961              

TOPDOWN_RECOVERY_BUBBLES_SLOTS                   66357                         130668              

TOPDOWN_MEM_LOAD_STALLS_CYCLES                  139519                         270387              

TOPDOWN_MEM_STORE_STALLS_CYCLES                    921                           1249              

TOPDOWN_EXEC_STALLS_CYCLES                      256844                         507234              

TOPDOWN_BACKEND_STALLS_CYCLES                   910893                        1353685              

TOPDOWN_FETCH_BUBBLES_GT_MIW_CYCLES             292038                         595483              

TOPDOWN_BR_MISPRED_RETIRED_CYCLES                 2629                           5635              

TOPDOWN_MACHINE_CLEAR_CYCLES                      8552                          15658              

TOPDOWN_FRONTEND_BOUND                            2689                           2689              

TOPDOWN_BACKEND_BOUND                              900                            900              

TOPDOWN_BAD_SPEC_BOUND                              55                             55              

TOPDOWN_RETIRING_BOUND                            6356                           6356              

TOPDOWN_FETCH_LATENCY_BOUND                        287                            287              

TOPDOWN_FETCH_BANDWIDTH_BOUND                     2402                           2402              

TOPDOWN_MEM_BOUND                                  138                            138              

TOPDOWN_CORE_BOUND                                 762                            762              

TOPDOWN_BR_MISPREDICTS_BOUND                        12                             12              

TOPDOWN_MACHINE_CLEARS_BOUND                        43                             43              



