/* -*- Mode: c -*- */
####################################################################################################
Core 0
####################################################################################################
Cumulative:        Cycles: 20444125              Instructions: 761055                IPC: 0.03723

Periodic:          Cycles: 10155932              Instructions: 463508                IPC: 0.04564

MISS_WAIT_TIME                             51729670443                    66611013679              

ICACHE_STAGE_MISS                                 3842                           8262              

ICACHE_CYCLE                                  10155932                       20444125              

TCACHE_CYCLE                                         0                              0              

ICACHE_SERVING_CYCLE_ON_PATH                     71417                         124504              

ICACHE_SERVING_CYCLE_OFF_PATH                    52878                         132220              

UCACHE_SERVING_CYCLE_ON_PATH                   9641872                       19410343              

UCACHE_SERVING_CYCLE_OFF_PATH                    83574                         163760              

ICACHE_CYCLE_ONPATH                            9985293       98.320%         20067822       98.159%
ICACHE_CYCLE_OFFPATH                            170639        1.680%           376303        1.841%
                                              10155932      100.000%         20444125      100.000%
                                                  0.02         0.13              0.02         0.13

FETCH_ON_PATH                                  9989353       98.360%         20076482       98.202%
FETCH_OFF_PATH                                  166579        1.640%           367643        1.798%
                                              10155932      100.000%         20444125      100.000%
                                                  0.02         0.13              0.02         0.13

FETCHED_OPS_ON_PATH                                  0         -nan%                0         -nan%
FETCHED_OPS_OFF_PATH                                 0         -nan%                0         -nan%
                                                     0         -nan%                0         -nan%
                                                  -nan         -nan              -nan         -nan

INST_LOST_FETCH                               38735750       64.272%         77923428       64.265%
INST_LOST_OFF_PATH                              414266        0.687%           909581        0.750%
INST_LOST_FULL_WINDOW                             3477        0.006%             5719        0.005%
INST_LOST_ROB_STALL_OTHER                        11496        0.019%            17428        0.014%
INST_LOST_ROB_STALL_WAIT_FOR_RECOVERY                0        0.000%                0        0.000%
INST_LOST_ROB_STALL_WAIT_FOR_REDIRECT                0        0.000%                0        0.000%
INST_LOST_ROB_STALL_WAIT_FOR_GAP_FILL                0        0.000%                0        0.000%
INST_LOST_ROB_STALL_WAIT_FOR_L1_MISS                 0        0.000%                0        0.000%
INST_LOST_ROB_STALL_WAIT_FOR_MEMORY                930        0.002%             1027        0.001%
INST_LOST_ROB_STALL_WAIT_FOR_DC_MISS            265437        0.440%           471874        0.389%
INST_LOST_ROB_BLOCK_ISSUE_FULL                       0        0.000%                0        0.000%
INST_LOST_ROB_BLOCK_ISSUE_GAP_TOO_LARGE              0        0.000%                0        0.000%
INST_LOST_BREAK_DONT                                 0        0.000%                0        0.000%
INST_LOST_BREAK_FT_UNAVAILABLE                   25467        0.042%            51337        0.042%
INST_LOST_BREAK_ICACHE_STAGE_RESTEER               276        0.000%              473        0.000%
INST_LOST_BREAK_ICACHE_MISS_REQ_SUCCESS          13885        0.023%            30245        0.025%
INST_LOST_BREAK_ICACHE_MISS_REQ_FAILURE            732        0.001%             1664        0.001%
INST_LOST_BREAK_ICACHE_WAIT_FOR_MISS           1495059        2.481%          2994452        2.470%
INST_LOST_BREAK_ICACHE_STALLED                    7738        0.013%            20104        0.017%
INST_LOST_BREAK_ICACHE_TO_UOP_CACHE_SWITCH         16035        0.027%            28071        0.023%
INST_LOST_BREAK_ICACHE_READ_LIMIT                24567        0.041%            41851        0.035%
INST_LOST_BREAK_ICACHE_ISSUE_WIDTH                   0        0.000%                0        0.000%
INST_LOST_BREAK_UOP_CACHE_STALLED                57929        0.096%            82546        0.068%
INST_LOST_BREAK_UOP_CACHE_TO_ICACHE_SWITCH         16894        0.028%            29655        0.024%
INST_LOST_BREAK_UOP_CACHE_READ_LIMIT          19178290       31.822%         38644213       31.871%
INST_LOST_BREAK_UOP_CACHE_ISSUE_WIDTH                0        0.000%                0        0.000%
                                              60268228      100.000%        121253668      100.000%
                                                  8.16         9.08              8.16         9.09

INST_LOST_TOTAL                               60504405                      121795223              

INST_LOST_WAIT_FOR_ICACHE_MISS_NOT_PREFETCHED         91375        6.776%           235495        8.913%
INST_LOST_WAIT_FOR_ICACHE_MISS_PREFETCHED_AND_EVICTED_BY_IFETCH             0        0.000%                0        0.000%
INST_LOST_WAIT_FOR_ICACHE_MISS_PREFETCHED_AND_EVICTED_BY_FDIP             0        0.000%                0        0.000%
INST_LOST_WAIT_FOR_ICACHE_MISS_MSHR_HIT_PREF_OFFPATH         77410        5.741%           122120        4.622%
INST_LOST_WAIT_FOR_ICACHE_MISS_MSHR_HIT_PREF_ONPATH       1179635       87.483%          2284620       86.465%
                                               1348420      100.000%          2642235      100.000%
                                                  3.67         3.45              3.60         3.37

FETCH_0_OPS                                     305495        3.008%           612442        2.996%
FETCH_1_OPS                                       8976        0.088%            17232        0.084%
FETCH_2_OPS                                      21272        0.209%            30467        0.149%
FETCH_3_OPS                                      24763        0.244%            41769        0.204%
FETCH_4_OPS                                    9558875       94.121%         19278236       94.297%
FETCH_5_OPS                                     113082        1.113%           229679        1.123%
FETCH_6_OPS                                     123469        1.216%           234300        1.146%
FETCH_7_OPS                                          0        0.000%                0        0.000%
FETCH_8_OPS                                          0        0.000%                0        0.000%
FETCH_9_OPS                                          0        0.000%                0        0.000%
FETCH_10_OPS                                         0        0.000%                0        0.000%
FETCH_11_OPS                                         0        0.000%                0        0.000%
FETCH_12_OPS                                         0        0.000%                0        0.000%
FETCH_13_OPS                                         0        0.000%                0        0.000%
FETCH_14_OPS                                         0        0.000%                0        0.000%
FETCH_15_OPS                                         0        0.000%                0        0.000%
FETCH_16_OPS                                         0        0.000%                0        0.000%
                                              10155932      100.000%         20444125      100.000%
                                                  3.91         0.30              3.91         0.29

ST_BREAK_DONT                                        0        0.000%                0        0.000%
ST_BREAK_FT_UNAVAILABLE                           5096        0.050%            10270        0.050%
ST_BREAK_ICACHE_STAGE_RESTEER                       88        0.001%              154        0.001%
ST_BREAK_ICACHE_MISS_REQ_SUCCESS                  3842        0.038%             8262        0.040%
ST_BREAK_ICACHE_MISS_REQ_FAILURE                   147        0.001%              334        0.002%
ST_BREAK_ICACHE_WAIT_FOR_MISS                   299383        2.948%           599334        2.932%
ST_BREAK_ICACHE_STALLED                          34225        0.337%            71205        0.348%
ST_BREAK_ICACHE_TO_UOP_CACHE_SWITCH               6133        0.060%            10764        0.053%
ST_BREAK_ICACHE_READ_LIMIT                       12243        0.121%            20972        0.103%
ST_BREAK_ICACHE_ISSUE_WIDTH                      70155        0.691%           148458        0.726%
ST_BREAK_UOP_CACHE_STALLED                       68362        0.673%           130329        0.637%
ST_BREAK_UOP_CACHE_TO_ICACHE_SWITCH               5259        0.052%             9251        0.045%
ST_BREAK_UOP_CACHE_READ_LIMIT                  9574767       94.278%         19299324       94.400%
ST_BREAK_UOP_CACHE_ISSUE_WIDTH                   76232        0.751%           135468        0.663%
                                              10155932      100.000%         20444125      100.000%
                                                 11.73         1.66             11.73         1.62

ORACLE_ON_PATH_INST                           38735750       98.942%         77923428       98.846%
ORACLE_OFF_PATH_INST                            414266        1.058%           909581        1.154%
                                              39150016      100.000%         78833009      100.000%
                                                  0.01         0.10              0.01         0.11

ORACLE_ON_PATH_INST_MEM                        9738239       24.874%         19571309       24.826%
ORACLE_ON_PATH_INST_NOTMEM                    28997511       74.068%         58352119       74.020%
ORACLE_OFF_PATH_INST_MEM                        128735        0.329%           239531        0.304%
ORACLE_OFF_PATH_INST_NOTMEM                     285531        0.729%           670050        0.850%
                                              39150016      100.000%         78833009      100.000%
                                                  0.77         0.29              0.77         0.30

ICACHE_CYCLE_NONRA_ONPATH                            0         -nan%                0         -nan%
ICACHE_CYCLE_NONRA_OFFPATH                           0         -nan%                0         -nan%
ICACHE_CYCLE_RA_ONPATH                               0         -nan%                0         -nan%
ICACHE_CYCLE_RA_OFFPATH                              0         -nan%                0         -nan%
                                                     0         -nan%                0         -nan%
                                                  -nan         -nan              -nan         -nan

ICACHE_CYCLE_ONPATH_NONRA                            0         -nan%                0         -nan%
ICACHE_CYCLE_OFFPATH_NONRA                           0         -nan%                0         -nan%
                                                     0         -nan%                0         -nan%
                                                  -nan         -nan              -nan         -nan

ICACHE_CYCLE_ONPATH_RA                               0         -nan%                0         -nan%
ICACHE_CYCLE_OFFPATH_RA                              0         -nan%                0         -nan%
                                                     0         -nan%                0         -nan%
                                                  -nan         -nan              -nan         -nan

INACCURATE_OFFPATH_CYCLES                            0        0.0000                0        0.0000

FETCH_ALL_INST                                39150016                       78833009              

EXEC_ALL_INST                                 38850573                       78189394              

RET_ALL_INST                                  38735504                       77922938              

EXEC_ON_PATH_INST                             38735669       99.704%         77923154       99.659%
EXEC_OFF_PATH_INST                              114904        0.296%           266240        0.341%
                                              38850573      100.000%         78189394      100.000%
                                                  0.00         0.05              0.00         0.06

EXEC_ON_PATH_INST_MEM                          9738181       25.066%         19571195       25.030%
EXEC_ON_PATH_INST_NOTMEM                      28997488       74.639%         58351959       74.629%
EXEC_OFF_PATH_INST_MEM                           37621        0.097%            70735        0.090%
EXEC_OFF_PATH_INST_NOTMEM                        77283        0.199%           195505        0.250%
                                              38850573      100.000%         78189394      100.000%
                                                  0.75         0.24              0.76         0.24

EXEC_RA_INST                                         0         -nan%                0         -nan%
EXEC_NONRA_INST                                      0         -nan%                0         -nan%
                                                     0         -nan%                0         -nan%
                                                  -nan         -nan              -nan         -nan

EXEC_ON_PATH_INST_RA                                 0         -nan%                0         -nan%
EXEC_OFF_PATH_INST_RA                                0         -nan%                0         -nan%
                                                     0         -nan%                0         -nan%
                                                  -nan         -nan              -nan         -nan

EXEC_ON_PATH_INST_NONRA                              0         -nan%                0         -nan%
EXEC_OFF_PATH_INST_NONRA                             0         -nan%                0         -nan%
                                                     0         -nan%                0         -nan%
                                                  -nan         -nan              -nan         -nan

EXEC_RA_ON_PATH_INST                                 0         -nan%                0         -nan%
EXEC_RA_OFF_PATH_INST                                0         -nan%                0         -nan%
EXEC_NONRA_ON_PATH_INST                              0         -nan%                0         -nan%
EXEC_NONRA_OFF_PATH_INST                             0         -nan%                0         -nan%
                                                     0         -nan%                0         -nan%
                                                  -nan         -nan              -nan         -nan

ICACHE_THROTTLE_CYCLE                                0                              0              

FETCH_ENABLE_THROTTLE_OFF_PATH                       0         -nan%                0         -nan%
FETCH_ENABLE_THROTTLE_ON_PATH                        0         -nan%                0         -nan%
                                                     0         -nan%                0         -nan%
                                                  -nan         -nan              -nan         -nan

FETCH_DISABLE_THROTTLE_OFF_PATH                      0         -nan%                0         -nan%
FETCH_DISABLE_THROTTLE_ON_PATH                       0         -nan%                0         -nan%
                                                     0         -nan%                0         -nan%
                                                  -nan         -nan              -nan         -nan

FETCH_TH_ADJUST__0                                   0         -nan%                0         -nan%
FETCH_TH_ADJUST__1                                   0         -nan%                0         -nan%
FETCH_TH_ADJUST__2                                   0         -nan%                0         -nan%
FETCH_TH_ADJUST__3                                   0         -nan%                0         -nan%
FETCH_TH_ADJUST__4                                   0         -nan%                0         -nan%
FETCH_TH_ADJUST__5                                   0         -nan%                0         -nan%
FETCH_TH_ADJUST__6                                   0         -nan%                0         -nan%
FETCH_TH_ADJUST__7                                   0         -nan%                0         -nan%
FETCH_TH_ADJUST__8                                   0         -nan%                0         -nan%
FETCH_TH_ADJUST__9                                   0         -nan%                0         -nan%
FETCH_TH_ADJUST__MAX                                 0         -nan%                0         -nan%
                                                     0         -nan%                0         -nan%
                                                  -nan         -nan              -nan         -nan

FETCH_TH_ADJUST_UP                                   0         -nan%                0         -nan%
FETCH_TH_ADJUST_DOWN                                 0         -nan%                0         -nan%
FETCH_TH_ADJUST_SAME                                 0         -nan%                0         -nan%
                                                     0         -nan%                0         -nan%
                                                  -nan         -nan              -nan         -nan

THROTTLE_ADJUST_CACHE_MISS_INFO                      0                              0              

LOW_CONF_COUNT_BP_MIS_0                              0         -nan%                0         -nan%
LOW_CONF_COUNT_BP_MIS_1                              0         -nan%                0         -nan%
LOW_CONF_COUNT_BP_MIS_2                              0         -nan%                0         -nan%
LOW_CONF_COUNT_BP_MIS_3                              0         -nan%                0         -nan%
LOW_CONF_COUNT_BP_MIS_4                              0         -nan%                0         -nan%
LOW_CONF_COUNT_BP_MIS_5                              0         -nan%                0         -nan%
LOW_CONF_COUNT_BP_MIS_6                              0         -nan%                0         -nan%
LOW_CONF_COUNT_BP_MIS_7                              0         -nan%                0         -nan%
LOW_CONF_COUNT_BP_MIS_8                              0         -nan%                0         -nan%
LOW_CONF_COUNT_BP_MIS_9                              0         -nan%                0         -nan%
LOW_CONF_COUNT_BP_MIS_10                             0         -nan%                0         -nan%
LOW_CONF_COUNT_BP_MIS_11                             0         -nan%                0         -nan%
LOW_CONF_COUNT_BP_MIS_12                             0         -nan%                0         -nan%
LOW_CONF_COUNT_BP_MIS_13                             0         -nan%                0         -nan%
LOW_CONF_COUNT_BP_MIS_14                             0         -nan%                0         -nan%
LOW_CONF_COUNT_BP_MIS_15                             0         -nan%                0         -nan%
LOW_CONF_COUNT_BP_MIS_16                             0         -nan%                0         -nan%
LOW_CONF_COUNT_BP_MIS_17                             0         -nan%                0         -nan%
LOW_CONF_COUNT_BP_MIS_18                             0         -nan%                0         -nan%
LOW_CONF_COUNT_BP_MIS_19                             0         -nan%                0         -nan%
LOW_CONF_COUNT_BP_MIS_20                             0         -nan%                0         -nan%
                                                     0         -nan%                0         -nan%
                                                  -nan         -nan              -nan         -nan

LOW_CONF_COUNT_RET_0                                 0         -nan%                0         -nan%
LOW_CONF_COUNT_RET_1                                 0         -nan%                0         -nan%
LOW_CONF_COUNT_RET_2                                 0         -nan%                0         -nan%
LOW_CONF_COUNT_RET_3                                 0         -nan%                0         -nan%
LOW_CONF_COUNT_RET_4                                 0         -nan%                0         -nan%
LOW_CONF_COUNT_RET_5                                 0         -nan%                0         -nan%
LOW_CONF_COUNT_RET_6                                 0         -nan%                0         -nan%
LOW_CONF_COUNT_RET_7                                 0         -nan%                0         -nan%
LOW_CONF_COUNT_RET_8                                 0         -nan%                0         -nan%
LOW_CONF_COUNT_RET_9                                 0         -nan%                0         -nan%
LOW_CONF_COUNT_RET_10                                0         -nan%                0         -nan%
LOW_CONF_COUNT_RET_11                                0         -nan%                0         -nan%
LOW_CONF_COUNT_RET_12                                0         -nan%                0         -nan%
LOW_CONF_COUNT_RET_13                                0         -nan%                0         -nan%
LOW_CONF_COUNT_RET_14                                0         -nan%                0         -nan%
LOW_CONF_COUNT_RET_15                                0         -nan%                0         -nan%
LOW_CONF_COUNT_RET_16                                0         -nan%                0         -nan%
LOW_CONF_COUNT_RET_17                                0         -nan%                0         -nan%
LOW_CONF_COUNT_RET_18                                0         -nan%                0         -nan%
LOW_CONF_COUNT_RET_19                                0         -nan%                0         -nan%
LOW_CONF_COUNT_RET_20                                0         -nan%                0         -nan%
                                                     0         -nan%                0         -nan%
                                                  -nan         -nan              -nan         -nan

CYCLES_RESTEER_MISPRED                               0         -nan%                0         -nan%
CYCLES_RESTEER_MISFETCH                              0         -nan%                0         -nan%
CYCLES_RESTEER_BTB_MISS                              0         -nan%                0         -nan%
                                                     0         -nan%                0         -nan%
                                                  -nan         -nan              -nan         -nan

CYCLES_RESTEER_MISPRED_SAVED_UC_FETCH                0         -nan%                0         -nan%
CYCLES_RESTEER_MISPRED_COULD_BE_SAVED_UC_FETCH             0         -nan%                0         -nan%
CYCLES_RESTEER_MISFETCH_SAVED_UC_FETCH               0         -nan%                0         -nan%
CYCLES_RESTEER_MISFETCH_COULD_BE_SAVED_UC_FETCH             0         -nan%                0         -nan%
CYCLES_RESTEER_BTB_MISS_SAVED_UC_FETCH               0         -nan%                0         -nan%
CYCLES_RESTEER_BTB_MISS_COULD_BE_SAVED_UC_FETCH             0         -nan%                0         -nan%
                                                     0         -nan%                0         -nan%
                                                  -nan         -nan              -nan         -nan

CYCLES_UOC_IC_SWITCH                                 0                              0              



