/* -*- Mode: c -*- */
####################################################################################################
Core 0
####################################################################################################
Cumulative:        Cycles: 13260262              Instructions: 19999999              IPC: 1.50827

Periodic:          Cycles: 6605714               Instructions: 9999999               IPC: 1.51384

EXECUTION_TIME                           2064285625000                  4143831875000              

SIM_HOST_WALL_SECONDS                        60.945151                      60.945151              

NODE_CYCLE                                     6605714                       13260262              

NODE_INST_COUNT                                9999999                       19999999              

NODE_INST_COUNT_FETCHED                        9999999                       19999999              

NODE_UOP_COUNT                                12536990                       25073845              

EXEC_STAGE_NO_ISSUE_STALL_CYCLE                4774392                        9550698              

EXEC_STAGE_NO_ISSUE_STALL_CYCLE_ONPATH         4772537                        9544739              

FULL_WINDOW_STALL                              4515276       68.354%          9070974       68.407%

FULL_WINDOW_MEM_OP                              493959       13.023%          1011615       13.290%
FULL_WINDOW_FP_OP                              3089945       81.467%          6182366       81.218%
FULL_WINDOW_OTHER_OP                            208968        5.509%           418126        5.493%
                                               3792872      100.000%          7612107      100.000%
                                                  0.92         0.34              0.92         0.34

RET_BLOCKED_DC_MISS                             101005        1.529%           239526        1.806%

RET_BLOCKED_L1_MISS                              97753        1.480%           230536        1.739%

RET_BLOCKED_L1_MISS_BW_PREF                          0        0.000%                0        0.000%

RET_BLOCKED_L1_ACCESS                             3252        0.049%             8990        0.068%

RET_BLOCKED_MEM_STALL                            97753        1.480%           230536        1.739%

RET_BLOCKED_OFFCHIP_DEMAND                           0        0.000%                0        0.000%

OP_ISSUED                                     12539712                       25084435              

OP_RETIRED                                    12536990                       25073845              

OP_MACRO_FUSION_ONPATH                          298851                         598043              

OP_MACRO_FUSION_OFFPATH                            400                           1173              

REPLAY_SIGNALED                                      0                              0              

REPLAY_COUNTED                                       0                              0              

OFF_CRITICAL_PATH                                    0         -nan%                0         -nan%
ON_CRITICAL_PATH                                     0         -nan%                0         -nan%
                                                     0         -nan%                0         -nan%
                                                  -nan         -nan              -nan         -nan

LD_NO_DEPENDENTS                                 74655        1.870%           149342        1.871%
LD_DEPENDENTS                                  3917504       98.130%          7834619       98.129%
                                               3992159      100.000%          7983961      100.000%
                                                  0.98         0.97              0.98         0.97

LD_EXEC_CYCLES_0                                     0        0.000%                0        0.000%
LD_EXEC_CYCLES_1                                     0        0.000%                0        0.000%
LD_EXEC_CYCLES_2                                     0        0.000%                0        0.000%
LD_EXEC_CYCLES_3                                    20       90.909%               43       78.182%
LD_EXEC_CYCLES_4                                     2        9.091%               12       21.818%
                                                    22      100.000%               55      100.000%
                                                  3.09         1.00              3.22         1.57

ICACHE_STAGE_STARVED                             25005        0.379%            54722        0.414%
ICACHE_STAGE_NOT_STARVED                       6563948       99.621%         13157166       99.586%
                                               6588953      100.000%         13211888      100.000%
                                                  1.00         0.99              1.00         0.99

ICACHE_STAGE_STALLED                           4204291       63.646%          8426720       63.549%
ICACHE_STAGE_NOT_STALLED                       2384662       36.100%          4785168       36.087%
ICACHE_STAGE_OFF_PATH                            16761        0.254%            48374        0.365%
                                               6605714      100.000%         13260262      100.000%
                                                  0.37         0.39              0.37         0.39

DECODE_STAGE_STARVED                           6530876       98.867%         13106626       98.871%
DECODE_STAGE_NOT_STARVED                         74838        1.133%           149665        1.129%
                                               6605714      100.000%         13256291      100.000%
                                                  0.01         0.11              0.01         0.11

DECODE_STAGE_STALLED                           1419555       21.490%          2809080       21.184%
DECODE_STAGE_NOT_STALLED                       5186159       78.510%         10447211       78.786%
DECODE_STAGE_OFF_PATH                                0        0.000%             3971        0.030%
                                               6605714      100.000%         13260262      100.000%
                                                  0.79         0.19              0.79         0.19

UOPQ_STAGE_STARVED                               91992        3.871%           180087        3.784%
UOPQ_STAGE_NOT_STARVED                         2284374       96.129%          4579693       96.216%
                                               2376366      100.000%          4759780      100.000%
                                                  0.96         0.94              0.96         0.94

UOPQ_STAGE_STALLED                             4212933       63.777%          8455318       63.764%
UOPQ_STAGE_NOT_STALLED                         2376366       35.974%          4759780       35.895%
UOPQ_STAGE_OFF_PATH                              16415        0.248%            45164        0.341%
                                               6605714      100.000%         13260262      100.000%
                                                  0.36         0.39              0.37         0.39

RS_OP_READY_NOT_ISSUED_TOTAL                   1045838                        2089850              

RS_0_OP_READY_NOT_ISSUED                        801980                        1599949              

RS_1_OP_READY_NOT_ISSUED                        138244                         278653              

RS_2_OP_READY_NOT_ISSUED                        105614                         211248              

RS_3_OP_READY_NOT_ISSUED                             0                              0              

RS_4_OP_READY_NOT_ISSUED                             0                              0              

RS_5_OP_READY_NOT_ISSUED                             0                              0              

RS_6_OP_READY_NOT_ISSUED                             0                              0              

RS_7_OP_READY_NOT_ISSUED                             0                              0              

RS_7_PLUS_OP_READY_NOT_ISSUED                        0                              0              

FU_IDLE_NO_READY_OPS_TOTAL                    22092905                       44565523              

FU_0_IDLE_NO_READY_OPS                          168289                         371683              

FU_1_IDLE_NO_READY_OPS                          959748                        1974394              

FU_2_IDLE_NO_READY_OPS                         3617070                        7280961              

FU_3_IDLE_NO_READY_OPS                         3788284                        7629848              

FU_4_IDLE_NO_READY_OPS                         1125856                        2306085              

FU_5_IDLE_NO_READY_OPS                         1164986                        2367319              

FU_6_IDLE_NO_READY_OPS                         5597833                       11241122              

FU_7_IDLE_NO_READY_OPS                         5670839                       11394111              

FU_8_IDLE_NO_READY_OPS                               0                              0              

FU_9_IDLE_NO_READY_OPS                               0                              0              

FU_10_IDLE_NO_READY_OPS                              0                              0              

FU_11_IDLE_NO_READY_OPS                              0                              0              

FU_12_IDLE_NO_READY_OPS                              0                              0              

FU_13_IDLE_NO_READY_OPS                              0                              0              

FU_14_IDLE_NO_READY_OPS                              0                              0              

FU_15_IDLE_NO_READY_OPS                              0                              0              

FU_16_IDLE_NO_READY_OPS                              0                              0              

FU_17_IDLE_NO_READY_OPS                              0                              0              

FU_18_IDLE_NO_READY_OPS                              0                              0              

FU_19_IDLE_NO_READY_OPS                              0                              0              

FU_20_IDLE_NO_READY_OPS                              0                              0              

FU_21_IDLE_NO_READY_OPS                              0                              0              

FU_22_IDLE_NO_READY_OPS                              0                              0              

FU_23_IDLE_NO_READY_OPS                              0                              0              

FU_24_IDLE_NO_READY_OPS                              0                              0              

FU_25_IDLE_NO_READY_OPS                              0                              0              

FU_26_IDLE_NO_READY_OPS                              0                              0              

FU_27_IDLE_NO_READY_OPS                              0                              0              

FU_28_IDLE_NO_READY_OPS                              0                              0              

FU_29_IDLE_NO_READY_OPS                              0                              0              

FU_30_IDLE_NO_READY_OPS                              0                              0              

FU_31_IDLE_NO_READY_OPS                              0                              0              

FU_31_PLUS_IDLE_NO_READY_OPS                         0                              0              

MAP_STAGE_STARVED                                 1368        0.021%             5164        0.039%
MAP_STAGE_NOT_STARVED                          6596112       99.979%         13228605       99.961%
                                               6597480      100.000%         13233769      100.000%
                                                  1.00         1.00              1.00         1.00

MAP_STAGE_STALLED                              4505661       68.209%          9046910       68.226%
MAP_STAGE_NOT_STALLED                          2091819       31.667%          4186859       31.575%
MAP_STAGE_OFF_PATH                                8234        0.125%            26462        0.200%
                                               6605714      100.000%         13260231      100.000%
                                                  0.32         0.39              0.32         0.39

MAP_STAGE_STALL_ITSELF                               0        0.000%               31        0.000%
MAP_STAGE_NOT_STALL_ITSELF                     6605714      100.000%         13260231      100.000%
                                               6605714      100.000%         13260262      100.000%
                                                  1.00         1.00              1.00         1.00

MAP_STAGE_LATE_ALLOCATE_SEND_BACK                    0                              0              

MAP_STAGE_RENAME_OP_ONPATH                    12536633                       25073845              

MAP_STAGE_RENAME_OP_OFFPATH                      14222                          43541              

MAP_STAGE_RENAME_INT_REG_ONPATH                6045107                       12090999              

MAP_STAGE_RENAME_INT_REG_OFFPATH                  7167                          20969              

MAP_STAGE_RENAME_VEC_REG_ONPATH                4699588                        9398034              

MAP_STAGE_RENAME_VEC_REG_OFFPATH                  4564                          13369              

MAP_STAGE_RENAME_MOVE_ELIM_ONPATH                    0                              0              

MAP_STAGE_RENAME_MOVE_ELIM_OFFPATH                   0                              0              

MAP_STAGE_ONPATH_INT_REG_NUM_ALLOC             6045277                       12090984              

MAP_STAGE_ONPATH_VEC_REG_NUM_ALLOC             4699723                        9398026              

MAP_STAGE_ONPATH_INT_REG_NUM_SHORTLIVE          742647                        1486104              

MAP_STAGE_ONPATH_VEC_REG_NUM_SHORTLIVE          245893                         492732              

MAP_STAGE_ONPATH_INT_REG_USE_COUNT_0            821362                        1643160              

MAP_STAGE_ONPATH_VEC_REG_USE_COUNT_0             74655                         149341              

MAP_STAGE_ONPATH_INT_REG_USE_COUNT_1           3954503                        7908364              

MAP_STAGE_ONPATH_VEC_REG_USE_COUNT_1           3170625                        6340414              

MAP_STAGE_ONPATH_INT_REG_USE_COUNT_2            970574                        1941517              

MAP_STAGE_ONPATH_VEC_REG_USE_COUNT_2           1081662                        2163026              

MAP_STAGE_ONPATH_INT_REG_USE_COUNT_3            112131                         224447              

MAP_STAGE_ONPATH_VEC_REG_USE_COUNT_3            186303                         372366              

MAP_STAGE_ONPATH_INT_REG_USE_COUNT_4             37394                          74839              

MAP_STAGE_ONPATH_VEC_REG_USE_COUNT_4            149166                         298250              

MAP_STAGE_ONPATH_INT_REG_USE_COUNT_5             37207                          74305              

MAP_STAGE_ONPATH_VEC_REG_USE_COUNT_5             37312                          74629              

MAP_STAGE_ONPATH_INT_REG_USE_COUNT_6             37316                          74646              

MAP_STAGE_ONPATH_VEC_REG_USE_COUNT_6                 0                              0              

MAP_STAGE_ONPATH_INT_REG_USE_COUNT_7_PLUS         74790                         149706              

MAP_STAGE_ONPATH_VEC_REG_USE_COUNT_7_PLUS             0                              0              

MAP_STAGE_ONPATH_INT_REG_CONSUME_DIST_0              0        0.0000                0        0.0000

MAP_STAGE_ONPATH_VEC_REG_CONSUME_DIST_0              0        0.0000                0        0.0000

MAP_STAGE_ONPATH_INT_REG_CONSUME_DIST_1              0        0.0000                0        0.0000

MAP_STAGE_ONPATH_VEC_REG_CONSUME_DIST_1              0        0.0000                0        0.0000

MAP_STAGE_ONPATH_INT_REG_CONSUME_DIST_2       37820347       38.9670         75781290       39.0320

MAP_STAGE_ONPATH_VEC_REG_CONSUME_DIST_2       12046001       11.1366         24085906       11.1353

MAP_STAGE_ONPATH_INT_REG_CONSUME_DIST_3        1431939       12.7702          2888200       12.8681

MAP_STAGE_ONPATH_VEC_REG_CONSUME_DIST_3        3204934       17.2028          6400212       17.1880

MAP_STAGE_ONPATH_INT_REG_CONSUME_DIST_4         541743       14.4874          1100475       14.7046

MAP_STAGE_ONPATH_VEC_REG_CONSUME_DIST_4        1281632        8.5920          2577968        8.6436

MAP_STAGE_ONPATH_INT_REG_CONSUME_DIST_5        3647164       98.0236          7329987       98.6473

MAP_STAGE_ONPATH_VEC_REG_CONSUME_DIST_5         371384        9.9535           743471        9.9622

MAP_STAGE_ONPATH_INT_REG_CONSUME_DIST_6        5074747      135.9939         10193928      136.5636

MAP_STAGE_ONPATH_VEC_REG_CONSUME_DIST_6              0          -nan                0          -nan

MAP_STAGE_ONPATH_INT_REG_CONSUME_DIST_7_PLUS      25078841      335.3235         50063322      334.4109

MAP_STAGE_ONPATH_VEC_REG_CONSUME_DIST_7_PLUS             0          -nan                0          -nan

MAP_STAGE_INT_REG_ISSUE_READ_TOTAL_CONSUMED       9593540        2.0094         19190967        2.0094

MAP_STAGE_VEC_REG_ISSUE_READ_TOTAL_CONSUMED       6676488        1.3984         13351143        1.3979

MAP_STAGE_INT_REG_ISSUE_READ_MULTI_CONSUMED       4368843        0.9151          8740654        0.9152

MAP_STAGE_VEC_REG_ISSUE_READ_MULTI_CONSUMED       2051182        0.4296          4101587        0.4295

MAP_STAGE_INT_REG_ISSUE_READ_SAME_CYCLE_CONSUMED       1029237        0.2156          2060053        0.2157

MAP_STAGE_VEC_REG_ISSUE_READ_SAME_CYCLE_CONSUMED        954970        0.2000          1909641        0.1999

MAP_STAGE_INT_REG_ISSUE_READ_TOTAL_CONSUMED_ONPATH       9590723        2.0096         19182867        2.0098

MAP_STAGE_VEC_REG_ISSUE_READ_TOTAL_CONSUMED_ONPATH       6676011        1.3988         13349725        1.3986

MAP_STAGE_INT_REG_ISSUE_READ_MULTI_CONSUMED_ONPATH       4366877        0.9150          8735023        0.9152

MAP_STAGE_VEC_REG_ISSUE_READ_MULTI_CONSUMED_ONPATH       2050990        0.4297          4101032        0.4297

MAP_STAGE_INT_REG_ISSUE_READ_SAME_CYCLE_CONSUMED_ONPATH       1028621        0.2155          2058178        0.2156

MAP_STAGE_VEC_REG_ISSUE_READ_SAME_CYCLE_CONSUMED_ONPATH        954904        0.2001          1909441        0.2001

MAP_STAGE_ONPATH_INT_REG_LIFECYCLE_EMPTY     495163258                      996254353              

MAP_STAGE_ONPATH_VEC_REG_LIFECYCLE_EMPTY     566155416                     1136514620              

MAP_STAGE_ONPATH_INT_REG_LIFECYCLE_IN_USE     775387876                     1557616665              

MAP_STAGE_ONPATH_VEC_REG_LIFECYCLE_IN_USE     689925802                     1384567165              

MAP_STAGE_ONPATH_INT_REG_LIFECYCLE_SPEC_RELEASE    1240283958                     2488530054              

MAP_STAGE_ONPATH_VEC_REG_LIFECYCLE_SPEC_RELEASE     947698423                     1900558623              

MAP_STAGE_ONPATH_INT_REG_LIFECYCLE_NONSPEC_RELEASE    1240283958                     2488530054              

MAP_STAGE_ONPATH_VEC_REG_LIFECYCLE_NONSPEC_RELEASE     947698423                     1900558623              

MAP_STAGE_ONPATH_INT_REG_LIFECYCLE_TOTAL    1240283958                     2488530054              

MAP_STAGE_ONPATH_VEC_REG_LIFECYCLE_TOTAL     947698423                     1900558623              

MAP_STAGE_ONPATH_INT_REG_NUM_NONBRANCH         6045277                       12090984              

MAP_STAGE_ONPATH_VEC_REG_NUM_NONBRANCH         4699723                        9398026              

MAP_STAGE_ONPATH_INT_REG_NUM_NONEXCEPT         6045277                       12090984              

MAP_STAGE_ONPATH_VEC_REG_NUM_NONEXCEPT         4699723                        9398026              

MAP_STAGE_ONPATH_INT_REG_NUM_ATOMIC            6045277                       12090984              

MAP_STAGE_ONPATH_VEC_REG_NUM_ATOMIC            4699723                        9398026              

MAP_STAGE_ONPATH_INT_REG_ATOMIC_REDEFINED_DIST_TOTAL    1240283958      205.1658       2488530054      205.8170

MAP_STAGE_ONPATH_VEC_REG_ATOMIC_REDEFINED_DIST_TOTAL     947698423      201.6498       1900558623      202.2296

MAP_STAGE_ONPATH_INT_REG_ATOMIC_CONSUMED_DIST_TOTAL     775387876      128.2634       1557616665      128.8246

MAP_STAGE_ONPATH_VEC_REG_ATOMIC_CONSUMED_DIST_TOTAL     689925802      146.8014       1384567165      147.3253

MAP_STAGE_ONPATH_INT_REG_ATOMIC_RELEASE_DIST_TOTAL    1240283958      205.1658       2488530054      205.8170

MAP_STAGE_ONPATH_VEC_REG_ATOMIC_RELEASE_DIST_TOTAL     947698423      201.6498       1900558623      202.2296

EXEC_STAGE_STARVED                              970845       14.697%          1987399       14.988%
EXEC_STAGE_NOT_STARVED                         5632933       85.274%         11264509       84.949%
EXEC_STAGE_OFF_PATH                               1936        0.029%             8354        0.063%
                                               6605714      100.000%         13260262      100.000%
                                                  0.85         0.14              0.85         0.14

FU_BUSY_0                                      6274102                       12557066              

FU_BUSY_1                                      3054241                        6104171              

FU_BUSY_2                                      2110486                        4223252              

FU_BUSY_3                                      1950128                        3899203              

FU_BUSY_4                                      1675537                        3346896              

FU_BUSY_5                                      1342818                        2684212              

FU_BUSY_6                                       607443                        1216557              

FU_BUSY_7                                       575172                        1150539              

FU_BUSY_8                                            0                              0              

FU_BUSY_9                                            0                              0              

FU_BUSY_10                                           0                              0              

FU_BUSY_11                                           0                              0              

FU_BUSY_12                                           0                              0              

FU_BUSY_13                                           0                              0              

FU_BUSY_14                                           0                              0              

FU_BUSY_15                                           0                              0              

FU_BUSY_16                                           0                              0              

FU_BUSY_17                                           0                              0              

FU_BUSY_18                                           0                              0              

FU_BUSY_19                                           0                              0              

FU_BUSY_20                                           0                              0              

FU_BUSY_21                                           0                              0              

FU_BUSY_22                                           0                              0              

FU_BUSY_23                                           0                              0              

FU_BUSY_24                                           0                              0              

FU_BUSY_25                                           0                              0              

FU_BUSY_26                                           0                              0              

FU_BUSY_27                                           0                              0              

FU_BUSY_28                                           0                              0              

FU_BUSY_29                                           0                              0              

FU_BUSY_30                                           0                              0              

FU_BUSY_31                                           0                              0              

FU_REJECTED_OP_INV_NOT_SIMD                          0        0.000%                0        0.000%
FU_REJECTED_OP_NOP_NOT_SIMD                     141500        2.859%           281220        2.842%
FU_REJECTED_OP_CF_NOT_SIMD                      939870       18.988%          1879236       18.992%
FU_REJECTED_OP_MOV_NOT_SIMD                      66059        1.335%           131343        1.327%
FU_REJECTED_OP_CMOV_NOT_SIMD                         0        0.000%                0        0.000%
FU_REJECTED_OP_LDA_NOT_SIMD                     267420        5.403%           535121        5.408%
FU_REJECTED_OP_IMEM_NOT_SIMD                     21535        0.435%            43014        0.435%
FU_REJECTED_OP_IADD_NOT_SIMD                       523        0.011%             1167        0.012%
FU_REJECTED_OP_IMUL_NOT_SIMD                    561100       11.336%          1134129       11.462%
FU_REJECTED_OP_IDIV_NOT_SIMD                         0        0.000%                0        0.000%
FU_REJECTED_OP_ICMP_NOT_SIMD                         0        0.000%                0        0.000%
FU_REJECTED_OP_LOGIC_NOT_SIMD                   169428        3.423%           338416        3.420%
FU_REJECTED_OP_SHIFT_NOT_SIMD                   144731        2.924%           290974        2.941%
FU_REJECTED_OP_FMEM_NOT_SIMD                     12457        0.252%            25077        0.253%
FU_REJECTED_OP_FCVT_NOT_SIMD                         0        0.000%                0        0.000%
FU_REJECTED_OP_FADD_NOT_SIMD                         0        0.000%                0        0.000%
FU_REJECTED_OP_FMUL_NOT_SIMD                         0        0.000%                0        0.000%
FU_REJECTED_OP_FMA_NOT_SIMD                          0        0.000%                0        0.000%
FU_REJECTED_OP_FDIV_NOT_SIMD                         0        0.000%                0        0.000%
FU_REJECTED_OP_FCMP_NOT_SIMD                         0        0.000%                0        0.000%
FU_REJECTED_OP_FCMOV_NOT_SIMD                        0        0.000%                0        0.000%
FU_REJECTED_OP_GATHER_NOT_SIMD                       0        0.000%                0        0.000%
FU_REJECTED_OP_SCATTER_NOT_SIMD                      0        0.000%                0        0.000%
FU_REJECTED_OP_PIPELINED_FAST_NOT_SIMD               0        0.000%                0        0.000%
FU_REJECTED_OP_PIPELINED_MEDIUM_NOT_SIMD             0        0.000%                0        0.000%
FU_REJECTED_OP_PIPELINED_SLOW_NOT_SIMD               0        0.000%                0        0.000%
FU_REJECTED_OP_NOTPIPELINED_MEDIUM_NOT_SIMD             0        0.000%                0        0.000%
FU_REJECTED_OP_NOTPIPELINED_SLOW_NOT_SIMD             0        0.000%                0        0.000%
FU_REJECTED_OP_NOTPIPELINED_VERY_SLOW_NOT_SIMD             0        0.000%                0        0.000%
FU_REJECTED_OP_INV_SIMD                              0        0.000%                0        0.000%
FU_REJECTED_OP_NOP_SIMD                              0        0.000%                0        0.000%
FU_REJECTED_OP_CF_SIMD                               0        0.000%                0        0.000%
FU_REJECTED_OP_MOV_SIMD                          76127        1.538%           156124        1.578%
FU_REJECTED_OP_CMOV_SIMD                             0        0.000%                0        0.000%
FU_REJECTED_OP_LDA_SIMD                              0        0.000%                0        0.000%
FU_REJECTED_OP_IMEM_SIMD                             0        0.000%                0        0.000%
FU_REJECTED_OP_IADD_SIMD                             0        0.000%                0        0.000%
FU_REJECTED_OP_IMUL_SIMD                             0        0.000%                0        0.000%
FU_REJECTED_OP_IDIV_SIMD                             0        0.000%                0        0.000%
FU_REJECTED_OP_ICMP_SIMD                             0        0.000%                0        0.000%
FU_REJECTED_OP_LOGIC_SIMD                            0        0.000%                0        0.000%
FU_REJECTED_OP_SHIFT_SIMD                       115771        2.339%           230964        2.334%
FU_REJECTED_OP_FMEM_SIMD                             0        0.000%                0        0.000%
FU_REJECTED_OP_FCVT_SIMD                         24603        0.497%            49521        0.500%
FU_REJECTED_OP_FADD_SIMD                          7299        0.147%            14589        0.147%
FU_REJECTED_OP_FMUL_SIMD                             0        0.000%                0        0.000%
FU_REJECTED_OP_FMA_SIMD                         325165        6.569%           647329        6.542%
FU_REJECTED_OP_FDIV_SIMD                        671814       13.573%          1334173       13.484%
FU_REJECTED_OP_FCMP_SIMD                        116314        2.350%           235486        2.380%
FU_REJECTED_OP_FCMOV_SIMD                      1161069       23.457%          2313839       23.385%
FU_REJECTED_OP_GATHER_SIMD                      126920        2.564%           253025        2.557%
FU_REJECTED_OP_SCATTER_SIMD                          0        0.000%                0        0.000%
FU_REJECTED_OP_PIPELINED_FAST_SIMD                   0        0.000%                0        0.000%
FU_REJECTED_OP_PIPELINED_MEDIUM_SIMD                 0        0.000%                0        0.000%
FU_REJECTED_OP_PIPELINED_SLOW_SIMD                   0        0.000%                0        0.000%
FU_REJECTED_OP_NOTPIPELINED_MEDIUM_SIMD              0        0.000%                0        0.000%
FU_REJECTED_OP_NOTPIPELINED_SLOW_SIMD                0        0.000%                0        0.000%
FU_REJECTED_OP_NOTPIPELINED_VERY_SLOW_SIMD             0        0.000%                0        0.000%
                                               4949705      100.000%          9894747      100.000%
                                                 27.45        21.27             27.39        21.27

LSQ_FULL_TOTAL                                     355                            703              

LSQ_FULL_LOAD_QUEUE                                355                            703              

LSQ_FULL_STORE_QUEUE                                 0                              0              

OP_WAIT_0                                      6373410                       12748562              

OP_WAIT_1                                      1572297                        3144610              

OP_WAIT_2                                       641766                        1286969              

OP_WAIT_3                                       336164                         669204              

OP_WAIT_4                                       185377                         369928              

OP_WAIT_5                                       200271                         404946              

OP_WAIT_6                                       188290                         372428              

OP_WAIT_7                                        91968                         183177              

OP_WAIT_8                                        35693                          71498              

OP_WAIT_9                                        37941                          75832              

OP_WAIT_10                                       68695                         137665              

OP_WAIT_11                                       16251                          32835              

OP_WAIT_12                                       23315                          47215              

OP_WAIT_13                                       15870                          32651              

OP_WAIT_14                                       30749                          61659              

OP_WAIT_15                                       48229                          96188              

OP_WAIT_16                                       32932                          66497              

OP_WAIT_17                                       31089                          62578              

OP_WAIT_18                                       25979                          51741              

OP_WAIT_19                                       20180                          40667              

OP_WAIT_20                                       12359                          24623              

OP_WAIT_21                                       20773                          40720              

OP_WAIT_22                                       30201                          59997              

OP_WAIT_23                                       13586                          28283              

OP_WAIT_24                                       15674                          31963              

OP_WAIT_25                                       28428                          56100              

OP_WAIT_26                                       16805                          33443              

OP_WAIT_27                                       26752                          53407              

OP_WAIT_28                                       68668                         137209              

OP_WAIT_29                                       21112                          42664              

OP_WAIT_30                                       27791                          56286              

OP_WAIT_31                                     2278375                        4552300              

ROW_SIZE_0                                     4124227                        8293215              

ROW_SIZE_1                                      206172                         414528              

ROW_SIZE_2                                      134817                         270624              

ROW_SIZE_3                                      119738                         239419              

ROW_SIZE_4                                      167624                         336612              

ROW_SIZE_5                                       87264                         173882              

ROW_SIZE_6                                     1765859                        3530659              

ROW_SIZE_7                                           0                              0              

ROW_SIZE_8                                           0                              0              

ROW_SIZE_9                                           0                              0              

ROW_SIZE_10                                          0                              0              

ROW_SIZE_11                                          0                              0              

ROW_SIZE_12                                          0                              0              

ROW_SIZE_13                                          0                              0              

ROW_SIZE_14                                          0                              0              

ROW_SIZE_15                                          0                              0              

ROW_SIZE_16                                          0                              0              

ROW_SIZE_17                                          0                              0              

ROW_SIZE_18                                          0                              0              

ROW_SIZE_19                                          0                              0              

ROW_SIZE_20                                          0                              0              

ROW_SIZE_21                                          0                              0              

ROW_SIZE_22                                          0                              0              

ROW_SIZE_23                                          0                              0              

ROW_SIZE_24                                          0                              0              

ROW_SIZE_25                                          0                              0              

ROW_SIZE_26                                          0                              0              

ROW_SIZE_27                                          0                              0              

ROW_SIZE_28                                          0                              0              

ROW_SIZE_29                                          0                              0              

ROW_SIZE_30                                          0                              0              

ROW_SIZE_31                                          0                              0              

RET_OP_EXEC_COUNT_0                                  0        0.000%                0        0.000%
RET_OP_EXEC_COUNT_1                           12536990      100.000%         25073845      100.000%
RET_OP_EXEC_COUNT_2                                  0        0.000%                0        0.000%
RET_OP_EXEC_COUNT_3                                  0        0.000%                0        0.000%
RET_OP_EXEC_COUNT_4                                  0        0.000%                0        0.000%
RET_OP_EXEC_COUNT_5                                  0        0.000%                0        0.000%
RET_OP_EXEC_COUNT_6                                  0        0.000%                0        0.000%
RET_OP_EXEC_COUNT_7                                  0        0.000%                0        0.000%
RET_OP_EXEC_COUNT_8                                  0        0.000%                0        0.000%
RET_OP_EXEC_COUNT_9                                  0        0.000%                0        0.000%
RET_OP_EXEC_COUNT_10                                 0        0.000%                0        0.000%
RET_OP_EXEC_COUNT_11                                 0        0.000%                0        0.000%
RET_OP_EXEC_COUNT_12                                 0        0.000%                0        0.000%
RET_OP_EXEC_COUNT_13                                 0        0.000%                0        0.000%
RET_OP_EXEC_COUNT_14                                 0        0.000%                0        0.000%
RET_OP_EXEC_COUNT_15                                 0        0.000%                0        0.000%
RET_OP_EXEC_COUNT_16                                 0        0.000%                0        0.000%
RET_OP_EXEC_COUNT_17                                 0        0.000%                0        0.000%
RET_OP_EXEC_COUNT_18                                 0        0.000%                0        0.000%
RET_OP_EXEC_COUNT_19                                 0        0.000%                0        0.000%
RET_OP_EXEC_COUNT_20                                 0        0.000%                0        0.000%
RET_OP_EXEC_COUNT_21                                 0        0.000%                0        0.000%
RET_OP_EXEC_COUNT_22                                 0        0.000%                0        0.000%
RET_OP_EXEC_COUNT_23                                 0        0.000%                0        0.000%
RET_OP_EXEC_COUNT_24                                 0        0.000%                0        0.000%
RET_OP_EXEC_COUNT_25                                 0        0.000%                0        0.000%
RET_OP_EXEC_COUNT_26                                 0        0.000%                0        0.000%
RET_OP_EXEC_COUNT_27                                 0        0.000%                0        0.000%
RET_OP_EXEC_COUNT_28                                 0        0.000%                0        0.000%
RET_OP_EXEC_COUNT_29                                 0        0.000%                0        0.000%
RET_OP_EXEC_COUNT_30                                 0        0.000%                0        0.000%
RET_OP_EXEC_COUNT_31                                 0        0.000%                0        0.000%
RET_OP_EXEC_COUNT_32                                 0        0.000%                0        0.000%
                                              12536990      100.000%         25073845      100.000%
                                                  1.00         0.00              1.00         0.00

RET_STALL_LENGTH_0                            12536884       99.999%         25073508       99.999%
RET_STALL_LENGTH_100                                53        0.000%              215        0.001%
RET_STALL_LENGTH_200                                 3        0.000%               11        0.000%
RET_STALL_LENGTH_300                                 2        0.000%               11        0.000%
RET_STALL_LENGTH_400                                 4        0.000%                6        0.000%
RET_STALL_LENGTH_500                                 1        0.000%                6        0.000%
RET_STALL_LENGTH_600                                 2        0.000%                5        0.000%
RET_STALL_LENGTH_700                                 3        0.000%                6        0.000%
RET_STALL_LENGTH_800                                 6        0.000%               10        0.000%
RET_STALL_LENGTH_900                                 4        0.000%                6        0.000%
RET_STALL_LENGTH_1000                               11        0.000%               23        0.000%
RET_STALL_LENGTH_1100                               11        0.000%               27        0.000%
RET_STALL_LENGTH_1200                                6        0.000%               11        0.000%
RET_STALL_LENGTH_1300                                0        0.000%                0        0.000%
RET_STALL_LENGTH_1400                                0        0.000%                0        0.000%
RET_STALL_LENGTH_1500                                0        0.000%                0        0.000%
RET_STALL_LENGTH_1600                                0        0.000%                0        0.000%
RET_STALL_LENGTH_1700                                0        0.000%                0        0.000%
RET_STALL_LENGTH_1800                                0        0.000%                0        0.000%
RET_STALL_LENGTH_1900                                0        0.000%                0        0.000%
RET_STALL_LENGTH_2000                                0        0.000%                0        0.000%
RET_STALL_LENGTH_2100                                0        0.000%                0        0.000%
RET_STALL_LENGTH_2200                                0        0.000%                0        0.000%
RET_STALL_LENGTH_2300                                0        0.000%                0        0.000%
RET_STALL_LENGTH_2400                                0        0.000%                0        0.000%
RET_STALL_LENGTH_2500                                0        0.000%                0        0.000%
RET_STALL_LENGTH_2600                                0        0.000%                0        0.000%
RET_STALL_LENGTH_2700                                0        0.000%                0        0.000%
RET_STALL_LENGTH_2800                                0        0.000%                0        0.000%
RET_STALL_LENGTH_2900                                0        0.000%                0        0.000%
RET_STALL_LENGTH_3000                                0        0.000%                0        0.000%
RET_STALL_LENGTH_3100                                0        0.000%                0        0.000%
RET_STALL_LENGTH_3200                                0        0.000%                0        0.000%
RET_STALL_LENGTH_3300                                0        0.000%                0        0.000%
RET_STALL_LENGTH_3400                                0        0.000%                0        0.000%
RET_STALL_LENGTH_3500                                0        0.000%                0        0.000%
RET_STALL_LENGTH_3600                                0        0.000%                0        0.000%
RET_STALL_LENGTH_3700                                0        0.000%                0        0.000%
RET_STALL_LENGTH_3800                                0        0.000%                0        0.000%
RET_STALL_LENGTH_3900                                0        0.000%                0        0.000%
RET_STALL_LENGTH_4000                                0        0.000%                0        0.000%
RET_STALL_LENGTH_4100                                0        0.000%                0        0.000%
RET_STALL_LENGTH_4200                                0        0.000%                0        0.000%
RET_STALL_LENGTH_4300                                0        0.000%                0        0.000%
RET_STALL_LENGTH_4400                                0        0.000%                0        0.000%
RET_STALL_LENGTH_4500                                0        0.000%                0        0.000%
RET_STALL_LENGTH_4600                                0        0.000%                0        0.000%
RET_STALL_LENGTH_4700                                0        0.000%                0        0.000%
RET_STALL_LENGTH_4800                                0        0.000%                0        0.000%
RET_STALL_LENGTH_4900                                0        0.000%                0        0.000%
RET_STALL_LENGTH_5000                                0        0.000%                0        0.000%
                                              12536990      100.000%         25073845      100.000%
                                                  0.00         0.02              0.00         0.02

MEM_BLOCK_LENGTH_0                                   0         -nan%                4      100.000%
MEM_BLOCK_LENGTH_100                                 0         -nan%                0        0.000%
MEM_BLOCK_LENGTH_200                                 0         -nan%                0        0.000%
MEM_BLOCK_LENGTH_300                                 0         -nan%                0        0.000%
MEM_BLOCK_LENGTH_400                                 0         -nan%                0        0.000%
MEM_BLOCK_LENGTH_500                                 0         -nan%                0        0.000%
MEM_BLOCK_LENGTH_600                                 0         -nan%                0        0.000%
MEM_BLOCK_LENGTH_700                                 0         -nan%                0        0.000%
MEM_BLOCK_LENGTH_800                                 0         -nan%                0        0.000%
MEM_BLOCK_LENGTH_900                                 0         -nan%                0        0.000%
MEM_BLOCK_LENGTH_1000                                0         -nan%                0        0.000%
MEM_BLOCK_LENGTH_1100                                0         -nan%                0        0.000%
MEM_BLOCK_LENGTH_1200                                0         -nan%                0        0.000%
MEM_BLOCK_LENGTH_1300                                0         -nan%                0        0.000%
MEM_BLOCK_LENGTH_1400                                0         -nan%                0        0.000%
MEM_BLOCK_LENGTH_1500                                0         -nan%                0        0.000%
MEM_BLOCK_LENGTH_1600                                0         -nan%                0        0.000%
MEM_BLOCK_LENGTH_1700                                0         -nan%                0        0.000%
MEM_BLOCK_LENGTH_1800                                0         -nan%                0        0.000%
MEM_BLOCK_LENGTH_1900                                0         -nan%                0        0.000%
MEM_BLOCK_LENGTH_2000                                0         -nan%                0        0.000%
MEM_BLOCK_LENGTH_2100                                0         -nan%                0        0.000%
MEM_BLOCK_LENGTH_2200                                0         -nan%                0        0.000%
MEM_BLOCK_LENGTH_2300                                0         -nan%                0        0.000%
MEM_BLOCK_LENGTH_2400                                0         -nan%                0        0.000%
MEM_BLOCK_LENGTH_2500                                0         -nan%                0        0.000%
MEM_BLOCK_LENGTH_2600                                0         -nan%                0        0.000%
MEM_BLOCK_LENGTH_2700                                0         -nan%                0        0.000%
MEM_BLOCK_LENGTH_2800                                0         -nan%                0        0.000%
MEM_BLOCK_LENGTH_2900                                0         -nan%                0        0.000%
MEM_BLOCK_LENGTH_3000                                0         -nan%                0        0.000%
MEM_BLOCK_LENGTH_3100                                0         -nan%                0        0.000%
MEM_BLOCK_LENGTH_3200                                0         -nan%                0        0.000%
MEM_BLOCK_LENGTH_3300                                0         -nan%                0        0.000%
MEM_BLOCK_LENGTH_3400                                0         -nan%                0        0.000%
MEM_BLOCK_LENGTH_3500                                0         -nan%                0        0.000%
MEM_BLOCK_LENGTH_3600                                0         -nan%                0        0.000%
MEM_BLOCK_LENGTH_3700                                0         -nan%                0        0.000%
MEM_BLOCK_LENGTH_3800                                0         -nan%                0        0.000%
MEM_BLOCK_LENGTH_3900                                0         -nan%                0        0.000%
MEM_BLOCK_LENGTH_4000                                0         -nan%                0        0.000%
MEM_BLOCK_LENGTH_4100                                0         -nan%                0        0.000%
MEM_BLOCK_LENGTH_4200                                0         -nan%                0        0.000%
MEM_BLOCK_LENGTH_4300                                0         -nan%                0        0.000%
MEM_BLOCK_LENGTH_4400                                0         -nan%                0        0.000%
MEM_BLOCK_LENGTH_4500                                0         -nan%                0        0.000%
MEM_BLOCK_LENGTH_4600                                0         -nan%                0        0.000%
MEM_BLOCK_LENGTH_4700                                0         -nan%                0        0.000%
MEM_BLOCK_LENGTH_4800                                0         -nan%                0        0.000%
MEM_BLOCK_LENGTH_4900                                0         -nan%                0        0.000%
MEM_BLOCK_LENGTH_5000                                0         -nan%                0        0.000%
                                                     0         -nan%                4      100.000%
                                                  -nan         -nan              0.00         0.00

FUS_BUSY_ON_PATH                              17586512        2.6623         35169986        2.6523

FUS_BUSY_OFF_PATH                                 3415        0.0005            11910        0.0009

FU_BUSY_MEM_STALL                                91661        0.0139           184054        0.0139

FUS_EMPTY                                     35255785        5.3372         70900200        5.3468

FU_UNAVAILABLE                                 4895746        0.7411          9786461        0.7380

FU_MEM_UNAVAILABLE                               53959        0.0082           108286        0.0082

FU_OTHER_UNAVAILABLE                                 0        0.0000                0        0.0000

FU_REPLAY                                            0        0.0000                0        0.0000

FU_STARVED                                    35255571        5.3371         70899571        5.3468

CHIP_UTILIZATION                                     0        0.0000                0        0.0000

CYCLES_UNDER_MEM_REQ                                 0                              0              

CYCLES_UNDER_NO_MEM_REQ                              0                              0              

CYCLES_UNDER_CRITICAL_MEM_REQ                        0                              0              

CYCLES_UNDER_NONCRITICAL_MEM_REQ                     0                              0              

CHIP_UTILIZATION_UNDER_MEM_REQ                       0          -nan                0          -nan

CHIP_UTILIZATION_UNDER_NO_MEM_REQ                    0          -nan                0          -nan

CHIP_UTILIZATION_UNDER_CRITICAL_MEM_REQ              0          -nan                0          -nan

CHIP_UTILIZATION_UNDER_NONCRITICAL_MEM_REQ             0          -nan                0          -nan

CYCLES_NOT_WAITING_FOR_OFF_CHIP                      0        0.0000                0        0.0000

FUS_BUSY_NOT_WAITING_FOR_OFF_CHIP                    0          -nan                0          -nan

CYCLES_WAITING_FOR_OFF_CHIP                          0        0.0000                0        0.0000

FUS_BUSY_WAITING_FOR_OFF_CHIP                        0          -nan                0          -nan

TOTAL_OFF_CHIP_DELAYS_LEFT                           0                              0              

WRONG_IO_SCHED                                       0                              0              

DVFS_CONFIG_SWITCH                                   0                              0              

MAP_STAGE_RECEIVED_OPS_0                             0        0.000%                0        0.000%
MAP_STAGE_RECEIVED_OPS_1                           152        0.007%              415        0.010%
MAP_STAGE_RECEIVED_OPS_2                           396        0.019%             1040        0.025%
MAP_STAGE_RECEIVED_OPS_3                           523        0.025%             1397        0.033%
MAP_STAGE_RECEIVED_OPS_4                           689        0.033%             1807        0.043%
MAP_STAGE_RECEIVED_OPS_5                           432        0.021%             1216        0.029%
MAP_STAGE_RECEIVED_OPS_6                       2088148       99.895%          4175508       99.859%
MAP_STAGE_RECEIVED_OPS_7                             0        0.000%                0        0.000%
MAP_STAGE_RECEIVED_OPS_8                             0        0.000%                0        0.000%
MAP_STAGE_RECEIVED_OPS_MAX                           0        0.000%                0        0.000%
                                               2090340      100.000%          4181383      100.000%
                                                  6.00         0.09              6.00         0.11

MAP_STAGE_WAIT_FOR_DECODE                            0         -nan%                0         -nan%
MAP_STAGE_CONSUME_DECODE                             0         -nan%                0         -nan%
                                                     0         -nan%                0         -nan%
                                                  -nan         -nan              -nan         -nan

MAP_STAGE_WAIT_FOR_DECODE2                           0         -nan%                0         -nan%
MAP_STAGE_CONSUME_DECODE2                            0         -nan%                0         -nan%
                                                     0         -nan%                0         -nan%
                                                  -nan         -nan              -nan         -nan

FTQ_RECOVER_EXEC                                   116                            339              

FTQ_RECOVER_DECODE                                   0                              5              

FTQ_OFFPATH_CYCLES                              175509                         372747              

FTQ_CYCLES_OFFPATH                              175509                         372747              

FTQ_CYCLES_ONPATH                              6430205                       12887515              

FTQ_FETCHED_INS_ONPATH                        12536178                       25073845              

FTQ_FETCHED_INS_OFFPATH                         215428                         512692              

FTQ_BREAK_FULL_FT_ONPATH                       6188173                       12374568              

FTQ_BREAK_FULL_FT_OFFPATH                       171299                         360950              

FTQ_BREAK_PRED_BR_ONPATH                             0                              0              

FTQ_BREAK_PRED_BR_OFFPATH                            0                              0              

FTQ_BREAK_BAR_FETCH_ONPATH                           0                              0              

FTQ_BREAK_BAR_FETCH_OFFPATH                          0                              0              

FTQ_BREAK_MAX_CFS_TAKEN_ONPATH                       0                              0              

FTQ_BREAK_MAX_CFS_TAKEN_OFFPATH                      0                              0              

FTQ_BREAK_MAX_FT_ONPATH                         241634                         512549              

FTQ_BREAK_MAX_FT_OFFPATH                          4210                          11797              

DFE_GEN_ON_PATH_FT                             1567820                        3136397              

DFE_GEN_OFF_PATH_FT                              53156                         118672              

DFE_L0_ENABLED_PREDICTIONS                    12536178                       25073845              

DFE_L0_WRONG_MAIN_CORRECT                        37469                          75075              

DFE_L0_WRONG_MAIN_WRONG                             88                            270              

DFE_L0_CORRECT_MAIN_WRONG                           28                             73              

DFE_L0_CORRECT_MAIN_CORRECT                   12498593                       24998427              

DFE_L0_WRONG_MAIN_CORRECT_RECOVERY_SCHEDULED             0                              0              

FTQ_SAW_BAR_FETCH_OFFPATH                            0                              0              

FTQ_SAW_BAR_FETCH_ONPATH                             0                              0              

DFE_CONF_0_MISPRED                                   0         -nan%                0         -nan%
DFE_CONF_1_MISPRED                                   0         -nan%                0         -nan%
DFE_CONF_2_MISPRED                                   0         -nan%                0         -nan%
DFE_CONF_3_MISPRED                                   0         -nan%                0         -nan%
DFE_CONF_0_CORRECT                                   0         -nan%                0         -nan%
DFE_CONF_1_CORRECT                                   0         -nan%                0         -nan%
DFE_CONF_2_CORRECT                                   0         -nan%                0         -nan%
DFE_CONF_3_CORRECT                                   0         -nan%                0         -nan%
                                                     0         -nan%                0         -nan%
                                                  -nan         -nan              -nan         -nan

DFE_ON_CONF_ON_OPS                                   0         -nan%                0         -nan%
DFE_ON_CONF_OFF_OPS                                  0         -nan%                0         -nan%
DFE_OFF_CONF_ON_OPS                                  0         -nan%                0         -nan%
DFE_OFF_CONF_OFF_REALISTIC_OPS                       0         -nan%                0         -nan%
DFE_OFF_CONF_OFF_PERFECT_OPS                         0         -nan%                0         -nan%
                                                     0         -nan%                0         -nan%
                                                  -nan         -nan              -nan         -nan

DFE_ON_CONF_ON_FETCH_TARGETS                         0         -nan%                0         -nan%
DFE_ON_CONF_OFF_FETCH_TARGETS                        0         -nan%                0         -nan%
DFE_OFF_CONF_ON_FETCH_TARGETS                        0         -nan%                0         -nan%
DFE_OFF_CONF_OFF_REALISTIC_FETCH_TARGETS             0         -nan%                0         -nan%
DFE_OFF_CONF_OFF_PERFECT_FETCH_TARGETS               0         -nan%                0         -nan%
                                                     0         -nan%                0         -nan%
                                                  -nan         -nan              -nan         -nan

DFE_ON_CONF_ON_CYCLES                                0         -nan%                0         -nan%
DFE_ON_CONF_OFF_CYCLES                               0         -nan%                0         -nan%
DFE_OFF_CONF_ON_CYCLES                               0         -nan%                0         -nan%
DFE_OFF_CONF_OFF_REALISTIC_CYCLES                    0         -nan%                0         -nan%
DFE_OFF_CONF_OFF_PERFECT_CYCLES                      0         -nan%                0         -nan%
                                                     0         -nan%                0         -nan%
                                                  -nan         -nan              -nan         -nan

DFE_OFF_CONF_ON_NUM_EVENTS                           0                              0              

DFE_OFF_CONF_ON_NOT_IDENTIFIED_EVENTS                0         -nan%                0         -nan%
DFE_OFF_CONF_ON_IBTB_MISS_EVENTS                     0         -nan%                0         -nan%
DFE_OFF_CONF_ON_BTB_MISS_EVENTS                      0         -nan%                0         -nan%
DFE_OFF_CONF_ON_BTB_MISS_MISPRED_EVENTS              0         -nan%                0         -nan%
DFE_OFF_CONF_ON_MISPRED_EVENTS                       0         -nan%                0         -nan%
DFE_OFF_CONF_ON_MISFETCH_EVENTS                      0         -nan%                0         -nan%
                                                     0         -nan%                0         -nan%
                                                  -nan         -nan              -nan         -nan

DFE_OFF_CONF_ON_NOT_IDENTIFIED_CYCLES                0         -nan%                0         -nan%
DFE_OFF_CONF_ON_IBTB_MISS_CYCLES                     0         -nan%                0         -nan%
DFE_OFF_CONF_ON_BTB_MISS_CYCLES                      0         -nan%                0         -nan%
DFE_OFF_CONF_ON_BTB_MISS_MISPRED_CYCLES              0         -nan%                0         -nan%
DFE_OFF_CONF_ON_MISPRED_CYCLES                       0         -nan%                0         -nan%
DFE_OFF_CONF_ON_MISFETCH_CYCLES                      0         -nan%                0         -nan%
                                                     0         -nan%                0         -nan%
                                                  -nan         -nan              -nan         -nan

DFE_OFF_CONF_ON_NOT_IDENTIFIED_FETCH_TARGETS             0         -nan%                0         -nan%
DFE_OFF_CONF_ON_IBTB_MISS_FETCH_TARGETS              0         -nan%                0         -nan%
DFE_OFF_CONF_ON_BTB_MISS_FETCH_TARGETS               0         -nan%                0         -nan%
DFE_OFF_CONF_ON_BTB_MISS_MISPRED_FETCH_TARGETS             0         -nan%                0         -nan%
DFE_OFF_CONF_ON_MISPRED_FETCH_TARGETS                0         -nan%                0         -nan%
DFE_OFF_CONF_ON_MISFETCH_FETCH_TARGETS               0         -nan%                0         -nan%
                                                     0         -nan%                0         -nan%
                                                  -nan         -nan              -nan         -nan

DFE_OFF_CONF_ON_BP_INCORRECT_0_CONF                  0         -nan%                0         -nan%
DFE_OFF_CONF_ON_BP_INCORRECT_1_CONF                  0         -nan%                0         -nan%
DFE_OFF_CONF_ON_BP_INCORRECT_2_CONF                  0         -nan%                0         -nan%
DFE_OFF_CONF_ON_BP_INCORRECT_3_CONF                  0         -nan%                0         -nan%
                                                     0         -nan%                0         -nan%
                                                  -nan         -nan              -nan         -nan

DFE_OFF_CONF_ON_BTB_MISS_CBR_0_CONF                  0         -nan%                0         -nan%
DFE_OFF_CONF_ON_BTB_MISS_CBR_1_CONF                  0         -nan%                0         -nan%
DFE_OFF_CONF_ON_BTB_MISS_CBR_2_CONF                  0         -nan%                0         -nan%
DFE_OFF_CONF_ON_BTB_MISS_CBR_3_CONF                  0         -nan%                0         -nan%
                                                     0         -nan%                0         -nan%
                                                  -nan         -nan              -nan         -nan

DFE_OFF_CONF_ON_BTB_MISS_NOT_CF                      0         -nan%                0         -nan%
DFE_OFF_CONF_ON_BTB_MISS_CF_BR                       0         -nan%                0         -nan%
DFE_OFF_CONF_ON_BTB_MISS_CF_CBR                      0         -nan%                0         -nan%
DFE_OFF_CONF_ON_BTB_MISS_CF_CALL                     0         -nan%                0         -nan%
DFE_OFF_CONF_ON_BTB_MISS_CF_IBR                      0         -nan%                0         -nan%
DFE_OFF_CONF_ON_BTB_MISS_CF_ICALL                    0         -nan%                0         -nan%
DFE_OFF_CONF_ON_BTB_MISS_CF_ICO                      0         -nan%                0         -nan%
DFE_OFF_CONF_ON_BTB_MISS_CF_RET                      0         -nan%                0         -nan%
DFE_OFF_CONF_ON_BTB_MISS_CF_SYS                      0         -nan%                0         -nan%
                                                     0         -nan%                0         -nan%
                                                  -nan         -nan              -nan         -nan

DFE_ON_CONF_OFF_NUM_EVENTS                           0                              0              

CONF_BTB_NUM_CYCLES_OFF_PATH_EVENT                   0                              0              

DFE_ON_CONF_OFF_IBTB_MISS_BP_TAKEN                   0         -nan%                0         -nan%
DFE_ON_CONF_OFF_BTB_MISS_BP_TAKEN_CONF_0             0         -nan%                0         -nan%
DFE_ON_CONF_OFF_BTB_MISS_BP_TAKEN_CONF_1             0         -nan%                0         -nan%
DFE_ON_CONF_OFF_BTB_MISS_BP_TAKEN_CONF_2             0         -nan%                0         -nan%
DFE_ON_CONF_OFF_BTB_MISS_BP_TAKEN_CONF_3             0         -nan%                0         -nan%
DFE_ON_CONF_OFF_BTB_MISS_RATE                        0         -nan%                0         -nan%
DFE_ON_CONF_OFF_IBTB_MISS_RATE                       0         -nan%                0         -nan%
DFE_ON_CONF_OFF_MISFETCH_RATE                        0         -nan%                0         -nan%
DFE_ON_CONF_OFF_MISPRED_RATE                         0         -nan%                0         -nan%
DFE_ON_CONF_OFF_INV_CONF_INC                         0         -nan%                0         -nan%
DFE_ON_CONF_OFF_PERFECT_CONF                         0         -nan%                0         -nan%
                                                     0         -nan%                0         -nan%
                                                  -nan         -nan              -nan         -nan

DFE_ON_CONF_OFF_IBTB_MISS_BP_TAKEN_CYCLES             0         -nan%                0         -nan%
DFE_ON_CONF_OFF_BTB_MISS_BP_TAKEN_CONF_0_CYCLES             0         -nan%                0         -nan%
DFE_ON_CONF_OFF_BTB_MISS_BP_TAKEN_CONF_1_CYCLES             0         -nan%                0         -nan%
DFE_ON_CONF_OFF_BTB_MISS_BP_TAKEN_CONF_2_CYCLES             0         -nan%                0         -nan%
DFE_ON_CONF_OFF_BTB_MISS_BP_TAKEN_CONF_3_CYCLES             0         -nan%                0         -nan%
DFE_ON_CONF_OFF_BTB_MISS_RATE_CYCLES                 0         -nan%                0         -nan%
DFE_ON_CONF_OFF_IBTB_MISS_RATE_CYCLES                0         -nan%                0         -nan%
DFE_ON_CONF_OFF_MISFETCH_RATE_CYCLES                 0         -nan%                0         -nan%
DFE_ON_CONF_OFF_MISPRED_RATE_CYCLES                  0         -nan%                0         -nan%
DFE_ON_CONF_OFF_INV_CONF_INC_CYCLES                  0         -nan%                0         -nan%
DFE_ON_CONF_OFF_PERFECT_CONF_CYCLES                  0         -nan%                0         -nan%
                                                     0         -nan%                0         -nan%
                                                  -nan         -nan              -nan         -nan

DFE_ON_CONF_OFF_IBTB_MISS_BP_TAKEN_FETCH_TARGETS             0         -nan%                0         -nan%
DFE_ON_CONF_OFF_BTB_MISS_BP_TAKEN_CONF_0_FETCH_TARGETS             0         -nan%                0         -nan%
DFE_ON_CONF_OFF_BTB_MISS_BP_TAKEN_CONF_1_FETCH_TARGETS             0         -nan%                0         -nan%
DFE_ON_CONF_OFF_BTB_MISS_BP_TAKEN_CONF_2_FETCH_TARGETS             0         -nan%                0         -nan%
DFE_ON_CONF_OFF_BTB_MISS_BP_TAKEN_CONF_3_FETCH_TARGETS             0         -nan%                0         -nan%
DFE_ON_CONF_OFF_BTB_MISS_RATE_FETCH_TARGETS             0         -nan%                0         -nan%
DFE_ON_CONF_OFF_IBTB_MISS_RATE_FETCH_TARGETS             0         -nan%                0         -nan%
DFE_ON_CONF_OFF_MISFETCH_RATE_FETCH_TARGETS             0         -nan%                0         -nan%
DFE_ON_CONF_OFF_MISPRED_RATE_FETCH_TARGETS             0         -nan%                0         -nan%
DFE_ON_CONF_OFF_INV_CONF_INC_FETCH_TARGETS             0         -nan%                0         -nan%
DFE_ON_CONF_OFF_PERFECT_CONF_FETCH_TARGETS             0         -nan%                0         -nan%
                                                     0         -nan%                0         -nan%
                                                  -nan         -nan              -nan         -nan

CONF_OFF_IBTB_MISS_BP_TAKEN                          0         -nan%                0         -nan%
CONF_OFF_BTB_MISS_BP_TAKEN_CONF_0                    0         -nan%                0         -nan%
CONF_OFF_BTB_MISS_BP_TAKEN_CONF_1                    0         -nan%                0         -nan%
CONF_OFF_BTB_MISS_BP_TAKEN_CONF_2                    0         -nan%                0         -nan%
CONF_OFF_BTB_MISS_BP_TAKEN_CONF_3                    0         -nan%                0         -nan%
CONF_OFF_BTB_MISS_RATE                               0         -nan%                0         -nan%
CONF_OFF_IBTB_MISS_RATE                              0         -nan%                0         -nan%
CONF_OFF_MISFETCH_RATE                               0         -nan%                0         -nan%
CONF_OFF_MISPRED_RATE                                0         -nan%                0         -nan%
CONF_OFF_INV_CONF_INC                                0         -nan%                0         -nan%
CONF_OFF_PERFECT_CONF                                0         -nan%                0         -nan%
                                                     0         -nan%                0         -nan%
                                                  -nan         -nan              -nan         -nan

TOPDOWN_TOTAL_SLOTS                           39634284                       79561572              

TOPDOWN_ISSUED_SLOTS                          12554305                       25127396              

TOPDOWN_RETIRED_SLOTS                         12536603                       25073845              

TOPDOWN_FETCH_BUBBLES_SLOTS                      11845                          45594              

TOPDOWN_RECOVERY_BUBBLES_SLOTS                    1592                           4731              

TOPDOWN_MEM_LOAD_STALLS_CYCLES                 4485974                        9020068              

TOPDOWN_MEM_STORE_STALLS_CYCLES                      0                              0              

TOPDOWN_EXEC_STALLS_CYCLES                      181750                         397962              

TOPDOWN_BACKEND_STALLS_CYCLES                  4485974                        9020071              

TOPDOWN_FETCH_BUBBLES_GT_MIW_CYCLES               1013                           4933              

TOPDOWN_BR_MISPRED_RETIRED_CYCLES                  116                            339              

TOPDOWN_MACHINE_CLEAR_CYCLES                     37585                          75419              

TOPDOWN_FRONTEND_BOUND                               2                              2              

TOPDOWN_BACKEND_BOUND                             6831                           6831              

TOPDOWN_BAD_SPEC_BOUND                               4                              4              

TOPDOWN_RETIRING_BOUND                            3163                           3163              

TOPDOWN_FETCH_LATENCY_BOUND                          1                              1              

TOPDOWN_FETCH_BANDWIDTH_BOUND                        1                              1              

TOPDOWN_MEM_BOUND                                 6831                           6831              

TOPDOWN_CORE_BOUND                                   0                              0              

TOPDOWN_BR_MISPREDICTS_BOUND                         0                              0              

TOPDOWN_MACHINE_CLEARS_BOUND                         4                              4              



