/* -*- Mode: c -*- */
####################################################################################################
Core 0
####################################################################################################
Cumulative:        Cycles: 11864017              Instructions: 19999999              IPC: 1.68577

Periodic:          Cycles: 5810854               Instructions: 9999999               IPC: 1.72092

MISS_WAIT_TIME                              2168457661                     2977831896              

ICACHE_STAGE_MISS                                  248                            961              

ICACHE_CYCLE                                   5810854                       11864017              

TCACHE_CYCLE                                         0                              0              

ICACHE_SERVING_CYCLE_ON_PATH                    495385                         965162              

ICACHE_SERVING_CYCLE_OFF_PATH                    82567                         187284              

UCACHE_SERVING_CYCLE_ON_PATH                   3736260                        7451110              

UCACHE_SERVING_CYCLE_OFF_PATH                  1433430                        3097763              

ICACHE_CYCLE_ONPATH                            4260776       73.324%          8500967       71.653%
ICACHE_CYCLE_OFFPATH                           1550078       26.676%          3363050       28.347%
                                               5810854      100.000%         11864017      100.000%
                                                  0.27         0.40              0.28         0.41

FETCH_ON_PATH                                  4294754       73.909%          8574649       72.274%
FETCH_OFF_PATH                                 1516100       26.091%          3289368       27.726%
                                               5810854      100.000%         11864017      100.000%
                                                  0.26         0.40              0.28         0.41

FETCHED_OPS_ON_PATH                                  0         -nan%                0         -nan%
FETCHED_OPS_OFF_PATH                                 0         -nan%                0         -nan%
                                                     0         -nan%                0         -nan%
                                                  -nan         -nan              -nan         -nan

INST_LOST_FETCH                               10463199       34.087%         20934873       33.667%
INST_LOST_OFF_PATH                             4052075       13.201%          8932190       14.364%
INST_LOST_FULL_WINDOW                         12940555       42.158%         25638022       41.230%
INST_LOST_ROB_STALL_OTHER                       504102        1.642%           969809        1.560%
INST_LOST_ROB_STALL_WAIT_FOR_RECOVERY                0        0.000%                0        0.000%
INST_LOST_ROB_STALL_WAIT_FOR_REDIRECT                0        0.000%                0        0.000%
INST_LOST_ROB_STALL_WAIT_FOR_GAP_FILL                0        0.000%                0        0.000%
INST_LOST_ROB_STALL_WAIT_FOR_L1_MISS                 0        0.000%                0        0.000%
INST_LOST_ROB_STALL_WAIT_FOR_MEMORY                  0        0.000%                0        0.000%
INST_LOST_ROB_STALL_WAIT_FOR_DC_MISS             26173        0.085%            68650        0.110%
INST_LOST_ROB_BLOCK_ISSUE_FULL                       0        0.000%                0        0.000%
INST_LOST_ROB_BLOCK_ISSUE_GAP_TOO_LARGE              0        0.000%                0        0.000%
INST_LOST_BREAK_DONT                                 0        0.000%                0        0.000%
INST_LOST_BREAK_FT_UNAVAILABLE                  246112        0.802%           515580        0.829%
INST_LOST_BREAK_ICACHE_STAGE_RESTEER              6286        0.020%            12120        0.019%
INST_LOST_BREAK_ICACHE_MISS_REQ_SUCCESS            951        0.003%             3581        0.006%
INST_LOST_BREAK_ICACHE_MISS_REQ_FAILURE              0        0.000%              170        0.000%
INST_LOST_BREAK_ICACHE_WAIT_FOR_MISS             15555        0.051%           183806        0.296%
INST_LOST_BREAK_ICACHE_STALLED                   97766        0.319%           192922        0.310%
INST_LOST_BREAK_ICACHE_TO_UOP_CACHE_SWITCH        290638        0.947%           579517        0.932%
INST_LOST_BREAK_ICACHE_READ_LIMIT                79544        0.259%           160577        0.258%
INST_LOST_BREAK_ICACHE_ISSUE_WIDTH                   0        0.000%                0        0.000%
INST_LOST_BREAK_UOP_CACHE_STALLED              1039502        3.387%          2063364        3.318%
INST_LOST_BREAK_UOP_CACHE_TO_ICACHE_SWITCH        253899        0.827%           504704        0.812%
INST_LOST_BREAK_UOP_CACHE_READ_LIMIT            678891        2.212%          1422798        2.288%
INST_LOST_BREAK_UOP_CACHE_ISSUE_WIDTH                0        0.000%                0        0.000%
                                              30695248      100.000%         62182683      100.000%
                                                  2.90         5.59              2.94         5.63

INST_LOST_TOTAL                               34387789                       70191777              

INST_LOST_WAIT_FOR_ICACHE_MISS_NOT_PREFETCHED             0        0.000%            58480       36.022%
INST_LOST_WAIT_FOR_ICACHE_MISS_PREFETCHED_AND_EVICTED_BY_IFETCH             0        0.000%                0        0.000%
INST_LOST_WAIT_FOR_ICACHE_MISS_PREFETCHED_AND_EVICTED_BY_FDIP             0        0.000%                0        0.000%
INST_LOST_WAIT_FOR_ICACHE_MISS_MSHR_HIT_PREF_OFFPATH             0        0.000%              360        0.222%
INST_LOST_WAIT_FOR_ICACHE_MISS_MSHR_HIT_PREF_ONPATH         15065      100.000%           103505       63.756%
                                                 15065      100.000%           162345      100.000%
                                                  4.00         4.00              2.56         2.34

FETCH_0_OPS                                      49990        0.860%           135494        1.142%
FETCH_1_OPS                                     150218        2.585%           298648        2.517%
FETCH_2_OPS                                     226215        3.893%           460412        3.881%
FETCH_3_OPS                                     166906        2.872%           340611        2.871%
FETCH_4_OPS                                     157708        2.714%           319335        2.692%
FETCH_5_OPS                                     414455        7.132%           823109        6.938%
FETCH_6_OPS                                    4645362       79.943%          9486408       79.959%
FETCH_7_OPS                                          0        0.000%                0        0.000%
FETCH_8_OPS                                          0        0.000%                0        0.000%
FETCH_9_OPS                                          0        0.000%                0        0.000%
FETCH_10_OPS                                         0        0.000%                0        0.000%
FETCH_11_OPS                                         0        0.000%                0        0.000%
FETCH_12_OPS                                         0        0.000%                0        0.000%
FETCH_13_OPS                                         0        0.000%                0        0.000%
FETCH_14_OPS                                         0        0.000%                0        0.000%
FETCH_15_OPS                                         0        0.000%                0        0.000%
FETCH_16_OPS                                         0        0.000%                0        0.000%
                                               5810854      100.000%         11864017      100.000%
                                                  5.45         1.21              5.44         1.20

ST_BREAK_DONT                                        0        0.000%                0        0.000%
ST_BREAK_FT_UNAVAILABLE                          59796        1.029%           125314        1.056%
ST_BREAK_ICACHE_STAGE_RESTEER                     2435        0.042%             4773        0.040%
ST_BREAK_ICACHE_MISS_REQ_SUCCESS                   248        0.004%              961        0.008%
ST_BREAK_ICACHE_MISS_REQ_FAILURE                     0        0.000%               34        0.000%
ST_BREAK_ICACHE_WAIT_FOR_MISS                     3111        0.054%            36767        0.310%
ST_BREAK_ICACHE_STALLED                         125868        2.166%           247496        2.086%
ST_BREAK_ICACHE_TO_UOP_CACHE_SWITCH             108998        1.876%           217529        1.834%
ST_BREAK_ICACHE_READ_LIMIT                       31308        0.539%            62777        0.529%
ST_BREAK_ICACHE_ISSUE_WIDTH                     160418        2.761%           327190        2.758%
ST_BREAK_UOP_CACHE_STALLED                     2934259       50.496%          5927811       49.965%
ST_BREAK_UOP_CACHE_TO_ICACHE_SWITCH              75885        1.306%           149199        1.258%
ST_BREAK_UOP_CACHE_READ_LIMIT                   236825        4.076%           492021        4.147%
ST_BREAK_UOP_CACHE_ISSUE_WIDTH                 2071703       35.652%          4272145       36.009%
                                               5810854      100.000%         11864017      100.000%
                                                 10.88         6.80             10.88         6.84

ORACLE_ON_PATH_INST                           10463199       72.084%         20934873       70.094%
ORACLE_OFF_PATH_INST                           4052075       27.916%          8932190       29.906%
                                              14515274      100.000%         29867063      100.000%
                                                  0.28         0.41              0.30         0.42

ORACLE_ON_PATH_INST_MEM                        3475001       23.940%          6945517       23.255%
ORACLE_ON_PATH_INST_NOTMEM                     6988198       48.144%         13989356       46.839%
ORACLE_OFF_PATH_INST_MEM                       1209601        8.333%          2657814        8.899%
ORACLE_OFF_PATH_INST_NOTMEM                    2842474       19.583%          6274376       21.008%
                                              14515274      100.000%         29867063      100.000%
                                                  1.24         0.99              1.28         1.02

ICACHE_CYCLE_NONRA_ONPATH                            0         -nan%                0         -nan%
ICACHE_CYCLE_NONRA_OFFPATH                           0         -nan%                0         -nan%
ICACHE_CYCLE_RA_ONPATH                               0         -nan%                0         -nan%
ICACHE_CYCLE_RA_OFFPATH                              0         -nan%                0         -nan%
                                                     0         -nan%                0         -nan%
                                                  -nan         -nan              -nan         -nan

ICACHE_CYCLE_ONPATH_NONRA                            0         -nan%                0         -nan%
ICACHE_CYCLE_OFFPATH_NONRA                           0         -nan%                0         -nan%
                                                     0         -nan%                0         -nan%
                                                  -nan         -nan              -nan         -nan

ICACHE_CYCLE_ONPATH_RA                               0         -nan%                0         -nan%
ICACHE_CYCLE_OFFPATH_RA                              0         -nan%                0         -nan%
                                                     0         -nan%                0         -nan%
                                                  -nan         -nan              -nan         -nan

INACCURATE_OFFPATH_CYCLES                            0        0.0000                0        0.0000

FETCH_ALL_INST                                14515274                       29867063              

EXEC_ALL_INST                                 11018827                       22216996              

RET_ALL_INST                                  10463588                       20934873              

EXEC_ON_PATH_INST                             10463410       94.959%         20934873       94.229%
EXEC_OFF_PATH_INST                              555417        5.041%          1282123        5.771%
                                              11018827      100.000%         22216996      100.000%
                                                  0.05         0.21              0.06         0.23

EXEC_ON_PATH_INST_MEM                          3475076       31.538%          6945517       31.262%
EXEC_ON_PATH_INST_NOTMEM                       6988334       63.422%         13989356       62.967%
EXEC_OFF_PATH_INST_MEM                          204284        1.854%           462323        2.081%
EXEC_OFF_PATH_INST_NOTMEM                       351133        3.187%           819800        3.690%
                                              11018827      100.000%         22216996      100.000%
                                                  0.77         0.49              0.78         0.51

EXEC_RA_INST                                         0         -nan%                0         -nan%
EXEC_NONRA_INST                                      0         -nan%                0         -nan%
                                                     0         -nan%                0         -nan%
                                                  -nan         -nan              -nan         -nan

EXEC_ON_PATH_INST_RA                                 0         -nan%                0         -nan%
EXEC_OFF_PATH_INST_RA                                0         -nan%                0         -nan%
                                                     0         -nan%                0         -nan%
                                                  -nan         -nan              -nan         -nan

EXEC_ON_PATH_INST_NONRA                              0         -nan%                0         -nan%
EXEC_OFF_PATH_INST_NONRA                             0         -nan%                0         -nan%
                                                     0         -nan%                0         -nan%
                                                  -nan         -nan              -nan         -nan

EXEC_RA_ON_PATH_INST                                 0         -nan%                0         -nan%
EXEC_RA_OFF_PATH_INST                                0         -nan%                0         -nan%
EXEC_NONRA_ON_PATH_INST                              0         -nan%                0         -nan%
EXEC_NONRA_OFF_PATH_INST                             0         -nan%                0         -nan%
                                                     0         -nan%                0         -nan%
                                                  -nan         -nan              -nan         -nan

ICACHE_THROTTLE_CYCLE                                0                              0              

FETCH_ENABLE_THROTTLE_OFF_PATH                       0         -nan%                0         -nan%
FETCH_ENABLE_THROTTLE_ON_PATH                        0         -nan%                0         -nan%
                                                     0         -nan%                0         -nan%
                                                  -nan         -nan              -nan         -nan

FETCH_DISABLE_THROTTLE_OFF_PATH                      0         -nan%                0         -nan%
FETCH_DISABLE_THROTTLE_ON_PATH                       0         -nan%                0         -nan%
                                                     0         -nan%                0         -nan%
                                                  -nan         -nan              -nan         -nan

FETCH_TH_ADJUST__0                                   0         -nan%                0         -nan%
FETCH_TH_ADJUST__1                                   0         -nan%                0         -nan%
FETCH_TH_ADJUST__2                                   0         -nan%                0         -nan%
FETCH_TH_ADJUST__3                                   0         -nan%                0         -nan%
FETCH_TH_ADJUST__4                                   0         -nan%                0         -nan%
FETCH_TH_ADJUST__5                                   0         -nan%                0         -nan%
FETCH_TH_ADJUST__6                                   0         -nan%                0         -nan%
FETCH_TH_ADJUST__7                                   0         -nan%                0         -nan%
FETCH_TH_ADJUST__8                                   0         -nan%                0         -nan%
FETCH_TH_ADJUST__9                                   0         -nan%                0         -nan%
FETCH_TH_ADJUST__MAX                                 0         -nan%                0         -nan%
                                                     0         -nan%                0         -nan%
                                                  -nan         -nan              -nan         -nan

FETCH_TH_ADJUST_UP                                   0         -nan%                0         -nan%
FETCH_TH_ADJUST_DOWN                                 0         -nan%                0         -nan%
FETCH_TH_ADJUST_SAME                                 0         -nan%                0         -nan%
                                                     0         -nan%                0         -nan%
                                                  -nan         -nan              -nan         -nan

THROTTLE_ADJUST_CACHE_MISS_INFO                      0                              0              

LOW_CONF_COUNT_BP_MIS_0                              0         -nan%                0         -nan%
LOW_CONF_COUNT_BP_MIS_1                              0         -nan%                0         -nan%
LOW_CONF_COUNT_BP_MIS_2                              0         -nan%                0         -nan%
LOW_CONF_COUNT_BP_MIS_3                              0         -nan%                0         -nan%
LOW_CONF_COUNT_BP_MIS_4                              0         -nan%                0         -nan%
LOW_CONF_COUNT_BP_MIS_5                              0         -nan%                0         -nan%
LOW_CONF_COUNT_BP_MIS_6                              0         -nan%                0         -nan%
LOW_CONF_COUNT_BP_MIS_7                              0         -nan%                0         -nan%
LOW_CONF_COUNT_BP_MIS_8                              0         -nan%                0         -nan%
LOW_CONF_COUNT_BP_MIS_9                              0         -nan%                0         -nan%
LOW_CONF_COUNT_BP_MIS_10                             0         -nan%                0         -nan%
LOW_CONF_COUNT_BP_MIS_11                             0         -nan%                0         -nan%
LOW_CONF_COUNT_BP_MIS_12                             0         -nan%                0         -nan%
LOW_CONF_COUNT_BP_MIS_13                             0         -nan%                0         -nan%
LOW_CONF_COUNT_BP_MIS_14                             0         -nan%                0         -nan%
LOW_CONF_COUNT_BP_MIS_15                             0         -nan%                0         -nan%
LOW_CONF_COUNT_BP_MIS_16                             0         -nan%                0         -nan%
LOW_CONF_COUNT_BP_MIS_17                             0         -nan%                0         -nan%
LOW_CONF_COUNT_BP_MIS_18                             0         -nan%                0         -nan%
LOW_CONF_COUNT_BP_MIS_19                             0         -nan%                0         -nan%
LOW_CONF_COUNT_BP_MIS_20                             0         -nan%                0         -nan%
                                                     0         -nan%                0         -nan%
                                                  -nan         -nan              -nan         -nan

LOW_CONF_COUNT_RET_0                                 0         -nan%                0         -nan%
LOW_CONF_COUNT_RET_1                                 0         -nan%                0         -nan%
LOW_CONF_COUNT_RET_2                                 0         -nan%                0         -nan%
LOW_CONF_COUNT_RET_3                                 0         -nan%                0         -nan%
LOW_CONF_COUNT_RET_4                                 0         -nan%                0         -nan%
LOW_CONF_COUNT_RET_5                                 0         -nan%                0         -nan%
LOW_CONF_COUNT_RET_6                                 0         -nan%                0         -nan%
LOW_CONF_COUNT_RET_7                                 0         -nan%                0         -nan%
LOW_CONF_COUNT_RET_8                                 0         -nan%                0         -nan%
LOW_CONF_COUNT_RET_9                                 0         -nan%                0         -nan%
LOW_CONF_COUNT_RET_10                                0         -nan%                0         -nan%
LOW_CONF_COUNT_RET_11                                0         -nan%                0         -nan%
LOW_CONF_COUNT_RET_12                                0         -nan%                0         -nan%
LOW_CONF_COUNT_RET_13                                0         -nan%                0         -nan%
LOW_CONF_COUNT_RET_14                                0         -nan%                0         -nan%
LOW_CONF_COUNT_RET_15                                0         -nan%                0         -nan%
LOW_CONF_COUNT_RET_16                                0         -nan%                0         -nan%
LOW_CONF_COUNT_RET_17                                0         -nan%                0         -nan%
LOW_CONF_COUNT_RET_18                                0         -nan%                0         -nan%
LOW_CONF_COUNT_RET_19                                0         -nan%                0         -nan%
LOW_CONF_COUNT_RET_20                                0         -nan%                0         -nan%
                                                     0         -nan%                0         -nan%
                                                  -nan         -nan              -nan         -nan

CYCLES_RESTEER_MISPRED                               0         -nan%                0         -nan%
CYCLES_RESTEER_MISFETCH                              0         -nan%                0         -nan%
CYCLES_RESTEER_BTB_MISS                              0         -nan%                0         -nan%
                                                     0         -nan%                0         -nan%
                                                  -nan         -nan              -nan         -nan

CYCLES_RESTEER_MISPRED_SAVED_UC_FETCH                0         -nan%                0         -nan%
CYCLES_RESTEER_MISPRED_COULD_BE_SAVED_UC_FETCH             0         -nan%                0         -nan%
CYCLES_RESTEER_MISFETCH_SAVED_UC_FETCH               0         -nan%                0         -nan%
CYCLES_RESTEER_MISFETCH_COULD_BE_SAVED_UC_FETCH             0         -nan%                0         -nan%
CYCLES_RESTEER_BTB_MISS_SAVED_UC_FETCH               0         -nan%                0         -nan%
CYCLES_RESTEER_BTB_MISS_COULD_BE_SAVED_UC_FETCH             0         -nan%                0         -nan%
                                                     0         -nan%                0         -nan%
                                                  -nan         -nan              -nan         -nan

CYCLES_UOC_IC_SWITCH                                 0                              0              



