/* -*- Mode: c -*- */
####################################################################################################
Core 0
####################################################################################################
Cumulative:        Cycles: 4606166               Instructions: 19999999              IPC: 4.34201

Periodic:          Cycles: 2270603               Instructions: 9999999               IPC: 4.40412

EXECUTION_TIME                            709563437500                  1439426875000              

SIM_HOST_WALL_SECONDS                        37.077122                      37.077122              

NODE_CYCLE                                     2270603                        4606166              

NODE_INST_COUNT                                9999999                       19999999              

NODE_INST_COUNT_FETCHED                        9999999                       19999999              

NODE_UOP_COUNT                                10021204                       20042574              

EXEC_STAGE_NO_ISSUE_STALL_CYCLE                2172527                        4349644              

EXEC_STAGE_NO_ISSUE_STALL_CYCLE_ONPATH         2172054                        4348554              

FULL_WINDOW_STALL                                 3552        0.156%             8123        0.176%

FULL_WINDOW_MEM_OP                                2384       88.723%             5812       90.884%
FULL_WINDOW_FP_OP                                  303       11.277%              583        9.116%
FULL_WINDOW_OTHER_OP                                 0        0.000%                0        0.000%
                                                  2687      100.000%             6395      100.000%
                                                  0.11         0.30              0.09         0.27

RET_BLOCKED_DC_MISS                             155824        6.863%           372536        8.088%

RET_BLOCKED_L1_MISS                             126680        5.579%           301093        6.537%

RET_BLOCKED_L1_MISS_BW_PREF                          0        0.000%                0        0.000%

RET_BLOCKED_L1_ACCESS                            29144        1.284%            71445        1.551%

RET_BLOCKED_MEM_STALL                           126680        5.579%           301093        6.537%

RET_BLOCKED_OFFCHIP_DEMAND                           0        0.000%                0        0.000%

OP_ISSUED                                     10022495                       20045629              

OP_RETIRED                                    10021204                       20042574              

OP_MACRO_FUSION_ONPATH                          433974                         867988              

OP_MACRO_FUSION_OFFPATH                            390                            746              

REPLAY_SIGNALED                                      0                              0              

REPLAY_COUNTED                                       0                              0              

OFF_CRITICAL_PATH                                    0         -nan%                0         -nan%
ON_CRITICAL_PATH                                     0         -nan%                0         -nan%
                                                     0         -nan%                0         -nan%
                                                  -nan         -nan              -nan         -nan

LD_NO_DEPENDENTS                                   103        0.005%              207        0.005%
LD_DEPENDENTS                                  2087224       99.995%          4174538       99.995%
                                               2087327      100.000%          4174745      100.000%
                                                  1.00         1.00              1.00         1.00

LD_EXEC_CYCLES_0                                     0         -nan%                0        0.000%
LD_EXEC_CYCLES_1                                     0         -nan%                0        0.000%
LD_EXEC_CYCLES_2                                     0         -nan%                0        0.000%
LD_EXEC_CYCLES_3                                     0         -nan%              152       52.234%
LD_EXEC_CYCLES_4                                     0         -nan%              139       47.766%
                                                     0         -nan%              291      100.000%
                                                  -nan         -nan              3.48         2.46

ICACHE_STAGE_STARVED                               150        0.007%             1389        0.030%
ICACHE_STAGE_NOT_STARVED                       2267997       99.993%          4596394       99.970%
                                               2268147      100.000%          4597783      100.000%
                                                  1.00         1.00              1.00         1.00

ICACHE_STAGE_STALLED                            588986       25.940%          1238202       26.881%
ICACHE_STAGE_NOT_STALLED                       1679161       73.952%          3359581       72.937%
ICACHE_STAGE_OFF_PATH                             2456        0.108%             8383        0.182%
                                               2270603      100.000%          4606166      100.000%
                                                  0.74         0.23              0.73         0.24

DECODE_STAGE_STARVED                           2256981       99.421%          4578408       99.428%
DECODE_STAGE_NOT_STARVED                         13150        0.579%            26343        0.572%
                                               2270131      100.000%          4604751      100.000%
                                                  0.01         0.08              0.01         0.08

DECODE_STAGE_STALLED                             11704        0.515%            25036        0.544%
DECODE_STAGE_NOT_STALLED                       2258427       99.464%          4579715       99.426%
DECODE_STAGE_OFF_PATH                              472        0.021%             1415        0.031%
                                               2270603      100.000%          4606166      100.000%
                                                  1.00         0.02              0.99         0.03

UOPQ_STAGE_STARVED                               13563        0.809%            27558        0.821%
UOPQ_STAGE_NOT_STARVED                         1662928       99.191%          3327253       99.179%
                                               1676491      100.000%          3354811      100.000%
                                                  0.99         0.99              0.99         0.99

UOPQ_STAGE_STALLED                              591791       26.063%          1243794       27.003%
UOPQ_STAGE_NOT_STALLED                         1676491       73.835%          3354811       72.833%
UOPQ_STAGE_OFF_PATH                               2321        0.102%             7561        0.164%
                                               2270603      100.000%          4606166      100.000%
                                                  0.74         0.23              0.73         0.24

RS_OP_READY_NOT_ISSUED_TOTAL                   2566662                        5154049              

RS_0_OP_READY_NOT_ISSUED                       2430570                        4880936              

RS_1_OP_READY_NOT_ISSUED                         71858                         143960              

RS_2_OP_READY_NOT_ISSUED                         64234                         129153              

RS_3_OP_READY_NOT_ISSUED                             0                              0              

RS_4_OP_READY_NOT_ISSUED                             0                              0              

RS_5_OP_READY_NOT_ISSUED                             0                              0              

RS_6_OP_READY_NOT_ISSUED                             0                              0              

RS_7_OP_READY_NOT_ISSUED                             0                              0              

RS_7_PLUS_OP_READY_NOT_ISSUED                        0                              0              

FU_IDLE_NO_READY_OPS_TOTAL                     6574567                       13657922              

FU_0_IDLE_NO_READY_OPS                           92989                         246013              

FU_1_IDLE_NO_READY_OPS                          100541                         262863              

FU_2_IDLE_NO_READY_OPS                          774867                        1612855              

FU_3_IDLE_NO_READY_OPS                          836997                        1741208              

FU_4_IDLE_NO_READY_OPS                          103319                         269108              

FU_5_IDLE_NO_READY_OPS                          126500                         317179              

FU_6_IDLE_NO_READY_OPS                         2269719                        4604439              

FU_7_IDLE_NO_READY_OPS                         2269635                        4604257              

FU_8_IDLE_NO_READY_OPS                               0                              0              

FU_9_IDLE_NO_READY_OPS                               0                              0              

FU_10_IDLE_NO_READY_OPS                              0                              0              

FU_11_IDLE_NO_READY_OPS                              0                              0              

FU_12_IDLE_NO_READY_OPS                              0                              0              

FU_13_IDLE_NO_READY_OPS                              0                              0              

FU_14_IDLE_NO_READY_OPS                              0                              0              

FU_15_IDLE_NO_READY_OPS                              0                              0              

FU_16_IDLE_NO_READY_OPS                              0                              0              

FU_17_IDLE_NO_READY_OPS                              0                              0              

FU_18_IDLE_NO_READY_OPS                              0                              0              

FU_19_IDLE_NO_READY_OPS                              0                              0              

FU_20_IDLE_NO_READY_OPS                              0                              0              

FU_21_IDLE_NO_READY_OPS                              0                              0              

FU_22_IDLE_NO_READY_OPS                              0                              0              

FU_23_IDLE_NO_READY_OPS                              0                              0              

FU_24_IDLE_NO_READY_OPS                              0                              0              

FU_25_IDLE_NO_READY_OPS                              0                              0              

FU_26_IDLE_NO_READY_OPS                              0                              0              

FU_27_IDLE_NO_READY_OPS                              0                              0              

FU_28_IDLE_NO_READY_OPS                              0                              0              

FU_29_IDLE_NO_READY_OPS                              0                              0              

FU_30_IDLE_NO_READY_OPS                              0                              0              

FU_31_IDLE_NO_READY_OPS                              0                              0              

FU_31_PLUS_IDLE_NO_READY_OPS                         0                              0              

MAP_STAGE_STARVED                                  235        0.014%             1801        0.054%
MAP_STAGE_NOT_STARVED                          1672979       99.986%          3346658       99.946%
                                               1673214      100.000%          3348459      100.000%
                                                  1.00         1.00              1.00         1.00

MAP_STAGE_STALLED                                 2798        0.167%             6123        0.183%
MAP_STAGE_NOT_STALLED                          1670416       99.728%          3342336       99.679%
MAP_STAGE_OFF_PATH                                1758        0.105%             4633        0.138%
                                               1674972      100.000%          3353092      100.000%
                                                  1.00         0.05              1.00         0.05

MAP_STAGE_STALL_ITSELF                          595631       26.232%          1253074       27.204%
MAP_STAGE_NOT_STALL_ITSELF                     1674972       73.768%          3353092       72.796%
                                               2270603      100.000%          4606166      100.000%
                                                  0.74         0.67              0.73         0.66

MAP_STAGE_LATE_ALLOCATE_SEND_BACK                    0                              0              

MAP_STAGE_RENAME_OP_ONPATH                    10020870                       20042574              

MAP_STAGE_RENAME_OP_OFFPATH                       5824                          12988              

MAP_STAGE_RENAME_INT_REG_ONPATH                4246926                        8494435              

MAP_STAGE_RENAME_INT_REG_OFFPATH                  3086                           6077              

MAP_STAGE_RENAME_VEC_REG_ONPATH                5365813                       10731695              

MAP_STAGE_RENAME_VEC_REG_OFFPATH                  2268                           5148              

MAP_STAGE_RENAME_MOVE_ELIM_ONPATH                    0                              0              

MAP_STAGE_RENAME_MOVE_ELIM_OFFPATH                   0                              0              

MAP_STAGE_ONPATH_INT_REG_NUM_ALLOC             4247066                        8494420              

MAP_STAGE_ONPATH_VEC_REG_NUM_ALLOC             5365993                       10731687              

MAP_STAGE_ONPATH_INT_REG_NUM_SHORTLIVE          324485                         651182              

MAP_STAGE_ONPATH_VEC_REG_NUM_SHORTLIVE               8                             10              

MAP_STAGE_ONPATH_INT_REG_USE_COUNT_0            866155                        1732407              

MAP_STAGE_ONPATH_VEC_REG_USE_COUNT_0               515                           1035              

MAP_STAGE_ONPATH_INT_REG_USE_COUNT_1           2115874                        4232026              

MAP_STAGE_ONPATH_VEC_REG_USE_COUNT_1           4952090                        9903753              

MAP_STAGE_ONPATH_INT_REG_USE_COUNT_2            845245                        1690425              

MAP_STAGE_ONPATH_VEC_REG_USE_COUNT_2               642                           1435              

MAP_STAGE_ONPATH_INT_REG_USE_COUNT_3                 5                              5              

MAP_STAGE_ONPATH_VEC_REG_USE_COUNT_3                 9                             15              

MAP_STAGE_ONPATH_INT_REG_USE_COUNT_4               191                            393              

MAP_STAGE_ONPATH_VEC_REG_USE_COUNT_4                 0                              0              

MAP_STAGE_ONPATH_INT_REG_USE_COUNT_5              6550                          13099              

MAP_STAGE_ONPATH_VEC_REG_USE_COUNT_5            412634                         825242              

MAP_STAGE_ONPATH_INT_REG_USE_COUNT_6            406091                         812156              

MAP_STAGE_ONPATH_VEC_REG_USE_COUNT_6               103                            207              

MAP_STAGE_ONPATH_INT_REG_USE_COUNT_7_PLUS          6955                          13909              

MAP_STAGE_ONPATH_VEC_REG_USE_COUNT_7_PLUS             0                              0              

MAP_STAGE_ONPATH_INT_REG_CONSUME_DIST_0              0        0.0000                0        0.0000

MAP_STAGE_ONPATH_VEC_REG_CONSUME_DIST_0              0        0.0000                0        0.0000

MAP_STAGE_ONPATH_INT_REG_CONSUME_DIST_1              0        0.0000                0        0.0000

MAP_STAGE_ONPATH_VEC_REG_CONSUME_DIST_1              0        0.0000                0        0.0000

MAP_STAGE_ONPATH_INT_REG_CONSUME_DIST_2        6212305        7.3497         12610284        7.4598

MAP_STAGE_ONPATH_VEC_REG_CONSUME_DIST_2           4579        7.1324            13215        9.2091

MAP_STAGE_ONPATH_INT_REG_CONSUME_DIST_3             24        4.8000               24        4.8000

MAP_STAGE_ONPATH_VEC_REG_CONSUME_DIST_3            153       17.0000             3830      255.3333

MAP_STAGE_ONPATH_INT_REG_CONSUME_DIST_4            401        2.0995             1137        2.8931

MAP_STAGE_ONPATH_VEC_REG_CONSUME_DIST_4              0          -nan                0          -nan

MAP_STAGE_ONPATH_INT_REG_CONSUME_DIST_5           9255        1.4130            18633        1.4225

MAP_STAGE_ONPATH_VEC_REG_CONSUME_DIST_5        5264055       12.7572         10648400       12.9034

MAP_STAGE_ONPATH_INT_REG_CONSUME_DIST_6        2037342        5.0170          4117308        5.0696

MAP_STAGE_ONPATH_VEC_REG_CONSUME_DIST_6           4890       47.4757            11830       57.1498

MAP_STAGE_ONPATH_INT_REG_CONSUME_DIST_7_PLUS      11029318     1585.8114         22160419     1593.2432

MAP_STAGE_ONPATH_VEC_REG_CONSUME_DIST_7_PLUS             0          -nan                0          -nan

MAP_STAGE_INT_REG_ISSUE_READ_TOTAL_CONSUMED       8391308        3.8625         16782301        3.8583

MAP_STAGE_VEC_REG_ISSUE_READ_TOTAL_CONSUMED       8668057        3.9899         17335852        3.9856

MAP_STAGE_INT_REG_ISSUE_READ_MULTI_CONSUMED       5009807        2.3060         10019287        2.3035

MAP_STAGE_VEC_REG_ISSUE_READ_MULTI_CONSUMED       3302489        1.5201          6604933        1.5185

MAP_STAGE_INT_REG_ISSUE_READ_SAME_CYCLE_CONSUMED       1694492        0.7800          3387103        0.7787

MAP_STAGE_VEC_REG_ISSUE_READ_SAME_CYCLE_CONSUMED       1079750        0.4970          2164730        0.4977

MAP_STAGE_INT_REG_ISSUE_READ_TOTAL_CONSUMED_ONPATH       8389962        3.8627         16780010        3.8588

MAP_STAGE_VEC_REG_ISSUE_READ_TOTAL_CONSUMED_ONPATH       8667795        3.9906         17335311        3.9865

MAP_STAGE_INT_REG_ISSUE_READ_MULTI_CONSUMED_ONPATH       5009069        2.3061         10017972        2.3037

MAP_STAGE_VEC_REG_ISSUE_READ_MULTI_CONSUMED_ONPATH       3302331        1.5204          6604649        1.5188

MAP_STAGE_INT_REG_ISSUE_READ_SAME_CYCLE_CONSUMED_ONPATH       1694314        0.7801          3386762        0.7788

MAP_STAGE_VEC_REG_ISSUE_READ_SAME_CYCLE_CONSUMED_ONPATH       1079682        0.4971          2164628        0.4978

MAP_STAGE_ONPATH_INT_REG_LIFECYCLE_EMPTY     232360225                      471454725              

MAP_STAGE_ONPATH_VEC_REG_LIFECYCLE_EMPTY     344442859                      699684142              

MAP_STAGE_ONPATH_INT_REG_LIFECYCLE_IN_USE     290417797                      588650283              

MAP_STAGE_ONPATH_VEC_REG_LIFECYCLE_IN_USE     383023048                      777504243              

MAP_STAGE_ONPATH_INT_REG_LIFECYCLE_SPEC_RELEASE     360914573                      731215443              

MAP_STAGE_ONPATH_VEC_REG_LIFECYCLE_SPEC_RELEASE     428712089                      869079914              

MAP_STAGE_ONPATH_INT_REG_LIFECYCLE_NONSPEC_RELEASE     360914573                      731215443              

MAP_STAGE_ONPATH_VEC_REG_LIFECYCLE_NONSPEC_RELEASE     428712089                      869079914              

MAP_STAGE_ONPATH_INT_REG_LIFECYCLE_TOTAL     360914573                      731215443              

MAP_STAGE_ONPATH_VEC_REG_LIFECYCLE_TOTAL     428712089                      869079914              

MAP_STAGE_ONPATH_INT_REG_NUM_NONBRANCH         4247066                        8494420              

MAP_STAGE_ONPATH_VEC_REG_NUM_NONBRANCH         5365993                       10731687              

MAP_STAGE_ONPATH_INT_REG_NUM_NONEXCEPT         4247066                        8494420              

MAP_STAGE_ONPATH_VEC_REG_NUM_NONEXCEPT         5365993                       10731687              

MAP_STAGE_ONPATH_INT_REG_NUM_ATOMIC            4247066                        8494420              

MAP_STAGE_ONPATH_VEC_REG_NUM_ATOMIC            5365993                       10731687              

MAP_STAGE_ONPATH_INT_REG_ATOMIC_REDEFINED_DIST_TOTAL     360914573       84.9797        731215443       86.0819

MAP_STAGE_ONPATH_VEC_REG_ATOMIC_REDEFINED_DIST_TOTAL     428712089       79.8943        869079914       80.9826

MAP_STAGE_ONPATH_INT_REG_ATOMIC_CONSUMED_DIST_TOTAL     290417797       68.3808        588650283       69.2985

MAP_STAGE_ONPATH_VEC_REG_ATOMIC_CONSUMED_DIST_TOTAL     383023048       71.3797        777504243       72.4494

MAP_STAGE_ONPATH_INT_REG_ATOMIC_RELEASE_DIST_TOTAL     360914573       84.9797        731215443       86.0819

MAP_STAGE_ONPATH_VEC_REG_ATOMIC_RELEASE_DIST_TOTAL     428712089       79.8943        869079914       80.9826

EXEC_STAGE_STARVED                              138781        6.112%           341766        7.420%
EXEC_STAGE_NOT_STARVED                         2130906       93.848%          4261558       92.519%
EXEC_STAGE_OFF_PATH                                916        0.040%             2842        0.062%
                                               2270603      100.000%          4606166      100.000%
                                                  0.94         0.07              0.93         0.08

FU_BUSY_0                                      2168521                        4340606              

FU_BUSY_1                                      2149060                        4299006              

FU_BUSY_2                                      1083079                        2168331              

FU_BUSY_3                                      1039426                        2077012              

FU_BUSY_4                                      2129927                        4258967              

FU_BUSY_5                                      1486013                        2969231              

FU_BUSY_6                                          482                            947              

FU_BUSY_7                                          548                           1070              

FU_BUSY_8                                            0                              0              

FU_BUSY_9                                            0                              0              

FU_BUSY_10                                           0                              0              

FU_BUSY_11                                           0                              0              

FU_BUSY_12                                           0                              0              

FU_BUSY_13                                           0                              0              

FU_BUSY_14                                           0                              0              

FU_BUSY_15                                           0                              0              

FU_BUSY_16                                           0                              0              

FU_BUSY_17                                           0                              0              

FU_BUSY_18                                           0                              0              

FU_BUSY_19                                           0                              0              

FU_BUSY_20                                           0                              0              

FU_BUSY_21                                           0                              0              

FU_BUSY_22                                           0                              0              

FU_BUSY_23                                           0                              0              

FU_BUSY_24                                           0                              0              

FU_BUSY_25                                           0                              0              

FU_BUSY_26                                           0                              0              

FU_BUSY_27                                           0                              0              

FU_BUSY_28                                           0                              0              

FU_BUSY_29                                           0                              0              

FU_BUSY_30                                           0                              0              

FU_BUSY_31                                           0                              0              

FU_REJECTED_OP_INV_NOT_SIMD                          0        0.000%                0        0.000%
FU_REJECTED_OP_NOP_NOT_SIMD                          0        0.000%                0        0.000%
FU_REJECTED_OP_CF_NOT_SIMD                           1        0.005%                4        0.009%
FU_REJECTED_OP_MOV_NOT_SIMD                          0        0.000%                0        0.000%
FU_REJECTED_OP_CMOV_NOT_SIMD                         0        0.000%                0        0.000%
FU_REJECTED_OP_LDA_NOT_SIMD                          0        0.000%                0        0.000%
FU_REJECTED_OP_IMEM_NOT_SIMD                     21457       97.284%            43174       97.239%
FU_REJECTED_OP_IADD_NOT_SIMD                         0        0.000%                0        0.000%
FU_REJECTED_OP_IMUL_NOT_SIMD                         0        0.000%                0        0.000%
FU_REJECTED_OP_IDIV_NOT_SIMD                         0        0.000%                0        0.000%
FU_REJECTED_OP_ICMP_NOT_SIMD                         0        0.000%                0        0.000%
FU_REJECTED_OP_LOGIC_NOT_SIMD                        0        0.000%                0        0.000%
FU_REJECTED_OP_SHIFT_NOT_SIMD                        0        0.000%                0        0.000%
FU_REJECTED_OP_FMEM_NOT_SIMD                         0        0.000%                0        0.000%
FU_REJECTED_OP_FCVT_NOT_SIMD                         0        0.000%                0        0.000%
FU_REJECTED_OP_FADD_NOT_SIMD                         0        0.000%                0        0.000%
FU_REJECTED_OP_FMUL_NOT_SIMD                         0        0.000%                0        0.000%
FU_REJECTED_OP_FMA_NOT_SIMD                          0        0.000%                0        0.000%
FU_REJECTED_OP_FDIV_NOT_SIMD                         0        0.000%                0        0.000%
FU_REJECTED_OP_FCMP_NOT_SIMD                         0        0.000%                0        0.000%
FU_REJECTED_OP_FCMOV_NOT_SIMD                        0        0.000%                0        0.000%
FU_REJECTED_OP_GATHER_NOT_SIMD                       0        0.000%                0        0.000%
FU_REJECTED_OP_SCATTER_NOT_SIMD                      0        0.000%                0        0.000%
FU_REJECTED_OP_PIPELINED_FAST_NOT_SIMD               0        0.000%                0        0.000%
FU_REJECTED_OP_PIPELINED_MEDIUM_NOT_SIMD             0        0.000%                0        0.000%
FU_REJECTED_OP_PIPELINED_SLOW_NOT_SIMD               0        0.000%                0        0.000%
FU_REJECTED_OP_NOTPIPELINED_MEDIUM_NOT_SIMD             0        0.000%                0        0.000%
FU_REJECTED_OP_NOTPIPELINED_SLOW_NOT_SIMD             0        0.000%                0        0.000%
FU_REJECTED_OP_NOTPIPELINED_VERY_SLOW_NOT_SIMD             0        0.000%                0        0.000%
FU_REJECTED_OP_INV_SIMD                              0        0.000%                0        0.000%
FU_REJECTED_OP_NOP_SIMD                              0        0.000%                0        0.000%
FU_REJECTED_OP_CF_SIMD                               0        0.000%                0        0.000%
FU_REJECTED_OP_MOV_SIMD                              0        0.000%                0        0.000%
FU_REJECTED_OP_CMOV_SIMD                             0        0.000%                0        0.000%
FU_REJECTED_OP_LDA_SIMD                              0        0.000%                0        0.000%
FU_REJECTED_OP_IMEM_SIMD                             0        0.000%                0        0.000%
FU_REJECTED_OP_IADD_SIMD                             0        0.000%                0        0.000%
FU_REJECTED_OP_IMUL_SIMD                             0        0.000%                0        0.000%
FU_REJECTED_OP_IDIV_SIMD                             0        0.000%                0        0.000%
FU_REJECTED_OP_ICMP_SIMD                             0        0.000%                0        0.000%
FU_REJECTED_OP_LOGIC_SIMD                            4        0.018%                4        0.009%
FU_REJECTED_OP_SHIFT_SIMD                            0        0.000%                0        0.000%
FU_REJECTED_OP_FMEM_SIMD                             0        0.000%                0        0.000%
FU_REJECTED_OP_FCVT_SIMD                           593        2.689%             1216        2.739%
FU_REJECTED_OP_FADD_SIMD                             0        0.000%                0        0.000%
FU_REJECTED_OP_FMUL_SIMD                             1        0.005%                1        0.002%
FU_REJECTED_OP_FMA_SIMD                              0        0.000%                1        0.002%
FU_REJECTED_OP_FDIV_SIMD                             0        0.000%                0        0.000%
FU_REJECTED_OP_FCMP_SIMD                             0        0.000%                0        0.000%
FU_REJECTED_OP_FCMOV_SIMD                            0        0.000%                0        0.000%
FU_REJECTED_OP_GATHER_SIMD                           0        0.000%                0        0.000%
FU_REJECTED_OP_SCATTER_SIMD                          0        0.000%                0        0.000%
FU_REJECTED_OP_PIPELINED_FAST_SIMD                   0        0.000%                0        0.000%
FU_REJECTED_OP_PIPELINED_MEDIUM_SIMD                 0        0.000%                0        0.000%
FU_REJECTED_OP_PIPELINED_SLOW_SIMD                   0        0.000%                0        0.000%
FU_REJECTED_OP_NOTPIPELINED_MEDIUM_SIMD              0        0.000%                0        0.000%
FU_REJECTED_OP_NOTPIPELINED_SLOW_SIMD                0        0.000%                0        0.000%
FU_REJECTED_OP_NOTPIPELINED_VERY_SLOW_SIMD             0        0.000%                0        0.000%
                                                 22056      100.000%            44400      100.000%
                                                  7.00         6.01              7.02         6.05

LSQ_FULL_TOTAL                                       0                              0              

LSQ_FULL_LOAD_QUEUE                                  0                              0              

LSQ_FULL_STORE_QUEUE                                 0                              0              

OP_WAIT_0                                      5367256                       10731326              

OP_WAIT_1                                      1779412                        3553590              

OP_WAIT_2                                       998293                        1998299              

OP_WAIT_3                                       768920                        1534562              

OP_WAIT_4                                       544410                        1085074              

OP_WAIT_5                                       331790                         664285              

OP_WAIT_6                                        86992                         175886              

OP_WAIT_7                                        52351                         107116              

OP_WAIT_8                                        16597                          34139              

OP_WAIT_9                                        11621                          23575              

OP_WAIT_10                                        8407                          17668              

OP_WAIT_11                                        4401                           9615              

OP_WAIT_12                                         953                           2588              

OP_WAIT_13                                         257                           1730              

OP_WAIT_14                                           3                            238              

OP_WAIT_15                                           2                            328              

OP_WAIT_16                                          16                            184              

OP_WAIT_17                                           0                             17              

OP_WAIT_18                                           3                            404              

OP_WAIT_19                                           7                             67              

OP_WAIT_20                                           5                             21              

OP_WAIT_21                                          26                             64              

OP_WAIT_22                                           9                             40              

OP_WAIT_23                                          13                             60              

OP_WAIT_24                                           6                             47              

OP_WAIT_25                                           3                             25              

OP_WAIT_26                                           0                             20              

OP_WAIT_27                                           0                             22              

OP_WAIT_28                                           0                             15              

OP_WAIT_29                                           0                             21              

OP_WAIT_30                                           0                             20              

OP_WAIT_31                                       49451                         101528              

ROW_SIZE_0                                      383010                         829533              

ROW_SIZE_1                                      116789                         234755              

ROW_SIZE_2                                       98245                         196316              

ROW_SIZE_3                                         703                           1389              

ROW_SIZE_4                                      115212                         229858              

ROW_SIZE_5                                       93882                         187870              

ROW_SIZE_6                                     1462593                        2925373              

ROW_SIZE_7                                           0                              0              

ROW_SIZE_8                                           0                              0              

ROW_SIZE_9                                           0                              0              

ROW_SIZE_10                                          0                              0              

ROW_SIZE_11                                          0                              0              

ROW_SIZE_12                                          0                              0              

ROW_SIZE_13                                          0                              0              

ROW_SIZE_14                                          0                              0              

ROW_SIZE_15                                          0                              0              

ROW_SIZE_16                                          0                              0              

ROW_SIZE_17                                          0                              0              

ROW_SIZE_18                                          0                              0              

ROW_SIZE_19                                          0                              0              

ROW_SIZE_20                                          0                              0              

ROW_SIZE_21                                          0                              0              

ROW_SIZE_22                                          0                              0              

ROW_SIZE_23                                          0                              0              

ROW_SIZE_24                                          0                              0              

ROW_SIZE_25                                          0                              0              

ROW_SIZE_26                                          0                              0              

ROW_SIZE_27                                          0                              0              

ROW_SIZE_28                                          0                              0              

ROW_SIZE_29                                          0                              0              

ROW_SIZE_30                                          0                              0              

ROW_SIZE_31                                          0                              0              

RET_OP_EXEC_COUNT_0                                  0        0.000%                0        0.000%
RET_OP_EXEC_COUNT_1                           10021204      100.000%         20042574      100.000%
RET_OP_EXEC_COUNT_2                                  0        0.000%                0        0.000%
RET_OP_EXEC_COUNT_3                                  0        0.000%                0        0.000%
RET_OP_EXEC_COUNT_4                                  0        0.000%                0        0.000%
RET_OP_EXEC_COUNT_5                                  0        0.000%                0        0.000%
RET_OP_EXEC_COUNT_6                                  0        0.000%                0        0.000%
RET_OP_EXEC_COUNT_7                                  0        0.000%                0        0.000%
RET_OP_EXEC_COUNT_8                                  0        0.000%                0        0.000%
RET_OP_EXEC_COUNT_9                                  0        0.000%                0        0.000%
RET_OP_EXEC_COUNT_10                                 0        0.000%                0        0.000%
RET_OP_EXEC_COUNT_11                                 0        0.000%                0        0.000%
RET_OP_EXEC_COUNT_12                                 0        0.000%                0        0.000%
RET_OP_EXEC_COUNT_13                                 0        0.000%                0        0.000%
RET_OP_EXEC_COUNT_14                                 0        0.000%                0        0.000%
RET_OP_EXEC_COUNT_15                                 0        0.000%                0        0.000%
RET_OP_EXEC_COUNT_16                                 0        0.000%                0        0.000%
RET_OP_EXEC_COUNT_17                                 0        0.000%                0        0.000%
RET_OP_EXEC_COUNT_18                                 0        0.000%                0        0.000%
RET_OP_EXEC_COUNT_19                                 0        0.000%                0        0.000%
RET_OP_EXEC_COUNT_20                                 0        0.000%                0        0.000%
RET_OP_EXEC_COUNT_21                                 0        0.000%                0        0.000%
RET_OP_EXEC_COUNT_22                                 0        0.000%                0        0.000%
RET_OP_EXEC_COUNT_23                                 0        0.000%                0        0.000%
RET_OP_EXEC_COUNT_24                                 0        0.000%                0        0.000%
RET_OP_EXEC_COUNT_25                                 0        0.000%                0        0.000%
RET_OP_EXEC_COUNT_26                                 0        0.000%                0        0.000%
RET_OP_EXEC_COUNT_27                                 0        0.000%                0        0.000%
RET_OP_EXEC_COUNT_28                                 0        0.000%                0        0.000%
RET_OP_EXEC_COUNT_29                                 0        0.000%                0        0.000%
RET_OP_EXEC_COUNT_30                                 0        0.000%                0        0.000%
RET_OP_EXEC_COUNT_31                                 0        0.000%                0        0.000%
RET_OP_EXEC_COUNT_32                                 0        0.000%                0        0.000%
                                              10021204      100.000%         20042574      100.000%
                                                  1.00         0.00              1.00         0.00

RET_STALL_LENGTH_0                            10020398       99.992%         20040836       99.991%
RET_STALL_LENGTH_100                               754        0.008%             1629        0.008%
RET_STALL_LENGTH_200                                 0        0.000%                2        0.000%
RET_STALL_LENGTH_300                                 0        0.000%                0        0.000%
RET_STALL_LENGTH_400                                 3        0.000%                4        0.000%
RET_STALL_LENGTH_500                                 6        0.000%               13        0.000%
RET_STALL_LENGTH_600                                 4        0.000%                8        0.000%
RET_STALL_LENGTH_700                                 1        0.000%                3        0.000%
RET_STALL_LENGTH_800                                11        0.000%               32        0.000%
RET_STALL_LENGTH_900                                20        0.000%               31        0.000%
RET_STALL_LENGTH_1000                                7        0.000%               11        0.000%
RET_STALL_LENGTH_1100                                0        0.000%                0        0.000%
RET_STALL_LENGTH_1200                                0        0.000%                5        0.000%
RET_STALL_LENGTH_1300                                0        0.000%                0        0.000%
RET_STALL_LENGTH_1400                                0        0.000%                0        0.000%
RET_STALL_LENGTH_1500                                0        0.000%                0        0.000%
RET_STALL_LENGTH_1600                                0        0.000%                0        0.000%
RET_STALL_LENGTH_1700                                0        0.000%                0        0.000%
RET_STALL_LENGTH_1800                                0        0.000%                0        0.000%
RET_STALL_LENGTH_1900                                0        0.000%                0        0.000%
RET_STALL_LENGTH_2000                                0        0.000%                0        0.000%
RET_STALL_LENGTH_2100                                0        0.000%                0        0.000%
RET_STALL_LENGTH_2200                                0        0.000%                0        0.000%
RET_STALL_LENGTH_2300                                0        0.000%                0        0.000%
RET_STALL_LENGTH_2400                                0        0.000%                0        0.000%
RET_STALL_LENGTH_2500                                0        0.000%                0        0.000%
RET_STALL_LENGTH_2600                                0        0.000%                0        0.000%
RET_STALL_LENGTH_2700                                0        0.000%                0        0.000%
RET_STALL_LENGTH_2800                                0        0.000%                0        0.000%
RET_STALL_LENGTH_2900                                0        0.000%                0        0.000%
RET_STALL_LENGTH_3000                                0        0.000%                0        0.000%
RET_STALL_LENGTH_3100                                0        0.000%                0        0.000%
RET_STALL_LENGTH_3200                                0        0.000%                0        0.000%
RET_STALL_LENGTH_3300                                0        0.000%                0        0.000%
RET_STALL_LENGTH_3400                                0        0.000%                0        0.000%
RET_STALL_LENGTH_3500                                0        0.000%                0        0.000%
RET_STALL_LENGTH_3600                                0        0.000%                0        0.000%
RET_STALL_LENGTH_3700                                0        0.000%                0        0.000%
RET_STALL_LENGTH_3800                                0        0.000%                0        0.000%
RET_STALL_LENGTH_3900                                0        0.000%                0        0.000%
RET_STALL_LENGTH_4000                                0        0.000%                0        0.000%
RET_STALL_LENGTH_4100                                0        0.000%                0        0.000%
RET_STALL_LENGTH_4200                                0        0.000%                0        0.000%
RET_STALL_LENGTH_4300                                0        0.000%                0        0.000%
RET_STALL_LENGTH_4400                                0        0.000%                0        0.000%
RET_STALL_LENGTH_4500                                0        0.000%                0        0.000%
RET_STALL_LENGTH_4600                                0        0.000%                0        0.000%
RET_STALL_LENGTH_4700                                0        0.000%                0        0.000%
RET_STALL_LENGTH_4800                                0        0.000%                0        0.000%
RET_STALL_LENGTH_4900                                0        0.000%                0        0.000%
RET_STALL_LENGTH_5000                                0        0.000%                0        0.000%
                                              10021204      100.000%         20042574      100.000%
                                                  0.00         0.02              0.00         0.02

MEM_BLOCK_LENGTH_0                                   0         -nan%                0         -nan%
MEM_BLOCK_LENGTH_100                                 0         -nan%                0         -nan%
MEM_BLOCK_LENGTH_200                                 0         -nan%                0         -nan%
MEM_BLOCK_LENGTH_300                                 0         -nan%                0         -nan%
MEM_BLOCK_LENGTH_400                                 0         -nan%                0         -nan%
MEM_BLOCK_LENGTH_500                                 0         -nan%                0         -nan%
MEM_BLOCK_LENGTH_600                                 0         -nan%                0         -nan%
MEM_BLOCK_LENGTH_700                                 0         -nan%                0         -nan%
MEM_BLOCK_LENGTH_800                                 0         -nan%                0         -nan%
MEM_BLOCK_LENGTH_900                                 0         -nan%                0         -nan%
MEM_BLOCK_LENGTH_1000                                0         -nan%                0         -nan%
MEM_BLOCK_LENGTH_1100                                0         -nan%                0         -nan%
MEM_BLOCK_LENGTH_1200                                0         -nan%                0         -nan%
MEM_BLOCK_LENGTH_1300                                0         -nan%                0         -nan%
MEM_BLOCK_LENGTH_1400                                0         -nan%                0         -nan%
MEM_BLOCK_LENGTH_1500                                0         -nan%                0         -nan%
MEM_BLOCK_LENGTH_1600                                0         -nan%                0         -nan%
MEM_BLOCK_LENGTH_1700                                0         -nan%                0         -nan%
MEM_BLOCK_LENGTH_1800                                0         -nan%                0         -nan%
MEM_BLOCK_LENGTH_1900                                0         -nan%                0         -nan%
MEM_BLOCK_LENGTH_2000                                0         -nan%                0         -nan%
MEM_BLOCK_LENGTH_2100                                0         -nan%                0         -nan%
MEM_BLOCK_LENGTH_2200                                0         -nan%                0         -nan%
MEM_BLOCK_LENGTH_2300                                0         -nan%                0         -nan%
MEM_BLOCK_LENGTH_2400                                0         -nan%                0         -nan%
MEM_BLOCK_LENGTH_2500                                0         -nan%                0         -nan%
MEM_BLOCK_LENGTH_2600                                0         -nan%                0         -nan%
MEM_BLOCK_LENGTH_2700                                0         -nan%                0         -nan%
MEM_BLOCK_LENGTH_2800                                0         -nan%                0         -nan%
MEM_BLOCK_LENGTH_2900                                0         -nan%                0         -nan%
MEM_BLOCK_LENGTH_3000                                0         -nan%                0         -nan%
MEM_BLOCK_LENGTH_3100                                0         -nan%                0         -nan%
MEM_BLOCK_LENGTH_3200                                0         -nan%                0         -nan%
MEM_BLOCK_LENGTH_3300                                0         -nan%                0         -nan%
MEM_BLOCK_LENGTH_3400                                0         -nan%                0         -nan%
MEM_BLOCK_LENGTH_3500                                0         -nan%                0         -nan%
MEM_BLOCK_LENGTH_3600                                0         -nan%                0         -nan%
MEM_BLOCK_LENGTH_3700                                0         -nan%                0         -nan%
MEM_BLOCK_LENGTH_3800                                0         -nan%                0         -nan%
MEM_BLOCK_LENGTH_3900                                0         -nan%                0         -nan%
MEM_BLOCK_LENGTH_4000                                0         -nan%                0         -nan%
MEM_BLOCK_LENGTH_4100                                0         -nan%                0         -nan%
MEM_BLOCK_LENGTH_4200                                0         -nan%                0         -nan%
MEM_BLOCK_LENGTH_4300                                0         -nan%                0         -nan%
MEM_BLOCK_LENGTH_4400                                0         -nan%                0         -nan%
MEM_BLOCK_LENGTH_4500                                0         -nan%                0         -nan%
MEM_BLOCK_LENGTH_4600                                0         -nan%                0         -nan%
MEM_BLOCK_LENGTH_4700                                0         -nan%                0         -nan%
MEM_BLOCK_LENGTH_4800                                0         -nan%                0         -nan%
MEM_BLOCK_LENGTH_4900                                0         -nan%                0         -nan%
MEM_BLOCK_LENGTH_5000                                0         -nan%                0         -nan%
                                                     0         -nan%                0         -nan%
                                                  -nan         -nan              -nan         -nan

FUS_BUSY_ON_PATH                              10055670        4.4286         20112055        4.3663

FUS_BUSY_OFF_PATH                                 1386        0.0006             3115        0.0007

FU_BUSY_MEM_STALL                                34561        0.0152            69541        0.0151

FUS_EMPTY                                      8107768        3.5708         16734158        3.6330

FU_UNAVAILABLE                                       6        0.0000               10        0.0000

FU_MEM_UNAVAILABLE                               22050        0.0097            44390        0.0096

FU_OTHER_UNAVAILABLE                                 0        0.0000                0        0.0000

FU_REPLAY                                            0        0.0000                0        0.0000

FU_STARVED                                     8107667        3.5707         16733947        3.6329

CHIP_UTILIZATION                                     0        0.0000                0        0.0000

CYCLES_UNDER_MEM_REQ                                 0                              0              

CYCLES_UNDER_NO_MEM_REQ                              0                              0              

CYCLES_UNDER_CRITICAL_MEM_REQ                        0                              0              

CYCLES_UNDER_NONCRITICAL_MEM_REQ                     0                              0              

CHIP_UTILIZATION_UNDER_MEM_REQ                       0          -nan                0          -nan

CHIP_UTILIZATION_UNDER_NO_MEM_REQ                    0          -nan                0          -nan

CHIP_UTILIZATION_UNDER_CRITICAL_MEM_REQ              0          -nan                0          -nan

CHIP_UTILIZATION_UNDER_NONCRITICAL_MEM_REQ             0          -nan                0          -nan

CYCLES_NOT_WAITING_FOR_OFF_CHIP                      0        0.0000                0        0.0000

FUS_BUSY_NOT_WAITING_FOR_OFF_CHIP                    0          -nan                0          -nan

CYCLES_WAITING_FOR_OFF_CHIP                          0        0.0000                0        0.0000

FUS_BUSY_WAITING_FOR_OFF_CHIP                        0          -nan                0          -nan

TOTAL_OFF_CHIP_DELAYS_LEFT                           0                              0              

WRONG_IO_SCHED                                       0                              0              

DVFS_CONFIG_SWITCH                                   0                              0              

MAP_STAGE_RECEIVED_OPS_0                             0        0.000%                0        0.000%
MAP_STAGE_RECEIVED_OPS_1                             5        0.000%                9        0.000%
MAP_STAGE_RECEIVED_OPS_2                            11        0.001%               29        0.001%
MAP_STAGE_RECEIVED_OPS_3                             5        0.000%               19        0.001%
MAP_STAGE_RECEIVED_OPS_4                            23        0.001%               47        0.001%
MAP_STAGE_RECEIVED_OPS_5                            26        0.002%               95        0.003%
MAP_STAGE_RECEIVED_OPS_6                       1670086       99.996%          3340272       99.994%
MAP_STAGE_RECEIVED_OPS_7                             0        0.000%                0        0.000%
MAP_STAGE_RECEIVED_OPS_8                             0        0.000%                0        0.000%
MAP_STAGE_RECEIVED_OPS_MAX                           0        0.000%                0        0.000%
                                               1670156      100.000%          3340471      100.000%
                                                  6.00         0.02              6.00         0.02

MAP_STAGE_WAIT_FOR_DECODE                            0         -nan%                0         -nan%
MAP_STAGE_CONSUME_DECODE                             0         -nan%                0         -nan%
                                                     0         -nan%                0         -nan%
                                                  -nan         -nan              -nan         -nan

MAP_STAGE_WAIT_FOR_DECODE2                           0         -nan%                0         -nan%
MAP_STAGE_CONSUME_DECODE2                            0         -nan%                0         -nan%
                                                     0         -nan%                0         -nan%
                                                  -nan         -nan              -nan         -nan

FTQ_RECOVER_EXEC                                    23                             62              

FTQ_RECOVER_DECODE                                   0                              0              

FTQ_OFFPATH_CYCLES                               30261                          67402              

FTQ_CYCLES_OFFPATH                               30261                          67402              

FTQ_CYCLES_ONPATH                              2240342                        4538764              

FTQ_FETCHED_INS_ONPATH                        10020270                       20042574              

FTQ_FETCHED_INS_OFFPATH                         102257                         215733              

FTQ_BREAK_FULL_FT_ONPATH                       2236790                        4531620              

FTQ_BREAK_FULL_FT_OFFPATH                        29979                          66473              

FTQ_BREAK_PRED_BR_ONPATH                             0                              0              

FTQ_BREAK_PRED_BR_OFFPATH                            0                              0              

FTQ_BREAK_BAR_FETCH_ONPATH                           0                              0              

FTQ_BREAK_BAR_FETCH_OFFPATH                          0                              0              

FTQ_BREAK_MAX_CFS_TAKEN_ONPATH                       0                              0              

FTQ_BREAK_MAX_CFS_TAKEN_OFFPATH                      0                              0              

FTQ_BREAK_MAX_FT_ONPATH                           3351                           6943              

FTQ_BREAK_MAX_FT_OFFPATH                           282                            929              

DFE_GEN_ON_PATH_FT                              840037                        1680198              

DFE_GEN_OFF_PATH_FT                               7201                          15033              

DFE_L0_ENABLED_PREDICTIONS                    10020270                       20042574              

DFE_L0_WRONG_MAIN_CORRECT                         6676                          13326              

DFE_L0_WRONG_MAIN_WRONG                             18                             50              

DFE_L0_CORRECT_MAIN_WRONG                            5                             10              

DFE_L0_CORRECT_MAIN_CORRECT                   10013571                       20029188              

DFE_L0_WRONG_MAIN_CORRECT_RECOVERY_SCHEDULED             0                              0              

FTQ_SAW_BAR_FETCH_OFFPATH                            0                              0              

FTQ_SAW_BAR_FETCH_ONPATH                             0                              0              

DFE_CONF_0_MISPRED                                   0         -nan%                0         -nan%
DFE_CONF_1_MISPRED                                   0         -nan%                0         -nan%
DFE_CONF_2_MISPRED                                   0         -nan%                0         -nan%
DFE_CONF_3_MISPRED                                   0         -nan%                0         -nan%
DFE_CONF_0_CORRECT                                   0         -nan%                0         -nan%
DFE_CONF_1_CORRECT                                   0         -nan%                0         -nan%
DFE_CONF_2_CORRECT                                   0         -nan%                0         -nan%
DFE_CONF_3_CORRECT                                   0         -nan%                0         -nan%
                                                     0         -nan%                0         -nan%
                                                  -nan         -nan              -nan         -nan

DFE_ON_CONF_ON_OPS                                   0         -nan%                0         -nan%
DFE_ON_CONF_OFF_OPS                                  0         -nan%                0         -nan%
DFE_OFF_CONF_ON_OPS                                  0         -nan%                0         -nan%
DFE_OFF_CONF_OFF_REALISTIC_OPS                       0         -nan%                0         -nan%
DFE_OFF_CONF_OFF_PERFECT_OPS                         0         -nan%                0         -nan%
                                                     0         -nan%                0         -nan%
                                                  -nan         -nan              -nan         -nan

DFE_ON_CONF_ON_FETCH_TARGETS                         0         -nan%                0         -nan%
DFE_ON_CONF_OFF_FETCH_TARGETS                        0         -nan%                0         -nan%
DFE_OFF_CONF_ON_FETCH_TARGETS                        0         -nan%                0         -nan%
DFE_OFF_CONF_OFF_REALISTIC_FETCH_TARGETS             0         -nan%                0         -nan%
DFE_OFF_CONF_OFF_PERFECT_FETCH_TARGETS               0         -nan%                0         -nan%
                                                     0         -nan%                0         -nan%
                                                  -nan         -nan              -nan         -nan

DFE_ON_CONF_ON_CYCLES                                0         -nan%                0         -nan%
DFE_ON_CONF_OFF_CYCLES                               0         -nan%                0         -nan%
DFE_OFF_CONF_ON_CYCLES                               0         -nan%                0         -nan%
DFE_OFF_CONF_OFF_REALISTIC_CYCLES                    0         -nan%                0         -nan%
DFE_OFF_CONF_OFF_PERFECT_CYCLES                      0         -nan%                0         -nan%
                                                     0         -nan%                0         -nan%
                                                  -nan         -nan              -nan         -nan

DFE_OFF_CONF_ON_NUM_EVENTS                           0                              0              

DFE_OFF_CONF_ON_NOT_IDENTIFIED_EVENTS                0         -nan%                0         -nan%
DFE_OFF_CONF_ON_IBTB_MISS_EVENTS                     0         -nan%                0         -nan%
DFE_OFF_CONF_ON_BTB_MISS_EVENTS                      0         -nan%                0         -nan%
DFE_OFF_CONF_ON_BTB_MISS_MISPRED_EVENTS              0         -nan%                0         -nan%
DFE_OFF_CONF_ON_MISPRED_EVENTS                       0         -nan%                0         -nan%
DFE_OFF_CONF_ON_MISFETCH_EVENTS                      0         -nan%                0         -nan%
                                                     0         -nan%                0         -nan%
                                                  -nan         -nan              -nan         -nan

DFE_OFF_CONF_ON_NOT_IDENTIFIED_CYCLES                0         -nan%                0         -nan%
DFE_OFF_CONF_ON_IBTB_MISS_CYCLES                     0         -nan%                0         -nan%
DFE_OFF_CONF_ON_BTB_MISS_CYCLES                      0         -nan%                0         -nan%
DFE_OFF_CONF_ON_BTB_MISS_MISPRED_CYCLES              0         -nan%                0         -nan%
DFE_OFF_CONF_ON_MISPRED_CYCLES                       0         -nan%                0         -nan%
DFE_OFF_CONF_ON_MISFETCH_CYCLES                      0         -nan%                0         -nan%
                                                     0         -nan%                0         -nan%
                                                  -nan         -nan              -nan         -nan

DFE_OFF_CONF_ON_NOT_IDENTIFIED_FETCH_TARGETS             0         -nan%                0         -nan%
DFE_OFF_CONF_ON_IBTB_MISS_FETCH_TARGETS              0         -nan%                0         -nan%
DFE_OFF_CONF_ON_BTB_MISS_FETCH_TARGETS               0         -nan%                0         -nan%
DFE_OFF_CONF_ON_BTB_MISS_MISPRED_FETCH_TARGETS             0         -nan%                0         -nan%
DFE_OFF_CONF_ON_MISPRED_FETCH_TARGETS                0         -nan%                0         -nan%
DFE_OFF_CONF_ON_MISFETCH_FETCH_TARGETS               0         -nan%                0         -nan%
                                                     0         -nan%                0         -nan%
                                                  -nan         -nan              -nan         -nan

DFE_OFF_CONF_ON_BP_INCORRECT_0_CONF                  0         -nan%                0         -nan%
DFE_OFF_CONF_ON_BP_INCORRECT_1_CONF                  0         -nan%                0         -nan%
DFE_OFF_CONF_ON_BP_INCORRECT_2_CONF                  0         -nan%                0         -nan%
DFE_OFF_CONF_ON_BP_INCORRECT_3_CONF                  0         -nan%                0         -nan%
                                                     0         -nan%                0         -nan%
                                                  -nan         -nan              -nan         -nan

DFE_OFF_CONF_ON_BTB_MISS_CBR_0_CONF                  0         -nan%                0         -nan%
DFE_OFF_CONF_ON_BTB_MISS_CBR_1_CONF                  0         -nan%                0         -nan%
DFE_OFF_CONF_ON_BTB_MISS_CBR_2_CONF                  0         -nan%                0         -nan%
DFE_OFF_CONF_ON_BTB_MISS_CBR_3_CONF                  0         -nan%                0         -nan%
                                                     0         -nan%                0         -nan%
                                                  -nan         -nan              -nan         -nan

DFE_OFF_CONF_ON_BTB_MISS_NOT_CF                      0         -nan%                0         -nan%
DFE_OFF_CONF_ON_BTB_MISS_CF_BR                       0         -nan%                0         -nan%
DFE_OFF_CONF_ON_BTB_MISS_CF_CBR                      0         -nan%                0         -nan%
DFE_OFF_CONF_ON_BTB_MISS_CF_CALL                     0         -nan%                0         -nan%
DFE_OFF_CONF_ON_BTB_MISS_CF_IBR                      0         -nan%                0         -nan%
DFE_OFF_CONF_ON_BTB_MISS_CF_ICALL                    0         -nan%                0         -nan%
DFE_OFF_CONF_ON_BTB_MISS_CF_ICO                      0         -nan%                0         -nan%
DFE_OFF_CONF_ON_BTB_MISS_CF_RET                      0         -nan%                0         -nan%
DFE_OFF_CONF_ON_BTB_MISS_CF_SYS                      0         -nan%                0         -nan%
                                                     0         -nan%                0         -nan%
                                                  -nan         -nan              -nan         -nan

DFE_ON_CONF_OFF_NUM_EVENTS                           0                              0              

CONF_BTB_NUM_CYCLES_OFF_PATH_EVENT                   0                              0              

DFE_ON_CONF_OFF_IBTB_MISS_BP_TAKEN                   0         -nan%                0         -nan%
DFE_ON_CONF_OFF_BTB_MISS_BP_TAKEN_CONF_0             0         -nan%                0         -nan%
DFE_ON_CONF_OFF_BTB_MISS_BP_TAKEN_CONF_1             0         -nan%                0         -nan%
DFE_ON_CONF_OFF_BTB_MISS_BP_TAKEN_CONF_2             0         -nan%                0         -nan%
DFE_ON_CONF_OFF_BTB_MISS_BP_TAKEN_CONF_3             0         -nan%                0         -nan%
DFE_ON_CONF_OFF_BTB_MISS_RATE                        0         -nan%                0         -nan%
DFE_ON_CONF_OFF_IBTB_MISS_RATE                       0         -nan%                0         -nan%
DFE_ON_CONF_OFF_MISFETCH_RATE                        0         -nan%                0         -nan%
DFE_ON_CONF_OFF_MISPRED_RATE                         0         -nan%                0         -nan%
DFE_ON_CONF_OFF_INV_CONF_INC                         0         -nan%                0         -nan%
DFE_ON_CONF_OFF_PERFECT_CONF                         0         -nan%                0         -nan%
                                                     0         -nan%                0         -nan%
                                                  -nan         -nan              -nan         -nan

DFE_ON_CONF_OFF_IBTB_MISS_BP_TAKEN_CYCLES             0         -nan%                0         -nan%
DFE_ON_CONF_OFF_BTB_MISS_BP_TAKEN_CONF_0_CYCLES             0         -nan%                0         -nan%
DFE_ON_CONF_OFF_BTB_MISS_BP_TAKEN_CONF_1_CYCLES             0         -nan%                0         -nan%
DFE_ON_CONF_OFF_BTB_MISS_BP_TAKEN_CONF_2_CYCLES             0         -nan%                0         -nan%
DFE_ON_CONF_OFF_BTB_MISS_BP_TAKEN_CONF_3_CYCLES             0         -nan%                0         -nan%
DFE_ON_CONF_OFF_BTB_MISS_RATE_CYCLES                 0         -nan%                0         -nan%
DFE_ON_CONF_OFF_IBTB_MISS_RATE_CYCLES                0         -nan%                0         -nan%
DFE_ON_CONF_OFF_MISFETCH_RATE_CYCLES                 0         -nan%                0         -nan%
DFE_ON_CONF_OFF_MISPRED_RATE_CYCLES                  0         -nan%                0         -nan%
DFE_ON_CONF_OFF_INV_CONF_INC_CYCLES                  0         -nan%                0         -nan%
DFE_ON_CONF_OFF_PERFECT_CONF_CYCLES                  0         -nan%                0         -nan%
                                                     0         -nan%                0         -nan%
                                                  -nan         -nan              -nan         -nan

DFE_ON_CONF_OFF_IBTB_MISS_BP_TAKEN_FETCH_TARGETS             0         -nan%                0         -nan%
DFE_ON_CONF_OFF_BTB_MISS_BP_TAKEN_CONF_0_FETCH_TARGETS             0         -nan%                0         -nan%
DFE_ON_CONF_OFF_BTB_MISS_BP_TAKEN_CONF_1_FETCH_TARGETS             0         -nan%                0         -nan%
DFE_ON_CONF_OFF_BTB_MISS_BP_TAKEN_CONF_2_FETCH_TARGETS             0         -nan%                0         -nan%
DFE_ON_CONF_OFF_BTB_MISS_BP_TAKEN_CONF_3_FETCH_TARGETS             0         -nan%                0         -nan%
DFE_ON_CONF_OFF_BTB_MISS_RATE_FETCH_TARGETS             0         -nan%                0         -nan%
DFE_ON_CONF_OFF_IBTB_MISS_RATE_FETCH_TARGETS             0         -nan%                0         -nan%
DFE_ON_CONF_OFF_MISFETCH_RATE_FETCH_TARGETS             0         -nan%                0         -nan%
DFE_ON_CONF_OFF_MISPRED_RATE_FETCH_TARGETS             0         -nan%                0         -nan%
DFE_ON_CONF_OFF_INV_CONF_INC_FETCH_TARGETS             0         -nan%                0         -nan%
DFE_ON_CONF_OFF_PERFECT_CONF_FETCH_TARGETS             0         -nan%                0         -nan%
                                                     0         -nan%                0         -nan%
                                                  -nan         -nan              -nan         -nan

CONF_OFF_IBTB_MISS_BP_TAKEN                          0         -nan%                0         -nan%
CONF_OFF_BTB_MISS_BP_TAKEN_CONF_0                    0         -nan%                0         -nan%
CONF_OFF_BTB_MISS_BP_TAKEN_CONF_1                    0         -nan%                0         -nan%
CONF_OFF_BTB_MISS_BP_TAKEN_CONF_2                    0         -nan%                0         -nan%
CONF_OFF_BTB_MISS_BP_TAKEN_CONF_3                    0         -nan%                0         -nan%
CONF_OFF_BTB_MISS_RATE                               0         -nan%                0         -nan%
CONF_OFF_IBTB_MISS_RATE                              0         -nan%                0         -nan%
CONF_OFF_MISFETCH_RATE                               0         -nan%                0         -nan%
CONF_OFF_MISPRED_RATE                                0         -nan%                0         -nan%
CONF_OFF_INV_CONF_INC                                0         -nan%                0         -nan%
CONF_OFF_PERFECT_CONF                                0         -nan%                0         -nan%
                                                     0         -nan%                0         -nan%
                                                  -nan         -nan              -nan         -nan

TOPDOWN_TOTAL_SLOTS                           13623618                       27636996              

TOPDOWN_ISSUED_SLOTS                          10027379                       20057261              

TOPDOWN_RETIRED_SLOTS                         10020840                       20042574              

TOPDOWN_FETCH_BUBBLES_SLOTS                       1069                          12173              

TOPDOWN_RECOVERY_BUBBLES_SLOTS                     372                            885              

TOPDOWN_MEM_LOAD_STALLS_CYCLES                  596503                        1255831              

TOPDOWN_MEM_STORE_STALLS_CYCLES                      0                              0              

TOPDOWN_EXEC_STALLS_CYCLES                       97870                         255358              

TOPDOWN_BACKEND_STALLS_CYCLES                   596503                        1255831              

TOPDOWN_FETCH_BUBBLES_GT_MIW_CYCLES                151                           1914              

TOPDOWN_BR_MISPRED_RETIRED_CYCLES                   23                             62              

TOPDOWN_MACHINE_CLEAR_CYCLES                      6699                          13388              

TOPDOWN_FRONTEND_BOUND                               0                              0              

TOPDOWN_BACKEND_BOUND                             2640                           2640              

TOPDOWN_BAD_SPEC_BOUND                               5                              5              

TOPDOWN_RETIRING_BOUND                            7355                           7355              

TOPDOWN_FETCH_LATENCY_BOUND                          0                              0              

TOPDOWN_FETCH_BANDWIDTH_BOUND                        0                              0              

TOPDOWN_MEM_BOUND                                 2640                           2640              

TOPDOWN_CORE_BOUND                                   0                              0              

TOPDOWN_BR_MISPREDICTS_BOUND                         0                              0              

TOPDOWN_MACHINE_CLEARS_BOUND                         5                              5              



