/* -*- Mode: c -*- */
####################################################################################################
Core 0
####################################################################################################
Cumulative:        Cycles: 6842012               Instructions: 19999999              IPC: 2.92312

Periodic:          Cycles: 3241367               Instructions: 9999999               IPC: 3.08512

EXECUTION_TIME                           1012927187500                  2138128750000              

SIM_HOST_WALL_SECONDS                        79.209449                      79.209449              

NODE_CYCLE                                     3241367                        6842012              

NODE_INST_COUNT                                9999999                       19999999              

NODE_INST_COUNT_FETCHED                        9999999                       19999999              

NODE_UOP_COUNT                                12931171                       25864364              

EXEC_STAGE_NO_ISSUE_STALL_CYCLE                2991382                        6155881              

EXEC_STAGE_NO_ISSUE_STALL_CYCLE_ONPATH         2728038                        5458278              

FULL_WINDOW_STALL                               144934        4.471%           309149        4.518%

FULL_WINDOW_MEM_OP                               30061       29.410%            97861       42.479%
FULL_WINDOW_FP_OP                                70360       68.837%           129422       56.179%
FULL_WINDOW_OTHER_OP                              1791        1.752%             3092        1.342%
                                                102212      100.000%           230375      100.000%
                                                  0.72         0.30              0.59         0.36

RET_BLOCKED_DC_MISS                              57312        1.768%           236561        3.457%

RET_BLOCKED_L1_MISS                              15805        0.488%           114081        1.667%

RET_BLOCKED_L1_MISS_BW_PREF                          0        0.000%                0        0.000%

RET_BLOCKED_L1_ACCESS                            41507        1.281%           122668        1.793%

RET_BLOCKED_MEM_STALL                            15805        0.488%           114086        1.667%

RET_BLOCKED_OFFCHIP_DEMAND                           0        0.000%                0        0.000%

OP_ISSUED                                     13649528                       27850348              

OP_RETIRED                                    12931171                       25864364              

OP_MACRO_FUSION_ONPATH                          752154                        1513504              

OP_MACRO_FUSION_OFFPATH                          94826                         253968              

REPLAY_SIGNALED                                      0                              0              

REPLAY_COUNTED                                       0                              0              

OFF_CRITICAL_PATH                                    0         -nan%                0         -nan%
ON_CRITICAL_PATH                                     0         -nan%                0         -nan%
                                                     0         -nan%                0         -nan%
                                                  -nan         -nan              -nan         -nan

LD_NO_DEPENDENTS                                116057        3.247%           233401        3.265%
LD_DEPENDENTS                                  3458647       96.753%          6915788       96.735%
                                               3574704      100.000%          7149189      100.000%
                                                  0.97         0.95              0.97         0.95

LD_EXEC_CYCLES_0                                     0        0.000%                0        0.000%
LD_EXEC_CYCLES_1                                     0        0.000%                0        0.000%
LD_EXEC_CYCLES_2                                     0        0.000%                0        0.000%
LD_EXEC_CYCLES_3                                   343       46.164%              671       44.116%
LD_EXEC_CYCLES_4                                   400       53.836%              850       55.884%
                                                   743      100.000%             1521      100.000%
                                                  3.54         2.65              3.56         2.71

ICACHE_STAGE_STARVED                             81340        3.069%           201040        3.784%
ICACHE_STAGE_NOT_STARVED                       2568766       96.931%          5112425       96.216%
                                               2650106      100.000%          5313465      100.000%
                                                  0.97         0.95              0.96         0.94

ICACHE_STAGE_STALLED                             95049        2.932%           169855        2.483%
ICACHE_STAGE_NOT_STALLED                       2555057       78.827%          5143610       75.177%
ICACHE_STAGE_OFF_PATH                           591261       18.241%          1528547       22.341%
                                               3241367      100.000%          6842012      100.000%
                                                  1.15         0.63              1.20         0.70

DECODE_STAGE_STARVED                           2320416       79.957%          4804493       80.450%
DECODE_STAGE_NOT_STARVED                        581662       20.043%          1167524       19.550%
                                               2902078      100.000%          5972017      100.000%
                                                  0.20         0.37              0.20         0.37

DECODE_STAGE_STALLED                             38475        1.187%            70232        1.026%
DECODE_STAGE_NOT_STALLED                       2863603       88.346%          5901785       86.258%
DECODE_STAGE_OFF_PATH                           339289       10.467%           869995       12.715%
                                               3241367      100.000%          6842012      100.000%
                                                  1.09         0.47              1.12         0.52

UOPQ_STAGE_STARVED                              828838       30.816%          1823121       33.139%
UOPQ_STAGE_NOT_STARVED                         1860815       69.184%          3678285       66.861%
                                               2689653      100.000%          5501406      100.000%
                                                  0.69         0.63              0.67         0.61

UOPQ_STAGE_STALLED                               73333        2.262%           127641        1.866%
UOPQ_STAGE_NOT_STALLED                         2689653       82.979%          5501406       80.406%
UOPQ_STAGE_OFF_PATH                             478381       14.759%          1212965       17.728%
                                               3241367      100.000%          6842012      100.000%
                                                  1.12         0.56              1.16         0.62

RS_OP_READY_NOT_ISSUED_TOTAL                   3787549                        7364745              

RS_0_OP_READY_NOT_ISSUED                       1053667                        2063571              

RS_1_OP_READY_NOT_ISSUED                       1419244                        2761076              

RS_2_OP_READY_NOT_ISSUED                       1314638                        2540098              

RS_3_OP_READY_NOT_ISSUED                             0                              0              

RS_4_OP_READY_NOT_ISSUED                             0                              0              

RS_5_OP_READY_NOT_ISSUED                             0                              0              

RS_6_OP_READY_NOT_ISSUED                             0                              0              

RS_7_OP_READY_NOT_ISSUED                             0                              0              

RS_7_PLUS_OP_READY_NOT_ISSUED                        0                              0              

FU_IDLE_NO_READY_OPS_TOTAL                     6932753                       15723899              

FU_0_IDLE_NO_READY_OPS                          191879                         563501              

FU_1_IDLE_NO_READY_OPS                          321730                         851386              

FU_2_IDLE_NO_READY_OPS                          763383                        1744117              

FU_3_IDLE_NO_READY_OPS                          848966                        1942702              

FU_4_IDLE_NO_READY_OPS                          375928                         972208              

FU_5_IDLE_NO_READY_OPS                          382313                         953571              

FU_6_IDLE_NO_READY_OPS                         2034489                        4369226              

FU_7_IDLE_NO_READY_OPS                         2014065                        4327188              

FU_8_IDLE_NO_READY_OPS                               0                              0              

FU_9_IDLE_NO_READY_OPS                               0                              0              

FU_10_IDLE_NO_READY_OPS                              0                              0              

FU_11_IDLE_NO_READY_OPS                              0                              0              

FU_12_IDLE_NO_READY_OPS                              0                              0              

FU_13_IDLE_NO_READY_OPS                              0                              0              

FU_14_IDLE_NO_READY_OPS                              0                              0              

FU_15_IDLE_NO_READY_OPS                              0                              0              

FU_16_IDLE_NO_READY_OPS                              0                              0              

FU_17_IDLE_NO_READY_OPS                              0                              0              

FU_18_IDLE_NO_READY_OPS                              0                              0              

FU_19_IDLE_NO_READY_OPS                              0                              0              

FU_20_IDLE_NO_READY_OPS                              0                              0              

FU_21_IDLE_NO_READY_OPS                              0                              0              

FU_22_IDLE_NO_READY_OPS                              0                              0              

FU_23_IDLE_NO_READY_OPS                              0                              0              

FU_24_IDLE_NO_READY_OPS                              0                              0              

FU_25_IDLE_NO_READY_OPS                              0                              0              

FU_26_IDLE_NO_READY_OPS                              0                              0              

FU_27_IDLE_NO_READY_OPS                              0                              0              

FU_28_IDLE_NO_READY_OPS                              0                              0              

FU_29_IDLE_NO_READY_OPS                              0                              0              

FU_30_IDLE_NO_READY_OPS                              0                              0              

FU_31_IDLE_NO_READY_OPS                              0                              0              

FU_31_PLUS_IDLE_NO_READY_OPS                         0                              0              

MAP_STAGE_STARVED                               181464        6.576%           463803        8.228%
MAP_STAGE_NOT_STARVED                          2578222       93.424%          5173326       91.772%
                                               2759686      100.000%          5637129      100.000%
                                                  0.93         0.91              0.92         0.88

MAP_STAGE_STALLED                               149923        4.783%           288297        4.347%
MAP_STAGE_NOT_STALLED                          2609763       83.257%          5348832       80.655%
MAP_STAGE_OFF_PATH                              374911       11.960%           994608       14.998%
                                               3134597      100.000%          6631737      100.000%
                                                  1.07         0.49              1.11         0.56

MAP_STAGE_STALL_ITSELF                          106770        3.294%           210275        3.073%
MAP_STAGE_NOT_STALL_ITSELF                     3134597       96.706%          6631737       96.927%
                                               3241367      100.000%          6842012      100.000%
                                                  0.97         0.95              0.97         0.95

MAP_STAGE_LATE_ALLOCATE_SEND_BACK                    0                              0              

MAP_STAGE_RENAME_OP_ONPATH                    12930806                       25864364              

MAP_STAGE_RENAME_OP_OFFPATH                    1648428                        4204403              

MAP_STAGE_RENAME_INT_REG_ONPATH                7984940                       15973298              

MAP_STAGE_RENAME_INT_REG_OFFPATH                966877                        2473834              

MAP_STAGE_RENAME_VEC_REG_ONPATH                2233199                        4435377              

MAP_STAGE_RENAME_VEC_REG_OFFPATH                333859                         807045              

MAP_STAGE_RENAME_MOVE_ELIM_ONPATH                    0                              0              

MAP_STAGE_RENAME_MOVE_ELIM_OFFPATH                   0                              0              

MAP_STAGE_ONPATH_INT_REG_NUM_ALLOC             7985141                       15973279              

MAP_STAGE_ONPATH_VEC_REG_NUM_ALLOC             2233289                        4435354              

MAP_STAGE_ONPATH_INT_REG_NUM_SHORTLIVE         2311264                        4650621              

MAP_STAGE_ONPATH_VEC_REG_NUM_SHORTLIVE           98168                         196903              

MAP_STAGE_ONPATH_INT_REG_USE_COUNT_0           1176547                        2353192              

MAP_STAGE_ONPATH_VEC_REG_USE_COUNT_0              9536                          19036              

MAP_STAGE_ONPATH_INT_REG_USE_COUNT_1           4270224                        8531774              

MAP_STAGE_ONPATH_VEC_REG_USE_COUNT_1           1580290                        3141198              

MAP_STAGE_ONPATH_INT_REG_USE_COUNT_2           1657812                        3325229              

MAP_STAGE_ONPATH_VEC_REG_USE_COUNT_2            462364                         923497              

MAP_STAGE_ONPATH_INT_REG_USE_COUNT_3            415021                         833357              

MAP_STAGE_ONPATH_VEC_REG_USE_COUNT_3            104391                         202828              

MAP_STAGE_ONPATH_INT_REG_USE_COUNT_4            112262                         222277              

MAP_STAGE_ONPATH_VEC_REG_USE_COUNT_4             27572                          54424              

MAP_STAGE_ONPATH_INT_REG_USE_COUNT_5            176554                         354929              

MAP_STAGE_ONPATH_VEC_REG_USE_COUNT_5             31486                          61896              

MAP_STAGE_ONPATH_INT_REG_USE_COUNT_6             34303                          69098              

MAP_STAGE_ONPATH_VEC_REG_USE_COUNT_6              6492                          12640              

MAP_STAGE_ONPATH_INT_REG_USE_COUNT_7_PLUS        142418                         283423              

MAP_STAGE_ONPATH_VEC_REG_USE_COUNT_7_PLUS         11158                          19835              

MAP_STAGE_ONPATH_INT_REG_CONSUME_DIST_0              0        0.0000                0        0.0000

MAP_STAGE_ONPATH_VEC_REG_CONSUME_DIST_0              0        0.0000                0        0.0000

MAP_STAGE_ONPATH_INT_REG_CONSUME_DIST_1              0        0.0000                0        0.0000

MAP_STAGE_ONPATH_VEC_REG_CONSUME_DIST_1              0        0.0000                0        0.0000

MAP_STAGE_ONPATH_INT_REG_CONSUME_DIST_2        3856823        2.3265          7833268        2.3557

MAP_STAGE_ONPATH_VEC_REG_CONSUME_DIST_2        6886470       14.8940         14450111       15.6472

MAP_STAGE_ONPATH_INT_REG_CONSUME_DIST_3        2886048        6.9540          6023424        7.2279

MAP_STAGE_ONPATH_VEC_REG_CONSUME_DIST_3        1167452       11.1835          2369274       11.6812

MAP_STAGE_ONPATH_INT_REG_CONSUME_DIST_4        1664604       14.8278          3390147       15.2519

MAP_STAGE_ONPATH_VEC_REG_CONSUME_DIST_4         500304       18.1454          1025434       18.8416

MAP_STAGE_ONPATH_INT_REG_CONSUME_DIST_5        2063404       11.6871          4260214       12.0030

MAP_STAGE_ONPATH_VEC_REG_CONSUME_DIST_5         601586       19.1065          1176280       19.0041

MAP_STAGE_ONPATH_INT_REG_CONSUME_DIST_6        1499260       43.7064          3138722       45.4242

MAP_STAGE_ONPATH_VEC_REG_CONSUME_DIST_6         173049       26.6557           335384       26.5335

MAP_STAGE_ONPATH_INT_REG_CONSUME_DIST_7_PLUS       5213254       36.6053         10789176       38.0674

MAP_STAGE_ONPATH_VEC_REG_CONSUME_DIST_7_PLUS        606420       54.3484          1109637       55.9434

MAP_STAGE_INT_REG_ISSUE_READ_TOTAL_CONSUMED      12440147        4.1587         25376947        4.1224

MAP_STAGE_VEC_REG_ISSUE_READ_TOTAL_CONSUMED       3321569        1.1104          6624383        1.0761

MAP_STAGE_INT_REG_ISSUE_READ_MULTI_CONSUMED       5318031        1.7778         10877291        1.7670

MAP_STAGE_VEC_REG_ISSUE_READ_MULTI_CONSUMED       1047829        0.3503          2067944        0.3359

MAP_STAGE_INT_REG_ISSUE_READ_SAME_CYCLE_CONSUMED       2051720        0.6859          4210047        0.6839

MAP_STAGE_VEC_REG_ISSUE_READ_SAME_CYCLE_CONSUMED        350132        0.1170           697218        0.1133

MAP_STAGE_INT_REG_ISSUE_READ_TOTAL_CONSUMED_ONPATH      11810999        4.3295         23630496        4.3293

MAP_STAGE_VEC_REG_ISSUE_READ_TOTAL_CONSUMED_ONPATH       3242595        1.1886          6407413        1.1739

MAP_STAGE_INT_REG_ISSUE_READ_MULTI_CONSUMED_ONPATH       5002560        1.8338         10010396        1.8340

MAP_STAGE_VEC_REG_ISSUE_READ_MULTI_CONSUMED_ONPATH       1018913        0.3735          1991070        0.3648

MAP_STAGE_INT_REG_ISSUE_READ_SAME_CYCLE_CONSUMED_ONPATH       1938253        0.7105          3895833        0.7137

MAP_STAGE_VEC_REG_ISSUE_READ_SAME_CYCLE_CONSUMED_ONPATH        340664        0.1249           671440        0.1230

MAP_STAGE_ONPATH_INT_REG_LIFECYCLE_EMPTY     138908633                      268733671              

MAP_STAGE_ONPATH_VEC_REG_LIFECYCLE_EMPTY      72454038                      140225060              

MAP_STAGE_ONPATH_INT_REG_LIFECYCLE_IN_USE     244723926                      480253435              

MAP_STAGE_ONPATH_VEC_REG_LIFECYCLE_IN_USE     103392242                      202415866              

MAP_STAGE_ONPATH_INT_REG_LIFECYCLE_SPEC_RELEASE     515874452                     1014513845              

MAP_STAGE_ONPATH_VEC_REG_LIFECYCLE_SPEC_RELEASE     210992294                      421990373              

MAP_STAGE_ONPATH_INT_REG_LIFECYCLE_NONSPEC_RELEASE     515874452                     1014513845              

MAP_STAGE_ONPATH_VEC_REG_LIFECYCLE_NONSPEC_RELEASE     210992294                      421990373              

MAP_STAGE_ONPATH_INT_REG_LIFECYCLE_TOTAL     515874452                     1014513845              

MAP_STAGE_ONPATH_VEC_REG_LIFECYCLE_TOTAL     210992294                      421990373              

MAP_STAGE_ONPATH_INT_REG_NUM_NONBRANCH         7985141                       15973279              

MAP_STAGE_ONPATH_VEC_REG_NUM_NONBRANCH         2233289                        4435354              

MAP_STAGE_ONPATH_INT_REG_NUM_NONEXCEPT         7985141                       15973279              

MAP_STAGE_ONPATH_VEC_REG_NUM_NONEXCEPT         2233289                        4435354              

MAP_STAGE_ONPATH_INT_REG_NUM_ATOMIC            7985141                       15973279              

MAP_STAGE_ONPATH_VEC_REG_NUM_ATOMIC            2233289                        4435354              

MAP_STAGE_ONPATH_INT_REG_ATOMIC_REDEFINED_DIST_TOTAL     515874452       64.6043       1014513845       63.5132

MAP_STAGE_ONPATH_VEC_REG_ATOMIC_REDEFINED_DIST_TOTAL     210992294       94.4760        421990373       95.1424

MAP_STAGE_ONPATH_INT_REG_ATOMIC_CONSUMED_DIST_TOTAL     244723926       30.6474        480253435       30.0661

MAP_STAGE_ONPATH_VEC_REG_ATOMIC_CONSUMED_DIST_TOTAL     103392242       46.2960        202415866       45.6369

MAP_STAGE_ONPATH_INT_REG_ATOMIC_RELEASE_DIST_TOTAL     515874452       64.6043       1014513845       63.5132

MAP_STAGE_ONPATH_VEC_REG_ATOMIC_RELEASE_DIST_TOTAL     210992294       94.4760        421990373       95.1424

EXEC_STAGE_STARVED                             1548551       47.775%          3308334       48.353%
EXEC_STAGE_NOT_STARVED                         1429528       44.103%          2790331       40.782%
EXEC_STAGE_OFF_PATH                             263288        8.123%           743347       10.864%
                                               3241367      100.000%          6842012      100.000%
                                                  0.60         0.51              0.63         0.55

FU_BUSY_0                                      2945644                        6040164              

FU_BUSY_1                                      2411145                        4904158              

FU_BUSY_2                                      2095769                        4292339              

FU_BUSY_3                                      1993041                        4061573              

FU_BUSY_4                                      1802386                        3637225              

FU_BUSY_5                                      1722758                        3494991              

FU_BUSY_6                                       747554                        1528140              

FU_BUSY_7                                       766775                        1568702              

FU_BUSY_8                                            0                              0              

FU_BUSY_9                                            0                              0              

FU_BUSY_10                                           0                              0              

FU_BUSY_11                                           0                              0              

FU_BUSY_12                                           0                              0              

FU_BUSY_13                                           0                              0              

FU_BUSY_14                                           0                              0              

FU_BUSY_15                                           0                              0              

FU_BUSY_16                                           0                              0              

FU_BUSY_17                                           0                              0              

FU_BUSY_18                                           0                              0              

FU_BUSY_19                                           0                              0              

FU_BUSY_20                                           0                              0              

FU_BUSY_21                                           0                              0              

FU_BUSY_22                                           0                              0              

FU_BUSY_23                                           0                              0              

FU_BUSY_24                                           0                              0              

FU_BUSY_25                                           0                              0              

FU_BUSY_26                                           0                              0              

FU_BUSY_27                                           0                              0              

FU_BUSY_28                                           0                              0              

FU_BUSY_29                                           0                              0              

FU_BUSY_30                                           0                              0              

FU_BUSY_31                                           0                              0              

FU_REJECTED_OP_INV_NOT_SIMD                          0        0.000%                0        0.000%
FU_REJECTED_OP_NOP_NOT_SIMD                      11917        1.552%            25355        1.646%
FU_REJECTED_OP_CF_NOT_SIMD                      181278       23.608%           367094       23.828%
FU_REJECTED_OP_MOV_NOT_SIMD                      48565        6.325%            96436        6.260%
FU_REJECTED_OP_CMOV_NOT_SIMD                         7        0.001%               33        0.002%
FU_REJECTED_OP_LDA_NOT_SIMD                       5439        0.708%            11091        0.720%
FU_REJECTED_OP_IMEM_NOT_SIMD                    107541       14.005%           218115       14.158%
FU_REJECTED_OP_IADD_NOT_SIMD                      9841        1.282%            19717        1.280%
FU_REJECTED_OP_IMUL_NOT_SIMD                    129628       16.881%           261178       16.953%
FU_REJECTED_OP_IDIV_NOT_SIMD                         2        0.000%                4        0.000%
FU_REJECTED_OP_ICMP_NOT_SIMD                         0        0.000%                0        0.000%
FU_REJECTED_OP_LOGIC_NOT_SIMD                     3794        0.494%             7778        0.505%
FU_REJECTED_OP_SHIFT_NOT_SIMD                    25516        3.323%            51440        3.339%
FU_REJECTED_OP_FMEM_NOT_SIMD                      5285        0.688%            10490        0.681%
FU_REJECTED_OP_FCVT_NOT_SIMD                         0        0.000%                0        0.000%
FU_REJECTED_OP_FADD_NOT_SIMD                         0        0.000%                0        0.000%
FU_REJECTED_OP_FMUL_NOT_SIMD                         0        0.000%                0        0.000%
FU_REJECTED_OP_FMA_NOT_SIMD                          0        0.000%                0        0.000%
FU_REJECTED_OP_FDIV_NOT_SIMD                         0        0.000%                0        0.000%
FU_REJECTED_OP_FCMP_NOT_SIMD                         0        0.000%                0        0.000%
FU_REJECTED_OP_FCMOV_NOT_SIMD                        0        0.000%                0        0.000%
FU_REJECTED_OP_GATHER_NOT_SIMD                       0        0.000%                0        0.000%
FU_REJECTED_OP_SCATTER_NOT_SIMD                      0        0.000%                0        0.000%
FU_REJECTED_OP_PIPELINED_FAST_NOT_SIMD               0        0.000%                0        0.000%
FU_REJECTED_OP_PIPELINED_MEDIUM_NOT_SIMD             0        0.000%                0        0.000%
FU_REJECTED_OP_PIPELINED_SLOW_NOT_SIMD               0        0.000%                0        0.000%
FU_REJECTED_OP_NOTPIPELINED_MEDIUM_NOT_SIMD             0        0.000%                0        0.000%
FU_REJECTED_OP_NOTPIPELINED_SLOW_NOT_SIMD             0        0.000%                0        0.000%
FU_REJECTED_OP_NOTPIPELINED_VERY_SLOW_NOT_SIMD             0        0.000%                0        0.000%
FU_REJECTED_OP_INV_SIMD                              0        0.000%                0        0.000%
FU_REJECTED_OP_NOP_SIMD                              0        0.000%                0        0.000%
FU_REJECTED_OP_CF_SIMD                               0        0.000%                0        0.000%
FU_REJECTED_OP_MOV_SIMD                           2381        0.310%             4860        0.315%
FU_REJECTED_OP_CMOV_SIMD                             0        0.000%                0        0.000%
FU_REJECTED_OP_LDA_SIMD                              0        0.000%                0        0.000%
FU_REJECTED_OP_IMEM_SIMD                             0        0.000%                0        0.000%
FU_REJECTED_OP_IADD_SIMD                             0        0.000%                0        0.000%
FU_REJECTED_OP_IMUL_SIMD                             0        0.000%                0        0.000%
FU_REJECTED_OP_IDIV_SIMD                             0        0.000%                0        0.000%
FU_REJECTED_OP_ICMP_SIMD                             0        0.000%                0        0.000%
FU_REJECTED_OP_LOGIC_SIMD                         5403        0.704%            11092        0.720%
FU_REJECTED_OP_SHIFT_SIMD                         4221        0.550%             8595        0.558%
FU_REJECTED_OP_FMEM_SIMD                             0        0.000%                0        0.000%
FU_REJECTED_OP_FCVT_SIMD                        122801       15.992%           247497       16.065%
FU_REJECTED_OP_FADD_SIMD                          5716        0.744%            11686        0.759%
FU_REJECTED_OP_FMUL_SIMD                          1338        0.174%             2497        0.162%
FU_REJECTED_OP_FMA_SIMD                           4692        0.611%             9280        0.602%
FU_REJECTED_OP_FDIV_SIMD                          5342        0.696%            10369        0.673%
FU_REJECTED_OP_FCMP_SIMD                         10837        1.411%            22042        1.431%
FU_REJECTED_OP_FCMOV_SIMD                        75404        9.820%           142269        9.235%
FU_REJECTED_OP_GATHER_SIMD                         924        0.120%             1652        0.107%
FU_REJECTED_OP_SCATTER_SIMD                          0        0.000%                0        0.000%
FU_REJECTED_OP_PIPELINED_FAST_SIMD                   0        0.000%                0        0.000%
FU_REJECTED_OP_PIPELINED_MEDIUM_SIMD                 0        0.000%                0        0.000%
FU_REJECTED_OP_PIPELINED_SLOW_SIMD                   0        0.000%                0        0.000%
FU_REJECTED_OP_NOTPIPELINED_MEDIUM_SIMD              0        0.000%                0        0.000%
FU_REJECTED_OP_NOTPIPELINED_SLOW_SIMD                0        0.000%                0        0.000%
FU_REJECTED_OP_NOTPIPELINED_VERY_SLOW_SIMD             0        0.000%                0        0.000%
                                                767872      100.000%          1540570      100.000%
                                                 17.58        18.78             17.35        18.66

LSQ_FULL_TOTAL                                   50494                         113009              

LSQ_FULL_LOAD_QUEUE                              12019                          26936              

LSQ_FULL_STORE_QUEUE                             38475                          86073              

OP_WAIT_0                                      8238336                       16500249              

OP_WAIT_1                                      1915920                        3905332              

OP_WAIT_2                                       812187                        1630516              

OP_WAIT_3                                       451942                         904357              

OP_WAIT_4                                       310699                         619164              

OP_WAIT_5                                       231469                         457473              

OP_WAIT_6                                       176090                         344302              

OP_WAIT_7                                       136995                         266725              

OP_WAIT_8                                       103798                         200966              

OP_WAIT_9                                        81264                         156043              

OP_WAIT_10                                       64478                         123163              

OP_WAIT_11                                       52288                          98308              

OP_WAIT_12                                       41886                          78830              

OP_WAIT_13                                       34522                          65049              

OP_WAIT_14                                       28044                          52558              

OP_WAIT_15                                       23600                          44049              

OP_WAIT_16                                       20583                          37888              

OP_WAIT_17                                       17864                          32968              

OP_WAIT_18                                       15153                          27504              

OP_WAIT_19                                       13796                          24861              

OP_WAIT_20                                       12112                          21743              

OP_WAIT_21                                        9673                          17674              

OP_WAIT_22                                        9223                          16895              

OP_WAIT_23                                        8270                          15073              

OP_WAIT_24                                        7314                          13533              

OP_WAIT_25                                        6658                          12182              

OP_WAIT_26                                        5677                          10744              

OP_WAIT_27                                        4879                           9202              

OP_WAIT_28                                        4649                           8874              

OP_WAIT_29                                        5361                           9894              

OP_WAIT_30                                        4505                           8504              

OP_WAIT_31                                       81936                         149741              

ROW_SIZE_0                                      771187                        1770971              

ROW_SIZE_1                                      161769                         362827              

ROW_SIZE_2                                       87681                         195157              

ROW_SIZE_3                                       55569                         124874              

ROW_SIZE_4                                       60768                         128801              

ROW_SIZE_5                                       48887                         103749              

ROW_SIZE_6                                     1989971                        3950442              

ROW_SIZE_7                                           0                              0              

ROW_SIZE_8                                           0                              0              

ROW_SIZE_9                                           0                              0              

ROW_SIZE_10                                          0                              0              

ROW_SIZE_11                                          0                              0              

ROW_SIZE_12                                          0                              0              

ROW_SIZE_13                                          0                              0              

ROW_SIZE_14                                          0                              0              

ROW_SIZE_15                                          0                              0              

ROW_SIZE_16                                          0                              0              

ROW_SIZE_17                                          0                              0              

ROW_SIZE_18                                          0                              0              

ROW_SIZE_19                                          0                              0              

ROW_SIZE_20                                          0                              0              

ROW_SIZE_21                                          0                              0              

ROW_SIZE_22                                          0                              0              

ROW_SIZE_23                                          0                              0              

ROW_SIZE_24                                          0                              0              

ROW_SIZE_25                                          0                              0              

ROW_SIZE_26                                          0                              0              

ROW_SIZE_27                                          0                              0              

ROW_SIZE_28                                          0                              0              

ROW_SIZE_29                                          0                              0              

ROW_SIZE_30                                          0                              0              

ROW_SIZE_31                                          0                              0              

RET_OP_EXEC_COUNT_0                                  0        0.000%                0        0.000%
RET_OP_EXEC_COUNT_1                           12931171      100.000%         25864364      100.000%
RET_OP_EXEC_COUNT_2                                  0        0.000%                0        0.000%
RET_OP_EXEC_COUNT_3                                  0        0.000%                0        0.000%
RET_OP_EXEC_COUNT_4                                  0        0.000%                0        0.000%
RET_OP_EXEC_COUNT_5                                  0        0.000%                0        0.000%
RET_OP_EXEC_COUNT_6                                  0        0.000%                0        0.000%
RET_OP_EXEC_COUNT_7                                  0        0.000%                0        0.000%
RET_OP_EXEC_COUNT_8                                  0        0.000%                0        0.000%
RET_OP_EXEC_COUNT_9                                  0        0.000%                0        0.000%
RET_OP_EXEC_COUNT_10                                 0        0.000%                0        0.000%
RET_OP_EXEC_COUNT_11                                 0        0.000%                0        0.000%
RET_OP_EXEC_COUNT_12                                 0        0.000%                0        0.000%
RET_OP_EXEC_COUNT_13                                 0        0.000%                0        0.000%
RET_OP_EXEC_COUNT_14                                 0        0.000%                0        0.000%
RET_OP_EXEC_COUNT_15                                 0        0.000%                0        0.000%
RET_OP_EXEC_COUNT_16                                 0        0.000%                0        0.000%
RET_OP_EXEC_COUNT_17                                 0        0.000%                0        0.000%
RET_OP_EXEC_COUNT_18                                 0        0.000%                0        0.000%
RET_OP_EXEC_COUNT_19                                 0        0.000%                0        0.000%
RET_OP_EXEC_COUNT_20                                 0        0.000%                0        0.000%
RET_OP_EXEC_COUNT_21                                 0        0.000%                0        0.000%
RET_OP_EXEC_COUNT_22                                 0        0.000%                0        0.000%
RET_OP_EXEC_COUNT_23                                 0        0.000%                0        0.000%
RET_OP_EXEC_COUNT_24                                 0        0.000%                0        0.000%
RET_OP_EXEC_COUNT_25                                 0        0.000%                0        0.000%
RET_OP_EXEC_COUNT_26                                 0        0.000%                0        0.000%
RET_OP_EXEC_COUNT_27                                 0        0.000%                0        0.000%
RET_OP_EXEC_COUNT_28                                 0        0.000%                0        0.000%
RET_OP_EXEC_COUNT_29                                 0        0.000%                0        0.000%
RET_OP_EXEC_COUNT_30                                 0        0.000%                0        0.000%
RET_OP_EXEC_COUNT_31                                 0        0.000%                0        0.000%
RET_OP_EXEC_COUNT_32                                 0        0.000%                0        0.000%
                                              12931171      100.000%         25864364      100.000%
                                                  1.00         0.00              1.00         0.00

RET_STALL_LENGTH_0                            12931069       99.999%         25863555       99.997%
RET_STALL_LENGTH_100                                95        0.001%              748        0.003%
RET_STALL_LENGTH_200                                 0        0.000%               31        0.000%
RET_STALL_LENGTH_300                                 0        0.000%                7        0.000%
RET_STALL_LENGTH_400                                 2        0.000%                5        0.000%
RET_STALL_LENGTH_500                                 0        0.000%                1        0.000%
RET_STALL_LENGTH_600                                 1        0.000%                4        0.000%
RET_STALL_LENGTH_700                                 1        0.000%                1        0.000%
RET_STALL_LENGTH_800                                 0        0.000%                0        0.000%
RET_STALL_LENGTH_900                                 1        0.000%                1        0.000%
RET_STALL_LENGTH_1000                                0        0.000%                1        0.000%
RET_STALL_LENGTH_1100                                1        0.000%                4        0.000%
RET_STALL_LENGTH_1200                                1        0.000%                6        0.000%
RET_STALL_LENGTH_1300                                0        0.000%                0        0.000%
RET_STALL_LENGTH_1400                                0        0.000%                0        0.000%
RET_STALL_LENGTH_1500                                0        0.000%                0        0.000%
RET_STALL_LENGTH_1600                                0        0.000%                0        0.000%
RET_STALL_LENGTH_1700                                0        0.000%                0        0.000%
RET_STALL_LENGTH_1800                                0        0.000%                0        0.000%
RET_STALL_LENGTH_1900                                0        0.000%                0        0.000%
RET_STALL_LENGTH_2000                                0        0.000%                0        0.000%
RET_STALL_LENGTH_2100                                0        0.000%                0        0.000%
RET_STALL_LENGTH_2200                                0        0.000%                0        0.000%
RET_STALL_LENGTH_2300                                0        0.000%                0        0.000%
RET_STALL_LENGTH_2400                                0        0.000%                0        0.000%
RET_STALL_LENGTH_2500                                0        0.000%                0        0.000%
RET_STALL_LENGTH_2600                                0        0.000%                0        0.000%
RET_STALL_LENGTH_2700                                0        0.000%                0        0.000%
RET_STALL_LENGTH_2800                                0        0.000%                0        0.000%
RET_STALL_LENGTH_2900                                0        0.000%                0        0.000%
RET_STALL_LENGTH_3000                                0        0.000%                0        0.000%
RET_STALL_LENGTH_3100                                0        0.000%                0        0.000%
RET_STALL_LENGTH_3200                                0        0.000%                0        0.000%
RET_STALL_LENGTH_3300                                0        0.000%                0        0.000%
RET_STALL_LENGTH_3400                                0        0.000%                0        0.000%
RET_STALL_LENGTH_3500                                0        0.000%                0        0.000%
RET_STALL_LENGTH_3600                                0        0.000%                0        0.000%
RET_STALL_LENGTH_3700                                0        0.000%                0        0.000%
RET_STALL_LENGTH_3800                                0        0.000%                0        0.000%
RET_STALL_LENGTH_3900                                0        0.000%                0        0.000%
RET_STALL_LENGTH_4000                                0        0.000%                0        0.000%
RET_STALL_LENGTH_4100                                0        0.000%                0        0.000%
RET_STALL_LENGTH_4200                                0        0.000%                0        0.000%
RET_STALL_LENGTH_4300                                0        0.000%                0        0.000%
RET_STALL_LENGTH_4400                                0        0.000%                0        0.000%
RET_STALL_LENGTH_4500                                0        0.000%                0        0.000%
RET_STALL_LENGTH_4600                                0        0.000%                0        0.000%
RET_STALL_LENGTH_4700                                0        0.000%                0        0.000%
RET_STALL_LENGTH_4800                                0        0.000%                0        0.000%
RET_STALL_LENGTH_4900                                0        0.000%                0        0.000%
RET_STALL_LENGTH_5000                                0        0.000%                0        0.000%
                                              12931171      100.000%         25864364      100.000%
                                                  0.00         0.01              0.00         0.01

MEM_BLOCK_LENGTH_0                                   0         -nan%                8       88.889%
MEM_BLOCK_LENGTH_100                                 0         -nan%                0        0.000%
MEM_BLOCK_LENGTH_200                                 0         -nan%                1       11.111%
MEM_BLOCK_LENGTH_300                                 0         -nan%                0        0.000%
MEM_BLOCK_LENGTH_400                                 0         -nan%                0        0.000%
MEM_BLOCK_LENGTH_500                                 0         -nan%                0        0.000%
MEM_BLOCK_LENGTH_600                                 0         -nan%                0        0.000%
MEM_BLOCK_LENGTH_700                                 0         -nan%                0        0.000%
MEM_BLOCK_LENGTH_800                                 0         -nan%                0        0.000%
MEM_BLOCK_LENGTH_900                                 0         -nan%                0        0.000%
MEM_BLOCK_LENGTH_1000                                0         -nan%                0        0.000%
MEM_BLOCK_LENGTH_1100                                0         -nan%                0        0.000%
MEM_BLOCK_LENGTH_1200                                0         -nan%                0        0.000%
MEM_BLOCK_LENGTH_1300                                0         -nan%                0        0.000%
MEM_BLOCK_LENGTH_1400                                0         -nan%                0        0.000%
MEM_BLOCK_LENGTH_1500                                0         -nan%                0        0.000%
MEM_BLOCK_LENGTH_1600                                0         -nan%                0        0.000%
MEM_BLOCK_LENGTH_1700                                0         -nan%                0        0.000%
MEM_BLOCK_LENGTH_1800                                0         -nan%                0        0.000%
MEM_BLOCK_LENGTH_1900                                0         -nan%                0        0.000%
MEM_BLOCK_LENGTH_2000                                0         -nan%                0        0.000%
MEM_BLOCK_LENGTH_2100                                0         -nan%                0        0.000%
MEM_BLOCK_LENGTH_2200                                0         -nan%                0        0.000%
MEM_BLOCK_LENGTH_2300                                0         -nan%                0        0.000%
MEM_BLOCK_LENGTH_2400                                0         -nan%                0        0.000%
MEM_BLOCK_LENGTH_2500                                0         -nan%                0        0.000%
MEM_BLOCK_LENGTH_2600                                0         -nan%                0        0.000%
MEM_BLOCK_LENGTH_2700                                0         -nan%                0        0.000%
MEM_BLOCK_LENGTH_2800                                0         -nan%                0        0.000%
MEM_BLOCK_LENGTH_2900                                0         -nan%                0        0.000%
MEM_BLOCK_LENGTH_3000                                0         -nan%                0        0.000%
MEM_BLOCK_LENGTH_3100                                0         -nan%                0        0.000%
MEM_BLOCK_LENGTH_3200                                0         -nan%                0        0.000%
MEM_BLOCK_LENGTH_3300                                0         -nan%                0        0.000%
MEM_BLOCK_LENGTH_3400                                0         -nan%                0        0.000%
MEM_BLOCK_LENGTH_3500                                0         -nan%                0        0.000%
MEM_BLOCK_LENGTH_3600                                0         -nan%                0        0.000%
MEM_BLOCK_LENGTH_3700                                0         -nan%                0        0.000%
MEM_BLOCK_LENGTH_3800                                0         -nan%                0        0.000%
MEM_BLOCK_LENGTH_3900                                0         -nan%                0        0.000%
MEM_BLOCK_LENGTH_4000                                0         -nan%                0        0.000%
MEM_BLOCK_LENGTH_4100                                0         -nan%                0        0.000%
MEM_BLOCK_LENGTH_4200                                0         -nan%                0        0.000%
MEM_BLOCK_LENGTH_4300                                0         -nan%                0        0.000%
MEM_BLOCK_LENGTH_4400                                0         -nan%                0        0.000%
MEM_BLOCK_LENGTH_4500                                0         -nan%                0        0.000%
MEM_BLOCK_LENGTH_4600                                0         -nan%                0        0.000%
MEM_BLOCK_LENGTH_4700                                0         -nan%                0        0.000%
MEM_BLOCK_LENGTH_4800                                0         -nan%                0        0.000%
MEM_BLOCK_LENGTH_4900                                0         -nan%                0        0.000%
MEM_BLOCK_LENGTH_5000                                0         -nan%                0        0.000%
                                                     0         -nan%                9      100.000%
                                                  -nan         -nan              0.22         0.63

FUS_BUSY_ON_PATH                              13747769        4.2413         27489402        4.0177

FUS_BUSY_OFF_PATH                               737303        0.2275          2037890        0.2978

FU_BUSY_MEM_STALL                               294696        0.0909           596214        0.0871

FUS_EMPTY                                     11445864        3.5312         25208804        3.6844

FU_UNAVAILABLE                                  522075        0.1611          1043827        0.1526

FU_MEM_UNAVAILABLE                              245797        0.0758           496743        0.0726

FU_OTHER_UNAVAILABLE                                 0        0.0000                0        0.0000

FU_REPLAY                                            0        0.0000                0        0.0000

FU_STARVED                                    11398351        3.5165         25084385        3.6662

CHIP_UTILIZATION                                     0        0.0000                0        0.0000

CYCLES_UNDER_MEM_REQ                                 0                              0              

CYCLES_UNDER_NO_MEM_REQ                              0                              0              

CYCLES_UNDER_CRITICAL_MEM_REQ                        0                              0              

CYCLES_UNDER_NONCRITICAL_MEM_REQ                     0                              0              

CHIP_UTILIZATION_UNDER_MEM_REQ                       0          -nan                0          -nan

CHIP_UTILIZATION_UNDER_NO_MEM_REQ                    0          -nan                0          -nan

CHIP_UTILIZATION_UNDER_CRITICAL_MEM_REQ              0          -nan                0          -nan

CHIP_UTILIZATION_UNDER_NONCRITICAL_MEM_REQ             0          -nan                0          -nan

CYCLES_NOT_WAITING_FOR_OFF_CHIP                      0        0.0000                0        0.0000

FUS_BUSY_NOT_WAITING_FOR_OFF_CHIP                    0          -nan                0          -nan

CYCLES_WAITING_FOR_OFF_CHIP                          0        0.0000                0        0.0000

FUS_BUSY_WAITING_FOR_OFF_CHIP                        0          -nan                0          -nan

TOTAL_OFF_CHIP_DELAYS_LEFT                           0                              0              

WRONG_IO_SCHED                                       0                              0              

DVFS_CONFIG_SWITCH                                   0                              0              

MAP_STAGE_RECEIVED_OPS_0                             0        0.000%                0        0.000%
MAP_STAGE_RECEIVED_OPS_1                         43591        1.804%            90679        1.868%
MAP_STAGE_RECEIVED_OPS_2                         66470        2.751%           140851        2.902%
MAP_STAGE_RECEIVED_OPS_3                        119087        4.928%           249503        5.140%
MAP_STAGE_RECEIVED_OPS_4                        155223        6.424%           324324        6.682%
MAP_STAGE_RECEIVED_OPS_5                        436539       18.065%           896881       18.478%
MAP_STAGE_RECEIVED_OPS_6                       1595549       66.028%          3151660       64.930%
MAP_STAGE_RECEIVED_OPS_7                             0        0.000%                0        0.000%
MAP_STAGE_RECEIVED_OPS_8                             0        0.000%                0        0.000%
MAP_STAGE_RECEIVED_OPS_MAX                           0        0.000%                0        0.000%
                                               2416459      100.000%          4853898      100.000%
                                                  5.34         1.16              5.32         1.18

MAP_STAGE_WAIT_FOR_DECODE                            0         -nan%                0         -nan%
MAP_STAGE_CONSUME_DECODE                             0         -nan%                0         -nan%
                                                     0         -nan%                0         -nan%
                                                  -nan         -nan              -nan         -nan

MAP_STAGE_WAIT_FOR_DECODE2                           0         -nan%                0         -nan%
MAP_STAGE_CONSUME_DECODE2                            0         -nan%                0         -nan%
                                                     0         -nan%                0         -nan%
                                                  -nan         -nan              -nan         -nan

FTQ_RECOVER_EXEC                                 11750                          30696              

FTQ_RECOVER_DECODE                                   3                            249              

FTQ_OFFPATH_CYCLES                             1368789                        3134974              

FTQ_CYCLES_OFFPATH                             1368789                        3134974              

FTQ_CYCLES_ONPATH                              1872578                        3707038              

FTQ_FETCHED_INS_ONPATH                        12930300                       25864364              

FTQ_FETCHED_INS_OFFPATH                        8128071                       18670514              

FTQ_BREAK_FULL_FT_ONPATH                        835322                        1578632              

FTQ_BREAK_FULL_FT_OFFPATH                       593928                        1288726              

FTQ_BREAK_PRED_BR_ONPATH                             0                              0              

FTQ_BREAK_PRED_BR_OFFPATH                            0                              0              

FTQ_BREAK_BAR_FETCH_ONPATH                           0                              0              

FTQ_BREAK_BAR_FETCH_OFFPATH                          0                              0              

FTQ_BREAK_MAX_CFS_TAKEN_ONPATH                       0                              0              

FTQ_BREAK_MAX_CFS_TAKEN_OFFPATH                      0                              0              

FTQ_BREAK_MAX_FT_ONPATH                        1037165                        2128315              

FTQ_BREAK_MAX_FT_OFFPATH                        774861                        1846248              

DFE_GEN_ON_PATH_FT                             1692428                        3393678              

DFE_GEN_OFF_PATH_FT                             984687                        2268016              

DFE_L0_ENABLED_PREDICTIONS                    12930300                       25864364              

DFE_L0_WRONG_MAIN_CORRECT                       138590                         273619              

DFE_L0_WRONG_MAIN_WRONG                           9221                          23167              

DFE_L0_CORRECT_MAIN_WRONG                         2516                           7687              

DFE_L0_CORRECT_MAIN_CORRECT                   12779973                       25559891              

DFE_L0_WRONG_MAIN_CORRECT_RECOVERY_SCHEDULED             0                              0              

FTQ_SAW_BAR_FETCH_OFFPATH                            0                              0              

FTQ_SAW_BAR_FETCH_ONPATH                             0                              0              

DFE_CONF_0_MISPRED                                   0         -nan%                0         -nan%
DFE_CONF_1_MISPRED                                   0         -nan%                0         -nan%
DFE_CONF_2_MISPRED                                   0         -nan%                0         -nan%
DFE_CONF_3_MISPRED                                   0         -nan%                0         -nan%
DFE_CONF_0_CORRECT                                   0         -nan%                0         -nan%
DFE_CONF_1_CORRECT                                   0         -nan%                0         -nan%
DFE_CONF_2_CORRECT                                   0         -nan%                0         -nan%
DFE_CONF_3_CORRECT                                   0         -nan%                0         -nan%
                                                     0         -nan%                0         -nan%
                                                  -nan         -nan              -nan         -nan

DFE_ON_CONF_ON_OPS                                   0         -nan%                0         -nan%
DFE_ON_CONF_OFF_OPS                                  0         -nan%                0         -nan%
DFE_OFF_CONF_ON_OPS                                  0         -nan%                0         -nan%
DFE_OFF_CONF_OFF_REALISTIC_OPS                       0         -nan%                0         -nan%
DFE_OFF_CONF_OFF_PERFECT_OPS                         0         -nan%                0         -nan%
                                                     0         -nan%                0         -nan%
                                                  -nan         -nan              -nan         -nan

DFE_ON_CONF_ON_FETCH_TARGETS                         0         -nan%                0         -nan%
DFE_ON_CONF_OFF_FETCH_TARGETS                        0         -nan%                0         -nan%
DFE_OFF_CONF_ON_FETCH_TARGETS                        0         -nan%                0         -nan%
DFE_OFF_CONF_OFF_REALISTIC_FETCH_TARGETS             0         -nan%                0         -nan%
DFE_OFF_CONF_OFF_PERFECT_FETCH_TARGETS               0         -nan%                0         -nan%
                                                     0         -nan%                0         -nan%
                                                  -nan         -nan              -nan         -nan

DFE_ON_CONF_ON_CYCLES                                0         -nan%                0         -nan%
DFE_ON_CONF_OFF_CYCLES                               0         -nan%                0         -nan%
DFE_OFF_CONF_ON_CYCLES                               0         -nan%                0         -nan%
DFE_OFF_CONF_OFF_REALISTIC_CYCLES                    0         -nan%                0         -nan%
DFE_OFF_CONF_OFF_PERFECT_CYCLES                      0         -nan%                0         -nan%
                                                     0         -nan%                0         -nan%
                                                  -nan         -nan              -nan         -nan

DFE_OFF_CONF_ON_NUM_EVENTS                           0                              0              

DFE_OFF_CONF_ON_NOT_IDENTIFIED_EVENTS                0         -nan%                0         -nan%
DFE_OFF_CONF_ON_IBTB_MISS_EVENTS                     0         -nan%                0         -nan%
DFE_OFF_CONF_ON_BTB_MISS_EVENTS                      0         -nan%                0         -nan%
DFE_OFF_CONF_ON_BTB_MISS_MISPRED_EVENTS              0         -nan%                0         -nan%
DFE_OFF_CONF_ON_MISPRED_EVENTS                       0         -nan%                0         -nan%
DFE_OFF_CONF_ON_MISFETCH_EVENTS                      0         -nan%                0         -nan%
                                                     0         -nan%                0         -nan%
                                                  -nan         -nan              -nan         -nan

DFE_OFF_CONF_ON_NOT_IDENTIFIED_CYCLES                0         -nan%                0         -nan%
DFE_OFF_CONF_ON_IBTB_MISS_CYCLES                     0         -nan%                0         -nan%
DFE_OFF_CONF_ON_BTB_MISS_CYCLES                      0         -nan%                0         -nan%
DFE_OFF_CONF_ON_BTB_MISS_MISPRED_CYCLES              0         -nan%                0         -nan%
DFE_OFF_CONF_ON_MISPRED_CYCLES                       0         -nan%                0         -nan%
DFE_OFF_CONF_ON_MISFETCH_CYCLES                      0         -nan%                0         -nan%
                                                     0         -nan%                0         -nan%
                                                  -nan         -nan              -nan         -nan

DFE_OFF_CONF_ON_NOT_IDENTIFIED_FETCH_TARGETS             0         -nan%                0         -nan%
DFE_OFF_CONF_ON_IBTB_MISS_FETCH_TARGETS              0         -nan%                0         -nan%
DFE_OFF_CONF_ON_BTB_MISS_FETCH_TARGETS               0         -nan%                0         -nan%
DFE_OFF_CONF_ON_BTB_MISS_MISPRED_FETCH_TARGETS             0         -nan%                0         -nan%
DFE_OFF_CONF_ON_MISPRED_FETCH_TARGETS                0         -nan%                0         -nan%
DFE_OFF_CONF_ON_MISFETCH_FETCH_TARGETS               0         -nan%                0         -nan%
                                                     0         -nan%                0         -nan%
                                                  -nan         -nan              -nan         -nan

DFE_OFF_CONF_ON_BP_INCORRECT_0_CONF                  0         -nan%                0         -nan%
DFE_OFF_CONF_ON_BP_INCORRECT_1_CONF                  0         -nan%                0         -nan%
DFE_OFF_CONF_ON_BP_INCORRECT_2_CONF                  0         -nan%                0         -nan%
DFE_OFF_CONF_ON_BP_INCORRECT_3_CONF                  0         -nan%                0         -nan%
                                                     0         -nan%                0         -nan%
                                                  -nan         -nan              -nan         -nan

DFE_OFF_CONF_ON_BTB_MISS_CBR_0_CONF                  0         -nan%                0         -nan%
DFE_OFF_CONF_ON_BTB_MISS_CBR_1_CONF                  0         -nan%                0         -nan%
DFE_OFF_CONF_ON_BTB_MISS_CBR_2_CONF                  0         -nan%                0         -nan%
DFE_OFF_CONF_ON_BTB_MISS_CBR_3_CONF                  0         -nan%                0         -nan%
                                                     0         -nan%                0         -nan%
                                                  -nan         -nan              -nan         -nan

DFE_OFF_CONF_ON_BTB_MISS_NOT_CF                      0         -nan%                0         -nan%
DFE_OFF_CONF_ON_BTB_MISS_CF_BR                       0         -nan%                0         -nan%
DFE_OFF_CONF_ON_BTB_MISS_CF_CBR                      0         -nan%                0         -nan%
DFE_OFF_CONF_ON_BTB_MISS_CF_CALL                     0         -nan%                0         -nan%
DFE_OFF_CONF_ON_BTB_MISS_CF_IBR                      0         -nan%                0         -nan%
DFE_OFF_CONF_ON_BTB_MISS_CF_ICALL                    0         -nan%                0         -nan%
DFE_OFF_CONF_ON_BTB_MISS_CF_ICO                      0         -nan%                0         -nan%
DFE_OFF_CONF_ON_BTB_MISS_CF_RET                      0         -nan%                0         -nan%
DFE_OFF_CONF_ON_BTB_MISS_CF_SYS                      0         -nan%                0         -nan%
                                                     0         -nan%                0         -nan%
                                                  -nan         -nan              -nan         -nan

DFE_ON_CONF_OFF_NUM_EVENTS                           0                              0              

CONF_BTB_NUM_CYCLES_OFF_PATH_EVENT                   0                              0              

DFE_ON_CONF_OFF_IBTB_MISS_BP_TAKEN                   0         -nan%                0         -nan%
DFE_ON_CONF_OFF_BTB_MISS_BP_TAKEN_CONF_0             0         -nan%                0         -nan%
DFE_ON_CONF_OFF_BTB_MISS_BP_TAKEN_CONF_1             0         -nan%                0         -nan%
DFE_ON_CONF_OFF_BTB_MISS_BP_TAKEN_CONF_2             0         -nan%                0         -nan%
DFE_ON_CONF_OFF_BTB_MISS_BP_TAKEN_CONF_3             0         -nan%                0         -nan%
DFE_ON_CONF_OFF_BTB_MISS_RATE                        0         -nan%                0         -nan%
DFE_ON_CONF_OFF_IBTB_MISS_RATE                       0         -nan%                0         -nan%
DFE_ON_CONF_OFF_MISFETCH_RATE                        0         -nan%                0         -nan%
DFE_ON_CONF_OFF_MISPRED_RATE                         0         -nan%                0         -nan%
DFE_ON_CONF_OFF_INV_CONF_INC                         0         -nan%                0         -nan%
DFE_ON_CONF_OFF_PERFECT_CONF                         0         -nan%                0         -nan%
                                                     0         -nan%                0         -nan%
                                                  -nan         -nan              -nan         -nan

DFE_ON_CONF_OFF_IBTB_MISS_BP_TAKEN_CYCLES             0         -nan%                0         -nan%
DFE_ON_CONF_OFF_BTB_MISS_BP_TAKEN_CONF_0_CYCLES             0         -nan%                0         -nan%
DFE_ON_CONF_OFF_BTB_MISS_BP_TAKEN_CONF_1_CYCLES             0         -nan%                0         -nan%
DFE_ON_CONF_OFF_BTB_MISS_BP_TAKEN_CONF_2_CYCLES             0         -nan%                0         -nan%
DFE_ON_CONF_OFF_BTB_MISS_BP_TAKEN_CONF_3_CYCLES             0         -nan%                0         -nan%
DFE_ON_CONF_OFF_BTB_MISS_RATE_CYCLES                 0         -nan%                0         -nan%
DFE_ON_CONF_OFF_IBTB_MISS_RATE_CYCLES                0         -nan%                0         -nan%
DFE_ON_CONF_OFF_MISFETCH_RATE_CYCLES                 0         -nan%                0         -nan%
DFE_ON_CONF_OFF_MISPRED_RATE_CYCLES                  0         -nan%                0         -nan%
DFE_ON_CONF_OFF_INV_CONF_INC_CYCLES                  0         -nan%                0         -nan%
DFE_ON_CONF_OFF_PERFECT_CONF_CYCLES                  0         -nan%                0         -nan%
                                                     0         -nan%                0         -nan%
                                                  -nan         -nan              -nan         -nan

DFE_ON_CONF_OFF_IBTB_MISS_BP_TAKEN_FETCH_TARGETS             0         -nan%                0         -nan%
DFE_ON_CONF_OFF_BTB_MISS_BP_TAKEN_CONF_0_FETCH_TARGETS             0         -nan%                0         -nan%
DFE_ON_CONF_OFF_BTB_MISS_BP_TAKEN_CONF_1_FETCH_TARGETS             0         -nan%                0         -nan%
DFE_ON_CONF_OFF_BTB_MISS_BP_TAKEN_CONF_2_FETCH_TARGETS             0         -nan%                0         -nan%
DFE_ON_CONF_OFF_BTB_MISS_BP_TAKEN_CONF_3_FETCH_TARGETS             0         -nan%                0         -nan%
DFE_ON_CONF_OFF_BTB_MISS_RATE_FETCH_TARGETS             0         -nan%                0         -nan%
DFE_ON_CONF_OFF_IBTB_MISS_RATE_FETCH_TARGETS             0         -nan%                0         -nan%
DFE_ON_CONF_OFF_MISFETCH_RATE_FETCH_TARGETS             0         -nan%                0         -nan%
DFE_ON_CONF_OFF_MISPRED_RATE_FETCH_TARGETS             0         -nan%                0         -nan%
DFE_ON_CONF_OFF_INV_CONF_INC_FETCH_TARGETS             0         -nan%                0         -nan%
DFE_ON_CONF_OFF_PERFECT_CONF_FETCH_TARGETS             0         -nan%                0         -nan%
                                                     0         -nan%                0         -nan%
                                                  -nan         -nan              -nan         -nan

CONF_OFF_IBTB_MISS_BP_TAKEN                          0         -nan%                0         -nan%
CONF_OFF_BTB_MISS_BP_TAKEN_CONF_0                    0         -nan%                0         -nan%
CONF_OFF_BTB_MISS_BP_TAKEN_CONF_1                    0         -nan%                0         -nan%
CONF_OFF_BTB_MISS_BP_TAKEN_CONF_2                    0         -nan%                0         -nan%
CONF_OFF_BTB_MISS_BP_TAKEN_CONF_3                    0         -nan%                0         -nan%
CONF_OFF_BTB_MISS_RATE                               0         -nan%                0         -nan%
CONF_OFF_IBTB_MISS_RATE                              0         -nan%                0         -nan%
CONF_OFF_MISFETCH_RATE                               0         -nan%                0         -nan%
CONF_OFF_MISPRED_RATE                                0         -nan%                0         -nan%
CONF_OFF_INV_CONF_INC                                0         -nan%                0         -nan%
CONF_OFF_PERFECT_CONF                                0         -nan%                0         -nan%
                                                     0         -nan%                0         -nan%
                                                  -nan         -nan              -nan         -nan

TOPDOWN_TOTAL_SLOTS                           19448202                       41052072              

TOPDOWN_ISSUED_SLOTS                          14901065                       30906607              

TOPDOWN_RETIRED_SLOTS                         12930776                       25864364              

TOPDOWN_FETCH_BUBBLES_SLOTS                    2416674                        5578434              

TOPDOWN_RECOVERY_BUBBLES_SLOTS                  424313                         984294              

TOPDOWN_MEM_LOAD_STALLS_CYCLES                  265553                         564210              

TOPDOWN_MEM_STORE_STALLS_CYCLES                      0                              0              

TOPDOWN_EXEC_STALLS_CYCLES                      102079                         302535              

TOPDOWN_BACKEND_STALLS_CYCLES                   265553                         564250              

TOPDOWN_FETCH_BUBBLES_GT_MIW_CYCLES             131337                         341596              

TOPDOWN_BR_MISPRED_RETIRED_CYCLES                11750                          30696              

TOPDOWN_MACHINE_CLEAR_CYCLES                    150343                         304564              

TOPDOWN_FRONTEND_BOUND                            1242                           1242              

TOPDOWN_BACKEND_BOUND                              879                            879              

TOPDOWN_BAD_SPEC_BOUND                            1231                           1231              

TOPDOWN_RETIRING_BOUND                            6648                           6648              

TOPDOWN_FETCH_LATENCY_BOUND                        405                            405              

TOPDOWN_FETCH_BANDWIDTH_BOUND                      837                            837              

TOPDOWN_MEM_BOUND                                  879                            879              

TOPDOWN_CORE_BOUND                                   0                              0              

TOPDOWN_BR_MISPREDICTS_BOUND                        89                             89              

TOPDOWN_MACHINE_CLEARS_BOUND                      1142                           1142              



