/* -*- Mode: c -*- */
####################################################################################################
Core 0
####################################################################################################
Cumulative:        Cycles: 20538235              Instructions: 761055                IPC: 0.03706

Periodic:          Cycles: 10200748              Instructions: 463508                IPC: 0.04544

EXECUTION_TIME                           3187733750000                  6418198437500              

SIM_HOST_WALL_SECONDS                       112.523840                     112.523840              

NODE_CYCLE                                    10200748                       20538235              

NODE_INST_COUNT                               10000000                       20000000              

NODE_INST_COUNT_FETCHED                         463508                         761055              

NODE_UOP_COUNT                                38735502                       77922936              

EXEC_STAGE_NO_ISSUE_STALL_CYCLE                9755354                       19629511              

EXEC_STAGE_NO_ISSUE_STALL_CYCLE_ONPATH         9698714                       19510004              

FULL_WINDOW_STALL                                 8458        0.083%            33277        0.162%

FULL_WINDOW_MEM_OP                                8113      100.000%            32298       99.879%
FULL_WINDOW_FP_OP                                    0        0.000%                0        0.000%
FULL_WINDOW_OTHER_OP                                 0        0.000%               39        0.121%
                                                  8113      100.000%            32337      100.000%
                                                  0.00         0.00              0.00         0.07

RET_BLOCKED_DC_MISS                             359823        3.527%           697424        3.396%

RET_BLOCKED_L1_MISS                            2311196       22.657%          4655833       22.669%

RET_BLOCKED_L1_MISS_BW_PREF                          0        0.000%                0        0.000%

RET_BLOCKED_L1_ACCESS                           127685        1.252%           236601        1.152%

RET_BLOCKED_MEM_STALL                          2312333       22.668%          4658139       22.680%

RET_BLOCKED_OFFCHIP_DEMAND                           0        0.000%                0        0.000%

OP_ISSUED                                     38887489                       78260463              

OP_RETIRED                                    38735502                       77922936              

OP_MACRO_FUSION_ONPATH                           64224                         104997              

OP_MACRO_FUSION_OFFPATH                          26756                          50018              

REPLAY_SIGNALED                                      0                              0              

REPLAY_COUNTED                                       0                              0              

OFF_CRITICAL_PATH                                    0         -nan%                0         -nan%
ON_CRITICAL_PATH                                     0         -nan%                0         -nan%
                                                     0         -nan%                0         -nan%
                                                  -nan         -nan              -nan         -nan

LD_NO_DEPENDENTS                                 10598        7.903%            18517        8.418%
LD_DEPENDENTS                                   123500       92.097%           201455       91.582%
                                                134098      100.000%           219972      100.000%
                                                  0.92         0.89              0.92         0.88

LD_EXEC_CYCLES_0                                     0        0.000%                0        0.000%
LD_EXEC_CYCLES_1                                     0        0.000%                0        0.000%
LD_EXEC_CYCLES_2                                     0        0.000%                0        0.000%
LD_EXEC_CYCLES_3                                   282       52.222%              403       51.733%
LD_EXEC_CYCLES_4                                   258       47.778%              376       48.267%
                                                   540      100.000%              779      100.000%
                                                  3.48         2.46              3.48         2.47

ICACHE_STAGE_STARVED                            279072        2.790%           560159        2.786%
ICACHE_STAGE_NOT_STARVED                       9724462       97.210%         19542934       97.214%
                                              10003534      100.000%         20103093      100.000%
                                                  0.97         0.96              0.97         0.96

ICACHE_STAGE_STALLED                             65159        0.639%           104351        0.508%
ICACHE_STAGE_NOT_STALLED                       9938375       97.428%         19998742       97.373%
ICACHE_STAGE_OFF_PATH                           197214        1.933%           435142        2.119%
                                              10200748      100.000%         20538235      100.000%
                                                  1.01         0.20              1.02         0.21

DECODE_STAGE_STARVED                           9967635       99.239%         20056070       99.368%
DECODE_STAGE_NOT_STARVED                         76465        0.761%           127563        0.632%
                                              10044100      100.000%         20183633      100.000%
                                                  0.01         0.09              0.01         0.08

DECODE_STAGE_STALLED                             28064        0.275%            42264        0.206%
DECODE_STAGE_NOT_STALLED                      10016036       98.189%         20141369       98.068%
DECODE_STAGE_OFF_PATH                           156648        1.536%           354602        1.727%
                                              10200748      100.000%         20538235      100.000%
                                                  1.01         0.18              1.02         0.19

UOPQ_STAGE_STARVED                              406675        4.065%           868276        4.307%
UOPQ_STAGE_NOT_STARVED                         9597357       95.935%         19289386       95.693%
                                              10004032      100.000%         20157662      100.000%
                                                  0.96         0.94              0.96         0.94

UOPQ_STAGE_STALLED                               48178        0.472%            80130        0.390%
UOPQ_STAGE_NOT_STALLED                        10004032       98.072%         20157662       98.147%
UOPQ_STAGE_OFF_PATH                             148538        1.456%           300443        1.463%
                                              10200748      100.000%         20538235      100.000%
                                                  1.01         0.17              1.01         0.17

RS_OP_READY_NOT_ISSUED_TOTAL                     68283                         107603              

RS_0_OP_READY_NOT_ISSUED                         39969                          62750              

RS_1_OP_READY_NOT_ISSUED                         15352                          24208              

RS_2_OP_READY_NOT_ISSUED                         12962                          20645              

RS_3_OP_READY_NOT_ISSUED                             0                              0              

RS_4_OP_READY_NOT_ISSUED                             0                              0              

RS_5_OP_READY_NOT_ISSUED                             0                              0              

RS_6_OP_READY_NOT_ISSUED                             0                              0              

RS_7_OP_READY_NOT_ISSUED                             0                              0              

RS_7_PLUS_OP_READY_NOT_ISSUED                        0                              0              

FU_IDLE_NO_READY_OPS_TOTAL                    26275403                       55148672              

FU_0_IDLE_NO_READY_OPS                          438512                         894660              

FU_1_IDLE_NO_READY_OPS                          461916                         937537              

FU_2_IDLE_NO_READY_OPS                        10062485                       20302722              

FU_3_IDLE_NO_READY_OPS                        10081126                       20336654              

FU_4_IDLE_NO_READY_OPS                          470836                         953541              

FU_5_IDLE_NO_READY_OPS                          454389                         924735              

FU_6_IDLE_NO_READY_OPS                         2318958                        7736950              

FU_7_IDLE_NO_READY_OPS                         1987181                        3061873              

FU_8_IDLE_NO_READY_OPS                               0                              0              

FU_9_IDLE_NO_READY_OPS                               0                              0              

FU_10_IDLE_NO_READY_OPS                              0                              0              

FU_11_IDLE_NO_READY_OPS                              0                              0              

FU_12_IDLE_NO_READY_OPS                              0                              0              

FU_13_IDLE_NO_READY_OPS                              0                              0              

FU_14_IDLE_NO_READY_OPS                              0                              0              

FU_15_IDLE_NO_READY_OPS                              0                              0              

FU_16_IDLE_NO_READY_OPS                              0                              0              

FU_17_IDLE_NO_READY_OPS                              0                              0              

FU_18_IDLE_NO_READY_OPS                              0                              0              

FU_19_IDLE_NO_READY_OPS                              0                              0              

FU_20_IDLE_NO_READY_OPS                              0                              0              

FU_21_IDLE_NO_READY_OPS                              0                              0              

FU_22_IDLE_NO_READY_OPS                              0                              0              

FU_23_IDLE_NO_READY_OPS                              0                              0              

FU_24_IDLE_NO_READY_OPS                              0                              0              

FU_25_IDLE_NO_READY_OPS                              0                              0              

FU_26_IDLE_NO_READY_OPS                              0                              0              

FU_27_IDLE_NO_READY_OPS                              0                              0              

FU_28_IDLE_NO_READY_OPS                              0                              0              

FU_29_IDLE_NO_READY_OPS                              0                              0              

FU_30_IDLE_NO_READY_OPS                              0                              0              

FU_31_IDLE_NO_READY_OPS                              0                              0              

FU_31_PLUS_IDLE_NO_READY_OPS                         0                              0              

MAP_STAGE_STARVED                               282310        2.838%           582649        2.908%
MAP_STAGE_NOT_STARVED                          9666935       97.162%         19455571       97.092%
                                               9949245      100.000%         20038220      100.000%
                                                  0.97         0.96              0.97         0.96

MAP_STAGE_STALLED                              1593890       15.881%          1919097        9.480%
MAP_STAGE_NOT_STALLED                          8355355       83.252%         18119123       89.508%
MAP_STAGE_OFF_PATH                               87019        0.867%           204860        1.012%
                                              10036264      100.000%         20243080      100.000%
                                                  0.85         0.19              0.92         0.16

MAP_STAGE_STALL_ITSELF                          164484        1.612%           295155        1.437%
MAP_STAGE_NOT_STALL_ITSELF                    10036264       98.388%         20243080       98.563%
                                              10200748      100.000%         20538235      100.000%
                                                  0.98         0.98              0.99         0.98

MAP_STAGE_LATE_ALLOCATE_SEND_BACK                    0                              0              

MAP_STAGE_RENAME_OP_ONPATH                    38735501                       77923222              

MAP_STAGE_RENAME_OP_OFFPATH                     269295                         570372              

MAP_STAGE_RENAME_INT_REG_ONPATH               19523041                       39217474              

MAP_STAGE_RENAME_INT_REG_OFFPATH                193758                         356928              

MAP_STAGE_RENAME_VEC_REG_ONPATH                   1468                           2742              

MAP_STAGE_RENAME_VEC_REG_OFFPATH                   620                           1439              

MAP_STAGE_RENAME_MOVE_ELIM_ONPATH                    0                              0              

MAP_STAGE_RENAME_MOVE_ELIM_OFFPATH                   0                              0              

MAP_STAGE_ONPATH_INT_REG_NUM_ALLOC            19523042                       39217312              

MAP_STAGE_ONPATH_VEC_REG_NUM_ALLOC                1468                           2728              

MAP_STAGE_ONPATH_INT_REG_NUM_SHORTLIVE        13413303                       30159050              

MAP_STAGE_ONPATH_VEC_REG_NUM_SHORTLIVE             533                            979              

MAP_STAGE_ONPATH_INT_REG_USE_COUNT_0             66431                         108996              

MAP_STAGE_ONPATH_VEC_REG_USE_COUNT_0                44                             85              

MAP_STAGE_ONPATH_INT_REG_USE_COUNT_1            235148                         384793              

MAP_STAGE_ONPATH_VEC_REG_USE_COUNT_1              1177                           2187              

MAP_STAGE_ONPATH_INT_REG_USE_COUNT_2          19180345                       38656616              

MAP_STAGE_ONPATH_VEC_REG_USE_COUNT_2               207                            383              

MAP_STAGE_ONPATH_INT_REG_USE_COUNT_3             28219                          45910              

MAP_STAGE_ONPATH_VEC_REG_USE_COUNT_3                 2                              3              

MAP_STAGE_ONPATH_INT_REG_USE_COUNT_4              6284                          10150              

MAP_STAGE_ONPATH_VEC_REG_USE_COUNT_4                13                             26              

MAP_STAGE_ONPATH_INT_REG_USE_COUNT_5              2286                           3852              

MAP_STAGE_ONPATH_VEC_REG_USE_COUNT_5                 9                             14              

MAP_STAGE_ONPATH_INT_REG_USE_COUNT_6              1553                           2338              

MAP_STAGE_ONPATH_VEC_REG_USE_COUNT_6                 0                              0              

MAP_STAGE_ONPATH_INT_REG_USE_COUNT_7_PLUS          2776                           4657              

MAP_STAGE_ONPATH_VEC_REG_USE_COUNT_7_PLUS            16                             30              

MAP_STAGE_ONPATH_INT_REG_CONSUME_DIST_0              0        0.0000                0        0.0000

MAP_STAGE_ONPATH_VEC_REG_CONSUME_DIST_0              0        0.0000                0        0.0000

MAP_STAGE_ONPATH_INT_REG_CONSUME_DIST_1              0        0.0000                0        0.0000

MAP_STAGE_ONPATH_VEC_REG_CONSUME_DIST_1              0        0.0000                0        0.0000

MAP_STAGE_ONPATH_INT_REG_CONSUME_DIST_2       88394313        4.6086        116140403        3.0044

MAP_STAGE_ONPATH_VEC_REG_CONSUME_DIST_2         252137     1218.0531           501455     1309.2820

MAP_STAGE_ONPATH_INT_REG_CONSUME_DIST_3        4421319      156.6788          7835536      170.6717

MAP_STAGE_ONPATH_VEC_REG_CONSUME_DIST_3           1299      649.5000             2337      779.0000

MAP_STAGE_ONPATH_INT_REG_CONSUME_DIST_4         352806       56.1435           632107       62.2766

MAP_STAGE_ONPATH_VEC_REG_CONSUME_DIST_4            694       53.3846              830       31.9231

MAP_STAGE_ONPATH_INT_REG_CONSUME_DIST_5         152420       66.6754           287626       74.6693

MAP_STAGE_ONPATH_VEC_REG_CONSUME_DIST_5          12045     1338.3333            20101     1435.7857

MAP_STAGE_ONPATH_INT_REG_CONSUME_DIST_6          89213       57.4456           177253       75.8139

MAP_STAGE_ONPATH_VEC_REG_CONSUME_DIST_6              0          -nan                0          -nan

MAP_STAGE_ONPATH_INT_REG_CONSUME_DIST_7_PLUS      19044820     6860.5259         37986620     8156.8864

MAP_STAGE_ONPATH_VEC_REG_CONSUME_DIST_7_PLUS          8432      527.0000            14923      497.4333

MAP_STAGE_INT_REG_ISSUE_READ_TOTAL_CONSUMED      67499205        6.9192        135920440        6.9243

MAP_STAGE_VEC_REG_ISSUE_READ_TOTAL_CONSUMED          2202        0.0002             4551        0.0002

MAP_STAGE_INT_REG_ISSUE_READ_MULTI_CONSUMED      47966944        4.9170         96674583        4.9250

MAP_STAGE_VEC_REG_ISSUE_READ_MULTI_CONSUMED           625        0.0001             1446        0.0001

MAP_STAGE_INT_REG_ISSUE_READ_SAME_CYCLE_CONSUMED      22928804        2.3504         49810842        2.5375

MAP_STAGE_VEC_REG_ISSUE_READ_SAME_CYCLE_CONSUMED           148        0.0000              332        0.0000

MAP_STAGE_INT_REG_ISSUE_READ_TOTAL_CONSUMED_ONPATH      67366717        6.9459        135677518        6.9543

MAP_STAGE_VEC_REG_ISSUE_READ_TOTAL_CONSUMED_ONPATH          1938        0.0002             3722        0.0002

MAP_STAGE_INT_REG_ISSUE_READ_MULTI_CONSUMED_ONPATH      47910090        4.9398         96569149        4.9497

MAP_STAGE_VEC_REG_ISSUE_READ_MULTI_CONSUMED_ONPATH           514        0.0001             1066        0.0001

MAP_STAGE_INT_REG_ISSUE_READ_SAME_CYCLE_CONSUMED_ONPATH      22901598        2.3613         49760295        2.5505

MAP_STAGE_VEC_REG_ISSUE_READ_SAME_CYCLE_CONSUMED_ONPATH           128        0.0000              255        0.0000

MAP_STAGE_ONPATH_INT_REG_LIFECYCLE_EMPTY     883829017                     1219836559              

MAP_STAGE_ONPATH_VEC_REG_LIFECYCLE_EMPTY        183534                         266668              

MAP_STAGE_ONPATH_INT_REG_LIFECYCLE_IN_USE    1089474406                     1569830671              

MAP_STAGE_ONPATH_VEC_REG_LIFECYCLE_IN_USE       9859723                       19578683              

MAP_STAGE_ONPATH_INT_REG_LIFECYCLE_SPEC_RELEASE    1297820174                     1981287886              

MAP_STAGE_ONPATH_VEC_REG_LIFECYCLE_SPEC_RELEASE     125727192                      253479210              

MAP_STAGE_ONPATH_INT_REG_LIFECYCLE_NONSPEC_RELEASE    1297820174                     1981287886              

MAP_STAGE_ONPATH_VEC_REG_LIFECYCLE_NONSPEC_RELEASE     125727192                      253479210              

MAP_STAGE_ONPATH_INT_REG_LIFECYCLE_TOTAL    1297820174                     1981287886              

MAP_STAGE_ONPATH_VEC_REG_LIFECYCLE_TOTAL     125727192                      253479210              

MAP_STAGE_ONPATH_INT_REG_NUM_NONBRANCH        19523042                       39217312              

MAP_STAGE_ONPATH_VEC_REG_NUM_NONBRANCH            1468                           2728              

MAP_STAGE_ONPATH_INT_REG_NUM_NONEXCEPT        19523042                       39217312              

MAP_STAGE_ONPATH_VEC_REG_NUM_NONEXCEPT            1468                           2728              

MAP_STAGE_ONPATH_INT_REG_NUM_ATOMIC           19523042                       39217312              

MAP_STAGE_ONPATH_VEC_REG_NUM_ATOMIC               1468                           2728              

MAP_STAGE_ONPATH_INT_REG_ATOMIC_REDEFINED_DIST_TOTAL    1297820174       66.4763       1981287886       50.5207

MAP_STAGE_ONPATH_VEC_REG_ATOMIC_REDEFINED_DIST_TOTAL     125727192    85645.2262        253479210    92917.5990

MAP_STAGE_ONPATH_INT_REG_ATOMIC_CONSUMED_DIST_TOTAL    1089474406       55.8045       1569830671       40.0290

MAP_STAGE_ONPATH_VEC_REG_ATOMIC_CONSUMED_DIST_TOTAL       9859723     6716.4326         19578683     7176.9366

MAP_STAGE_ONPATH_INT_REG_ATOMIC_RELEASE_DIST_TOTAL    1297820174       66.4763       1981287886       50.5207

MAP_STAGE_ONPATH_VEC_REG_ATOMIC_RELEASE_DIST_TOTAL     125727192    85645.2262        253479210    92917.5990

EXEC_STAGE_STARVED                            10044450       98.468%         19773882       96.278%
EXEC_STAGE_NOT_STARVED                           41531        0.407%           509657        2.482%
EXEC_STAGE_OFF_PATH                             114767        1.125%           254696        1.240%
                                              10200748      100.000%         20538235      100.000%
                                                  0.03         0.22              0.05         0.26

FU_BUSY_0                                      9740607                       19601903              

FU_BUSY_1                                      9666394                       19471652              

FU_BUSY_2                                        95579                         160801              

FU_BUSY_3                                        80487                         134283              

FU_BUSY_4                                      9607547                       19370941              

FU_BUSY_5                                        86310                         156053              

FU_BUSY_6                                      4650876                        7363596              

FU_BUSY_7                                      5007987                       12522180              

FU_BUSY_8                                            0                              0              

FU_BUSY_9                                            0                              0              

FU_BUSY_10                                           0                              0              

FU_BUSY_11                                           0                              0              

FU_BUSY_12                                           0                              0              

FU_BUSY_13                                           0                              0              

FU_BUSY_14                                           0                              0              

FU_BUSY_15                                           0                              0              

FU_BUSY_16                                           0                              0              

FU_BUSY_17                                           0                              0              

FU_BUSY_18                                           0                              0              

FU_BUSY_19                                           0                              0              

FU_BUSY_20                                           0                              0              

FU_BUSY_21                                           0                              0              

FU_BUSY_22                                           0                              0              

FU_BUSY_23                                           0                              0              

FU_BUSY_24                                           0                              0              

FU_BUSY_25                                           0                              0              

FU_BUSY_26                                           0                              0              

FU_BUSY_27                                           0                              0              

FU_BUSY_28                                           0                              0              

FU_BUSY_29                                           0                              0              

FU_BUSY_30                                           0                              0              

FU_BUSY_31                                           0                              0              

FU_REJECTED_OP_INV_NOT_SIMD                          0        0.000%                0        0.000%
FU_REJECTED_OP_NOP_NOT_SIMD                         24        0.063%               72        0.014%
FU_REJECTED_OP_CF_NOT_SIMD                          85        0.221%              170        0.034%
FU_REJECTED_OP_MOV_NOT_SIMD                        127        0.331%              198        0.039%
FU_REJECTED_OP_CMOV_NOT_SIMD                         1        0.003%                2        0.000%
FU_REJECTED_OP_LDA_NOT_SIMD                         22        0.057%               47        0.009%
FU_REJECTED_OP_IMEM_NOT_SIMD                      5454       14.203%             8505        1.676%
FU_REJECTED_OP_IADD_NOT_SIMD                     31564       82.200%           495847       97.737%
FU_REJECTED_OP_IMUL_NOT_SIMD                       186        0.484%              351        0.069%
FU_REJECTED_OP_IDIV_NOT_SIMD                        23        0.060%               35        0.007%
FU_REJECTED_OP_ICMP_NOT_SIMD                       190        0.495%              262        0.052%
FU_REJECTED_OP_LOGIC_NOT_SIMD                       61        0.159%              125        0.025%
FU_REJECTED_OP_SHIFT_NOT_SIMD                      138        0.359%              233        0.046%
FU_REJECTED_OP_FMEM_NOT_SIMD                         2        0.005%                6        0.001%
FU_REJECTED_OP_FCVT_NOT_SIMD                         0        0.000%                0        0.000%
FU_REJECTED_OP_FADD_NOT_SIMD                         0        0.000%                0        0.000%
FU_REJECTED_OP_FMUL_NOT_SIMD                         0        0.000%                0        0.000%
FU_REJECTED_OP_FMA_NOT_SIMD                          0        0.000%                0        0.000%
FU_REJECTED_OP_FDIV_NOT_SIMD                         0        0.000%                0        0.000%
FU_REJECTED_OP_FCMP_NOT_SIMD                         0        0.000%                0        0.000%
FU_REJECTED_OP_FCMOV_NOT_SIMD                        0        0.000%                0        0.000%
FU_REJECTED_OP_GATHER_NOT_SIMD                       0        0.000%                0        0.000%
FU_REJECTED_OP_SCATTER_NOT_SIMD                      0        0.000%                0        0.000%
FU_REJECTED_OP_PIPELINED_FAST_NOT_SIMD               0        0.000%                0        0.000%
FU_REJECTED_OP_PIPELINED_MEDIUM_NOT_SIMD             0        0.000%                0        0.000%
FU_REJECTED_OP_PIPELINED_SLOW_NOT_SIMD               0        0.000%                0        0.000%
FU_REJECTED_OP_NOTPIPELINED_MEDIUM_NOT_SIMD             0        0.000%                0        0.000%
FU_REJECTED_OP_NOTPIPELINED_SLOW_NOT_SIMD             0        0.000%                0        0.000%
FU_REJECTED_OP_NOTPIPELINED_VERY_SLOW_NOT_SIMD             0        0.000%                0        0.000%
FU_REJECTED_OP_INV_SIMD                              0        0.000%                0        0.000%
FU_REJECTED_OP_NOP_SIMD                              0        0.000%                0        0.000%
FU_REJECTED_OP_CF_SIMD                               0        0.000%                0        0.000%
FU_REJECTED_OP_MOV_SIMD                              4        0.010%                4        0.001%
FU_REJECTED_OP_CMOV_SIMD                             0        0.000%                0        0.000%
FU_REJECTED_OP_LDA_SIMD                              0        0.000%                0        0.000%
FU_REJECTED_OP_IMEM_SIMD                             0        0.000%                0        0.000%
FU_REJECTED_OP_IADD_SIMD                             0        0.000%                0        0.000%
FU_REJECTED_OP_IMUL_SIMD                             0        0.000%                0        0.000%
FU_REJECTED_OP_IDIV_SIMD                             0        0.000%                0        0.000%
FU_REJECTED_OP_ICMP_SIMD                             0        0.000%                0        0.000%
FU_REJECTED_OP_LOGIC_SIMD                            0        0.000%                0        0.000%
FU_REJECTED_OP_SHIFT_SIMD                            0        0.000%                2        0.000%
FU_REJECTED_OP_FMEM_SIMD                             0        0.000%                0        0.000%
FU_REJECTED_OP_FCVT_SIMD                           126        0.328%              307        0.061%
FU_REJECTED_OP_FADD_SIMD                           392        1.021%             1163        0.229%
FU_REJECTED_OP_FMUL_SIMD                             0        0.000%                0        0.000%
FU_REJECTED_OP_FMA_SIMD                              0        0.000%                0        0.000%
FU_REJECTED_OP_FDIV_SIMD                             0        0.000%                0        0.000%
FU_REJECTED_OP_FCMP_SIMD                             0        0.000%                0        0.000%
FU_REJECTED_OP_FCMOV_SIMD                            0        0.000%                0        0.000%
FU_REJECTED_OP_GATHER_SIMD                           0        0.000%                0        0.000%
FU_REJECTED_OP_SCATTER_SIMD                          0        0.000%                0        0.000%
FU_REJECTED_OP_PIPELINED_FAST_SIMD                   0        0.000%                0        0.000%
FU_REJECTED_OP_PIPELINED_MEDIUM_SIMD                 0        0.000%                0        0.000%
FU_REJECTED_OP_PIPELINED_SLOW_SIMD                   0        0.000%                0        0.000%
FU_REJECTED_OP_NOTPIPELINED_MEDIUM_SIMD              0        0.000%                0        0.000%
FU_REJECTED_OP_NOTPIPELINED_SLOW_SIMD                0        0.000%                0        0.000%
FU_REJECTED_OP_NOTPIPELINED_VERY_SLOW_SIMD             0        0.000%                0        0.000%
                                                 38399      100.000%           507329      100.000%
                                                  7.37         4.31              7.09         2.00

LSQ_FULL_TOTAL                                 1591366                        1915413              

LSQ_FULL_LOAD_QUEUE                                  0                              0              

LSQ_FULL_STORE_QUEUE                           1591366                        1915413              

OP_WAIT_0                                     28997989                       57911947              

OP_WAIT_1                                      2188877                        9001273              

OP_WAIT_2                                        23205                          36607              

OP_WAIT_3                                         9027                          13912              

OP_WAIT_4                                         4961                           7541              

OP_WAIT_5                                         3049                           4657              

OP_WAIT_6                                         2127                           3108              

OP_WAIT_7                                       613211                        1882403              

OP_WAIT_8                                       756288                        1056199              

OP_WAIT_9                                       326972                         327436              

OP_WAIT_10                                      196357                         198741              

OP_WAIT_11                                      175131                        1064098              

OP_WAIT_12                                        7020                           9204              

OP_WAIT_13                                        8152                          16050              

OP_WAIT_14                                        8095                          10207              

OP_WAIT_15                                         400                            592              

OP_WAIT_16                                         318                            482              

OP_WAIT_17                                         309                           2393              

OP_WAIT_18                                         311                            447              

OP_WAIT_19                                         293                            421              

OP_WAIT_20                                         299                            433              

OP_WAIT_21                                        2331                           3759              

OP_WAIT_22                                     1118098                        1741345              

OP_WAIT_23                                     1295426                        1606494              

OP_WAIT_24                                         201                            341              

OP_WAIT_25                                         228                            356              

OP_WAIT_26                                      649016                         649141              

OP_WAIT_27                                         211                            327              

OP_WAIT_28                                         227                            327              

OP_WAIT_29                                         222                            306              

OP_WAIT_30                                         198                            296              

OP_WAIT_31                                     2346953                        2372093              

ROW_SIZE_0                                      392692                         764179              

ROW_SIZE_1                                       24281                          45654              

ROW_SIZE_2                                        9814                          19011              

ROW_SIZE_3                                        4667                           8721              

ROW_SIZE_4                                     9514198                       19198887              

ROW_SIZE_5                                        3998                           6951              

ROW_SIZE_6                                      100135                         163799              

ROW_SIZE_7                                           0                              0              

ROW_SIZE_8                                           0                              0              

ROW_SIZE_9                                           0                              0              

ROW_SIZE_10                                          0                              0              

ROW_SIZE_11                                          0                              0              

ROW_SIZE_12                                          0                              0              

ROW_SIZE_13                                          0                              0              

ROW_SIZE_14                                          0                              0              

ROW_SIZE_15                                          0                              0              

ROW_SIZE_16                                          0                              0              

ROW_SIZE_17                                          0                              0              

ROW_SIZE_18                                          0                              0              

ROW_SIZE_19                                          0                              0              

ROW_SIZE_20                                          0                              0              

ROW_SIZE_21                                          0                              0              

ROW_SIZE_22                                          0                              0              

ROW_SIZE_23                                          0                              0              

ROW_SIZE_24                                          0                              0              

ROW_SIZE_25                                          0                              0              

ROW_SIZE_26                                          0                              0              

ROW_SIZE_27                                          0                              0              

ROW_SIZE_28                                          0                              0              

ROW_SIZE_29                                          0                              0              

ROW_SIZE_30                                          0                              0              

ROW_SIZE_31                                          0                              0              

RET_OP_EXEC_COUNT_0                                  0        0.000%                0        0.000%
RET_OP_EXEC_COUNT_1                           38735502      100.000%         77922936      100.000%
RET_OP_EXEC_COUNT_2                                  0        0.000%                0        0.000%
RET_OP_EXEC_COUNT_3                                  0        0.000%                0        0.000%
RET_OP_EXEC_COUNT_4                                  0        0.000%                0        0.000%
RET_OP_EXEC_COUNT_5                                  0        0.000%                0        0.000%
RET_OP_EXEC_COUNT_6                                  0        0.000%                0        0.000%
RET_OP_EXEC_COUNT_7                                  0        0.000%                0        0.000%
RET_OP_EXEC_COUNT_8                                  0        0.000%                0        0.000%
RET_OP_EXEC_COUNT_9                                  0        0.000%                0        0.000%
RET_OP_EXEC_COUNT_10                                 0        0.000%                0        0.000%
RET_OP_EXEC_COUNT_11                                 0        0.000%                0        0.000%
RET_OP_EXEC_COUNT_12                                 0        0.000%                0        0.000%
RET_OP_EXEC_COUNT_13                                 0        0.000%                0        0.000%
RET_OP_EXEC_COUNT_14                                 0        0.000%                0        0.000%
RET_OP_EXEC_COUNT_15                                 0        0.000%                0        0.000%
RET_OP_EXEC_COUNT_16                                 0        0.000%                0        0.000%
RET_OP_EXEC_COUNT_17                                 0        0.000%                0        0.000%
RET_OP_EXEC_COUNT_18                                 0        0.000%                0        0.000%
RET_OP_EXEC_COUNT_19                                 0        0.000%                0        0.000%
RET_OP_EXEC_COUNT_20                                 0        0.000%                0        0.000%
RET_OP_EXEC_COUNT_21                                 0        0.000%                0        0.000%
RET_OP_EXEC_COUNT_22                                 0        0.000%                0        0.000%
RET_OP_EXEC_COUNT_23                                 0        0.000%                0        0.000%
RET_OP_EXEC_COUNT_24                                 0        0.000%                0        0.000%
RET_OP_EXEC_COUNT_25                                 0        0.000%                0        0.000%
RET_OP_EXEC_COUNT_26                                 0        0.000%                0        0.000%
RET_OP_EXEC_COUNT_27                                 0        0.000%                0        0.000%
RET_OP_EXEC_COUNT_28                                 0        0.000%                0        0.000%
RET_OP_EXEC_COUNT_29                                 0        0.000%                0        0.000%
RET_OP_EXEC_COUNT_30                                 0        0.000%                0        0.000%
RET_OP_EXEC_COUNT_31                                 0        0.000%                0        0.000%
RET_OP_EXEC_COUNT_32                                 0        0.000%                0        0.000%
                                              38735502      100.000%         77922936      100.000%
                                                  1.00         0.00              1.00         0.00

RET_STALL_LENGTH_0                            38734619       99.998%         77920984       99.997%
RET_STALL_LENGTH_100                               551        0.001%             1261        0.002%
RET_STALL_LENGTH_200                                89        0.000%              256        0.000%
RET_STALL_LENGTH_300                                42        0.000%               81        0.000%
RET_STALL_LENGTH_400                                65        0.000%              110        0.000%
RET_STALL_LENGTH_500                                55        0.000%              102        0.000%
RET_STALL_LENGTH_600                                34        0.000%               57        0.000%
RET_STALL_LENGTH_700                                15        0.000%               29        0.000%
RET_STALL_LENGTH_800                                 8        0.000%               13        0.000%
RET_STALL_LENGTH_900                                 3        0.000%                6        0.000%
RET_STALL_LENGTH_1000                                3        0.000%                5        0.000%
RET_STALL_LENGTH_1100                                2        0.000%                5        0.000%
RET_STALL_LENGTH_1200                                6        0.000%                9        0.000%
RET_STALL_LENGTH_1300                                3        0.000%                7        0.000%
RET_STALL_LENGTH_1400                                3        0.000%                4        0.000%
RET_STALL_LENGTH_1500                                1        0.000%                2        0.000%
RET_STALL_LENGTH_1600                                0        0.000%                1        0.000%
RET_STALL_LENGTH_1700                                2        0.000%                2        0.000%
RET_STALL_LENGTH_1800                                0        0.000%                1        0.000%
RET_STALL_LENGTH_1900                                0        0.000%                0        0.000%
RET_STALL_LENGTH_2000                                1        0.000%                1        0.000%
RET_STALL_LENGTH_2100                                0        0.000%                0        0.000%
RET_STALL_LENGTH_2200                                0        0.000%                0        0.000%
RET_STALL_LENGTH_2300                                0        0.000%                0        0.000%
RET_STALL_LENGTH_2400                                0        0.000%                0        0.000%
RET_STALL_LENGTH_2500                                0        0.000%                0        0.000%
RET_STALL_LENGTH_2600                                0        0.000%                0        0.000%
RET_STALL_LENGTH_2700                                0        0.000%                0        0.000%
RET_STALL_LENGTH_2800                                0        0.000%                0        0.000%
RET_STALL_LENGTH_2900                                0        0.000%                0        0.000%
RET_STALL_LENGTH_3000                                0        0.000%                0        0.000%
RET_STALL_LENGTH_3100                                0        0.000%                0        0.000%
RET_STALL_LENGTH_3200                                0        0.000%                0        0.000%
RET_STALL_LENGTH_3300                                0        0.000%                0        0.000%
RET_STALL_LENGTH_3400                                0        0.000%                0        0.000%
RET_STALL_LENGTH_3500                                0        0.000%                0        0.000%
RET_STALL_LENGTH_3600                                0        0.000%                0        0.000%
RET_STALL_LENGTH_3700                                0        0.000%                0        0.000%
RET_STALL_LENGTH_3800                                0        0.000%                0        0.000%
RET_STALL_LENGTH_3900                                0        0.000%                0        0.000%
RET_STALL_LENGTH_4000                                0        0.000%                0        0.000%
RET_STALL_LENGTH_4100                                0        0.000%                0        0.000%
RET_STALL_LENGTH_4200                                0        0.000%                0        0.000%
RET_STALL_LENGTH_4300                                0        0.000%                0        0.000%
RET_STALL_LENGTH_4400                                0        0.000%                0        0.000%
RET_STALL_LENGTH_4500                                0        0.000%                0        0.000%
RET_STALL_LENGTH_4600                                0        0.000%                0        0.000%
RET_STALL_LENGTH_4700                                0        0.000%                0        0.000%
RET_STALL_LENGTH_4800                                0        0.000%                0        0.000%
RET_STALL_LENGTH_4900                                0        0.000%                0        0.000%
RET_STALL_LENGTH_5000                                0        0.000%                0        0.000%
                                              38735502      100.000%         77922936      100.000%
                                                  0.00         0.02              0.00         0.02

MEM_BLOCK_LENGTH_0                                 109       88.618%              213       89.121%
MEM_BLOCK_LENGTH_100                                11        8.943%               18        7.531%
MEM_BLOCK_LENGTH_200                                 1        0.813%                4        1.674%
MEM_BLOCK_LENGTH_300                                 0        0.000%                0        0.000%
MEM_BLOCK_LENGTH_400                                 0        0.000%                2        0.837%
MEM_BLOCK_LENGTH_500                                 1        0.813%                1        0.418%
MEM_BLOCK_LENGTH_600                                 1        0.813%                1        0.418%
MEM_BLOCK_LENGTH_700                                 0        0.000%                0        0.000%
MEM_BLOCK_LENGTH_800                                 0        0.000%                0        0.000%
MEM_BLOCK_LENGTH_900                                 0        0.000%                0        0.000%
MEM_BLOCK_LENGTH_1000                                0        0.000%                0        0.000%
MEM_BLOCK_LENGTH_1100                                0        0.000%                0        0.000%
MEM_BLOCK_LENGTH_1200                                0        0.000%                0        0.000%
MEM_BLOCK_LENGTH_1300                                0        0.000%                0        0.000%
MEM_BLOCK_LENGTH_1400                                0        0.000%                0        0.000%
MEM_BLOCK_LENGTH_1500                                0        0.000%                0        0.000%
MEM_BLOCK_LENGTH_1600                                0        0.000%                0        0.000%
MEM_BLOCK_LENGTH_1700                                0        0.000%                0        0.000%
MEM_BLOCK_LENGTH_1800                                0        0.000%                0        0.000%
MEM_BLOCK_LENGTH_1900                                0        0.000%                0        0.000%
MEM_BLOCK_LENGTH_2000                                0        0.000%                0        0.000%
MEM_BLOCK_LENGTH_2100                                0        0.000%                0        0.000%
MEM_BLOCK_LENGTH_2200                                0        0.000%                0        0.000%
MEM_BLOCK_LENGTH_2300                                0        0.000%                0        0.000%
MEM_BLOCK_LENGTH_2400                                0        0.000%                0        0.000%
MEM_BLOCK_LENGTH_2500                                0        0.000%                0        0.000%
MEM_BLOCK_LENGTH_2600                                0        0.000%                0        0.000%
MEM_BLOCK_LENGTH_2700                                0        0.000%                0        0.000%
MEM_BLOCK_LENGTH_2800                                0        0.000%                0        0.000%
MEM_BLOCK_LENGTH_2900                                0        0.000%                0        0.000%
MEM_BLOCK_LENGTH_3000                                0        0.000%                0        0.000%
MEM_BLOCK_LENGTH_3100                                0        0.000%                0        0.000%
MEM_BLOCK_LENGTH_3200                                0        0.000%                0        0.000%
MEM_BLOCK_LENGTH_3300                                0        0.000%                0        0.000%
MEM_BLOCK_LENGTH_3400                                0        0.000%                0        0.000%
MEM_BLOCK_LENGTH_3500                                0        0.000%                0        0.000%
MEM_BLOCK_LENGTH_3600                                0        0.000%                0        0.000%
MEM_BLOCK_LENGTH_3700                                0        0.000%                0        0.000%
MEM_BLOCK_LENGTH_3800                                0        0.000%                0        0.000%
MEM_BLOCK_LENGTH_3900                                0        0.000%                0        0.000%
MEM_BLOCK_LENGTH_4000                                0        0.000%                0        0.000%
MEM_BLOCK_LENGTH_4100                                0        0.000%                0        0.000%
MEM_BLOCK_LENGTH_4200                                0        0.000%                0        0.000%
MEM_BLOCK_LENGTH_4300                                0        0.000%                0        0.000%
MEM_BLOCK_LENGTH_4400                                0        0.000%                0        0.000%
MEM_BLOCK_LENGTH_4500                                0        0.000%                0        0.000%
MEM_BLOCK_LENGTH_4600                                0        0.000%                0        0.000%
MEM_BLOCK_LENGTH_4700                                0        0.000%                0        0.000%
MEM_BLOCK_LENGTH_4800                                0        0.000%                0        0.000%
MEM_BLOCK_LENGTH_4900                                0        0.000%                0        0.000%
MEM_BLOCK_LENGTH_5000                                0        0.000%                0        0.000%
                                                   123      100.000%              239      100.000%
                                                  0.20         0.74              0.19         0.68

FUS_BUSY_ON_PATH                              38781008        3.8018         78439251        3.8192

FUS_BUSY_OFF_PATH                               154779        0.0152           342158        0.0167

FU_BUSY_MEM_STALL                                47238        0.0046           519033        0.0253

FUS_EMPTY                                     42670197        4.1830         85524471        4.1642

FU_UNAVAILABLE                                     900        0.0001             1559        0.0001

FU_MEM_UNAVAILABLE                               37499        0.0037           505770        0.0246

FU_OTHER_UNAVAILABLE                                 0        0.0000                0        0.0000

FU_REPLAY                                            0        0.0000                0        0.0000

FU_STARVED                                    42661915        4.1822         85506747        4.1633

CHIP_UTILIZATION                                     0        0.0000                0        0.0000

CYCLES_UNDER_MEM_REQ                                 0                              0              

CYCLES_UNDER_NO_MEM_REQ                              0                              0              

CYCLES_UNDER_CRITICAL_MEM_REQ                        0                              0              

CYCLES_UNDER_NONCRITICAL_MEM_REQ                     0                              0              

CHIP_UTILIZATION_UNDER_MEM_REQ                       0          -nan                0          -nan

CHIP_UTILIZATION_UNDER_NO_MEM_REQ                    0          -nan                0          -nan

CHIP_UTILIZATION_UNDER_CRITICAL_MEM_REQ              0          -nan                0          -nan

CHIP_UTILIZATION_UNDER_NONCRITICAL_MEM_REQ             0          -nan                0          -nan

CYCLES_NOT_WAITING_FOR_OFF_CHIP                      0        0.0000                0        0.0000

FUS_BUSY_NOT_WAITING_FOR_OFF_CHIP                    0          -nan                0          -nan

CYCLES_WAITING_FOR_OFF_CHIP                          0        0.0000                0        0.0000

FUS_BUSY_WAITING_FOR_OFF_CHIP                        0          -nan                0          -nan

TOTAL_OFF_CHIP_DELAYS_LEFT                           0                              0              

WRONG_IO_SCHED                                       0                              0              

DVFS_CONFIG_SWITCH                                   0                              0              

MAP_STAGE_RECEIVED_OPS_0                             0        0.000%                0        0.000%
MAP_STAGE_RECEIVED_OPS_1                          5091        0.063%             8994        0.051%
MAP_STAGE_RECEIVED_OPS_2                          7247        0.090%            11194        0.064%
MAP_STAGE_RECEIVED_OPS_3                         12164        0.151%            19084        0.109%
MAP_STAGE_RECEIVED_OPS_4                       4782501       59.257%         13531032       77.182%
MAP_STAGE_RECEIVED_OPS_5                         37315        0.462%            64539        0.368%
MAP_STAGE_RECEIVED_OPS_6                       3226476       39.977%          3896434       22.226%
MAP_STAGE_RECEIVED_OPS_7                             0        0.000%                0        0.000%
MAP_STAGE_RECEIVED_OPS_8                             0        0.000%                0        0.000%
MAP_STAGE_RECEIVED_OPS_MAX                           0        0.000%                0        0.000%
                                               8070794      100.000%         17531277      100.000%
                                                  4.80         0.99              4.44         0.84

MAP_STAGE_WAIT_FOR_DECODE                            0         -nan%                0         -nan%
MAP_STAGE_CONSUME_DECODE                             0         -nan%                0         -nan%
                                                     0         -nan%                0         -nan%
                                                  -nan         -nan              -nan         -nan

MAP_STAGE_WAIT_FOR_DECODE2                           0         -nan%                0         -nan%
MAP_STAGE_CONSUME_DECODE2                            0         -nan%                0         -nan%
                                                     0         -nan%                0         -nan%
                                                  -nan         -nan              -nan         -nan

FTQ_RECOVER_EXEC                                  2642                           5669              

FTQ_RECOVER_DECODE                                 316                           1290              

FTQ_OFFPATH_CYCLES                              474699                         992426              

FTQ_CYCLES_OFFPATH                              474699                         992426              

FTQ_CYCLES_ONPATH                              9726049                       19545809              

FTQ_FETCHED_INS_ONPATH                        38735478                       77923432              

FTQ_FETCHED_INS_OFFPATH                        1473063                        3365758              

FTQ_BREAK_FULL_FT_ONPATH                       7617433                       11177723              

FTQ_BREAK_FULL_FT_OFFPATH                       332733                         702875              

FTQ_BREAK_PRED_BR_ONPATH                             0                              0              

FTQ_BREAK_PRED_BR_OFFPATH                            0                              0              

FTQ_BREAK_BAR_FETCH_ONPATH                           0                              0              

FTQ_BREAK_BAR_FETCH_OFFPATH                          0                              0              

FTQ_BREAK_MAX_CFS_TAKEN_ONPATH                       0                              0              

FTQ_BREAK_MAX_CFS_TAKEN_OFFPATH                      0                              0              

FTQ_BREAK_MAX_FT_ONPATH                        2108616                        8368086              

FTQ_BREAK_MAX_FT_OFFPATH                        141966                         289551              

DFE_GEN_ON_PATH_FT                             9626515                       19385323              

DFE_GEN_OFF_PATH_FT                             155707                         316100              

DFE_L0_ENABLED_PREDICTIONS                    38735478                       77923432              

DFE_L0_WRONG_MAIN_CORRECT                        23372                          38890              

DFE_L0_WRONG_MAIN_WRONG                           2348                           5823              

DFE_L0_CORRECT_MAIN_WRONG                          610                           1136              

DFE_L0_CORRECT_MAIN_CORRECT                   38709148                       77877583              

DFE_L0_WRONG_MAIN_CORRECT_RECOVERY_SCHEDULED             0                              0              

FTQ_SAW_BAR_FETCH_OFFPATH                            0                              0              

FTQ_SAW_BAR_FETCH_ONPATH                             0                              0              

DFE_CONF_0_RECOVER_AT_EXEC                           0         -nan%                0         -nan%
DFE_CONF_1_RECOVER_AT_EXEC                           0         -nan%                0         -nan%
DFE_CONF_2_RECOVER_AT_EXEC                           0         -nan%                0         -nan%
DFE_CONF_3_RECOVER_AT_EXEC                           0         -nan%                0         -nan%
DFE_CONF_0_CORRECT                                   0         -nan%                0         -nan%
DFE_CONF_1_CORRECT                                   0         -nan%                0         -nan%
DFE_CONF_2_CORRECT                                   0         -nan%                0         -nan%
DFE_CONF_3_CORRECT                                   0         -nan%                0         -nan%
                                                     0         -nan%                0         -nan%
                                                  -nan         -nan              -nan         -nan

DFE_ON_CONF_ON_OPS                                   0         -nan%                0         -nan%
DFE_ON_CONF_OFF_OPS                                  0         -nan%                0         -nan%
DFE_OFF_CONF_ON_OPS                                  0         -nan%                0         -nan%
DFE_OFF_CONF_OFF_REALISTIC_OPS                       0         -nan%                0         -nan%
DFE_OFF_CONF_OFF_PERFECT_OPS                         0         -nan%                0         -nan%
                                                     0         -nan%                0         -nan%
                                                  -nan         -nan              -nan         -nan

DFE_ON_CONF_ON_FETCH_TARGETS                         0         -nan%                0         -nan%
DFE_ON_CONF_OFF_FETCH_TARGETS                        0         -nan%                0         -nan%
DFE_OFF_CONF_ON_FETCH_TARGETS                        0         -nan%                0         -nan%
DFE_OFF_CONF_OFF_REALISTIC_FETCH_TARGETS             0         -nan%                0         -nan%
DFE_OFF_CONF_OFF_PERFECT_FETCH_TARGETS               0         -nan%                0         -nan%
                                                     0         -nan%                0         -nan%
                                                  -nan         -nan              -nan         -nan

DFE_ON_CONF_ON_CYCLES                                0         -nan%                0         -nan%
DFE_ON_CONF_OFF_CYCLES                               0         -nan%                0         -nan%
DFE_OFF_CONF_ON_CYCLES                               0         -nan%                0         -nan%
DFE_OFF_CONF_OFF_REALISTIC_CYCLES                    0         -nan%                0         -nan%
DFE_OFF_CONF_OFF_PERFECT_CYCLES                      0         -nan%                0         -nan%
                                                     0         -nan%                0         -nan%
                                                  -nan         -nan              -nan         -nan

DFE_OFF_CONF_ON_NUM_EVENTS                           0                              0              

DFE_OFF_CONF_ON_NOT_IDENTIFIED_EVENTS                0         -nan%                0         -nan%
DFE_OFF_CONF_ON_IBTB_MISS_EVENTS                     0         -nan%                0         -nan%
DFE_OFF_CONF_ON_BTB_MISS_EVENTS                      0         -nan%                0         -nan%
DFE_OFF_CONF_ON_BTB_MISS_RECOVER_AT_EXEC_EVENTS             0         -nan%                0         -nan%
DFE_OFF_CONF_ON_RECOVER_AT_EXEC_EVENTS               0         -nan%                0         -nan%
DFE_OFF_CONF_ON_RECOVER_AT_DECODE_EVENTS             0         -nan%                0         -nan%
                                                     0         -nan%                0         -nan%
                                                  -nan         -nan              -nan         -nan

DFE_OFF_CONF_ON_LATE_BTB_HIT_EVENTS                  0                              0              

DFE_OFF_CONF_ON_NOT_IDENTIFIED_CYCLES                0         -nan%                0         -nan%
DFE_OFF_CONF_ON_IBTB_MISS_CYCLES                     0         -nan%                0         -nan%
DFE_OFF_CONF_ON_BTB_MISS_CYCLES                      0         -nan%                0         -nan%
DFE_OFF_CONF_ON_BTB_MISS_RECOVER_AT_EXEC_CYCLES             0         -nan%                0         -nan%
DFE_OFF_CONF_ON_RECOVER_AT_EXEC_CYCLES               0         -nan%                0         -nan%
DFE_OFF_CONF_ON_RECOVER_AT_DECODE_CYCLES             0         -nan%                0         -nan%
                                                     0         -nan%                0         -nan%
                                                  -nan         -nan              -nan         -nan

DFE_OFF_CONF_ON_LATE_BTB_HIT_CYCLES                  0                              0              

DFE_OFF_CONF_ON_NOT_IDENTIFIED_FETCH_TARGETS             0         -nan%                0         -nan%
DFE_OFF_CONF_ON_IBTB_MISS_FETCH_TARGETS              0         -nan%                0         -nan%
DFE_OFF_CONF_ON_BTB_MISS_FETCH_TARGETS               0         -nan%                0         -nan%
DFE_OFF_CONF_ON_BTB_MISS_RECOVER_AT_EXEC_FETCH_TARGETS             0         -nan%                0         -nan%
DFE_OFF_CONF_ON_RECOVER_AT_EXEC_FETCH_TARGETS             0         -nan%                0         -nan%
DFE_OFF_CONF_ON_RECOVER_AT_DECODE_FETCH_TARGETS             0         -nan%                0         -nan%
                                                     0         -nan%                0         -nan%
                                                  -nan         -nan              -nan         -nan

DFE_OFF_CONF_ON_LATE_BTB_HIT_FETCH_TARGETS             0                              0              

DFE_OFF_CONF_ON_BP_INCORRECT_0_CONF                  0         -nan%                0         -nan%
DFE_OFF_CONF_ON_BP_INCORRECT_1_CONF                  0         -nan%                0         -nan%
DFE_OFF_CONF_ON_BP_INCORRECT_2_CONF                  0         -nan%                0         -nan%
DFE_OFF_CONF_ON_BP_INCORRECT_3_CONF                  0         -nan%                0         -nan%
                                                     0         -nan%                0         -nan%
                                                  -nan         -nan              -nan         -nan

DFE_OFF_CONF_ON_BTB_MISS_CBR_0_CONF                  0         -nan%                0         -nan%
DFE_OFF_CONF_ON_BTB_MISS_CBR_1_CONF                  0         -nan%                0         -nan%
DFE_OFF_CONF_ON_BTB_MISS_CBR_2_CONF                  0         -nan%                0         -nan%
DFE_OFF_CONF_ON_BTB_MISS_CBR_3_CONF                  0         -nan%                0         -nan%
                                                     0         -nan%                0         -nan%
                                                  -nan         -nan              -nan         -nan

DFE_OFF_CONF_ON_BTB_MISS_NOT_CF                      0         -nan%                0         -nan%
DFE_OFF_CONF_ON_BTB_MISS_CF_BR                       0         -nan%                0         -nan%
DFE_OFF_CONF_ON_BTB_MISS_CF_CBR                      0         -nan%                0         -nan%
DFE_OFF_CONF_ON_BTB_MISS_CF_CALL                     0         -nan%                0         -nan%
DFE_OFF_CONF_ON_BTB_MISS_CF_IBR                      0         -nan%                0         -nan%
DFE_OFF_CONF_ON_BTB_MISS_CF_ICALL                    0         -nan%                0         -nan%
DFE_OFF_CONF_ON_BTB_MISS_CF_ICO                      0         -nan%                0         -nan%
DFE_OFF_CONF_ON_BTB_MISS_CF_RET                      0         -nan%                0         -nan%
DFE_OFF_CONF_ON_BTB_MISS_CF_SYS                      0         -nan%                0         -nan%
                                                     0         -nan%                0         -nan%
                                                  -nan         -nan              -nan         -nan

DFE_ON_CONF_OFF_NUM_EVENTS                           0                              0              

CONF_BTB_NUM_CYCLES_OFF_PATH_EVENT                   0                              0              

DFE_ON_CONF_OFF_IBTB_MISS_BP_TAKEN                   0         -nan%                0         -nan%
DFE_ON_CONF_OFF_BTB_MISS_BP_TAKEN_CONF_0             0         -nan%                0         -nan%
DFE_ON_CONF_OFF_BTB_MISS_BP_TAKEN_CONF_1             0         -nan%                0         -nan%
DFE_ON_CONF_OFF_BTB_MISS_BP_TAKEN_CONF_2             0         -nan%                0         -nan%
DFE_ON_CONF_OFF_BTB_MISS_BP_TAKEN_CONF_3             0         -nan%                0         -nan%
DFE_ON_CONF_OFF_BTB_MISS_RATE                        0         -nan%                0         -nan%
DFE_ON_CONF_OFF_IBTB_MISS_RATE                       0         -nan%                0         -nan%
DFE_ON_CONF_OFF_RECOVER_AT_DECODE_RATE               0         -nan%                0         -nan%
DFE_ON_CONF_OFF_RECOVER_AT_EXEC_RATE                 0         -nan%                0         -nan%
DFE_ON_CONF_OFF_INV_CONF_INC                         0         -nan%                0         -nan%
DFE_ON_CONF_OFF_PERFECT_CONF                         0         -nan%                0         -nan%
                                                     0         -nan%                0         -nan%
                                                  -nan         -nan              -nan         -nan

DFE_ON_CONF_OFF_IBTB_MISS_BP_TAKEN_CYCLES             0         -nan%                0         -nan%
DFE_ON_CONF_OFF_BTB_MISS_BP_TAKEN_CONF_0_CYCLES             0         -nan%                0         -nan%
DFE_ON_CONF_OFF_BTB_MISS_BP_TAKEN_CONF_1_CYCLES             0         -nan%                0         -nan%
DFE_ON_CONF_OFF_BTB_MISS_BP_TAKEN_CONF_2_CYCLES             0         -nan%                0         -nan%
DFE_ON_CONF_OFF_BTB_MISS_BP_TAKEN_CONF_3_CYCLES             0         -nan%                0         -nan%
DFE_ON_CONF_OFF_BTB_MISS_RATE_CYCLES                 0         -nan%                0         -nan%
DFE_ON_CONF_OFF_IBTB_MISS_RATE_CYCLES                0         -nan%                0         -nan%
DFE_ON_CONF_OFF_RECOVER_AT_DECODE_RATE_CYCLES             0         -nan%                0         -nan%
DFE_ON_CONF_OFF_RECOVER_AT_EXEC_RATE_CYCLES             0         -nan%                0         -nan%
DFE_ON_CONF_OFF_INV_CONF_INC_CYCLES                  0         -nan%                0         -nan%
DFE_ON_CONF_OFF_PERFECT_CONF_CYCLES                  0         -nan%                0         -nan%
                                                     0         -nan%                0         -nan%
                                                  -nan         -nan              -nan         -nan

DFE_ON_CONF_OFF_IBTB_MISS_BP_TAKEN_FETCH_TARGETS             0         -nan%                0         -nan%
DFE_ON_CONF_OFF_BTB_MISS_BP_TAKEN_CONF_0_FETCH_TARGETS             0         -nan%                0         -nan%
DFE_ON_CONF_OFF_BTB_MISS_BP_TAKEN_CONF_1_FETCH_TARGETS             0         -nan%                0         -nan%
DFE_ON_CONF_OFF_BTB_MISS_BP_TAKEN_CONF_2_FETCH_TARGETS             0         -nan%                0         -nan%
DFE_ON_CONF_OFF_BTB_MISS_BP_TAKEN_CONF_3_FETCH_TARGETS             0         -nan%                0         -nan%
DFE_ON_CONF_OFF_BTB_MISS_RATE_FETCH_TARGETS             0         -nan%                0         -nan%
DFE_ON_CONF_OFF_IBTB_MISS_RATE_FETCH_TARGETS             0         -nan%                0         -nan%
DFE_ON_CONF_OFF_RECOVER_AT_DECODE_RATE_FETCH_TARGETS             0         -nan%                0         -nan%
DFE_ON_CONF_OFF_RECOVER_AT_EXEC_RATE_FETCH_TARGETS             0         -nan%                0         -nan%
DFE_ON_CONF_OFF_INV_CONF_INC_FETCH_TARGETS             0         -nan%                0         -nan%
DFE_ON_CONF_OFF_PERFECT_CONF_FETCH_TARGETS             0         -nan%                0         -nan%
                                                     0         -nan%                0         -nan%
                                                  -nan         -nan              -nan         -nan

CONF_OFF_IBTB_MISS_BP_TAKEN                          0         -nan%                0         -nan%
CONF_OFF_BTB_MISS_BP_TAKEN_CONF_0                    0         -nan%                0         -nan%
CONF_OFF_BTB_MISS_BP_TAKEN_CONF_1                    0         -nan%                0         -nan%
CONF_OFF_BTB_MISS_BP_TAKEN_CONF_2                    0         -nan%                0         -nan%
CONF_OFF_BTB_MISS_BP_TAKEN_CONF_3                    0         -nan%                0         -nan%
CONF_OFF_BTB_MISS_RATE                               0         -nan%                0         -nan%
CONF_OFF_IBTB_MISS_RATE                              0         -nan%                0         -nan%
CONF_OFF_RECOVER_AT_DECODE_RATE                      0         -nan%                0         -nan%
CONF_OFF_RECOVER_AT_EXEC_RATE                        0         -nan%                0         -nan%
CONF_OFF_INV_CONF_INC                                0         -nan%                0         -nan%
CONF_OFF_PERFECT_CONF                                0         -nan%                0         -nan%
                                                     0         -nan%                0         -nan%
                                                  -nan         -nan              -nan         -nan

TOPDOWN_TOTAL_SLOTS                           61204488                      123229410              

TOPDOWN_ISSUED_SLOTS                          39063903                       78618706              

TOPDOWN_RETIRED_SLOTS                         38735501                       77923252              

TOPDOWN_FETCH_BUBBLES_SLOTS                   11401456                       30864118              

TOPDOWN_RECOVERY_BUBBLES_SLOTS                  172294                         323285              

TOPDOWN_MEM_LOAD_STALLS_CYCLES                  170334                         324221              

TOPDOWN_MEM_STORE_STALLS_CYCLES                   1781                           2626              

TOPDOWN_EXEC_STALLS_CYCLES                      289096                         566116              

TOPDOWN_BACKEND_STALLS_CYCLES                  1757206                        2231281              

TOPDOWN_FETCH_BUBBLES_GT_MIW_CYCLES             279183                         584793              

TOPDOWN_BR_RECOVER_AT_EXEC_RETIRED_CYCLES          2642                           5669              

TOPDOWN_MACHINE_CLEAR_CYCLES                     26330                          45849              

TOPDOWN_FRONTEND_BOUND                            1862                           1862              

TOPDOWN_BACKEND_BOUND                             1729                           1729              

TOPDOWN_BAD_SPEC_BOUND                              81                             81              

TOPDOWN_RETIRING_BOUND                            6328                           6328              

TOPDOWN_FETCH_LATENCY_BOUND                        273                            273              

TOPDOWN_FETCH_BANDWIDTH_BOUND                     1589                           1589              

TOPDOWN_MEM_BOUND                                  169                            169              

TOPDOWN_CORE_BOUND                                1560                           1560              

TOPDOWN_BR_RECOVER_AT_EXEC_BOUND                     7                              7              

TOPDOWN_MACHINE_CLEARS_BOUND                        74                             74              



