Scarab gitrev: 6deb50d
Warning: Scarab expects the trace file type to include OFFLINE_FILE_TYPE_ARCH_REGDEPS (0x20000), but got type: 0xe40
Scarab started at Thu May  7 05:06:00 2026

Initialized Ramulator. 
** Heartbeat:   5% -- { 1000000 } -- 0.00 KIPS (250.00 KIPS)
** Heartbeat:  10% -- { 2000004 } -- 250.00 KIPS (250.00 KIPS)
** Heartbeat:  15% -- { 3000007 } -- 250.00 KIPS (250.00 KIPS)
** Heartbeat:  20% -- { 4000010 } -- 250.00 KIPS (250.00 KIPS)
** Heartbeat:  25% -- { 5000013 } -- 250.00 KIPS (250.00 KIPS)
** Heartbeat:  30% -- { 6000014 } -- 200.00 KIPS (240.00 KIPS)
** Heartbeat:  35% -- { 7000017 } -- 333.33 KIPS (250.00 KIPS)
** Heartbeat:  40% -- { 8000019 } -- 200.00 KIPS (242.42 KIPS)
** Heartbeat:  45% -- { 9000019 } -- 250.00 KIPS (243.24 KIPS)
** Heartbeat:  50% -- { 10000019 } -- 250.00 KIPS (243.90 KIPS)
** Heartbeat:  55% -- { 11000020 } -- 200.00 KIPS (239.13 KIPS)
** Heartbeat:  60% -- { 12000022 } -- 250.00 KIPS (240.00 KIPS)
** Heartbeat:  65% -- { 13000024 } -- 250.00 KIPS (240.74 KIPS)
** Heartbeat:  70% -- { 14000027 } -- 200.00 KIPS (237.29 KIPS)
** Heartbeat:  75% -- { 15000031 } -- 250.00 KIPS (238.10 KIPS)
** Heartbeat:  80% -- { 16000032 } -- 250.00 KIPS (238.81 KIPS)
** Heartbeat:  85% -- { 17000035 } -- 200.00 KIPS (236.11 KIPS)
** Heartbeat:  90% -- { 18000035 } -- 250.00 KIPS (236.84 KIPS)
** Heartbeat:  95% -- { 19000035 } -- 200.00 KIPS (234.57 KIPS)
Reached end of trace (last_inst) pc=0x7ffff3c7fa4f
** Core 0 Finished:    insts:19999999    cycles:19715077    time:6160961562500       -- 1.01 IPC (1.01 IPC) --  N/A  KIPS (235.29 KIPS)
Scarab finished at Thu May  7 05:07:25 2026

