Scarab gitrev: 6deb50d
Warning: Scarab expects the trace file type to include OFFLINE_FILE_TYPE_ARCH_REGDEPS (0x20000), but got type: 0xe40
Scarab started at Thu May  7 03:38:49 2026

Initialized Ramulator. 
** Heartbeat:   5% -- { 1000004 } -- 0.00 KIPS (250.00 KIPS)
** Heartbeat:  10% -- { 2000004 } -- 200.00 KIPS (222.22 KIPS)
** Heartbeat:  15% -- { 3000005 } -- 333.33 KIPS (250.00 KIPS)
** Heartbeat:  20% -- { 4000006 } -- 333.33 KIPS (266.67 KIPS)
** Heartbeat:  25% -- { 5000006 } -- 250.00 KIPS (263.16 KIPS)
** Heartbeat:  30% -- { 6000008 } -- 200.00 KIPS (250.00 KIPS)
** Heartbeat:  35% -- { 7000008 } -- 250.00 KIPS (250.00 KIPS)
** Heartbeat:  40% -- { 8000008 } -- 250.00 KIPS (250.00 KIPS)
** Heartbeat:  45% -- { 9000008 } -- 500.00 KIPS (264.71 KIPS)
** Heartbeat:  50% -- { 10000008 } -- 250.00 KIPS (263.16 KIPS)
** Heartbeat:  55% -- { 11000008 } -- 200.00 KIPS (255.81 KIPS)
** Heartbeat:  60% -- { 12000009 } -- 250.00 KIPS (255.32 KIPS)
** Heartbeat:  65% -- { 13000012 } -- 250.00 KIPS (254.90 KIPS)
** Heartbeat:  70% -- { 14000012 } -- 500.00 KIPS (264.15 KIPS)
** Heartbeat:  75% -- { 15000016 } -- 250.00 KIPS (263.16 KIPS)
** Heartbeat:  80% -- { 16000019 } -- 250.00 KIPS (262.30 KIPS)
** Heartbeat:  85% -- { 17000019 } -- 200.00 KIPS (257.58 KIPS)
** Heartbeat:  90% -- { 18000022 } -- 250.00 KIPS (257.14 KIPS)
** Heartbeat:  95% -- { 19000022 } -- 500.00 KIPS (263.89 KIPS)
** Core 0 Finished:    insts:18262380    cycles:14318791    time:4474622187500       -- 1.28 IPC (1.28 IPC) --  N/A  KIPS (263.16 KIPS)
Scarab finished at Thu May  7 03:40:05 2026

