/* -*- Mode: c -*- */
####################################################################################################
Core 0
####################################################################################################
Cumulative:        Cycles: 11260420              Instructions: 19999999              IPC: 1.77613

Periodic:          Cycles: 5601733               Instructions: 9999998               IPC: 1.78516

ST_OP_INV                                            0        0.000%                0        0.000%
ST_OP_NOP                                        40607        0.391%            88335        0.425%
ST_OP_CF                                        526366        5.074%           954407        4.597%
ST_OP_MOV                                      1399868       13.495%          2907121       14.001%
ST_OP_CMOV                                       17374        0.167%            33876        0.163%
ST_OP_LDA                                       665578        6.416%          1202630        5.792%
ST_OP_ILD                                      2388792       23.028%          4681004       22.544%
ST_OP_IST                                       587196        5.661%          1175472        5.661%
ST_OP_IADD                                     2555613       24.636%          5243489       25.253%
ST_OP_IMUL                                      233583        2.252%           498433        2.400%
ST_OP_IDIV                                           5        0.000%               10        0.000%
ST_OP_ICMP                                      358144        3.453%           667355        3.214%
ST_OP_LOGIC                                     707946        6.825%          1454390        7.004%
ST_OP_SHIFT                                     885394        8.535%          1840585        8.864%
ST_OP_FLD                                         3374        0.033%             8360        0.040%
ST_OP_FST                                         3365        0.032%             7455        0.036%
ST_OP_FCVT                                          57        0.001%               87        0.000%
ST_OP_FADD                                          76        0.001%              116        0.001%
ST_OP_FMUL                                           0        0.000%                0        0.000%
ST_OP_FMA                                            0        0.000%                0        0.000%
ST_OP_FDIV                                           0        0.000%                0        0.000%
ST_OP_FCMP                                           0        0.000%                0        0.000%
ST_OP_FCMOV                                          0        0.000%                0        0.000%
ST_OP_GATHER                                         0        0.000%                0        0.000%
ST_OP_SCATTER                                        0        0.000%                0        0.000%
ST_OP_PIPELINED_FAST                               102        0.001%              624        0.003%
ST_OP_PIPELINED_MEDIUM                               0        0.000%                0        0.000%
ST_OP_PIPELINED_SLOW                                 0        0.000%                0        0.000%
ST_OP_NOTPIPELINED_MEDIUM                            0        0.000%                0        0.000%
ST_OP_NOTPIPELINED_SLOW                              0        0.000%                0        0.000%
ST_OP_NOTPIPELINED_VERY_SLOW                         0        0.000%                0        0.000%
                                              10373440      100.000%         20763749      100.000%
                                                  7.11         3.13              7.16         3.14

ST_NOT_CF                                      9847074       94.926%         19809342       95.403%
ST_CF_BR                                         13562        0.131%            26403        0.127%
ST_CF_CBR                                       482045        4.647%           858887        4.136%
ST_CF_REP                                            0        0.000%                0        0.000%
ST_CF_CALL                                        6911        0.067%            15642        0.075%
ST_CF_IBR                                          481        0.005%              985        0.005%
ST_CF_ICALL                                       8228        0.079%            18424        0.089%
ST_CF_ICO                                            0        0.000%                0        0.000%
ST_CF_RET                                        15139        0.146%            34066        0.164%
ST_CF_SYS                                            0        0.000%                0        0.000%
                                              10373440      100.000%         20763749      100.000%
                                                  0.11         0.54              0.11         0.54

REP_FIRST                                            0                              0              

ST_BAR_NONE                                   10373440      100.000%         20763749      100.000%
ST_BAR_FETCH                                         0        0.000%                0        0.000%
ST_BAR_ISSUE                                         0        0.000%                0        0.000%
ST_BAR_BOTH                                          0        0.000%                0        0.000%
                                              10373440      100.000%         20763749      100.000%
                                                  0.00         0.00              0.00         0.00

ST_NOT_MEM                                     7390713       71.247%         14891458       71.719%
ST_MEM_LD                                      2392166       23.060%          4689364       22.584%
ST_MEM_ST                                       590561        5.693%          1182927        5.697%
ST_MEM_PF                                            0        0.000%                0        0.000%
ST_MEM_WH                                            0        0.000%                0        0.000%
ST_MEM_EVICT                                         0        0.000%                0        0.000%
                                              10373440      100.000%         20763749      100.000%
                                                  0.34         0.51              0.34         0.51

ST_NOT_MEM_OFFPATH                             4066041       72.809%          8555221       71.879%
ST_MEM_LD_OFFPATH                              1107279       19.828%          2436116       20.468%
ST_MEM_ST_OFFPATH                               411231        7.364%           910837        7.653%
ST_MEM_PF_OFFPATH                                    0        0.000%                0        0.000%
ST_MEM_WH_OFFPATH                                    0        0.000%                0        0.000%
ST_MEM_EVIC_OFFPATHT                                 0        0.000%                0        0.000%
                                               5584551      100.000%         11902174      100.000%
                                                  0.35         0.54              0.36         0.54

ST_OP_ONPATH                                  10373440                       20763749              

ST_OP_OFFPATH                                  5584551                       11902174              

ST_FAKE_OP_OFFPATH                               74392        1.332%           578810        4.863%
ST_NOT_FAKE_OP_OFFPATH                         5510159       98.668%         11323364       95.137%
                                               5584551      100.000%         11902174      100.000%
                                                  0.99         0.98              0.95         0.93

ST_FAKE_REASON_NOT_FAKE                        5510159       98.668%         11323364       95.137%
ST_FAKE_REASON_REDIRECT_TO_NOT_INSTRUMENTED         74392        1.332%           578810        4.863%
ST_FAKE_REASON_RETURN_TO_NOT_INSTRUMENTED             0        0.000%                0        0.000%
ST_FAKE_REASON_NONRET_CF_TO_NOT_INSTRUMENTED             0        0.000%                0        0.000%
ST_FAKE_REASON_NOT_TAKEN_TO_NOT_INSTRUMENTED             0        0.000%                0        0.000%
ST_FAKE_REASON_WRONG_PATH_STORE_TO_NEW_REGION             0        0.000%                0        0.000%
                                               5584551      100.000%         11902174      100.000%
                                                  0.01         0.11              0.05         0.21

ST_INST_ONPATH                                 9999241                       19999999              

ST_INST_OFFPATH                                5345339                       11383143              

STATIC_PIN_NOP                                       0                              0              

DYNAMIC_PIN_REP_GREATER_256                          0                              0              

INST_MAP_UPDATE_JITTED                               0        0.000%                0        0.000%
INST_MAP_UPDATE_ENCODING                         22091        0.914%            22843        0.490%
INST_MAP_UPDATE_NPC_INV                              0        0.000%                0        0.000%
INST_MAP_UPDATE_NPC_NOP                              0        0.000%                0        0.000%
INST_MAP_UPDATE_NPC_CF                               0        0.000%                0        0.000%
INST_MAP_UPDATE_NPC_MOV                              0        0.000%                0        0.000%
INST_MAP_UPDATE_NPC_CMOV                             0        0.000%                0        0.000%
INST_MAP_UPDATE_NPC_LDA                              0        0.000%                0        0.000%
INST_MAP_UPDATE_NPC_IMEM                             0        0.000%                0        0.000%
INST_MAP_UPDATE_NPC_IADD                             0        0.000%                0        0.000%
INST_MAP_UPDATE_NPC_IMUL                         76953        3.185%           167750        3.596%
INST_MAP_UPDATE_NPC_IDIV                             0        0.000%                0        0.000%
INST_MAP_UPDATE_NPC_ICMP                             0        0.000%                0        0.000%
INST_MAP_UPDATE_NPC_LOGIC                            0        0.000%                0        0.000%
INST_MAP_UPDATE_NPC_SHIFT                            0        0.000%                0        0.000%
INST_MAP_UPDATE_NPC_FMEM                             0        0.000%                0        0.000%
INST_MAP_UPDATE_NPC_FCVT                             0        0.000%                0        0.000%
INST_MAP_UPDATE_NPC_FADD                             0        0.000%                0        0.000%
INST_MAP_UPDATE_NPC_FMUL                             0        0.000%                0        0.000%
INST_MAP_UPDATE_NPC_FMA                              0        0.000%                0        0.000%
INST_MAP_UPDATE_NPC_FDIV                             0        0.000%                0        0.000%
INST_MAP_UPDATE_NPC_FCMP                             0        0.000%                0        0.000%
INST_MAP_UPDATE_NPC_FCMOV                            0        0.000%                0        0.000%
INST_MAP_UPDATE_NPC_GATHER                           0        0.000%                0        0.000%
INST_MAP_UPDATE_NPC_SCATTER                          0        0.000%                0        0.000%
INST_MAP_UPDATE_NPC_PIPELINED_FAST                   0        0.000%                0        0.000%
INST_MAP_UPDATE_NPC_PIPELINED_MEDIUM                 0        0.000%                0        0.000%
INST_MAP_UPDATE_NPC_PIPELINED_SLOW                   0        0.000%                0        0.000%
INST_MAP_UPDATE_NPC_NOTPIPELINED_MEDIUM              0        0.000%                0        0.000%
INST_MAP_UPDATE_NPC_NOTPIPELINED_SLOW                0        0.000%                0        0.000%
INST_MAP_UPDATE_NPC_NOTPIPELINED_VERY_SLOW             0        0.000%                0        0.000%
INST_MAP_UPDATE_MEM_INV                              0        0.000%                0        0.000%
INST_MAP_UPDATE_MEM_NOP                              0        0.000%                0        0.000%
INST_MAP_UPDATE_MEM_CF                               0        0.000%                0        0.000%
INST_MAP_UPDATE_MEM_MOV                        2276609       94.238%          4388838       94.069%
INST_MAP_UPDATE_MEM_CMOV                             0        0.000%                0        0.000%
INST_MAP_UPDATE_MEM_LDA                              0        0.000%                0        0.000%
INST_MAP_UPDATE_MEM_IMEM                             0        0.000%                0        0.000%
INST_MAP_UPDATE_MEM_IADD                             0        0.000%                0        0.000%
INST_MAP_UPDATE_MEM_IMUL                         31075        1.286%            67216        1.441%
INST_MAP_UPDATE_MEM_IDIV                          1183        0.049%             3235        0.069%
INST_MAP_UPDATE_MEM_ICMP                             0        0.000%                0        0.000%
INST_MAP_UPDATE_MEM_LOGIC                         5149        0.213%            10219        0.219%
INST_MAP_UPDATE_MEM_SHIFT                         1719        0.071%             3616        0.078%
INST_MAP_UPDATE_MEM_FMEM                             3        0.000%                3        0.000%
INST_MAP_UPDATE_MEM_FCVT                             0        0.000%                0        0.000%
INST_MAP_UPDATE_MEM_FADD                             0        0.000%                0        0.000%
INST_MAP_UPDATE_MEM_FMUL                             0        0.000%                0        0.000%
INST_MAP_UPDATE_MEM_FMA                              0        0.000%                0        0.000%
INST_MAP_UPDATE_MEM_FDIV                             0        0.000%                0        0.000%
INST_MAP_UPDATE_MEM_FCMP                             0        0.000%                0        0.000%
INST_MAP_UPDATE_MEM_FCMOV                            0        0.000%                0        0.000%
INST_MAP_UPDATE_MEM_GATHER                           0        0.000%                0        0.000%
INST_MAP_UPDATE_MEM_SCATTER                          0        0.000%                0        0.000%
INST_MAP_UPDATE_MEM_PIPELINED_FAST                   0        0.000%                0        0.000%
INST_MAP_UPDATE_MEM_PIPELINED_MEDIUM                 0        0.000%                0        0.000%
INST_MAP_UPDATE_MEM_PIPELINED_SLOW                1022        0.042%             1822        0.039%
INST_MAP_UPDATE_MEM_NOTPIPELINED_MEDIUM              0        0.000%                0        0.000%
INST_MAP_UPDATE_MEM_NOTPIPELINED_SLOW                0        0.000%                0        0.000%
INST_MAP_UPDATE_MEM_NOTPIPELINED_VERY_SLOW             0        0.000%                0        0.000%
                                               2415804      100.000%          4665542      100.000%
                                                 33.03         5.30             33.08         5.10



