Scarab gitrev: 6deb50d
Warning: Scarab expects the trace file type to include OFFLINE_FILE_TYPE_ARCH_REGDEPS (0x20000), but got type: 0xe40
Scarab started at Wed May  6 20:03:08 2026

Initialized Ramulator. 
** Heartbeat:   5% -- { 1000000 } -- 0.00 KIPS (142.86 KIPS)
** Heartbeat:  10% -- { 2000001 } -- 166.67 KIPS (153.85 KIPS)
** Heartbeat:  15% -- { 3000001 } -- 166.67 KIPS (157.89 KIPS)
** Heartbeat:  20% -- { 4000003 } -- 166.67 KIPS (160.00 KIPS)
** Heartbeat:  25% -- { 5000004 } -- 166.67 KIPS (161.29 KIPS)
** Heartbeat:  30% -- { 6000007 } -- 166.67 KIPS (162.16 KIPS)
** Heartbeat:  35% -- { 7000007 } -- 166.67 KIPS (162.79 KIPS)
** Heartbeat:  40% -- { 8000007 } -- 166.67 KIPS (163.27 KIPS)
** Heartbeat:  45% -- { 9000011 } -- 166.67 KIPS (163.64 KIPS)
** Heartbeat:  50% -- { 10000012 } -- 200.00 KIPS (166.67 KIPS)
** Heartbeat:  55% -- { 11000016 } -- 166.67 KIPS (166.67 KIPS)
** Heartbeat:  60% -- { 12000017 } -- 166.67 KIPS (166.67 KIPS)
** Heartbeat:  65% -- { 13000022 } -- 166.67 KIPS (166.67 KIPS)
** Heartbeat:  70% -- { 14000025 } -- 166.67 KIPS (166.67 KIPS)
** Heartbeat:  75% -- { 15000025 } -- 166.67 KIPS (166.67 KIPS)
** Heartbeat:  80% -- { 16000028 } -- 166.67 KIPS (166.67 KIPS)
** Heartbeat:  85% -- { 17000031 } -- 166.67 KIPS (166.67 KIPS)
** Heartbeat:  90% -- { 18000031 } -- 200.00 KIPS (168.22 KIPS)
** Heartbeat:  95% -- { 19000033 } -- 166.67 KIPS (168.14 KIPS)
Reached end of trace (last_inst) pc=0x7ffff383ffb7
** Core 0 Finished:    insts:19999999    cycles:13345439    time:4170449687500       -- 1.50 IPC (1.50 IPC) --  N/A  KIPS (168.07 KIPS)
Scarab finished at Wed May  6 20:05:07 2026

