Scarab gitrev: 6deb50d
Warning: Scarab expects the trace file type to include OFFLINE_FILE_TYPE_ARCH_REGDEPS (0x20000), but got type: 0xe40
Scarab started at Thu May  7 04:59:23 2026

Initialized Ramulator. 
** Heartbeat:   5% -- { 1000003 } -- 0.00 KIPS (200.00 KIPS)
** Heartbeat:  10% -- { 2000005 } -- 250.00 KIPS (222.22 KIPS)
** Heartbeat:  15% -- { 3000007 } -- 250.00 KIPS (230.77 KIPS)
** Heartbeat:  20% -- { 4000007 } -- 250.00 KIPS (235.29 KIPS)
** Heartbeat:  25% -- { 5000011 } -- 333.33 KIPS (250.00 KIPS)
** Heartbeat:  30% -- { 6000013 } -- 250.00 KIPS (250.00 KIPS)
** Heartbeat:  35% -- { 7000018 } -- 250.00 KIPS (250.00 KIPS)
** Heartbeat:  40% -- { 8000021 } -- 333.33 KIPS (258.07 KIPS)
** Heartbeat:  45% -- { 9000021 } -- 250.00 KIPS (257.14 KIPS)
** Heartbeat:  50% -- { 10000024 } -- 333.33 KIPS (263.16 KIPS)
** Heartbeat:  55% -- { 11000028 } -- 250.00 KIPS (261.91 KIPS)
** Heartbeat:  60% -- { 12000029 } -- 250.00 KIPS (260.87 KIPS)
** Heartbeat:  65% -- { 13000031 } -- 333.33 KIPS (265.31 KIPS)
** Heartbeat:  70% -- { 14000032 } -- 250.00 KIPS (264.15 KIPS)
** Heartbeat:  75% -- { 15000036 } -- 250.00 KIPS (263.16 KIPS)
** Heartbeat:  80% -- { 16000041 } -- 333.33 KIPS (266.67 KIPS)
** Heartbeat:  85% -- { 17000041 } -- 250.00 KIPS (265.63 KIPS)
** Heartbeat:  90% -- { 18000044 } -- 250.00 KIPS (264.71 KIPS)
** Heartbeat:  95% -- { 19000044 } -- 250.00 KIPS (263.89 KIPS)
Reached end of trace (last_inst) pc=0x7fffec162062
** Core 0 Finished:    insts:19999999    cycles:6921086     time:2162839375000       -- 2.89 IPC (2.89 IPC) --  N/A  KIPS (266.67 KIPS)
Scarab finished at Thu May  7 05:00:38 2026

