/* -*- Mode: c -*- */
####################################################################################################
Core 0
####################################################################################################
Cumulative:        Cycles: 30574733              Instructions: 19999999              IPC: 0.65413

Periodic:          Cycles: 15170613              Instructions: 9999996               IPC: 0.65917

MISS_WAIT_TIME                                       0                       11387293              

ICACHE_STAGE_MISS                                    0                             49              

ICACHE_CYCLE                                  15170613                       30574733              

TCACHE_CYCLE                                         0                              0              

ICACHE_SERVING_CYCLE_ON_PATH                    394197                         784543              

ICACHE_SERVING_CYCLE_OFF_PATH                   204419                         421517              

UCACHE_SERVING_CYCLE_ON_PATH                   2614692                        5257907              

UCACHE_SERVING_CYCLE_OFF_PATH                 11567116                       23327662              

ICACHE_CYCLE_ONPATH                            3011468       19.851%          6049002       19.784%
ICACHE_CYCLE_OFFPATH                          12159145       80.149%         24525731       80.216%
                                              15170613      100.000%         30574733      100.000%
                                                  0.80         0.74              0.80         0.74

FETCH_ON_PATH                                  3399078       22.406%          6825007       22.322%
FETCH_OFF_PATH                                11771535       77.594%         23749726       77.678%
                                              15170613      100.000%         30574733      100.000%
                                                  0.78         0.71              0.78         0.71

FETCHED_OPS_ON_PATH                                  0         -nan%                0         -nan%
FETCHED_OPS_OFF_PATH                                 0         -nan%                0         -nan%
                                                     0         -nan%                0         -nan%
                                                  -nan         -nan              -nan         -nan

INST_LOST_FETCH                               12290697       17.957%         24591564       17.884%
INST_LOST_OFF_PATH                            40185062       58.711%         80174964       58.305%
INST_LOST_FULL_WINDOW                             4496        0.007%             8676        0.006%
INST_LOST_ROB_STALL_OTHER                        87141        0.127%           180212        0.131%
INST_LOST_ROB_STALL_WAIT_FOR_RECOVERY                0        0.000%                0        0.000%
INST_LOST_ROB_STALL_WAIT_FOR_REDIRECT                0        0.000%                0        0.000%
INST_LOST_ROB_STALL_WAIT_FOR_GAP_FILL                0        0.000%                0        0.000%
INST_LOST_ROB_STALL_WAIT_FOR_L1_MISS                 0        0.000%                0        0.000%
INST_LOST_ROB_STALL_WAIT_FOR_MEMORY                  0        0.000%                0        0.000%
INST_LOST_ROB_STALL_WAIT_FOR_DC_MISS            615253        0.899%          1347656        0.980%
INST_LOST_ROB_BLOCK_ISSUE_FULL                       0        0.000%                0        0.000%
INST_LOST_ROB_BLOCK_ISSUE_GAP_TOO_LARGE              0        0.000%                0        0.000%
INST_LOST_BREAK_DONT                                 0        0.000%                0        0.000%
INST_LOST_BREAK_FT_UNAVAILABLE                 1950697        2.850%          3904069        2.839%
INST_LOST_BREAK_ICACHE_STAGE_RESTEER             30709        0.045%            62553        0.045%
INST_LOST_BREAK_ICACHE_MISS_REQ_SUCCESS              0        0.000%              191        0.000%
INST_LOST_BREAK_ICACHE_MISS_REQ_FAILURE              0        0.000%                0        0.000%
INST_LOST_BREAK_ICACHE_WAIT_FOR_MISS                 0        0.000%            11080        0.008%
INST_LOST_BREAK_ICACHE_STALLED                    5474        0.008%            13586        0.010%
INST_LOST_BREAK_ICACHE_TO_UOP_CACHE_SWITCH        363458        0.531%           725149        0.527%
INST_LOST_BREAK_ICACHE_READ_LIMIT               429046        0.627%           858259        0.624%
INST_LOST_BREAK_ICACHE_ISSUE_WIDTH                   0        0.000%                0        0.000%
INST_LOST_BREAK_UOP_CACHE_STALLED               351210        0.513%          1011252        0.735%
INST_LOST_BREAK_UOP_CACHE_TO_ICACHE_SWITCH        238045        0.348%           481830        0.350%
INST_LOST_BREAK_UOP_CACHE_READ_LIMIT          11894025       17.377%         24138566       17.554%
INST_LOST_BREAK_UOP_CACHE_ISSUE_WIDTH                0        0.000%                0        0.000%
                                              68445313      100.000%        137509607      100.000%
                                                  5.64         8.81              5.73         8.86

INST_LOST_TOTAL                               90040055                      181471863              

INST_LOST_WAIT_FOR_ICACHE_MISS_NOT_PREFETCHED             0         -nan%             2750       32.895%
INST_LOST_WAIT_FOR_ICACHE_MISS_PREFETCHED_AND_EVICTED_BY_IFETCH             0         -nan%                0        0.000%
INST_LOST_WAIT_FOR_ICACHE_MISS_PREFETCHED_AND_EVICTED_BY_FDIP             0         -nan%                0        0.000%
INST_LOST_WAIT_FOR_ICACHE_MISS_MSHR_HIT_PREF_OFFPATH             0         -nan%                0        0.000%
INST_LOST_WAIT_FOR_ICACHE_MISS_MSHR_HIT_PREF_ONPATH             0         -nan%             5610       67.105%
                                                     0         -nan%             8360      100.000%
                                                  -nan         -nan              2.68         2.45

FETCH_0_OPS                                     390142        2.572%           783038        2.561%
FETCH_1_OPS                                    1249260        8.235%          2605441        8.522%
FETCH_2_OPS                                     598439        3.945%          1194247        3.906%
FETCH_3_OPS                                     871225        5.743%          1714798        5.609%
FETCH_4_OPS                                    1063283        7.009%          2229679        7.293%
FETCH_5_OPS                                     525138        3.462%          1076897        3.522%
FETCH_6_OPS                                   10473126       69.036%         20970633       68.588%
FETCH_7_OPS                                          0        0.000%                0        0.000%
FETCH_8_OPS                                          0        0.000%                0        0.000%
FETCH_9_OPS                                          0        0.000%                0        0.000%
FETCH_10_OPS                                         0        0.000%                0        0.000%
FETCH_11_OPS                                         0        0.000%                0        0.000%
FETCH_12_OPS                                         0        0.000%                0        0.000%
FETCH_13_OPS                                         0        0.000%                0        0.000%
FETCH_14_OPS                                         0        0.000%                0        0.000%
FETCH_15_OPS                                         0        0.000%                0        0.000%
FETCH_16_OPS                                         0        0.000%                0        0.000%
                                              15170613      100.000%         30574733      100.000%
                                                  4.93         1.64              4.91         1.65

ST_BREAK_DONT                                        0        0.000%                0        0.000%
ST_BREAK_FT_UNAVAILABLE                         390167        2.572%           780853        2.554%
ST_BREAK_ICACHE_STAGE_RESTEER                     8939        0.059%            18201        0.060%
ST_BREAK_ICACHE_MISS_REQ_SUCCESS                     0        0.000%               49        0.000%
ST_BREAK_ICACHE_MISS_REQ_FAILURE                     0        0.000%                0        0.000%
ST_BREAK_ICACHE_WAIT_FOR_MISS                        0        0.000%             2216        0.007%
ST_BREAK_ICACHE_STALLED                          12665        0.083%            28788        0.094%
ST_BREAK_ICACHE_TO_UOP_CACHE_SWITCH             122565        0.808%           245999        0.805%
ST_BREAK_ICACHE_READ_LIMIT                      125976        0.830%           251978        0.824%
ST_BREAK_ICACHE_ISSUE_WIDTH                     330761        2.180%           663595        2.170%
ST_BREAK_UOP_CACHE_STALLED                     3765801       24.823%          7729906       25.282%
ST_BREAK_UOP_CACHE_TO_ICACHE_SWITCH              70149        0.462%           142262        0.465%
ST_BREAK_UOP_CACHE_READ_LIMIT                  3528012       23.256%          7149869       23.385%
ST_BREAK_UOP_CACHE_ISSUE_WIDTH                 6815578       44.926%         13561017       44.354%
                                              15170613      100.000%         30574733      100.000%
                                                 11.52         8.03             11.50         7.98

ORACLE_ON_PATH_INST                           12290697       23.422%         24591564       23.473%
ORACLE_OFF_PATH_INST                          40185062       76.578%         80174964       76.527%
                                              52475759      100.000%        104766528      100.000%
                                                  0.77         0.70              0.77         0.70

ORACLE_ON_PATH_INST_MEM                        4431777        8.445%          8858647        8.456%
ORACLE_ON_PATH_INST_NOTMEM                     7858920       14.976%         15732917       15.017%
ORACLE_OFF_PATH_INST_MEM                      13763982       26.229%         27441655       26.193%
ORACLE_OFF_PATH_INST_NOTMEM                   26421080       50.349%         52733309       50.334%
                                              52475759      100.000%        104766528      100.000%
                                                  2.18         1.72              2.18         1.72

ICACHE_CYCLE_NONRA_ONPATH                            0         -nan%                0         -nan%
ICACHE_CYCLE_NONRA_OFFPATH                           0         -nan%                0         -nan%
ICACHE_CYCLE_RA_ONPATH                               0         -nan%                0         -nan%
ICACHE_CYCLE_RA_OFFPATH                              0         -nan%                0         -nan%
                                                     0         -nan%                0         -nan%
                                                  -nan         -nan              -nan         -nan

ICACHE_CYCLE_ONPATH_NONRA                            0         -nan%                0         -nan%
ICACHE_CYCLE_OFFPATH_NONRA                           0         -nan%                0         -nan%
                                                     0         -nan%                0         -nan%
                                                  -nan         -nan              -nan         -nan

ICACHE_CYCLE_ONPATH_RA                               0         -nan%                0         -nan%
ICACHE_CYCLE_OFFPATH_RA                              0         -nan%                0         -nan%
                                                     0         -nan%                0         -nan%
                                                  -nan         -nan              -nan         -nan

INACCURATE_OFFPATH_CYCLES                            0        0.0000                0        0.0000

FETCH_ALL_INST                                52475759                      104766528              

EXEC_ALL_INST                                 29332379                       58575748              

RET_ALL_INST                                  12290818                       24591564              

EXEC_ON_PATH_INST                             12290774       41.902%         24591564       41.983%
EXEC_OFF_PATH_INST                            17041605       58.098%         33984184       58.017%
                                              29332379      100.000%         58575748      100.000%
                                                  0.58         0.55              0.58         0.55

EXEC_ON_PATH_INST_MEM                          4431799       15.109%          8858647       15.123%
EXEC_ON_PATH_INST_NOTMEM                       7858975       26.793%         15732917       26.859%
EXEC_OFF_PATH_INST_MEM                         6101052       20.800%         12129207       20.707%
EXEC_OFF_PATH_INST_NOTMEM                     10940553       37.299%         21854977       37.311%
                                              29332379      100.000%         58575748      100.000%
                                                  1.80         1.39              1.80         1.39

EXEC_RA_INST                                         0         -nan%                0         -nan%
EXEC_NONRA_INST                                      0         -nan%                0         -nan%
                                                     0         -nan%                0         -nan%
                                                  -nan         -nan              -nan         -nan

EXEC_ON_PATH_INST_RA                                 0         -nan%                0         -nan%
EXEC_OFF_PATH_INST_RA                                0         -nan%                0         -nan%
                                                     0         -nan%                0         -nan%
                                                  -nan         -nan              -nan         -nan

EXEC_ON_PATH_INST_NONRA                              0         -nan%                0         -nan%
EXEC_OFF_PATH_INST_NONRA                             0         -nan%                0         -nan%
                                                     0         -nan%                0         -nan%
                                                  -nan         -nan              -nan         -nan

EXEC_RA_ON_PATH_INST                                 0         -nan%                0         -nan%
EXEC_RA_OFF_PATH_INST                                0         -nan%                0         -nan%
EXEC_NONRA_ON_PATH_INST                              0         -nan%                0         -nan%
EXEC_NONRA_OFF_PATH_INST                             0         -nan%                0         -nan%
                                                     0         -nan%                0         -nan%
                                                  -nan         -nan              -nan         -nan

ICACHE_THROTTLE_CYCLE                                0                              0              

FETCH_ENABLE_THROTTLE_OFF_PATH                       0         -nan%                0         -nan%
FETCH_ENABLE_THROTTLE_ON_PATH                        0         -nan%                0         -nan%
                                                     0         -nan%                0         -nan%
                                                  -nan         -nan              -nan         -nan

FETCH_DISABLE_THROTTLE_OFF_PATH                      0         -nan%                0         -nan%
FETCH_DISABLE_THROTTLE_ON_PATH                       0         -nan%                0         -nan%
                                                     0         -nan%                0         -nan%
                                                  -nan         -nan              -nan         -nan

FETCH_TH_ADJUST__0                                   0         -nan%                0         -nan%
FETCH_TH_ADJUST__1                                   0         -nan%                0         -nan%
FETCH_TH_ADJUST__2                                   0         -nan%                0         -nan%
FETCH_TH_ADJUST__3                                   0         -nan%                0         -nan%
FETCH_TH_ADJUST__4                                   0         -nan%                0         -nan%
FETCH_TH_ADJUST__5                                   0         -nan%                0         -nan%
FETCH_TH_ADJUST__6                                   0         -nan%                0         -nan%
FETCH_TH_ADJUST__7                                   0         -nan%                0         -nan%
FETCH_TH_ADJUST__8                                   0         -nan%                0         -nan%
FETCH_TH_ADJUST__9                                   0         -nan%                0         -nan%
FETCH_TH_ADJUST__MAX                                 0         -nan%                0         -nan%
                                                     0         -nan%                0         -nan%
                                                  -nan         -nan              -nan         -nan

FETCH_TH_ADJUST_UP                                   0         -nan%                0         -nan%
FETCH_TH_ADJUST_DOWN                                 0         -nan%                0         -nan%
FETCH_TH_ADJUST_SAME                                 0         -nan%                0         -nan%
                                                     0         -nan%                0         -nan%
                                                  -nan         -nan              -nan         -nan

THROTTLE_ADJUST_CACHE_MISS_INFO                      0                              0              

LOW_CONF_COUNT_BP_MIS_0                              0         -nan%                0         -nan%
LOW_CONF_COUNT_BP_MIS_1                              0         -nan%                0         -nan%
LOW_CONF_COUNT_BP_MIS_2                              0         -nan%                0         -nan%
LOW_CONF_COUNT_BP_MIS_3                              0         -nan%                0         -nan%
LOW_CONF_COUNT_BP_MIS_4                              0         -nan%                0         -nan%
LOW_CONF_COUNT_BP_MIS_5                              0         -nan%                0         -nan%
LOW_CONF_COUNT_BP_MIS_6                              0         -nan%                0         -nan%
LOW_CONF_COUNT_BP_MIS_7                              0         -nan%                0         -nan%
LOW_CONF_COUNT_BP_MIS_8                              0         -nan%                0         -nan%
LOW_CONF_COUNT_BP_MIS_9                              0         -nan%                0         -nan%
LOW_CONF_COUNT_BP_MIS_10                             0         -nan%                0         -nan%
LOW_CONF_COUNT_BP_MIS_11                             0         -nan%                0         -nan%
LOW_CONF_COUNT_BP_MIS_12                             0         -nan%                0         -nan%
LOW_CONF_COUNT_BP_MIS_13                             0         -nan%                0         -nan%
LOW_CONF_COUNT_BP_MIS_14                             0         -nan%                0         -nan%
LOW_CONF_COUNT_BP_MIS_15                             0         -nan%                0         -nan%
LOW_CONF_COUNT_BP_MIS_16                             0         -nan%                0         -nan%
LOW_CONF_COUNT_BP_MIS_17                             0         -nan%                0         -nan%
LOW_CONF_COUNT_BP_MIS_18                             0         -nan%                0         -nan%
LOW_CONF_COUNT_BP_MIS_19                             0         -nan%                0         -nan%
LOW_CONF_COUNT_BP_MIS_20                             0         -nan%                0         -nan%
                                                     0         -nan%                0         -nan%
                                                  -nan         -nan              -nan         -nan

LOW_CONF_COUNT_RET_0                                 0         -nan%                0         -nan%
LOW_CONF_COUNT_RET_1                                 0         -nan%                0         -nan%
LOW_CONF_COUNT_RET_2                                 0         -nan%                0         -nan%
LOW_CONF_COUNT_RET_3                                 0         -nan%                0         -nan%
LOW_CONF_COUNT_RET_4                                 0         -nan%                0         -nan%
LOW_CONF_COUNT_RET_5                                 0         -nan%                0         -nan%
LOW_CONF_COUNT_RET_6                                 0         -nan%                0         -nan%
LOW_CONF_COUNT_RET_7                                 0         -nan%                0         -nan%
LOW_CONF_COUNT_RET_8                                 0         -nan%                0         -nan%
LOW_CONF_COUNT_RET_9                                 0         -nan%                0         -nan%
LOW_CONF_COUNT_RET_10                                0         -nan%                0         -nan%
LOW_CONF_COUNT_RET_11                                0         -nan%                0         -nan%
LOW_CONF_COUNT_RET_12                                0         -nan%                0         -nan%
LOW_CONF_COUNT_RET_13                                0         -nan%                0         -nan%
LOW_CONF_COUNT_RET_14                                0         -nan%                0         -nan%
LOW_CONF_COUNT_RET_15                                0         -nan%                0         -nan%
LOW_CONF_COUNT_RET_16                                0         -nan%                0         -nan%
LOW_CONF_COUNT_RET_17                                0         -nan%                0         -nan%
LOW_CONF_COUNT_RET_18                                0         -nan%                0         -nan%
LOW_CONF_COUNT_RET_19                                0         -nan%                0         -nan%
LOW_CONF_COUNT_RET_20                                0         -nan%                0         -nan%
                                                     0         -nan%                0         -nan%
                                                  -nan         -nan              -nan         -nan

CYCLES_RESTEER_MISPRED                               0         -nan%                0         -nan%
CYCLES_RESTEER_MISFETCH                              0         -nan%                0         -nan%
CYCLES_RESTEER_BTB_MISS                              0         -nan%                0         -nan%
                                                     0         -nan%                0         -nan%
                                                  -nan         -nan              -nan         -nan

CYCLES_RESTEER_MISPRED_SAVED_UC_FETCH                0         -nan%                0         -nan%
CYCLES_RESTEER_MISPRED_COULD_BE_SAVED_UC_FETCH             0         -nan%                0         -nan%
CYCLES_RESTEER_MISFETCH_SAVED_UC_FETCH               0         -nan%                0         -nan%
CYCLES_RESTEER_MISFETCH_COULD_BE_SAVED_UC_FETCH             0         -nan%                0         -nan%
CYCLES_RESTEER_BTB_MISS_SAVED_UC_FETCH               0         -nan%                0         -nan%
CYCLES_RESTEER_BTB_MISS_COULD_BE_SAVED_UC_FETCH             0         -nan%                0         -nan%
                                                     0         -nan%                0         -nan%
                                                  -nan         -nan              -nan         -nan

CYCLES_UOC_IC_SWITCH                                 0                              0              



