Scarab gitrev: 6deb50d
Warning: Scarab expects the trace file type to include OFFLINE_FILE_TYPE_ARCH_REGDEPS (0x20000), but got type: 0xe40
Scarab started at Thu May  7 03:25:59 2026

Initialized Ramulator. 
** Heartbeat:   5% -- { 1000000 } -- 0.00 KIPS (166.67 KIPS)
** Heartbeat:  10% -- { 2000000 } -- 166.67 KIPS (166.67 KIPS)
** Heartbeat:  15% -- { 3000000 } -- 200.00 KIPS (176.47 KIPS)
** Heartbeat:  20% -- { 4000000 } -- 166.67 KIPS (173.91 KIPS)
** Heartbeat:  25% -- { 5000000 } -- 166.67 KIPS (172.41 KIPS)
** Heartbeat:  30% -- { 6000000 } -- 200.00 KIPS (176.47 KIPS)
** Heartbeat:  35% -- { 7000000 } -- 166.67 KIPS (175.00 KIPS)
** Heartbeat:  40% -- { 8000000 } -- 166.67 KIPS (173.91 KIPS)
** Heartbeat:  45% -- { 9000000 } -- 200.00 KIPS (176.47 KIPS)
** Heartbeat:  50% -- { 10000000 } -- 166.67 KIPS (175.44 KIPS)
** Heartbeat:  55% -- { 11000000 } -- 166.67 KIPS (174.60 KIPS)
** Heartbeat:  60% -- { 12000000 } -- 166.67 KIPS (173.91 KIPS)
** Heartbeat:  65% -- { 13000000 } -- 166.67 KIPS (173.33 KIPS)
** Heartbeat:  70% -- { 14000000 } -- 166.67 KIPS (172.84 KIPS)
** Heartbeat:  75% -- { 15000000 } -- 200.00 KIPS (174.42 KIPS)
** Heartbeat:  80% -- { 16000000 } -- 166.67 KIPS (173.91 KIPS)
** Heartbeat:  85% -- { 17000000 } -- 166.67 KIPS (173.47 KIPS)
** Heartbeat:  90% -- { 18000005 } -- 166.67 KIPS (173.08 KIPS)
** Heartbeat:  95% -- { 19000009 } -- 166.67 KIPS (172.73 KIPS)
** Core 0 Finished:    insts:761055      cycles:20532860    time:6416518750000       -- 0.04 IPC (0.04 IPC) --  N/A  KIPS (172.41 KIPS)
Scarab finished at Thu May  7 03:27:55 2026

