               ramulator.active_cycles_0             1880042                                      # Total active cycles for level _0
                 ramulator.busy_cycles_0             1880042                                      # (All-bank refresh only. busy cycles only include refresh time in rank level) The sum of cycles that the DRAM part is active or under refresh for level _0
            ramulator.serving_requests_0             2743833                                      # The sum of read and write requests that are served in this DRAM element per memory cycle for level _0
    ramulator.average_serving_requests_0            0.601460                                      # The average of read and write requests that are served in this DRAM element per memory cycle for level _0
             ramulator.active_cycles_0_0             1880042                                      # Total active cycles for level _0_0
               ramulator.busy_cycles_0_0             2050562                                      # (All-bank refresh only. busy cycles only include refresh time in rank level) The sum of cycles that the DRAM part is active or under refresh for level _0_0
          ramulator.serving_requests_0_0             2743833                                      # The sum of read and write requests that are served in this DRAM element per memory cycle for level _0_0
  ramulator.average_serving_requests_0_0            0.601460                                      # The average of read and write requests that are served in this DRAM element per memory cycle for level _0_0
           ramulator.active_cycles_0_0_0              577941                                      # Total active cycles for level _0_0_0
             ramulator.busy_cycles_0_0_0              577941                                      # (All-bank refresh only. busy cycles only include refresh time in rank level) The sum of cycles that the DRAM part is active or under refresh for level _0_0_0
        ramulator.serving_requests_0_0_0              688313                                      # The sum of read and write requests that are served in this DRAM element per memory cycle for level _0_0_0
ramulator.average_serving_requests_0_0_0            0.150881                                      # The average of read and write requests that are served in this DRAM element per memory cycle for level _0_0_0
         ramulator.active_cycles_0_0_0_0              185626                                      # Total active cycles for level _0_0_0_0
           ramulator.busy_cycles_0_0_0_0              185626                                      # (All-bank refresh only. busy cycles only include refresh time in rank level) The sum of cycles that the DRAM part is active or under refresh for level _0_0_0_0
      ramulator.serving_requests_0_0_0_0              202773                                      # The sum of read and write requests that are served in this DRAM element per memory cycle for level _0_0_0_0
ramulator.average_serving_requests_0_0_0_0            0.044449                                      # The average of read and write requests that are served in this DRAM element per memory cycle for level _0_0_0_0
         ramulator.active_cycles_0_0_0_1              121577                                      # Total active cycles for level _0_0_0_1
           ramulator.busy_cycles_0_0_0_1              121577                                      # (All-bank refresh only. busy cycles only include refresh time in rank level) The sum of cycles that the DRAM part is active or under refresh for level _0_0_0_1
      ramulator.serving_requests_0_0_0_1              138504                                      # The sum of read and write requests that are served in this DRAM element per memory cycle for level _0_0_0_1
ramulator.average_serving_requests_0_0_0_1            0.030361                                      # The average of read and write requests that are served in this DRAM element per memory cycle for level _0_0_0_1
         ramulator.active_cycles_0_0_0_2              194373                                      # Total active cycles for level _0_0_0_2
           ramulator.busy_cycles_0_0_0_2              194373                                      # (All-bank refresh only. busy cycles only include refresh time in rank level) The sum of cycles that the DRAM part is active or under refresh for level _0_0_0_2
      ramulator.serving_requests_0_0_0_2              221126                                      # The sum of read and write requests that are served in this DRAM element per memory cycle for level _0_0_0_2
ramulator.average_serving_requests_0_0_0_2            0.048472                                      # The average of read and write requests that are served in this DRAM element per memory cycle for level _0_0_0_2
         ramulator.active_cycles_0_0_0_3              108780                                      # Total active cycles for level _0_0_0_3
           ramulator.busy_cycles_0_0_0_3              108780                                      # (All-bank refresh only. busy cycles only include refresh time in rank level) The sum of cycles that the DRAM part is active or under refresh for level _0_0_0_3
      ramulator.serving_requests_0_0_0_3              125910                                      # The sum of read and write requests that are served in this DRAM element per memory cycle for level _0_0_0_3
ramulator.average_serving_requests_0_0_0_3            0.027600                                      # The average of read and write requests that are served in this DRAM element per memory cycle for level _0_0_0_3
           ramulator.active_cycles_0_0_1              563773                                      # Total active cycles for level _0_0_1
             ramulator.busy_cycles_0_0_1              563773                                      # (All-bank refresh only. busy cycles only include refresh time in rank level) The sum of cycles that the DRAM part is active or under refresh for level _0_0_1
        ramulator.serving_requests_0_0_1              690034                                      # The sum of read and write requests that are served in this DRAM element per memory cycle for level _0_0_1
ramulator.average_serving_requests_0_0_1            0.151258                                      # The average of read and write requests that are served in this DRAM element per memory cycle for level _0_0_1
         ramulator.active_cycles_0_0_1_0              116889                                      # Total active cycles for level _0_0_1_0
           ramulator.busy_cycles_0_0_1_0              116889                                      # (All-bank refresh only. busy cycles only include refresh time in rank level) The sum of cycles that the DRAM part is active or under refresh for level _0_0_1_0
      ramulator.serving_requests_0_0_1_0              134683                                      # The sum of read and write requests that are served in this DRAM element per memory cycle for level _0_0_1_0
ramulator.average_serving_requests_0_0_1_0            0.029523                                      # The average of read and write requests that are served in this DRAM element per memory cycle for level _0_0_1_0
         ramulator.active_cycles_0_0_1_1              146288                                      # Total active cycles for level _0_0_1_1
           ramulator.busy_cycles_0_0_1_1              146288                                      # (All-bank refresh only. busy cycles only include refresh time in rank level) The sum of cycles that the DRAM part is active or under refresh for level _0_0_1_1
      ramulator.serving_requests_0_0_1_1              170339                                      # The sum of read and write requests that are served in this DRAM element per memory cycle for level _0_0_1_1
ramulator.average_serving_requests_0_0_1_1            0.037339                                      # The average of read and write requests that are served in this DRAM element per memory cycle for level _0_0_1_1
         ramulator.active_cycles_0_0_1_2              213928                                      # Total active cycles for level _0_0_1_2
           ramulator.busy_cycles_0_0_1_2              213928                                      # (All-bank refresh only. busy cycles only include refresh time in rank level) The sum of cycles that the DRAM part is active or under refresh for level _0_0_1_2
      ramulator.serving_requests_0_0_1_2              237138                                      # The sum of read and write requests that are served in this DRAM element per memory cycle for level _0_0_1_2
ramulator.average_serving_requests_0_0_1_2            0.051982                                      # The average of read and write requests that are served in this DRAM element per memory cycle for level _0_0_1_2
         ramulator.active_cycles_0_0_1_3              127780                                      # Total active cycles for level _0_0_1_3
           ramulator.busy_cycles_0_0_1_3              127780                                      # (All-bank refresh only. busy cycles only include refresh time in rank level) The sum of cycles that the DRAM part is active or under refresh for level _0_0_1_3
      ramulator.serving_requests_0_0_1_3              147874                                      # The sum of read and write requests that are served in this DRAM element per memory cycle for level _0_0_1_3
ramulator.average_serving_requests_0_0_1_3            0.032415                                      # The average of read and write requests that are served in this DRAM element per memory cycle for level _0_0_1_3
           ramulator.active_cycles_0_0_2              587325                                      # Total active cycles for level _0_0_2
             ramulator.busy_cycles_0_0_2              587325                                      # (All-bank refresh only. busy cycles only include refresh time in rank level) The sum of cycles that the DRAM part is active or under refresh for level _0_0_2
        ramulator.serving_requests_0_0_2              747387                                      # The sum of read and write requests that are served in this DRAM element per memory cycle for level _0_0_2
ramulator.average_serving_requests_0_0_2            0.163830                                      # The average of read and write requests that are served in this DRAM element per memory cycle for level _0_0_2
         ramulator.active_cycles_0_0_2_0              260367                                      # Total active cycles for level _0_0_2_0
           ramulator.busy_cycles_0_0_2_0              260367                                      # (All-bank refresh only. busy cycles only include refresh time in rank level) The sum of cycles that the DRAM part is active or under refresh for level _0_0_2_0
      ramulator.serving_requests_0_0_2_0              295053                                      # The sum of read and write requests that are served in this DRAM element per memory cycle for level _0_0_2_0
ramulator.average_serving_requests_0_0_2_0            0.064677                                      # The average of read and write requests that are served in this DRAM element per memory cycle for level _0_0_2_0
         ramulator.active_cycles_0_0_2_1              116796                                      # Total active cycles for level _0_0_2_1
           ramulator.busy_cycles_0_0_2_1              116796                                      # (All-bank refresh only. busy cycles only include refresh time in rank level) The sum of cycles that the DRAM part is active or under refresh for level _0_0_2_1
      ramulator.serving_requests_0_0_2_1              133032                                      # The sum of read and write requests that are served in this DRAM element per memory cycle for level _0_0_2_1
ramulator.average_serving_requests_0_0_2_1            0.029161                                      # The average of read and write requests that are served in this DRAM element per memory cycle for level _0_0_2_1
         ramulator.active_cycles_0_0_2_2              182111                                      # Total active cycles for level _0_0_2_2
           ramulator.busy_cycles_0_0_2_2              182111                                      # (All-bank refresh only. busy cycles only include refresh time in rank level) The sum of cycles that the DRAM part is active or under refresh for level _0_0_2_2
      ramulator.serving_requests_0_0_2_2              204690                                      # The sum of read and write requests that are served in this DRAM element per memory cycle for level _0_0_2_2
ramulator.average_serving_requests_0_0_2_2            0.044869                                      # The average of read and write requests that are served in this DRAM element per memory cycle for level _0_0_2_2
         ramulator.active_cycles_0_0_2_3               98412                                      # Total active cycles for level _0_0_2_3
           ramulator.busy_cycles_0_0_2_3               98412                                      # (All-bank refresh only. busy cycles only include refresh time in rank level) The sum of cycles that the DRAM part is active or under refresh for level _0_0_2_3
      ramulator.serving_requests_0_0_2_3              114612                                      # The sum of read and write requests that are served in this DRAM element per memory cycle for level _0_0_2_3
ramulator.average_serving_requests_0_0_2_3            0.025123                                      # The average of read and write requests that are served in this DRAM element per memory cycle for level _0_0_2_3
           ramulator.active_cycles_0_0_3              493650                                      # Total active cycles for level _0_0_3
             ramulator.busy_cycles_0_0_3              493650                                      # (All-bank refresh only. busy cycles only include refresh time in rank level) The sum of cycles that the DRAM part is active or under refresh for level _0_0_3
        ramulator.serving_requests_0_0_3              618099                                      # The sum of read and write requests that are served in this DRAM element per memory cycle for level _0_0_3
ramulator.average_serving_requests_0_0_3            0.135490                                      # The average of read and write requests that are served in this DRAM element per memory cycle for level _0_0_3
         ramulator.active_cycles_0_0_3_0              108224                                      # Total active cycles for level _0_0_3_0
           ramulator.busy_cycles_0_0_3_0              108224                                      # (All-bank refresh only. busy cycles only include refresh time in rank level) The sum of cycles that the DRAM part is active or under refresh for level _0_0_3_0
      ramulator.serving_requests_0_0_3_0              123722                                      # The sum of read and write requests that are served in this DRAM element per memory cycle for level _0_0_3_0
ramulator.average_serving_requests_0_0_3_0            0.027120                                      # The average of read and write requests that are served in this DRAM element per memory cycle for level _0_0_3_0
         ramulator.active_cycles_0_0_3_1              135355                                      # Total active cycles for level _0_0_3_1
           ramulator.busy_cycles_0_0_3_1              135355                                      # (All-bank refresh only. busy cycles only include refresh time in rank level) The sum of cycles that the DRAM part is active or under refresh for level _0_0_3_1
      ramulator.serving_requests_0_0_3_1              160262                                      # The sum of read and write requests that are served in this DRAM element per memory cycle for level _0_0_3_1
ramulator.average_serving_requests_0_0_3_1            0.035130                                      # The average of read and write requests that are served in this DRAM element per memory cycle for level _0_0_3_1
         ramulator.active_cycles_0_0_3_2              161503                                      # Total active cycles for level _0_0_3_2
           ramulator.busy_cycles_0_0_3_2              161503                                      # (All-bank refresh only. busy cycles only include refresh time in rank level) The sum of cycles that the DRAM part is active or under refresh for level _0_0_3_2
      ramulator.serving_requests_0_0_3_2              185691                                      # The sum of read and write requests that are served in this DRAM element per memory cycle for level _0_0_3_2
ramulator.average_serving_requests_0_0_3_2            0.040704                                      # The average of read and write requests that are served in this DRAM element per memory cycle for level _0_0_3_2
         ramulator.active_cycles_0_0_3_3              127215                                      # Total active cycles for level _0_0_3_3
           ramulator.busy_cycles_0_0_3_3              127215                                      # (All-bank refresh only. busy cycles only include refresh time in rank level) The sum of cycles that the DRAM part is active or under refresh for level _0_0_3_3
      ramulator.serving_requests_0_0_3_3              148424                                      # The sum of read and write requests that are served in this DRAM element per memory cycle for level _0_0_3_3
ramulator.average_serving_requests_0_0_3_3            0.032535                                      # The average of read and write requests that are served in this DRAM element per memory cycle for level _0_0_3_3
      ramulator.read_transaction_bytes_0             5198272                                      # The total byte of read transaction per channel
     ramulator.write_transaction_bytes_0             2525312                                      # The total byte of write transaction per channel
       ramulator.row_hits_channel_0_core              106015                                      # Number of row hits per channel per core
     ramulator.row_misses_channel_0_core                4892                                      # Number of row misses per channel per core
  ramulator.row_conflicts_channel_0_core                9774                                      # Number of row conflicts per channel per core
  ramulator.read_row_hits_channel_0_core               74586                                      # Number of row hits for read requests per channel per core
                                     [0]             74586.0                                      # 
ramulator.read_row_misses_channel_0_core                2029                                      # Number of row misses for read requests per channel per core
                                     [0]              2029.0                                      # 
ramulator.read_row_conflicts_channel_0_core                4608                                      # Number of row conflicts for read requests per channel per core
                                     [0]              4608.0                                      # 
 ramulator.write_row_hits_channel_0_core               31429                                      # Number of row hits for write requests per channel per core
                                     [0]             31429.0                                      # 
ramulator.write_row_misses_channel_0_core                2863                                      # Number of row misses for write requests per channel per core
                                     [0]              2863.0                                      # 
ramulator.write_row_conflicts_channel_0_core                5166                                      # Number of row conflicts for write requests per channel per core
                                     [0]              5166.0                                      # 
      ramulator.useless_activates_0_core                  11                                      # Number of useless activations. E.g, ACT -> PRE w/o RD or WR
            ramulator.read_latency_avg_0           57.960171                                      # The average memory latency cycles (in memory time domain) per request for all read requests in this channel
            ramulator.read_latency_sum_0             4709090                                      # The memory latency cycles (in memory time domain) sum for all read requests in this channel
        ramulator.req_queue_length_avg_0           13.405864                                      # Average of read and write queue length per memory cycle per channel.
        ramulator.req_queue_length_sum_0            61156920                                      # Sum of read and write queue length per memory cycle per channel.
   ramulator.read_req_queue_length_avg_0            1.008118                                      # Read queue length average per memory cycle per channel.
   ramulator.read_req_queue_length_sum_0             4598986                                      # Read queue length sum per memory cycle per channel.
  ramulator.write_req_queue_length_avg_0           12.397746                                      # Write queue length average per memory cycle per channel.
  ramulator.write_req_queue_length_sum_0            56557934                                      # Write queue length sum per memory cycle per channel.
              ramulator.record_read_hits                 0.0                                      # record read hit count for this core when it reaches request limit or to the end
                                     [0]                 0.0                                      # 
            ramulator.record_read_misses                 0.0                                      # record_read_miss count for this core when it reaches request limit or to the end
                                     [0]                 0.0                                      # 
         ramulator.record_read_conflicts                 0.0                                      # record read conflict count for this core when it reaches request limit or to the end
                                     [0]                 0.0                                      # 
             ramulator.record_write_hits                 0.0                                      # record write hit count for this core when it reaches request limit or to the end
                                     [0]                 0.0                                      # 
           ramulator.record_write_misses                 0.0                                      # record write miss count for this core when it reaches request limit or to the end
                                     [0]                 0.0                                      # 
        ramulator.record_write_conflicts                 0.0                                      # record write conflict for this core when it reaches request limit or to the end
                                     [0]                 0.0                                      # 
                 ramulator.dram_capacity          8589934592                                      # Number of bytes in simulated DRAM
                   ramulator.dram_cycles             4561953                                      # Number of DRAM cycles simulated
             ramulator.incoming_requests              120709                                      # Number of incoming requests to DRAM
                 ramulator.read_requests               81247                                      # Number of incoming read requests to DRAM per core
                                     [0]             81247.0                                      # 
                ramulator.write_requests               39462                                      # Number of incoming write requests to DRAM per core
                                     [0]             39462.0                                      # 
       ramulator.ramulator_active_cycles             1880042                                      # The total number of cycles that the DRAM part is active (serving R/W)
 ramulator.incoming_requests_per_channel            120709.0                                      # Number of incoming requests to each DRAM channel
                                     [0]            120709.0                                      # 
ramulator.incoming_read_reqs_per_channel             81247.0                                      # Number of incoming read requests to each DRAM channel
                                     [0]             81247.0                                      # 
     ramulator.physical_page_replacement                   0                                      # The number of times that physical page replacement happens.
             ramulator.maximum_bandwidth         19200000000                                      # The theoretical maximum bandwidth (Bps)
          ramulator.in_queue_req_num_sum            61156920                                      # Sum of read/write queue length
     ramulator.in_queue_read_req_num_sum             4598986                                      # Sum of read queue length
    ramulator.in_queue_write_req_num_sum            56557934                                      # Sum of write queue length
          ramulator.in_queue_req_num_avg           13.405864                                      # Average of read/write queue length per memory cycle
     ramulator.in_queue_read_req_num_avg            1.008118                                      # Average of read queue length per memory cycle
    ramulator.in_queue_write_req_num_avg           12.397746                                      # Average of write queue length per memory cycle
          ramulator.record_read_requests                 0.0                                      # record read requests for this core when it reaches request limit or to the end
                                     [0]                 0.0                                      # 
         ramulator.record_write_requests                 0.0                                      # record write requests for this core when it reaches request limit or to the end
                                     [0]                 0.0                                      # 
