Scarab gitrev: 6deb50d
Warning: Scarab expects the trace file type to include OFFLINE_FILE_TYPE_ARCH_REGDEPS (0x20000), but got type: 0xe40
Scarab started at Thu May  7 05:00:58 2026

Initialized Ramulator. 
** Heartbeat:   5% -- { 1000000 } -- 0.00 KIPS (200.00 KIPS)
** Heartbeat:  10% -- { 2000000 } -- 200.00 KIPS (200.00 KIPS)
** Heartbeat:  15% -- { 3000002 } -- 250.00 KIPS (214.29 KIPS)
** Heartbeat:  20% -- { 4000002 } -- 200.00 KIPS (210.53 KIPS)
** Heartbeat:  25% -- { 5000005 } -- 200.00 KIPS (208.33 KIPS)
** Heartbeat:  30% -- { 6000007 } -- 200.00 KIPS (206.90 KIPS)
** Heartbeat:  35% -- { 7000010 } -- 200.00 KIPS (205.88 KIPS)
** Heartbeat:  40% -- { 8000015 } -- 250.00 KIPS (210.53 KIPS)
** Heartbeat:  45% -- { 9000018 } -- 200.00 KIPS (209.30 KIPS)
** Heartbeat:  50% -- { 10000020 } -- 200.00 KIPS (208.33 KIPS)
** Heartbeat:  55% -- { 11000020 } -- 200.00 KIPS (207.55 KIPS)
** Heartbeat:  60% -- { 12000020 } -- 250.00 KIPS (210.53 KIPS)
** Heartbeat:  65% -- { 13000025 } -- 200.00 KIPS (209.68 KIPS)
** Heartbeat:  70% -- { 14000025 } -- 200.00 KIPS (208.96 KIPS)
** Heartbeat:  75% -- { 15000029 } -- 200.00 KIPS (208.33 KIPS)
** Heartbeat:  80% -- { 16000032 } -- 200.00 KIPS (207.79 KIPS)
** Heartbeat:  85% -- { 17000034 } -- 250.00 KIPS (209.88 KIPS)
** Heartbeat:  90% -- { 18000039 } -- 200.00 KIPS (209.30 KIPS)
** Heartbeat:  95% -- { 19000042 } -- 200.00 KIPS (208.79 KIPS)
Reached end of trace (last_inst) pc=0x7ffff31a7aba
** Core 0 Finished:    insts:19999999    cycles:9047835     time:2827448437500       -- 2.21 IPC (2.21 IPC) --  N/A  KIPS (210.53 KIPS)
Scarab finished at Thu May  7 05:02:33 2026

