/* -*- Mode: c -*- */
####################################################################################################
Core 0
####################################################################################################
Cumulative:        Cycles: 20405428              Instructions: 761055                IPC: 0.03730

Periodic:          Cycles: 10130597              Instructions: 463508                IPC: 0.04575

EXECUTION_TIME                           3165811562500                  6376696250000              

SIM_HOST_WALL_SECONDS                       110.194578                     110.194578              

NODE_CYCLE                                    10130597                       20405428              

NODE_INST_COUNT                               10000000                       20000000              

NODE_INST_COUNT_FETCHED                         463508                         761055              

NODE_UOP_COUNT                                38735502                       77922936              

EXEC_STAGE_NO_ISSUE_STALL_CYCLE                9736909                       19596679              

EXEC_STAGE_NO_ISSUE_STALL_CYCLE_ONPATH         9692460                       19499613              

FULL_WINDOW_STALL                                 6308        0.062%            32854        0.161%

FULL_WINDOW_MEM_OP                                6038      100.000%            31926       99.806%
FULL_WINDOW_FP_OP                                    0        0.000%                0        0.000%
FULL_WINDOW_OTHER_OP                                 0        0.000%               62        0.194%
                                                  6038      100.000%            31988      100.000%
                                                  0.00         0.00              0.00         0.09

RET_BLOCKED_DC_MISS                             282559        2.789%           563321        2.761%

RET_BLOCKED_L1_MISS                            2276494       22.471%          4596047       22.524%

RET_BLOCKED_L1_MISS_BW_PREF                          0        0.000%                0        0.000%

RET_BLOCKED_L1_ACCESS                            83439        0.824%           158797        0.778%

RET_BLOCKED_MEM_STALL                          2276783       22.474%          4597020       22.528%

RET_BLOCKED_OFFCHIP_DEMAND                           0        0.000%                0        0.000%

OP_ISSUED                                     38853554                       78196128              

OP_RETIRED                                    38735502                       77922936              

OP_MACRO_FUSION_ONPATH                           64226                         105000              

OP_MACRO_FUSION_OFFPATH                          21352                          40636              

REPLAY_SIGNALED                                      0                              0              

REPLAY_COUNTED                                       0                              0              

OFF_CRITICAL_PATH                                    0         -nan%                0         -nan%
ON_CRITICAL_PATH                                     0         -nan%                0         -nan%
                                                     0         -nan%                0         -nan%
                                                  -nan         -nan              -nan         -nan

LD_NO_DEPENDENTS                                 11151        8.316%            19465        8.849%
LD_DEPENDENTS                                   122947       91.684%           200507       91.151%
                                                134098      100.000%           219972      100.000%
                                                  0.92         0.88              0.91         0.87

LD_EXEC_CYCLES_0                                     0        0.000%                0        0.000%
LD_EXEC_CYCLES_1                                     0        0.000%                0        0.000%
LD_EXEC_CYCLES_2                                     0        0.000%                0        0.000%
LD_EXEC_CYCLES_3                                    13       52.000%               24       61.538%
LD_EXEC_CYCLES_4                                    12       48.000%               15       38.462%
                                                    25      100.000%               39      100.000%
                                                  3.48         2.51              3.38         2.18

ICACHE_STAGE_STARVED                            241326        2.424%           491181        2.454%
ICACHE_STAGE_NOT_STARVED                       9712874       97.576%         19524504       97.546%
                                               9954200      100.000%         20015685      100.000%
                                                  0.98         0.96              0.98         0.96

ICACHE_STAGE_STALLED                             52947        0.523%            85143        0.417%
ICACHE_STAGE_NOT_STALLED                       9901253       97.736%         19930542       97.673%
ICACHE_STAGE_OFF_PATH                           176397        1.741%           389743        1.910%
                                              10130597      100.000%         20405428      100.000%
                                                  1.01         0.19              1.01         0.20

DECODE_STAGE_STARVED                           9915705       99.238%         19964304       99.372%
DECODE_STAGE_NOT_STARVED                         76129        0.762%           126162        0.628%
                                               9991834      100.000%         20090466      100.000%
                                                  0.01         0.09              0.01         0.08

DECODE_STAGE_STALLED                             22595        0.223%            32419        0.159%
DECODE_STAGE_NOT_STALLED                       9969239       98.407%         20058047       98.298%
DECODE_STAGE_OFF_PATH                           138763        1.370%           314962        1.544%
                                              10130597      100.000%         20405428      100.000%
                                                  1.01         0.17              1.01         0.18

UOPQ_STAGE_STARVED                              366591        3.680%           743041        3.701%
UOPQ_STAGE_NOT_STARVED                         9596366       96.320%         19332755       96.299%
                                               9962957      100.000%         20075796      100.000%
                                                  0.96         0.95              0.96         0.95

UOPQ_STAGE_STALLED                               36476        0.360%            63377        0.311%
UOPQ_STAGE_NOT_STALLED                         9962957       98.345%         20075796       98.385%
UOPQ_STAGE_OFF_PATH                             131164        1.295%           266255        1.305%
                                              10130597      100.000%         20405428      100.000%
                                                  1.01         0.16              1.01         0.16

RS_OP_READY_NOT_ISSUED_TOTAL                     58114                          91405              

RS_0_OP_READY_NOT_ISSUED                         34383                          53389              

RS_1_OP_READY_NOT_ISSUED                         12743                          20486              

RS_2_OP_READY_NOT_ISSUED                         10988                          17530              

RS_3_OP_READY_NOT_ISSUED                             0                              0              

RS_4_OP_READY_NOT_ISSUED                             0                              0              

RS_5_OP_READY_NOT_ISSUED                             0                              0              

RS_6_OP_READY_NOT_ISSUED                             0                              0              

RS_7_OP_READY_NOT_ISSUED                             0                              0              

RS_7_PLUS_OP_READY_NOT_ISSUED                        0                              0              

FU_IDLE_NO_READY_OPS_TOTAL                    25947389                       50366488              

FU_0_IDLE_NO_READY_OPS                          387395                         795679              

FU_1_IDLE_NO_READY_OPS                          406047                         830670              

FU_2_IDLE_NO_READY_OPS                         9999241                       20180627              

FU_3_IDLE_NO_READY_OPS                        10018207                       20215229              

FU_4_IDLE_NO_READY_OPS                          414268                         845344              

FU_5_IDLE_NO_READY_OPS                          400401                         820763              

FU_6_IDLE_NO_READY_OPS                         2217954                        3570829              

FU_7_IDLE_NO_READY_OPS                         2103876                        3107347              

FU_8_IDLE_NO_READY_OPS                               0                              0              

FU_9_IDLE_NO_READY_OPS                               0                              0              

FU_10_IDLE_NO_READY_OPS                              0                              0              

FU_11_IDLE_NO_READY_OPS                              0                              0              

FU_12_IDLE_NO_READY_OPS                              0                              0              

FU_13_IDLE_NO_READY_OPS                              0                              0              

FU_14_IDLE_NO_READY_OPS                              0                              0              

FU_15_IDLE_NO_READY_OPS                              0                              0              

FU_16_IDLE_NO_READY_OPS                              0                              0              

FU_17_IDLE_NO_READY_OPS                              0                              0              

FU_18_IDLE_NO_READY_OPS                              0                              0              

FU_19_IDLE_NO_READY_OPS                              0                              0              

FU_20_IDLE_NO_READY_OPS                              0                              0              

FU_21_IDLE_NO_READY_OPS                              0                              0              

FU_22_IDLE_NO_READY_OPS                              0                              0              

FU_23_IDLE_NO_READY_OPS                              0                              0              

FU_24_IDLE_NO_READY_OPS                              0                              0              

FU_25_IDLE_NO_READY_OPS                              0                              0              

FU_26_IDLE_NO_READY_OPS                              0                              0              

FU_27_IDLE_NO_READY_OPS                              0                              0              

FU_28_IDLE_NO_READY_OPS                              0                              0              

FU_29_IDLE_NO_READY_OPS                              0                              0              

FU_30_IDLE_NO_READY_OPS                              0                              0              

FU_31_IDLE_NO_READY_OPS                              0                              0              

FU_31_PLUS_IDLE_NO_READY_OPS                         0                              0              

MAP_STAGE_STARVED                               253516        2.556%           527066        2.638%
MAP_STAGE_NOT_STARVED                          9664822       97.444%         19451526       97.362%
                                               9918338      100.000%         19978592      100.000%
                                                  0.97         0.96              0.97         0.96

MAP_STAGE_STALLED                              1965623       19.668%          2288762       11.353%
MAP_STAGE_NOT_STALLED                          7952715       79.573%         17689830       87.750%
MAP_STAGE_OFF_PATH                               75880        0.759%           180711        0.896%
                                               9994218      100.000%         20159303      100.000%
                                                  0.81         0.21              0.90         0.17

MAP_STAGE_STALL_ITSELF                          136379        1.346%           246125        1.206%
MAP_STAGE_NOT_STALL_ITSELF                     9994218       98.654%         20159303       98.794%
                                              10130597      100.000%         20405428      100.000%
                                                  0.99         0.98              0.99         0.98

MAP_STAGE_LATE_ALLOCATE_SEND_BACK                    0                              0              

MAP_STAGE_RENAME_OP_ONPATH                    38735502                       77923222              

MAP_STAGE_RENAME_OP_OFFPATH                     220350                         474890              

MAP_STAGE_RENAME_INT_REG_ONPATH               19523042                       39217474              

MAP_STAGE_RENAME_INT_REG_OFFPATH                158592                         294632              

MAP_STAGE_RENAME_VEC_REG_ONPATH                   1468                           2742              

MAP_STAGE_RENAME_VEC_REG_OFFPATH                   536                           1254              

MAP_STAGE_RENAME_MOVE_ELIM_ONPATH                    0                              0              

MAP_STAGE_RENAME_MOVE_ELIM_OFFPATH                   0                              0              

MAP_STAGE_ONPATH_INT_REG_NUM_ALLOC            19523042                       39217312              

MAP_STAGE_ONPATH_VEC_REG_NUM_ALLOC                1468                           2728              

MAP_STAGE_ONPATH_INT_REG_NUM_SHORTLIVE         9725490                       28251604              

MAP_STAGE_ONPATH_VEC_REG_NUM_SHORTLIVE             511                            965              

MAP_STAGE_ONPATH_INT_REG_USE_COUNT_0             66431                         108996              

MAP_STAGE_ONPATH_VEC_REG_USE_COUNT_0                44                             85              

MAP_STAGE_ONPATH_INT_REG_USE_COUNT_1            235148                         384793              

MAP_STAGE_ONPATH_VEC_REG_USE_COUNT_1              1177                           2187              

MAP_STAGE_ONPATH_INT_REG_USE_COUNT_2          19180345                       38656616              

MAP_STAGE_ONPATH_VEC_REG_USE_COUNT_2               207                            383              

MAP_STAGE_ONPATH_INT_REG_USE_COUNT_3             28219                          45910              

MAP_STAGE_ONPATH_VEC_REG_USE_COUNT_3                 2                              3              

MAP_STAGE_ONPATH_INT_REG_USE_COUNT_4              6284                          10150              

MAP_STAGE_ONPATH_VEC_REG_USE_COUNT_4                13                             26              

MAP_STAGE_ONPATH_INT_REG_USE_COUNT_5              2286                           3852              

MAP_STAGE_ONPATH_VEC_REG_USE_COUNT_5                 9                             14              

MAP_STAGE_ONPATH_INT_REG_USE_COUNT_6              1553                           2338              

MAP_STAGE_ONPATH_VEC_REG_USE_COUNT_6                 0                              0              

MAP_STAGE_ONPATH_INT_REG_USE_COUNT_7_PLUS          2776                           4657              

MAP_STAGE_ONPATH_VEC_REG_USE_COUNT_7_PLUS            16                             30              

MAP_STAGE_ONPATH_INT_REG_CONSUME_DIST_0              0        0.0000                0        0.0000

MAP_STAGE_ONPATH_VEC_REG_CONSUME_DIST_0              0        0.0000                0        0.0000

MAP_STAGE_ONPATH_INT_REG_CONSUME_DIST_1              0        0.0000                0        0.0000

MAP_STAGE_ONPATH_VEC_REG_CONSUME_DIST_1              0        0.0000                0        0.0000

MAP_STAGE_ONPATH_INT_REG_CONSUME_DIST_2       85439956        4.4546        116774207        3.0208

MAP_STAGE_ONPATH_VEC_REG_CONSUME_DIST_2         225454     1089.1498           448301     1170.4987

MAP_STAGE_ONPATH_INT_REG_CONSUME_DIST_3        4324026      153.2310          7669217      167.0489

MAP_STAGE_ONPATH_VEC_REG_CONSUME_DIST_3           1241      620.5000             2148      716.0000

MAP_STAGE_ONPATH_INT_REG_CONSUME_DIST_4         324749       51.6787           580754       57.2171

MAP_STAGE_ONPATH_VEC_REG_CONSUME_DIST_4            693       53.3077              805       30.9615

MAP_STAGE_ONPATH_INT_REG_CONSUME_DIST_5         131654       57.5914           247486       64.2487

MAP_STAGE_ONPATH_VEC_REG_CONSUME_DIST_5          10494     1166.0000            17679     1262.7857

MAP_STAGE_ONPATH_INT_REG_CONSUME_DIST_6          85253       54.8957           163951       70.1245

MAP_STAGE_ONPATH_VEC_REG_CONSUME_DIST_6              0          -nan                0          -nan

MAP_STAGE_ONPATH_INT_REG_CONSUME_DIST_7_PLUS      18990551     6840.9766         37898021     8137.8615

MAP_STAGE_ONPATH_VEC_REG_CONSUME_DIST_7_PLUS          5315      332.1875            11993      399.7667

MAP_STAGE_INT_REG_ISSUE_READ_TOTAL_CONSUMED      67467639        6.9291        135868283        6.9332

MAP_STAGE_VEC_REG_ISSUE_READ_TOTAL_CONSUMED          2172        0.0002             4456        0.0002

MAP_STAGE_INT_REG_ISSUE_READ_MULTI_CONSUMED      47954788        4.9251         96654006        4.9322

MAP_STAGE_VEC_REG_ISSUE_READ_MULTI_CONSUMED           621        0.0001             1429        0.0001

MAP_STAGE_INT_REG_ISSUE_READ_SAME_CYCLE_CONSUMED      19222629        1.9742         47438517        2.4207

MAP_STAGE_VEC_REG_ISSUE_READ_SAME_CYCLE_CONSUMED           148        0.0000              331        0.0000

MAP_STAGE_INT_REG_ISSUE_READ_TOTAL_CONSUMED_ONPATH      67366716        6.9504        135677516        6.9580

MAP_STAGE_VEC_REG_ISSUE_READ_TOTAL_CONSUMED_ONPATH          1938        0.0002             3722        0.0002

MAP_STAGE_INT_REG_ISSUE_READ_MULTI_CONSUMED_ONPATH      47910089        4.9430         96569148        4.9524

MAP_STAGE_VEC_REG_ISSUE_READ_MULTI_CONSUMED_ONPATH           514        0.0001             1066        0.0001

MAP_STAGE_INT_REG_ISSUE_READ_SAME_CYCLE_CONSUMED_ONPATH      19201420        1.9811         47398111        2.4307

MAP_STAGE_VEC_REG_ISSUE_READ_SAME_CYCLE_CONSUMED_ONPATH           132        0.0000              264        0.0000

MAP_STAGE_ONPATH_INT_REG_LIFECYCLE_EMPTY     878496776                     1096663090              

MAP_STAGE_ONPATH_VEC_REG_LIFECYCLE_EMPTY        130347                         220938              

MAP_STAGE_ONPATH_INT_REG_LIFECYCLE_IN_USE    1079605610                     1444613864              

MAP_STAGE_ONPATH_VEC_REG_LIFECYCLE_IN_USE       9764816                       19464559              

MAP_STAGE_ONPATH_INT_REG_LIFECYCLE_SPEC_RELEASE    1280989066                     1842262368              

MAP_STAGE_ONPATH_VEC_REG_LIFECYCLE_SPEC_RELEASE     124705416                      251651590              

MAP_STAGE_ONPATH_INT_REG_LIFECYCLE_NONSPEC_RELEASE    1280989066                     1842262368              

MAP_STAGE_ONPATH_VEC_REG_LIFECYCLE_NONSPEC_RELEASE     124705416                      251651590              

MAP_STAGE_ONPATH_INT_REG_LIFECYCLE_TOTAL    1280989066                     1842262368              

MAP_STAGE_ONPATH_VEC_REG_LIFECYCLE_TOTAL     124705416                      251651590              

MAP_STAGE_ONPATH_INT_REG_NUM_NONBRANCH        19523042                       39217312              

MAP_STAGE_ONPATH_VEC_REG_NUM_NONBRANCH            1468                           2728              

MAP_STAGE_ONPATH_INT_REG_NUM_NONEXCEPT        19523042                       39217312              

MAP_STAGE_ONPATH_VEC_REG_NUM_NONEXCEPT            1468                           2728              

MAP_STAGE_ONPATH_INT_REG_NUM_ATOMIC           19523042                       39217312              

MAP_STAGE_ONPATH_VEC_REG_NUM_ATOMIC               1468                           2728              

MAP_STAGE_ONPATH_INT_REG_ATOMIC_REDEFINED_DIST_TOTAL    1280989066       65.6142       1842262368       46.9757

MAP_STAGE_ONPATH_VEC_REG_ATOMIC_REDEFINED_DIST_TOTAL     124705416    84949.1935        251651590    92247.6503

MAP_STAGE_ONPATH_INT_REG_ATOMIC_CONSUMED_DIST_TOTAL    1079605610       55.2990       1444613864       36.8361

MAP_STAGE_ONPATH_VEC_REG_ATOMIC_CONSUMED_DIST_TOTAL       9764816     6651.7820         19464559     7135.1023

MAP_STAGE_ONPATH_INT_REG_ATOMIC_RELEASE_DIST_TOTAL    1280989066       65.6142       1842262368       46.9757

MAP_STAGE_ONPATH_VEC_REG_ATOMIC_RELEASE_DIST_TOTAL     124705416    84949.1935        251651590    92247.6503

EXEC_STAGE_STARVED                            10019916       98.907%         20156950       98.782%
EXEC_STAGE_NOT_STARVED                           13243        0.131%            30765        0.151%
EXEC_STAGE_OFF_PATH                              97438        0.962%           217713        1.067%
                                              10130597      100.000%         20405428      100.000%
                                                  0.02         0.20              0.02         0.21

FU_BUSY_0                                      9724889                       19573784              

FU_BUSY_1                                      9662393                       19462778              

FU_BUSY_2                                        91461                         154816              

FU_BUSY_3                                        75601                         126960              

FU_BUSY_4                                      9607363                       19368592              

FU_BUSY_5                                        83284                         149570              

FU_BUSY_6                                      4755009                        9462290              

FU_BUSY_7                                      4869363                        9934979              

FU_BUSY_8                                            0                              0              

FU_BUSY_9                                            0                              0              

FU_BUSY_10                                           0                              0              

FU_BUSY_11                                           0                              0              

FU_BUSY_12                                           0                              0              

FU_BUSY_13                                           0                              0              

FU_BUSY_14                                           0                              0              

FU_BUSY_15                                           0                              0              

FU_BUSY_16                                           0                              0              

FU_BUSY_17                                           0                              0              

FU_BUSY_18                                           0                              0              

FU_BUSY_19                                           0                              0              

FU_BUSY_20                                           0                              0              

FU_BUSY_21                                           0                              0              

FU_BUSY_22                                           0                              0              

FU_BUSY_23                                           0                              0              

FU_BUSY_24                                           0                              0              

FU_BUSY_25                                           0                              0              

FU_BUSY_26                                           0                              0              

FU_BUSY_27                                           0                              0              

FU_BUSY_28                                           0                              0              

FU_BUSY_29                                           0                              0              

FU_BUSY_30                                           0                              0              

FU_BUSY_31                                           0                              0              

FU_REJECTED_OP_INV_NOT_SIMD                          0        0.000%                0        0.000%
FU_REJECTED_OP_NOP_NOT_SIMD                         15        0.201%               91        0.352%
FU_REJECTED_OP_CF_NOT_SIMD                         113        1.516%              232        0.897%
FU_REJECTED_OP_MOV_NOT_SIMD                        192        2.576%              256        0.990%
FU_REJECTED_OP_CMOV_NOT_SIMD                         1        0.013%                4        0.015%
FU_REJECTED_OP_LDA_NOT_SIMD                         29        0.389%               62        0.240%
FU_REJECTED_OP_IMEM_NOT_SIMD                      3823       51.295%             7357       28.457%
FU_REJECTED_OP_IADD_NOT_SIMD                      2295       30.793%            15843       61.281%
FU_REJECTED_OP_IMUL_NOT_SIMD                       239        3.207%              376        1.454%
FU_REJECTED_OP_IDIV_NOT_SIMD                         7        0.094%               21        0.081%
FU_REJECTED_OP_ICMP_NOT_SIMD                       146        1.959%              230        0.890%
FU_REJECTED_OP_LOGIC_NOT_SIMD                       62        0.832%              121        0.468%
FU_REJECTED_OP_SHIFT_NOT_SIMD                      126        1.691%              235        0.909%
FU_REJECTED_OP_FMEM_NOT_SIMD                         0        0.000%               11        0.043%
FU_REJECTED_OP_FCVT_NOT_SIMD                         0        0.000%                0        0.000%
FU_REJECTED_OP_FADD_NOT_SIMD                         0        0.000%                0        0.000%
FU_REJECTED_OP_FMUL_NOT_SIMD                         0        0.000%                0        0.000%
FU_REJECTED_OP_FMA_NOT_SIMD                          0        0.000%                0        0.000%
FU_REJECTED_OP_FDIV_NOT_SIMD                         0        0.000%                0        0.000%
FU_REJECTED_OP_FCMP_NOT_SIMD                         0        0.000%                0        0.000%
FU_REJECTED_OP_FCMOV_NOT_SIMD                        0        0.000%                0        0.000%
FU_REJECTED_OP_GATHER_NOT_SIMD                       0        0.000%                0        0.000%
FU_REJECTED_OP_SCATTER_NOT_SIMD                      0        0.000%                0        0.000%
FU_REJECTED_OP_PIPELINED_FAST_NOT_SIMD               0        0.000%                0        0.000%
FU_REJECTED_OP_PIPELINED_MEDIUM_NOT_SIMD             0        0.000%                0        0.000%
FU_REJECTED_OP_PIPELINED_SLOW_NOT_SIMD               0        0.000%                0        0.000%
FU_REJECTED_OP_NOTPIPELINED_MEDIUM_NOT_SIMD             0        0.000%                0        0.000%
FU_REJECTED_OP_NOTPIPELINED_SLOW_NOT_SIMD             0        0.000%                0        0.000%
FU_REJECTED_OP_NOTPIPELINED_VERY_SLOW_NOT_SIMD             0        0.000%                0        0.000%
FU_REJECTED_OP_INV_SIMD                              0        0.000%                0        0.000%
FU_REJECTED_OP_NOP_SIMD                              0        0.000%                0        0.000%
FU_REJECTED_OP_CF_SIMD                               0        0.000%                0        0.000%
FU_REJECTED_OP_MOV_SIMD                              9        0.121%               10        0.039%
FU_REJECTED_OP_CMOV_SIMD                             0        0.000%                0        0.000%
FU_REJECTED_OP_LDA_SIMD                              0        0.000%                0        0.000%
FU_REJECTED_OP_IMEM_SIMD                             0        0.000%                0        0.000%
FU_REJECTED_OP_IADD_SIMD                             0        0.000%                0        0.000%
FU_REJECTED_OP_IMUL_SIMD                             0        0.000%                0        0.000%
FU_REJECTED_OP_IDIV_SIMD                             0        0.000%                0        0.000%
FU_REJECTED_OP_ICMP_SIMD                             0        0.000%                0        0.000%
FU_REJECTED_OP_LOGIC_SIMD                            0        0.000%                0        0.000%
FU_REJECTED_OP_SHIFT_SIMD                            1        0.013%                3        0.012%
FU_REJECTED_OP_FMEM_SIMD                             0        0.000%                0        0.000%
FU_REJECTED_OP_FCVT_SIMD                           144        1.932%              307        1.187%
FU_REJECTED_OP_FADD_SIMD                           251        3.368%              694        2.684%
FU_REJECTED_OP_FMUL_SIMD                             0        0.000%                0        0.000%
FU_REJECTED_OP_FMA_SIMD                              0        0.000%                0        0.000%
FU_REJECTED_OP_FDIV_SIMD                             0        0.000%                0        0.000%
FU_REJECTED_OP_FCMP_SIMD                             0        0.000%                0        0.000%
FU_REJECTED_OP_FCMOV_SIMD                            0        0.000%                0        0.000%
FU_REJECTED_OP_GATHER_SIMD                           0        0.000%                0        0.000%
FU_REJECTED_OP_SCATTER_SIMD                          0        0.000%                0        0.000%
FU_REJECTED_OP_PIPELINED_FAST_SIMD                   0        0.000%                0        0.000%
FU_REJECTED_OP_PIPELINED_MEDIUM_SIMD                 0        0.000%                0        0.000%
FU_REJECTED_OP_PIPELINED_SLOW_SIMD                   0        0.000%                0        0.000%
FU_REJECTED_OP_NOTPIPELINED_MEDIUM_SIMD              0        0.000%                0        0.000%
FU_REJECTED_OP_NOTPIPELINED_SLOW_SIMD                0        0.000%                0        0.000%
FU_REJECTED_OP_NOTPIPELINED_VERY_SLOW_SIMD             0        0.000%                0        0.000%
                                                  7453      100.000%            25853      100.000%
                                                  8.47         8.49              8.15         7.24

LSQ_FULL_TOTAL                                 1964061                        2286531              

LSQ_FULL_LOAD_QUEUE                                  0                              0              

LSQ_FULL_STORE_QUEUE                           1964061                        2286531              

OP_WAIT_0                                     29028560                       58393889              

OP_WAIT_1                                      2183567                       10319823              

OP_WAIT_2                                        23159                          36163              

OP_WAIT_3                                         9048                          13853              

OP_WAIT_4                                         4745                           7145              

OP_WAIT_5                                         2838                           4323              

OP_WAIT_6                                         1876                           2841              

OP_WAIT_7                                         3398                         689270              

OP_WAIT_8                                         1077                           1673              

OP_WAIT_9                                          854                           1340              

OP_WAIT_10                                      781866                         784263              

OP_WAIT_11                                      792210                         792552              

OP_WAIT_12                                        2393                           2644              

OP_WAIT_13                                        8080                          14088              

OP_WAIT_14                                        8038                          12091              

OP_WAIT_15                                         395                            603              

OP_WAIT_16                                         295                            474              

OP_WAIT_17                                         315                           2398              

OP_WAIT_18                                         250                           3025              

OP_WAIT_19                                         264                         623135              

OP_WAIT_20                                         269                         310406              

OP_WAIT_21                                         435                            565              

OP_WAIT_22                                       51828                          51937              

OP_WAIT_23                                     1112463                        1112566              

OP_WAIT_24                                     1088400                        1088494              

OP_WAIT_25                                         178                            274              

OP_WAIT_26                                         133                            208              

OP_WAIT_27                                         167                            267              

OP_WAIT_28                                         166                            250              

OP_WAIT_29                                         152                            229              

OP_WAIT_30                                         140                            205              

OP_WAIT_31                                     3627943                        3651942              

ROW_SIZE_0                                      328061                         651647              

ROW_SIZE_1                                       25541                          46639              

ROW_SIZE_2                                       12139                          22757              

ROW_SIZE_3                                        6086                          10724              

ROW_SIZE_4                                     9519470                       19205399              

ROW_SIZE_5                                        4791                           7921              

ROW_SIZE_6                                       94265                         156235              

ROW_SIZE_7                                           0                              0              

ROW_SIZE_8                                           0                              0              

ROW_SIZE_9                                           0                              0              

ROW_SIZE_10                                          0                              0              

ROW_SIZE_11                                          0                              0              

ROW_SIZE_12                                          0                              0              

ROW_SIZE_13                                          0                              0              

ROW_SIZE_14                                          0                              0              

ROW_SIZE_15                                          0                              0              

ROW_SIZE_16                                          0                              0              

ROW_SIZE_17                                          0                              0              

ROW_SIZE_18                                          0                              0              

ROW_SIZE_19                                          0                              0              

ROW_SIZE_20                                          0                              0              

ROW_SIZE_21                                          0                              0              

ROW_SIZE_22                                          0                              0              

ROW_SIZE_23                                          0                              0              

ROW_SIZE_24                                          0                              0              

ROW_SIZE_25                                          0                              0              

ROW_SIZE_26                                          0                              0              

ROW_SIZE_27                                          0                              0              

ROW_SIZE_28                                          0                              0              

ROW_SIZE_29                                          0                              0              

ROW_SIZE_30                                          0                              0              

ROW_SIZE_31                                          0                              0              

RET_OP_EXEC_COUNT_0                                  0        0.000%                0        0.000%
RET_OP_EXEC_COUNT_1                           38735502      100.000%         77922936      100.000%
RET_OP_EXEC_COUNT_2                                  0        0.000%                0        0.000%
RET_OP_EXEC_COUNT_3                                  0        0.000%                0        0.000%
RET_OP_EXEC_COUNT_4                                  0        0.000%                0        0.000%
RET_OP_EXEC_COUNT_5                                  0        0.000%                0        0.000%
RET_OP_EXEC_COUNT_6                                  0        0.000%                0        0.000%
RET_OP_EXEC_COUNT_7                                  0        0.000%                0        0.000%
RET_OP_EXEC_COUNT_8                                  0        0.000%                0        0.000%
RET_OP_EXEC_COUNT_9                                  0        0.000%                0        0.000%
RET_OP_EXEC_COUNT_10                                 0        0.000%                0        0.000%
RET_OP_EXEC_COUNT_11                                 0        0.000%                0        0.000%
RET_OP_EXEC_COUNT_12                                 0        0.000%                0        0.000%
RET_OP_EXEC_COUNT_13                                 0        0.000%                0        0.000%
RET_OP_EXEC_COUNT_14                                 0        0.000%                0        0.000%
RET_OP_EXEC_COUNT_15                                 0        0.000%                0        0.000%
RET_OP_EXEC_COUNT_16                                 0        0.000%                0        0.000%
RET_OP_EXEC_COUNT_17                                 0        0.000%                0        0.000%
RET_OP_EXEC_COUNT_18                                 0        0.000%                0        0.000%
RET_OP_EXEC_COUNT_19                                 0        0.000%                0        0.000%
RET_OP_EXEC_COUNT_20                                 0        0.000%                0        0.000%
RET_OP_EXEC_COUNT_21                                 0        0.000%                0        0.000%
RET_OP_EXEC_COUNT_22                                 0        0.000%                0        0.000%
RET_OP_EXEC_COUNT_23                                 0        0.000%                0        0.000%
RET_OP_EXEC_COUNT_24                                 0        0.000%                0        0.000%
RET_OP_EXEC_COUNT_25                                 0        0.000%                0        0.000%
RET_OP_EXEC_COUNT_26                                 0        0.000%                0        0.000%
RET_OP_EXEC_COUNT_27                                 0        0.000%                0        0.000%
RET_OP_EXEC_COUNT_28                                 0        0.000%                0        0.000%
RET_OP_EXEC_COUNT_29                                 0        0.000%                0        0.000%
RET_OP_EXEC_COUNT_30                                 0        0.000%                0        0.000%
RET_OP_EXEC_COUNT_31                                 0        0.000%                0        0.000%
RET_OP_EXEC_COUNT_32                                 0        0.000%                0        0.000%
                                              38735502      100.000%         77922936      100.000%
                                                  1.00         0.00              1.00         0.00

RET_STALL_LENGTH_0                            38734687       99.998%         77921112       99.998%
RET_STALL_LENGTH_100                               546        0.001%             1262        0.002%
RET_STALL_LENGTH_200                                90        0.000%              234        0.000%
RET_STALL_LENGTH_300                                35        0.000%               60        0.000%
RET_STALL_LENGTH_400                                46        0.000%               89        0.000%
RET_STALL_LENGTH_500                                39        0.000%               77        0.000%
RET_STALL_LENGTH_600                                19        0.000%               33        0.000%
RET_STALL_LENGTH_700                                11        0.000%               20        0.000%
RET_STALL_LENGTH_800                                 1        0.000%                4        0.000%
RET_STALL_LENGTH_900                                 9        0.000%               15        0.000%
RET_STALL_LENGTH_1000                                0        0.000%                1        0.000%
RET_STALL_LENGTH_1100                                5        0.000%                7        0.000%
RET_STALL_LENGTH_1200                                4        0.000%                7        0.000%
RET_STALL_LENGTH_1300                                2        0.000%                2        0.000%
RET_STALL_LENGTH_1400                                0        0.000%                0        0.000%
RET_STALL_LENGTH_1500                                0        0.000%                0        0.000%
RET_STALL_LENGTH_1600                                3        0.000%                4        0.000%
RET_STALL_LENGTH_1700                                1        0.000%                3        0.000%
RET_STALL_LENGTH_1800                                3        0.000%                3        0.000%
RET_STALL_LENGTH_1900                                0        0.000%                1        0.000%
RET_STALL_LENGTH_2000                                0        0.000%                1        0.000%
RET_STALL_LENGTH_2100                                1        0.000%                1        0.000%
RET_STALL_LENGTH_2200                                0        0.000%                0        0.000%
RET_STALL_LENGTH_2300                                0        0.000%                0        0.000%
RET_STALL_LENGTH_2400                                0        0.000%                0        0.000%
RET_STALL_LENGTH_2500                                0        0.000%                0        0.000%
RET_STALL_LENGTH_2600                                0        0.000%                0        0.000%
RET_STALL_LENGTH_2700                                0        0.000%                0        0.000%
RET_STALL_LENGTH_2800                                0        0.000%                0        0.000%
RET_STALL_LENGTH_2900                                0        0.000%                0        0.000%
RET_STALL_LENGTH_3000                                0        0.000%                0        0.000%
RET_STALL_LENGTH_3100                                0        0.000%                0        0.000%
RET_STALL_LENGTH_3200                                0        0.000%                0        0.000%
RET_STALL_LENGTH_3300                                0        0.000%                0        0.000%
RET_STALL_LENGTH_3400                                0        0.000%                0        0.000%
RET_STALL_LENGTH_3500                                0        0.000%                0        0.000%
RET_STALL_LENGTH_3600                                0        0.000%                0        0.000%
RET_STALL_LENGTH_3700                                0        0.000%                0        0.000%
RET_STALL_LENGTH_3800                                0        0.000%                0        0.000%
RET_STALL_LENGTH_3900                                0        0.000%                0        0.000%
RET_STALL_LENGTH_4000                                0        0.000%                0        0.000%
RET_STALL_LENGTH_4100                                0        0.000%                0        0.000%
RET_STALL_LENGTH_4200                                0        0.000%                0        0.000%
RET_STALL_LENGTH_4300                                0        0.000%                0        0.000%
RET_STALL_LENGTH_4400                                0        0.000%                0        0.000%
RET_STALL_LENGTH_4500                                0        0.000%                0        0.000%
RET_STALL_LENGTH_4600                                0        0.000%                0        0.000%
RET_STALL_LENGTH_4700                                0        0.000%                0        0.000%
RET_STALL_LENGTH_4800                                0        0.000%                0        0.000%
RET_STALL_LENGTH_4900                                0        0.000%                0        0.000%
RET_STALL_LENGTH_5000                                0        0.000%                0        0.000%
                                              38735502      100.000%         77922936      100.000%
                                                  0.00         0.02              0.00         0.01

MEM_BLOCK_LENGTH_0                                  28       87.500%               69       87.342%
MEM_BLOCK_LENGTH_100                                 3        9.375%                4        5.063%
MEM_BLOCK_LENGTH_200                                 1        3.125%                2        2.532%
MEM_BLOCK_LENGTH_300                                 0        0.000%                0        0.000%
MEM_BLOCK_LENGTH_400                                 0        0.000%                2        2.532%
MEM_BLOCK_LENGTH_500                                 0        0.000%                2        2.532%
MEM_BLOCK_LENGTH_600                                 0        0.000%                0        0.000%
MEM_BLOCK_LENGTH_700                                 0        0.000%                0        0.000%
MEM_BLOCK_LENGTH_800                                 0        0.000%                0        0.000%
MEM_BLOCK_LENGTH_900                                 0        0.000%                0        0.000%
MEM_BLOCK_LENGTH_1000                                0        0.000%                0        0.000%
MEM_BLOCK_LENGTH_1100                                0        0.000%                0        0.000%
MEM_BLOCK_LENGTH_1200                                0        0.000%                0        0.000%
MEM_BLOCK_LENGTH_1300                                0        0.000%                0        0.000%
MEM_BLOCK_LENGTH_1400                                0        0.000%                0        0.000%
MEM_BLOCK_LENGTH_1500                                0        0.000%                0        0.000%
MEM_BLOCK_LENGTH_1600                                0        0.000%                0        0.000%
MEM_BLOCK_LENGTH_1700                                0        0.000%                0        0.000%
MEM_BLOCK_LENGTH_1800                                0        0.000%                0        0.000%
MEM_BLOCK_LENGTH_1900                                0        0.000%                0        0.000%
MEM_BLOCK_LENGTH_2000                                0        0.000%                0        0.000%
MEM_BLOCK_LENGTH_2100                                0        0.000%                0        0.000%
MEM_BLOCK_LENGTH_2200                                0        0.000%                0        0.000%
MEM_BLOCK_LENGTH_2300                                0        0.000%                0        0.000%
MEM_BLOCK_LENGTH_2400                                0        0.000%                0        0.000%
MEM_BLOCK_LENGTH_2500                                0        0.000%                0        0.000%
MEM_BLOCK_LENGTH_2600                                0        0.000%                0        0.000%
MEM_BLOCK_LENGTH_2700                                0        0.000%                0        0.000%
MEM_BLOCK_LENGTH_2800                                0        0.000%                0        0.000%
MEM_BLOCK_LENGTH_2900                                0        0.000%                0        0.000%
MEM_BLOCK_LENGTH_3000                                0        0.000%                0        0.000%
MEM_BLOCK_LENGTH_3100                                0        0.000%                0        0.000%
MEM_BLOCK_LENGTH_3200                                0        0.000%                0        0.000%
MEM_BLOCK_LENGTH_3300                                0        0.000%                0        0.000%
MEM_BLOCK_LENGTH_3400                                0        0.000%                0        0.000%
MEM_BLOCK_LENGTH_3500                                0        0.000%                0        0.000%
MEM_BLOCK_LENGTH_3600                                0        0.000%                0        0.000%
MEM_BLOCK_LENGTH_3700                                0        0.000%                0        0.000%
MEM_BLOCK_LENGTH_3800                                0        0.000%                0        0.000%
MEM_BLOCK_LENGTH_3900                                0        0.000%                0        0.000%
MEM_BLOCK_LENGTH_4000                                0        0.000%                0        0.000%
MEM_BLOCK_LENGTH_4100                                0        0.000%                0        0.000%
MEM_BLOCK_LENGTH_4200                                0        0.000%                0        0.000%
MEM_BLOCK_LENGTH_4300                                0        0.000%                0        0.000%
MEM_BLOCK_LENGTH_4400                                0        0.000%                0        0.000%
MEM_BLOCK_LENGTH_4500                                0        0.000%                0        0.000%
MEM_BLOCK_LENGTH_4600                                0        0.000%                0        0.000%
MEM_BLOCK_LENGTH_4700                                0        0.000%                0        0.000%
MEM_BLOCK_LENGTH_4800                                0        0.000%                0        0.000%
MEM_BLOCK_LENGTH_4900                                0        0.000%                0        0.000%
MEM_BLOCK_LENGTH_5000                                0        0.000%                0        0.000%
                                                    32      100.000%               79      100.000%
                                                  0.16         0.42              0.33         1.00

FUS_BUSY_ON_PATH                              38749866        3.8250         77957875        3.8204

FUS_BUSY_OFF_PATH                               119497        0.0118           275894        0.0135

FU_BUSY_MEM_STALL                                14670        0.0014            35581        0.0017

FUS_EMPTY                                     42175413        4.1632         85009655        4.1660

FU_UNAVAILABLE                                     970        0.0001             1695        0.0001

FU_MEM_UNAVAILABLE                                6483        0.0006            24158        0.0012

FU_OTHER_UNAVAILABLE                                 0        0.0000                0        0.0000

FU_REPLAY                                            0        0.0000                0        0.0000

FU_STARVED                                    42167060        4.1623         84991944        4.1652

CHIP_UTILIZATION                                     0        0.0000                0        0.0000

CYCLES_UNDER_MEM_REQ                                 0                              0              

CYCLES_UNDER_NO_MEM_REQ                              0                              0              

CYCLES_UNDER_CRITICAL_MEM_REQ                        0                              0              

CYCLES_UNDER_NONCRITICAL_MEM_REQ                     0                              0              

CHIP_UTILIZATION_UNDER_MEM_REQ                       0          -nan                0          -nan

CHIP_UTILIZATION_UNDER_NO_MEM_REQ                    0          -nan                0          -nan

CHIP_UTILIZATION_UNDER_CRITICAL_MEM_REQ              0          -nan                0          -nan

CHIP_UTILIZATION_UNDER_NONCRITICAL_MEM_REQ             0          -nan                0          -nan

CYCLES_NOT_WAITING_FOR_OFF_CHIP                      0        0.0000                0        0.0000

FUS_BUSY_NOT_WAITING_FOR_OFF_CHIP                    0          -nan                0          -nan

CYCLES_WAITING_FOR_OFF_CHIP                          0        0.0000                0        0.0000

FUS_BUSY_WAITING_FOR_OFF_CHIP                        0          -nan                0          -nan

TOTAL_OFF_CHIP_DELAYS_LEFT                           0                              0              

WRONG_IO_SCHED                                       0                              0              

DVFS_CONFIG_SWITCH                                   0                              0              

MAP_STAGE_RECEIVED_OPS_0                             0        0.000%                0        0.000%
MAP_STAGE_RECEIVED_OPS_1                          5112        0.066%             8881        0.052%
MAP_STAGE_RECEIVED_OPS_2                          7387        0.096%            11154        0.065%
MAP_STAGE_RECEIVED_OPS_3                         12296        0.160%            18923        0.110%
MAP_STAGE_RECEIVED_OPS_4                       3664043       47.592%         12412999       72.339%
MAP_STAGE_RECEIVED_OPS_5                         41784        0.543%            71068        0.414%
MAP_STAGE_RECEIVED_OPS_6                       3968259       51.543%          4636429       27.020%
MAP_STAGE_RECEIVED_OPS_7                             0        0.000%                0        0.000%
MAP_STAGE_RECEIVED_OPS_8                             0        0.000%                0        0.000%
MAP_STAGE_RECEIVED_OPS_MAX                           0        0.000%                0        0.000%
                                               7698881      100.000%         17159454      100.000%
                                                  5.03         1.01              4.54         0.90

MAP_STAGE_WAIT_FOR_DECODE                            0         -nan%                0         -nan%
MAP_STAGE_CONSUME_DECODE                             0         -nan%                0         -nan%
                                                     0         -nan%                0         -nan%
                                                  -nan         -nan              -nan         -nan

MAP_STAGE_WAIT_FOR_DECODE2                           0         -nan%                0         -nan%
MAP_STAGE_CONSUME_DECODE2                            0         -nan%                0         -nan%
                                                     0         -nan%                0         -nan%
                                                  -nan         -nan              -nan         -nan

FTQ_RECOVER_EXEC                                  2631                           5637              

FTQ_RECOVER_DECODE                                 328                           1309              

FTQ_OFFPATH_CYCLES                              399275                         854848              

FTQ_CYCLES_OFFPATH                              399275                         854848              

FTQ_CYCLES_ONPATH                              9731322                       19550580              

FTQ_FETCHED_INS_ONPATH                        38735474                       77923476              

FTQ_FETCHED_INS_OFFPATH                        1086462                        2670972              

FTQ_BREAK_FULL_FT_ONPATH                       9670041                       12096170              

FTQ_BREAK_FULL_FT_OFFPATH                       297919                         636183              

FTQ_BREAK_PRED_BR_ONPATH                             0                              0              

FTQ_BREAK_PRED_BR_OFFPATH                            0                              0              

FTQ_BREAK_BAR_FETCH_ONPATH                           0                              0              

FTQ_BREAK_BAR_FETCH_OFFPATH                          0                              0              

FTQ_BREAK_MAX_CFS_TAKEN_ONPATH                       0                              0              

FTQ_BREAK_MAX_CFS_TAKEN_OFFPATH                      0                              0              

FTQ_BREAK_MAX_FT_ONPATH                          61281                        7454410              

FTQ_BREAK_MAX_FT_OFFPATH                        101356                         218665              

DFE_GEN_ON_PATH_FT                             9625627                       19382973              

DFE_GEN_OFF_PATH_FT                             130203                         271143              

DFE_L0_ENABLED_PREDICTIONS                    38735474                       77923476              

DFE_L0_WRONG_MAIN_CORRECT                         5652                           8770              

DFE_L0_WRONG_MAIN_WRONG                           2165                           5412              

DFE_L0_CORRECT_MAIN_WRONG                          734                           1358              

DFE_L0_CORRECT_MAIN_CORRECT                   38726923                       77907936              

DFE_L0_WRONG_MAIN_CORRECT_RECOVERY_SCHEDULED             0                              0              

FTQ_SAW_BAR_FETCH_OFFPATH                            0                              0              

FTQ_SAW_BAR_FETCH_ONPATH                             0                              0              

DFE_CONF_0_MISPRED                                   0         -nan%                0         -nan%
DFE_CONF_1_MISPRED                                   0         -nan%                0         -nan%
DFE_CONF_2_MISPRED                                   0         -nan%                0         -nan%
DFE_CONF_3_MISPRED                                   0         -nan%                0         -nan%
DFE_CONF_0_CORRECT                                   0         -nan%                0         -nan%
DFE_CONF_1_CORRECT                                   0         -nan%                0         -nan%
DFE_CONF_2_CORRECT                                   0         -nan%                0         -nan%
DFE_CONF_3_CORRECT                                   0         -nan%                0         -nan%
                                                     0         -nan%                0         -nan%
                                                  -nan         -nan              -nan         -nan

DFE_ON_CONF_ON_OPS                                   0         -nan%                0         -nan%
DFE_ON_CONF_OFF_OPS                                  0         -nan%                0         -nan%
DFE_OFF_CONF_ON_OPS                                  0         -nan%                0         -nan%
DFE_OFF_CONF_OFF_REALISTIC_OPS                       0         -nan%                0         -nan%
DFE_OFF_CONF_OFF_PERFECT_OPS                         0         -nan%                0         -nan%
                                                     0         -nan%                0         -nan%
                                                  -nan         -nan              -nan         -nan

DFE_ON_CONF_ON_FETCH_TARGETS                         0         -nan%                0         -nan%
DFE_ON_CONF_OFF_FETCH_TARGETS                        0         -nan%                0         -nan%
DFE_OFF_CONF_ON_FETCH_TARGETS                        0         -nan%                0         -nan%
DFE_OFF_CONF_OFF_REALISTIC_FETCH_TARGETS             0         -nan%                0         -nan%
DFE_OFF_CONF_OFF_PERFECT_FETCH_TARGETS               0         -nan%                0         -nan%
                                                     0         -nan%                0         -nan%
                                                  -nan         -nan              -nan         -nan

DFE_ON_CONF_ON_CYCLES                                0         -nan%                0         -nan%
DFE_ON_CONF_OFF_CYCLES                               0         -nan%                0         -nan%
DFE_OFF_CONF_ON_CYCLES                               0         -nan%                0         -nan%
DFE_OFF_CONF_OFF_REALISTIC_CYCLES                    0         -nan%                0         -nan%
DFE_OFF_CONF_OFF_PERFECT_CYCLES                      0         -nan%                0         -nan%
                                                     0         -nan%                0         -nan%
                                                  -nan         -nan              -nan         -nan

DFE_OFF_CONF_ON_NUM_EVENTS                           0                              0              

DFE_OFF_CONF_ON_NOT_IDENTIFIED_EVENTS                0         -nan%                0         -nan%
DFE_OFF_CONF_ON_IBTB_MISS_EVENTS                     0         -nan%                0         -nan%
DFE_OFF_CONF_ON_BTB_MISS_EVENTS                      0         -nan%                0         -nan%
DFE_OFF_CONF_ON_BTB_MISS_MISPRED_EVENTS              0         -nan%                0         -nan%
DFE_OFF_CONF_ON_MISPRED_EVENTS                       0         -nan%                0         -nan%
DFE_OFF_CONF_ON_MISFETCH_EVENTS                      0         -nan%                0         -nan%
                                                     0         -nan%                0         -nan%
                                                  -nan         -nan              -nan         -nan

DFE_OFF_CONF_ON_NOT_IDENTIFIED_CYCLES                0         -nan%                0         -nan%
DFE_OFF_CONF_ON_IBTB_MISS_CYCLES                     0         -nan%                0         -nan%
DFE_OFF_CONF_ON_BTB_MISS_CYCLES                      0         -nan%                0         -nan%
DFE_OFF_CONF_ON_BTB_MISS_MISPRED_CYCLES              0         -nan%                0         -nan%
DFE_OFF_CONF_ON_MISPRED_CYCLES                       0         -nan%                0         -nan%
DFE_OFF_CONF_ON_MISFETCH_CYCLES                      0         -nan%                0         -nan%
                                                     0         -nan%                0         -nan%
                                                  -nan         -nan              -nan         -nan

DFE_OFF_CONF_ON_NOT_IDENTIFIED_FETCH_TARGETS             0         -nan%                0         -nan%
DFE_OFF_CONF_ON_IBTB_MISS_FETCH_TARGETS              0         -nan%                0         -nan%
DFE_OFF_CONF_ON_BTB_MISS_FETCH_TARGETS               0         -nan%                0         -nan%
DFE_OFF_CONF_ON_BTB_MISS_MISPRED_FETCH_TARGETS             0         -nan%                0         -nan%
DFE_OFF_CONF_ON_MISPRED_FETCH_TARGETS                0         -nan%                0         -nan%
DFE_OFF_CONF_ON_MISFETCH_FETCH_TARGETS               0         -nan%                0         -nan%
                                                     0         -nan%                0         -nan%
                                                  -nan         -nan              -nan         -nan

DFE_OFF_CONF_ON_BP_INCORRECT_0_CONF                  0         -nan%                0         -nan%
DFE_OFF_CONF_ON_BP_INCORRECT_1_CONF                  0         -nan%                0         -nan%
DFE_OFF_CONF_ON_BP_INCORRECT_2_CONF                  0         -nan%                0         -nan%
DFE_OFF_CONF_ON_BP_INCORRECT_3_CONF                  0         -nan%                0         -nan%
                                                     0         -nan%                0         -nan%
                                                  -nan         -nan              -nan         -nan

DFE_OFF_CONF_ON_BTB_MISS_CBR_0_CONF                  0         -nan%                0         -nan%
DFE_OFF_CONF_ON_BTB_MISS_CBR_1_CONF                  0         -nan%                0         -nan%
DFE_OFF_CONF_ON_BTB_MISS_CBR_2_CONF                  0         -nan%                0         -nan%
DFE_OFF_CONF_ON_BTB_MISS_CBR_3_CONF                  0         -nan%                0         -nan%
                                                     0         -nan%                0         -nan%
                                                  -nan         -nan              -nan         -nan

DFE_OFF_CONF_ON_BTB_MISS_NOT_CF                      0         -nan%                0         -nan%
DFE_OFF_CONF_ON_BTB_MISS_CF_BR                       0         -nan%                0         -nan%
DFE_OFF_CONF_ON_BTB_MISS_CF_CBR                      0         -nan%                0         -nan%
DFE_OFF_CONF_ON_BTB_MISS_CF_CALL                     0         -nan%                0         -nan%
DFE_OFF_CONF_ON_BTB_MISS_CF_IBR                      0         -nan%                0         -nan%
DFE_OFF_CONF_ON_BTB_MISS_CF_ICALL                    0         -nan%                0         -nan%
DFE_OFF_CONF_ON_BTB_MISS_CF_ICO                      0         -nan%                0         -nan%
DFE_OFF_CONF_ON_BTB_MISS_CF_RET                      0         -nan%                0         -nan%
DFE_OFF_CONF_ON_BTB_MISS_CF_SYS                      0         -nan%                0         -nan%
                                                     0         -nan%                0         -nan%
                                                  -nan         -nan              -nan         -nan

DFE_ON_CONF_OFF_NUM_EVENTS                           0                              0              

CONF_BTB_NUM_CYCLES_OFF_PATH_EVENT                   0                              0              

DFE_ON_CONF_OFF_IBTB_MISS_BP_TAKEN                   0         -nan%                0         -nan%
DFE_ON_CONF_OFF_BTB_MISS_BP_TAKEN_CONF_0             0         -nan%                0         -nan%
DFE_ON_CONF_OFF_BTB_MISS_BP_TAKEN_CONF_1             0         -nan%                0         -nan%
DFE_ON_CONF_OFF_BTB_MISS_BP_TAKEN_CONF_2             0         -nan%                0         -nan%
DFE_ON_CONF_OFF_BTB_MISS_BP_TAKEN_CONF_3             0         -nan%                0         -nan%
DFE_ON_CONF_OFF_BTB_MISS_RATE                        0         -nan%                0         -nan%
DFE_ON_CONF_OFF_IBTB_MISS_RATE                       0         -nan%                0         -nan%
DFE_ON_CONF_OFF_MISFETCH_RATE                        0         -nan%                0         -nan%
DFE_ON_CONF_OFF_MISPRED_RATE                         0         -nan%                0         -nan%
DFE_ON_CONF_OFF_INV_CONF_INC                         0         -nan%                0         -nan%
DFE_ON_CONF_OFF_PERFECT_CONF                         0         -nan%                0         -nan%
                                                     0         -nan%                0         -nan%
                                                  -nan         -nan              -nan         -nan

DFE_ON_CONF_OFF_IBTB_MISS_BP_TAKEN_CYCLES             0         -nan%                0         -nan%
DFE_ON_CONF_OFF_BTB_MISS_BP_TAKEN_CONF_0_CYCLES             0         -nan%                0         -nan%
DFE_ON_CONF_OFF_BTB_MISS_BP_TAKEN_CONF_1_CYCLES             0         -nan%                0         -nan%
DFE_ON_CONF_OFF_BTB_MISS_BP_TAKEN_CONF_2_CYCLES             0         -nan%                0         -nan%
DFE_ON_CONF_OFF_BTB_MISS_BP_TAKEN_CONF_3_CYCLES             0         -nan%                0         -nan%
DFE_ON_CONF_OFF_BTB_MISS_RATE_CYCLES                 0         -nan%                0         -nan%
DFE_ON_CONF_OFF_IBTB_MISS_RATE_CYCLES                0         -nan%                0         -nan%
DFE_ON_CONF_OFF_MISFETCH_RATE_CYCLES                 0         -nan%                0         -nan%
DFE_ON_CONF_OFF_MISPRED_RATE_CYCLES                  0         -nan%                0         -nan%
DFE_ON_CONF_OFF_INV_CONF_INC_CYCLES                  0         -nan%                0         -nan%
DFE_ON_CONF_OFF_PERFECT_CONF_CYCLES                  0         -nan%                0         -nan%
                                                     0         -nan%                0         -nan%
                                                  -nan         -nan              -nan         -nan

DFE_ON_CONF_OFF_IBTB_MISS_BP_TAKEN_FETCH_TARGETS             0         -nan%                0         -nan%
DFE_ON_CONF_OFF_BTB_MISS_BP_TAKEN_CONF_0_FETCH_TARGETS             0         -nan%                0         -nan%
DFE_ON_CONF_OFF_BTB_MISS_BP_TAKEN_CONF_1_FETCH_TARGETS             0         -nan%                0         -nan%
DFE_ON_CONF_OFF_BTB_MISS_BP_TAKEN_CONF_2_FETCH_TARGETS             0         -nan%                0         -nan%
DFE_ON_CONF_OFF_BTB_MISS_BP_TAKEN_CONF_3_FETCH_TARGETS             0         -nan%                0         -nan%
DFE_ON_CONF_OFF_BTB_MISS_RATE_FETCH_TARGETS             0         -nan%                0         -nan%
DFE_ON_CONF_OFF_IBTB_MISS_RATE_FETCH_TARGETS             0         -nan%                0         -nan%
DFE_ON_CONF_OFF_MISFETCH_RATE_FETCH_TARGETS             0         -nan%                0         -nan%
DFE_ON_CONF_OFF_MISPRED_RATE_FETCH_TARGETS             0         -nan%                0         -nan%
DFE_ON_CONF_OFF_INV_CONF_INC_FETCH_TARGETS             0         -nan%                0         -nan%
DFE_ON_CONF_OFF_PERFECT_CONF_FETCH_TARGETS             0         -nan%                0         -nan%
                                                     0         -nan%                0         -nan%
                                                  -nan         -nan              -nan         -nan

CONF_OFF_IBTB_MISS_BP_TAKEN                          0         -nan%                0         -nan%
CONF_OFF_BTB_MISS_BP_TAKEN_CONF_0                    0         -nan%                0         -nan%
CONF_OFF_BTB_MISS_BP_TAKEN_CONF_1                    0         -nan%                0         -nan%
CONF_OFF_BTB_MISS_BP_TAKEN_CONF_2                    0         -nan%                0         -nan%
CONF_OFF_BTB_MISS_BP_TAKEN_CONF_3                    0         -nan%                0         -nan%
CONF_OFF_BTB_MISS_RATE                               0         -nan%                0         -nan%
CONF_OFF_IBTB_MISS_RATE                              0         -nan%                0         -nan%
CONF_OFF_MISFETCH_RATE                               0         -nan%                0         -nan%
CONF_OFF_MISPRED_RATE                                0         -nan%                0         -nan%
CONF_OFF_INV_CONF_INC                                0         -nan%                0         -nan%
CONF_OFF_PERFECT_CONF                                0         -nan%                0         -nan%
                                                     0         -nan%                0         -nan%
                                                  -nan         -nan              -nan         -nan

TOPDOWN_TOTAL_SLOTS                           60783582                      122432568              

TOPDOWN_ISSUED_SLOTS                          39013869                       78521856              

TOPDOWN_RETIRED_SLOTS                         38735502                       77923252              

TOPDOWN_FETCH_BUBBLES_SLOTS                    9089728                       28440596              

TOPDOWN_RECOVERY_BUBBLES_SLOTS                   66153                         130444              

TOPDOWN_MEM_LOAD_STALLS_CYCLES                  141713                         275591              

TOPDOWN_MEM_STORE_STALLS_CYCLES                   1454                           2185              

TOPDOWN_EXEC_STALLS_CYCLES                      247516                         492032              

TOPDOWN_BACKEND_STALLS_CYCLES                  2101368                        2555164              

TOPDOWN_FETCH_BUBBLES_GT_MIW_CYCLES             263523                         549183              

TOPDOWN_BR_MISPRED_RETIRED_CYCLES                 2631                           5637              

TOPDOWN_MACHINE_CLEAR_CYCLES                      8611                          15716              

TOPDOWN_FRONTEND_BOUND                            1495                           1495              

TOPDOWN_BACKEND_BOUND                             2077                           2077              

TOPDOWN_BAD_SPEC_BOUND                              56                             56              

TOPDOWN_RETIRING_BOUND                            6372                           6372              

TOPDOWN_FETCH_LATENCY_BOUND                        260                            260              

TOPDOWN_FETCH_BANDWIDTH_BOUND                     1235                           1235              

TOPDOWN_MEM_BOUND                                  141                            141              

TOPDOWN_CORE_BOUND                                1936                           1936              

TOPDOWN_BR_MISPREDICTS_BOUND                        13                             13              

TOPDOWN_MACHINE_CLEARS_BOUND                        43                             43              



