/* -*- Mode: c -*- */
####################################################################################################
Core 0
####################################################################################################
Cumulative:        Cycles: 34985047              Instructions: 19999999              IPC: 0.57167

Periodic:          Cycles: 16972684              Instructions: 9999996               IPC: 0.58918

EXECUTION_TIME                           5303963750000                  10932827187500              

SIM_HOST_WALL_SECONDS                       104.758921                     104.758921              

NODE_CYCLE                                    16972684                       34985047              

NODE_INST_COUNT                                9999996                       19999999              

NODE_INST_COUNT_FETCHED                        9999996                       19999999              

NODE_UOP_COUNT                                12101817                       24173225              

EXEC_STAGE_NO_ISSUE_STALL_CYCLE                4149003                        8287306              

EXEC_STAGE_NO_ISSUE_STALL_CYCLE_ONPATH         3795838                        7631521              

FULL_WINDOW_STALL                                  510        0.003%            25881        0.074%

FULL_WINDOW_MEM_OP                                 498      100.000%            25330       99.846%
FULL_WINDOW_FP_OP                                    0        0.000%                0        0.000%
FULL_WINDOW_OTHER_OP                                 0        0.000%               39        0.154%
                                                   498      100.000%            25369      100.000%
                                                  0.00         0.00              0.00         0.08

RET_BLOCKED_DC_MISS                           14483638       85.335%         30005473       85.767%

RET_BLOCKED_L1_MISS                            9103562       53.637%         19328004       55.246%

RET_BLOCKED_L1_MISS_BW_PREF                          0        0.000%                0        0.000%

RET_BLOCKED_L1_ACCESS                          5380103       31.699%         10677581       30.520%

RET_BLOCKED_MEM_STALL                          9103562       53.637%         19328009       55.246%

RET_BLOCKED_OFFCHIP_DEMAND                           0        0.000%                0        0.000%

OP_ISSUED                                     12815473                       25606517              

OP_RETIRED                                    12101817                       24173225              

OP_MACRO_FUSION_ONPATH                         2713453                        5363102              

OP_MACRO_FUSION_OFFPATH                         355668                         623032              

REPLAY_SIGNALED                                      0                              0              

REPLAY_COUNTED                                       0                              0              

OFF_CRITICAL_PATH                                    0         -nan%                0         -nan%
ON_CRITICAL_PATH                                     0         -nan%                0         -nan%
                                                     0         -nan%                0         -nan%
                                                  -nan         -nan              -nan         -nan

LD_NO_DEPENDENTS                                 42454        1.379%            89794        1.465%
LD_DEPENDENTS                                  3035092       98.621%          6041180       98.535%
                                               3077546      100.000%          6130974      100.000%
                                                  0.99         0.98              0.99         0.98

LD_EXEC_CYCLES_0                                     0        0.000%                0        0.000%
LD_EXEC_CYCLES_1                                     0        0.000%                0        0.000%
LD_EXEC_CYCLES_2                                     0        0.000%                0        0.000%
LD_EXEC_CYCLES_3                                   303       34.868%              507       33.532%
LD_EXEC_CYCLES_4                                   566       65.132%             1005       66.468%
                                                   869      100.000%             1512      100.000%
                                                  3.65         2.99              3.66         3.03

ICACHE_STAGE_STARVED                            147034        1.234%           316295        1.204%
ICACHE_STAGE_NOT_STARVED                      11772752       98.766%         25962052       98.796%
                                              11919786      100.000%         26278347      100.000%
                                                  0.99         0.98              0.99         0.98

ICACHE_STAGE_STALLED                           9407370       55.427%         21233039       60.692%
ICACHE_STAGE_NOT_STALLED                       2512416       14.803%          5045308       14.421%
ICACHE_STAGE_OFF_PATH                          5052898       29.771%          8706700       24.887%
                                              16972684      100.000%         34985047      100.000%
                                                  0.74         0.80              0.64         0.76

DECODE_STAGE_STARVED                          16530544       99.025%         34207321       99.050%
DECODE_STAGE_NOT_STARVED                        162710        0.975%           327968        0.950%
                                              16693254      100.000%         34535289      100.000%
                                                  0.01         0.10              0.01         0.10

DECODE_STAGE_STALLED                           2759321       16.257%          4134146       11.817%
DECODE_STAGE_NOT_STALLED                      13933933       82.096%         30401143       86.898%
DECODE_STAGE_OFF_PATH                           279430        1.646%           449758        1.286%
                                              16972684      100.000%         34985047      100.000%
                                                  0.85         0.23              0.89         0.19

UOPQ_STAGE_STARVED                              430154       16.590%           957226       18.235%
UOPQ_STAGE_NOT_STARVED                         2162707       83.410%          4292270       81.765%
                                               2592861      100.000%          5249496      100.000%
                                                  0.83         0.78              0.82         0.76

UOPQ_STAGE_STALLED                             9944149       58.589%         22027784       62.963%
UOPQ_STAGE_NOT_STALLED                         2592861       15.277%          5249496       15.005%
UOPQ_STAGE_OFF_PATH                            4435674       26.134%          7707767       22.032%
                                              16972684      100.000%         34985047      100.000%
                                                  0.68         0.77              0.59         0.73

RS_OP_READY_NOT_ISSUED_TOTAL                   3606130                        7303979              

RS_0_OP_READY_NOT_ISSUED                       2666729                        5279589              

RS_1_OP_READY_NOT_ISSUED                        533753                        1131310              

RS_2_OP_READY_NOT_ISSUED                        405648                         893080              

RS_3_OP_READY_NOT_ISSUED                             0                              0              

RS_4_OP_READY_NOT_ISSUED                             0                              0              

RS_5_OP_READY_NOT_ISSUED                             0                              0              

RS_6_OP_READY_NOT_ISSUED                             0                              0              

RS_7_OP_READY_NOT_ISSUED                             0                              0              

RS_7_PLUS_OP_READY_NOT_ISSUED                        0                              0              

FU_IDLE_NO_READY_OPS_TOTAL                   115055086                      238507637              

FU_0_IDLE_NO_READY_OPS                        12602304                       26263895              

FU_1_IDLE_NO_READY_OPS                        13326951                       27698656              

FU_2_IDLE_NO_READY_OPS                        14177186                       29530103              

FU_3_IDLE_NO_READY_OPS                        14855573                       30685862              

FU_4_IDLE_NO_READY_OPS                        13447602                       27955841              

FU_5_IDLE_NO_READY_OPS                        12990305                       27026462              

FU_6_IDLE_NO_READY_OPS                        16829566                       34678997              

FU_7_IDLE_NO_READY_OPS                        16825599                       34667821              

FU_8_IDLE_NO_READY_OPS                               0                              0              

FU_9_IDLE_NO_READY_OPS                               0                              0              

FU_10_IDLE_NO_READY_OPS                              0                              0              

FU_11_IDLE_NO_READY_OPS                              0                              0              

FU_12_IDLE_NO_READY_OPS                              0                              0              

FU_13_IDLE_NO_READY_OPS                              0                              0              

FU_14_IDLE_NO_READY_OPS                              0                              0              

FU_15_IDLE_NO_READY_OPS                              0                              0              

FU_16_IDLE_NO_READY_OPS                              0                              0              

FU_17_IDLE_NO_READY_OPS                              0                              0              

FU_18_IDLE_NO_READY_OPS                              0                              0              

FU_19_IDLE_NO_READY_OPS                              0                              0              

FU_20_IDLE_NO_READY_OPS                              0                              0              

FU_21_IDLE_NO_READY_OPS                              0                              0              

FU_22_IDLE_NO_READY_OPS                              0                              0              

FU_23_IDLE_NO_READY_OPS                              0                              0              

FU_24_IDLE_NO_READY_OPS                              0                              0              

FU_25_IDLE_NO_READY_OPS                              0                              0              

FU_26_IDLE_NO_READY_OPS                              0                              0              

FU_27_IDLE_NO_READY_OPS                              0                              0              

FU_28_IDLE_NO_READY_OPS                              0                              0              

FU_29_IDLE_NO_READY_OPS                              0                              0              

FU_30_IDLE_NO_READY_OPS                              0                              0              

FU_31_IDLE_NO_READY_OPS                              0                              0              

FU_31_PLUS_IDLE_NO_READY_OPS                         0                              0              

MAP_STAGE_STARVED                               166716        7.202%           364007        7.870%
MAP_STAGE_NOT_STARVED                          2148007       92.798%          4261359       92.130%
                                               2314723      100.000%          4625366      100.000%
                                                  0.93         0.90              0.92         0.89

MAP_STAGE_STALLED                                 2539        0.096%             4144        0.079%
MAP_STAGE_NOT_STALLED                          2312184       87.604%          4621222       87.719%
MAP_STAGE_OFF_PATH                              324646       12.300%           642857       12.203%
                                               2639369      100.000%          5268223      100.000%
                                                  1.12         0.51              1.12         0.51

MAP_STAGE_STALL_ITSELF                        14333315       84.449%         29716824       84.942%
MAP_STAGE_NOT_STALL_ITSELF                     2639369       15.551%          5268223       15.058%
                                              16972684      100.000%         34985047      100.000%
                                                  0.16         0.34              0.15         0.33

MAP_STAGE_LATE_ALLOCATE_SEND_BACK                    0                              0              

MAP_STAGE_RENAME_OP_ONPATH                    12101544                       24173225              

MAP_STAGE_RENAME_OP_OFFPATH                    1650723                        3025083              

MAP_STAGE_RENAME_INT_REG_ONPATH               10428598                       20750591              

MAP_STAGE_RENAME_INT_REG_OFFPATH               1567967                        2744673              

MAP_STAGE_RENAME_VEC_REG_ONPATH                    384                            834              

MAP_STAGE_RENAME_VEC_REG_OFFPATH                    72                            284              

MAP_STAGE_RENAME_MOVE_ELIM_ONPATH                    0                              0              

MAP_STAGE_RENAME_MOVE_ELIM_OFFPATH                   0                              0              

MAP_STAGE_ONPATH_INT_REG_NUM_ALLOC            10428831                       20750572              

MAP_STAGE_ONPATH_VEC_REG_NUM_ALLOC                 384                            832              

MAP_STAGE_ONPATH_INT_REG_NUM_SHORTLIVE         3660736                        7347366              

MAP_STAGE_ONPATH_VEC_REG_NUM_SHORTLIVE             126                            259              

MAP_STAGE_ONPATH_INT_REG_USE_COUNT_0           1827131                        3594930              

MAP_STAGE_ONPATH_VEC_REG_USE_COUNT_0                 0                              0              

MAP_STAGE_ONPATH_INT_REG_USE_COUNT_1           5897120                       11805814              

MAP_STAGE_ONPATH_VEC_REG_USE_COUNT_1               349                            765              

MAP_STAGE_ONPATH_INT_REG_USE_COUNT_2           1746038                        3427037              

MAP_STAGE_ONPATH_VEC_REG_USE_COUNT_2                20                             36              

MAP_STAGE_ONPATH_INT_REG_USE_COUNT_3            735733                        1454976              

MAP_STAGE_ONPATH_VEC_REG_USE_COUNT_3                 0                              0              

MAP_STAGE_ONPATH_INT_REG_USE_COUNT_4             40357                          85223              

MAP_STAGE_ONPATH_VEC_REG_USE_COUNT_4                15                             31              

MAP_STAGE_ONPATH_INT_REG_USE_COUNT_5              2295                           4704              

MAP_STAGE_ONPATH_VEC_REG_USE_COUNT_5                 0                              0              

MAP_STAGE_ONPATH_INT_REG_USE_COUNT_6             71585                         150181              

MAP_STAGE_ONPATH_VEC_REG_USE_COUNT_6                 0                              0              

MAP_STAGE_ONPATH_INT_REG_USE_COUNT_7_PLUS        108572                         227707              

MAP_STAGE_ONPATH_VEC_REG_USE_COUNT_7_PLUS             0                              0              

MAP_STAGE_ONPATH_INT_REG_CONSUME_DIST_0              0        0.0000                0        0.0000

MAP_STAGE_ONPATH_VEC_REG_CONSUME_DIST_0              0          -nan                0          -nan

MAP_STAGE_ONPATH_INT_REG_CONSUME_DIST_1              0        0.0000                0        0.0000

MAP_STAGE_ONPATH_VEC_REG_CONSUME_DIST_1              0        0.0000                0        0.0000

MAP_STAGE_ONPATH_INT_REG_CONSUME_DIST_2       17141647        9.8175         38345895       11.1892

MAP_STAGE_ONPATH_VEC_REG_CONSUME_DIST_2            197        9.8500              306        8.5000

MAP_STAGE_ONPATH_INT_REG_CONSUME_DIST_3        9173856       12.4690         21855444       15.0212

MAP_STAGE_ONPATH_VEC_REG_CONSUME_DIST_3              0          -nan                0          -nan

MAP_STAGE_ONPATH_INT_REG_CONSUME_DIST_4       16867690      417.9619         34598755      405.9791

MAP_STAGE_ONPATH_VEC_REG_CONSUME_DIST_4             43        2.8667               67        2.1613

MAP_STAGE_ONPATH_INT_REG_CONSUME_DIST_5          90237       39.3190           216458       46.0157

MAP_STAGE_ONPATH_VEC_REG_CONSUME_DIST_5              0          -nan                0          -nan

MAP_STAGE_ONPATH_INT_REG_CONSUME_DIST_6        3752425       52.4192          7242845       48.2274

MAP_STAGE_ONPATH_VEC_REG_CONSUME_DIST_6              0          -nan                0          -nan

MAP_STAGE_ONPATH_INT_REG_CONSUME_DIST_7_PLUS      75783470      698.0020        122178445      536.5599

MAP_STAGE_ONPATH_VEC_REG_CONSUME_DIST_7_PLUS             0          -nan                0          -nan

MAP_STAGE_INT_REG_ISSUE_READ_TOTAL_CONSUMED      14418541        3.4752         28660927        3.4584

MAP_STAGE_VEC_REG_ISSUE_READ_TOTAL_CONSUMED           463        0.0001             1007        0.0001

MAP_STAGE_INT_REG_ISSUE_READ_MULTI_CONSUMED       5355754        1.2909         10616490        1.2811

MAP_STAGE_VEC_REG_ISSUE_READ_MULTI_CONSUMED            67        0.0000              137        0.0000

MAP_STAGE_INT_REG_ISSUE_READ_SAME_CYCLE_CONSUMED       2155812        0.5196          4297097        0.5185

MAP_STAGE_VEC_REG_ISSUE_READ_SAME_CYCLE_CONSUMED            32        0.0000               66        0.0000

MAP_STAGE_INT_REG_ISSUE_READ_TOTAL_CONSUMED_ONPATH      13701664        3.6097         27264012        3.5726

MAP_STAGE_VEC_REG_ISSUE_READ_TOTAL_CONSUMED_ONPATH           449        0.0001              963        0.0001

MAP_STAGE_INT_REG_ISSUE_READ_MULTI_CONSUMED_ONPATH       5100085        1.3436         10108346        1.3246

MAP_STAGE_VEC_REG_ISSUE_READ_MULTI_CONSUMED_ONPATH            65        0.0000              129        0.0000

MAP_STAGE_INT_REG_ISSUE_READ_SAME_CYCLE_CONSUMED_ONPATH       2003750        0.5279          4017247        0.5264

MAP_STAGE_VEC_REG_ISSUE_READ_SAME_CYCLE_CONSUMED_ONPATH            31        0.0000               63        0.0000

MAP_STAGE_ONPATH_INT_REG_LIFECYCLE_EMPTY    2315456942                     4668088066              

MAP_STAGE_ONPATH_VEC_REG_LIFECYCLE_EMPTY          8590                          15112              

MAP_STAGE_ONPATH_INT_REG_LIFECYCLE_IN_USE    2789065794                     5681441230              

MAP_STAGE_ONPATH_VEC_REG_LIFECYCLE_IN_USE         15091                          25741              

MAP_STAGE_ONPATH_INT_REG_LIFECYCLE_SPEC_RELEASE    3800804705                     7958786394              

MAP_STAGE_ONPATH_VEC_REG_LIFECYCLE_SPEC_RELEASE      39584595                       57615065              

MAP_STAGE_ONPATH_INT_REG_LIFECYCLE_NONSPEC_RELEASE    3800804705                     7958786394              

MAP_STAGE_ONPATH_VEC_REG_LIFECYCLE_NONSPEC_RELEASE      39584595                       57615065              

MAP_STAGE_ONPATH_INT_REG_LIFECYCLE_TOTAL    3800804705                     7958786394              

MAP_STAGE_ONPATH_VEC_REG_LIFECYCLE_TOTAL      39584595                       57615065              

MAP_STAGE_ONPATH_INT_REG_NUM_NONBRANCH        10428831                       20750572              

MAP_STAGE_ONPATH_VEC_REG_NUM_NONBRANCH             384                            832              

MAP_STAGE_ONPATH_INT_REG_NUM_NONEXCEPT        10428831                       20750572              

MAP_STAGE_ONPATH_VEC_REG_NUM_NONEXCEPT             384                            832              

MAP_STAGE_ONPATH_INT_REG_NUM_ATOMIC           10428831                       20750572              

MAP_STAGE_ONPATH_VEC_REG_NUM_ATOMIC                384                            832              

MAP_STAGE_ONPATH_INT_REG_ATOMIC_REDEFINED_DIST_TOTAL    3800804705      364.4517       7958786394      383.5454

MAP_STAGE_ONPATH_VEC_REG_ATOMIC_REDEFINED_DIST_TOTAL      39584595   103084.8828         57615065    69248.8762

MAP_STAGE_ONPATH_INT_REG_ATOMIC_CONSUMED_DIST_TOTAL    2789065794      267.4380       5681441230      273.7968

MAP_STAGE_ONPATH_VEC_REG_ATOMIC_CONSUMED_DIST_TOTAL         15091       39.2995            25741       30.9387

MAP_STAGE_ONPATH_INT_REG_ATOMIC_RELEASE_DIST_TOTAL    3800804705      364.4517       7958786394      383.5454

MAP_STAGE_ONPATH_VEC_REG_ATOMIC_RELEASE_DIST_TOTAL      39584595   103084.8828         57615065    69248.8762

EXEC_STAGE_STARVED                            16110958       94.923%         33372638       95.391%
EXEC_STAGE_NOT_STARVED                          142932        0.842%           288928        0.826%
EXEC_STAGE_OFF_PATH                             718794        4.235%          1323481        3.783%
                                              16972684      100.000%         34985047      100.000%
                                                  0.09         0.40              0.08         0.38

FU_BUSY_0                                      3889639                        7765106              

FU_BUSY_1                                      2229587                        4510968              

FU_BUSY_2                                      1963756                        3833057              

FU_BUSY_3                                      1477870                        3006461              

FU_BUSY_4                                      1455884                        2833939              

FU_BUSY_5                                      1796658                        3636781              

FU_BUSY_6                                        74843                         160325              

FU_BUSY_7                                        78059                         168330              

FU_BUSY_8                                            0                              0              

FU_BUSY_9                                            0                              0              

FU_BUSY_10                                           0                              0              

FU_BUSY_11                                           0                              0              

FU_BUSY_12                                           0                              0              

FU_BUSY_13                                           0                              0              

FU_BUSY_14                                           0                              0              

FU_BUSY_15                                           0                              0              

FU_BUSY_16                                           0                              0              

FU_BUSY_17                                           0                              0              

FU_BUSY_18                                           0                              0              

FU_BUSY_19                                           0                              0              

FU_BUSY_20                                           0                              0              

FU_BUSY_21                                           0                              0              

FU_BUSY_22                                           0                              0              

FU_BUSY_23                                           0                              0              

FU_BUSY_24                                           0                              0              

FU_BUSY_25                                           0                              0              

FU_BUSY_26                                           0                              0              

FU_BUSY_27                                           0                              0              

FU_BUSY_28                                           0                              0              

FU_BUSY_29                                           0                              0              

FU_BUSY_30                                           0                              0              

FU_BUSY_31                                           0                              0              

FU_REJECTED_OP_INV_NOT_SIMD                          0        0.000%                0        0.000%
FU_REJECTED_OP_NOP_NOT_SIMD                         49        0.038%              280        0.106%
FU_REJECTED_OP_CF_NOT_SIMD                          30        0.023%               67        0.025%
FU_REJECTED_OP_MOV_NOT_SIMD                        309        0.238%              611        0.232%
FU_REJECTED_OP_CMOV_NOT_SIMD                         0        0.000%                2        0.001%
FU_REJECTED_OP_LDA_NOT_SIMD                         57        0.044%              189        0.072%
FU_REJECTED_OP_IMEM_NOT_SIMD                    128046       98.532%           259463       98.350%
FU_REJECTED_OP_IADD_NOT_SIMD                       675        0.519%             1446        0.548%
FU_REJECTED_OP_IMUL_NOT_SIMD                       333        0.256%              657        0.249%
FU_REJECTED_OP_IDIV_NOT_SIMD                        10        0.008%               66        0.025%
FU_REJECTED_OP_ICMP_NOT_SIMD                         5        0.004%               24        0.009%
FU_REJECTED_OP_LOGIC_NOT_SIMD                      174        0.134%              432        0.164%
FU_REJECTED_OP_SHIFT_NOT_SIMD                      244        0.188%              529        0.201%
FU_REJECTED_OP_FMEM_NOT_SIMD                         9        0.007%               18        0.007%
FU_REJECTED_OP_FCVT_NOT_SIMD                         0        0.000%                0        0.000%
FU_REJECTED_OP_FADD_NOT_SIMD                         0        0.000%                0        0.000%
FU_REJECTED_OP_FMUL_NOT_SIMD                         0        0.000%                0        0.000%
FU_REJECTED_OP_FMA_NOT_SIMD                          0        0.000%                0        0.000%
FU_REJECTED_OP_FDIV_NOT_SIMD                         0        0.000%                0        0.000%
FU_REJECTED_OP_FCMP_NOT_SIMD                         0        0.000%                0        0.000%
FU_REJECTED_OP_FCMOV_NOT_SIMD                        0        0.000%                0        0.000%
FU_REJECTED_OP_GATHER_NOT_SIMD                       0        0.000%                0        0.000%
FU_REJECTED_OP_SCATTER_NOT_SIMD                      0        0.000%                0        0.000%
FU_REJECTED_OP_PIPELINED_FAST_NOT_SIMD               0        0.000%                0        0.000%
FU_REJECTED_OP_PIPELINED_MEDIUM_NOT_SIMD             0        0.000%                0        0.000%
FU_REJECTED_OP_PIPELINED_SLOW_NOT_SIMD               0        0.000%                0        0.000%
FU_REJECTED_OP_NOTPIPELINED_MEDIUM_NOT_SIMD             0        0.000%                0        0.000%
FU_REJECTED_OP_NOTPIPELINED_SLOW_NOT_SIMD             0        0.000%                0        0.000%
FU_REJECTED_OP_NOTPIPELINED_VERY_SLOW_NOT_SIMD             0        0.000%                0        0.000%
FU_REJECTED_OP_INV_SIMD                              0        0.000%                0        0.000%
FU_REJECTED_OP_NOP_SIMD                              0        0.000%                0        0.000%
FU_REJECTED_OP_CF_SIMD                               0        0.000%                0        0.000%
FU_REJECTED_OP_MOV_SIMD                             12        0.009%               20        0.008%
FU_REJECTED_OP_CMOV_SIMD                             0        0.000%                0        0.000%
FU_REJECTED_OP_LDA_SIMD                              0        0.000%                0        0.000%
FU_REJECTED_OP_IMEM_SIMD                             0        0.000%                0        0.000%
FU_REJECTED_OP_IADD_SIMD                             0        0.000%                0        0.000%
FU_REJECTED_OP_IMUL_SIMD                             0        0.000%                0        0.000%
FU_REJECTED_OP_IDIV_SIMD                             0        0.000%                0        0.000%
FU_REJECTED_OP_ICMP_SIMD                             0        0.000%                0        0.000%
FU_REJECTED_OP_LOGIC_SIMD                            0        0.000%                0        0.000%
FU_REJECTED_OP_SHIFT_SIMD                            0        0.000%                0        0.000%
FU_REJECTED_OP_FMEM_SIMD                             0        0.000%                0        0.000%
FU_REJECTED_OP_FCVT_SIMD                             1        0.001%                9        0.003%
FU_REJECTED_OP_FADD_SIMD                             0        0.000%                2        0.001%
FU_REJECTED_OP_FMUL_SIMD                             0        0.000%                0        0.000%
FU_REJECTED_OP_FMA_SIMD                              0        0.000%                0        0.000%
FU_REJECTED_OP_FDIV_SIMD                             0        0.000%                0        0.000%
FU_REJECTED_OP_FCMP_SIMD                             0        0.000%                0        0.000%
FU_REJECTED_OP_FCMOV_SIMD                            0        0.000%                0        0.000%
FU_REJECTED_OP_GATHER_SIMD                           0        0.000%                0        0.000%
FU_REJECTED_OP_SCATTER_SIMD                          0        0.000%                0        0.000%
FU_REJECTED_OP_PIPELINED_FAST_SIMD                   0        0.000%                0        0.000%
FU_REJECTED_OP_PIPELINED_MEDIUM_SIMD                 0        0.000%                0        0.000%
FU_REJECTED_OP_PIPELINED_SLOW_SIMD                   0        0.000%                0        0.000%
FU_REJECTED_OP_NOTPIPELINED_MEDIUM_SIMD              0        0.000%                0        0.000%
FU_REJECTED_OP_NOTPIPELINED_SLOW_SIMD                0        0.000%                0        0.000%
FU_REJECTED_OP_NOTPIPELINED_VERY_SLOW_SIMD             0        0.000%                0        0.000%
                                                129954      100.000%           263815      100.000%
                                                  6.02         0.48              6.02         0.54

LSQ_FULL_TOTAL                                    3175                           7723              

LSQ_FULL_LOAD_QUEUE                                244                           2142              

LSQ_FULL_STORE_QUEUE                              2931                           5581              

OP_WAIT_0                                      7588499                       15128064              

OP_WAIT_1                                      1820099                        3610006              

OP_WAIT_2                                       446636                         866751              

OP_WAIT_3                                       268329                         528218              

OP_WAIT_4                                       230786                         462616              

OP_WAIT_5                                       221679                         428261              

OP_WAIT_6                                       217141                         421214              

OP_WAIT_7                                       160954                         315078              

OP_WAIT_8                                        82723                         187566              

OP_WAIT_9                                        83641                         188658              

OP_WAIT_10                                       76243                         158913              

OP_WAIT_11                                       49688                          90675              

OP_WAIT_12                                       58254                         108336              

OP_WAIT_13                                       73895                         125434              

OP_WAIT_14                                       73119                         131998              

OP_WAIT_15                                       61229                         102531              

OP_WAIT_16                                       24115                          46328              

OP_WAIT_17                                       16926                          31160              

OP_WAIT_18                                        7385                          16944              

OP_WAIT_19                                        8283                          18730              

OP_WAIT_20                                        9583                          19607              

OP_WAIT_21                                        4096                          10221              

OP_WAIT_22                                        5103                          11302              

OP_WAIT_23                                        3697                           8225              

OP_WAIT_24                                        2297                           5757              

OP_WAIT_25                                        3000                           8001              

OP_WAIT_26                                        2288                           5652              

OP_WAIT_27                                        4759                           8345              

OP_WAIT_28                                        1265                           3511              

OP_WAIT_29                                        2937                           6876              

OP_WAIT_30                                        2871                           4820              

OP_WAIT_31                                      490297                        1113427              

ROW_SIZE_0                                    14436252                       29899532              

ROW_SIZE_1                                      356604                         711274              

ROW_SIZE_2                                      103012                         200133              

ROW_SIZE_3                                       48565                          97391              

ROW_SIZE_4                                      106956                         193671              

ROW_SIZE_5                                       33548                          66752              

ROW_SIZE_6                                     1799655                        3610178              

ROW_SIZE_7                                           0                              0              

ROW_SIZE_8                                           0                              0              

ROW_SIZE_9                                           0                              0              

ROW_SIZE_10                                          0                              0              

ROW_SIZE_11                                          0                              0              

ROW_SIZE_12                                          0                              0              

ROW_SIZE_13                                          0                              0              

ROW_SIZE_14                                          0                              0              

ROW_SIZE_15                                          0                              0              

ROW_SIZE_16                                          0                              0              

ROW_SIZE_17                                          0                              0              

ROW_SIZE_18                                          0                              0              

ROW_SIZE_19                                          0                              0              

ROW_SIZE_20                                          0                              0              

ROW_SIZE_21                                          0                              0              

ROW_SIZE_22                                          0                              0              

ROW_SIZE_23                                          0                              0              

ROW_SIZE_24                                          0                              0              

ROW_SIZE_25                                          0                              0              

ROW_SIZE_26                                          0                              0              

ROW_SIZE_27                                          0                              0              

ROW_SIZE_28                                          0                              0              

ROW_SIZE_29                                          0                              0              

ROW_SIZE_30                                          0                              0              

ROW_SIZE_31                                          0                              0              

RET_OP_EXEC_COUNT_0                                  0        0.000%                0        0.000%
RET_OP_EXEC_COUNT_1                           12101817      100.000%         24173225      100.000%
RET_OP_EXEC_COUNT_2                                  0        0.000%                0        0.000%
RET_OP_EXEC_COUNT_3                                  0        0.000%                0        0.000%
RET_OP_EXEC_COUNT_4                                  0        0.000%                0        0.000%
RET_OP_EXEC_COUNT_5                                  0        0.000%                0        0.000%
RET_OP_EXEC_COUNT_6                                  0        0.000%                0        0.000%
RET_OP_EXEC_COUNT_7                                  0        0.000%                0        0.000%
RET_OP_EXEC_COUNT_8                                  0        0.000%                0        0.000%
RET_OP_EXEC_COUNT_9                                  0        0.000%                0        0.000%
RET_OP_EXEC_COUNT_10                                 0        0.000%                0        0.000%
RET_OP_EXEC_COUNT_11                                 0        0.000%                0        0.000%
RET_OP_EXEC_COUNT_12                                 0        0.000%                0        0.000%
RET_OP_EXEC_COUNT_13                                 0        0.000%                0        0.000%
RET_OP_EXEC_COUNT_14                                 0        0.000%                0        0.000%
RET_OP_EXEC_COUNT_15                                 0        0.000%                0        0.000%
RET_OP_EXEC_COUNT_16                                 0        0.000%                0        0.000%
RET_OP_EXEC_COUNT_17                                 0        0.000%                0        0.000%
RET_OP_EXEC_COUNT_18                                 0        0.000%                0        0.000%
RET_OP_EXEC_COUNT_19                                 0        0.000%                0        0.000%
RET_OP_EXEC_COUNT_20                                 0        0.000%                0        0.000%
RET_OP_EXEC_COUNT_21                                 0        0.000%                0        0.000%
RET_OP_EXEC_COUNT_22                                 0        0.000%                0        0.000%
RET_OP_EXEC_COUNT_23                                 0        0.000%                0        0.000%
RET_OP_EXEC_COUNT_24                                 0        0.000%                0        0.000%
RET_OP_EXEC_COUNT_25                                 0        0.000%                0        0.000%
RET_OP_EXEC_COUNT_26                                 0        0.000%                0        0.000%
RET_OP_EXEC_COUNT_27                                 0        0.000%                0        0.000%
RET_OP_EXEC_COUNT_28                                 0        0.000%                0        0.000%
RET_OP_EXEC_COUNT_29                                 0        0.000%                0        0.000%
RET_OP_EXEC_COUNT_30                                 0        0.000%                0        0.000%
RET_OP_EXEC_COUNT_31                                 0        0.000%                0        0.000%
RET_OP_EXEC_COUNT_32                                 0        0.000%                0        0.000%
                                              12101817      100.000%         24173225      100.000%
                                                  1.00         0.00              1.00         0.00

RET_STALL_LENGTH_0                            12017703       99.305%         24000185       99.284%
RET_STALL_LENGTH_100                             83030        0.686%           170702        0.706%
RET_STALL_LENGTH_200                               351        0.003%              853        0.004%
RET_STALL_LENGTH_300                                27        0.000%               43        0.000%
RET_STALL_LENGTH_400                                20        0.000%               47        0.000%
RET_STALL_LENGTH_500                                11        0.000%               21        0.000%
RET_STALL_LENGTH_600                                 3        0.000%                6        0.000%
RET_STALL_LENGTH_700                                 3        0.000%                6        0.000%
RET_STALL_LENGTH_800                                 1        0.000%                2        0.000%
RET_STALL_LENGTH_900                                 5        0.000%                6        0.000%
RET_STALL_LENGTH_1000                                8        0.000%                9        0.000%
RET_STALL_LENGTH_1100                               66        0.001%              112        0.000%
RET_STALL_LENGTH_1200                              509        0.004%             1052        0.004%
RET_STALL_LENGTH_1300                               77        0.001%              177        0.001%
RET_STALL_LENGTH_1400                                3        0.000%                3        0.000%
RET_STALL_LENGTH_1500                                0        0.000%                1        0.000%
RET_STALL_LENGTH_1600                                0        0.000%                0        0.000%
RET_STALL_LENGTH_1700                                0        0.000%                0        0.000%
RET_STALL_LENGTH_1800                                0        0.000%                0        0.000%
RET_STALL_LENGTH_1900                                0        0.000%                0        0.000%
RET_STALL_LENGTH_2000                                0        0.000%                0        0.000%
RET_STALL_LENGTH_2100                                0        0.000%                0        0.000%
RET_STALL_LENGTH_2200                                0        0.000%                0        0.000%
RET_STALL_LENGTH_2300                                0        0.000%                0        0.000%
RET_STALL_LENGTH_2400                                0        0.000%                0        0.000%
RET_STALL_LENGTH_2500                                0        0.000%                0        0.000%
RET_STALL_LENGTH_2600                                0        0.000%                0        0.000%
RET_STALL_LENGTH_2700                                0        0.000%                0        0.000%
RET_STALL_LENGTH_2800                                0        0.000%                0        0.000%
RET_STALL_LENGTH_2900                                0        0.000%                0        0.000%
RET_STALL_LENGTH_3000                                0        0.000%                0        0.000%
RET_STALL_LENGTH_3100                                0        0.000%                0        0.000%
RET_STALL_LENGTH_3200                                0        0.000%                0        0.000%
RET_STALL_LENGTH_3300                                0        0.000%                0        0.000%
RET_STALL_LENGTH_3400                                0        0.000%                0        0.000%
RET_STALL_LENGTH_3500                                0        0.000%                0        0.000%
RET_STALL_LENGTH_3600                                0        0.000%                0        0.000%
RET_STALL_LENGTH_3700                                0        0.000%                0        0.000%
RET_STALL_LENGTH_3800                                0        0.000%                0        0.000%
RET_STALL_LENGTH_3900                                0        0.000%                0        0.000%
RET_STALL_LENGTH_4000                                0        0.000%                0        0.000%
RET_STALL_LENGTH_4100                                0        0.000%                0        0.000%
RET_STALL_LENGTH_4200                                0        0.000%                0        0.000%
RET_STALL_LENGTH_4300                                0        0.000%                0        0.000%
RET_STALL_LENGTH_4400                                0        0.000%                0        0.000%
RET_STALL_LENGTH_4500                                0        0.000%                0        0.000%
RET_STALL_LENGTH_4600                                0        0.000%                0        0.000%
RET_STALL_LENGTH_4700                                0        0.000%                0        0.000%
RET_STALL_LENGTH_4800                                0        0.000%                0        0.000%
RET_STALL_LENGTH_4900                                0        0.000%                0        0.000%
RET_STALL_LENGTH_5000                                0        0.000%                0        0.000%
                                              12101817      100.000%         24173225      100.000%
                                                  0.01         0.12              0.01         0.12

MEM_BLOCK_LENGTH_0                                   8       88.889%               32       96.970%
MEM_BLOCK_LENGTH_100                                 1       11.111%                1        3.030%
MEM_BLOCK_LENGTH_200                                 0        0.000%                0        0.000%
MEM_BLOCK_LENGTH_300                                 0        0.000%                0        0.000%
MEM_BLOCK_LENGTH_400                                 0        0.000%                0        0.000%
MEM_BLOCK_LENGTH_500                                 0        0.000%                0        0.000%
MEM_BLOCK_LENGTH_600                                 0        0.000%                0        0.000%
MEM_BLOCK_LENGTH_700                                 0        0.000%                0        0.000%
MEM_BLOCK_LENGTH_800                                 0        0.000%                0        0.000%
MEM_BLOCK_LENGTH_900                                 0        0.000%                0        0.000%
MEM_BLOCK_LENGTH_1000                                0        0.000%                0        0.000%
MEM_BLOCK_LENGTH_1100                                0        0.000%                0        0.000%
MEM_BLOCK_LENGTH_1200                                0        0.000%                0        0.000%
MEM_BLOCK_LENGTH_1300                                0        0.000%                0        0.000%
MEM_BLOCK_LENGTH_1400                                0        0.000%                0        0.000%
MEM_BLOCK_LENGTH_1500                                0        0.000%                0        0.000%
MEM_BLOCK_LENGTH_1600                                0        0.000%                0        0.000%
MEM_BLOCK_LENGTH_1700                                0        0.000%                0        0.000%
MEM_BLOCK_LENGTH_1800                                0        0.000%                0        0.000%
MEM_BLOCK_LENGTH_1900                                0        0.000%                0        0.000%
MEM_BLOCK_LENGTH_2000                                0        0.000%                0        0.000%
MEM_BLOCK_LENGTH_2100                                0        0.000%                0        0.000%
MEM_BLOCK_LENGTH_2200                                0        0.000%                0        0.000%
MEM_BLOCK_LENGTH_2300                                0        0.000%                0        0.000%
MEM_BLOCK_LENGTH_2400                                0        0.000%                0        0.000%
MEM_BLOCK_LENGTH_2500                                0        0.000%                0        0.000%
MEM_BLOCK_LENGTH_2600                                0        0.000%                0        0.000%
MEM_BLOCK_LENGTH_2700                                0        0.000%                0        0.000%
MEM_BLOCK_LENGTH_2800                                0        0.000%                0        0.000%
MEM_BLOCK_LENGTH_2900                                0        0.000%                0        0.000%
MEM_BLOCK_LENGTH_3000                                0        0.000%                0        0.000%
MEM_BLOCK_LENGTH_3100                                0        0.000%                0        0.000%
MEM_BLOCK_LENGTH_3200                                0        0.000%                0        0.000%
MEM_BLOCK_LENGTH_3300                                0        0.000%                0        0.000%
MEM_BLOCK_LENGTH_3400                                0        0.000%                0        0.000%
MEM_BLOCK_LENGTH_3500                                0        0.000%                0        0.000%
MEM_BLOCK_LENGTH_3600                                0        0.000%                0        0.000%
MEM_BLOCK_LENGTH_3700                                0        0.000%                0        0.000%
MEM_BLOCK_LENGTH_3800                                0        0.000%                0        0.000%
MEM_BLOCK_LENGTH_3900                                0        0.000%                0        0.000%
MEM_BLOCK_LENGTH_4000                                0        0.000%                0        0.000%
MEM_BLOCK_LENGTH_4100                                0        0.000%                0        0.000%
MEM_BLOCK_LENGTH_4200                                0        0.000%                0        0.000%
MEM_BLOCK_LENGTH_4300                                0        0.000%                0        0.000%
MEM_BLOCK_LENGTH_4400                                0        0.000%                0        0.000%
MEM_BLOCK_LENGTH_4500                                0        0.000%                0        0.000%
MEM_BLOCK_LENGTH_4600                                0        0.000%                0        0.000%
MEM_BLOCK_LENGTH_4700                                0        0.000%                0        0.000%
MEM_BLOCK_LENGTH_4800                                0        0.000%                0        0.000%
MEM_BLOCK_LENGTH_4900                                0        0.000%                0        0.000%
MEM_BLOCK_LENGTH_5000                                0        0.000%                0        0.000%
                                                     9      100.000%               33      100.000%
                                                  0.11         0.31              0.03         0.17

FUS_BUSY_ON_PATH                              12247099        0.7216         24468056        0.6994

FUS_BUSY_OFF_PATH                               719197        0.0424          1446911        0.0414

FU_BUSY_MEM_STALL                               147555        0.0087           301123        0.0086

FUS_EMPTY                                    122815176        7.2360        253965409        7.2593

FU_UNAVAILABLE                                    1241        0.0001             2915        0.0001

FU_MEM_UNAVAILABLE                              128713        0.0076           260900        0.0075

FU_OTHER_UNAVAILABLE                                 0        0.0000                0        0.0000

FU_REPLAY                                            0        0.0000                0        0.0000

FU_STARVED                                   122775241        7.2337        253887696        7.2570

CHIP_UTILIZATION                                     0        0.0000                0        0.0000

CYCLES_UNDER_MEM_REQ                                 0                              0              

CYCLES_UNDER_NO_MEM_REQ                              0                              0              

CYCLES_UNDER_CRITICAL_MEM_REQ                        0                              0              

CYCLES_UNDER_NONCRITICAL_MEM_REQ                     0                              0              

CHIP_UTILIZATION_UNDER_MEM_REQ                       0          -nan                0          -nan

CHIP_UTILIZATION_UNDER_NO_MEM_REQ                    0          -nan                0          -nan

CHIP_UTILIZATION_UNDER_CRITICAL_MEM_REQ              0          -nan                0          -nan

CHIP_UTILIZATION_UNDER_NONCRITICAL_MEM_REQ             0          -nan                0          -nan

CYCLES_NOT_WAITING_FOR_OFF_CHIP                      0        0.0000                0        0.0000

FUS_BUSY_NOT_WAITING_FOR_OFF_CHIP                    0          -nan                0          -nan

CYCLES_WAITING_FOR_OFF_CHIP                          0        0.0000                0        0.0000

FUS_BUSY_WAITING_FOR_OFF_CHIP                        0          -nan                0          -nan

TOTAL_OFF_CHIP_DELAYS_LEFT                           0                              0              

WRONG_IO_SCHED                                       0                              0              

DVFS_CONFIG_SWITCH                                   0                              0              

MAP_STAGE_RECEIVED_OPS_0                             0        0.000%                0        0.000%
MAP_STAGE_RECEIVED_OPS_1                          9074        0.425%            16851        0.397%
MAP_STAGE_RECEIVED_OPS_2                         23381        1.094%            42545        1.003%
MAP_STAGE_RECEIVED_OPS_3                         14116        0.661%            25033        0.590%
MAP_STAGE_RECEIVED_OPS_4                        248663       11.639%           432841       10.209%
MAP_STAGE_RECEIVED_OPS_5                         54467        2.549%           101287        2.389%
MAP_STAGE_RECEIVED_OPS_6                       1786686       83.631%          3621129       85.410%
MAP_STAGE_RECEIVED_OPS_7                             0        0.000%                0        0.000%
MAP_STAGE_RECEIVED_OPS_8                             0        0.000%                0        0.000%
MAP_STAGE_RECEIVED_OPS_MAX                           0        0.000%                0        0.000%
                                               2136387      100.000%          4239686      100.000%
                                                  5.66         0.85              5.69         0.81

MAP_STAGE_WAIT_FOR_DECODE                            0         -nan%                0         -nan%
MAP_STAGE_CONSUME_DECODE                             0         -nan%                0         -nan%
                                                     0         -nan%                0         -nan%
                                                  -nan         -nan              -nan         -nan

MAP_STAGE_WAIT_FOR_DECODE2                           0         -nan%                0         -nan%
MAP_STAGE_CONSUME_DECODE2                            0         -nan%                0         -nan%
                                                     0         -nan%                0         -nan%
                                                  -nan         -nan              -nan         -nan

FTQ_RECOVER_EXEC                                  9084                          17538              

FTQ_RECOVER_DECODE                                   4                            434              

FTQ_OFFPATH_CYCLES                             6098819                       10959910              

FTQ_CYCLES_OFFPATH                             6098819                       10959910              

FTQ_CYCLES_ONPATH                             10873865                       24025137              

FTQ_FETCHED_INS_ONPATH                        12101165                       24173225              

FTQ_FETCHED_INS_OFFPATH                        4679002                        9861511              

FTQ_BREAK_FULL_FT_ONPATH                       9997295                       22375467              

FTQ_BREAK_FULL_FT_OFFPATH                      5634814                       10064215              

FTQ_BREAK_PRED_BR_ONPATH                             0                              0              

FTQ_BREAK_PRED_BR_OFFPATH                            0                              0              

FTQ_BREAK_BAR_FETCH_ONPATH                           0                              0              

FTQ_BREAK_BAR_FETCH_OFFPATH                          0                              0              

FTQ_BREAK_MAX_CFS_TAKEN_ONPATH                       0                              0              

FTQ_BREAK_MAX_CFS_TAKEN_OFFPATH                      0                              0              

FTQ_BREAK_MAX_FT_ONPATH                         875799                        1648899              

FTQ_BREAK_MAX_FT_OFFPATH                        464005                         895695              

DFE_GEN_ON_PATH_FT                             2005869                        3970729              

DFE_GEN_OFF_PATH_FT                            1161077                        2085227              

DFE_L0_ENABLED_PREDICTIONS                    12101165                       24173225              

DFE_L0_WRONG_MAIN_CORRECT                       151912                         319571              

DFE_L0_WRONG_MAIN_WRONG                           6023                          11537              

DFE_L0_CORRECT_MAIN_WRONG                         3065                           6435              

DFE_L0_CORRECT_MAIN_CORRECT                   11940165                       23835682              

DFE_L0_WRONG_MAIN_CORRECT_RECOVERY_SCHEDULED             0                              0              

FTQ_SAW_BAR_FETCH_OFFPATH                            0                              0              

FTQ_SAW_BAR_FETCH_ONPATH                             0                              0              

DFE_CONF_0_RECOVER_AT_EXEC                           0         -nan%                0         -nan%
DFE_CONF_1_RECOVER_AT_EXEC                           0         -nan%                0         -nan%
DFE_CONF_2_RECOVER_AT_EXEC                           0         -nan%                0         -nan%
DFE_CONF_3_RECOVER_AT_EXEC                           0         -nan%                0         -nan%
DFE_CONF_0_CORRECT                                   0         -nan%                0         -nan%
DFE_CONF_1_CORRECT                                   0         -nan%                0         -nan%
DFE_CONF_2_CORRECT                                   0         -nan%                0         -nan%
DFE_CONF_3_CORRECT                                   0         -nan%                0         -nan%
                                                     0         -nan%                0         -nan%
                                                  -nan         -nan              -nan         -nan

DFE_ON_CONF_ON_OPS                                   0         -nan%                0         -nan%
DFE_ON_CONF_OFF_OPS                                  0         -nan%                0         -nan%
DFE_OFF_CONF_ON_OPS                                  0         -nan%                0         -nan%
DFE_OFF_CONF_OFF_REALISTIC_OPS                       0         -nan%                0         -nan%
DFE_OFF_CONF_OFF_PERFECT_OPS                         0         -nan%                0         -nan%
                                                     0         -nan%                0         -nan%
                                                  -nan         -nan              -nan         -nan

DFE_ON_CONF_ON_FETCH_TARGETS                         0         -nan%                0         -nan%
DFE_ON_CONF_OFF_FETCH_TARGETS                        0         -nan%                0         -nan%
DFE_OFF_CONF_ON_FETCH_TARGETS                        0         -nan%                0         -nan%
DFE_OFF_CONF_OFF_REALISTIC_FETCH_TARGETS             0         -nan%                0         -nan%
DFE_OFF_CONF_OFF_PERFECT_FETCH_TARGETS               0         -nan%                0         -nan%
                                                     0         -nan%                0         -nan%
                                                  -nan         -nan              -nan         -nan

DFE_ON_CONF_ON_CYCLES                                0         -nan%                0         -nan%
DFE_ON_CONF_OFF_CYCLES                               0         -nan%                0         -nan%
DFE_OFF_CONF_ON_CYCLES                               0         -nan%                0         -nan%
DFE_OFF_CONF_OFF_REALISTIC_CYCLES                    0         -nan%                0         -nan%
DFE_OFF_CONF_OFF_PERFECT_CYCLES                      0         -nan%                0         -nan%
                                                     0         -nan%                0         -nan%
                                                  -nan         -nan              -nan         -nan

DFE_OFF_CONF_ON_NUM_EVENTS                           0                              0              

DFE_OFF_CONF_ON_NOT_IDENTIFIED_EVENTS                0         -nan%                0         -nan%
DFE_OFF_CONF_ON_IBTB_MISS_EVENTS                     0         -nan%                0         -nan%
DFE_OFF_CONF_ON_BTB_MISS_EVENTS                      0         -nan%                0         -nan%
DFE_OFF_CONF_ON_BTB_MISS_RECOVER_AT_EXEC_EVENTS             0         -nan%                0         -nan%
DFE_OFF_CONF_ON_RECOVER_AT_EXEC_EVENTS               0         -nan%                0         -nan%
DFE_OFF_CONF_ON_RECOVER_AT_DECODE_EVENTS             0         -nan%                0         -nan%
                                                     0         -nan%                0         -nan%
                                                  -nan         -nan              -nan         -nan

DFE_OFF_CONF_ON_LATE_BTB_HIT_EVENTS                  0                              0              

DFE_OFF_CONF_ON_NOT_IDENTIFIED_CYCLES                0         -nan%                0         -nan%
DFE_OFF_CONF_ON_IBTB_MISS_CYCLES                     0         -nan%                0         -nan%
DFE_OFF_CONF_ON_BTB_MISS_CYCLES                      0         -nan%                0         -nan%
DFE_OFF_CONF_ON_BTB_MISS_RECOVER_AT_EXEC_CYCLES             0         -nan%                0         -nan%
DFE_OFF_CONF_ON_RECOVER_AT_EXEC_CYCLES               0         -nan%                0         -nan%
DFE_OFF_CONF_ON_RECOVER_AT_DECODE_CYCLES             0         -nan%                0         -nan%
                                                     0         -nan%                0         -nan%
                                                  -nan         -nan              -nan         -nan

DFE_OFF_CONF_ON_LATE_BTB_HIT_CYCLES                  0                              0              

DFE_OFF_CONF_ON_NOT_IDENTIFIED_FETCH_TARGETS             0         -nan%                0         -nan%
DFE_OFF_CONF_ON_IBTB_MISS_FETCH_TARGETS              0         -nan%                0         -nan%
DFE_OFF_CONF_ON_BTB_MISS_FETCH_TARGETS               0         -nan%                0         -nan%
DFE_OFF_CONF_ON_BTB_MISS_RECOVER_AT_EXEC_FETCH_TARGETS             0         -nan%                0         -nan%
DFE_OFF_CONF_ON_RECOVER_AT_EXEC_FETCH_TARGETS             0         -nan%                0         -nan%
DFE_OFF_CONF_ON_RECOVER_AT_DECODE_FETCH_TARGETS             0         -nan%                0         -nan%
                                                     0         -nan%                0         -nan%
                                                  -nan         -nan              -nan         -nan

DFE_OFF_CONF_ON_LATE_BTB_HIT_FETCH_TARGETS             0                              0              

DFE_OFF_CONF_ON_BP_INCORRECT_0_CONF                  0         -nan%                0         -nan%
DFE_OFF_CONF_ON_BP_INCORRECT_1_CONF                  0         -nan%                0         -nan%
DFE_OFF_CONF_ON_BP_INCORRECT_2_CONF                  0         -nan%                0         -nan%
DFE_OFF_CONF_ON_BP_INCORRECT_3_CONF                  0         -nan%                0         -nan%
                                                     0         -nan%                0         -nan%
                                                  -nan         -nan              -nan         -nan

DFE_OFF_CONF_ON_BTB_MISS_CBR_0_CONF                  0         -nan%                0         -nan%
DFE_OFF_CONF_ON_BTB_MISS_CBR_1_CONF                  0         -nan%                0         -nan%
DFE_OFF_CONF_ON_BTB_MISS_CBR_2_CONF                  0         -nan%                0         -nan%
DFE_OFF_CONF_ON_BTB_MISS_CBR_3_CONF                  0         -nan%                0         -nan%
                                                     0         -nan%                0         -nan%
                                                  -nan         -nan              -nan         -nan

DFE_OFF_CONF_ON_BTB_MISS_NOT_CF                      0         -nan%                0         -nan%
DFE_OFF_CONF_ON_BTB_MISS_CF_BR                       0         -nan%                0         -nan%
DFE_OFF_CONF_ON_BTB_MISS_CF_CBR                      0         -nan%                0         -nan%
DFE_OFF_CONF_ON_BTB_MISS_CF_CALL                     0         -nan%                0         -nan%
DFE_OFF_CONF_ON_BTB_MISS_CF_IBR                      0         -nan%                0         -nan%
DFE_OFF_CONF_ON_BTB_MISS_CF_ICALL                    0         -nan%                0         -nan%
DFE_OFF_CONF_ON_BTB_MISS_CF_ICO                      0         -nan%                0         -nan%
DFE_OFF_CONF_ON_BTB_MISS_CF_RET                      0         -nan%                0         -nan%
DFE_OFF_CONF_ON_BTB_MISS_CF_SYS                      0         -nan%                0         -nan%
                                                     0         -nan%                0         -nan%
                                                  -nan         -nan              -nan         -nan

DFE_ON_CONF_OFF_NUM_EVENTS                           0                              0              

CONF_BTB_NUM_CYCLES_OFF_PATH_EVENT                   0                              0              

DFE_ON_CONF_OFF_IBTB_MISS_BP_TAKEN                   0         -nan%                0         -nan%
DFE_ON_CONF_OFF_BTB_MISS_BP_TAKEN_CONF_0             0         -nan%                0         -nan%
DFE_ON_CONF_OFF_BTB_MISS_BP_TAKEN_CONF_1             0         -nan%                0         -nan%
DFE_ON_CONF_OFF_BTB_MISS_BP_TAKEN_CONF_2             0         -nan%                0         -nan%
DFE_ON_CONF_OFF_BTB_MISS_BP_TAKEN_CONF_3             0         -nan%                0         -nan%
DFE_ON_CONF_OFF_BTB_MISS_RATE                        0         -nan%                0         -nan%
DFE_ON_CONF_OFF_IBTB_MISS_RATE                       0         -nan%                0         -nan%
DFE_ON_CONF_OFF_RECOVER_AT_DECODE_RATE               0         -nan%                0         -nan%
DFE_ON_CONF_OFF_RECOVER_AT_EXEC_RATE                 0         -nan%                0         -nan%
DFE_ON_CONF_OFF_INV_CONF_INC                         0         -nan%                0         -nan%
DFE_ON_CONF_OFF_PERFECT_CONF                         0         -nan%                0         -nan%
                                                     0         -nan%                0         -nan%
                                                  -nan         -nan              -nan         -nan

DFE_ON_CONF_OFF_IBTB_MISS_BP_TAKEN_CYCLES             0         -nan%                0         -nan%
DFE_ON_CONF_OFF_BTB_MISS_BP_TAKEN_CONF_0_CYCLES             0         -nan%                0         -nan%
DFE_ON_CONF_OFF_BTB_MISS_BP_TAKEN_CONF_1_CYCLES             0         -nan%                0         -nan%
DFE_ON_CONF_OFF_BTB_MISS_BP_TAKEN_CONF_2_CYCLES             0         -nan%                0         -nan%
DFE_ON_CONF_OFF_BTB_MISS_BP_TAKEN_CONF_3_CYCLES             0         -nan%                0         -nan%
DFE_ON_CONF_OFF_BTB_MISS_RATE_CYCLES                 0         -nan%                0         -nan%
DFE_ON_CONF_OFF_IBTB_MISS_RATE_CYCLES                0         -nan%                0         -nan%
DFE_ON_CONF_OFF_RECOVER_AT_DECODE_RATE_CYCLES             0         -nan%                0         -nan%
DFE_ON_CONF_OFF_RECOVER_AT_EXEC_RATE_CYCLES             0         -nan%                0         -nan%
DFE_ON_CONF_OFF_INV_CONF_INC_CYCLES                  0         -nan%                0         -nan%
DFE_ON_CONF_OFF_PERFECT_CONF_CYCLES                  0         -nan%                0         -nan%
                                                     0         -nan%                0         -nan%
                                                  -nan         -nan              -nan         -nan

DFE_ON_CONF_OFF_IBTB_MISS_BP_TAKEN_FETCH_TARGETS             0         -nan%                0         -nan%
DFE_ON_CONF_OFF_BTB_MISS_BP_TAKEN_CONF_0_FETCH_TARGETS             0         -nan%                0         -nan%
DFE_ON_CONF_OFF_BTB_MISS_BP_TAKEN_CONF_1_FETCH_TARGETS             0         -nan%                0         -nan%
DFE_ON_CONF_OFF_BTB_MISS_BP_TAKEN_CONF_2_FETCH_TARGETS             0         -nan%                0         -nan%
DFE_ON_CONF_OFF_BTB_MISS_BP_TAKEN_CONF_3_FETCH_TARGETS             0         -nan%                0         -nan%
DFE_ON_CONF_OFF_BTB_MISS_RATE_FETCH_TARGETS             0         -nan%                0         -nan%
DFE_ON_CONF_OFF_IBTB_MISS_RATE_FETCH_TARGETS             0         -nan%                0         -nan%
DFE_ON_CONF_OFF_RECOVER_AT_DECODE_RATE_FETCH_TARGETS             0         -nan%                0         -nan%
DFE_ON_CONF_OFF_RECOVER_AT_EXEC_RATE_FETCH_TARGETS             0         -nan%                0         -nan%
DFE_ON_CONF_OFF_INV_CONF_INC_FETCH_TARGETS             0         -nan%                0         -nan%
DFE_ON_CONF_OFF_PERFECT_CONF_FETCH_TARGETS             0         -nan%                0         -nan%
                                                     0         -nan%                0         -nan%
                                                  -nan         -nan              -nan         -nan

CONF_OFF_IBTB_MISS_BP_TAKEN                          0         -nan%                0         -nan%
CONF_OFF_BTB_MISS_BP_TAKEN_CONF_0                    0         -nan%                0         -nan%
CONF_OFF_BTB_MISS_BP_TAKEN_CONF_1                    0         -nan%                0         -nan%
CONF_OFF_BTB_MISS_BP_TAKEN_CONF_2                    0         -nan%                0         -nan%
CONF_OFF_BTB_MISS_BP_TAKEN_CONF_3                    0         -nan%                0         -nan%
CONF_OFF_BTB_MISS_RATE                               0         -nan%                0         -nan%
CONF_OFF_IBTB_MISS_RATE                              0         -nan%                0         -nan%
CONF_OFF_RECOVER_AT_DECODE_RATE                      0         -nan%                0         -nan%
CONF_OFF_RECOVER_AT_EXEC_RATE                        0         -nan%                0         -nan%
CONF_OFF_INV_CONF_INC                                0         -nan%                0         -nan%
CONF_OFF_PERFECT_CONF                                0         -nan%                0         -nan%
                                                     0         -nan%                0         -nan%
                                                  -nan         -nan              -nan         -nan

TOPDOWN_TOTAL_SLOTS                          101836104                      209910282              

TOPDOWN_ISSUED_SLOTS                          14020068                       27707869              

TOPDOWN_RETIRED_SLOTS                         12101514                       24173225              

TOPDOWN_FETCH_BUBBLES_SLOTS                    1503594                        3137380              

TOPDOWN_RECOVERY_BUBBLES_SLOTS                  306701                         590009              

TOPDOWN_MEM_LOAD_STALLS_CYCLES                14243292                       29512895              

TOPDOWN_MEM_STORE_STALLS_CYCLES                      0                              0              

TOPDOWN_EXEC_STALLS_CYCLES                    12718445                       26458700              

TOPDOWN_BACKEND_STALLS_CYCLES                 14243292                       29512973              

TOPDOWN_FETCH_BUBBLES_GT_MIW_CYCLES             129962                         302480              

TOPDOWN_BR_RECOVER_AT_EXEC_RETIRED_CYCLES          9084                          17538              

TOPDOWN_MACHINE_CLEAR_CYCLES                    160999                         337542              

TOPDOWN_FRONTEND_BOUND                             147                            147              

TOPDOWN_BACKEND_BOUND                             8447                           8447              

TOPDOWN_BAD_SPEC_BOUND                             218                            218              

TOPDOWN_RETIRING_BOUND                            1188                           1188              

TOPDOWN_FETCH_LATENCY_BOUND                         76                             76              

TOPDOWN_FETCH_BANDWIDTH_BOUND                       71                             71              

TOPDOWN_MEM_BOUND                                 8447                           8447              

TOPDOWN_CORE_BOUND                                   0                              0              

TOPDOWN_BR_RECOVER_AT_EXEC_BOUND                    11                             11              

TOPDOWN_MACHINE_CLEARS_BOUND                       207                            207              



