/* -*- Mode: c -*- */
####################################################################################################
Core 0
####################################################################################################
Cumulative:        Cycles: 20024531              Instructions: 4031                  IPC: 0.00020

Periodic:          Cycles: 10005397              Instructions: 1612                  IPC: 0.00016

EXECUTION_TIME                           3126686562500                  6257665937500              

SIM_HOST_WALL_SECONDS                       235.638860                     235.638860              

NODE_CYCLE                                    10005397                       20024531              

NODE_INST_COUNT                               10000000                       20000000              

NODE_INST_COUNT_FETCHED                           1612                           4031              

NODE_UOP_COUNT                                39995812                       79989530              

EXEC_STAGE_NO_ISSUE_STALL_CYCLE                9999264                       19999313              

EXEC_STAGE_NO_ISSUE_STALL_CYCLE_ONPATH         9999262                       19998067              

FULL_WINDOW_STALL                                    0        0.000%             2517        0.013%

FULL_WINDOW_MEM_OP                                   0         -nan%             2475       99.839%
FULL_WINDOW_FP_OP                                    0         -nan%                0        0.000%
FULL_WINDOW_OTHER_OP                                 0         -nan%                4        0.161%
                                                     0         -nan%             2479      100.000%
                                                  -nan         -nan              0.00         0.08

RET_BLOCKED_DC_MISS                               6191        0.062%            20713        0.103%

RET_BLOCKED_L1_MISS                            2191669       21.905%          4389986       21.923%

RET_BLOCKED_L1_MISS_BW_PREF                          0        0.000%                0        0.000%

RET_BLOCKED_L1_ACCESS                              834        0.008%             3328        0.017%

RET_BLOCKED_MEM_STALL                          2192716       21.915%          4392275       21.934%

RET_BLOCKED_OFFCHIP_DEMAND                           0        0.000%                0        0.000%

OP_ISSUED                                     39995826                       79993449              

OP_RETIRED                                    39995812                       79989530              

OP_MACRO_FUSION_ONPATH                             220                            550              

OP_MACRO_FUSION_OFFPATH                              0                            114              

REPLAY_SIGNALED                                      0                              0              

REPLAY_COUNTED                                       0                              0              

OFF_CRITICAL_PATH                                    0         -nan%                0         -nan%
ON_CRITICAL_PATH                                     0         -nan%                0         -nan%
                                                     0         -nan%                0         -nan%
                                                  -nan         -nan              -nan         -nan

LD_NO_DEPENDENTS                                    30        5.415%               97        7.004%
LD_DEPENDENTS                                      524       94.585%             1288       92.996%
                                                   554      100.000%             1385      100.000%
                                                  0.95         0.92              0.93         0.90

LD_EXEC_CYCLES_0                                     0         -nan%                0         -nan%
LD_EXEC_CYCLES_1                                     0         -nan%                0         -nan%
LD_EXEC_CYCLES_2                                     0         -nan%                0         -nan%
LD_EXEC_CYCLES_3                                     0         -nan%                0         -nan%
LD_EXEC_CYCLES_4                                     0         -nan%                0         -nan%
                                                     0         -nan%                0         -nan%
                                                  -nan         -nan              -nan         -nan

ICACHE_STAGE_STARVED                                18        0.000%             7364        0.037%
ICACHE_STAGE_NOT_STARVED                      10005328      100.000%         20009964       99.963%
                                              10005346      100.000%         20017328      100.000%
                                                  1.00         1.00              1.00         1.00

ICACHE_STAGE_STALLED                              6519        0.065%            12919        0.065%
ICACHE_STAGE_NOT_STALLED                       9998827       99.934%         20004409       99.900%
ICACHE_STAGE_OFF_PATH                               51        0.001%             7203        0.036%
                                              10005397      100.000%         20024531      100.000%
                                                  1.00         0.00              1.00         0.03

DECODE_STAGE_STARVED                          10005203       99.998%         20017032       99.997%
DECODE_STAGE_NOT_STARVED                           180        0.002%              668        0.003%
                                              10005383      100.000%         20017700      100.000%
                                                  0.00         0.00              0.00         0.01

DECODE_STAGE_STALLED                               864        0.009%             2371        0.012%
DECODE_STAGE_NOT_STALLED                      10004519       99.991%         20015329       99.954%
DECODE_STAGE_OFF_PATH                               14        0.000%             6831        0.034%
                                              10005397      100.000%         20024531      100.000%
                                                  1.00         0.00              1.00         0.03

UOPQ_STAGE_STARVED                                 192        0.002%          4753671       23.758%
UOPQ_STAGE_NOT_STARVED                         9998635       99.998%         15254855       76.242%
                                               9998827      100.000%         20008526      100.000%
                                                  1.00         1.00              0.76         0.70

UOPQ_STAGE_STALLED                                6525        0.065%            12927        0.065%
UOPQ_STAGE_NOT_STALLED                         9998827       99.934%         20008526       99.920%
UOPQ_STAGE_OFF_PATH                                 45        0.000%             3078        0.015%
                                              10005397      100.000%         20024531      100.000%
                                                  1.00         0.00              1.00         0.02

RS_OP_READY_NOT_ISSUED_TOTAL                       124                            338              

RS_0_OP_READY_NOT_ISSUED                            93                            219              

RS_1_OP_READY_NOT_ISSUED                            15                             76              

RS_2_OP_READY_NOT_ISSUED                            16                             43              

RS_3_OP_READY_NOT_ISSUED                             0                              0              

RS_4_OP_READY_NOT_ISSUED                             0                              0              

RS_5_OP_READY_NOT_ISSUED                             0                              0              

RS_6_OP_READY_NOT_ISSUED                             0                              0              

RS_7_OP_READY_NOT_ISSUED                             0                              0              

RS_7_PLUS_OP_READY_NOT_ISSUED                        0                              0              

FU_IDLE_NO_READY_OPS_TOTAL                    22685140                       47543029              

FU_0_IDLE_NO_READY_OPS                            6076                          24930              

FU_1_IDLE_NO_READY_OPS                            6217                          25388              

FU_2_IDLE_NO_READY_OPS                        10004970                       20023141              

FU_3_IDLE_NO_READY_OPS                        10004966                       20023229              

FU_4_IDLE_NO_READY_OPS                            6259                          25531              

FU_5_IDLE_NO_READY_OPS                            6185                          25325              

FU_6_IDLE_NO_READY_OPS                         1325762                        5051647              

FU_7_IDLE_NO_READY_OPS                         1324705                        2343838              

FU_8_IDLE_NO_READY_OPS                               0                              0              

FU_9_IDLE_NO_READY_OPS                               0                              0              

FU_10_IDLE_NO_READY_OPS                              0                              0              

FU_11_IDLE_NO_READY_OPS                              0                              0              

FU_12_IDLE_NO_READY_OPS                              0                              0              

FU_13_IDLE_NO_READY_OPS                              0                              0              

FU_14_IDLE_NO_READY_OPS                              0                              0              

FU_15_IDLE_NO_READY_OPS                              0                              0              

FU_16_IDLE_NO_READY_OPS                              0                              0              

FU_17_IDLE_NO_READY_OPS                              0                              0              

FU_18_IDLE_NO_READY_OPS                              0                              0              

FU_19_IDLE_NO_READY_OPS                              0                              0              

FU_20_IDLE_NO_READY_OPS                              0                              0              

FU_21_IDLE_NO_READY_OPS                              0                              0              

FU_22_IDLE_NO_READY_OPS                              0                              0              

FU_23_IDLE_NO_READY_OPS                              0                              0              

FU_24_IDLE_NO_READY_OPS                              0                              0              

FU_25_IDLE_NO_READY_OPS                              0                              0              

FU_26_IDLE_NO_READY_OPS                              0                              0              

FU_27_IDLE_NO_READY_OPS                              0                              0              

FU_28_IDLE_NO_READY_OPS                              0                              0              

FU_29_IDLE_NO_READY_OPS                              0                              0              

FU_30_IDLE_NO_READY_OPS                              0                              0              

FU_31_IDLE_NO_READY_OPS                              0                              0              

FU_31_PLUS_IDLE_NO_READY_OPS                         0                              0              

MAP_STAGE_STARVED                                   20        0.000%             7995        0.040%
MAP_STAGE_NOT_STARVED                          9999473      100.000%         19999897       99.960%
                                               9999493      100.000%         20007892      100.000%
                                                  1.00         1.00              1.00         1.00

MAP_STAGE_STALLED                               381247        3.813%           485277        2.425%
MAP_STAGE_NOT_STALLED                          9618246       96.187%         19522615       97.551%
MAP_STAGE_OFF_PATH                                  29        0.000%             4913        0.025%
                                               9999522      100.000%         20012805      100.000%
                                                  0.96         0.04              0.98         0.03

MAP_STAGE_STALL_ITSELF                            5875        0.059%            11726        0.059%
MAP_STAGE_NOT_STALL_ITSELF                     9999522       99.941%         20012805       99.941%
                                              10005397      100.000%         20024531      100.000%
                                                  1.00         1.00              1.00         1.00

MAP_STAGE_LATE_ALLOCATE_SEND_BACK                    0                              0              

MAP_STAGE_RENAME_OP_ONPATH                    39995848                       79989750              

MAP_STAGE_RENAME_OP_OFFPATH                         91                           5430              

MAP_STAGE_RENAME_INT_REG_ONPATH               19998678                       39996760              

MAP_STAGE_RENAME_INT_REG_OFFPATH                    46                           1611              

MAP_STAGE_RENAME_VEC_REG_ONPATH                     74                            185              

MAP_STAGE_RENAME_VEC_REG_OFFPATH                     0                             70              

MAP_STAGE_RENAME_MOVE_ELIM_ONPATH                    0                              0              

MAP_STAGE_RENAME_MOVE_ELIM_OFFPATH                   0                              0              

MAP_STAGE_ONPATH_INT_REG_NUM_ALLOC            19998660                       39996631              

MAP_STAGE_ONPATH_VEC_REG_NUM_ALLOC                  74                            180              

MAP_STAGE_ONPATH_INT_REG_NUM_SHORTLIVE        14286478                       31867876              

MAP_STAGE_ONPATH_VEC_REG_NUM_SHORTLIVE              35                             90              

MAP_STAGE_ONPATH_INT_REG_USE_COUNT_0               282                            701              

MAP_STAGE_ONPATH_VEC_REG_USE_COUNT_0                 2                              4              

MAP_STAGE_ONPATH_INT_REG_USE_COUNT_1              1012                           2525              

MAP_STAGE_ONPATH_VEC_REG_USE_COUNT_1                44                            109              

MAP_STAGE_ONPATH_INT_REG_USE_COUNT_2          19997190                       39992969              

MAP_STAGE_ONPATH_VEC_REG_USE_COUNT_2                28                             67              

MAP_STAGE_ONPATH_INT_REG_USE_COUNT_3               138                            344              

MAP_STAGE_ONPATH_VEC_REG_USE_COUNT_3                 0                              0              

MAP_STAGE_ONPATH_INT_REG_USE_COUNT_4                14                             35              

MAP_STAGE_ONPATH_VEC_REG_USE_COUNT_4                 0                              0              

MAP_STAGE_ONPATH_INT_REG_USE_COUNT_5                10                             25              

MAP_STAGE_ONPATH_VEC_REG_USE_COUNT_5                 0                              0              

MAP_STAGE_ONPATH_INT_REG_USE_COUNT_6                 2                              5              

MAP_STAGE_ONPATH_VEC_REG_USE_COUNT_6                 0                              0              

MAP_STAGE_ONPATH_INT_REG_USE_COUNT_7_PLUS            12                             27              

MAP_STAGE_ONPATH_VEC_REG_USE_COUNT_7_PLUS             0                              0              

MAP_STAGE_ONPATH_INT_REG_CONSUME_DIST_0              0        0.0000                0        0.0000

MAP_STAGE_ONPATH_VEC_REG_CONSUME_DIST_0              0        0.0000                0        0.0000

MAP_STAGE_ONPATH_INT_REG_CONSUME_DIST_1              0        0.0000                0        0.0000

MAP_STAGE_ONPATH_VEC_REG_CONSUME_DIST_1              0        0.0000                0        0.0000

MAP_STAGE_ONPATH_INT_REG_CONSUME_DIST_2       82218651        4.1115        112411681        2.8108

MAP_STAGE_ONPATH_VEC_REG_CONSUME_DIST_2       18983110   677968.2143         37969928   566715.3433

MAP_STAGE_ONPATH_INT_REG_CONSUME_DIST_3        9503153    68863.4275         19026894    55310.7384

MAP_STAGE_ONPATH_VEC_REG_CONSUME_DIST_3              0          -nan                0          -nan

MAP_STAGE_ONPATH_INT_REG_CONSUME_DIST_4           2564      183.1429             6397      182.7714

MAP_STAGE_ONPATH_VEC_REG_CONSUME_DIST_4              0          -nan                0          -nan

MAP_STAGE_ONPATH_INT_REG_CONSUME_DIST_5            462       46.2000             1594       63.7600

MAP_STAGE_ONPATH_VEC_REG_CONSUME_DIST_5              0          -nan                0          -nan

MAP_STAGE_ONPATH_INT_REG_CONSUME_DIST_6            227      113.5000             3953      790.6000

MAP_STAGE_ONPATH_VEC_REG_CONSUME_DIST_6              0          -nan                0          -nan

MAP_STAGE_ONPATH_INT_REG_CONSUME_DIST_7_PLUS      28458728  2371560.6667         56915150  2107968.5185

MAP_STAGE_ONPATH_VEC_REG_CONSUME_DIST_7_PLUS             0          -nan                0          -nan

MAP_STAGE_INT_REG_ISSUE_READ_TOTAL_CONSUMED      69991004        6.9996        139978361        6.9992

MAP_STAGE_VEC_REG_ISSUE_READ_TOTAL_CONSUMED           100        0.0000              270        0.0000

MAP_STAGE_INT_REG_ISSUE_READ_MULTI_CONSUMED      49992618        4.9996         99981961        4.9993

MAP_STAGE_VEC_REG_ISSUE_READ_MULTI_CONSUMED            28        0.0000               75        0.0000

MAP_STAGE_INT_REG_ISSUE_READ_SAME_CYCLE_CONSUMED      24286357        2.4288         52091622        2.6047

MAP_STAGE_VEC_REG_ISSUE_READ_SAME_CYCLE_CONSUMED             0        0.0000                2        0.0000

MAP_STAGE_INT_REG_ISSUE_READ_TOTAL_CONSUMED_ONPATH      69991002        6.9996        139977553        6.9996

MAP_STAGE_VEC_REG_ISSUE_READ_TOTAL_CONSUMED_ONPATH           100        0.0000              250        0.0000

MAP_STAGE_INT_REG_ISSUE_READ_MULTI_CONSUMED_ONPATH      49992616        4.9996         99981584        4.9996

MAP_STAGE_VEC_REG_ISSUE_READ_MULTI_CONSUMED_ONPATH            28        0.0000               68        0.0000

MAP_STAGE_INT_REG_ISSUE_READ_SAME_CYCLE_CONSUMED_ONPATH      24286355        2.4288         52091504        2.6048

MAP_STAGE_VEC_REG_ISSUE_READ_SAME_CYCLE_CONSUMED_ONPATH             0        0.0000                1        0.0000

MAP_STAGE_ONPATH_INT_REG_LIFECYCLE_EMPTY     798529318                     1281623266              

MAP_STAGE_ONPATH_VEC_REG_LIFECYCLE_EMPTY         24926                          51476              

MAP_STAGE_ONPATH_INT_REG_LIFECYCLE_IN_USE     995851006                     1624349402              

MAP_STAGE_ONPATH_VEC_REG_LIFECYCLE_IN_USE      28502619                       57010808              

MAP_STAGE_ONPATH_INT_REG_LIFECYCLE_SPEC_RELEASE    1153647124                     1941407435              

MAP_STAGE_ONPATH_VEC_REG_LIFECYCLE_SPEC_RELEASE      47529374                       95079269              

MAP_STAGE_ONPATH_INT_REG_LIFECYCLE_NONSPEC_RELEASE    1153647124                     1941407435              

MAP_STAGE_ONPATH_VEC_REG_LIFECYCLE_NONSPEC_RELEASE      47529374                       95079269              

MAP_STAGE_ONPATH_INT_REG_LIFECYCLE_TOTAL    1153647124                     1941407435              

MAP_STAGE_ONPATH_VEC_REG_LIFECYCLE_TOTAL      47529374                       95079269              

MAP_STAGE_ONPATH_INT_REG_NUM_NONBRANCH        19998660                       39996631              

MAP_STAGE_ONPATH_VEC_REG_NUM_NONBRANCH              74                            180              

MAP_STAGE_ONPATH_INT_REG_NUM_NONEXCEPT        19998660                       39996631              

MAP_STAGE_ONPATH_VEC_REG_NUM_NONEXCEPT              74                            180              

MAP_STAGE_ONPATH_INT_REG_NUM_ATOMIC           19998660                       39996631              

MAP_STAGE_ONPATH_VEC_REG_NUM_ATOMIC                 74                            180              

MAP_STAGE_ONPATH_INT_REG_ATOMIC_REDEFINED_DIST_TOTAL    1153647124       57.6862       1941407435       48.5393

MAP_STAGE_ONPATH_VEC_REG_ATOMIC_REDEFINED_DIST_TOTAL      47529374   642288.8378         95079269   528218.1611

MAP_STAGE_ONPATH_INT_REG_ATOMIC_CONSUMED_DIST_TOTAL     995851006       49.7959       1624349402       40.6122

MAP_STAGE_ONPATH_VEC_REG_ATOMIC_CONSUMED_DIST_TOTAL      28502619   385170.5270         57010808   316726.7111

MAP_STAGE_ONPATH_INT_REG_ATOMIC_RELEASE_DIST_TOTAL    1153647124       57.6862       1941407435       48.5393

MAP_STAGE_ONPATH_VEC_REG_ATOMIC_RELEASE_DIST_TOTAL      47529374   642288.8378         95079269   528218.1611

EXEC_STAGE_STARVED                             9999104       99.937%         19783355       98.796%
EXEC_STAGE_NOT_STARVED                            6293        0.063%           236199        1.180%
EXEC_STAGE_OFF_PATH                                  0        0.000%             4977        0.025%
                                              10005397      100.000%         20024531      100.000%
                                                  0.00         0.03              0.01         0.11

FU_BUSY_0                                      9999207                       19999107              

FU_BUSY_1                                      9998778                       19997883              

FU_BUSY_2                                          296                            981              

FU_BUSY_3                                          311                            922              

FU_BUSY_4                                      9998111                       19996368              

FU_BUSY_5                                          722                           2281              

FU_BUSY_6                                      5002300                        8650701              

FU_BUSY_7                                      5003510                       11583930              

FU_BUSY_8                                            0                              0              

FU_BUSY_9                                            0                              0              

FU_BUSY_10                                           0                              0              

FU_BUSY_11                                           0                              0              

FU_BUSY_12                                           0                              0              

FU_BUSY_13                                           0                              0              

FU_BUSY_14                                           0                              0              

FU_BUSY_15                                           0                              0              

FU_BUSY_16                                           0                              0              

FU_BUSY_17                                           0                              0              

FU_BUSY_18                                           0                              0              

FU_BUSY_19                                           0                              0              

FU_BUSY_20                                           0                              0              

FU_BUSY_21                                           0                              0              

FU_BUSY_22                                           0                              0              

FU_BUSY_23                                           0                              0              

FU_BUSY_24                                           0                              0              

FU_BUSY_25                                           0                              0              

FU_BUSY_26                                           0                              0              

FU_BUSY_27                                           0                              0              

FU_BUSY_28                                           0                              0              

FU_BUSY_29                                           0                              0              

FU_BUSY_30                                           0                              0              

FU_BUSY_31                                           0                              0              

FU_REJECTED_OP_INV_NOT_SIMD                          0        0.000%                0        0.000%
FU_REJECTED_OP_NOP_NOT_SIMD                          0        0.000%               13        0.006%
FU_REJECTED_OP_CF_NOT_SIMD                          29        0.781%               62        0.027%
FU_REJECTED_OP_MOV_NOT_SIMD                          6        0.162%               15        0.006%
FU_REJECTED_OP_CMOV_NOT_SIMD                         0        0.000%                0        0.000%
FU_REJECTED_OP_LDA_NOT_SIMD                          0        0.000%                0        0.000%
FU_REJECTED_OP_IMEM_NOT_SIMD                        50        1.347%              224        0.096%
FU_REJECTED_OP_IADD_NOT_SIMD                      3615       97.361%           232851       99.848%
FU_REJECTED_OP_IMUL_NOT_SIMD                         6        0.162%               12        0.005%
FU_REJECTED_OP_IDIV_NOT_SIMD                         0        0.000%                0        0.000%
FU_REJECTED_OP_ICMP_NOT_SIMD                         0        0.000%                0        0.000%
FU_REJECTED_OP_LOGIC_NOT_SIMD                        0        0.000%                0        0.000%
FU_REJECTED_OP_SHIFT_NOT_SIMD                        3        0.081%               12        0.005%
FU_REJECTED_OP_FMEM_NOT_SIMD                         0        0.000%                0        0.000%
FU_REJECTED_OP_FCVT_NOT_SIMD                         0        0.000%                0        0.000%
FU_REJECTED_OP_FADD_NOT_SIMD                         0        0.000%                0        0.000%
FU_REJECTED_OP_FMUL_NOT_SIMD                         0        0.000%                0        0.000%
FU_REJECTED_OP_FMA_NOT_SIMD                          0        0.000%                0        0.000%
FU_REJECTED_OP_FDIV_NOT_SIMD                         0        0.000%                0        0.000%
FU_REJECTED_OP_FCMP_NOT_SIMD                         0        0.000%                0        0.000%
FU_REJECTED_OP_FCMOV_NOT_SIMD                        0        0.000%                0        0.000%
FU_REJECTED_OP_GATHER_NOT_SIMD                       0        0.000%                0        0.000%
FU_REJECTED_OP_SCATTER_NOT_SIMD                      0        0.000%                0        0.000%
FU_REJECTED_OP_PIPELINED_FAST_NOT_SIMD               0        0.000%                0        0.000%
FU_REJECTED_OP_PIPELINED_MEDIUM_NOT_SIMD             0        0.000%                0        0.000%
FU_REJECTED_OP_PIPELINED_SLOW_NOT_SIMD               0        0.000%                0        0.000%
FU_REJECTED_OP_NOTPIPELINED_MEDIUM_NOT_SIMD             0        0.000%                0        0.000%
FU_REJECTED_OP_NOTPIPELINED_SLOW_NOT_SIMD             0        0.000%                0        0.000%
FU_REJECTED_OP_NOTPIPELINED_VERY_SLOW_NOT_SIMD             0        0.000%                2        0.001%
FU_REJECTED_OP_INV_SIMD                              0        0.000%                0        0.000%
FU_REJECTED_OP_NOP_SIMD                              0        0.000%                0        0.000%
FU_REJECTED_OP_CF_SIMD                               0        0.000%                0        0.000%
FU_REJECTED_OP_MOV_SIMD                              0        0.000%                0        0.000%
FU_REJECTED_OP_CMOV_SIMD                             0        0.000%                0        0.000%
FU_REJECTED_OP_LDA_SIMD                              0        0.000%                0        0.000%
FU_REJECTED_OP_IMEM_SIMD                             0        0.000%                0        0.000%
FU_REJECTED_OP_IADD_SIMD                             0        0.000%                0        0.000%
FU_REJECTED_OP_IMUL_SIMD                             0        0.000%                0        0.000%
FU_REJECTED_OP_IDIV_SIMD                             0        0.000%                0        0.000%
FU_REJECTED_OP_ICMP_SIMD                             0        0.000%                0        0.000%
FU_REJECTED_OP_LOGIC_SIMD                            0        0.000%                8        0.003%
FU_REJECTED_OP_SHIFT_SIMD                            0        0.000%                0        0.000%
FU_REJECTED_OP_FMEM_SIMD                             0        0.000%                0        0.000%
FU_REJECTED_OP_FCVT_SIMD                             0        0.000%                2        0.001%
FU_REJECTED_OP_FADD_SIMD                             0        0.000%                0        0.000%
FU_REJECTED_OP_FMUL_SIMD                             0        0.000%                0        0.000%
FU_REJECTED_OP_FMA_SIMD                              0        0.000%                0        0.000%
FU_REJECTED_OP_FDIV_SIMD                             0        0.000%                0        0.000%
FU_REJECTED_OP_FCMP_SIMD                             0        0.000%                0        0.000%
FU_REJECTED_OP_FCMOV_SIMD                            0        0.000%                0        0.000%
FU_REJECTED_OP_GATHER_SIMD                           0        0.000%                0        0.000%
FU_REJECTED_OP_SCATTER_SIMD                          0        0.000%                0        0.000%
FU_REJECTED_OP_PIPELINED_FAST_SIMD                   0        0.000%                0        0.000%
FU_REJECTED_OP_PIPELINED_MEDIUM_SIMD                 0        0.000%                0        0.000%
FU_REJECTED_OP_PIPELINED_SLOW_SIMD                   4        0.108%                4        0.002%
FU_REJECTED_OP_NOTPIPELINED_MEDIUM_SIMD              0        0.000%                0        0.000%
FU_REJECTED_OP_NOTPIPELINED_SLOW_SIMD                0        0.000%                0        0.000%
FU_REJECTED_OP_NOTPIPELINED_VERY_SLOW_SIMD             0        0.000%                0        0.000%
                                                  3713      100.000%           233205      100.000%
                                                  7.00         1.62              7.00         0.32

LSQ_FULL_TOTAL                                  381247                         485277              

LSQ_FULL_LOAD_QUEUE                                  0                              0              

LSQ_FULL_STORE_QUEUE                            381247                         485277              

OP_WAIT_0                                     29993784                       59760937              

OP_WAIT_1                                         2470                        4977800              

OP_WAIT_2                                          211                            708              

OP_WAIT_3                                          161                            325              

OP_WAIT_4                                          684                            971              

OP_WAIT_5                                       206467                         308462              

OP_WAIT_6                                       409187                         611767              

OP_WAIT_7                                       175330                         175421              

OP_WAIT_8                                      4639669                        7928755              

OP_WAIT_9                                           60                            110              

OP_WAIT_10                                     1913353                        2221149              

OP_WAIT_11                                     2448262                        3795367              

OP_WAIT_12                                          39                             69              

OP_WAIT_13                                          43                             80              

OP_WAIT_14                                          31                             58              

OP_WAIT_15                                      204364                         204401              

OP_WAIT_16                                          40                             69              

OP_WAIT_17                                          36                             65              

OP_WAIT_18                                          29                             57              

OP_WAIT_19                                          34                             64              

OP_WAIT_20                                          33                             67              

OP_WAIT_21                                          30                             60              

OP_WAIT_22                                          32                             60              

OP_WAIT_23                                          29                             55              

OP_WAIT_24                                          29                             59              

OP_WAIT_25                                          30                             64              

OP_WAIT_26                                          27                             52              

OP_WAIT_27                                          39                             75              

OP_WAIT_28                                          34                             60              

OP_WAIT_29                                          39                             68              

OP_WAIT_30                                          35                             58              

OP_WAIT_31                                        1201                           2217              

ROW_SIZE_0                                       13376                          33846              

ROW_SIZE_1                                          47                            301              

ROW_SIZE_2                                          12                            118              

ROW_SIZE_3                                           3                             74              

ROW_SIZE_4                                     9978008                       19960825              

ROW_SIZE_5                                           6                             35              

ROW_SIZE_6                                       13945                          24216              

ROW_SIZE_7                                           0                              0              

ROW_SIZE_8                                           0                              0              

ROW_SIZE_9                                           0                              0              

ROW_SIZE_10                                          0                              0              

ROW_SIZE_11                                          0                              0              

ROW_SIZE_12                                          0                              0              

ROW_SIZE_13                                          0                              0              

ROW_SIZE_14                                          0                              0              

ROW_SIZE_15                                          0                              0              

ROW_SIZE_16                                          0                              0              

ROW_SIZE_17                                          0                              0              

ROW_SIZE_18                                          0                              0              

ROW_SIZE_19                                          0                              0              

ROW_SIZE_20                                          0                              0              

ROW_SIZE_21                                          0                              0              

ROW_SIZE_22                                          0                              0              

ROW_SIZE_23                                          0                              0              

ROW_SIZE_24                                          0                              0              

ROW_SIZE_25                                          0                              0              

ROW_SIZE_26                                          0                              0              

ROW_SIZE_27                                          0                              0              

ROW_SIZE_28                                          0                              0              

ROW_SIZE_29                                          0                              0              

ROW_SIZE_30                                          0                              0              

ROW_SIZE_31                                          0                              0              

RET_OP_EXEC_COUNT_0                                  0        0.000%                0        0.000%
RET_OP_EXEC_COUNT_1                           39995812      100.000%         79989530      100.000%
RET_OP_EXEC_COUNT_2                                  0        0.000%                0        0.000%
RET_OP_EXEC_COUNT_3                                  0        0.000%                0        0.000%
RET_OP_EXEC_COUNT_4                                  0        0.000%                0        0.000%
RET_OP_EXEC_COUNT_5                                  0        0.000%                0        0.000%
RET_OP_EXEC_COUNT_6                                  0        0.000%                0        0.000%
RET_OP_EXEC_COUNT_7                                  0        0.000%                0        0.000%
RET_OP_EXEC_COUNT_8                                  0        0.000%                0        0.000%
RET_OP_EXEC_COUNT_9                                  0        0.000%                0        0.000%
RET_OP_EXEC_COUNT_10                                 0        0.000%                0        0.000%
RET_OP_EXEC_COUNT_11                                 0        0.000%                0        0.000%
RET_OP_EXEC_COUNT_12                                 0        0.000%                0        0.000%
RET_OP_EXEC_COUNT_13                                 0        0.000%                0        0.000%
RET_OP_EXEC_COUNT_14                                 0        0.000%                0        0.000%
RET_OP_EXEC_COUNT_15                                 0        0.000%                0        0.000%
RET_OP_EXEC_COUNT_16                                 0        0.000%                0        0.000%
RET_OP_EXEC_COUNT_17                                 0        0.000%                0        0.000%
RET_OP_EXEC_COUNT_18                                 0        0.000%                0        0.000%
RET_OP_EXEC_COUNT_19                                 0        0.000%                0        0.000%
RET_OP_EXEC_COUNT_20                                 0        0.000%                0        0.000%
RET_OP_EXEC_COUNT_21                                 0        0.000%                0        0.000%
RET_OP_EXEC_COUNT_22                                 0        0.000%                0        0.000%
RET_OP_EXEC_COUNT_23                                 0        0.000%                0        0.000%
RET_OP_EXEC_COUNT_24                                 0        0.000%                0        0.000%
RET_OP_EXEC_COUNT_25                                 0        0.000%                0        0.000%
RET_OP_EXEC_COUNT_26                                 0        0.000%                0        0.000%
RET_OP_EXEC_COUNT_27                                 0        0.000%                0        0.000%
RET_OP_EXEC_COUNT_28                                 0        0.000%                0        0.000%
RET_OP_EXEC_COUNT_29                                 0        0.000%                0        0.000%
RET_OP_EXEC_COUNT_30                                 0        0.000%                0        0.000%
RET_OP_EXEC_COUNT_31                                 0        0.000%                0        0.000%
RET_OP_EXEC_COUNT_32                                 0        0.000%                0        0.000%
                                              39995812      100.000%         79989530      100.000%
                                                  1.00         0.00              1.00         0.00

RET_STALL_LENGTH_0                            39995785      100.000%         79989438      100.000%
RET_STALL_LENGTH_100                                19        0.000%               66        0.000%
RET_STALL_LENGTH_200                                 3        0.000%               10        0.000%
RET_STALL_LENGTH_300                                 1        0.000%                3        0.000%
RET_STALL_LENGTH_400                                 0        0.000%                4        0.000%
RET_STALL_LENGTH_500                                 3        0.000%                6        0.000%
RET_STALL_LENGTH_600                                 1        0.000%                2        0.000%
RET_STALL_LENGTH_700                                 0        0.000%                0        0.000%
RET_STALL_LENGTH_800                                 0        0.000%                0        0.000%
RET_STALL_LENGTH_900                                 0        0.000%                0        0.000%
RET_STALL_LENGTH_1000                                0        0.000%                0        0.000%
RET_STALL_LENGTH_1100                                0        0.000%                0        0.000%
RET_STALL_LENGTH_1200                                0        0.000%                0        0.000%
RET_STALL_LENGTH_1300                                0        0.000%                1        0.000%
RET_STALL_LENGTH_1400                                0        0.000%                0        0.000%
RET_STALL_LENGTH_1500                                0        0.000%                0        0.000%
RET_STALL_LENGTH_1600                                0        0.000%                0        0.000%
RET_STALL_LENGTH_1700                                0        0.000%                0        0.000%
RET_STALL_LENGTH_1800                                0        0.000%                0        0.000%
RET_STALL_LENGTH_1900                                0        0.000%                0        0.000%
RET_STALL_LENGTH_2000                                0        0.000%                0        0.000%
RET_STALL_LENGTH_2100                                0        0.000%                0        0.000%
RET_STALL_LENGTH_2200                                0        0.000%                0        0.000%
RET_STALL_LENGTH_2300                                0        0.000%                0        0.000%
RET_STALL_LENGTH_2400                                0        0.000%                0        0.000%
RET_STALL_LENGTH_2500                                0        0.000%                0        0.000%
RET_STALL_LENGTH_2600                                0        0.000%                0        0.000%
RET_STALL_LENGTH_2700                                0        0.000%                0        0.000%
RET_STALL_LENGTH_2800                                0        0.000%                0        0.000%
RET_STALL_LENGTH_2900                                0        0.000%                0        0.000%
RET_STALL_LENGTH_3000                                0        0.000%                0        0.000%
RET_STALL_LENGTH_3100                                0        0.000%                0        0.000%
RET_STALL_LENGTH_3200                                0        0.000%                0        0.000%
RET_STALL_LENGTH_3300                                0        0.000%                0        0.000%
RET_STALL_LENGTH_3400                                0        0.000%                0        0.000%
RET_STALL_LENGTH_3500                                0        0.000%                0        0.000%
RET_STALL_LENGTH_3600                                0        0.000%                0        0.000%
RET_STALL_LENGTH_3700                                0        0.000%                0        0.000%
RET_STALL_LENGTH_3800                                0        0.000%                0        0.000%
RET_STALL_LENGTH_3900                                0        0.000%                0        0.000%
RET_STALL_LENGTH_4000                                0        0.000%                0        0.000%
RET_STALL_LENGTH_4100                                0        0.000%                0        0.000%
RET_STALL_LENGTH_4200                                0        0.000%                0        0.000%
RET_STALL_LENGTH_4300                                0        0.000%                0        0.000%
RET_STALL_LENGTH_4400                                0        0.000%                0        0.000%
RET_STALL_LENGTH_4500                                0        0.000%                0        0.000%
RET_STALL_LENGTH_4600                                0        0.000%                0        0.000%
RET_STALL_LENGTH_4700                                0        0.000%                0        0.000%
RET_STALL_LENGTH_4800                                0        0.000%                0        0.000%
RET_STALL_LENGTH_4900                                0        0.000%                0        0.000%
RET_STALL_LENGTH_5000                                0        0.000%                0        0.000%
                                              39995812      100.000%         79989530      100.000%
                                                  0.00         0.00              0.00         0.00

MEM_BLOCK_LENGTH_0                                  16       72.727%               28       68.293%
MEM_BLOCK_LENGTH_100                                 5       22.727%               11       26.829%
MEM_BLOCK_LENGTH_200                                 1        4.545%                2        4.878%
MEM_BLOCK_LENGTH_300                                 0        0.000%                0        0.000%
MEM_BLOCK_LENGTH_400                                 0        0.000%                0        0.000%
MEM_BLOCK_LENGTH_500                                 0        0.000%                0        0.000%
MEM_BLOCK_LENGTH_600                                 0        0.000%                0        0.000%
MEM_BLOCK_LENGTH_700                                 0        0.000%                0        0.000%
MEM_BLOCK_LENGTH_800                                 0        0.000%                0        0.000%
MEM_BLOCK_LENGTH_900                                 0        0.000%                0        0.000%
MEM_BLOCK_LENGTH_1000                                0        0.000%                0        0.000%
MEM_BLOCK_LENGTH_1100                                0        0.000%                0        0.000%
MEM_BLOCK_LENGTH_1200                                0        0.000%                0        0.000%
MEM_BLOCK_LENGTH_1300                                0        0.000%                0        0.000%
MEM_BLOCK_LENGTH_1400                                0        0.000%                0        0.000%
MEM_BLOCK_LENGTH_1500                                0        0.000%                0        0.000%
MEM_BLOCK_LENGTH_1600                                0        0.000%                0        0.000%
MEM_BLOCK_LENGTH_1700                                0        0.000%                0        0.000%
MEM_BLOCK_LENGTH_1800                                0        0.000%                0        0.000%
MEM_BLOCK_LENGTH_1900                                0        0.000%                0        0.000%
MEM_BLOCK_LENGTH_2000                                0        0.000%                0        0.000%
MEM_BLOCK_LENGTH_2100                                0        0.000%                0        0.000%
MEM_BLOCK_LENGTH_2200                                0        0.000%                0        0.000%
MEM_BLOCK_LENGTH_2300                                0        0.000%                0        0.000%
MEM_BLOCK_LENGTH_2400                                0        0.000%                0        0.000%
MEM_BLOCK_LENGTH_2500                                0        0.000%                0        0.000%
MEM_BLOCK_LENGTH_2600                                0        0.000%                0        0.000%
MEM_BLOCK_LENGTH_2700                                0        0.000%                0        0.000%
MEM_BLOCK_LENGTH_2800                                0        0.000%                0        0.000%
MEM_BLOCK_LENGTH_2900                                0        0.000%                0        0.000%
MEM_BLOCK_LENGTH_3000                                0        0.000%                0        0.000%
MEM_BLOCK_LENGTH_3100                                0        0.000%                0        0.000%
MEM_BLOCK_LENGTH_3200                                0        0.000%                0        0.000%
MEM_BLOCK_LENGTH_3300                                0        0.000%                0        0.000%
MEM_BLOCK_LENGTH_3400                                0        0.000%                0        0.000%
MEM_BLOCK_LENGTH_3500                                0        0.000%                0        0.000%
MEM_BLOCK_LENGTH_3600                                0        0.000%                0        0.000%
MEM_BLOCK_LENGTH_3700                                0        0.000%                0        0.000%
MEM_BLOCK_LENGTH_3800                                0        0.000%                0        0.000%
MEM_BLOCK_LENGTH_3900                                0        0.000%                0        0.000%
MEM_BLOCK_LENGTH_4000                                0        0.000%                0        0.000%
MEM_BLOCK_LENGTH_4100                                0        0.000%                0        0.000%
MEM_BLOCK_LENGTH_4200                                0        0.000%                0        0.000%
MEM_BLOCK_LENGTH_4300                                0        0.000%                0        0.000%
MEM_BLOCK_LENGTH_4400                                0        0.000%                0        0.000%
MEM_BLOCK_LENGTH_4500                                0        0.000%                0        0.000%
MEM_BLOCK_LENGTH_4600                                0        0.000%                0        0.000%
MEM_BLOCK_LENGTH_4700                                0        0.000%                0        0.000%
MEM_BLOCK_LENGTH_4800                                0        0.000%                0        0.000%
MEM_BLOCK_LENGTH_4900                                0        0.000%                0        0.000%
MEM_BLOCK_LENGTH_5000                                0        0.000%                0        0.000%
                                                    22      100.000%               41      100.000%
                                                  0.32         0.50              0.37         0.49

FUS_BUSY_ON_PATH                              40003233        3.9982         80228207        4.0065

FUS_BUSY_OFF_PATH                                    2        0.0000             3966        0.0002

FU_BUSY_MEM_STALL                                 7361        0.0007           238596        0.0119

FUS_EMPTY                                     40039941        4.0018         79964075        3.9933

FU_UNAVAILABLE                                      48        0.0000              128        0.0000

FU_MEM_UNAVAILABLE                                3665        0.0004           233077        0.0116

FU_OTHER_UNAVAILABLE                                 0        0.0000                0        0.0000

FU_REPLAY                                            0        0.0000                0        0.0000

FU_STARVED                                    40039939        4.0018         79963938        3.9933

CHIP_UTILIZATION                                     0        0.0000                0        0.0000

CYCLES_UNDER_MEM_REQ                                 0                              0              

CYCLES_UNDER_NO_MEM_REQ                              0                              0              

CYCLES_UNDER_CRITICAL_MEM_REQ                        0                              0              

CYCLES_UNDER_NONCRITICAL_MEM_REQ                     0                              0              

CHIP_UTILIZATION_UNDER_MEM_REQ                       0          -nan                0          -nan

CHIP_UTILIZATION_UNDER_NO_MEM_REQ                    0          -nan                0          -nan

CHIP_UTILIZATION_UNDER_CRITICAL_MEM_REQ              0          -nan                0          -nan

CHIP_UTILIZATION_UNDER_NONCRITICAL_MEM_REQ             0          -nan                0          -nan

CYCLES_NOT_WAITING_FOR_OFF_CHIP                      0        0.0000                0        0.0000

FUS_BUSY_NOT_WAITING_FOR_OFF_CHIP                    0          -nan                0          -nan

CYCLES_WAITING_FOR_OFF_CHIP                          0        0.0000                0        0.0000

FUS_BUSY_WAITING_FOR_OFF_CHIP                        0          -nan                0          -nan

TOTAL_OFF_CHIP_DELAYS_LEFT                           0                              0              

WRONG_IO_SCHED                                       0                              0              

DVFS_CONFIG_SWITCH                                   0                              0              

MAP_STAGE_RECEIVED_OPS_0                             0        0.000%                0        0.000%
MAP_STAGE_RECEIVED_OPS_1                             6        0.000%               31        0.000%
MAP_STAGE_RECEIVED_OPS_2                             2        0.000%               45        0.000%
MAP_STAGE_RECEIVED_OPS_3                             4        0.000%               35        0.000%
MAP_STAGE_RECEIVED_OPS_4                       8856680       92.082%         18548471       95.049%
MAP_STAGE_RECEIVED_OPS_5                            86        0.001%              348        0.002%
MAP_STAGE_RECEIVED_OPS_6                        761446        7.917%           965639        4.948%
MAP_STAGE_RECEIVED_OPS_7                             0        0.000%                0        0.000%
MAP_STAGE_RECEIVED_OPS_8                             0        0.000%                0        0.000%
MAP_STAGE_RECEIVED_OPS_MAX                           0        0.000%                0        0.000%
                                               9618224      100.000%         19514569      100.000%
                                                  4.16         0.54              4.10         0.43

MAP_STAGE_WAIT_FOR_DECODE                            0         -nan%                0         -nan%
MAP_STAGE_CONSUME_DECODE                             0         -nan%                0         -nan%
                                                     0         -nan%                0         -nan%
                                                  -nan         -nan              -nan         -nan

MAP_STAGE_WAIT_FOR_DECODE2                           0         -nan%                0         -nan%
MAP_STAGE_CONSUME_DECODE2                            0         -nan%                0         -nan%
                                                     0         -nan%                0         -nan%
                                                  -nan         -nan              -nan         -nan

FTQ_RECOVER_EXEC                                     2                             51              

FTQ_RECOVER_DECODE                                   0                             27              

FTQ_OFFPATH_CYCLES                                 223                          14981              

FTQ_CYCLES_OFFPATH                                 223                          14981              

FTQ_CYCLES_ONPATH                             10005174                       20009550              

FTQ_FETCHED_INS_ONPATH                        39995848                       79989930              

FTQ_FETCHED_INS_OFFPATH                           1301                          44931              

FTQ_BREAK_FULL_FT_ONPATH                      10004950                       15261105              

FTQ_BREAK_FULL_FT_OFFPATH                          173                          12533              

FTQ_BREAK_PRED_BR_ONPATH                             0                              0              

FTQ_BREAK_PRED_BR_OFFPATH                            0                              0              

FTQ_BREAK_BAR_FETCH_ONPATH                           0                              0              

FTQ_BREAK_BAR_FETCH_OFFPATH                          0                              0              

FTQ_BREAK_MAX_CFS_TAKEN_ONPATH                       0                              0              

FTQ_BREAK_MAX_CFS_TAKEN_OFFPATH                      0                              0              

FTQ_BREAK_MAX_FT_ONPATH                            224                        4748445              

FTQ_BREAK_MAX_FT_OFFPATH                            50                           2448              

DFE_GEN_ON_PATH_FT                             9998683                       19996837              

DFE_GEN_OFF_PATH_FT                                160                           2905              

DFE_L0_ENABLED_PREDICTIONS                    39995848                       79989930              

DFE_L0_WRONG_MAIN_CORRECT                           36                            124              

DFE_L0_WRONG_MAIN_WRONG                              2                             71              

DFE_L0_CORRECT_MAIN_WRONG                            0                              7              

DFE_L0_CORRECT_MAIN_CORRECT                   39995810                       79989728              

DFE_L0_WRONG_MAIN_CORRECT_RECOVERY_SCHEDULED             0                              0              

FTQ_SAW_BAR_FETCH_OFFPATH                            0                              0              

FTQ_SAW_BAR_FETCH_ONPATH                             0                              0              

DFE_CONF_0_RECOVER_AT_EXEC                           0         -nan%                0         -nan%
DFE_CONF_1_RECOVER_AT_EXEC                           0         -nan%                0         -nan%
DFE_CONF_2_RECOVER_AT_EXEC                           0         -nan%                0         -nan%
DFE_CONF_3_RECOVER_AT_EXEC                           0         -nan%                0         -nan%
DFE_CONF_0_CORRECT                                   0         -nan%                0         -nan%
DFE_CONF_1_CORRECT                                   0         -nan%                0         -nan%
DFE_CONF_2_CORRECT                                   0         -nan%                0         -nan%
DFE_CONF_3_CORRECT                                   0         -nan%                0         -nan%
                                                     0         -nan%                0         -nan%
                                                  -nan         -nan              -nan         -nan

DFE_ON_CONF_ON_OPS                                   0         -nan%                0         -nan%
DFE_ON_CONF_OFF_OPS                                  0         -nan%                0         -nan%
DFE_OFF_CONF_ON_OPS                                  0         -nan%                0         -nan%
DFE_OFF_CONF_OFF_REALISTIC_OPS                       0         -nan%                0         -nan%
DFE_OFF_CONF_OFF_PERFECT_OPS                         0         -nan%                0         -nan%
                                                     0         -nan%                0         -nan%
                                                  -nan         -nan              -nan         -nan

DFE_ON_CONF_ON_FETCH_TARGETS                         0         -nan%                0         -nan%
DFE_ON_CONF_OFF_FETCH_TARGETS                        0         -nan%                0         -nan%
DFE_OFF_CONF_ON_FETCH_TARGETS                        0         -nan%                0         -nan%
DFE_OFF_CONF_OFF_REALISTIC_FETCH_TARGETS             0         -nan%                0         -nan%
DFE_OFF_CONF_OFF_PERFECT_FETCH_TARGETS               0         -nan%                0         -nan%
                                                     0         -nan%                0         -nan%
                                                  -nan         -nan              -nan         -nan

DFE_ON_CONF_ON_CYCLES                                0         -nan%                0         -nan%
DFE_ON_CONF_OFF_CYCLES                               0         -nan%                0         -nan%
DFE_OFF_CONF_ON_CYCLES                               0         -nan%                0         -nan%
DFE_OFF_CONF_OFF_REALISTIC_CYCLES                    0         -nan%                0         -nan%
DFE_OFF_CONF_OFF_PERFECT_CYCLES                      0         -nan%                0         -nan%
                                                     0         -nan%                0         -nan%
                                                  -nan         -nan              -nan         -nan

DFE_OFF_CONF_ON_NUM_EVENTS                           0                              0              

DFE_OFF_CONF_ON_NOT_IDENTIFIED_EVENTS                0         -nan%                0         -nan%
DFE_OFF_CONF_ON_IBTB_MISS_EVENTS                     0         -nan%                0         -nan%
DFE_OFF_CONF_ON_BTB_MISS_EVENTS                      0         -nan%                0         -nan%
DFE_OFF_CONF_ON_BTB_MISS_RECOVER_AT_EXEC_EVENTS             0         -nan%                0         -nan%
DFE_OFF_CONF_ON_RECOVER_AT_EXEC_EVENTS               0         -nan%                0         -nan%
DFE_OFF_CONF_ON_RECOVER_AT_DECODE_EVENTS             0         -nan%                0         -nan%
                                                     0         -nan%                0         -nan%
                                                  -nan         -nan              -nan         -nan

DFE_OFF_CONF_ON_LATE_BTB_HIT_EVENTS                  0                              0              

DFE_OFF_CONF_ON_NOT_IDENTIFIED_CYCLES                0         -nan%                0         -nan%
DFE_OFF_CONF_ON_IBTB_MISS_CYCLES                     0         -nan%                0         -nan%
DFE_OFF_CONF_ON_BTB_MISS_CYCLES                      0         -nan%                0         -nan%
DFE_OFF_CONF_ON_BTB_MISS_RECOVER_AT_EXEC_CYCLES             0         -nan%                0         -nan%
DFE_OFF_CONF_ON_RECOVER_AT_EXEC_CYCLES               0         -nan%                0         -nan%
DFE_OFF_CONF_ON_RECOVER_AT_DECODE_CYCLES             0         -nan%                0         -nan%
                                                     0         -nan%                0         -nan%
                                                  -nan         -nan              -nan         -nan

DFE_OFF_CONF_ON_LATE_BTB_HIT_CYCLES                  0                              0              

DFE_OFF_CONF_ON_NOT_IDENTIFIED_FETCH_TARGETS             0         -nan%                0         -nan%
DFE_OFF_CONF_ON_IBTB_MISS_FETCH_TARGETS              0         -nan%                0         -nan%
DFE_OFF_CONF_ON_BTB_MISS_FETCH_TARGETS               0         -nan%                0         -nan%
DFE_OFF_CONF_ON_BTB_MISS_RECOVER_AT_EXEC_FETCH_TARGETS             0         -nan%                0         -nan%
DFE_OFF_CONF_ON_RECOVER_AT_EXEC_FETCH_TARGETS             0         -nan%                0         -nan%
DFE_OFF_CONF_ON_RECOVER_AT_DECODE_FETCH_TARGETS             0         -nan%                0         -nan%
                                                     0         -nan%                0         -nan%
                                                  -nan         -nan              -nan         -nan

DFE_OFF_CONF_ON_LATE_BTB_HIT_FETCH_TARGETS             0                              0              

DFE_OFF_CONF_ON_BP_INCORRECT_0_CONF                  0         -nan%                0         -nan%
DFE_OFF_CONF_ON_BP_INCORRECT_1_CONF                  0         -nan%                0         -nan%
DFE_OFF_CONF_ON_BP_INCORRECT_2_CONF                  0         -nan%                0         -nan%
DFE_OFF_CONF_ON_BP_INCORRECT_3_CONF                  0         -nan%                0         -nan%
                                                     0         -nan%                0         -nan%
                                                  -nan         -nan              -nan         -nan

DFE_OFF_CONF_ON_BTB_MISS_CBR_0_CONF                  0         -nan%                0         -nan%
DFE_OFF_CONF_ON_BTB_MISS_CBR_1_CONF                  0         -nan%                0         -nan%
DFE_OFF_CONF_ON_BTB_MISS_CBR_2_CONF                  0         -nan%                0         -nan%
DFE_OFF_CONF_ON_BTB_MISS_CBR_3_CONF                  0         -nan%                0         -nan%
                                                     0         -nan%                0         -nan%
                                                  -nan         -nan              -nan         -nan

DFE_OFF_CONF_ON_BTB_MISS_NOT_CF                      0         -nan%                0         -nan%
DFE_OFF_CONF_ON_BTB_MISS_CF_BR                       0         -nan%                0         -nan%
DFE_OFF_CONF_ON_BTB_MISS_CF_CBR                      0         -nan%                0         -nan%
DFE_OFF_CONF_ON_BTB_MISS_CF_CALL                     0         -nan%                0         -nan%
DFE_OFF_CONF_ON_BTB_MISS_CF_IBR                      0         -nan%                0         -nan%
DFE_OFF_CONF_ON_BTB_MISS_CF_ICALL                    0         -nan%                0         -nan%
DFE_OFF_CONF_ON_BTB_MISS_CF_ICO                      0         -nan%                0         -nan%
DFE_OFF_CONF_ON_BTB_MISS_CF_RET                      0         -nan%                0         -nan%
DFE_OFF_CONF_ON_BTB_MISS_CF_SYS                      0         -nan%                0         -nan%
                                                     0         -nan%                0         -nan%
                                                  -nan         -nan              -nan         -nan

DFE_ON_CONF_OFF_NUM_EVENTS                           0                              0              

CONF_BTB_NUM_CYCLES_OFF_PATH_EVENT                   0                              0              

DFE_ON_CONF_OFF_IBTB_MISS_BP_TAKEN                   0         -nan%                0         -nan%
DFE_ON_CONF_OFF_BTB_MISS_BP_TAKEN_CONF_0             0         -nan%                0         -nan%
DFE_ON_CONF_OFF_BTB_MISS_BP_TAKEN_CONF_1             0         -nan%                0         -nan%
DFE_ON_CONF_OFF_BTB_MISS_BP_TAKEN_CONF_2             0         -nan%                0         -nan%
DFE_ON_CONF_OFF_BTB_MISS_BP_TAKEN_CONF_3             0         -nan%                0         -nan%
DFE_ON_CONF_OFF_BTB_MISS_RATE                        0         -nan%                0         -nan%
DFE_ON_CONF_OFF_IBTB_MISS_RATE                       0         -nan%                0         -nan%
DFE_ON_CONF_OFF_RECOVER_AT_DECODE_RATE               0         -nan%                0         -nan%
DFE_ON_CONF_OFF_RECOVER_AT_EXEC_RATE                 0         -nan%                0         -nan%
DFE_ON_CONF_OFF_INV_CONF_INC                         0         -nan%                0         -nan%
DFE_ON_CONF_OFF_PERFECT_CONF                         0         -nan%                0         -nan%
                                                     0         -nan%                0         -nan%
                                                  -nan         -nan              -nan         -nan

DFE_ON_CONF_OFF_IBTB_MISS_BP_TAKEN_CYCLES             0         -nan%                0         -nan%
DFE_ON_CONF_OFF_BTB_MISS_BP_TAKEN_CONF_0_CYCLES             0         -nan%                0         -nan%
DFE_ON_CONF_OFF_BTB_MISS_BP_TAKEN_CONF_1_CYCLES             0         -nan%                0         -nan%
DFE_ON_CONF_OFF_BTB_MISS_BP_TAKEN_CONF_2_CYCLES             0         -nan%                0         -nan%
DFE_ON_CONF_OFF_BTB_MISS_BP_TAKEN_CONF_3_CYCLES             0         -nan%                0         -nan%
DFE_ON_CONF_OFF_BTB_MISS_RATE_CYCLES                 0         -nan%                0         -nan%
DFE_ON_CONF_OFF_IBTB_MISS_RATE_CYCLES                0         -nan%                0         -nan%
DFE_ON_CONF_OFF_RECOVER_AT_DECODE_RATE_CYCLES             0         -nan%                0         -nan%
DFE_ON_CONF_OFF_RECOVER_AT_EXEC_RATE_CYCLES             0         -nan%                0         -nan%
DFE_ON_CONF_OFF_INV_CONF_INC_CYCLES                  0         -nan%                0         -nan%
DFE_ON_CONF_OFF_PERFECT_CONF_CYCLES                  0         -nan%                0         -nan%
                                                     0         -nan%                0         -nan%
                                                  -nan         -nan              -nan         -nan

DFE_ON_CONF_OFF_IBTB_MISS_BP_TAKEN_FETCH_TARGETS             0         -nan%                0         -nan%
DFE_ON_CONF_OFF_BTB_MISS_BP_TAKEN_CONF_0_FETCH_TARGETS             0         -nan%                0         -nan%
DFE_ON_CONF_OFF_BTB_MISS_BP_TAKEN_CONF_1_FETCH_TARGETS             0         -nan%                0         -nan%
DFE_ON_CONF_OFF_BTB_MISS_BP_TAKEN_CONF_2_FETCH_TARGETS             0         -nan%                0         -nan%
DFE_ON_CONF_OFF_BTB_MISS_BP_TAKEN_CONF_3_FETCH_TARGETS             0         -nan%                0         -nan%
DFE_ON_CONF_OFF_BTB_MISS_RATE_FETCH_TARGETS             0         -nan%                0         -nan%
DFE_ON_CONF_OFF_IBTB_MISS_RATE_FETCH_TARGETS             0         -nan%                0         -nan%
DFE_ON_CONF_OFF_RECOVER_AT_DECODE_RATE_FETCH_TARGETS             0         -nan%                0         -nan%
DFE_ON_CONF_OFF_RECOVER_AT_EXEC_RATE_FETCH_TARGETS             0         -nan%                0         -nan%
DFE_ON_CONF_OFF_INV_CONF_INC_FETCH_TARGETS             0         -nan%                0         -nan%
DFE_ON_CONF_OFF_PERFECT_CONF_FETCH_TARGETS             0         -nan%                0         -nan%
                                                     0         -nan%                0         -nan%
                                                  -nan         -nan              -nan         -nan

CONF_OFF_IBTB_MISS_BP_TAKEN                          0         -nan%                0         -nan%
CONF_OFF_BTB_MISS_BP_TAKEN_CONF_0                    0         -nan%                0         -nan%
CONF_OFF_BTB_MISS_BP_TAKEN_CONF_1                    0         -nan%                0         -nan%
CONF_OFF_BTB_MISS_BP_TAKEN_CONF_2                    0         -nan%                0         -nan%
CONF_OFF_BTB_MISS_BP_TAKEN_CONF_3                    0         -nan%                0         -nan%
CONF_OFF_BTB_MISS_RATE                               0         -nan%                0         -nan%
CONF_OFF_IBTB_MISS_RATE                              0         -nan%                0         -nan%
CONF_OFF_RECOVER_AT_DECODE_RATE                      0         -nan%                0         -nan%
CONF_OFF_RECOVER_AT_EXEC_RATE                        0         -nan%                0         -nan%
CONF_OFF_INV_CONF_INC                                0         -nan%                0         -nan%
CONF_OFF_PERFECT_CONF                                0         -nan%                0         -nan%
                                                     0         -nan%                0         -nan%
                                                  -nan         -nan              -nan         -nan

TOPDOWN_TOTAL_SLOTS                           60032382                      120147186              

TOPDOWN_ISSUED_SLOTS                          39995975                       79996208              

TOPDOWN_RETIRED_SLOTS                         39995848                       79989770              

TOPDOWN_FETCH_BUBBLES_SLOTS                   17713661                       37152579              

TOPDOWN_RECOVERY_BUBBLES_SLOTS                      32                           1511              

TOPDOWN_MEM_LOAD_STALLS_CYCLES                    6150                          15897              

TOPDOWN_MEM_STORE_STALLS_CYCLES                   1115                           2170              

TOPDOWN_EXEC_STALLS_CYCLES                        6106                          19939              

TOPDOWN_BACKEND_STALLS_CYCLES                   387082                         499401              

TOPDOWN_FETCH_BUBBLES_GT_MIW_CYCLES                 14                           8900              

TOPDOWN_BR_RECOVER_AT_EXEC_RETIRED_CYCLES             2                             51              

TOPDOWN_MACHINE_CLEAR_CYCLES                        38                            202              

TOPDOWN_FRONTEND_BOUND                            2950                           2950              

TOPDOWN_BACKEND_BOUND                              388                            388              

TOPDOWN_BAD_SPEC_BOUND                               0                              0              

TOPDOWN_RETIRING_BOUND                            6662                           6662              

TOPDOWN_FETCH_LATENCY_BOUND                          0                              0              

TOPDOWN_FETCH_BANDWIDTH_BOUND                     2950                           2950              

TOPDOWN_MEM_BOUND                                    7                              7              

TOPDOWN_CORE_BOUND                                 381                            381              

TOPDOWN_BR_RECOVER_AT_EXEC_BOUND                     0                              0              

TOPDOWN_MACHINE_CLEARS_BOUND                         0                              0              



