Scarab gitrev: 6deb50d
Warning: Scarab expects the trace file type to include OFFLINE_FILE_TYPE_ARCH_REGDEPS (0x20000), but got type: 0xe40
Scarab started at Thu May  7 03:36:13 2026

Initialized Ramulator. 
** Heartbeat:   5% -- { 1000001 } -- 0.00 KIPS (250.00 KIPS)
** Heartbeat:  10% -- { 2000004 } -- 333.33 KIPS (285.71 KIPS)
** Heartbeat:  15% -- { 3000008 } -- 250.00 KIPS (272.73 KIPS)
** Heartbeat:  20% -- { 4000011 } -- 333.33 KIPS (285.72 KIPS)
** Heartbeat:  25% -- { 5000011 } -- 250.00 KIPS (277.78 KIPS)
** Heartbeat:  30% -- { 6000015 } -- 250.00 KIPS (272.73 KIPS)
** Heartbeat:  35% -- { 7000016 } -- 250.00 KIPS (269.23 KIPS)
** Heartbeat:  40% -- { 8000016 } -- 333.33 KIPS (275.86 KIPS)
** Heartbeat:  45% -- { 9000016 } -- 250.00 KIPS (272.73 KIPS)
** Heartbeat:  50% -- { 10000017 } -- 250.00 KIPS (270.27 KIPS)
** Heartbeat:  55% -- { 11000021 } -- 333.33 KIPS (275.00 KIPS)
** Heartbeat:  60% -- { 12000022 } -- 250.00 KIPS (272.73 KIPS)
** Heartbeat:  65% -- { 13000025 } -- 250.00 KIPS (270.83 KIPS)
** Heartbeat:  70% -- { 14000029 } -- 333.33 KIPS (274.51 KIPS)
** Heartbeat:  75% -- { 15000032 } -- 250.00 KIPS (272.73 KIPS)
** Heartbeat:  80% -- { 16000037 } -- 250.00 KIPS (271.19 KIPS)
** Heartbeat:  85% -- { 17000042 } -- 333.33 KIPS (274.19 KIPS)
** Heartbeat:  90% -- { 18000044 } -- 250.00 KIPS (272.73 KIPS)
** Heartbeat:  95% -- { 19000047 } -- 333.33 KIPS (275.36 KIPS)
Reached end of trace (last_inst) pc=0x7ffff78aa5f7
** Core 0 Finished:    insts:19999999    cycles:16757089    time:5236590312500       -- 1.19 IPC (1.19 IPC) --  N/A  KIPS (273.97 KIPS)
Scarab finished at Thu May  7 03:37:26 2026

