/* -*- Mode: c -*- */
####################################################################################################
Core 0
####################################################################################################
Cumulative:        Cycles: 13816384              Instructions: 19999999              IPC: 1.44756

Periodic:          Cycles: 6765383               Instructions: 9999998               IPC: 1.47811

MISS_WAIT_TIME                             20963292448                    28350272630              

ICACHE_STAGE_MISS                                 2153                           4943              

ICACHE_CYCLE                                   6765383                       13816384              

TCACHE_CYCLE                                         0                              0              

ICACHE_SERVING_CYCLE_ON_PATH                   1056952                        2085284              

ICACHE_SERVING_CYCLE_OFF_PATH                   173118                         405393              

UCACHE_SERVING_CYCLE_ON_PATH                   4735770                        9282395              

UCACHE_SERVING_CYCLE_OFF_PATH                   741432                        1879346              

ICACHE_CYCLE_ONPATH                            5829351       86.164%         11470559       83.021%
ICACHE_CYCLE_OFFPATH                            936032       13.836%          2345825       16.979%
                                               6765383      100.000%         13816384      100.000%
                                                  0.14         0.32              0.17         0.35

FETCH_ON_PATH                                  5850422       86.476%         11523917       83.408%
FETCH_OFF_PATH                                  914961       13.524%          2292467       16.592%
                                               6765383      100.000%         13816384      100.000%
                                                  0.14         0.32              0.17         0.35

FETCHED_OPS_ON_PATH                                  0         -nan%                0         -nan%
FETCHED_OPS_OFF_PATH                                 0         -nan%                0         -nan%
                                                     0         -nan%                0         -nan%
                                                  -nan         -nan              -nan         -nan

INST_LOST_FETCH                               12930885       34.130%         25864364       33.925%
INST_LOST_OFF_PATH                             2406149        6.351%          6255680        8.205%
INST_LOST_FULL_WINDOW                         19452627       51.343%         37468705       49.146%
INST_LOST_ROB_STALL_OTHER                       371673        0.981%           779669        1.023%
INST_LOST_ROB_STALL_WAIT_FOR_RECOVERY                0        0.000%                0        0.000%
INST_LOST_ROB_STALL_WAIT_FOR_REDIRECT                0        0.000%                0        0.000%
INST_LOST_ROB_STALL_WAIT_FOR_GAP_FILL                0        0.000%                0        0.000%
INST_LOST_ROB_STALL_WAIT_FOR_L1_MISS                 0        0.000%                0        0.000%
INST_LOST_ROB_STALL_WAIT_FOR_MEMORY                  0        0.000%               48        0.000%
INST_LOST_ROB_STALL_WAIT_FOR_DC_MISS             43168        0.114%           134000        0.176%
INST_LOST_ROB_BLOCK_ISSUE_FULL                       0        0.000%                0        0.000%
INST_LOST_ROB_BLOCK_ISSUE_GAP_TOO_LARGE              0        0.000%                0        0.000%
INST_LOST_BREAK_DONT                                 0        0.000%                0        0.000%
INST_LOST_BREAK_FT_UNAVAILABLE                  142519        0.376%           343179        0.450%
INST_LOST_BREAK_ICACHE_STAGE_RESTEER              6046        0.016%            13925        0.018%
INST_LOST_BREAK_ICACHE_MISS_REQ_SUCCESS           8954        0.024%            20077        0.026%
INST_LOST_BREAK_ICACHE_MISS_REQ_FAILURE              0        0.000%              365        0.000%
INST_LOST_BREAK_ICACHE_WAIT_FOR_MISS            105381        0.278%           393174        0.516%
INST_LOST_BREAK_ICACHE_STALLED                  153914        0.406%           297452        0.390%
INST_LOST_BREAK_ICACHE_TO_UOP_CACHE_SWITCH        237231        0.626%           485813        0.637%
INST_LOST_BREAK_ICACHE_READ_LIMIT                75146        0.198%           160922        0.211%
INST_LOST_BREAK_ICACHE_ISSUE_WIDTH                   0        0.000%                0        0.000%
INST_LOST_BREAK_UOP_CACHE_STALLED              1107478        2.923%          2195857        2.880%
INST_LOST_BREAK_UOP_CACHE_TO_ICACHE_SWITCH        270073        0.713%           551700        0.724%
INST_LOST_BREAK_UOP_CACHE_READ_LIMIT            576081        1.521%          1274736        1.672%
INST_LOST_BREAK_UOP_CACHE_ISSUE_WIDTH                0        0.000%                0        0.000%
                                              37887325      100.000%         76239666      100.000%
                                                  2.64         5.05              2.70         5.17

INST_LOST_TOTAL                               39426534                       80483748              

INST_LOST_WAIT_FOR_ICACHE_MISS_NOT_PREFETCHED             0        0.000%            40630       11.443%
INST_LOST_WAIT_FOR_ICACHE_MISS_PREFETCHED_AND_EVICTED_BY_IFETCH             0        0.000%                0        0.000%
INST_LOST_WAIT_FOR_ICACHE_MISS_PREFETCHED_AND_EVICTED_BY_FDIP             0        0.000%                0        0.000%
INST_LOST_WAIT_FOR_ICACHE_MISS_MSHR_HIT_PREF_OFFPATH            55        0.053%              510        0.144%
INST_LOST_WAIT_FOR_ICACHE_MISS_MSHR_HIT_PREF_ONPATH        103355       99.947%           313930       88.414%
                                                103410      100.000%           355070      100.000%
                                                  4.00         4.00              3.54         3.36

FETCH_0_OPS                                      49355        0.730%           147187        1.065%
FETCH_1_OPS                                      96659        1.429%           197850        1.432%
FETCH_2_OPS                                     151691        2.242%           310016        2.244%
FETCH_3_OPS                                     185718        2.745%           384364        2.782%
FETCH_4_OPS                                     331139        4.895%           677104        4.901%
FETCH_5_OPS                                    1242966       18.372%          2532020       18.326%
FETCH_6_OPS                                    4707855       69.587%          9567843       69.250%
FETCH_7_OPS                                          0        0.000%                0        0.000%
FETCH_8_OPS                                          0        0.000%                0        0.000%
FETCH_9_OPS                                          0        0.000%                0        0.000%
FETCH_10_OPS                                         0        0.000%                0        0.000%
FETCH_11_OPS                                         0        0.000%                0        0.000%
FETCH_12_OPS                                         0        0.000%                0        0.000%
FETCH_13_OPS                                         0        0.000%                0        0.000%
FETCH_14_OPS                                         0        0.000%                0        0.000%
FETCH_15_OPS                                         0        0.000%                0        0.000%
FETCH_16_OPS                                         0        0.000%                0        0.000%
                                               6765383      100.000%         13816384      100.000%
                                                  5.43         1.03              5.41         1.03

ST_BREAK_DONT                                        0        0.000%                0        0.000%
ST_BREAK_FT_UNAVAILABLE                          35689        0.528%            82477        0.597%
ST_BREAK_ICACHE_STAGE_RESTEER                     1791        0.026%             4249        0.031%
ST_BREAK_ICACHE_MISS_REQ_SUCCESS                  2153        0.032%             4943        0.036%
ST_BREAK_ICACHE_MISS_REQ_FAILURE                     0        0.000%               73        0.001%
ST_BREAK_ICACHE_WAIT_FOR_MISS                    21077        0.312%            78643        0.569%
ST_BREAK_ICACHE_STALLED                         473316        6.996%           938191        6.790%
ST_BREAK_ICACHE_TO_UOP_CACHE_SWITCH              93497        1.382%           191727        1.388%
ST_BREAK_ICACHE_READ_LIMIT                       37812        0.559%            80065        0.579%
ST_BREAK_ICACHE_ISSUE_WIDTH                     509841        7.536%          1053113        7.622%
ST_BREAK_UOP_CACHE_STALLED                     3376238       49.905%          6723984       48.667%
ST_BREAK_UOP_CACHE_TO_ICACHE_SWITCH              82042        1.213%           167288        1.211%
ST_BREAK_UOP_CACHE_READ_LIMIT                   293902        4.344%           639796        4.631%
ST_BREAK_UOP_CACHE_ISSUE_WIDTH                 1838025       27.168%          3851835       27.879%
                                               6765383      100.000%         13816384      100.000%
                                                 10.44         5.82             10.45         5.91

ORACLE_ON_PATH_INST                           12930885       84.312%         25864364       80.524%
ORACLE_OFF_PATH_INST                           2406149       15.688%          6255680       19.476%
                                              15337034      100.000%         32120044      100.000%
                                                  0.16         0.34              0.19         0.37

ORACLE_ON_PATH_INST_MEM                        4997541       32.585%         10006077       31.152%
ORACLE_ON_PATH_INST_NOTMEM                     7933344       51.727%         15858287       49.372%
ORACLE_OFF_PATH_INST_MEM                        912406        5.949%          2375067        7.394%
ORACLE_OFF_PATH_INST_NOTMEM                    1493743        9.739%          3880613       12.082%
                                              15337034      100.000%         32120044      100.000%
                                                  0.93         0.76              1.00         0.82

ICACHE_CYCLE_NONRA_ONPATH                            0         -nan%                0         -nan%
ICACHE_CYCLE_NONRA_OFFPATH                           0         -nan%                0         -nan%
ICACHE_CYCLE_RA_ONPATH                               0         -nan%                0         -nan%
ICACHE_CYCLE_RA_OFFPATH                              0         -nan%                0         -nan%
                                                     0         -nan%                0         -nan%
                                                  -nan         -nan              -nan         -nan

ICACHE_CYCLE_ONPATH_NONRA                            0         -nan%                0         -nan%
ICACHE_CYCLE_OFFPATH_NONRA                           0         -nan%                0         -nan%
                                                     0         -nan%                0         -nan%
                                                  -nan         -nan              -nan         -nan

ICACHE_CYCLE_ONPATH_RA                               0         -nan%                0         -nan%
ICACHE_CYCLE_OFFPATH_RA                              0         -nan%                0         -nan%
                                                     0         -nan%                0         -nan%
                                                  -nan         -nan              -nan         -nan

INACCURATE_OFFPATH_CYCLES                            0        0.0000                0        0.0000

FETCH_ALL_INST                                15337034                       32120044              

EXEC_ALL_INST                                 13166689                       26567674              

RET_ALL_INST                                  12931170                       25864364              

EXEC_ON_PATH_INST                             12931102       98.211%         25864364       97.353%
EXEC_OFF_PATH_INST                              235587        1.789%           703310        2.647%
                                              13166689      100.000%         26567674      100.000%
                                                  0.02         0.13              0.03         0.16

EXEC_ON_PATH_INST_MEM                          4997621       37.957%         10006077       37.663%
EXEC_ON_PATH_INST_NOTMEM                       7933481       60.254%         15858287       59.690%
EXEC_OFF_PATH_INST_MEM                          104822        0.796%           300781        1.132%
EXEC_OFF_PATH_INST_NOTMEM                       130765        0.993%           402529        1.515%
                                              13166689      100.000%         26567674      100.000%
                                                  0.65         0.38              0.66         0.42

EXEC_RA_INST                                         0         -nan%                0         -nan%
EXEC_NONRA_INST                                      0         -nan%                0         -nan%
                                                     0         -nan%                0         -nan%
                                                  -nan         -nan              -nan         -nan

EXEC_ON_PATH_INST_RA                                 0         -nan%                0         -nan%
EXEC_OFF_PATH_INST_RA                                0         -nan%                0         -nan%
                                                     0         -nan%                0         -nan%
                                                  -nan         -nan              -nan         -nan

EXEC_ON_PATH_INST_NONRA                              0         -nan%                0         -nan%
EXEC_OFF_PATH_INST_NONRA                             0         -nan%                0         -nan%
                                                     0         -nan%                0         -nan%
                                                  -nan         -nan              -nan         -nan

EXEC_RA_ON_PATH_INST                                 0         -nan%                0         -nan%
EXEC_RA_OFF_PATH_INST                                0         -nan%                0         -nan%
EXEC_NONRA_ON_PATH_INST                              0         -nan%                0         -nan%
EXEC_NONRA_OFF_PATH_INST                             0         -nan%                0         -nan%
                                                     0         -nan%                0         -nan%
                                                  -nan         -nan              -nan         -nan

ICACHE_THROTTLE_CYCLE                                0                              0              

FETCH_ENABLE_THROTTLE_OFF_PATH                       0         -nan%                0         -nan%
FETCH_ENABLE_THROTTLE_ON_PATH                        0         -nan%                0         -nan%
                                                     0         -nan%                0         -nan%
                                                  -nan         -nan              -nan         -nan

FETCH_DISABLE_THROTTLE_OFF_PATH                      0         -nan%                0         -nan%
FETCH_DISABLE_THROTTLE_ON_PATH                       0         -nan%                0         -nan%
                                                     0         -nan%                0         -nan%
                                                  -nan         -nan              -nan         -nan

FETCH_TH_ADJUST__0                                   0         -nan%                0         -nan%
FETCH_TH_ADJUST__1                                   0         -nan%                0         -nan%
FETCH_TH_ADJUST__2                                   0         -nan%                0         -nan%
FETCH_TH_ADJUST__3                                   0         -nan%                0         -nan%
FETCH_TH_ADJUST__4                                   0         -nan%                0         -nan%
FETCH_TH_ADJUST__5                                   0         -nan%                0         -nan%
FETCH_TH_ADJUST__6                                   0         -nan%                0         -nan%
FETCH_TH_ADJUST__7                                   0         -nan%                0         -nan%
FETCH_TH_ADJUST__8                                   0         -nan%                0         -nan%
FETCH_TH_ADJUST__9                                   0         -nan%                0         -nan%
FETCH_TH_ADJUST__MAX                                 0         -nan%                0         -nan%
                                                     0         -nan%                0         -nan%
                                                  -nan         -nan              -nan         -nan

FETCH_TH_ADJUST_UP                                   0         -nan%                0         -nan%
FETCH_TH_ADJUST_DOWN                                 0         -nan%                0         -nan%
FETCH_TH_ADJUST_SAME                                 0         -nan%                0         -nan%
                                                     0         -nan%                0         -nan%
                                                  -nan         -nan              -nan         -nan

THROTTLE_ADJUST_CACHE_MISS_INFO                      0                              0              

LOW_CONF_COUNT_BP_MIS_0                              0         -nan%                0         -nan%
LOW_CONF_COUNT_BP_MIS_1                              0         -nan%                0         -nan%
LOW_CONF_COUNT_BP_MIS_2                              0         -nan%                0         -nan%
LOW_CONF_COUNT_BP_MIS_3                              0         -nan%                0         -nan%
LOW_CONF_COUNT_BP_MIS_4                              0         -nan%                0         -nan%
LOW_CONF_COUNT_BP_MIS_5                              0         -nan%                0         -nan%
LOW_CONF_COUNT_BP_MIS_6                              0         -nan%                0         -nan%
LOW_CONF_COUNT_BP_MIS_7                              0         -nan%                0         -nan%
LOW_CONF_COUNT_BP_MIS_8                              0         -nan%                0         -nan%
LOW_CONF_COUNT_BP_MIS_9                              0         -nan%                0         -nan%
LOW_CONF_COUNT_BP_MIS_10                             0         -nan%                0         -nan%
LOW_CONF_COUNT_BP_MIS_11                             0         -nan%                0         -nan%
LOW_CONF_COUNT_BP_MIS_12                             0         -nan%                0         -nan%
LOW_CONF_COUNT_BP_MIS_13                             0         -nan%                0         -nan%
LOW_CONF_COUNT_BP_MIS_14                             0         -nan%                0         -nan%
LOW_CONF_COUNT_BP_MIS_15                             0         -nan%                0         -nan%
LOW_CONF_COUNT_BP_MIS_16                             0         -nan%                0         -nan%
LOW_CONF_COUNT_BP_MIS_17                             0         -nan%                0         -nan%
LOW_CONF_COUNT_BP_MIS_18                             0         -nan%                0         -nan%
LOW_CONF_COUNT_BP_MIS_19                             0         -nan%                0         -nan%
LOW_CONF_COUNT_BP_MIS_20                             0         -nan%                0         -nan%
                                                     0         -nan%                0         -nan%
                                                  -nan         -nan              -nan         -nan

LOW_CONF_COUNT_RET_0                                 0         -nan%                0         -nan%
LOW_CONF_COUNT_RET_1                                 0         -nan%                0         -nan%
LOW_CONF_COUNT_RET_2                                 0         -nan%                0         -nan%
LOW_CONF_COUNT_RET_3                                 0         -nan%                0         -nan%
LOW_CONF_COUNT_RET_4                                 0         -nan%                0         -nan%
LOW_CONF_COUNT_RET_5                                 0         -nan%                0         -nan%
LOW_CONF_COUNT_RET_6                                 0         -nan%                0         -nan%
LOW_CONF_COUNT_RET_7                                 0         -nan%                0         -nan%
LOW_CONF_COUNT_RET_8                                 0         -nan%                0         -nan%
LOW_CONF_COUNT_RET_9                                 0         -nan%                0         -nan%
LOW_CONF_COUNT_RET_10                                0         -nan%                0         -nan%
LOW_CONF_COUNT_RET_11                                0         -nan%                0         -nan%
LOW_CONF_COUNT_RET_12                                0         -nan%                0         -nan%
LOW_CONF_COUNT_RET_13                                0         -nan%                0         -nan%
LOW_CONF_COUNT_RET_14                                0         -nan%                0         -nan%
LOW_CONF_COUNT_RET_15                                0         -nan%                0         -nan%
LOW_CONF_COUNT_RET_16                                0         -nan%                0         -nan%
LOW_CONF_COUNT_RET_17                                0         -nan%                0         -nan%
LOW_CONF_COUNT_RET_18                                0         -nan%                0         -nan%
LOW_CONF_COUNT_RET_19                                0         -nan%                0         -nan%
LOW_CONF_COUNT_RET_20                                0         -nan%                0         -nan%
                                                     0         -nan%                0         -nan%
                                                  -nan         -nan              -nan         -nan

CYCLES_RESTEER_MISPRED                               0         -nan%                0         -nan%
CYCLES_RESTEER_MISFETCH                              0         -nan%                0         -nan%
CYCLES_RESTEER_BTB_MISS                              0         -nan%                0         -nan%
                                                     0         -nan%                0         -nan%
                                                  -nan         -nan              -nan         -nan

CYCLES_RESTEER_MISPRED_SAVED_UC_FETCH                0         -nan%                0         -nan%
CYCLES_RESTEER_MISPRED_COULD_BE_SAVED_UC_FETCH             0         -nan%                0         -nan%
CYCLES_RESTEER_MISFETCH_SAVED_UC_FETCH               0         -nan%                0         -nan%
CYCLES_RESTEER_MISFETCH_COULD_BE_SAVED_UC_FETCH             0         -nan%                0         -nan%
CYCLES_RESTEER_BTB_MISS_SAVED_UC_FETCH               0         -nan%                0         -nan%
CYCLES_RESTEER_BTB_MISS_COULD_BE_SAVED_UC_FETCH             0         -nan%                0         -nan%
                                                     0         -nan%                0         -nan%
                                                  -nan         -nan              -nan         -nan

CYCLES_UOC_IC_SWITCH                                 0                              0              



