/* -*- Mode: c -*- */
####################################################################################################
Core 0
####################################################################################################
Cumulative:        Cycles: 9826215               Instructions: 19999999              IPC: 2.03537

Periodic:          Cycles: 4817459               Instructions: 9999999               IPC: 2.07578

MISS_WAIT_TIME                             18274239075                    24454990478              

ICACHE_STAGE_MISS                                 2561                           5394              

ICACHE_CYCLE                                   4817459                        9826215              

TCACHE_CYCLE                                         0                              0              

ICACHE_SERVING_CYCLE_ON_PATH                   1146080                        2372042              

ICACHE_SERVING_CYCLE_OFF_PATH                   863376                        1799253              

UCACHE_SERVING_CYCLE_ON_PATH                   1471151                        2914523              

UCACHE_SERVING_CYCLE_OFF_PATH                  1224299                        2498080              

ICACHE_CYCLE_ONPATH                            2650990       55.029%          5364896       54.598%
ICACHE_CYCLE_OFFPATH                           2166469       44.971%          4461319       45.402%
                                               4817459      100.000%          9826215      100.000%
                                                  0.45         0.48              0.45         0.48

FETCH_ON_PATH                                  2724772       56.560%          5516493       56.141%
FETCH_OFF_PATH                                 2092687       43.440%          4309722       43.859%
                                               4817459      100.000%          9826215      100.000%
                                                  0.43         0.47              0.44         0.47

FETCHED_OPS_ON_PATH                                  0         -nan%                0         -nan%
FETCHED_OPS_OFF_PATH                                 0         -nan%                0         -nan%
                                                     0         -nan%                0         -nan%
                                                  -nan         -nan              -nan         -nan

INST_LOST_FETCH                               12112062       47.624%         24244624       46.929%
INST_LOST_OFF_PATH                             8919603       35.071%         18289621       35.402%
INST_LOST_FULL_WINDOW                           148322        0.583%           297735        0.576%
INST_LOST_ROB_STALL_OTHER                       187713        0.738%           386650        0.748%
INST_LOST_ROB_STALL_WAIT_FOR_RECOVERY                0        0.000%                0        0.000%
INST_LOST_ROB_STALL_WAIT_FOR_REDIRECT                0        0.000%                0        0.000%
INST_LOST_ROB_STALL_WAIT_FOR_GAP_FILL                0        0.000%                0        0.000%
INST_LOST_ROB_STALL_WAIT_FOR_L1_MISS                 0        0.000%                0        0.000%
INST_LOST_ROB_STALL_WAIT_FOR_MEMORY                  0        0.000%               52        0.000%
INST_LOST_ROB_STALL_WAIT_FOR_DC_MISS            412722        1.623%          1037813        2.009%
INST_LOST_ROB_BLOCK_ISSUE_FULL                       0        0.000%                0        0.000%
INST_LOST_ROB_BLOCK_ISSUE_GAP_TOO_LARGE              0        0.000%                0        0.000%
INST_LOST_BREAK_DONT                                 0        0.000%                0        0.000%
INST_LOST_BREAK_FT_UNAVAILABLE                  434138        1.707%           892745        1.728%
INST_LOST_BREAK_ICACHE_STAGE_RESTEER             10061        0.040%            19682        0.038%
INST_LOST_BREAK_ICACHE_MISS_REQ_SUCCESS          10010        0.039%            21204        0.041%
INST_LOST_BREAK_ICACHE_MISS_REQ_FAILURE              0        0.000%              185        0.000%
INST_LOST_BREAK_ICACHE_WAIT_FOR_MISS            121436        0.477%           303715        0.588%
INST_LOST_BREAK_ICACHE_STALLED                   78945        0.310%           166589        0.322%
INST_LOST_BREAK_ICACHE_TO_UOP_CACHE_SWITCH        426853        1.678%           867331        1.679%
INST_LOST_BREAK_ICACHE_READ_LIMIT               360717        1.418%           743304        1.439%
INST_LOST_BREAK_ICACHE_ISSUE_WIDTH                   0        0.000%                0        0.000%
INST_LOST_BREAK_UOP_CACHE_STALLED               178323        0.701%           388441        0.752%
INST_LOST_BREAK_UOP_CACHE_TO_ICACHE_SWITCH        482414        1.897%           973968        1.885%
INST_LOST_BREAK_UOP_CACHE_READ_LIMIT           1549613        6.093%          3029158        5.863%
INST_LOST_BREAK_UOP_CACHE_ISSUE_WIDTH                0        0.000%                0        0.000%
                                              25432932      100.000%         51662817      100.000%
                                                  3.56         6.98              3.58         6.95

INST_LOST_TOTAL                               26790410                       54563979              

INST_LOST_WAIT_FOR_ICACHE_MISS_NOT_PREFETCHED             0        0.000%            12355        5.052%
INST_LOST_WAIT_FOR_ICACHE_MISS_PREFETCHED_AND_EVICTED_BY_IFETCH             0        0.000%                0        0.000%
INST_LOST_WAIT_FOR_ICACHE_MISS_PREFETCHED_AND_EVICTED_BY_FDIP             0        0.000%                0        0.000%
INST_LOST_WAIT_FOR_ICACHE_MISS_MSHR_HIT_PREF_OFFPATH           170        0.174%              560        0.229%
INST_LOST_WAIT_FOR_ICACHE_MISS_MSHR_HIT_PREF_ONPATH         97510       99.826%           231625       94.719%
                                                 97680      100.000%           244540      100.000%
                                                  4.00         4.00              3.80         3.70

FETCH_0_OPS                                     112505        2.335%           242185        2.465%
FETCH_1_OPS                                     143770        2.984%           290478        2.956%
FETCH_2_OPS                                     153615        3.189%           314431        3.200%
FETCH_3_OPS                                     465879        9.671%           920339        9.366%
FETCH_4_OPS                                     275105        5.711%           561004        5.709%
FETCH_5_OPS                                    1810667       37.586%          3753384       38.198%
FETCH_6_OPS                                    1855918       38.525%          3744394       38.106%
FETCH_7_OPS                                          0        0.000%                0        0.000%
FETCH_8_OPS                                          0        0.000%                0        0.000%
FETCH_9_OPS                                          0        0.000%                0        0.000%
FETCH_10_OPS                                         0        0.000%                0        0.000%
FETCH_11_OPS                                         0        0.000%                0        0.000%
FETCH_12_OPS                                         0        0.000%                0        0.000%
FETCH_13_OPS                                         0        0.000%                0        0.000%
FETCH_14_OPS                                         0        0.000%                0        0.000%
FETCH_15_OPS                                         0        0.000%                0        0.000%
FETCH_16_OPS                                         0        0.000%                0        0.000%
                                               4817459      100.000%          9826215      100.000%
                                                  4.80         1.26              4.80         1.26

ST_BREAK_DONT                                        0        0.000%                0        0.000%
ST_BREAK_FT_UNAVAILABLE                          86866        1.803%           178647        1.818%
ST_BREAK_ICACHE_STAGE_RESTEER                     3485        0.072%             6821        0.069%
ST_BREAK_ICACHE_MISS_REQ_SUCCESS                  2561        0.053%             5394        0.055%
ST_BREAK_ICACHE_MISS_REQ_FAILURE                     0        0.000%               37        0.000%
ST_BREAK_ICACHE_WAIT_FOR_MISS                    24288        0.504%            60747        0.618%
ST_BREAK_ICACHE_STALLED                         203547        4.225%           447833        4.558%
ST_BREAK_ICACHE_TO_UOP_CACHE_SWITCH             159427        3.309%           323806        3.295%
ST_BREAK_ICACHE_READ_LIMIT                      182065        3.779%           375530        3.822%
ST_BREAK_ICACHE_ISSUE_WIDTH                    1453392       30.169%          2997066       30.501%
ST_BREAK_UOP_CACHE_STALLED                      224257        4.655%           489781        4.984%
ST_BREAK_UOP_CACHE_TO_ICACHE_SWITCH             143552        2.980%           290745        2.959%
ST_BREAK_UOP_CACHE_READ_LIMIT                   636475       13.212%          1249100       12.712%
ST_BREAK_UOP_CACHE_ISSUE_WIDTH                 1697544       35.237%          3400708       34.609%
                                               4817459      100.000%          9826215      100.000%
                                                 10.51         6.74             10.46         6.67

ORACLE_ON_PATH_INST                           12112062       57.590%         24244624       57.000%
ORACLE_OFF_PATH_INST                           8919603       42.410%         18289621       43.000%
                                              21031665      100.000%         42534245      100.000%
                                                  0.42         0.47              0.43         0.47

ORACLE_ON_PATH_INST_MEM                        3699804       17.592%          7419471       17.444%
ORACLE_ON_PATH_INST_NOTMEM                     8412258       39.998%         16825153       39.557%
ORACLE_OFF_PATH_INST_MEM                       2601475       12.369%          5345856       12.568%
ORACLE_OFF_PATH_INST_NOTMEM                    6318128       30.041%         12943765       30.431%
                                              21031665      100.000%         42534245      100.000%
                                                  1.55         1.22              1.56         1.23

ICACHE_CYCLE_NONRA_ONPATH                            0         -nan%                0         -nan%
ICACHE_CYCLE_NONRA_OFFPATH                           0         -nan%                0         -nan%
ICACHE_CYCLE_RA_ONPATH                               0         -nan%                0         -nan%
ICACHE_CYCLE_RA_OFFPATH                              0         -nan%                0         -nan%
                                                     0         -nan%                0         -nan%
                                                  -nan         -nan              -nan         -nan

ICACHE_CYCLE_ONPATH_NONRA                            0         -nan%                0         -nan%
ICACHE_CYCLE_OFFPATH_NONRA                           0         -nan%                0         -nan%
                                                     0         -nan%                0         -nan%
                                                  -nan         -nan              -nan         -nan

ICACHE_CYCLE_ONPATH_RA                               0         -nan%                0         -nan%
ICACHE_CYCLE_OFFPATH_RA                              0         -nan%                0         -nan%
                                                     0         -nan%                0         -nan%
                                                  -nan         -nan              -nan         -nan

INACCURATE_OFFPATH_CYCLES                            0        0.0000                0        0.0000

FETCH_ALL_INST                                21031665                       42534245              

EXEC_ALL_INST                                 14334292                       28809510              

RET_ALL_INST                                  12112394                       24244624              

EXEC_ON_PATH_INST                             12112280       84.499%         24244624       84.155%
EXEC_OFF_PATH_INST                             2222012       15.501%          4564886       15.845%
                                              14334292      100.000%         28809510      100.000%
                                                  0.16         0.34              0.16         0.34

EXEC_ON_PATH_INST_MEM                          3699858       25.811%          7419471       25.754%
EXEC_ON_PATH_INST_NOTMEM                       8412422       58.687%         16825153       58.401%
EXEC_OFF_PATH_INST_MEM                          759940        5.302%          1561222        5.419%
EXEC_OFF_PATH_INST_NOTMEM                      1462072       10.200%          3003664       10.426%
                                              14334292      100.000%         28809510      100.000%
                                                  1.00         0.75              1.01         0.76

EXEC_RA_INST                                         0         -nan%                0         -nan%
EXEC_NONRA_INST                                      0         -nan%                0         -nan%
                                                     0         -nan%                0         -nan%
                                                  -nan         -nan              -nan         -nan

EXEC_ON_PATH_INST_RA                                 0         -nan%                0         -nan%
EXEC_OFF_PATH_INST_RA                                0         -nan%                0         -nan%
                                                     0         -nan%                0         -nan%
                                                  -nan         -nan              -nan         -nan

EXEC_ON_PATH_INST_NONRA                              0         -nan%                0         -nan%
EXEC_OFF_PATH_INST_NONRA                             0         -nan%                0         -nan%
                                                     0         -nan%                0         -nan%
                                                  -nan         -nan              -nan         -nan

EXEC_RA_ON_PATH_INST                                 0         -nan%                0         -nan%
EXEC_RA_OFF_PATH_INST                                0         -nan%                0         -nan%
EXEC_NONRA_ON_PATH_INST                              0         -nan%                0         -nan%
EXEC_NONRA_OFF_PATH_INST                             0         -nan%                0         -nan%
                                                     0         -nan%                0         -nan%
                                                  -nan         -nan              -nan         -nan

ICACHE_THROTTLE_CYCLE                                0                              0              

FETCH_ENABLE_THROTTLE_OFF_PATH                       0         -nan%                0         -nan%
FETCH_ENABLE_THROTTLE_ON_PATH                        0         -nan%                0         -nan%
                                                     0         -nan%                0         -nan%
                                                  -nan         -nan              -nan         -nan

FETCH_DISABLE_THROTTLE_OFF_PATH                      0         -nan%                0         -nan%
FETCH_DISABLE_THROTTLE_ON_PATH                       0         -nan%                0         -nan%
                                                     0         -nan%                0         -nan%
                                                  -nan         -nan              -nan         -nan

FETCH_TH_ADJUST__0                                   0         -nan%                0         -nan%
FETCH_TH_ADJUST__1                                   0         -nan%                0         -nan%
FETCH_TH_ADJUST__2                                   0         -nan%                0         -nan%
FETCH_TH_ADJUST__3                                   0         -nan%                0         -nan%
FETCH_TH_ADJUST__4                                   0         -nan%                0         -nan%
FETCH_TH_ADJUST__5                                   0         -nan%                0         -nan%
FETCH_TH_ADJUST__6                                   0         -nan%                0         -nan%
FETCH_TH_ADJUST__7                                   0         -nan%                0         -nan%
FETCH_TH_ADJUST__8                                   0         -nan%                0         -nan%
FETCH_TH_ADJUST__9                                   0         -nan%                0         -nan%
FETCH_TH_ADJUST__MAX                                 0         -nan%                0         -nan%
                                                     0         -nan%                0         -nan%
                                                  -nan         -nan              -nan         -nan

FETCH_TH_ADJUST_UP                                   0         -nan%                0         -nan%
FETCH_TH_ADJUST_DOWN                                 0         -nan%                0         -nan%
FETCH_TH_ADJUST_SAME                                 0         -nan%                0         -nan%
                                                     0         -nan%                0         -nan%
                                                  -nan         -nan              -nan         -nan

THROTTLE_ADJUST_CACHE_MISS_INFO                      0                              0              

LOW_CONF_COUNT_BP_MIS_0                              0         -nan%                0         -nan%
LOW_CONF_COUNT_BP_MIS_1                              0         -nan%                0         -nan%
LOW_CONF_COUNT_BP_MIS_2                              0         -nan%                0         -nan%
LOW_CONF_COUNT_BP_MIS_3                              0         -nan%                0         -nan%
LOW_CONF_COUNT_BP_MIS_4                              0         -nan%                0         -nan%
LOW_CONF_COUNT_BP_MIS_5                              0         -nan%                0         -nan%
LOW_CONF_COUNT_BP_MIS_6                              0         -nan%                0         -nan%
LOW_CONF_COUNT_BP_MIS_7                              0         -nan%                0         -nan%
LOW_CONF_COUNT_BP_MIS_8                              0         -nan%                0         -nan%
LOW_CONF_COUNT_BP_MIS_9                              0         -nan%                0         -nan%
LOW_CONF_COUNT_BP_MIS_10                             0         -nan%                0         -nan%
LOW_CONF_COUNT_BP_MIS_11                             0         -nan%                0         -nan%
LOW_CONF_COUNT_BP_MIS_12                             0         -nan%                0         -nan%
LOW_CONF_COUNT_BP_MIS_13                             0         -nan%                0         -nan%
LOW_CONF_COUNT_BP_MIS_14                             0         -nan%                0         -nan%
LOW_CONF_COUNT_BP_MIS_15                             0         -nan%                0         -nan%
LOW_CONF_COUNT_BP_MIS_16                             0         -nan%                0         -nan%
LOW_CONF_COUNT_BP_MIS_17                             0         -nan%                0         -nan%
LOW_CONF_COUNT_BP_MIS_18                             0         -nan%                0         -nan%
LOW_CONF_COUNT_BP_MIS_19                             0         -nan%                0         -nan%
LOW_CONF_COUNT_BP_MIS_20                             0         -nan%                0         -nan%
                                                     0         -nan%                0         -nan%
                                                  -nan         -nan              -nan         -nan

LOW_CONF_COUNT_RET_0                                 0         -nan%                0         -nan%
LOW_CONF_COUNT_RET_1                                 0         -nan%                0         -nan%
LOW_CONF_COUNT_RET_2                                 0         -nan%                0         -nan%
LOW_CONF_COUNT_RET_3                                 0         -nan%                0         -nan%
LOW_CONF_COUNT_RET_4                                 0         -nan%                0         -nan%
LOW_CONF_COUNT_RET_5                                 0         -nan%                0         -nan%
LOW_CONF_COUNT_RET_6                                 0         -nan%                0         -nan%
LOW_CONF_COUNT_RET_7                                 0         -nan%                0         -nan%
LOW_CONF_COUNT_RET_8                                 0         -nan%                0         -nan%
LOW_CONF_COUNT_RET_9                                 0         -nan%                0         -nan%
LOW_CONF_COUNT_RET_10                                0         -nan%                0         -nan%
LOW_CONF_COUNT_RET_11                                0         -nan%                0         -nan%
LOW_CONF_COUNT_RET_12                                0         -nan%                0         -nan%
LOW_CONF_COUNT_RET_13                                0         -nan%                0         -nan%
LOW_CONF_COUNT_RET_14                                0         -nan%                0         -nan%
LOW_CONF_COUNT_RET_15                                0         -nan%                0         -nan%
LOW_CONF_COUNT_RET_16                                0         -nan%                0         -nan%
LOW_CONF_COUNT_RET_17                                0         -nan%                0         -nan%
LOW_CONF_COUNT_RET_18                                0         -nan%                0         -nan%
LOW_CONF_COUNT_RET_19                                0         -nan%                0         -nan%
LOW_CONF_COUNT_RET_20                                0         -nan%                0         -nan%
                                                     0         -nan%                0         -nan%
                                                  -nan         -nan              -nan         -nan

CYCLES_RESTEER_MISPRED                               0         -nan%                0         -nan%
CYCLES_RESTEER_MISFETCH                              0         -nan%                0         -nan%
CYCLES_RESTEER_BTB_MISS                              0         -nan%                0         -nan%
                                                     0         -nan%                0         -nan%
                                                  -nan         -nan              -nan         -nan

CYCLES_RESTEER_MISPRED_SAVED_UC_FETCH                0         -nan%                0         -nan%
CYCLES_RESTEER_MISPRED_COULD_BE_SAVED_UC_FETCH             0         -nan%                0         -nan%
CYCLES_RESTEER_MISFETCH_SAVED_UC_FETCH               0         -nan%                0         -nan%
CYCLES_RESTEER_MISFETCH_COULD_BE_SAVED_UC_FETCH             0         -nan%                0         -nan%
CYCLES_RESTEER_BTB_MISS_SAVED_UC_FETCH               0         -nan%                0         -nan%
CYCLES_RESTEER_BTB_MISS_COULD_BE_SAVED_UC_FETCH             0         -nan%                0         -nan%
                                                     0         -nan%                0         -nan%
                                                  -nan         -nan              -nan         -nan

CYCLES_UOC_IC_SWITCH                                 0                              0              



