Scarab gitrev: 4a1223f
Warning: Scarab expects the trace file type to include OFFLINE_FILE_TYPE_ARCH_REGDEPS (0x20000), but got type: 0xe40
Scarab started at Wed May  6 16:52:34 2026

Initialized Ramulator. 
** Heartbeat:   5% -- { 1000000 } -- 0.00 KIPS (200.00 KIPS)
** Heartbeat:  10% -- { 2000000 } -- 200.00 KIPS (200.00 KIPS)
** Heartbeat:  15% -- { 3000000 } -- 200.00 KIPS (200.00 KIPS)
** Heartbeat:  20% -- { 4000000 } -- 200.00 KIPS (200.00 KIPS)
** Heartbeat:  25% -- { 5000000 } -- 166.67 KIPS (192.31 KIPS)
** Heartbeat:  30% -- { 6000000 } -- 200.00 KIPS (193.55 KIPS)
** Heartbeat:  35% -- { 7000000 } -- 166.67 KIPS (189.19 KIPS)
** Heartbeat:  40% -- { 8000000 } -- 200.00 KIPS (190.48 KIPS)
** Heartbeat:  45% -- { 9000000 } -- 166.67 KIPS (187.50 KIPS)
** Heartbeat:  50% -- { 10000000 } -- 166.67 KIPS (185.19 KIPS)
** Heartbeat:  55% -- { 11000000 } -- 200.00 KIPS (186.44 KIPS)
** Heartbeat:  60% -- { 12000000 } -- 166.67 KIPS (184.62 KIPS)
** Heartbeat:  65% -- { 13000000 } -- 200.00 KIPS (185.71 KIPS)
** Heartbeat:  70% -- { 14000000 } -- 166.67 KIPS (184.21 KIPS)
** Heartbeat:  75% -- { 15000000 } -- 200.00 KIPS (185.19 KIPS)
** Heartbeat:  80% -- { 16000000 } -- 166.67 KIPS (183.91 KIPS)
** Heartbeat:  85% -- { 17000000 } -- 200.00 KIPS (184.78 KIPS)
** Heartbeat:  90% -- { 18000000 } -- 166.67 KIPS (183.67 KIPS)
** Heartbeat:  95% -- { 19000000 } -- 200.00 KIPS (184.47 KIPS)
** Heartbeat: 100% -- { 20000000 } -- 166.67 KIPS (183.49 KIPS)
** Core 0 Finished:    insts:4031        cycles:20023315    time:6257285937500       -- 0.00 IPC (0.00 IPC) --  N/A  KIPS (183.49 KIPS)
Scarab finished at Wed May  6 16:54:23 2026

