               ramulator.active_cycles_0             5544726                                      # Total active cycles for level _0
                 ramulator.busy_cycles_0             5544726                                      # (All-bank refresh only. busy cycles only include refresh time in rank level) The sum of cycles that the DRAM part is active or under refresh for level _0
            ramulator.serving_requests_0            22612256                                      # The sum of read and write requests that are served in this DRAM element per memory cycle for level _0
    ramulator.average_serving_requests_0            3.691130                                      # The average of read and write requests that are served in this DRAM element per memory cycle for level _0
             ramulator.active_cycles_0_0             5544726                                      # Total active cycles for level _0_0
               ramulator.busy_cycles_0_0             5715246                                      # (All-bank refresh only. busy cycles only include refresh time in rank level) The sum of cycles that the DRAM part is active or under refresh for level _0_0
          ramulator.serving_requests_0_0            22612256                                      # The sum of read and write requests that are served in this DRAM element per memory cycle for level _0_0
  ramulator.average_serving_requests_0_0            3.691130                                      # The average of read and write requests that are served in this DRAM element per memory cycle for level _0_0
           ramulator.active_cycles_0_0_0             3358903                                      # Total active cycles for level _0_0_0
             ramulator.busy_cycles_0_0_0             3358903                                      # (All-bank refresh only. busy cycles only include refresh time in rank level) The sum of cycles that the DRAM part is active or under refresh for level _0_0_0
        ramulator.serving_requests_0_0_0             5538893                                      # The sum of read and write requests that are served in this DRAM element per memory cycle for level _0_0_0
ramulator.average_serving_requests_0_0_0            0.904146                                      # The average of read and write requests that are served in this DRAM element per memory cycle for level _0_0_0
         ramulator.active_cycles_0_0_0_0             1180465                                      # Total active cycles for level _0_0_0_0
           ramulator.busy_cycles_0_0_0_0             1180465                                      # (All-bank refresh only. busy cycles only include refresh time in rank level) The sum of cycles that the DRAM part is active or under refresh for level _0_0_0_0
      ramulator.serving_requests_0_0_0_0             1427649                                      # The sum of read and write requests that are served in this DRAM element per memory cycle for level _0_0_0_0
ramulator.average_serving_requests_0_0_0_0            0.233043                                      # The average of read and write requests that are served in this DRAM element per memory cycle for level _0_0_0_0
         ramulator.active_cycles_0_0_0_1             1091095                                      # Total active cycles for level _0_0_0_1
           ramulator.busy_cycles_0_0_0_1             1091095                                      # (All-bank refresh only. busy cycles only include refresh time in rank level) The sum of cycles that the DRAM part is active or under refresh for level _0_0_0_1
      ramulator.serving_requests_0_0_0_1             1336269                                      # The sum of read and write requests that are served in this DRAM element per memory cycle for level _0_0_0_1
ramulator.average_serving_requests_0_0_0_1            0.218127                                      # The average of read and write requests that are served in this DRAM element per memory cycle for level _0_0_0_1
         ramulator.active_cycles_0_0_0_2             1130641                                      # Total active cycles for level _0_0_0_2
           ramulator.busy_cycles_0_0_0_2             1130641                                      # (All-bank refresh only. busy cycles only include refresh time in rank level) The sum of cycles that the DRAM part is active or under refresh for level _0_0_0_2
      ramulator.serving_requests_0_0_0_2             1382397                                      # The sum of read and write requests that are served in this DRAM element per memory cycle for level _0_0_0_2
ramulator.average_serving_requests_0_0_0_2            0.225657                                      # The average of read and write requests that are served in this DRAM element per memory cycle for level _0_0_0_2
         ramulator.active_cycles_0_0_0_3             1134502                                      # Total active cycles for level _0_0_0_3
           ramulator.busy_cycles_0_0_0_3             1134502                                      # (All-bank refresh only. busy cycles only include refresh time in rank level) The sum of cycles that the DRAM part is active or under refresh for level _0_0_0_3
      ramulator.serving_requests_0_0_0_3             1392564                                      # The sum of read and write requests that are served in this DRAM element per memory cycle for level _0_0_0_3
ramulator.average_serving_requests_0_0_0_3            0.227316                                      # The average of read and write requests that are served in this DRAM element per memory cycle for level _0_0_0_3
           ramulator.active_cycles_0_0_1             3347677                                      # Total active cycles for level _0_0_1
             ramulator.busy_cycles_0_0_1             3347677                                      # (All-bank refresh only. busy cycles only include refresh time in rank level) The sum of cycles that the DRAM part is active or under refresh for level _0_0_1
        ramulator.serving_requests_0_0_1             5670484                                      # The sum of read and write requests that are served in this DRAM element per memory cycle for level _0_0_1
ramulator.average_serving_requests_0_0_1            0.925626                                      # The average of read and write requests that are served in this DRAM element per memory cycle for level _0_0_1
         ramulator.active_cycles_0_0_1_0             1167382                                      # Total active cycles for level _0_0_1_0
           ramulator.busy_cycles_0_0_1_0             1167382                                      # (All-bank refresh only. busy cycles only include refresh time in rank level) The sum of cycles that the DRAM part is active or under refresh for level _0_0_1_0
      ramulator.serving_requests_0_0_1_0             1424966                                      # The sum of read and write requests that are served in this DRAM element per memory cycle for level _0_0_1_0
ramulator.average_serving_requests_0_0_1_0            0.232605                                      # The average of read and write requests that are served in this DRAM element per memory cycle for level _0_0_1_0
         ramulator.active_cycles_0_0_1_1             1232886                                      # Total active cycles for level _0_0_1_1
           ramulator.busy_cycles_0_0_1_1             1232886                                      # (All-bank refresh only. busy cycles only include refresh time in rank level) The sum of cycles that the DRAM part is active or under refresh for level _0_0_1_1
      ramulator.serving_requests_0_0_1_1             1526306                                      # The sum of read and write requests that are served in this DRAM element per memory cycle for level _0_0_1_1
ramulator.average_serving_requests_0_0_1_1            0.249148                                      # The average of read and write requests that are served in this DRAM element per memory cycle for level _0_0_1_1
         ramulator.active_cycles_0_0_1_2             1091442                                      # Total active cycles for level _0_0_1_2
           ramulator.busy_cycles_0_0_1_2             1091442                                      # (All-bank refresh only. busy cycles only include refresh time in rank level) The sum of cycles that the DRAM part is active or under refresh for level _0_0_1_2
      ramulator.serving_requests_0_0_1_2             1333344                                      # The sum of read and write requests that are served in this DRAM element per memory cycle for level _0_0_1_2
ramulator.average_serving_requests_0_0_1_2            0.217649                                      # The average of read and write requests that are served in this DRAM element per memory cycle for level _0_0_1_2
         ramulator.active_cycles_0_0_1_3             1138746                                      # Total active cycles for level _0_0_1_3
           ramulator.busy_cycles_0_0_1_3             1138746                                      # (All-bank refresh only. busy cycles only include refresh time in rank level) The sum of cycles that the DRAM part is active or under refresh for level _0_0_1_3
      ramulator.serving_requests_0_0_1_3             1385868                                      # The sum of read and write requests that are served in this DRAM element per memory cycle for level _0_0_1_3
ramulator.average_serving_requests_0_0_1_3            0.226223                                      # The average of read and write requests that are served in this DRAM element per memory cycle for level _0_0_1_3
           ramulator.active_cycles_0_0_2             3393950                                      # Total active cycles for level _0_0_2
             ramulator.busy_cycles_0_0_2             3393950                                      # (All-bank refresh only. busy cycles only include refresh time in rank level) The sum of cycles that the DRAM part is active or under refresh for level _0_0_2
        ramulator.serving_requests_0_0_2             5675265                                      # The sum of read and write requests that are served in this DRAM element per memory cycle for level _0_0_2
ramulator.average_serving_requests_0_0_2            0.926406                                      # The average of read and write requests that are served in this DRAM element per memory cycle for level _0_0_2
         ramulator.active_cycles_0_0_2_0             1165659                                      # Total active cycles for level _0_0_2_0
           ramulator.busy_cycles_0_0_2_0             1165659                                      # (All-bank refresh only. busy cycles only include refresh time in rank level) The sum of cycles that the DRAM part is active or under refresh for level _0_0_2_0
      ramulator.serving_requests_0_0_2_0             1422282                                      # The sum of read and write requests that are served in this DRAM element per memory cycle for level _0_0_2_0
ramulator.average_serving_requests_0_0_2_0            0.232167                                      # The average of read and write requests that are served in this DRAM element per memory cycle for level _0_0_2_0
         ramulator.active_cycles_0_0_2_1             1134631                                      # Total active cycles for level _0_0_2_1
           ramulator.busy_cycles_0_0_2_1             1134631                                      # (All-bank refresh only. busy cycles only include refresh time in rank level) The sum of cycles that the DRAM part is active or under refresh for level _0_0_2_1
      ramulator.serving_requests_0_0_2_1             1375121                                      # The sum of read and write requests that are served in this DRAM element per memory cycle for level _0_0_2_1
ramulator.average_serving_requests_0_0_2_1            0.224469                                      # The average of read and write requests that are served in this DRAM element per memory cycle for level _0_0_2_1
         ramulator.active_cycles_0_0_2_2             1178205                                      # Total active cycles for level _0_0_2_2
           ramulator.busy_cycles_0_0_2_2             1178205                                      # (All-bank refresh only. busy cycles only include refresh time in rank level) The sum of cycles that the DRAM part is active or under refresh for level _0_0_2_2
      ramulator.serving_requests_0_0_2_2             1449383                                      # The sum of read and write requests that are served in this DRAM element per memory cycle for level _0_0_2_2
ramulator.average_serving_requests_0_0_2_2            0.236591                                      # The average of read and write requests that are served in this DRAM element per memory cycle for level _0_0_2_2
         ramulator.active_cycles_0_0_2_3             1174057                                      # Total active cycles for level _0_0_2_3
           ramulator.busy_cycles_0_0_2_3             1174057                                      # (All-bank refresh only. busy cycles only include refresh time in rank level) The sum of cycles that the DRAM part is active or under refresh for level _0_0_2_3
      ramulator.serving_requests_0_0_2_3             1428473                                      # The sum of read and write requests that are served in this DRAM element per memory cycle for level _0_0_2_3
ramulator.average_serving_requests_0_0_2_3            0.233178                                      # The average of read and write requests that are served in this DRAM element per memory cycle for level _0_0_2_3
           ramulator.active_cycles_0_0_3             3418439                                      # Total active cycles for level _0_0_3
             ramulator.busy_cycles_0_0_3             3418439                                      # (All-bank refresh only. busy cycles only include refresh time in rank level) The sum of cycles that the DRAM part is active or under refresh for level _0_0_3
        ramulator.serving_requests_0_0_3             5727594                                      # The sum of read and write requests that are served in this DRAM element per memory cycle for level _0_0_3
ramulator.average_serving_requests_0_0_3            0.934948                                      # The average of read and write requests that are served in this DRAM element per memory cycle for level _0_0_3
         ramulator.active_cycles_0_0_3_0             1142785                                      # Total active cycles for level _0_0_3_0
           ramulator.busy_cycles_0_0_3_0             1142785                                      # (All-bank refresh only. busy cycles only include refresh time in rank level) The sum of cycles that the DRAM part is active or under refresh for level _0_0_3_0
      ramulator.serving_requests_0_0_3_0             1395788                                      # The sum of read and write requests that are served in this DRAM element per memory cycle for level _0_0_3_0
ramulator.average_serving_requests_0_0_3_0            0.227843                                      # The average of read and write requests that are served in this DRAM element per memory cycle for level _0_0_3_0
         ramulator.active_cycles_0_0_3_1             1220316                                      # Total active cycles for level _0_0_3_1
           ramulator.busy_cycles_0_0_3_1             1220316                                      # (All-bank refresh only. busy cycles only include refresh time in rank level) The sum of cycles that the DRAM part is active or under refresh for level _0_0_3_1
      ramulator.serving_requests_0_0_3_1             1512080                                      # The sum of read and write requests that are served in this DRAM element per memory cycle for level _0_0_3_1
ramulator.average_serving_requests_0_0_3_1            0.246826                                      # The average of read and write requests that are served in this DRAM element per memory cycle for level _0_0_3_1
         ramulator.active_cycles_0_0_3_2             1126688                                      # Total active cycles for level _0_0_3_2
           ramulator.busy_cycles_0_0_3_2             1126688                                      # (All-bank refresh only. busy cycles only include refresh time in rank level) The sum of cycles that the DRAM part is active or under refresh for level _0_0_3_2
      ramulator.serving_requests_0_0_3_2             1381390                                      # The sum of read and write requests that are served in this DRAM element per memory cycle for level _0_0_3_2
ramulator.average_serving_requests_0_0_3_2            0.225492                                      # The average of read and write requests that are served in this DRAM element per memory cycle for level _0_0_3_2
         ramulator.active_cycles_0_0_3_3             1171028                                      # Total active cycles for level _0_0_3_3
           ramulator.busy_cycles_0_0_3_3             1171028                                      # (All-bank refresh only. busy cycles only include refresh time in rank level) The sum of cycles that the DRAM part is active or under refresh for level _0_0_3_3
      ramulator.serving_requests_0_0_3_3             1438322                                      # The sum of read and write requests that are served in this DRAM element per memory cycle for level _0_0_3_3
ramulator.average_serving_requests_0_0_3_3            0.234786                                      # The average of read and write requests that are served in this DRAM element per memory cycle for level _0_0_3_3
      ramulator.read_transaction_bytes_0            52155712                                      # The total byte of read transaction per channel
     ramulator.write_transaction_bytes_0             1267648                                      # The total byte of write transaction per channel
       ramulator.row_hits_channel_0_core              664269                                      # Number of row hits per channel per core
     ramulator.row_misses_channel_0_core               19570                                      # Number of row misses per channel per core
  ramulator.row_conflicts_channel_0_core              150901                                      # Number of row conflicts per channel per core
  ramulator.read_row_hits_channel_0_core              645725                                      # Number of row hits for read requests per channel per core
                                     [0]            645725.0                                      # 
ramulator.read_row_misses_channel_0_core               19248                                      # Number of row misses for read requests per channel per core
                                     [0]             19248.0                                      # 
ramulator.read_row_conflicts_channel_0_core              149960                                      # Number of row conflicts for read requests per channel per core
                                     [0]            149960.0                                      # 
 ramulator.write_row_hits_channel_0_core               18544                                      # Number of row hits for write requests per channel per core
                                     [0]             18544.0                                      # 
ramulator.write_row_misses_channel_0_core                 322                                      # Number of row misses for write requests per channel per core
                                     [0]               322.0                                      # 
ramulator.write_row_conflicts_channel_0_core                 941                                      # Number of row conflicts for write requests per channel per core
                                     [0]               941.0                                      # 
      ramulator.useless_activates_0_core                  32                                      # Number of useless activations. E.g, ACT -> PRE w/o RD or WR
            ramulator.read_latency_avg_0           91.893389                                      # The average memory latency cycles (in memory time domain) per request for all read requests in this channel
            ramulator.read_latency_sum_0            74887323                                      # The memory latency cycles (in memory time domain) sum for all read requests in this channel
        ramulator.req_queue_length_avg_0           25.935635                                      # Average of read and write queue length per memory cycle per channel.
        ramulator.req_queue_length_sum_0           158884478                                      # Sum of read and write queue length per memory cycle per channel.
   ramulator.read_req_queue_length_avg_0           11.749138                                      # Read queue length average per memory cycle per channel.
   ramulator.read_req_queue_length_sum_0            71976474                                      # Read queue length sum per memory cycle per channel.
  ramulator.write_req_queue_length_avg_0           14.186498                                      # Write queue length average per memory cycle per channel.
  ramulator.write_req_queue_length_sum_0            86908004                                      # Write queue length sum per memory cycle per channel.
              ramulator.record_read_hits                 0.0                                      # record read hit count for this core when it reaches request limit or to the end
                                     [0]                 0.0                                      # 
            ramulator.record_read_misses                 0.0                                      # record_read_miss count for this core when it reaches request limit or to the end
                                     [0]                 0.0                                      # 
         ramulator.record_read_conflicts                 0.0                                      # record read conflict count for this core when it reaches request limit or to the end
                                     [0]                 0.0                                      # 
             ramulator.record_write_hits                 0.0                                      # record write hit count for this core when it reaches request limit or to the end
                                     [0]                 0.0                                      # 
           ramulator.record_write_misses                 0.0                                      # record write miss count for this core when it reaches request limit or to the end
                                     [0]                 0.0                                      # 
        ramulator.record_write_conflicts                 0.0                                      # record write conflict for this core when it reaches request limit or to the end
                                     [0]                 0.0                                      # 
                 ramulator.dram_capacity          8589934592                                      # Number of bytes in simulated DRAM
                   ramulator.dram_cycles             6126107                                      # Number of DRAM cycles simulated
             ramulator.incoming_requests              834767                                      # Number of incoming requests to DRAM
                 ramulator.read_requests              814937                                      # Number of incoming read requests to DRAM per core
                                     [0]            814937.0                                      # 
                ramulator.write_requests               19830                                      # Number of incoming write requests to DRAM per core
                                     [0]             19830.0                                      # 
       ramulator.ramulator_active_cycles             5544726                                      # The total number of cycles that the DRAM part is active (serving R/W)
 ramulator.incoming_requests_per_channel            834767.0                                      # Number of incoming requests to each DRAM channel
                                     [0]            834767.0                                      # 
ramulator.incoming_read_reqs_per_channel            814937.0                                      # Number of incoming read requests to each DRAM channel
                                     [0]            814937.0                                      # 
     ramulator.physical_page_replacement                   0                                      # The number of times that physical page replacement happens.
             ramulator.maximum_bandwidth         19200000000                                      # The theoretical maximum bandwidth (Bps)
          ramulator.in_queue_req_num_sum           158884478                                      # Sum of read/write queue length
     ramulator.in_queue_read_req_num_sum            71976474                                      # Sum of read queue length
    ramulator.in_queue_write_req_num_sum            86908004                                      # Sum of write queue length
          ramulator.in_queue_req_num_avg           25.935635                                      # Average of read/write queue length per memory cycle
     ramulator.in_queue_read_req_num_avg           11.749138                                      # Average of read queue length per memory cycle
    ramulator.in_queue_write_req_num_avg           14.186498                                      # Average of write queue length per memory cycle
          ramulator.record_read_requests                 0.0                                      # record read requests for this core when it reaches request limit or to the end
                                     [0]                 0.0                                      # 
         ramulator.record_write_requests                 0.0                                      # record write requests for this core when it reaches request limit or to the end
                                     [0]                 0.0                                      # 
