Scarab gitrev: 4a1223f
Warning: Scarab expects the trace file type to include OFFLINE_FILE_TYPE_ARCH_REGDEPS (0x20000), but got type: 0xe40
Scarab started at Fri Apr 24 02:54:26 2026

Initialized Ramulator. 
** Heartbeat:   5% -- { 1000000 } -- 0.00 KIPS (333.33 KIPS)
** Heartbeat:  10% -- { 2000007 } -- 333.34 KIPS (333.33 KIPS)
** Heartbeat:  15% -- { 3000008 } -- 250.00 KIPS (300.00 KIPS)
** Heartbeat:  20% -- { 4000011 } -- 250.00 KIPS (285.72 KIPS)
** Heartbeat:  25% -- { 5000012 } -- 250.00 KIPS (277.78 KIPS)
** Heartbeat:  30% -- { 6000013 } -- 333.33 KIPS (285.71 KIPS)
** Heartbeat:  35% -- { 7000014 } -- 250.00 KIPS (280.00 KIPS)
** Heartbeat:  40% -- { 8000023 } -- 250.00 KIPS (275.86 KIPS)
** Heartbeat:  45% -- { 9000024 } -- 333.33 KIPS (281.25 KIPS)
** Heartbeat:  50% -- { 10000028 } -- 250.00 KIPS (277.78 KIPS)
** Heartbeat:  55% -- { 11000029 } -- 250.00 KIPS (275.00 KIPS)
** Heartbeat:  60% -- { 12000032 } -- 333.33 KIPS (279.07 KIPS)
** Heartbeat:  65% -- { 13000032 } -- 250.00 KIPS (276.60 KIPS)
** Heartbeat:  70% -- { 14000033 } -- 250.00 KIPS (274.51 KIPS)
** Heartbeat:  75% -- { 15000036 } -- 333.33 KIPS (277.78 KIPS)
** Heartbeat:  80% -- { 16000036 } -- 250.00 KIPS (275.86 KIPS)
** Heartbeat:  85% -- { 17000038 } -- 250.00 KIPS (274.19 KIPS)
** Heartbeat:  90% -- { 18000039 } -- 250.00 KIPS (272.73 KIPS)
** Heartbeat:  95% -- { 19000039 } -- 333.33 KIPS (275.36 KIPS)
Reached end of trace (last_inst) pc=0x7ffff3dbf7db
** Core 0 Finished:    insts:19999999    cycles:16130056    time:5040642500000       -- 1.24 IPC (1.24 IPC) --  N/A  KIPS (273.97 KIPS)
Scarab finished at Fri Apr 24 02:55:39 2026

