/* -*- Mode: c -*- */
####################################################################################################
Core 0
####################################################################################################
Cumulative:        Cycles: 6791088               Instructions: 19999999              IPC: 2.94504

Periodic:          Cycles: 3214589               Instructions: 9999999               IPC: 3.11082

CBR_CORRECT                                    1464757       63.292%          2936113       63.136%
CBR_CORRECT_BTB_MISS_NT_NT                      701197       30.299%          1409751       30.314%
CBR_RECOVER_MISPREDICT                          146969        6.351%           300955        6.472%
CBR_RECOVER_MISFETCH                                 0        0.000%                0        0.000%
CBR_RECOVER_BTB_MISS_T_T                             1        0.000%              227        0.005%
CBR_RECOVER_BTB_MISS_T_NT                         1353        0.058%             3057        0.066%
CBR_RECOVER_BTB_MISS_NT_T                            3        0.000%              363        0.008%
                                               2314280      100.000%          4650466      100.000%
                                                  0.43         0.52              0.44         0.52

BR_CORRECT                                      236158       99.998%           471070       99.950%
BR_RECOVER                                           4        0.002%              238        0.050%
                                                236162      100.000%           471308      100.000%
                                                  0.00         0.00              0.00         0.02

ICALL_CORRECT_IBTB                              157158       95.197%           314860       94.757%
ICALL_CORRECT_BTB                                 1580        0.957%             4388        1.321%
ICALL_RECOVER_IBTB_MISFETCH                       5118        3.100%             9994        3.008%
ICALL_RECOVER_BTB_MISFETCH                        1232        0.746%             3026        0.911%
ICALL_RECOVER_XBTB_MISS                              0        0.000%               14        0.004%
                                                165088      100.000%           332282      100.000%
                                                  0.09         0.43              0.10         0.44

IBR_CORRECT_IBTB                                  4378       92.991%             7460       89.923%
IBR_CORRECT_BTB                                     84        1.784%              318        3.833%
IBR_RECOVER_IBTB_MISFETCH                          214        4.545%              372        4.484%
IBR_RECOVER_BTB_MISFETCH                            32        0.680%              124        1.495%
IBR_RECOVER_XBTB_MISS                                0        0.000%               22        0.265%
                                                  4708      100.000%             8296      100.000%
                                                  0.13         0.48              0.18         0.58

ICO_CORRECT                                          0         -nan%                0         -nan%
ICO_RECOVER                                          0         -nan%                0         -nan%
                                                     0         -nan%                0         -nan%
                                                  -nan         -nan              -nan         -nan

RET_CORRECT                                     488975       98.897%           981388       98.872%
RET_RECOVER                                       5455        1.103%            11176        1.126%
RET_RECOVER_UFLOW                                    0        0.000%               22        0.002%
                                                494430      100.000%           992586      100.000%
                                                  0.01         0.10              0.01         0.11

CALL_CORRECT                                    329324       99.999%           660074       99.964%
CALL_RECOVER                                         2        0.001%              236        0.036%
                                                329326      100.000%           660310      100.000%
                                                  0.00         0.00              0.00         0.02

BTB_CORRECT                                    1173502       76.962%          2354377       76.907%
BTB_INCORRECT_BUT_TARGET_CORRECT                     0        0.000%                0        0.000%
BTB_INCORRECT                                   351280       23.038%           706954       23.093%
                                               1524782      100.000%          3061331      100.000%
                                                  0.46         0.77              0.46         0.77

IBTB_CORRECT                                     83434       98.276%           166343       97.683%
IBTB_INCORRECT                                    1464        1.724%             3946        2.317%
                                                 84898      100.000%           170289      100.000%
                                                  0.02         0.13              0.02         0.15

CBR_CORRECT_OFF_PATH                            504107       56.207%          1136840       55.914%
CBR_CORRECT_BTB_MISS_NT_NT_OFF_PATH             245764       27.402%           557877       27.438%
CBR_RECOVER_MISPREDICT_OFF_PATH                 145404       16.212%           333981       16.426%
CBR_RECOVER_MISFETCH_OFF_PATH                        0        0.000%                0        0.000%
CBR_RECOVER_BTB_MISS_T_T_OFF_PATH                    0        0.000%               42        0.002%
CBR_RECOVER_BTB_MISS_T_NT_OFF_PATH                1608        0.179%             4368        0.215%
CBR_RECOVER_BTB_MISS_NT_T_OFF_PATH                   0        0.000%               91        0.004%
                                                896883      100.000%          2033199      100.000%
                                                  0.61         0.63              0.61         0.63

BR_CORRECT_OFF_PATH                              89632       99.999%           205482       99.974%
BR_RECOVER_OFF_PATH                                  1        0.001%               54        0.026%
                                                 89633      100.000%           205536      100.000%
                                                  0.00         0.00              0.00         0.02

ICALL_CORRECT_IBTB_OFF_PATH                       5406       24.540%            15946       28.920%
ICALL_CORRECT_BTB_OFF_PATH                        8844       40.147%            23248       42.163%
ICALL_RECOVER_IBTB_MISFETCH_OFF_PATH              5577       25.317%            10769       19.531%
ICALL_RECOVER_BTB_MISFETCH_OFF_PATH               2202        9.996%             5165        9.367%
ICALL_RECOVER_XBTB_MISS_OFF_PATH                     0        0.000%               10        0.018%
                                                 22029      100.000%            55138      100.000%
                                                  1.21         0.71              1.09         0.71

IBR_CORRECT_IBTB_OFF_PATH                          268       25.379%              500       22.193%
IBR_CORRECT_BTB_OFF_PATH                           729       69.034%             1628       72.259%
IBR_RECOVER_IBTB_MISFETCH_OFF_PATH                   9        0.852%               18        0.799%
IBR_RECOVER_BTB_MISFETCH_OFF_PATH                   50        4.735%              105        4.660%
IBR_RECOVER_XBTB_MISS_OFF_PATH                       0        0.000%                2        0.089%
                                                  1056      100.000%             2253      100.000%
                                                  0.85         0.50              0.88         0.49

ICO_CORRECT_OFF_PATH                                 0         -nan%                0         -nan%
ICO_RECOVER_OFF_PATH                                 0         -nan%                0         -nan%
                                                     0         -nan%                0         -nan%
                                                  -nan         -nan              -nan         -nan

RET_CORRECT_OFF_PATH                             99319       83.901%           229288       84.368%
RET_RECOVER_OFF_PATH                             18852       15.925%            42095       15.489%
RET_RECOVER_UFLOW_OFF_PATH                         206        0.174%              389        0.143%
                                                118377      100.000%           271772      100.000%
                                                  0.16         0.34              0.16         0.34

CALL_CORRECT_OFF_PATH                           116566      100.000%           258840       99.978%
CALL_RECOVER_OFF_PATH                                0        0.000%               56        0.022%
                                                116566      100.000%           258896      100.000%
                                                  0.00         0.00              0.00         0.01

BTB_CORRECT_OFF_PATH                            878794       78.034%          1992522       77.985%
BTB_INCORRECT_BUT_TARGET_CORRECT_OFF_PATH             0        0.000%                0        0.000%
BTB_INCORRECT_OFF_PATH                          247373       21.966%           562500       22.015%
                                               1126167      100.000%          2555022      100.000%
                                                  0.44         0.76              0.44         0.76

IBTB_CORRECT_OFF_PATH                            11260       48.776%            27233       47.452%
IBTB_INCORRECT_OFF_PATH                          11825       51.224%            30158       52.548%
                                                 23085      100.000%            57391      100.000%
                                                  0.51         0.51              0.53         0.51

CRS_MISS_ON_PATH                                  5455        1.103%            11198        1.128%
CRS_HIT_ON_PATH                                 488975       98.897%           981388       98.872%
                                                494430      100.000%           992586      100.000%
                                                  0.99         0.98              0.99         0.98

CRS_MISS_OFF_PATH                                19058       16.099%            42484       15.632%
CRS_HIT_OFF_PATH                                 99319       83.901%           229288       84.368%
                                                118377      100.000%           271772      100.000%
                                                  0.84         0.78              0.84         0.79

CRS_CLOBBER                                          0                              0              

TARG_ON_PATH_MISS                                 4130        4.865%             9129        5.361%
TARG_ON_PATH_HIT                                 80768       95.135%           161160       94.639%
                                                 84898      100.000%           170289      100.000%
                                                  0.95         0.93              0.95         0.92

TARG_OFF_PATH_MISS                               17411       75.421%            40945       71.344%
TARG_OFF_PATH_HIT                                 5674       24.579%            16446       28.656%
                                                 23085      100.000%            57391      100.000%
                                                  0.25         0.39              0.29         0.41

TARG_ON_PATH_WRITE                               84904       98.453%           170289       97.416%
TARG_OFF_PATH_WRITE                               1334        1.547%             4517        2.584%
                                                 86238      100.000%           174806      100.000%
                                                  0.02         0.12              0.03         0.16

BTB_ON_PATH_WRITE                                57305       99.967%           115159       99.866%
BTB_OFF_PATH_WRITE                                  19        0.033%              155        0.134%
                                                 57324      100.000%           115314      100.000%
                                                  0.00         0.02              0.00         0.04

BTB_L0_HIT                                     1017276                        2055609              

BTB_L0_MISS                                     507506                        1005722              

BTB_L0_HIT_OFF_PATH                             780516                        1781693              

BTB_L0_MISS_OFF_PATH                            345651                         773329              

BTB_L1_HIT                                     1173498                        2354369              

BTB_L1_MISS                                     351284                         706962              

BTB_L1_HIT_OFF_PATH                             878791                        1992517              

BTB_L1_MISS_OFF_PATH                            247376                         562505              

BTB_MAIN_HIT                                   1173502                        2354377              

BTB_MAIN_MISS                                   351280                         706954              

BTB_MAIN_HIT_OFF_PATH                           878794                        1992522              

BTB_MAIN_MISS_OFF_PATH                          247373                         562500              

TARG_HYBRID_CORRECT_TAGLESS                          0         -nan%                0         -nan%
TARG_HYBRID_CORRECT_TAGGED                           0         -nan%                0         -nan%
TARG_HYBRID_MISPRED_TAGLESS                          0         -nan%                0         -nan%
TARG_HYBRID_MISPRED_TAGGED                           0         -nan%                0         -nan%
TARG_HYBRID_NO_PRED                                  0         -nan%                0         -nan%
                                                     0         -nan%                0         -nan%
                                                  -nan         -nan              -nan         -nan

BP_L0_EARLY_RECOVERIES                          147332       91.863%           296013       89.748%
BP_MAIN_EXEC_RECOVERIES                          13048        8.136%            33564       10.176%
BP_MAIN_DECODE_RECOVERIES                            3        0.002%              249        0.075%
                                                160383      100.000%           329826      100.000%
                                                  0.08         0.26              0.10         0.29

SCHEDULED_L0_EARLY_RECOVERIES                   138136       92.183%           272916       89.845%
SCHEDULED_MAIN_EXEC_RECOVERIES                   11711        7.815%            30598       10.073%
SCHEDULED_MAIN_DECODE_RECOVERIES                     3        0.002%              249        0.082%
                                                149850      100.000%           303763      100.000%
                                                  0.08         0.26              0.10         0.29

BTB_L1_HIT_SCHED_EARLY_RECOVERY                  12073                          22389              

BTB_MAIN_HIT_TIGHT_RECOVERY                          0                              0              

PERFORMED_RECOVERIES                            149850                         303763              

PERFORMED_RECOVERY_LAT                         1344973                        3091061              

SCHEDULED_MAIN_DECODE_LAT                           39                          15940              

SCHEDULED_MAIN_EXEC_LAT                         781038                        1944401              

SCHEDULED_L0_EARLY_LAT                               0                              0              

BP_L0_PREDICTIONS                              1771997       37.005%          3557624       35.784%
BP_MAIN_PREDICTIONS                            3016541       62.995%          6384418       64.216%
                                               4788538      100.000%          9942042      100.000%
                                                  0.63         0.58              0.64         0.59

BP_L0_MISPRED                                   141307       48.295%           283670       44.553%
BP_MAIN_MISPRED                                 151283       51.705%           353032       55.447%
                                                292590      100.000%           636702      100.000%
                                                  0.52         0.51              0.55         0.53

BP_L0_MISFETCH                                    6025       15.552%            12343       14.899%
BP_MAIN_MISFETCH                                 32716       84.448%            70501       85.101%
                                                 38741      100.000%            82844      100.000%
                                                  0.84         0.79              0.85         0.80

BTB_CORRECT_L0                                       0                              0              

BTB_CORRECT_MAIN                                     0                              0              

BTB_CORRECT_OFF_PATH_L0                              0                              0              

BTB_CORRECT_OFF_PATH_MAIN                            0                              0              

BTB_INCORRECT_L0                                     0                              0              

BTB_INCORRECT_MAIN                                   0                              0              

BTB_INCORRECT_OFF_PATH_L0                            0                              0              

BTB_INCORRECT_OFF_PATH_MAIN                          0                              0              

BTB_INCORRECT_BUT_TARGET_CORRECT_L0                  0                              0              

BTB_INCORRECT_BUT_TARGET_CORRECT_MAIN                0                              0              

BTB_INCORRECT_BUT_TARGET_CORRECT_OFF_PATH_L0             0                              0              

BTB_INCORRECT_BUT_TARGET_CORRECT_OFF_PATH_MAIN             0                              0              

IBTB_CORRECT_L0                                      0                              0              

IBTB_CORRECT_MAIN                                    0                              0              

IBTB_CORRECT_OFF_PATH_L0                             0                              0              

IBTB_CORRECT_OFF_PATH_MAIN                           0                              0              

IBTB_INCORRECT_L0                                    0                              0              

IBTB_INCORRECT_MAIN                                  0                              0              

IBTB_INCORRECT_OFF_PATH_L0                           0                              0              

IBTB_INCORRECT_OFF_PATH_MAIN                         0                              0              

BR_CORRECT_L0                                   118079                         235535              

BR_CORRECT_MAIN                                 118079                         235535              

BR_CORRECT_OFF_PATH_L0                               0                              0              

BR_CORRECT_OFF_PATH_MAIN                         89632                         205482              

BR_RECOVER_L0                                        2                            119              

BR_RECOVER_MAIN                                      2                            119              

BR_RECOVER_OFF_PATH_L0                               0                              0              

BR_RECOVER_OFF_PATH_MAIN                             1                             54              

CBR_RECOVER_MISPREDICT_L0                       141302                         283109              

CBR_RECOVER_MISPREDICT_MAIN                       5667                          17846              

CBR_RECOVER_MISPREDICT_OFF_PATH_L0                   0                              0              

CBR_RECOVER_MISPREDICT_OFF_PATH_MAIN            145404                         333981              

CBR_RECOVER_MISFETCH_L0                              0                              0              

CBR_RECOVER_MISFETCH_MAIN                            0                              0              

CBR_RECOVER_MISFETCH_OFF_PATH_L0                     0                              0              

CBR_RECOVER_MISFETCH_OFF_PATH_MAIN                   0                              0              

CBR_CORRECT_L0                                  664561                        1335425              

CBR_CORRECT_MAIN                                800196                        1600688              

CBR_CORRECT_OFF_PATH_L0                              0                              0              

CBR_CORRECT_OFF_PATH_MAIN                       504107                        1136840              

CBR_RECOVER_BTB_MISS_T_T_L0                          1                            215              

CBR_RECOVER_BTB_MISS_T_T_MAIN                        0                             12              

CBR_RECOVER_BTB_MISS_T_T_OFF_PATH_L0                 0                              0              

CBR_RECOVER_BTB_MISS_T_T_OFF_PATH_MAIN               0                             42              

CBR_RECOVER_BTB_MISS_T_NT_L0                      1337                           2966              

CBR_RECOVER_BTB_MISS_T_NT_MAIN                      16                             91              

CBR_RECOVER_BTB_MISS_T_NT_OFF_PATH_L0                0                              0              

CBR_RECOVER_BTB_MISS_T_NT_OFF_PATH_MAIN           1608                           4368              

CBR_RECOVER_BTB_MISS_NT_T_L0                         1                             80              

CBR_RECOVER_BTB_MISS_NT_T_MAIN                       2                            283              

CBR_RECOVER_BTB_MISS_NT_T_OFF_PATH_L0                0                              0              

CBR_RECOVER_BTB_MISS_NT_T_OFF_PATH_MAIN              0                             91              

CBR_CORRECT_BTB_MISS_NT_NT_L0                   349938                         703438              

CBR_CORRECT_BTB_MISS_NT_NT_MAIN                 351259                         706313              

CBR_CORRECT_BTB_MISS_NT_NT_OFF_PATH_L0               0                              0              

CBR_CORRECT_BTB_MISS_NT_NT_OFF_PATH_MAIN        245764                         557877              

CALL_CORRECT_L0                                 164662                         330037              

CALL_CORRECT_MAIN                               164662                         330037              

CALL_CORRECT_OFF_PATH_L0                             0                              0              

CALL_CORRECT_OFF_PATH_MAIN                      116566                         258840              

CALL_RECOVER_L0                                      1                            118              

CALL_RECOVER_MAIN                                    1                            118              

CALL_RECOVER_OFF_PATH_L0                             0                              0              

CALL_RECOVER_OFF_PATH_MAIN                           0                             56              

IBR_CORRECT_IBTB_L0                               2189                           3730              

IBR_CORRECT_IBTB_MAIN                             2189                           3730              

IBR_CORRECT_IBTB_OFF_PATH_L0                         0                              0              

IBR_CORRECT_IBTB_OFF_PATH_MAIN                     268                            500              

IBR_RECOVER_IBTB_MISFETCH_L0                       107                            186              

IBR_RECOVER_IBTB_MISFETCH_MAIN                     107                            186              

IBR_RECOVER_IBTB_MISFETCH_OFF_PATH_L0                0                              0              

IBR_RECOVER_IBTB_MISFETCH_OFF_PATH_MAIN              9                             18              

IBR_CORRECT_BTB_L0                                  42                            159              

IBR_CORRECT_BTB_MAIN                                42                            159              

IBR_CORRECT_BTB_OFF_PATH_L0                          0                              0              

IBR_CORRECT_BTB_OFF_PATH_MAIN                      729                           1628              

IBR_RECOVER_BTB_MISFETCH_L0                         16                             62              

IBR_RECOVER_BTB_MISFETCH_MAIN                       16                             62              

IBR_RECOVER_BTB_MISFETCH_OFF_PATH_L0                 0                              0              

IBR_RECOVER_BTB_MISFETCH_OFF_PATH_MAIN              50                            105              

IBR_RECOVER_XBTB_MISS_L0                             0                             11              

IBR_RECOVER_XBTB_MISS_MAIN                           0                             11              

IBR_RECOVER_XBTB_MISS_OFF_PATH_L0                    0                              0              

IBR_RECOVER_XBTB_MISS_OFF_PATH_MAIN                  0                              2              

ICALL_CORRECT_IBTB_L0                            78579                         157430              

ICALL_CORRECT_IBTB_MAIN                          78579                         157430              

ICALL_CORRECT_IBTB_OFF_PATH_L0                       0                              0              

ICALL_CORRECT_IBTB_OFF_PATH_MAIN                  5406                          15946              

ICALL_RECOVER_IBTB_MISFETCH_L0                    2559                           4997              

ICALL_RECOVER_IBTB_MISFETCH_MAIN                  2559                           4997              

ICALL_RECOVER_IBTB_MISFETCH_OFF_PATH_L0              0                              0              

ICALL_RECOVER_IBTB_MISFETCH_OFF_PATH_MAIN          5577                          10769              

ICALL_CORRECT_BTB_L0                               790                           2194              

ICALL_CORRECT_BTB_MAIN                             790                           2194              

ICALL_CORRECT_BTB_OFF_PATH_L0                        0                              0              

ICALL_CORRECT_BTB_OFF_PATH_MAIN                   8844                          23248              

ICALL_RECOVER_BTB_MISFETCH_L0                      616                           1513              

ICALL_RECOVER_BTB_MISFETCH_MAIN                    616                           1513              

ICALL_RECOVER_BTB_MISFETCH_OFF_PATH_L0               0                              0              

ICALL_RECOVER_BTB_MISFETCH_OFF_PATH_MAIN          2202                           5165              

ICALL_RECOVER_XBTB_MISS_L0                           0                              7              

ICALL_RECOVER_XBTB_MISS_MAIN                         0                              7              

ICALL_RECOVER_XBTB_MISS_OFF_PATH_L0                  0                              0              

ICALL_RECOVER_XBTB_MISS_OFF_PATH_MAIN                0                             10              

ICO_RECOVER_L0                                       0                              0              

ICO_RECOVER_MAIN                                     0                              0              

ICO_RECOVER_OFF_PATH_L0                              0                              0              

ICO_RECOVER_OFF_PATH_MAIN                            0                              0              

ICO_CORRECT_L0                                       0                              0              

ICO_CORRECT_MAIN                                     0                              0              

ICO_CORRECT_OFF_PATH_L0                              0                              0              

ICO_CORRECT_OFF_PATH_MAIN                            0                              0              

RET_RECOVER_UFLOW_L0                                 0                             11              

RET_RECOVER_UFLOW_MAIN                               0                             11              

RET_RECOVER_UFLOW_OFF_PATH_L0                        0                              0              

RET_RECOVER_UFLOW_OFF_PATH_MAIN                    206                            389              

RET_RECOVER_L0                                    2727                           5585              

RET_RECOVER_MAIN                                  2728                           5591              

RET_RECOVER_OFF_PATH_L0                              0                              0              

RET_RECOVER_OFF_PATH_MAIN                        18852                          42095              

RET_CORRECT_L0                                  244488                         490697              

RET_CORRECT_MAIN                                244487                         490691              

RET_CORRECT_OFF_PATH_L0                              0                              0              

RET_CORRECT_OFF_PATH_MAIN                        99319                         229288              

PRED_TO_UPDATE_CYCLES_0                              0         -nan%                0         -nan%
PRED_TO_UPDATE_CYCLES_1                              0         -nan%                0         -nan%
PRED_TO_UPDATE_CYCLES_2                              0         -nan%                0         -nan%
PRED_TO_UPDATE_CYCLES_3                              0         -nan%                0         -nan%
PRED_TO_UPDATE_CYCLES_4                              0         -nan%                0         -nan%
PRED_TO_UPDATE_CYCLES_5                              0         -nan%                0         -nan%
PRED_TO_UPDATE_CYCLES_6                              0         -nan%                0         -nan%
PRED_TO_UPDATE_CYCLES_7                              0         -nan%                0         -nan%
PRED_TO_UPDATE_CYCLES_8                              0         -nan%                0         -nan%
PRED_TO_UPDATE_CYCLES_9                              0         -nan%                0         -nan%
PRED_TO_UPDATE_CYCLES_10                             0         -nan%                0         -nan%
PRED_TO_UPDATE_CYCLES_11                             0         -nan%                0         -nan%
PRED_TO_UPDATE_CYCLES_12                             0         -nan%                0         -nan%
PRED_TO_UPDATE_CYCLES_13                             0         -nan%                0         -nan%
PRED_TO_UPDATE_CYCLES_14                             0         -nan%                0         -nan%
PRED_TO_UPDATE_CYCLES_15                             0         -nan%                0         -nan%
PRED_TO_UPDATE_CYCLES_16                             0         -nan%                0         -nan%
PRED_TO_UPDATE_CYCLES_17                             0         -nan%                0         -nan%
PRED_TO_UPDATE_CYCLES_18                             0         -nan%                0         -nan%
PRED_TO_UPDATE_CYCLES_19                             0         -nan%                0         -nan%
PRED_TO_UPDATE_CYCLES_20                             0         -nan%                0         -nan%
PRED_TO_UPDATE_CYCLES_21                             0         -nan%                0         -nan%
PRED_TO_UPDATE_CYCLES_22                             0         -nan%                0         -nan%
PRED_TO_UPDATE_CYCLES_23                             0         -nan%                0         -nan%
PRED_TO_UPDATE_CYCLES_24                             0         -nan%                0         -nan%
PRED_TO_UPDATE_CYCLES_25                             0         -nan%                0         -nan%
PRED_TO_UPDATE_CYCLES_26                             0         -nan%                0         -nan%
PRED_TO_UPDATE_CYCLES_27                             0         -nan%                0         -nan%
PRED_TO_UPDATE_CYCLES_28                             0         -nan%                0         -nan%
PRED_TO_UPDATE_CYCLES_29                             0         -nan%                0         -nan%
PRED_TO_UPDATE_CYCLES_30                             0         -nan%                0         -nan%
                                                     0         -nan%                0         -nan%
                                                  -nan         -nan              -nan         -nan

BP_ON_PATH_CONF_MISPRED                              0         -nan%                0         -nan%
BP_ON_PATH_CONF_CORRECT                              0         -nan%                0         -nan%
                                                     0         -nan%                0         -nan%
                                                  -nan         -nan              -nan         -nan

BP_OFF_PATH_CONF_MISPRED                             0         -nan%                0         -nan%
BP_OFF_PATH_CONF_CORRECT                             0         -nan%                0         -nan%
                                                     0         -nan%                0         -nan%
                                                  -nan         -nan              -nan         -nan

BP_ON_PATH_PRED_MIS_CONF_MISPRED                     0         -nan%                0         -nan%
BP_ON_PATH_PRED_MIS_CONF_CORRECT                     0         -nan%                0         -nan%
                                                     0         -nan%                0         -nan%
                                                  -nan         -nan              -nan         -nan

BP_ON_PATH_PRED_COR_CONF_MISPRED                     0         -nan%                0         -nan%
BP_ON_PATH_PRED_COR_CONF_CORRECT                     0         -nan%                0         -nan%
                                                     0         -nan%                0         -nan%
                                                  -nan         -nan              -nan         -nan

BP_OFF_PATH_PRED_MIS_CONF_MISPRED                    0         -nan%                0         -nan%
BP_OFF_PATH_PRED_MIS_CONF_CORRECT                    0         -nan%                0         -nan%
                                                     0         -nan%                0         -nan%
                                                  -nan         -nan              -nan         -nan

BP_OFF_PATH_PRED_COR_CONF_MISPRED                    0         -nan%                0         -nan%
BP_OFF_PATH_PRED_COR_CONF_CORRECT                    0         -nan%                0         -nan%
                                                     0         -nan%                0         -nan%
                                                  -nan         -nan              -nan         -nan

ONPATH_CONF_MISPRED                                  0         -nan%                0         -nan%
ONPATH_CONF_CORRECT                                  0         -nan%                0         -nan%
                                                     0         -nan%                0         -nan%
                                                  -nan         -nan              -nan         -nan

ONPATH_ON_PATH_CONF_MISPRED                          0         -nan%                0         -nan%
ONPATH_ON_PATH_CONF_CORRECT                          0         -nan%                0         -nan%
                                                     0         -nan%                0         -nan%
                                                  -nan         -nan              -nan         -nan

ONPATH_OFF_PATH_CONF_MISPRED                         0         -nan%                0         -nan%
ONPATH_OFF_PATH_CONF_CORRECT                         0         -nan%                0         -nan%
                                                     0         -nan%                0         -nan%
                                                  -nan         -nan              -nan         -nan

PRED_ONPATH_CONF_MISPRED                             0         -nan%                0         -nan%
PRED_ONPATH_CONF_CORRECT                             0         -nan%                0         -nan%
                                                     0         -nan%                0         -nan%
                                                  -nan         -nan              -nan         -nan

PRED_OFFPATH_CONF_MISPRED                            0         -nan%                0         -nan%
PRED_OFFPATH_CONF_CORRECT                            0         -nan%                0         -nan%
                                                     0         -nan%                0         -nan%
                                                  -nan         -nan              -nan         -nan

LONG_OVWT_MIS                                        0         -nan%                0         -nan%
LONG_OVWT_COR                                        0         -nan%                0         -nan%
                                                     0         -nan%                0         -nan%
                                                  -nan         -nan              -nan         -nan

OPC_LENGTH_0_7_MIS                                   0         -nan%                0         -nan%
OPC_LENGTH_0_7_COR                                   0         -nan%                0         -nan%
                                                     0         -nan%                0         -nan%
                                                  -nan         -nan              -nan         -nan

OPC_LENGTH_8_15_MIS                                  0         -nan%                0         -nan%
OPC_LENGTH_8_15_COR                                  0         -nan%                0         -nan%
                                                     0         -nan%                0         -nan%
                                                  -nan         -nan              -nan         -nan

OPC_LENGTH_16_23_MIS                                 0         -nan%                0         -nan%
OPC_LENGTH_16_23_COR                                 0         -nan%                0         -nan%
                                                     0         -nan%                0         -nan%
                                                  -nan         -nan              -nan         -nan

OPC_LENGTH_24_31_MIS                                 0         -nan%                0         -nan%
OPC_LENGTH_24_31_COR                                 0         -nan%                0         -nan%
                                                     0         -nan%                0         -nan%
                                                  -nan         -nan              -nan         -nan

OPC_LENGTH_32_39_MIS                                 0         -nan%                0         -nan%
OPC_LENGTH_32_39_COR                                 0         -nan%                0         -nan%
                                                     0         -nan%                0         -nan%
                                                  -nan         -nan              -nan         -nan

OPC_LENGTH_40_47_MIS                                 0         -nan%                0         -nan%
OPC_LENGTH_40_47_COR                                 0         -nan%                0         -nan%
                                                     0         -nan%                0         -nan%
                                                  -nan         -nan              -nan         -nan

OPC_LENGTH_48_55_MIS                                 0         -nan%                0         -nan%
OPC_LENGTH_48_55_COR                                 0         -nan%                0         -nan%
                                                     0         -nan%                0         -nan%
                                                  -nan         -nan              -nan         -nan

OPC_LENGTH_56_63_MIS                                 0         -nan%                0         -nan%
OPC_LENGTH_56_63_COR                                 0         -nan%                0         -nan%
                                                     0         -nan%                0         -nan%
                                                  -nan         -nan              -nan         -nan

OPC_LENGTH_64_71_MIS                                 0         -nan%                0         -nan%
OPC_LENGTH_64_71_COR                                 0         -nan%                0         -nan%
                                                     0         -nan%                0         -nan%
                                                  -nan         -nan              -nan         -nan

OPC_LENGTH_72_79_MIS                                 0         -nan%                0         -nan%
OPC_LENGTH_72_79_COR                                 0         -nan%                0         -nan%
                                                     0         -nan%                0         -nan%
                                                  -nan         -nan              -nan         -nan

OPC_LENGTH_80_MIS                                    0         -nan%                0         -nan%
OPC_LENGTH_80_COR                                    0         -nan%                0         -nan%
                                                     0         -nan%                0         -nan%
                                                  -nan         -nan              -nan         -nan

ALL_ONES_MIS                                         0         -nan%                0         -nan%
ALL_ONES_COR                                         0         -nan%                0         -nan%
                                                     0         -nan%                0         -nan%
                                                  -nan         -nan              -nan         -nan

FIRST_ONE_MIS                                        0         -nan%                0         -nan%
FIRST_ONE_COR                                        0         -nan%                0         -nan%
                                                     0         -nan%                0         -nan%
                                                  -nan         -nan              -nan         -nan

ZEROS_0_1_MIS                                        0         -nan%                0         -nan%
ZEROS_0_1_COR                                        0         -nan%                0         -nan%
                                                     0         -nan%                0         -nan%
                                                  -nan         -nan              -nan         -nan

ZEROS_2_3_MIS                                        0         -nan%                0         -nan%
ZEROS_2_3_COR                                        0         -nan%                0         -nan%
                                                     0         -nan%                0         -nan%
                                                  -nan         -nan              -nan         -nan

ZEROS_4_5_MIS                                        0         -nan%                0         -nan%
ZEROS_4_5_COR                                        0         -nan%                0         -nan%
                                                     0         -nan%                0         -nan%
                                                  -nan         -nan              -nan         -nan

ZEROS_6_7_MIS                                        0         -nan%                0         -nan%
ZEROS_6_7_COR                                        0         -nan%                0         -nan%
                                                     0         -nan%                0         -nan%
                                                  -nan         -nan              -nan         -nan

ZEROS_8_9_MIS                                        0         -nan%                0         -nan%
ZEROS_8_9_COR                                        0         -nan%                0         -nan%
                                                     0         -nan%                0         -nan%
                                                  -nan         -nan              -nan         -nan

ZEROS_10_11_MIS                                      0         -nan%                0         -nan%
ZEROS_10_11_COR                                      0         -nan%                0         -nan%
                                                     0         -nan%                0         -nan%
                                                  -nan         -nan              -nan         -nan

ZEROS_12_13_MIS                                      0         -nan%                0         -nan%
ZEROS_12_13_COR                                      0         -nan%                0         -nan%
                                                     0         -nan%                0         -nan%
                                                  -nan         -nan              -nan         -nan

ZEROS_14_15_MIS                                      0         -nan%                0         -nan%
ZEROS_14_15_COR                                      0         -nan%                0         -nan%
                                                     0         -nan%                0         -nan%
                                                  -nan         -nan              -nan         -nan

ZEROS_16_MIS                                         0         -nan%                0         -nan%
ZEROS_16_COR                                         0         -nan%                0         -nan%
                                                     0         -nan%                0         -nan%
                                                  -nan         -nan              -nan         -nan

GS2BC_GSHARE                                         0         -nan%                0         -nan%
GS2BC_2BC                                            0         -nan%                0         -nan%
                                                     0         -nan%                0         -nan%
                                                  -nan         -nan              -nan         -nan

GSKEW2BC_VOTE                                        0         -nan%                0         -nan%
GSKEW2BC_2BC                                         0         -nan%                0         -nan%
                                                     0         -nan%                0         -nan%
                                                  -nan         -nan              -nan         -nan

FUTGSHARE_INIT_ON_PATH_CORRECT                       0         -nan%                0         -nan%
FUTGSHARE_INIT_ON_PATH_MISPREDICT                    0         -nan%                0         -nan%
                                                     0         -nan%                0         -nan%
                                                  -nan         -nan              -nan         -nan

FUTGSHARE_INIT_OFF_PATH_CORRECT                      0         -nan%                0         -nan%
FUTGSHARE_INIT_OFF_PATH_MISPREDICT                   0         -nan%                0         -nan%
                                                     0         -nan%                0         -nan%
                                                  -nan         -nan              -nan         -nan

FUTGSHARE_CHANGED_CORRECTED_ON_PATH                  0         -nan%                0         -nan%
FUTGSHARE_CHANGED_SCREWED_ON_PATH                    0         -nan%                0         -nan%
                                                     0         -nan%                0         -nan%
                                                  -nan         -nan              -nan         -nan

FUTGSHARE_CHANGED_CORRECTED_OFF_PATH                 0         -nan%                0         -nan%
FUTGSHARE_CHANGED_SCREWED_OFF_PATH                   0         -nan%                0         -nan%
                                                     0         -nan%                0         -nan%
                                                  -nan         -nan              -nan         -nan

FUTGSHARE_ORIG_CORRECT_FUT_CORRECT_ON_PATH             0         -nan%                0         -nan%
FUTGSHARE_ORIG_MISPRED_FUT_CORRECT_ON_PATH             0         -nan%                0         -nan%
FUTGSHARE_ORIG_CORRECT_FUT_MISPRED_ON_PATH             0         -nan%                0         -nan%
FUTGSHARE_ORIG_MISPRED_FUT_MISPRED_ON_PATH             0         -nan%                0         -nan%
                                                     0         -nan%                0         -nan%
                                                  -nan         -nan              -nan         -nan

FUTGSHARE_ORIG_CORRECT_FUT_CORRECT_OFF_PATH             0         -nan%                0         -nan%
FUTGSHARE_ORIG_MISPRED_FUT_CORRECT_OFF_PATH             0         -nan%                0         -nan%
FUTGSHARE_ORIG_CORRECT_FUT_MISPRED_OFF_PATH             0         -nan%                0         -nan%
FUTGSHARE_ORIG_MISPRED_FUT_MISPRED_OFF_PATH             0         -nan%                0         -nan%
                                                     0         -nan%                0         -nan%
                                                  -nan         -nan              -nan         -nan

FUTGSHARE_ON_PATH_CORRECT_0                          0         -nan%                0         -nan%
FUTGSHARE_ON_PATH_MISPREDICT_0                       0         -nan%                0         -nan%
                                                     0         -nan%                0         -nan%
                                                  -nan         -nan              -nan         -nan

FUTGSHARE_OFF_PATH_CORRECT_0                         0         -nan%                0         -nan%
FUTGSHARE_OFF_PATH_MISPREDICT_0                      0         -nan%                0         -nan%
                                                     0         -nan%                0         -nan%
                                                  -nan         -nan              -nan         -nan

FUTGSHARE_ON_PATH_CORRECT_1                          0         -nan%                0         -nan%
FUTGSHARE_ON_PATH_MISPREDICT_1                       0         -nan%                0         -nan%
                                                     0         -nan%                0         -nan%
                                                  -nan         -nan              -nan         -nan

FUTGSHARE_OFF_PATH_CORRECT_1                         0         -nan%                0         -nan%
FUTGSHARE_OFF_PATH_MISPREDICT_1                      0         -nan%                0         -nan%
                                                     0         -nan%                0         -nan%
                                                  -nan         -nan              -nan         -nan

FUTGSHARE_ON_PATH_CORRECT_2                          0         -nan%                0         -nan%
FUTGSHARE_ON_PATH_MISPREDICT_2                       0         -nan%                0         -nan%
                                                     0         -nan%                0         -nan%
                                                  -nan         -nan              -nan         -nan

FUTGSHARE_OFF_PATH_CORRECT_2                         0         -nan%                0         -nan%
FUTGSHARE_OFF_PATH_MISPREDICT_2                      0         -nan%                0         -nan%
                                                     0         -nan%                0         -nan%
                                                  -nan         -nan              -nan         -nan

FUTGSHARE_ON_PATH_CORRECT_3                          0         -nan%                0         -nan%
FUTGSHARE_ON_PATH_MISPREDICT_3                       0         -nan%                0         -nan%
                                                     0         -nan%                0         -nan%
                                                  -nan         -nan              -nan         -nan

FUTGSHARE_OFF_PATH_CORRECT_3                         0         -nan%                0         -nan%
FUTGSHARE_OFF_PATH_MISPREDICT_3                      0         -nan%                0         -nan%
                                                     0         -nan%                0         -nan%
                                                  -nan         -nan              -nan         -nan

FUTGSHARE_ON_PATH_CORRECT_4                          0         -nan%                0         -nan%
FUTGSHARE_ON_PATH_MISPREDICT_4                       0         -nan%                0         -nan%
                                                     0         -nan%                0         -nan%
                                                  -nan         -nan              -nan         -nan

FUTGSHARE_OFF_PATH_CORRECT_4                         0         -nan%                0         -nan%
FUTGSHARE_OFF_PATH_MISPREDICT_4                      0         -nan%                0         -nan%
                                                     0         -nan%                0         -nan%
                                                  -nan         -nan              -nan         -nan

FUTGSHARE_ON_PATH_CORRECT_5                          0         -nan%                0         -nan%
FUTGSHARE_ON_PATH_MISPREDICT_5                       0         -nan%                0         -nan%
                                                     0         -nan%                0         -nan%
                                                  -nan         -nan              -nan         -nan

FUTGSHARE_OFF_PATH_CORRECT_5                         0         -nan%                0         -nan%
FUTGSHARE_OFF_PATH_MISPREDICT_5                      0         -nan%                0         -nan%
                                                     0         -nan%                0         -nan%
                                                  -nan         -nan              -nan         -nan

FUTGSHARE_ON_PATH_CORRECT_6                          0         -nan%                0         -nan%
FUTGSHARE_ON_PATH_MISPREDICT_6                       0         -nan%                0         -nan%
                                                     0         -nan%                0         -nan%
                                                  -nan         -nan              -nan         -nan

FUTGSHARE_OFF_PATH_CORRECT_6                         0         -nan%                0         -nan%
FUTGSHARE_OFF_PATH_MISPREDICT_6                      0         -nan%                0         -nan%
                                                     0         -nan%                0         -nan%
                                                  -nan         -nan              -nan         -nan

FUTGSHARE_ON_PATH_CORRECT_7                          0         -nan%                0         -nan%
FUTGSHARE_ON_PATH_MISPREDICT_7                       0         -nan%                0         -nan%
                                                     0         -nan%                0         -nan%
                                                  -nan         -nan              -nan         -nan

FUTGSHARE_OFF_PATH_CORRECT_7                         0         -nan%                0         -nan%
FUTGSHARE_OFF_PATH_MISPREDICT_7                      0         -nan%                0         -nan%
                                                     0         -nan%                0         -nan%
                                                  -nan         -nan              -nan         -nan

FUTGSHARE_ON_PATH_CORRECT_8                          0         -nan%                0         -nan%
FUTGSHARE_ON_PATH_MISPREDICT_8                       0         -nan%                0         -nan%
                                                     0         -nan%                0         -nan%
                                                  -nan         -nan              -nan         -nan

FUTGSHARE_OFF_PATH_CORRECT_8                         0         -nan%                0         -nan%
FUTGSHARE_OFF_PATH_MISPREDICT_8                      0         -nan%                0         -nan%
                                                     0         -nan%                0         -nan%
                                                  -nan         -nan              -nan         -nan

FUTGSHARE_ON_PATH_CORRECT_9                          0         -nan%                0         -nan%
FUTGSHARE_ON_PATH_MISPREDICT_9                       0         -nan%                0         -nan%
                                                     0         -nan%                0         -nan%
                                                  -nan         -nan              -nan         -nan

FUTGSHARE_OFF_PATH_CORRECT_9                         0         -nan%                0         -nan%
FUTGSHARE_OFF_PATH_MISPREDICT_9                      0         -nan%                0         -nan%
                                                     0         -nan%                0         -nan%
                                                  -nan         -nan              -nan         -nan

FUTGSHARE_ON_PATH_CORRECT_10                         0         -nan%                0         -nan%
FUTGSHARE_ON_PATH_MISPREDICT_10                      0         -nan%                0         -nan%
                                                     0         -nan%                0         -nan%
                                                  -nan         -nan              -nan         -nan

FUTGSHARE_OFF_PATH_CORRECT_10                        0         -nan%                0         -nan%
FUTGSHARE_OFF_PATH_MISPREDICT_10                     0         -nan%                0         -nan%
                                                     0         -nan%                0         -nan%
                                                  -nan         -nan              -nan         -nan

FUTGSHARE_ON_PATH_CORRECT_11                         0         -nan%                0         -nan%
FUTGSHARE_ON_PATH_MISPREDICT_11                      0         -nan%                0         -nan%
                                                     0         -nan%                0         -nan%
                                                  -nan         -nan              -nan         -nan

FUTGSHARE_OFF_PATH_CORRECT_11                        0         -nan%                0         -nan%
FUTGSHARE_OFF_PATH_MISPREDICT_11                     0         -nan%                0         -nan%
                                                     0         -nan%                0         -nan%
                                                  -nan         -nan              -nan         -nan

FUTGSHARE_ON_PATH_CORRECT_12                         0         -nan%                0         -nan%
FUTGSHARE_ON_PATH_MISPREDICT_12                      0         -nan%                0         -nan%
                                                     0         -nan%                0         -nan%
                                                  -nan         -nan              -nan         -nan

FUTGSHARE_OFF_PATH_CORRECT_12                        0         -nan%                0         -nan%
FUTGSHARE_OFF_PATH_MISPREDICT_12                     0         -nan%                0         -nan%
                                                     0         -nan%                0         -nan%
                                                  -nan         -nan              -nan         -nan

FUTGSHARE_ON_PATH_CORRECT_13                         0         -nan%                0         -nan%
FUTGSHARE_ON_PATH_MISPREDICT_13                      0         -nan%                0         -nan%
                                                     0         -nan%                0         -nan%
                                                  -nan         -nan              -nan         -nan

FUTGSHARE_OFF_PATH_CORRECT_13                        0         -nan%                0         -nan%
FUTGSHARE_OFF_PATH_MISPREDICT_13                     0         -nan%                0         -nan%
                                                     0         -nan%                0         -nan%
                                                  -nan         -nan              -nan         -nan

FUTGSHARE_ON_PATH_CORRECT_14                         0         -nan%                0         -nan%
FUTGSHARE_ON_PATH_MISPREDICT_14                      0         -nan%                0         -nan%
                                                     0         -nan%                0         -nan%
                                                  -nan         -nan              -nan         -nan

FUTGSHARE_OFF_PATH_CORRECT_14                        0         -nan%                0         -nan%
FUTGSHARE_OFF_PATH_MISPREDICT_14                     0         -nan%                0         -nan%
                                                     0         -nan%                0         -nan%
                                                  -nan         -nan              -nan         -nan

FUTGSHARE_ON_PATH_CORRECT_15                         0         -nan%                0         -nan%
FUTGSHARE_ON_PATH_MISPREDICT_15                      0         -nan%                0         -nan%
                                                     0         -nan%                0         -nan%
                                                  -nan         -nan              -nan         -nan

FUTGSHARE_OFF_PATH_CORRECT_15                        0         -nan%                0         -nan%
FUTGSHARE_OFF_PATH_MISPREDICT_15                     0         -nan%                0         -nan%
                                                     0         -nan%                0         -nan%
                                                  -nan         -nan              -nan         -nan

FUTGSHARE_CHANGED_CORRECTED_ON_PATH_0                0         -nan%                0         -nan%
FUTGSHARE_CHANGED_SCREWED_ON_PATH_0                  0         -nan%                0         -nan%
                                                     0         -nan%                0         -nan%
                                                  -nan         -nan              -nan         -nan

FUTGSHARE_CHANGED_CORRECTED_OFF_PATH_0               0         -nan%                0         -nan%
FUTGSHARE_CHANGED_SCREWED_OFF_PATH_0                 0         -nan%                0         -nan%
                                                     0         -nan%                0         -nan%
                                                  -nan         -nan              -nan         -nan

FUTGSHARE_CHANGED_CORRECTED_ON_PATH_1                0         -nan%                0         -nan%
FUTGSHARE_CHANGED_SCREWED_ON_PATH_1                  0         -nan%                0         -nan%
                                                     0         -nan%                0         -nan%
                                                  -nan         -nan              -nan         -nan

FUTGSHARE_CHANGED_CORRECTED_OFF_PATH_1               0         -nan%                0         -nan%
FUTGSHARE_CHANGED_SCREWED_OFF_PATH_1                 0         -nan%                0         -nan%
                                                     0         -nan%                0         -nan%
                                                  -nan         -nan              -nan         -nan

FUTGSHARE_CHANGED_CORRECTED_ON_PATH_2                0         -nan%                0         -nan%
FUTGSHARE_CHANGED_SCREWED_ON_PATH_2                  0         -nan%                0         -nan%
                                                     0         -nan%                0         -nan%
                                                  -nan         -nan              -nan         -nan

FUTGSHARE_CHANGED_CORRECTED_OFF_PATH_2               0         -nan%                0         -nan%
FUTGSHARE_CHANGED_SCREWED_OFF_PATH_2                 0         -nan%                0         -nan%
                                                     0         -nan%                0         -nan%
                                                  -nan         -nan              -nan         -nan

FUTGSHARE_CHANGED_CORRECTED_ON_PATH_3                0         -nan%                0         -nan%
FUTGSHARE_CHANGED_SCREWED_ON_PATH_3                  0         -nan%                0         -nan%
                                                     0         -nan%                0         -nan%
                                                  -nan         -nan              -nan         -nan

FUTGSHARE_CHANGED_CORRECTED_OFF_PATH_3               0         -nan%                0         -nan%
FUTGSHARE_CHANGED_SCREWED_OFF_PATH_3                 0         -nan%                0         -nan%
                                                     0         -nan%                0         -nan%
                                                  -nan         -nan              -nan         -nan

FUTGSHARE_CHANGED_CORRECTED_ON_PATH_4                0         -nan%                0         -nan%
FUTGSHARE_CHANGED_SCREWED_ON_PATH_4                  0         -nan%                0         -nan%
                                                     0         -nan%                0         -nan%
                                                  -nan         -nan              -nan         -nan

FUTGSHARE_CHANGED_CORRECTED_OFF_PATH_4               0         -nan%                0         -nan%
FUTGSHARE_CHANGED_SCREWED_OFF_PATH_4                 0         -nan%                0         -nan%
                                                     0         -nan%                0         -nan%
                                                  -nan         -nan              -nan         -nan

FUTGSHARE_CHANGED_CORRECTED_ON_PATH_5                0         -nan%                0         -nan%
FUTGSHARE_CHANGED_SCREWED_ON_PATH_5                  0         -nan%                0         -nan%
                                                     0         -nan%                0         -nan%
                                                  -nan         -nan              -nan         -nan

FUTGSHARE_CHANGED_CORRECTED_OFF_PATH_5               0         -nan%                0         -nan%
FUTGSHARE_CHANGED_SCREWED_OFF_PATH_5                 0         -nan%                0         -nan%
                                                     0         -nan%                0         -nan%
                                                  -nan         -nan              -nan         -nan

FUTGSHARE_CHANGED_CORRECTED_ON_PATH_6                0         -nan%                0         -nan%
FUTGSHARE_CHANGED_SCREWED_ON_PATH_6                  0         -nan%                0         -nan%
                                                     0         -nan%                0         -nan%
                                                  -nan         -nan              -nan         -nan

FUTGSHARE_CHANGED_CORRECTED_OFF_PATH_6               0         -nan%                0         -nan%
FUTGSHARE_CHANGED_SCREWED_OFF_PATH_6                 0         -nan%                0         -nan%
                                                     0         -nan%                0         -nan%
                                                  -nan         -nan              -nan         -nan

FUTGSHARE_CHANGED_CORRECTED_ON_PATH_7                0         -nan%                0         -nan%
FUTGSHARE_CHANGED_SCREWED_ON_PATH_7                  0         -nan%                0         -nan%
                                                     0         -nan%                0         -nan%
                                                  -nan         -nan              -nan         -nan

FUTGSHARE_CHANGED_CORRECTED_OFF_PATH_7               0         -nan%                0         -nan%
FUTGSHARE_CHANGED_SCREWED_OFF_PATH_7                 0         -nan%                0         -nan%
                                                     0         -nan%                0         -nan%
                                                  -nan         -nan              -nan         -nan

FUTGSHARE_CHANGED_CORRECTED_ON_PATH_8                0         -nan%                0         -nan%
FUTGSHARE_CHANGED_SCREWED_ON_PATH_8                  0         -nan%                0         -nan%
                                                     0         -nan%                0         -nan%
                                                  -nan         -nan              -nan         -nan

FUTGSHARE_CHANGED_CORRECTED_OFF_PATH_8               0         -nan%                0         -nan%
FUTGSHARE_CHANGED_SCREWED_OFF_PATH_8                 0         -nan%                0         -nan%
                                                     0         -nan%                0         -nan%
                                                  -nan         -nan              -nan         -nan

FUTGSHARE_CHANGED_CORRECTED_ON_PATH_9                0         -nan%                0         -nan%
FUTGSHARE_CHANGED_SCREWED_ON_PATH_9                  0         -nan%                0         -nan%
                                                     0         -nan%                0         -nan%
                                                  -nan         -nan              -nan         -nan

FUTGSHARE_CHANGED_CORRECTED_OFF_PATH_9               0         -nan%                0         -nan%
FUTGSHARE_CHANGED_SCREWED_OFF_PATH_9                 0         -nan%                0         -nan%
                                                     0         -nan%                0         -nan%
                                                  -nan         -nan              -nan         -nan

FUTGSHARE_CHANGED_CORRECTED_ON_PATH_10               0         -nan%                0         -nan%
FUTGSHARE_CHANGED_SCREWED_ON_PATH_10                 0         -nan%                0         -nan%
                                                     0         -nan%                0         -nan%
                                                  -nan         -nan              -nan         -nan

FUTGSHARE_CHANGED_CORRECTED_OFF_PATH_10              0         -nan%                0         -nan%
FUTGSHARE_CHANGED_SCREWED_OFF_PATH_10                0         -nan%                0         -nan%
                                                     0         -nan%                0         -nan%
                                                  -nan         -nan              -nan         -nan

FUTGSHARE_CHANGED_CORRECTED_ON_PATH_11               0         -nan%                0         -nan%
FUTGSHARE_CHANGED_SCREWED_ON_PATH_11                 0         -nan%                0         -nan%
                                                     0         -nan%                0         -nan%
                                                  -nan         -nan              -nan         -nan

FUTGSHARE_CHANGED_CORRECTED_OFF_PATH_11              0         -nan%                0         -nan%
FUTGSHARE_CHANGED_SCREWED_OFF_PATH_11                0         -nan%                0         -nan%
                                                     0         -nan%                0         -nan%
                                                  -nan         -nan              -nan         -nan

FUTGSHARE_CHANGED_CORRECTED_ON_PATH_12               0         -nan%                0         -nan%
FUTGSHARE_CHANGED_SCREWED_ON_PATH_12                 0         -nan%                0         -nan%
                                                     0         -nan%                0         -nan%
                                                  -nan         -nan              -nan         -nan

FUTGSHARE_CHANGED_CORRECTED_OFF_PATH_12              0         -nan%                0         -nan%
FUTGSHARE_CHANGED_SCREWED_OFF_PATH_12                0         -nan%                0         -nan%
                                                     0         -nan%                0         -nan%
                                                  -nan         -nan              -nan         -nan

FUTGSHARE_CHANGED_CORRECTED_ON_PATH_13               0         -nan%                0         -nan%
FUTGSHARE_CHANGED_SCREWED_ON_PATH_13                 0         -nan%                0         -nan%
                                                     0         -nan%                0         -nan%
                                                  -nan         -nan              -nan         -nan

FUTGSHARE_CHANGED_CORRECTED_OFF_PATH_13              0         -nan%                0         -nan%
FUTGSHARE_CHANGED_SCREWED_OFF_PATH_13                0         -nan%                0         -nan%
                                                     0         -nan%                0         -nan%
                                                  -nan         -nan              -nan         -nan

FUTGSHARE_CHANGED_CORRECTED_ON_PATH_14               0         -nan%                0         -nan%
FUTGSHARE_CHANGED_SCREWED_ON_PATH_14                 0         -nan%                0         -nan%
                                                     0         -nan%                0         -nan%
                                                  -nan         -nan              -nan         -nan

FUTGSHARE_CHANGED_CORRECTED_OFF_PATH_14              0         -nan%                0         -nan%
FUTGSHARE_CHANGED_SCREWED_OFF_PATH_14                0         -nan%                0         -nan%
                                                     0         -nan%                0         -nan%
                                                  -nan         -nan              -nan         -nan

FUTGSHARE_CHANGED_CORRECTED_ON_PATH_15               0         -nan%                0         -nan%
FUTGSHARE_CHANGED_SCREWED_ON_PATH_15                 0         -nan%                0         -nan%
                                                     0         -nan%                0         -nan%
                                                  -nan         -nan              -nan         -nan

FUTGSHARE_CHANGED_CORRECTED_OFF_PATH_15              0         -nan%                0         -nan%
FUTGSHARE_CHANGED_SCREWED_OFF_PATH_15                0         -nan%                0         -nan%
                                                     0         -nan%                0         -nan%
                                                  -nan         -nan              -nan         -nan

FRAGHIST_BIN_0                                       0         -nan%                0         -nan%
FRAGHIST_BIN_1                                       0         -nan%                0         -nan%
FRAGHIST_BIN_2                                       0         -nan%                0         -nan%
FRAGHIST_BIN_3                                       0         -nan%                0         -nan%
FRAGHIST_BIN_4                                       0         -nan%                0         -nan%
FRAGHIST_BIN_5                                       0         -nan%                0         -nan%
FRAGHIST_BIN_6                                       0         -nan%                0         -nan%
FRAGHIST_BIN_7                                       0         -nan%                0         -nan%
FRAGHIST_BIN_8                                       0         -nan%                0         -nan%
FRAGHIST_BIN_9                                       0         -nan%                0         -nan%
FRAGHIST_BIN_10                                      0         -nan%                0         -nan%
FRAGHIST_BIN_11                                      0         -nan%                0         -nan%
FRAGHIST_BIN_12                                      0         -nan%                0         -nan%
FRAGHIST_BIN_13                                      0         -nan%                0         -nan%
FRAGHIST_BIN_14                                      0         -nan%                0         -nan%
FRAGHIST_BIN_15                                      0         -nan%                0         -nan%
FRAGHIST_BIN_16                                      0         -nan%                0         -nan%
FRAGHIST_BIN_17                                      0         -nan%                0         -nan%
FRAGHIST_BIN_18                                      0         -nan%                0         -nan%
FRAGHIST_BIN_19                                      0         -nan%                0         -nan%
FRAGHIST_BIN_20                                      0         -nan%                0         -nan%
FRAGHIST_BIN_21                                      0         -nan%                0         -nan%
FRAGHIST_BIN_22                                      0         -nan%                0         -nan%
FRAGHIST_BIN_23                                      0         -nan%                0         -nan%
FRAGHIST_BIN_24                                      0         -nan%                0         -nan%
FRAGHIST_BIN_25                                      0         -nan%                0         -nan%
FRAGHIST_BIN_26                                      0         -nan%                0         -nan%
FRAGHIST_BIN_27                                      0         -nan%                0         -nan%
FRAGHIST_BIN_28                                      0         -nan%                0         -nan%
FRAGHIST_BIN_29                                      0         -nan%                0         -nan%
FRAGHIST_BIN_30                                      0         -nan%                0         -nan%
FRAGHIST_BIN_31                                      0         -nan%                0         -nan%
FRAGHIST_BIN_32                                      0         -nan%                0         -nan%
                                                     0         -nan%                0         -nan%
                                                  -nan         -nan              -nan         -nan

BTB_UPDATE_BTB_HIT_JITTED_NOT_CF                     0        0.000%                0        0.000%
BTB_UPDATE_BTB_HIT_JITTED_CF_BR                      0        0.000%                0        0.000%
BTB_UPDATE_BTB_HIT_JITTED_CF_CBR                     0        0.000%                0        0.000%
BTB_UPDATE_BTB_HIT_JITTED_CF_CALL                    0        0.000%                0        0.000%
BTB_UPDATE_BTB_HIT_JITTED_CF_IBR                     0        0.000%                0        0.000%
BTB_UPDATE_BTB_HIT_JITTED_CF_ICALL                 679        2.818%             1171        2.418%
BTB_UPDATE_BTB_HIT_JITTED_CF_ICO                 23420       97.182%            47257       97.582%
BTB_UPDATE_BTB_HIT_JITTED_CF_RET                     0        0.000%                0        0.000%
                                                 24099      100.000%            48428      100.000%
                                                  5.97         0.17              5.98         0.15

RESTEER_BTB_MISS_NOT_CF                          33217       73.929%            66137       68.194%
RESTEER_BTB_MISS_CF_BR                               0        0.000%                0        0.000%
RESTEER_BTB_MISS_CF_CBR                              2        0.004%              119        0.123%
RESTEER_BTB_MISS_CF_REP                              0        0.000%               12        0.012%
RESTEER_BTB_MISS_CF_CALL                             0        0.000%                0        0.000%
RESTEER_BTB_MISS_CF_IBR                              1        0.002%              118        0.122%
RESTEER_BTB_MISS_CF_ICALL                            0        0.000%                0        0.000%
RESTEER_BTB_MISS_CF_ICO                              0        0.000%                0        0.000%
RESTEER_BTB_MISS_CF_RET                              0        0.000%                0        0.000%
RESTEER_MISPRED_NOT_CF                               0        0.000%                0        0.000%
RESTEER_MISPRED_CF_BR                                0        0.000%                0        0.000%
RESTEER_MISPRED_CF_CBR                            5669       12.617%            18129       18.693%
RESTEER_MISPRED_CF_REP                               0        0.000%                0        0.000%
RESTEER_MISPRED_CF_CALL                              0        0.000%                0        0.000%
RESTEER_MISPRED_CF_IBR                               0        0.000%               11        0.011%
RESTEER_MISPRED_CF_ICALL                             0        0.000%                7        0.007%
RESTEER_MISPRED_CF_ICO                               0        0.000%                0        0.000%
RESTEER_MISPRED_CF_RET                               0        0.000%               11        0.011%
RESTEER_MISFETCH_NOT_CF                              0        0.000%                0        0.000%
RESTEER_MISFETCH_CF_BR                               0        0.000%                0        0.000%
RESTEER_MISFETCH_CF_CBR                             16        0.036%               91        0.094%
RESTEER_MISFETCH_CF_REP                              0        0.000%                0        0.000%
RESTEER_MISFETCH_CF_CALL                             0        0.000%                0        0.000%
RESTEER_MISFETCH_CF_IBR                            123        0.274%              248        0.256%
RESTEER_MISFETCH_CF_ICALL                         3175        7.066%             6510        6.712%
RESTEER_MISFETCH_CF_ICO                              0        0.000%                0        0.000%
RESTEER_MISFETCH_CF_RET                           2728        6.072%             5591        5.765%
RESTEER_NO_TARGET_CF_IBR                             0        0.000%                0        0.000%
RESTEER_NO_TARGET_CF_ICALL                           0        0.000%                0        0.000%
RESTEER_NO_TARGET_CF_ICO                             0        0.000%                0        0.000%
RESTEER_NO_TARGET_CF_RET                             0        0.000%                0        0.000%
                                                 44931      100.000%            96984      100.000%
                                                  4.73         7.72              5.26         7.46

TAGESCL_COMP_TAGE_BASE_CORRECT                  498778       43.104%          1009554       43.417%
TAGESCL_COMP_TAGE_BASE_MISPREDICT                   30        0.003%              755        0.032%
TAGESCL_COMP_TAGE_SHORT_CORRECT                 387582       33.495%           795069       34.193%
TAGESCL_COMP_TAGE_SHORT_MISPREDICT                1473        0.127%             5897        0.254%
TAGESCL_COMP_TAGE_LONG_CORRECT                  262036       22.645%           494036       21.247%
TAGESCL_COMP_TAGE_LONG_MISPREDICT                 3271        0.283%             9022        0.388%
TAGESCL_COMP_LOOP_CORRECT                          692        0.060%             1095        0.047%
TAGESCL_COMP_LOOP_MISPREDICT                         0        0.000%                0        0.000%
TAGESCL_COMP_SC_CORRECT                           2367        0.205%             7259        0.312%
TAGESCL_COMP_SC_MISPREDICT                         911        0.079%             2546        0.109%
                                               1157140      100.000%          2325233      100.000%
                                                  1.62         1.23              1.60         1.24

TAGESCL_COMP_BTB_MISS_TAGE_BASE_CORRECT         343525       97.793%           691422       97.838%
TAGESCL_COMP_BTB_MISS_TAGE_BASE_MISPREDICT             2        0.001%              287        0.041%
TAGESCL_COMP_BTB_MISS_TAGE_SHORT_CORRECT          4308        1.226%             8235        1.165%
TAGESCL_COMP_BTB_MISS_TAGE_SHORT_MISPREDICT             1        0.000%               30        0.004%
TAGESCL_COMP_BTB_MISS_TAGE_LONG_CORRECT           3385        0.964%             6566        0.929%
TAGESCL_COMP_BTB_MISS_TAGE_LONG_MISPREDICT            12        0.003%               43        0.006%
TAGESCL_COMP_BTB_MISS_LOOP_CORRECT                   0        0.000%                0        0.000%
TAGESCL_COMP_BTB_MISS_LOOP_MISPREDICT                0        0.000%                0        0.000%
TAGESCL_COMP_BTB_MISS_SC_CORRECT                    41        0.012%              102        0.014%
TAGESCL_COMP_BTB_MISS_SC_MISPREDICT                  3        0.001%               14        0.002%
                                                351277      100.000%           706699      100.000%
                                                  0.06         0.45              0.06         0.45

TAGESCL_CONF_0_PER_BASE_MISPREDICT                   0        0.000%                0        0.000%
TAGESCL_CONF_1_PER_BASE_MISPREDICT                   9        0.158%              445        2.442%
TAGESCL_CONF_2_PER_BASE_MISPREDICT                   0        0.000%                0        0.000%
TAGESCL_CONF_3_PER_BASE_MISPREDICT                  21        0.369%              310        1.701%
TAGESCL_CONF_0_PER_SHORT_MISPREDICT                148        2.603%              739        4.056%
TAGESCL_CONF_1_PER_SHORT_MISPREDICT                327        5.752%             1767        9.698%
TAGESCL_CONF_2_PER_SHORT_MISPREDICT                186        3.272%              673        3.694%
TAGESCL_CONF_3_PER_SHORT_MISPREDICT                812       14.283%             2718       14.918%
TAGESCL_CONF_0_PER_LONG_MISPREDICT                 518        9.112%             1438        7.892%
TAGESCL_CONF_1_PER_LONG_MISPREDICT                 808       14.213%             2887       15.845%
TAGESCL_CONF_2_PER_LONG_MISPREDICT                 414        7.282%             1030        5.653%
TAGESCL_CONF_3_PER_LONG_MISPREDICT                1531       26.931%             3667       20.126%
TAGESCL_CONF_0_PER_LOOP_MISPREDICT                   0        0.000%                0        0.000%
TAGESCL_CONF_1_PER_LOOP_MISPREDICT                   0        0.000%                0        0.000%
TAGESCL_CONF_2_PER_LOOP_MISPREDICT                   0        0.000%                0        0.000%
TAGESCL_CONF_3_PER_LOOP_MISPREDICT                   0        0.000%                0        0.000%
TAGESCL_CONF_0_PER_SC_MISPREDICT                   120        2.111%              334        1.833%
TAGESCL_CONF_1_PER_SC_MISPREDICT                   609       10.712%             1718        9.429%
TAGESCL_CONF_2_PER_SC_MISPREDICT                   106        1.865%              272        1.493%
TAGESCL_CONF_3_PER_SC_MISPREDICT                    76        1.337%              222        1.218%
                                                  5685      100.000%            18220      100.000%
                                                 10.05         3.86              9.22         4.12

TAGESCL_SC_SMALLLSUM                              2105        0.182%             6319        0.272%
TAGESCL_SC_SMALLLFIRST                               0        0.000%               61        0.003%
TAGESCL_SC_SMALLLSECOND                             76        0.007%              236        0.010%
TAGESCL_SC_IDENTICAL                           1153641       99.811%          2314941       99.715%
                                               1155822      100.000%          2321557      100.000%
                                                  2.99         2.99              2.99         2.99

CRS_UNDERFLOW_ON_PATH                                0        0.000%               22        5.353%
CRS_UNDERFLOW_OFF_PATH                             206      100.000%              389       94.647%
                                                   206      100.000%              411      100.000%
                                                  1.00         1.00              0.95         0.92



