/* -*- Mode: c -*- */
####################################################################################################
Core 0
####################################################################################################
Cumulative:        Cycles: 11861866              Instructions: 11712088              IPC: 0.98737

Periodic:          Cycles: 5991531               Instructions: 5653247               IPC: 0.94354

MISS_WAIT_TIME                              9762646708                    13928789055              

ICACHE_STAGE_MISS                                 1286                           3121              

ICACHE_CYCLE                                   5991531                       11861866              

TCACHE_CYCLE                                         0                              0              

ICACHE_SERVING_CYCLE_ON_PATH                     60644                         120654              

ICACHE_SERVING_CYCLE_OFF_PATH                     9750                          56672              

UCACHE_SERVING_CYCLE_ON_PATH                   5766800                       11239223              

UCACHE_SERVING_CYCLE_OFF_PATH                    80297                         261100              

ICACHE_CYCLE_ONPATH                            5893666       98.367%         11514731       97.074%
ICACHE_CYCLE_OFFPATH                             97865        1.633%           347135        2.926%
                                               5991531      100.000%         11861866      100.000%
                                                  0.02         0.13              0.03         0.17

FETCH_ON_PATH                                  5896901       98.421%         11524954       97.160%
FETCH_OFF_PATH                                   94630        1.579%           336912        2.840%
                                               5991531      100.000%         11861866      100.000%
                                                  0.02         0.12              0.03         0.16

FETCHED_OPS_ON_PATH                                  0         -nan%                0         -nan%
FETCHED_OPS_OFF_PATH                                 0         -nan%                0         -nan%
                                                     0         -nan%                0         -nan%
                                                  -nan         -nan              -nan         -nan

INST_LOST_FETCH                               24369108       68.376%         47619331       67.818%
INST_LOST_OFF_PATH                              272151        0.764%          1006519        1.433%
INST_LOST_FULL_WINDOW                           218659        0.614%           443377        0.631%
INST_LOST_ROB_STALL_OTHER                       514638        1.444%          1046928        1.491%
INST_LOST_ROB_STALL_WAIT_FOR_RECOVERY                0        0.000%                0        0.000%
INST_LOST_ROB_STALL_WAIT_FOR_REDIRECT                0        0.000%                0        0.000%
INST_LOST_ROB_STALL_WAIT_FOR_GAP_FILL                0        0.000%                0        0.000%
INST_LOST_ROB_STALL_WAIT_FOR_L1_MISS                 0        0.000%                0        0.000%
INST_LOST_ROB_STALL_WAIT_FOR_MEMORY                 90        0.000%             9864        0.014%
INST_LOST_ROB_STALL_WAIT_FOR_DC_MISS            716711        2.011%          1536864        2.189%
INST_LOST_ROB_BLOCK_ISSUE_FULL                       0        0.000%                0        0.000%
INST_LOST_ROB_BLOCK_ISSUE_GAP_TOO_LARGE              0        0.000%                0        0.000%
INST_LOST_BREAK_DONT                                 0        0.000%                0        0.000%
INST_LOST_BREAK_FT_UNAVAILABLE                   25948        0.073%            66605        0.095%
INST_LOST_BREAK_ICACHE_STAGE_RESTEER               386        0.001%              929        0.001%
INST_LOST_BREAK_ICACHE_MISS_REQ_SUCCESS           4426        0.012%            11171        0.016%
INST_LOST_BREAK_ICACHE_MISS_REQ_FAILURE             55        0.000%             1764        0.003%
INST_LOST_BREAK_ICACHE_WAIT_FOR_MISS            341839        0.959%           846983        1.206%
INST_LOST_BREAK_ICACHE_STALLED                    2489        0.007%             7725        0.011%
INST_LOST_BREAK_ICACHE_TO_UOP_CACHE_SWITCH         44810        0.126%            96979        0.138%
INST_LOST_BREAK_ICACHE_READ_LIMIT                 8463        0.024%            18741        0.027%
INST_LOST_BREAK_ICACHE_ISSUE_WIDTH                   0        0.000%                0        0.000%
INST_LOST_BREAK_UOP_CACHE_STALLED                57675        0.162%           143369        0.204%
INST_LOST_BREAK_UOP_CACHE_TO_ICACHE_SWITCH         29769        0.084%            64371        0.092%
INST_LOST_BREAK_UOP_CACHE_READ_LIMIT           9032651       25.344%         17294389       24.630%
INST_LOST_BREAK_UOP_CACHE_ISSUE_WIDTH                0        0.000%                0        0.000%
                                              35639868      100.000%         70215909      100.000%
                                                  6.59         8.91              6.50         8.87

INST_LOST_TOTAL                               35808464                       70815889              

INST_LOST_WAIT_FOR_ICACHE_MISS_NOT_PREFETCHED          3190        0.999%            67770        9.008%
INST_LOST_WAIT_FOR_ICACHE_MISS_PREFETCHED_AND_EVICTED_BY_IFETCH             0        0.000%                0        0.000%
INST_LOST_WAIT_FOR_ICACHE_MISS_PREFETCHED_AND_EVICTED_BY_FDIP             0        0.000%                0        0.000%
INST_LOST_WAIT_FOR_ICACHE_MISS_MSHR_HIT_PREF_OFFPATH          8015        2.511%            14170        1.883%
INST_LOST_WAIT_FOR_ICACHE_MISS_MSHR_HIT_PREF_ONPATH        308020       96.490%           670395       89.109%
                                                319225      100.000%           752335      100.000%
                                                  3.93         3.87              3.62         3.44

FETCH_0_OPS                                      74019        1.235%           184147        1.552%
FETCH_1_OPS                                      14709        0.245%            32497        0.274%
FETCH_2_OPS                                      48661        0.812%           105320        0.888%
FETCH_3_OPS                                      35152        0.587%            76925        0.649%
FETCH_4_OPS                                    4387997       73.237%          8380753       70.653%
FETCH_5_OPS                                      95480        1.594%           227405        1.917%
FETCH_6_OPS                                    1335513       22.290%          2854819       24.067%
FETCH_7_OPS                                          0        0.000%                0        0.000%
FETCH_8_OPS                                          0        0.000%                0        0.000%
FETCH_9_OPS                                          0        0.000%                0        0.000%
FETCH_10_OPS                                         0        0.000%                0        0.000%
FETCH_11_OPS                                         0        0.000%                0        0.000%
FETCH_12_OPS                                         0        0.000%                0        0.000%
FETCH_13_OPS                                         0        0.000%                0        0.000%
FETCH_14_OPS                                         0        0.000%                0        0.000%
FETCH_15_OPS                                         0        0.000%                0        0.000%
FETCH_16_OPS                                         0        0.000%                0        0.000%
                                               5991531      100.000%         11861866      100.000%
                                                  4.38         0.88              4.41         0.91

ST_BREAK_DONT                                        0        0.000%                0        0.000%
ST_BREAK_FT_UNAVAILABLE                           5194        0.087%            13336        0.112%
ST_BREAK_ICACHE_STAGE_RESTEER                      105        0.002%              264        0.002%
ST_BREAK_ICACHE_MISS_REQ_SUCCESS                  1286        0.021%             3121        0.026%
ST_BREAK_ICACHE_MISS_REQ_FAILURE                    11        0.000%              353        0.003%
ST_BREAK_ICACHE_WAIT_FOR_MISS                    68382        1.141%           169429        1.428%
ST_BREAK_ICACHE_STALLED                           9627        0.161%            24278        0.205%
ST_BREAK_ICACHE_TO_UOP_CACHE_SWITCH              13131        0.219%            28534        0.241%
ST_BREAK_ICACHE_READ_LIMIT                        4243        0.071%             9375        0.079%
ST_BREAK_ICACHE_ISSUE_WIDTH                      38843        0.648%           106879        0.901%
ST_BREAK_UOP_CACHE_STALLED                      271770        4.536%           611076        5.152%
ST_BREAK_UOP_CACHE_TO_ICACHE_SWITCH              12245        0.204%            26352        0.222%
ST_BREAK_UOP_CACHE_READ_LIMIT                  4479327       74.761%          8567438       72.227%
ST_BREAK_UOP_CACHE_ISSUE_WIDTH                 1087367       18.148%          2301431       19.402%
                                               5991531      100.000%         11861866      100.000%
                                                 11.95         5.21             11.92         5.39

ORACLE_ON_PATH_INST                           24369108       98.896%         47619331       97.930%
ORACLE_OFF_PATH_INST                            272151        1.104%          1006519        2.070%
                                              24641259      100.000%         48625850      100.000%
                                                  0.01         0.10              0.02         0.14

ORACLE_ON_PATH_INST_MEM                        6906036       28.026%         13597561       27.964%
ORACLE_ON_PATH_INST_NOTMEM                    17463072       70.869%         34021770       69.966%
ORACLE_OFF_PATH_INST_MEM                         90482        0.367%           293155        0.603%
ORACLE_OFF_PATH_INST_NOTMEM                     181669        0.737%           713364        1.467%
                                              24641259      100.000%         48625850      100.000%
                                                  0.74         0.31              0.76         0.37

ICACHE_CYCLE_NONRA_ONPATH                            0         -nan%                0         -nan%
ICACHE_CYCLE_NONRA_OFFPATH                           0         -nan%                0         -nan%
ICACHE_CYCLE_RA_ONPATH                               0         -nan%                0         -nan%
ICACHE_CYCLE_RA_OFFPATH                              0         -nan%                0         -nan%
                                                     0         -nan%                0         -nan%
                                                  -nan         -nan              -nan         -nan

ICACHE_CYCLE_ONPATH_NONRA                            0         -nan%                0         -nan%
ICACHE_CYCLE_OFFPATH_NONRA                           0         -nan%                0         -nan%
                                                     0         -nan%                0         -nan%
                                                  -nan         -nan              -nan         -nan

ICACHE_CYCLE_ONPATH_RA                               0         -nan%                0         -nan%
ICACHE_CYCLE_OFFPATH_RA                              0         -nan%                0         -nan%
                                                     0         -nan%                0         -nan%
                                                  -nan         -nan              -nan         -nan

INACCURATE_OFFPATH_CYCLES                            0        0.0000                0        0.0000

FETCH_ALL_INST                                24641259                       48625850              

EXEC_ALL_INST                                 24425045                       47846227              

RET_ALL_INST                                  24369103                       47618888              

EXEC_ON_PATH_INST                             24369121       99.771%         47619063       99.525%
EXEC_OFF_PATH_INST                               55924        0.229%           227164        0.475%
                                              24425045      100.000%         47846227      100.000%
                                                  0.00         0.05              0.00         0.07

EXEC_ON_PATH_INST_MEM                          6906048       28.274%         13597461       28.419%
EXEC_ON_PATH_INST_NOTMEM                      17463073       71.497%         34021602       71.106%
EXEC_OFF_PATH_INST_MEM                           20529        0.084%            67983        0.142%
EXEC_OFF_PATH_INST_NOTMEM                        35395        0.145%           159181        0.333%
                                              24425045      100.000%         47846227      100.000%
                                                  0.72         0.26              0.72         0.27

EXEC_RA_INST                                         0         -nan%                0         -nan%
EXEC_NONRA_INST                                      0         -nan%                0         -nan%
                                                     0         -nan%                0         -nan%
                                                  -nan         -nan              -nan         -nan

EXEC_ON_PATH_INST_RA                                 0         -nan%                0         -nan%
EXEC_OFF_PATH_INST_RA                                0         -nan%                0         -nan%
                                                     0         -nan%                0         -nan%
                                                  -nan         -nan              -nan         -nan

EXEC_ON_PATH_INST_NONRA                              0         -nan%                0         -nan%
EXEC_OFF_PATH_INST_NONRA                             0         -nan%                0         -nan%
                                                     0         -nan%                0         -nan%
                                                  -nan         -nan              -nan         -nan

EXEC_RA_ON_PATH_INST                                 0         -nan%                0         -nan%
EXEC_RA_OFF_PATH_INST                                0         -nan%                0         -nan%
EXEC_NONRA_ON_PATH_INST                              0         -nan%                0         -nan%
EXEC_NONRA_OFF_PATH_INST                             0         -nan%                0         -nan%
                                                     0         -nan%                0         -nan%
                                                  -nan         -nan              -nan         -nan

ICACHE_THROTTLE_CYCLE                                0                              0              

FETCH_ENABLE_THROTTLE_OFF_PATH                       0         -nan%                0         -nan%
FETCH_ENABLE_THROTTLE_ON_PATH                        0         -nan%                0         -nan%
                                                     0         -nan%                0         -nan%
                                                  -nan         -nan              -nan         -nan

FETCH_DISABLE_THROTTLE_OFF_PATH                      0         -nan%                0         -nan%
FETCH_DISABLE_THROTTLE_ON_PATH                       0         -nan%                0         -nan%
                                                     0         -nan%                0         -nan%
                                                  -nan         -nan              -nan         -nan

FETCH_TH_ADJUST__0                                   0         -nan%                0         -nan%
FETCH_TH_ADJUST__1                                   0         -nan%                0         -nan%
FETCH_TH_ADJUST__2                                   0         -nan%                0         -nan%
FETCH_TH_ADJUST__3                                   0         -nan%                0         -nan%
FETCH_TH_ADJUST__4                                   0         -nan%                0         -nan%
FETCH_TH_ADJUST__5                                   0         -nan%                0         -nan%
FETCH_TH_ADJUST__6                                   0         -nan%                0         -nan%
FETCH_TH_ADJUST__7                                   0         -nan%                0         -nan%
FETCH_TH_ADJUST__8                                   0         -nan%                0         -nan%
FETCH_TH_ADJUST__9                                   0         -nan%                0         -nan%
FETCH_TH_ADJUST__MAX                                 0         -nan%                0         -nan%
                                                     0         -nan%                0         -nan%
                                                  -nan         -nan              -nan         -nan

FETCH_TH_ADJUST_UP                                   0         -nan%                0         -nan%
FETCH_TH_ADJUST_DOWN                                 0         -nan%                0         -nan%
FETCH_TH_ADJUST_SAME                                 0         -nan%                0         -nan%
                                                     0         -nan%                0         -nan%
                                                  -nan         -nan              -nan         -nan

THROTTLE_ADJUST_CACHE_MISS_INFO                      0                              0              

LOW_CONF_COUNT_BP_MIS_0                              0         -nan%                0         -nan%
LOW_CONF_COUNT_BP_MIS_1                              0         -nan%                0         -nan%
LOW_CONF_COUNT_BP_MIS_2                              0         -nan%                0         -nan%
LOW_CONF_COUNT_BP_MIS_3                              0         -nan%                0         -nan%
LOW_CONF_COUNT_BP_MIS_4                              0         -nan%                0         -nan%
LOW_CONF_COUNT_BP_MIS_5                              0         -nan%                0         -nan%
LOW_CONF_COUNT_BP_MIS_6                              0         -nan%                0         -nan%
LOW_CONF_COUNT_BP_MIS_7                              0         -nan%                0         -nan%
LOW_CONF_COUNT_BP_MIS_8                              0         -nan%                0         -nan%
LOW_CONF_COUNT_BP_MIS_9                              0         -nan%                0         -nan%
LOW_CONF_COUNT_BP_MIS_10                             0         -nan%                0         -nan%
LOW_CONF_COUNT_BP_MIS_11                             0         -nan%                0         -nan%
LOW_CONF_COUNT_BP_MIS_12                             0         -nan%                0         -nan%
LOW_CONF_COUNT_BP_MIS_13                             0         -nan%                0         -nan%
LOW_CONF_COUNT_BP_MIS_14                             0         -nan%                0         -nan%
LOW_CONF_COUNT_BP_MIS_15                             0         -nan%                0         -nan%
LOW_CONF_COUNT_BP_MIS_16                             0         -nan%                0         -nan%
LOW_CONF_COUNT_BP_MIS_17                             0         -nan%                0         -nan%
LOW_CONF_COUNT_BP_MIS_18                             0         -nan%                0         -nan%
LOW_CONF_COUNT_BP_MIS_19                             0         -nan%                0         -nan%
LOW_CONF_COUNT_BP_MIS_20                             0         -nan%                0         -nan%
                                                     0         -nan%                0         -nan%
                                                  -nan         -nan              -nan         -nan

LOW_CONF_COUNT_RET_0                                 0         -nan%                0         -nan%
LOW_CONF_COUNT_RET_1                                 0         -nan%                0         -nan%
LOW_CONF_COUNT_RET_2                                 0         -nan%                0         -nan%
LOW_CONF_COUNT_RET_3                                 0         -nan%                0         -nan%
LOW_CONF_COUNT_RET_4                                 0         -nan%                0         -nan%
LOW_CONF_COUNT_RET_5                                 0         -nan%                0         -nan%
LOW_CONF_COUNT_RET_6                                 0         -nan%                0         -nan%
LOW_CONF_COUNT_RET_7                                 0         -nan%                0         -nan%
LOW_CONF_COUNT_RET_8                                 0         -nan%                0         -nan%
LOW_CONF_COUNT_RET_9                                 0         -nan%                0         -nan%
LOW_CONF_COUNT_RET_10                                0         -nan%                0         -nan%
LOW_CONF_COUNT_RET_11                                0         -nan%                0         -nan%
LOW_CONF_COUNT_RET_12                                0         -nan%                0         -nan%
LOW_CONF_COUNT_RET_13                                0         -nan%                0         -nan%
LOW_CONF_COUNT_RET_14                                0         -nan%                0         -nan%
LOW_CONF_COUNT_RET_15                                0         -nan%                0         -nan%
LOW_CONF_COUNT_RET_16                                0         -nan%                0         -nan%
LOW_CONF_COUNT_RET_17                                0         -nan%                0         -nan%
LOW_CONF_COUNT_RET_18                                0         -nan%                0         -nan%
LOW_CONF_COUNT_RET_19                                0         -nan%                0         -nan%
LOW_CONF_COUNT_RET_20                                0         -nan%                0         -nan%
                                                     0         -nan%                0         -nan%
                                                  -nan         -nan              -nan         -nan

CYCLES_RESTEER_MISPRED                               0         -nan%                0         -nan%
CYCLES_RESTEER_MISFETCH                              0         -nan%                0         -nan%
CYCLES_RESTEER_BTB_MISS                              0         -nan%                0         -nan%
                                                     0         -nan%                0         -nan%
                                                  -nan         -nan              -nan         -nan

CYCLES_RESTEER_MISPRED_SAVED_UC_FETCH                0         -nan%                0         -nan%
CYCLES_RESTEER_MISPRED_COULD_BE_SAVED_UC_FETCH             0         -nan%                0         -nan%
CYCLES_RESTEER_MISFETCH_SAVED_UC_FETCH               0         -nan%                0         -nan%
CYCLES_RESTEER_MISFETCH_COULD_BE_SAVED_UC_FETCH             0         -nan%                0         -nan%
CYCLES_RESTEER_BTB_MISS_SAVED_UC_FETCH               0         -nan%                0         -nan%
CYCLES_RESTEER_BTB_MISS_COULD_BE_SAVED_UC_FETCH             0         -nan%                0         -nan%
                                                     0         -nan%                0         -nan%
                                                  -nan         -nan              -nan         -nan

CYCLES_UOC_IC_SWITCH                                 0                              0              



