Scarab gitrev: 6deb50d
Warning: Scarab expects the trace file type to include OFFLINE_FILE_TYPE_ARCH_REGDEPS (0x20000), but got type: 0xe40
Scarab started at Thu May  7 03:27:51 2026

Initialized Ramulator. 
** Heartbeat:   5% -- { 1000005 } -- 0.00 KIPS (90.91 KIPS)
** Heartbeat:  10% -- { 2000006 } -- 111.11 KIPS (100.00 KIPS)
** Heartbeat:  15% -- { 3000006 } -- 111.11 KIPS (103.45 KIPS)
** Heartbeat:  20% -- { 4000008 } -- 100.00 KIPS (102.56 KIPS)
** Heartbeat:  25% -- { 5000012 } -- 111.11 KIPS (104.17 KIPS)
** Heartbeat:  30% -- { 6000014 } -- 100.00 KIPS (103.45 KIPS)
** Heartbeat:  35% -- { 7000015 } -- 111.11 KIPS (104.48 KIPS)
** Heartbeat:  40% -- { 8000019 } -- 111.11 KIPS (105.26 KIPS)
** Heartbeat:  45% -- { 9000021 } -- 100.00 KIPS (104.65 KIPS)
** Heartbeat:  50% -- { 10000022 } -- 111.11 KIPS (105.26 KIPS)
** Heartbeat:  55% -- { 11000024 } -- 111.11 KIPS (105.77 KIPS)
** Heartbeat:  60% -- { 12000024 } -- 100.00 KIPS (105.26 KIPS)
** Heartbeat:  65% -- { 13000029 } -- 100.00 KIPS (104.84 KIPS)
** Heartbeat:  70% -- { 14000030 } -- 111.11 KIPS (105.26 KIPS)
** Heartbeat:  75% -- { 15000030 } -- 100.00 KIPS (104.90 KIPS)
** Heartbeat:  80% -- { 16000030 } -- 125.00 KIPS (105.96 KIPS)
** Heartbeat:  85% -- { 17000030 } -- 111.11 KIPS (106.25 KIPS)
** Heartbeat:  90% -- { 18000030 } -- 100.00 KIPS (105.88 KIPS)
** Heartbeat:  95% -- { 19000030 } -- 111.11 KIPS (106.15 KIPS)
Reached end of trace (last_inst) pc=0x7ffff3dac11f
** Core 0 Finished:    insts:19999999    cycles:32174271    time:10054459687500      -- 0.62 IPC (0.62 IPC) --  N/A  KIPS (105.82 KIPS)
Scarab finished at Thu May  7 03:31:00 2026

