/* -*- Mode: c -*- */
####################################################################################################
Core 0
####################################################################################################
Cumulative:        Cycles: 11849862              Instructions: 11712088              IPC: 0.98837

Periodic:          Cycles: 5989048               Instructions: 5653247               IPC: 0.94393

MISS_WAIT_TIME                              9521803129                    13637562952              

ICACHE_STAGE_MISS                                 1256                           3076              

ICACHE_CYCLE                                   5989048                       11849862              

TCACHE_CYCLE                                         0                              0              

ICACHE_SERVING_CYCLE_ON_PATH                     60570                         121033              

ICACHE_SERVING_CYCLE_OFF_PATH                     9596                          59566              

UCACHE_SERVING_CYCLE_ON_PATH                   5765580                       11233740              

UCACHE_SERVING_CYCLE_OFF_PATH                    82127                         258991              

ICACHE_CYCLE_ONPATH                            5890176       98.349%         11503529       97.077%
ICACHE_CYCLE_OFFPATH                             98872        1.651%           346333        2.923%
                                               5989048      100.000%         11849862      100.000%
                                                  0.02         0.13              0.03         0.17

FETCH_ON_PATH                                  5893402       98.403%         11513741       97.164%
FETCH_OFF_PATH                                   95646        1.597%           336121        2.836%
                                               5989048      100.000%         11849862      100.000%
                                                  0.02         0.12              0.03         0.16

FETCHED_OPS_ON_PATH                                  0         -nan%                0         -nan%
FETCHED_OPS_OFF_PATH                                 0         -nan%                0         -nan%
                                                     0         -nan%                0         -nan%
                                                  -nan         -nan              -nan         -nan

INST_LOST_FETCH                               24369108       68.408%         47619331       67.891%
INST_LOST_OFF_PATH                              274343        0.770%          1010290        1.440%
INST_LOST_FULL_WINDOW                           218983        0.615%           443441        0.632%
INST_LOST_ROB_STALL_OTHER                       513961        1.443%          1047634        1.494%
INST_LOST_ROB_STALL_WAIT_FOR_RECOVERY                0        0.000%                0        0.000%
INST_LOST_ROB_STALL_WAIT_FOR_REDIRECT                0        0.000%                0        0.000%
INST_LOST_ROB_STALL_WAIT_FOR_GAP_FILL                0        0.000%                0        0.000%
INST_LOST_ROB_STALL_WAIT_FOR_L1_MISS                 0        0.000%                0        0.000%
INST_LOST_ROB_STALL_WAIT_FOR_MEMORY                 48        0.000%             9882        0.014%
INST_LOST_ROB_STALL_WAIT_FOR_DC_MISS            707966        1.987%          1503712        2.144%
INST_LOST_ROB_BLOCK_ISSUE_FULL                       0        0.000%                0        0.000%
INST_LOST_ROB_BLOCK_ISSUE_GAP_TOO_LARGE              0        0.000%                0        0.000%
INST_LOST_BREAK_DONT                                 0        0.000%                0        0.000%
INST_LOST_BREAK_FT_UNAVAILABLE                   25968        0.073%            66645        0.095%
INST_LOST_BREAK_ICACHE_STAGE_RESTEER               405        0.001%              952        0.001%
INST_LOST_BREAK_ICACHE_MISS_REQ_SUCCESS           4330        0.012%            11003        0.016%
INST_LOST_BREAK_ICACHE_MISS_REQ_FAILURE            160        0.000%              355        0.001%
INST_LOST_BREAK_ICACHE_WAIT_FOR_MISS            327580        0.920%           810170        1.155%
INST_LOST_BREAK_ICACHE_STALLED                    2094        0.006%            12845        0.018%
INST_LOST_BREAK_ICACHE_TO_UOP_CACHE_SWITCH         44838        0.126%            97054        0.138%
INST_LOST_BREAK_ICACHE_READ_LIMIT                 8506        0.024%            18727        0.027%
INST_LOST_BREAK_ICACHE_ISSUE_WIDTH                   0        0.000%                0        0.000%
INST_LOST_BREAK_UOP_CACHE_STALLED                62092        0.174%           129955        0.185%
INST_LOST_BREAK_UOP_CACHE_TO_ICACHE_SWITCH         29800        0.084%            64432        0.092%
INST_LOST_BREAK_UOP_CACHE_READ_LIMIT           9033057       25.357%         17294926       24.657%
INST_LOST_BREAK_UOP_CACHE_ISSUE_WIDTH                0        0.000%                0        0.000%
                                              35623239      100.000%         70141354      100.000%
                                                  6.58         8.92              6.49         8.88

INST_LOST_TOTAL                               35795646                       70746750              

INST_LOST_WAIT_FOR_ICACHE_MISS_NOT_PREFETCHED          2610        0.847%            69880        9.661%
INST_LOST_WAIT_FOR_ICACHE_MISS_PREFETCHED_AND_EVICTED_BY_IFETCH             0        0.000%                0        0.000%
INST_LOST_WAIT_FOR_ICACHE_MISS_PREFETCHED_AND_EVICTED_BY_FDIP             0        0.000%                0        0.000%
INST_LOST_WAIT_FOR_ICACHE_MISS_MSHR_HIT_PREF_OFFPATH          8615        2.795%            16385        2.265%
INST_LOST_WAIT_FOR_ICACHE_MISS_MSHR_HIT_PREF_ONPATH        297000       96.358%           637035       88.073%
                                                308225      100.000%           723300      100.000%
                                                  3.94         3.87              3.59         3.39

FETCH_0_OPS                                      71165        1.188%           176467        1.489%
FETCH_1_OPS                                      14632        0.244%            31397        0.265%
FETCH_2_OPS                                      48417        0.808%           105135        0.887%
FETCH_3_OPS                                      35740        0.597%            78374        0.661%
FETCH_4_OPS                                    4388518       73.276%          8377897       70.700%
FETCH_5_OPS                                      99398        1.660%           232243        1.960%
FETCH_6_OPS                                    1331178       22.227%          2848349       24.037%
FETCH_7_OPS                                          0        0.000%                0        0.000%
FETCH_8_OPS                                          0        0.000%                0        0.000%
FETCH_9_OPS                                          0        0.000%                0        0.000%
FETCH_10_OPS                                         0        0.000%                0        0.000%
FETCH_11_OPS                                         0        0.000%                0        0.000%
FETCH_12_OPS                                         0        0.000%                0        0.000%
FETCH_13_OPS                                         0        0.000%                0        0.000%
FETCH_14_OPS                                         0        0.000%                0        0.000%
FETCH_15_OPS                                         0        0.000%                0        0.000%
FETCH_16_OPS                                         0        0.000%                0        0.000%
                                               5989048      100.000%         11849862      100.000%
                                                  4.38         0.88              4.41         0.91

ST_BREAK_DONT                                        0        0.000%                0        0.000%
ST_BREAK_FT_UNAVAILABLE                           5197        0.087%            13341        0.113%
ST_BREAK_ICACHE_STAGE_RESTEER                      110        0.002%              270        0.002%
ST_BREAK_ICACHE_MISS_REQ_SUCCESS                  1256        0.021%             3076        0.026%
ST_BREAK_ICACHE_MISS_REQ_FAILURE                    32        0.001%               71        0.001%
ST_BREAK_ICACHE_WAIT_FOR_MISS                    65520        1.094%           162051        1.368%
ST_BREAK_ICACHE_STALLED                          10333        0.173%            28916        0.244%
ST_BREAK_ICACHE_TO_UOP_CACHE_SWITCH              13140        0.219%            28567        0.241%
ST_BREAK_ICACHE_READ_LIMIT                        4247        0.071%             9365        0.079%
ST_BREAK_ICACHE_ISSUE_WIDTH                      38917        0.650%           107027        0.903%
ST_BREAK_UOP_CACHE_STALLED                      270974        4.524%           601354        5.075%
ST_BREAK_UOP_CACHE_TO_ICACHE_SWITCH              12261        0.205%            26388        0.223%
ST_BREAK_UOP_CACHE_READ_LIMIT                  4479476       74.794%          8567598       72.301%
ST_BREAK_UOP_CACHE_ISSUE_WIDTH                 1087585       18.160%          2301838       19.425%
                                               5989048      100.000%         11849862      100.000%
                                                 11.96         5.21             11.92         5.39

ORACLE_ON_PATH_INST                           24369108       98.887%         47619331       97.922%
ORACLE_OFF_PATH_INST                            274343        1.113%          1010290        2.078%
                                              24643451      100.000%         48629621      100.000%
                                                  0.01         0.10              0.02         0.14

ORACLE_ON_PATH_INST_MEM                        6906036       28.024%         13597561       27.961%
ORACLE_ON_PATH_INST_NOTMEM                    17463072       70.863%         34021770       69.961%
ORACLE_OFF_PATH_INST_MEM                         91294        0.370%           294470        0.606%
ORACLE_OFF_PATH_INST_NOTMEM                     183049        0.743%           715820        1.472%
                                              24643451      100.000%         48629621      100.000%
                                                  0.74         0.31              0.76         0.37

ICACHE_CYCLE_NONRA_ONPATH                            0         -nan%                0         -nan%
ICACHE_CYCLE_NONRA_OFFPATH                           0         -nan%                0         -nan%
ICACHE_CYCLE_RA_ONPATH                               0         -nan%                0         -nan%
ICACHE_CYCLE_RA_OFFPATH                              0         -nan%                0         -nan%
                                                     0         -nan%                0         -nan%
                                                  -nan         -nan              -nan         -nan

ICACHE_CYCLE_ONPATH_NONRA                            0         -nan%                0         -nan%
ICACHE_CYCLE_OFFPATH_NONRA                           0         -nan%                0         -nan%
                                                     0         -nan%                0         -nan%
                                                  -nan         -nan              -nan         -nan

ICACHE_CYCLE_ONPATH_RA                               0         -nan%                0         -nan%
ICACHE_CYCLE_OFFPATH_RA                              0         -nan%                0         -nan%
                                                     0         -nan%                0         -nan%
                                                  -nan         -nan              -nan         -nan

INACCURATE_OFFPATH_CYCLES                            0        0.0000                0        0.0000

FETCH_ALL_INST                                24643451                       48629621              

EXEC_ALL_INST                                 24425152                       47847743              

RET_ALL_INST                                  24369103                       47618888              

EXEC_ON_PATH_INST                             24369116       99.771%         47619058       99.522%
EXEC_OFF_PATH_INST                               56036        0.229%           228685        0.478%
                                              24425152      100.000%         47847743      100.000%
                                                  0.00         0.05              0.00         0.07

EXEC_ON_PATH_INST_MEM                          6906045       28.274%         13597458       28.418%
EXEC_ON_PATH_INST_NOTMEM                      17463071       71.496%         34021600       71.104%
EXEC_OFF_PATH_INST_MEM                           20593        0.084%            68368        0.143%
EXEC_OFF_PATH_INST_NOTMEM                        35443        0.145%           160317        0.335%
                                              24425152      100.000%         47847743      100.000%
                                                  0.72         0.26              0.72         0.27

EXEC_RA_INST                                         0         -nan%                0         -nan%
EXEC_NONRA_INST                                      0         -nan%                0         -nan%
                                                     0         -nan%                0         -nan%
                                                  -nan         -nan              -nan         -nan

EXEC_ON_PATH_INST_RA                                 0         -nan%                0         -nan%
EXEC_OFF_PATH_INST_RA                                0         -nan%                0         -nan%
                                                     0         -nan%                0         -nan%
                                                  -nan         -nan              -nan         -nan

EXEC_ON_PATH_INST_NONRA                              0         -nan%                0         -nan%
EXEC_OFF_PATH_INST_NONRA                             0         -nan%                0         -nan%
                                                     0         -nan%                0         -nan%
                                                  -nan         -nan              -nan         -nan

EXEC_RA_ON_PATH_INST                                 0         -nan%                0         -nan%
EXEC_RA_OFF_PATH_INST                                0         -nan%                0         -nan%
EXEC_NONRA_ON_PATH_INST                              0         -nan%                0         -nan%
EXEC_NONRA_OFF_PATH_INST                             0         -nan%                0         -nan%
                                                     0         -nan%                0         -nan%
                                                  -nan         -nan              -nan         -nan

ICACHE_THROTTLE_CYCLE                                0                              0              

FETCH_ENABLE_THROTTLE_OFF_PATH                       0         -nan%                0         -nan%
FETCH_ENABLE_THROTTLE_ON_PATH                        0         -nan%                0         -nan%
                                                     0         -nan%                0         -nan%
                                                  -nan         -nan              -nan         -nan

FETCH_DISABLE_THROTTLE_OFF_PATH                      0         -nan%                0         -nan%
FETCH_DISABLE_THROTTLE_ON_PATH                       0         -nan%                0         -nan%
                                                     0         -nan%                0         -nan%
                                                  -nan         -nan              -nan         -nan

FETCH_TH_ADJUST__0                                   0         -nan%                0         -nan%
FETCH_TH_ADJUST__1                                   0         -nan%                0         -nan%
FETCH_TH_ADJUST__2                                   0         -nan%                0         -nan%
FETCH_TH_ADJUST__3                                   0         -nan%                0         -nan%
FETCH_TH_ADJUST__4                                   0         -nan%                0         -nan%
FETCH_TH_ADJUST__5                                   0         -nan%                0         -nan%
FETCH_TH_ADJUST__6                                   0         -nan%                0         -nan%
FETCH_TH_ADJUST__7                                   0         -nan%                0         -nan%
FETCH_TH_ADJUST__8                                   0         -nan%                0         -nan%
FETCH_TH_ADJUST__9                                   0         -nan%                0         -nan%
FETCH_TH_ADJUST__MAX                                 0         -nan%                0         -nan%
                                                     0         -nan%                0         -nan%
                                                  -nan         -nan              -nan         -nan

FETCH_TH_ADJUST_UP                                   0         -nan%                0         -nan%
FETCH_TH_ADJUST_DOWN                                 0         -nan%                0         -nan%
FETCH_TH_ADJUST_SAME                                 0         -nan%                0         -nan%
                                                     0         -nan%                0         -nan%
                                                  -nan         -nan              -nan         -nan

THROTTLE_ADJUST_CACHE_MISS_INFO                      0                              0              

LOW_CONF_COUNT_BP_MIS_0                              0         -nan%                0         -nan%
LOW_CONF_COUNT_BP_MIS_1                              0         -nan%                0         -nan%
LOW_CONF_COUNT_BP_MIS_2                              0         -nan%                0         -nan%
LOW_CONF_COUNT_BP_MIS_3                              0         -nan%                0         -nan%
LOW_CONF_COUNT_BP_MIS_4                              0         -nan%                0         -nan%
LOW_CONF_COUNT_BP_MIS_5                              0         -nan%                0         -nan%
LOW_CONF_COUNT_BP_MIS_6                              0         -nan%                0         -nan%
LOW_CONF_COUNT_BP_MIS_7                              0         -nan%                0         -nan%
LOW_CONF_COUNT_BP_MIS_8                              0         -nan%                0         -nan%
LOW_CONF_COUNT_BP_MIS_9                              0         -nan%                0         -nan%
LOW_CONF_COUNT_BP_MIS_10                             0         -nan%                0         -nan%
LOW_CONF_COUNT_BP_MIS_11                             0         -nan%                0         -nan%
LOW_CONF_COUNT_BP_MIS_12                             0         -nan%                0         -nan%
LOW_CONF_COUNT_BP_MIS_13                             0         -nan%                0         -nan%
LOW_CONF_COUNT_BP_MIS_14                             0         -nan%                0         -nan%
LOW_CONF_COUNT_BP_MIS_15                             0         -nan%                0         -nan%
LOW_CONF_COUNT_BP_MIS_16                             0         -nan%                0         -nan%
LOW_CONF_COUNT_BP_MIS_17                             0         -nan%                0         -nan%
LOW_CONF_COUNT_BP_MIS_18                             0         -nan%                0         -nan%
LOW_CONF_COUNT_BP_MIS_19                             0         -nan%                0         -nan%
LOW_CONF_COUNT_BP_MIS_20                             0         -nan%                0         -nan%
                                                     0         -nan%                0         -nan%
                                                  -nan         -nan              -nan         -nan

LOW_CONF_COUNT_RET_0                                 0         -nan%                0         -nan%
LOW_CONF_COUNT_RET_1                                 0         -nan%                0         -nan%
LOW_CONF_COUNT_RET_2                                 0         -nan%                0         -nan%
LOW_CONF_COUNT_RET_3                                 0         -nan%                0         -nan%
LOW_CONF_COUNT_RET_4                                 0         -nan%                0         -nan%
LOW_CONF_COUNT_RET_5                                 0         -nan%                0         -nan%
LOW_CONF_COUNT_RET_6                                 0         -nan%                0         -nan%
LOW_CONF_COUNT_RET_7                                 0         -nan%                0         -nan%
LOW_CONF_COUNT_RET_8                                 0         -nan%                0         -nan%
LOW_CONF_COUNT_RET_9                                 0         -nan%                0         -nan%
LOW_CONF_COUNT_RET_10                                0         -nan%                0         -nan%
LOW_CONF_COUNT_RET_11                                0         -nan%                0         -nan%
LOW_CONF_COUNT_RET_12                                0         -nan%                0         -nan%
LOW_CONF_COUNT_RET_13                                0         -nan%                0         -nan%
LOW_CONF_COUNT_RET_14                                0         -nan%                0         -nan%
LOW_CONF_COUNT_RET_15                                0         -nan%                0         -nan%
LOW_CONF_COUNT_RET_16                                0         -nan%                0         -nan%
LOW_CONF_COUNT_RET_17                                0         -nan%                0         -nan%
LOW_CONF_COUNT_RET_18                                0         -nan%                0         -nan%
LOW_CONF_COUNT_RET_19                                0         -nan%                0         -nan%
LOW_CONF_COUNT_RET_20                                0         -nan%                0         -nan%
                                                     0         -nan%                0         -nan%
                                                  -nan         -nan              -nan         -nan

CYCLES_RESTEER_MISPRED                               0         -nan%                0         -nan%
CYCLES_RESTEER_MISFETCH                              0         -nan%                0         -nan%
CYCLES_RESTEER_BTB_MISS                              0         -nan%                0         -nan%
                                                     0         -nan%                0         -nan%
                                                  -nan         -nan              -nan         -nan

CYCLES_RESTEER_MISPRED_SAVED_UC_FETCH                0         -nan%                0         -nan%
CYCLES_RESTEER_MISPRED_COULD_BE_SAVED_UC_FETCH             0         -nan%                0         -nan%
CYCLES_RESTEER_MISFETCH_SAVED_UC_FETCH               0         -nan%                0         -nan%
CYCLES_RESTEER_MISFETCH_COULD_BE_SAVED_UC_FETCH             0         -nan%                0         -nan%
CYCLES_RESTEER_BTB_MISS_SAVED_UC_FETCH               0         -nan%                0         -nan%
CYCLES_RESTEER_BTB_MISS_COULD_BE_SAVED_UC_FETCH             0         -nan%                0         -nan%
                                                     0         -nan%                0         -nan%
                                                  -nan         -nan              -nan         -nan

CYCLES_UOC_IC_SWITCH                                 0                              0              



