/* -*- Mode: c -*- */
####################################################################################################
Core 0
####################################################################################################
Cumulative:        Cycles: 6725920               Instructions: 19999999              IPC: 2.97357

Periodic:          Cycles: 3236757               Instructions: 9999991               IPC: 3.08951

MISS_WAIT_TIME                              1432844627                     1952754850              

ICACHE_STAGE_MISS                                  285                           1020              

ICACHE_CYCLE                                   3236757                        6725920              

TCACHE_CYCLE                                         0                              0              

ICACHE_SERVING_CYCLE_ON_PATH                    281225                         551426              

ICACHE_SERVING_CYCLE_OFF_PATH                    55454                         123778              

UCACHE_SERVING_CYCLE_ON_PATH                   1875540                        3756680              

UCACHE_SERVING_CYCLE_OFF_PATH                   937762                        2085021              

ICACHE_CYCLE_ONPATH                            2208065       68.218%          4436292       65.958%
ICACHE_CYCLE_OFFPATH                           1028692       31.782%          2289628       34.042%
                                               3236757      100.000%          6725920      100.000%
                                                  0.32         0.42              0.34         0.43

FETCH_ON_PATH                                  2243411       69.310%          4512652       67.093%
FETCH_OFF_PATH                                  993346       30.690%          2213268       32.907%
                                               3236757      100.000%          6725920      100.000%
                                                  0.31         0.42              0.33         0.43

FETCHED_OPS_ON_PATH                                  0         -nan%                0         -nan%
FETCHED_OPS_OFF_PATH                                 0         -nan%                0         -nan%
                                                     0         -nan%                0         -nan%
                                                  -nan         -nan              -nan         -nan

INST_LOST_FETCH                               10463193       57.990%         20934873       56.392%
INST_LOST_OFF_PATH                             4479253       24.825%          9731788       26.214%
INST_LOST_FULL_WINDOW                            21012        0.116%            41043        0.111%
INST_LOST_ROB_STALL_OTHER                       697180        3.864%          1347012        3.628%
INST_LOST_ROB_STALL_WAIT_FOR_RECOVERY                0        0.000%                0        0.000%
INST_LOST_ROB_STALL_WAIT_FOR_REDIRECT                0        0.000%                0        0.000%
INST_LOST_ROB_STALL_WAIT_FOR_GAP_FILL                0        0.000%                0        0.000%
INST_LOST_ROB_STALL_WAIT_FOR_L1_MISS                 0        0.000%                0        0.000%
INST_LOST_ROB_STALL_WAIT_FOR_MEMORY                  0        0.000%                0        0.000%
INST_LOST_ROB_STALL_WAIT_FOR_DC_MISS             33162        0.184%            95921        0.258%
INST_LOST_ROB_BLOCK_ISSUE_FULL                       0        0.000%                0        0.000%
INST_LOST_ROB_BLOCK_ISSUE_GAP_TOO_LARGE              0        0.000%                0        0.000%
INST_LOST_BREAK_DONT                                 0        0.000%                0        0.000%
INST_LOST_BREAK_FT_UNAVAILABLE                  415392        2.302%           862595        2.324%
INST_LOST_BREAK_ICACHE_STAGE_RESTEER              6874        0.038%            13388        0.036%
INST_LOST_BREAK_ICACHE_MISS_REQ_SUCCESS           1033        0.006%             3739        0.010%
INST_LOST_BREAK_ICACHE_MISS_REQ_FAILURE              0        0.000%              180        0.000%
INST_LOST_BREAK_ICACHE_WAIT_FOR_MISS             16990        0.094%           179140        0.483%
INST_LOST_BREAK_ICACHE_STALLED                   17899        0.099%            38697        0.104%
INST_LOST_BREAK_ICACHE_TO_UOP_CACHE_SWITCH        154590        0.857%           305637        0.823%
INST_LOST_BREAK_ICACHE_READ_LIMIT               227191        1.259%           455626        1.227%
INST_LOST_BREAK_ICACHE_ISSUE_WIDTH                   0        0.000%                0        0.000%
INST_LOST_BREAK_UOP_CACHE_STALLED               107277        0.595%           254129        0.685%
INST_LOST_BREAK_UOP_CACHE_TO_ICACHE_SWITCH        167820        0.930%           331376        0.893%
INST_LOST_BREAK_UOP_CACHE_READ_LIMIT           1234387        6.841%          2528879        6.812%
INST_LOST_BREAK_UOP_CACHE_ISSUE_WIDTH                0        0.000%                0        0.000%
                                              18043253      100.000%         37124023      100.000%
                                                  3.12         6.73              3.20         6.76

INST_LOST_TOTAL                               19012629                       39500131              

INST_LOST_WAIT_FOR_ICACHE_MISS_NOT_PREFETCHED             0        0.000%            43980       28.014%
INST_LOST_WAIT_FOR_ICACHE_MISS_PREFETCHED_AND_EVICTED_BY_IFETCH             0        0.000%                0        0.000%
INST_LOST_WAIT_FOR_ICACHE_MISS_PREFETCHED_AND_EVICTED_BY_FDIP             0        0.000%                0        0.000%
INST_LOST_WAIT_FOR_ICACHE_MISS_MSHR_HIT_PREF_OFFPATH             0        0.000%              445        0.283%
INST_LOST_WAIT_FOR_ICACHE_MISS_MSHR_HIT_PREF_ONPATH         16360      100.000%           112570       71.703%
                                                 16360      100.000%           156995      100.000%
                                                  4.00         4.00              2.88         2.62

FETCH_0_OPS                                      86712        2.679%           208866        3.105%
FETCH_1_OPS                                     178913        5.528%           360620        5.362%
FETCH_2_OPS                                      84966        2.625%           175749        2.613%
FETCH_3_OPS                                     201355        6.221%           418243        6.218%
FETCH_4_OPS                                      88455        2.733%           186048        2.766%
FETCH_5_OPS                                     221690        6.849%           442658        6.581%
FETCH_6_OPS                                    2374666       73.366%          4933736       73.354%
FETCH_7_OPS                                          0        0.000%                0        0.000%
FETCH_8_OPS                                          0        0.000%                0        0.000%
FETCH_9_OPS                                          0        0.000%                0        0.000%
FETCH_10_OPS                                         0        0.000%                0        0.000%
FETCH_11_OPS                                         0        0.000%                0        0.000%
FETCH_12_OPS                                         0        0.000%                0        0.000%
FETCH_13_OPS                                         0        0.000%                0        0.000%
FETCH_14_OPS                                         0        0.000%                0        0.000%
FETCH_15_OPS                                         0        0.000%                0        0.000%
FETCH_16_OPS                                         0        0.000%                0        0.000%
                                               3236757      100.000%          6725920      100.000%
                                                  5.15         1.44              5.13         1.43

ST_BREAK_DONT                                        0        0.000%                0        0.000%
ST_BREAK_FT_UNAVAILABLE                          83120        2.568%           172601        2.566%
ST_BREAK_ICACHE_STAGE_RESTEER                     2752        0.085%             5440        0.081%
ST_BREAK_ICACHE_MISS_REQ_SUCCESS                   285        0.009%             1020        0.015%
ST_BREAK_ICACHE_MISS_REQ_FAILURE                     0        0.000%               36        0.001%
ST_BREAK_ICACHE_WAIT_FOR_MISS                     3398        0.105%            35840        0.533%
ST_BREAK_ICACHE_STALLED                          25079        0.775%            48777        0.725%
ST_BREAK_ICACHE_TO_UOP_CACHE_SWITCH              67721        2.092%           134152        1.995%
ST_BREAK_ICACHE_READ_LIMIT                       72635        2.244%           145919        2.170%
ST_BREAK_ICACHE_ISSUE_WIDTH                     155294        4.798%           316408        4.704%
ST_BREAK_UOP_CACHE_STALLED                      286710        8.858%           651412        9.685%
ST_BREAK_UOP_CACHE_TO_ICACHE_SWITCH              58922        1.820%           114972        1.709%
ST_BREAK_UOP_CACHE_READ_LIMIT                   354110       10.940%           726353       10.799%
ST_BREAK_UOP_CACHE_ISSUE_WIDTH                 2126731       65.706%          4372990       65.017%
                                               3236757      100.000%          6725920      100.000%
                                                 11.78         9.85             11.74         9.78

ORACLE_ON_PATH_INST                           10463193       70.023%         20934873       68.266%
ORACLE_OFF_PATH_INST                           4479253       29.977%          9731788       31.734%
                                              14942446      100.000%         30666661      100.000%
                                                  0.30         0.42              0.32         0.42

ORACLE_ON_PATH_INST_MEM                        3474997       23.256%          6945517       22.648%
ORACLE_ON_PATH_INST_NOTMEM                     6988196       46.767%         13989356       45.617%
ORACLE_OFF_PATH_INST_MEM                       1335745        8.939%          2893048        9.434%
ORACLE_OFF_PATH_INST_NOTMEM                    3143508       21.037%          6838740       22.300%
                                              14942446      100.000%         30666661      100.000%
                                                  1.28         1.02              1.31         1.05

ICACHE_CYCLE_NONRA_ONPATH                            0         -nan%                0         -nan%
ICACHE_CYCLE_NONRA_OFFPATH                           0         -nan%                0         -nan%
ICACHE_CYCLE_RA_ONPATH                               0         -nan%                0         -nan%
ICACHE_CYCLE_RA_OFFPATH                              0         -nan%                0         -nan%
                                                     0         -nan%                0         -nan%
                                                  -nan         -nan              -nan         -nan

ICACHE_CYCLE_ONPATH_NONRA                            0         -nan%                0         -nan%
ICACHE_CYCLE_OFFPATH_NONRA                           0         -nan%                0         -nan%
                                                     0         -nan%                0         -nan%
                                                  -nan         -nan              -nan         -nan

ICACHE_CYCLE_ONPATH_RA                               0         -nan%                0         -nan%
ICACHE_CYCLE_OFFPATH_RA                              0         -nan%                0         -nan%
                                                     0         -nan%                0         -nan%
                                                  -nan         -nan              -nan         -nan

INACCURATE_OFFPATH_CYCLES                            0        0.0000                0        0.0000

FETCH_ALL_INST                                14942446                       30666661              

EXEC_ALL_INST                                 11888863                       24059619              

RET_ALL_INST                                  10463580                       20934873              

EXEC_ON_PATH_INST                             10463509       88.011%         20934873       87.012%
EXEC_OFF_PATH_INST                             1425354       11.989%          3124746       12.988%
                                              11888863      100.000%         24059619      100.000%
                                                  0.12         0.31              0.13         0.32

EXEC_ON_PATH_INST_MEM                          3475093       29.230%          6945517       28.868%
EXEC_ON_PATH_INST_NOTMEM                       6988416       58.781%         13989356       58.145%
EXEC_OFF_PATH_INST_MEM                          585252        4.923%          1264732        5.257%
EXEC_OFF_PATH_INST_NOTMEM                       840102        7.066%          1860014        7.731%
                                              11888863      100.000%         24059619      100.000%
                                                  0.90         0.66              0.92         0.68

EXEC_RA_INST                                         0         -nan%                0         -nan%
EXEC_NONRA_INST                                      0         -nan%                0         -nan%
                                                     0         -nan%                0         -nan%
                                                  -nan         -nan              -nan         -nan

EXEC_ON_PATH_INST_RA                                 0         -nan%                0         -nan%
EXEC_OFF_PATH_INST_RA                                0         -nan%                0         -nan%
                                                     0         -nan%                0         -nan%
                                                  -nan         -nan              -nan         -nan

EXEC_ON_PATH_INST_NONRA                              0         -nan%                0         -nan%
EXEC_OFF_PATH_INST_NONRA                             0         -nan%                0         -nan%
                                                     0         -nan%                0         -nan%
                                                  -nan         -nan              -nan         -nan

EXEC_RA_ON_PATH_INST                                 0         -nan%                0         -nan%
EXEC_RA_OFF_PATH_INST                                0         -nan%                0         -nan%
EXEC_NONRA_ON_PATH_INST                              0         -nan%                0         -nan%
EXEC_NONRA_OFF_PATH_INST                             0         -nan%                0         -nan%
                                                     0         -nan%                0         -nan%
                                                  -nan         -nan              -nan         -nan

ICACHE_THROTTLE_CYCLE                                0                              0              

FETCH_ENABLE_THROTTLE_OFF_PATH                       0         -nan%                0         -nan%
FETCH_ENABLE_THROTTLE_ON_PATH                        0         -nan%                0         -nan%
                                                     0         -nan%                0         -nan%
                                                  -nan         -nan              -nan         -nan

FETCH_DISABLE_THROTTLE_OFF_PATH                      0         -nan%                0         -nan%
FETCH_DISABLE_THROTTLE_ON_PATH                       0         -nan%                0         -nan%
                                                     0         -nan%                0         -nan%
                                                  -nan         -nan              -nan         -nan

FETCH_TH_ADJUST__0                                   0         -nan%                0         -nan%
FETCH_TH_ADJUST__1                                   0         -nan%                0         -nan%
FETCH_TH_ADJUST__2                                   0         -nan%                0         -nan%
FETCH_TH_ADJUST__3                                   0         -nan%                0         -nan%
FETCH_TH_ADJUST__4                                   0         -nan%                0         -nan%
FETCH_TH_ADJUST__5                                   0         -nan%                0         -nan%
FETCH_TH_ADJUST__6                                   0         -nan%                0         -nan%
FETCH_TH_ADJUST__7                                   0         -nan%                0         -nan%
FETCH_TH_ADJUST__8                                   0         -nan%                0         -nan%
FETCH_TH_ADJUST__9                                   0         -nan%                0         -nan%
FETCH_TH_ADJUST__MAX                                 0         -nan%                0         -nan%
                                                     0         -nan%                0         -nan%
                                                  -nan         -nan              -nan         -nan

FETCH_TH_ADJUST_UP                                   0         -nan%                0         -nan%
FETCH_TH_ADJUST_DOWN                                 0         -nan%                0         -nan%
FETCH_TH_ADJUST_SAME                                 0         -nan%                0         -nan%
                                                     0         -nan%                0         -nan%
                                                  -nan         -nan              -nan         -nan

THROTTLE_ADJUST_CACHE_MISS_INFO                      0                              0              

LOW_CONF_COUNT_BP_MIS_0                              0         -nan%                0         -nan%
LOW_CONF_COUNT_BP_MIS_1                              0         -nan%                0         -nan%
LOW_CONF_COUNT_BP_MIS_2                              0         -nan%                0         -nan%
LOW_CONF_COUNT_BP_MIS_3                              0         -nan%                0         -nan%
LOW_CONF_COUNT_BP_MIS_4                              0         -nan%                0         -nan%
LOW_CONF_COUNT_BP_MIS_5                              0         -nan%                0         -nan%
LOW_CONF_COUNT_BP_MIS_6                              0         -nan%                0         -nan%
LOW_CONF_COUNT_BP_MIS_7                              0         -nan%                0         -nan%
LOW_CONF_COUNT_BP_MIS_8                              0         -nan%                0         -nan%
LOW_CONF_COUNT_BP_MIS_9                              0         -nan%                0         -nan%
LOW_CONF_COUNT_BP_MIS_10                             0         -nan%                0         -nan%
LOW_CONF_COUNT_BP_MIS_11                             0         -nan%                0         -nan%
LOW_CONF_COUNT_BP_MIS_12                             0         -nan%                0         -nan%
LOW_CONF_COUNT_BP_MIS_13                             0         -nan%                0         -nan%
LOW_CONF_COUNT_BP_MIS_14                             0         -nan%                0         -nan%
LOW_CONF_COUNT_BP_MIS_15                             0         -nan%                0         -nan%
LOW_CONF_COUNT_BP_MIS_16                             0         -nan%                0         -nan%
LOW_CONF_COUNT_BP_MIS_17                             0         -nan%                0         -nan%
LOW_CONF_COUNT_BP_MIS_18                             0         -nan%                0         -nan%
LOW_CONF_COUNT_BP_MIS_19                             0         -nan%                0         -nan%
LOW_CONF_COUNT_BP_MIS_20                             0         -nan%                0         -nan%
                                                     0         -nan%                0         -nan%
                                                  -nan         -nan              -nan         -nan

LOW_CONF_COUNT_RET_0                                 0         -nan%                0         -nan%
LOW_CONF_COUNT_RET_1                                 0         -nan%                0         -nan%
LOW_CONF_COUNT_RET_2                                 0         -nan%                0         -nan%
LOW_CONF_COUNT_RET_3                                 0         -nan%                0         -nan%
LOW_CONF_COUNT_RET_4                                 0         -nan%                0         -nan%
LOW_CONF_COUNT_RET_5                                 0         -nan%                0         -nan%
LOW_CONF_COUNT_RET_6                                 0         -nan%                0         -nan%
LOW_CONF_COUNT_RET_7                                 0         -nan%                0         -nan%
LOW_CONF_COUNT_RET_8                                 0         -nan%                0         -nan%
LOW_CONF_COUNT_RET_9                                 0         -nan%                0         -nan%
LOW_CONF_COUNT_RET_10                                0         -nan%                0         -nan%
LOW_CONF_COUNT_RET_11                                0         -nan%                0         -nan%
LOW_CONF_COUNT_RET_12                                0         -nan%                0         -nan%
LOW_CONF_COUNT_RET_13                                0         -nan%                0         -nan%
LOW_CONF_COUNT_RET_14                                0         -nan%                0         -nan%
LOW_CONF_COUNT_RET_15                                0         -nan%                0         -nan%
LOW_CONF_COUNT_RET_16                                0         -nan%                0         -nan%
LOW_CONF_COUNT_RET_17                                0         -nan%                0         -nan%
LOW_CONF_COUNT_RET_18                                0         -nan%                0         -nan%
LOW_CONF_COUNT_RET_19                                0         -nan%                0         -nan%
LOW_CONF_COUNT_RET_20                                0         -nan%                0         -nan%
                                                     0         -nan%                0         -nan%
                                                  -nan         -nan              -nan         -nan

CYCLES_RESTEER_MISPRED                               0         -nan%                0         -nan%
CYCLES_RESTEER_MISFETCH                              0         -nan%                0         -nan%
CYCLES_RESTEER_BTB_MISS                              0         -nan%                0         -nan%
                                                     0         -nan%                0         -nan%
                                                  -nan         -nan              -nan         -nan

CYCLES_RESTEER_MISPRED_SAVED_UC_FETCH                0         -nan%                0         -nan%
CYCLES_RESTEER_MISPRED_COULD_BE_SAVED_UC_FETCH             0         -nan%                0         -nan%
CYCLES_RESTEER_MISFETCH_SAVED_UC_FETCH               0         -nan%                0         -nan%
CYCLES_RESTEER_MISFETCH_COULD_BE_SAVED_UC_FETCH             0         -nan%                0         -nan%
CYCLES_RESTEER_BTB_MISS_SAVED_UC_FETCH               0         -nan%                0         -nan%
CYCLES_RESTEER_BTB_MISS_COULD_BE_SAVED_UC_FETCH             0         -nan%                0         -nan%
                                                     0         -nan%                0         -nan%
                                                  -nan         -nan              -nan         -nan

CYCLES_UOC_IC_SWITCH                                 0                              0              



