Scarab gitrev: 6deb50d
Warning: Scarab expects the trace file type to include OFFLINE_FILE_TYPE_ARCH_REGDEPS (0x20000), but got type: 0xe40
Scarab started at Thu May  7 03:40:53 2026

Initialized Ramulator. 
** Heartbeat:   5% -- { 1000005 } -- 0.00 KIPS (1000.00 KIPS)
** Heartbeat:  10% -- { 2000009 } -- 500.00 KIPS (666.67 KIPS)
** Heartbeat:  15% -- { 3000013 } -- 500.00 KIPS (600.00 KIPS)
** Heartbeat:  20% -- { 4000017 } -- 500.00 KIPS (571.43 KIPS)
** Heartbeat:  25% -- { 5000021 } -- 500.00 KIPS (555.56 KIPS)
** Heartbeat:  30% -- { 6000026 } -- 500.00 KIPS (545.46 KIPS)
** Heartbeat:  35% -- { 7000031 } -- 500.00 KIPS (538.46 KIPS)
** Heartbeat:  40% -- { 8000034 } -- 500.00 KIPS (533.34 KIPS)
** Heartbeat:  45% -- { 9000034 } -- 500.00 KIPS (529.41 KIPS)
** Heartbeat:  50% -- { 10000036 } -- 500.00 KIPS (526.32 KIPS)
** Heartbeat:  55% -- { 11000039 } -- 500.00 KIPS (523.81 KIPS)
** Heartbeat:  60% -- { 12000044 } -- 500.00 KIPS (521.74 KIPS)
** Heartbeat:  65% -- { 13000044 } -- 500.00 KIPS (520.00 KIPS)
** Heartbeat:  70% -- { 14000044 } -- 500.00 KIPS (518.52 KIPS)
** Heartbeat:  75% -- { 15000045 } -- 500.00 KIPS (517.24 KIPS)
** Heartbeat:  80% -- { 16000049 } -- 1000.00 KIPS (533.33 KIPS)
** Heartbeat:  85% -- { 17000053 } -- 500.00 KIPS (531.25 KIPS)
** Heartbeat:  90% -- { 18000057 } -- 500.00 KIPS (529.41 KIPS)
** Heartbeat:  95% -- { 19000062 } -- 500.00 KIPS (527.78 KIPS)
Reached end of trace (last_inst) pc=0x7ffff31a0a18
** Core 0 Finished:    insts:19999999    cycles:4867210     time:1521003125000       -- 4.11 IPC (4.11 IPC) --  N/A  KIPS (526.32 KIPS)
Scarab finished at Thu May  7 03:41:31 2026

