/* -*- Mode: c -*- */
####################################################################################################
Core 0
####################################################################################################
Cumulative:        Cycles: 19588648              Instructions: 19999999              IPC: 1.02100

Periodic:          Cycles: 9827643               Instructions: 9999999               IPC: 1.01754

EXECUTION_TIME                           3071138437500                  6121452500000              

SIM_HOST_WALL_SECONDS                        60.325273                      60.325273              

NODE_CYCLE                                     9827643                       19588648              

NODE_INST_COUNT                                9999999                       19999999              

NODE_INST_COUNT_FETCHED                        9999999                       19999999              

NODE_UOP_COUNT                                11969874                       23987085              

EXEC_STAGE_NO_ISSUE_STALL_CYCLE                4467595                        8940226              

EXEC_STAGE_NO_ISSUE_STALL_CYCLE_ONPATH         4467442                        8938836              

FULL_WINDOW_STALL                                  138        0.001%              727        0.004%

FULL_WINDOW_MEM_OP                                 121       91.667%              655       94.653%
FULL_WINDOW_FP_OP                                   11        8.333%               36        5.202%
FULL_WINDOW_OTHER_OP                                 0        0.000%                1        0.145%
                                                   132      100.000%              692      100.000%
                                                  0.08         0.27              0.05         0.23

RET_BLOCKED_DC_MISS                            5256769       53.490%         10674326       54.492%

RET_BLOCKED_L1_MISS                            5187915       52.789%         10531606       53.764%

RET_BLOCKED_L1_MISS_BW_PREF                          0        0.000%                0        0.000%

RET_BLOCKED_L1_ACCESS                           238568        2.428%           455221        2.324%

RET_BLOCKED_MEM_STALL                          5189980       52.810%         10535020       53.781%

RET_BLOCKED_OFFCHIP_DEMAND                           0        0.000%                0        0.000%

OP_ISSUED                                     11969921                       23990181              

OP_RETIRED                                    11969874                       23987085              

OP_MACRO_FUSION_ONPATH                          371322                         723775              

OP_MACRO_FUSION_OFFPATH                             10                            138              

REPLAY_SIGNALED                                      0                              0              

REPLAY_COUNTED                                       0                              0              

OFF_CRITICAL_PATH                                    0         -nan%                0         -nan%
ON_CRITICAL_PATH                                     0         -nan%                0         -nan%
                                                     0         -nan%                0         -nan%
                                                  -nan         -nan              -nan         -nan

LD_NO_DEPENDENTS                                 33819        0.662%            60362        0.592%
LD_DEPENDENTS                                  5072951       99.338%         10135086       99.408%
                                               5106770      100.000%         10195448      100.000%
                                                  0.99         0.99              0.99         0.99

LD_EXEC_CYCLES_0                                     0        0.000%                0        0.000%
LD_EXEC_CYCLES_1                                     0        0.000%                0        0.000%
LD_EXEC_CYCLES_2                                     0        0.000%                0        0.000%
LD_EXEC_CYCLES_3                                  4902       43.292%             9828       43.506%
LD_EXEC_CYCLES_4                                  6421       56.708%            12762       56.494%
                                                 11323      100.000%            22590      100.000%
                                                  3.57         2.73              3.56         2.73

ICACHE_STAGE_STARVED                               422        0.004%             1322        0.007%
ICACHE_STAGE_NOT_STARVED                       9824161       99.996%         19565427       99.993%
                                               9824583      100.000%         19566749      100.000%
                                                  1.00         1.00              1.00         1.00

ICACHE_STAGE_STALLED                           7766635       79.028%         15429075       78.765%
ICACHE_STAGE_NOT_STALLED                       2057948       20.940%          4137674       21.123%
ICACHE_STAGE_OFF_PATH                             3060        0.031%            21899        0.112%
                                               9827643      100.000%         19588648      100.000%
                                                  0.21         0.36              0.21         0.37

DECODE_STAGE_STARVED                           9824668       99.970%         19579705       99.969%
DECODE_STAGE_NOT_STARVED                          2975        0.030%             5989        0.031%
                                               9827643      100.000%         19585694      100.000%
                                                  0.00         0.02              0.00         0.02

DECODE_STAGE_STALLED                             45642        0.464%            85765        0.438%
DECODE_STAGE_NOT_STALLED                       9782001       99.536%         19499929       99.547%
DECODE_STAGE_OFF_PATH                                0        0.000%             2954        0.015%
                                               9827643      100.000%         19588648      100.000%
                                                  1.00         0.00              1.00         0.02

UOPQ_STAGE_STARVED                                2360        0.115%             7766        0.188%
UOPQ_STAGE_NOT_STARVED                         2054462       99.885%          4129166       99.812%
                                               2056822      100.000%          4136932      100.000%
                                                  1.00         1.00              1.00         1.00

UOPQ_STAGE_STALLED                             7768054       79.043%         15432066       78.781%
UOPQ_STAGE_NOT_STALLED                         2056822       20.929%          4136932       21.119%
UOPQ_STAGE_OFF_PATH                               2767        0.028%            19650        0.100%
                                               9827643      100.000%         19588648      100.000%
                                                  0.21         0.36              0.21         0.37

RS_OP_READY_NOT_ISSUED_TOTAL                  13031992                       23411247              

RS_0_OP_READY_NOT_ISSUED                       9456470                       16484640              

RS_1_OP_READY_NOT_ISSUED                       1833462                        3561568              

RS_2_OP_READY_NOT_ISSUED                       1742060                        3365039              

RS_3_OP_READY_NOT_ISSUED                             0                              0              

RS_4_OP_READY_NOT_ISSUED                             0                              0              

RS_5_OP_READY_NOT_ISSUED                             0                              0              

RS_6_OP_READY_NOT_ISSUED                             0                              0              

RS_7_OP_READY_NOT_ISSUED                             0                              0              

RS_7_PLUS_OP_READY_NOT_ISSUED                        0                              0              

FU_IDLE_NO_READY_OPS_TOTAL                    54819307                      110091455              

FU_0_IDLE_NO_READY_OPS                         4879398                        9889417              

FU_1_IDLE_NO_READY_OPS                         5506259                       11146504              

FU_2_IDLE_NO_READY_OPS                         6479192                       12897623              

FU_3_IDLE_NO_READY_OPS                         6587766                       13101927              

FU_4_IDLE_NO_READY_OPS                         5731350                       11600010              

FU_5_IDLE_NO_READY_OPS                         6805126                       13846677              

FU_6_IDLE_NO_READY_OPS                         9428149                       18830943              

FU_7_IDLE_NO_READY_OPS                         9402067                       18778354              

FU_8_IDLE_NO_READY_OPS                               0                              0              

FU_9_IDLE_NO_READY_OPS                               0                              0              

FU_10_IDLE_NO_READY_OPS                              0                              0              

FU_11_IDLE_NO_READY_OPS                              0                              0              

FU_12_IDLE_NO_READY_OPS                              0                              0              

FU_13_IDLE_NO_READY_OPS                              0                              0              

FU_14_IDLE_NO_READY_OPS                              0                              0              

FU_15_IDLE_NO_READY_OPS                              0                              0              

FU_16_IDLE_NO_READY_OPS                              0                              0              

FU_17_IDLE_NO_READY_OPS                              0                              0              

FU_18_IDLE_NO_READY_OPS                              0                              0              

FU_19_IDLE_NO_READY_OPS                              0                              0              

FU_20_IDLE_NO_READY_OPS                              0                              0              

FU_21_IDLE_NO_READY_OPS                              0                              0              

FU_22_IDLE_NO_READY_OPS                              0                              0              

FU_23_IDLE_NO_READY_OPS                              0                              0              

FU_24_IDLE_NO_READY_OPS                              0                              0              

FU_25_IDLE_NO_READY_OPS                              0                              0              

FU_26_IDLE_NO_READY_OPS                              0                              0              

FU_27_IDLE_NO_READY_OPS                              0                              0              

FU_28_IDLE_NO_READY_OPS                              0                              0              

FU_29_IDLE_NO_READY_OPS                              0                              0              

FU_30_IDLE_NO_READY_OPS                              0                              0              

FU_31_IDLE_NO_READY_OPS                              0                              0              

FU_31_PLUS_IDLE_NO_READY_OPS                         0                              0              

MAP_STAGE_STARVED                                  320        0.004%             1735        0.011%
MAP_STAGE_NOT_STARVED                          7728762       99.996%         15086647       99.989%
                                               7729082      100.000%         15088382      100.000%
                                                  1.00         1.00              1.00         1.00

MAP_STAGE_STALLED                              5733792       74.181%         11088513       73.466%
MAP_STAGE_NOT_STALLED                          1995290       25.814%          3999869       26.501%
MAP_STAGE_OFF_PATH                                 407        0.005%             5024        0.033%
                                               7729489      100.000%         15093406      100.000%
                                                  0.26         0.38              0.27         0.38

MAP_STAGE_STALL_ITSELF                         2098154       21.350%          4495242       22.948%
MAP_STAGE_NOT_STALL_ITSELF                     7729489       78.650%         15093406       77.052%
                                               9827643      100.000%         19588648      100.000%
                                                  0.79         0.72              0.77         0.71

MAP_STAGE_LATE_ALLOCATE_SEND_BACK                    0                              0              

MAP_STAGE_RENAME_OP_ONPATH                    11969578                       23987085              

MAP_STAGE_RENAME_OP_OFFPATH                        865                           7524              

MAP_STAGE_RENAME_INT_REG_ONPATH                5172615                       10329305              

MAP_STAGE_RENAME_INT_REG_OFFPATH                   478                           3120              

MAP_STAGE_RENAME_VEC_REG_ONPATH                6335736                       12774294              

MAP_STAGE_RENAME_VEC_REG_OFFPATH                   337                           2151              

MAP_STAGE_RENAME_MOVE_ELIM_ONPATH                    0                              0              

MAP_STAGE_RENAME_MOVE_ELIM_OFFPATH                   0                              0              

MAP_STAGE_ONPATH_INT_REG_NUM_ALLOC             5172698                       10329287              

MAP_STAGE_ONPATH_VEC_REG_NUM_ALLOC             6335920                       12774279              

MAP_STAGE_ONPATH_INT_REG_NUM_SHORTLIVE          644582                        1301080              

MAP_STAGE_ONPATH_VEC_REG_NUM_SHORTLIVE          499083                         988621              

MAP_STAGE_ONPATH_INT_REG_USE_COUNT_0            483869                         929388              

MAP_STAGE_ONPATH_VEC_REG_USE_COUNT_0            132096                         235812              

MAP_STAGE_ONPATH_INT_REG_USE_COUNT_1           4228105                        8511946              

MAP_STAGE_ONPATH_VEC_REG_USE_COUNT_1           5011009                       10040543              

MAP_STAGE_ONPATH_INT_REG_USE_COUNT_2             47886                          87458              

MAP_STAGE_ONPATH_VEC_REG_USE_COUNT_2           1138435                        2377711              

MAP_STAGE_ONPATH_INT_REG_USE_COUNT_3              1252                           2321              

MAP_STAGE_ONPATH_VEC_REG_USE_COUNT_3                 0                              0              

MAP_STAGE_ONPATH_INT_REG_USE_COUNT_4             32530                          59163              

MAP_STAGE_ONPATH_VEC_REG_USE_COUNT_4                 0                              0              

MAP_STAGE_ONPATH_INT_REG_USE_COUNT_5               264                            527              

MAP_STAGE_ONPATH_VEC_REG_USE_COUNT_5                 0                              0              

MAP_STAGE_ONPATH_INT_REG_USE_COUNT_6               520                            918              

MAP_STAGE_ONPATH_VEC_REG_USE_COUNT_6                 0                              0              

MAP_STAGE_ONPATH_INT_REG_USE_COUNT_7_PLUS        378272                         737566              

MAP_STAGE_ONPATH_VEC_REG_USE_COUNT_7_PLUS         54380                         120213              

MAP_STAGE_ONPATH_INT_REG_CONSUME_DIST_0              0        0.0000                0        0.0000

MAP_STAGE_ONPATH_VEC_REG_CONSUME_DIST_0              0        0.0000                0        0.0000

MAP_STAGE_ONPATH_INT_REG_CONSUME_DIST_1              0        0.0000                0        0.0000

MAP_STAGE_ONPATH_VEC_REG_CONSUME_DIST_1              0        0.0000                0        0.0000

MAP_STAGE_ONPATH_INT_REG_CONSUME_DIST_2       35084459      732.6663         71481001      817.3180

MAP_STAGE_ONPATH_VEC_REG_CONSUME_DIST_2       43233272       37.9761         92574956       38.9345

MAP_STAGE_ONPATH_INT_REG_CONSUME_DIST_3        3731790     2980.6629          6571930     2831.5080

MAP_STAGE_ONPATH_VEC_REG_CONSUME_DIST_3              0          -nan                0          -nan

MAP_STAGE_ONPATH_INT_REG_CONSUME_DIST_4        2999526       92.2080          5367328       90.7210

MAP_STAGE_ONPATH_VEC_REG_CONSUME_DIST_4              0          -nan                0          -nan

MAP_STAGE_ONPATH_INT_REG_CONSUME_DIST_5           2340        8.8636             3974        7.5408

MAP_STAGE_ONPATH_VEC_REG_CONSUME_DIST_5              0          -nan                0          -nan

MAP_STAGE_ONPATH_INT_REG_CONSUME_DIST_6        1916359     3685.3058          3424290     3730.1634

MAP_STAGE_ONPATH_VEC_REG_CONSUME_DIST_6              0          -nan                0          -nan

MAP_STAGE_ONPATH_INT_REG_CONSUME_DIST_7_PLUS     161130014      425.9634        315699802      428.0292

MAP_STAGE_ONPATH_VEC_REG_CONSUME_DIST_7_PLUS      28355962      521.4410         58240689      484.4791

MAP_STAGE_INT_REG_ISSUE_READ_TOTAL_CONSUMED      13022012        2.9148         25886955        2.8956

MAP_STAGE_VEC_REG_ISSUE_READ_TOTAL_CONSUMED       8837176        1.9781         18062031        2.0203

MAP_STAGE_INT_REG_ISSUE_READ_MULTI_CONSUMED       8333089        1.8652         16486557        1.8441

MAP_STAGE_VEC_REG_ISSUE_READ_MULTI_CONSUMED       2633458        0.5895          5523543        0.6178

MAP_STAGE_INT_REG_ISSUE_READ_SAME_CYCLE_CONSUMED       1206762        0.2701          2400763        0.2685

MAP_STAGE_VEC_REG_ISSUE_READ_SAME_CYCLE_CONSUMED        787122        0.1762          1616676        0.1808

MAP_STAGE_INT_REG_ISSUE_READ_TOTAL_CONSUMED_ONPATH      13021647        2.9148         25885266        2.8958

MAP_STAGE_VEC_REG_ISSUE_READ_TOTAL_CONSUMED_ONPATH       8837176        1.9781         18062009        2.0206

MAP_STAGE_INT_REG_ISSUE_READ_MULTI_CONSUMED_ONPATH       8332856        1.8652         16485338        1.8442

MAP_STAGE_VEC_REG_ISSUE_READ_MULTI_CONSUMED_ONPATH       2633458        0.5895          5523529        0.6179

MAP_STAGE_INT_REG_ISSUE_READ_SAME_CYCLE_CONSUMED_ONPATH       1206666        0.2701          2400363        0.2685

MAP_STAGE_VEC_REG_ISSUE_READ_SAME_CYCLE_CONSUMED_ONPATH        787122        0.1762          1616671        0.1809

MAP_STAGE_ONPATH_INT_REG_LIFECYCLE_EMPTY     231222695                      466868913              

MAP_STAGE_ONPATH_VEC_REG_LIFECYCLE_EMPTY     743389099                     1478339621              

MAP_STAGE_ONPATH_INT_REG_LIFECYCLE_IN_USE     662125978                     1310505841              

MAP_STAGE_ONPATH_VEC_REG_LIFECYCLE_IN_USE    1087414136                     2165520351              

MAP_STAGE_ONPATH_INT_REG_LIFECYCLE_SPEC_RELEASE    1421132712                     2827330195              

MAP_STAGE_ONPATH_VEC_REG_LIFECYCLE_SPEC_RELEASE    1683508164                     3357206178              

MAP_STAGE_ONPATH_INT_REG_LIFECYCLE_NONSPEC_RELEASE    1421132712                     2827330195              

MAP_STAGE_ONPATH_VEC_REG_LIFECYCLE_NONSPEC_RELEASE    1683508164                     3357206178              

MAP_STAGE_ONPATH_INT_REG_LIFECYCLE_TOTAL    1421132712                     2827330195              

MAP_STAGE_ONPATH_VEC_REG_LIFECYCLE_TOTAL    1683508164                     3357206178              

MAP_STAGE_ONPATH_INT_REG_NUM_NONBRANCH         5172698                       10329287              

MAP_STAGE_ONPATH_VEC_REG_NUM_NONBRANCH         6335920                       12774279              

MAP_STAGE_ONPATH_INT_REG_NUM_NONEXCEPT         5172698                       10329287              

MAP_STAGE_ONPATH_VEC_REG_NUM_NONEXCEPT         6335920                       12774279              

MAP_STAGE_ONPATH_INT_REG_NUM_ATOMIC            5172698                       10329287              

MAP_STAGE_ONPATH_VEC_REG_NUM_ATOMIC            6335920                       12774279              

MAP_STAGE_ONPATH_INT_REG_ATOMIC_REDEFINED_DIST_TOTAL    1421132712      274.7372       2827330195      273.7198

MAP_STAGE_ONPATH_VEC_REG_ATOMIC_REDEFINED_DIST_TOTAL    1683508164      265.7086       3357206178      262.8098

MAP_STAGE_ONPATH_INT_REG_ATOMIC_CONSUMED_DIST_TOTAL     662125978      128.0040       1310505841      126.8728

MAP_STAGE_ONPATH_VEC_REG_ATOMIC_CONSUMED_DIST_TOTAL    1087414136      171.6269       2165520351      169.5219

MAP_STAGE_ONPATH_INT_REG_ATOMIC_RELEASE_DIST_TOTAL    1421132712      274.7372       2827330195      273.7198

MAP_STAGE_ONPATH_VEC_REG_ATOMIC_RELEASE_DIST_TOTAL    1683508164      265.7086       3357206178      262.8098

EXEC_STAGE_STARVED                             6116027       62.233%         12392486       63.264%
EXEC_STAGE_NOT_STARVED                         3711474       37.766%          7194250       36.727%
EXEC_STAGE_OFF_PATH                                142        0.001%             1912        0.010%
                                               9827643      100.000%         19588648      100.000%
                                                  0.38         0.38              0.37         0.38

FU_BUSY_0                                      4174741                        8117743              

FU_BUSY_1                                      1905058                        3818797              

FU_BUSY_2                                      2907019                        5801249              

FU_BUSY_3                                      2792396                        5583631              

FU_BUSY_4                                      1159937                        2352015              

FU_BUSY_5                                       379031                         745678              

FU_BUSY_6                                       271401                         512850              

FU_BUSY_7                                       287793                         547419              

FU_BUSY_8                                            0                              0              

FU_BUSY_9                                            0                              0              

FU_BUSY_10                                           0                              0              

FU_BUSY_11                                           0                              0              

FU_BUSY_12                                           0                              0              

FU_BUSY_13                                           0                              0              

FU_BUSY_14                                           0                              0              

FU_BUSY_15                                           0                              0              

FU_BUSY_16                                           0                              0              

FU_BUSY_17                                           0                              0              

FU_BUSY_18                                           0                              0              

FU_BUSY_19                                           0                              0              

FU_BUSY_20                                           0                              0              

FU_BUSY_21                                           0                              0              

FU_BUSY_22                                           0                              0              

FU_BUSY_23                                           0                              0              

FU_BUSY_24                                           0                              0              

FU_BUSY_25                                           0                              0              

FU_BUSY_26                                           0                              0              

FU_BUSY_27                                           0                              0              

FU_BUSY_28                                           0                              0              

FU_BUSY_29                                           0                              0              

FU_BUSY_30                                           0                              0              

FU_BUSY_31                                           0                              0              

FU_REJECTED_OP_INV_NOT_SIMD                          0        0.000%                0        0.000%
FU_REJECTED_OP_NOP_NOT_SIMD                          0        0.000%                0        0.000%
FU_REJECTED_OP_CF_NOT_SIMD                         154        0.008%              239        0.007%
FU_REJECTED_OP_MOV_NOT_SIMD                        216        0.012%              328        0.010%
FU_REJECTED_OP_CMOV_NOT_SIMD                         0        0.000%                0        0.000%
FU_REJECTED_OP_LDA_NOT_SIMD                       2871        0.156%             4594        0.137%
FU_REJECTED_OP_IMEM_NOT_SIMD                    197869       10.781%           401255       11.999%
FU_REJECTED_OP_IADD_NOT_SIMD                       167        0.009%              291        0.009%
FU_REJECTED_OP_IMUL_NOT_SIMD                         0        0.000%               20        0.001%
FU_REJECTED_OP_IDIV_NOT_SIMD                         0        0.000%                0        0.000%
FU_REJECTED_OP_ICMP_NOT_SIMD                         0        0.000%                0        0.000%
FU_REJECTED_OP_LOGIC_NOT_SIMD                       75        0.004%              157        0.005%
FU_REJECTED_OP_SHIFT_NOT_SIMD                        0        0.000%                0        0.000%
FU_REJECTED_OP_FMEM_NOT_SIMD                         0        0.000%                0        0.000%
FU_REJECTED_OP_FCVT_NOT_SIMD                         0        0.000%                0        0.000%
FU_REJECTED_OP_FADD_NOT_SIMD                         0        0.000%                0        0.000%
FU_REJECTED_OP_FMUL_NOT_SIMD                         0        0.000%                0        0.000%
FU_REJECTED_OP_FMA_NOT_SIMD                          0        0.000%                0        0.000%
FU_REJECTED_OP_FDIV_NOT_SIMD                         0        0.000%                0        0.000%
FU_REJECTED_OP_FCMP_NOT_SIMD                         0        0.000%                0        0.000%
FU_REJECTED_OP_FCMOV_NOT_SIMD                        0        0.000%                0        0.000%
FU_REJECTED_OP_GATHER_NOT_SIMD                       0        0.000%                0        0.000%
FU_REJECTED_OP_SCATTER_NOT_SIMD                      0        0.000%                0        0.000%
FU_REJECTED_OP_PIPELINED_FAST_NOT_SIMD               0        0.000%                0        0.000%
FU_REJECTED_OP_PIPELINED_MEDIUM_NOT_SIMD             0        0.000%                0        0.000%
FU_REJECTED_OP_PIPELINED_SLOW_NOT_SIMD               0        0.000%                0        0.000%
FU_REJECTED_OP_NOTPIPELINED_MEDIUM_NOT_SIMD             0        0.000%                0        0.000%
FU_REJECTED_OP_NOTPIPELINED_SLOW_NOT_SIMD             0        0.000%                0        0.000%
FU_REJECTED_OP_NOTPIPELINED_VERY_SLOW_NOT_SIMD             0        0.000%                0        0.000%
FU_REJECTED_OP_INV_SIMD                              0        0.000%                0        0.000%
FU_REJECTED_OP_NOP_SIMD                              0        0.000%                0        0.000%
FU_REJECTED_OP_CF_SIMD                               0        0.000%                0        0.000%
FU_REJECTED_OP_MOV_SIMD                              0        0.000%                6        0.000%
FU_REJECTED_OP_CMOV_SIMD                             0        0.000%                0        0.000%
FU_REJECTED_OP_LDA_SIMD                              0        0.000%                0        0.000%
FU_REJECTED_OP_IMEM_SIMD                             0        0.000%                0        0.000%
FU_REJECTED_OP_IADD_SIMD                             0        0.000%                0        0.000%
FU_REJECTED_OP_IMUL_SIMD                             0        0.000%                0        0.000%
FU_REJECTED_OP_IDIV_SIMD                             0        0.000%                0        0.000%
FU_REJECTED_OP_ICMP_SIMD                             0        0.000%                0        0.000%
FU_REJECTED_OP_LOGIC_SIMD                            0        0.000%                0        0.000%
FU_REJECTED_OP_SHIFT_SIMD                            0        0.000%                0        0.000%
FU_REJECTED_OP_FMEM_SIMD                             0        0.000%                0        0.000%
FU_REJECTED_OP_FCVT_SIMD                        330723       18.020%           655220       19.594%
FU_REJECTED_OP_FADD_SIMD                         12397        0.675%            22453        0.671%
FU_REJECTED_OP_FMUL_SIMD                             0        0.000%                0        0.000%
FU_REJECTED_OP_FMA_SIMD                            473        0.026%              763        0.023%
FU_REJECTED_OP_FDIV_SIMD                           141        0.008%              235        0.007%
FU_REJECTED_OP_FCMP_SIMD                             7        0.000%               10        0.000%
FU_REJECTED_OP_FCMOV_SIMD                      1290188       70.299%          2258379       67.536%
FU_REJECTED_OP_GATHER_SIMD                           8        0.000%               11        0.000%
FU_REJECTED_OP_SCATTER_SIMD                          0        0.000%                0        0.000%
FU_REJECTED_OP_PIPELINED_FAST_SIMD                   0        0.000%                0        0.000%
FU_REJECTED_OP_PIPELINED_MEDIUM_SIMD                 0        0.000%                0        0.000%
FU_REJECTED_OP_PIPELINED_SLOW_SIMD                   0        0.000%                0        0.000%
FU_REJECTED_OP_NOTPIPELINED_MEDIUM_SIMD              0        0.000%                0        0.000%
FU_REJECTED_OP_NOTPIPELINED_SLOW_SIMD                0        0.000%                0        0.000%
FU_REJECTED_OP_NOTPIPELINED_VERY_SLOW_SIMD             0        0.000%                0        0.000%
                                               1835289      100.000%          3343961      100.000%
                                                 43.16        13.25             42.56        13.81

LSQ_FULL_TOTAL                                 5782085                       11181176              

LSQ_FULL_LOAD_QUEUE                            5782085                       11181176              

LSQ_FULL_STORE_QUEUE                                 0                              0              

OP_WAIT_0                                      5604243                       11387097              

OP_WAIT_1                                      2065846                        4087963              

OP_WAIT_2                                       832996                        1664263              

OP_WAIT_3                                       407386                         811864              

OP_WAIT_4                                       303613                         608229              

OP_WAIT_5                                       250990                         501497              

OP_WAIT_6                                       207112                         416310              

OP_WAIT_7                                       188504                         379002              

OP_WAIT_8                                       198811                         393925              

OP_WAIT_9                                       186067                         373428              

OP_WAIT_10                                      170413                         339891              

OP_WAIT_11                                      149021                         294632              

OP_WAIT_12                                      122648                         240939              

OP_WAIT_13                                      106412                         208000              

OP_WAIT_14                                       91597                         180385              

OP_WAIT_15                                       87740                         172834              

OP_WAIT_16                                       73232                         143347              

OP_WAIT_17                                       62298                         122285              

OP_WAIT_18                                       59299                         114799              

OP_WAIT_19                                       50525                          97501              

OP_WAIT_20                                       48409                          93279              

OP_WAIT_21                                       38793                          73560              

OP_WAIT_22                                       37833                          71272              

OP_WAIT_23                                       32858                          62092              

OP_WAIT_24                                       32381                          60798              

OP_WAIT_25                                       28849                          53932              

OP_WAIT_26                                       26243                          47135              

OP_WAIT_27                                       27624                          52616              

OP_WAIT_28                                       22253                          40806              

OP_WAIT_29                                       19665                          37065              

OP_WAIT_30                                       19278                          36410              

OP_WAIT_31                                      416935                         819929              

ROW_SIZE_0                                     7448475                       14830886              

ROW_SIZE_1                                      358119                         700653              

ROW_SIZE_2                                       70523                         150390              

ROW_SIZE_3                                       41416                          81815              

ROW_SIZE_4                                       33139                          60988              

ROW_SIZE_5                                       41921                          85819              

ROW_SIZE_6                                     1834050                        3677860              

ROW_SIZE_7                                           0                              0              

ROW_SIZE_8                                           0                              0              

ROW_SIZE_9                                           0                              0              

ROW_SIZE_10                                          0                              0              

ROW_SIZE_11                                          0                              0              

ROW_SIZE_12                                          0                              0              

ROW_SIZE_13                                          0                              0              

ROW_SIZE_14                                          0                              0              

ROW_SIZE_15                                          0                              0              

ROW_SIZE_16                                          0                              0              

ROW_SIZE_17                                          0                              0              

ROW_SIZE_18                                          0                              0              

ROW_SIZE_19                                          0                              0              

ROW_SIZE_20                                          0                              0              

ROW_SIZE_21                                          0                              0              

ROW_SIZE_22                                          0                              0              

ROW_SIZE_23                                          0                              0              

ROW_SIZE_24                                          0                              0              

ROW_SIZE_25                                          0                              0              

ROW_SIZE_26                                          0                              0              

ROW_SIZE_27                                          0                              0              

ROW_SIZE_28                                          0                              0              

ROW_SIZE_29                                          0                              0              

ROW_SIZE_30                                          0                              0              

ROW_SIZE_31                                          0                              0              

RET_OP_EXEC_COUNT_0                                  0        0.000%                0        0.000%
RET_OP_EXEC_COUNT_1                           11969874      100.000%         23987085      100.000%
RET_OP_EXEC_COUNT_2                                  0        0.000%                0        0.000%
RET_OP_EXEC_COUNT_3                                  0        0.000%                0        0.000%
RET_OP_EXEC_COUNT_4                                  0        0.000%                0        0.000%
RET_OP_EXEC_COUNT_5                                  0        0.000%                0        0.000%
RET_OP_EXEC_COUNT_6                                  0        0.000%                0        0.000%
RET_OP_EXEC_COUNT_7                                  0        0.000%                0        0.000%
RET_OP_EXEC_COUNT_8                                  0        0.000%                0        0.000%
RET_OP_EXEC_COUNT_9                                  0        0.000%                0        0.000%
RET_OP_EXEC_COUNT_10                                 0        0.000%                0        0.000%
RET_OP_EXEC_COUNT_11                                 0        0.000%                0        0.000%
RET_OP_EXEC_COUNT_12                                 0        0.000%                0        0.000%
RET_OP_EXEC_COUNT_13                                 0        0.000%                0        0.000%
RET_OP_EXEC_COUNT_14                                 0        0.000%                0        0.000%
RET_OP_EXEC_COUNT_15                                 0        0.000%                0        0.000%
RET_OP_EXEC_COUNT_16                                 0        0.000%                0        0.000%
RET_OP_EXEC_COUNT_17                                 0        0.000%                0        0.000%
RET_OP_EXEC_COUNT_18                                 0        0.000%                0        0.000%
RET_OP_EXEC_COUNT_19                                 0        0.000%                0        0.000%
RET_OP_EXEC_COUNT_20                                 0        0.000%                0        0.000%
RET_OP_EXEC_COUNT_21                                 0        0.000%                0        0.000%
RET_OP_EXEC_COUNT_22                                 0        0.000%                0        0.000%
RET_OP_EXEC_COUNT_23                                 0        0.000%                0        0.000%
RET_OP_EXEC_COUNT_24                                 0        0.000%                0        0.000%
RET_OP_EXEC_COUNT_25                                 0        0.000%                0        0.000%
RET_OP_EXEC_COUNT_26                                 0        0.000%                0        0.000%
RET_OP_EXEC_COUNT_27                                 0        0.000%                0        0.000%
RET_OP_EXEC_COUNT_28                                 0        0.000%                0        0.000%
RET_OP_EXEC_COUNT_29                                 0        0.000%                0        0.000%
RET_OP_EXEC_COUNT_30                                 0        0.000%                0        0.000%
RET_OP_EXEC_COUNT_31                                 0        0.000%                0        0.000%
RET_OP_EXEC_COUNT_32                                 0        0.000%                0        0.000%
                                              11969874      100.000%         23987085      100.000%
                                                  1.00         0.00              1.00         0.00

RET_STALL_LENGTH_0                            11954698       99.873%         23955366       99.868%
RET_STALL_LENGTH_100                             10199        0.085%            22320        0.093%
RET_STALL_LENGTH_200                              2228        0.019%             4363        0.018%
RET_STALL_LENGTH_300                              1107        0.009%             2076        0.009%
RET_STALL_LENGTH_400                               801        0.007%             1420        0.006%
RET_STALL_LENGTH_500                               332        0.003%              555        0.002%
RET_STALL_LENGTH_600                                91        0.001%              164        0.001%
RET_STALL_LENGTH_700                                51        0.000%               94        0.000%
RET_STALL_LENGTH_800                                29        0.000%               41        0.000%
RET_STALL_LENGTH_900                                 8        0.000%               12        0.000%
RET_STALL_LENGTH_1000                                5        0.000%                7        0.000%
RET_STALL_LENGTH_1100                               72        0.001%              141        0.001%
RET_STALL_LENGTH_1200                              167        0.001%              371        0.002%
RET_STALL_LENGTH_1300                               28        0.000%               54        0.000%
RET_STALL_LENGTH_1400                               14        0.000%               24        0.000%
RET_STALL_LENGTH_1500                               18        0.000%               26        0.000%
RET_STALL_LENGTH_1600                               15        0.000%               28        0.000%
RET_STALL_LENGTH_1700                                7        0.000%               14        0.000%
RET_STALL_LENGTH_1800                                4        0.000%                8        0.000%
RET_STALL_LENGTH_1900                                0        0.000%                0        0.000%
RET_STALL_LENGTH_2000                                0        0.000%                1        0.000%
RET_STALL_LENGTH_2100                                0        0.000%                0        0.000%
RET_STALL_LENGTH_2200                                0        0.000%                0        0.000%
RET_STALL_LENGTH_2300                                0        0.000%                0        0.000%
RET_STALL_LENGTH_2400                                0        0.000%                0        0.000%
RET_STALL_LENGTH_2500                                0        0.000%                0        0.000%
RET_STALL_LENGTH_2600                                0        0.000%                0        0.000%
RET_STALL_LENGTH_2700                                0        0.000%                0        0.000%
RET_STALL_LENGTH_2800                                0        0.000%                0        0.000%
RET_STALL_LENGTH_2900                                0        0.000%                0        0.000%
RET_STALL_LENGTH_3000                                0        0.000%                0        0.000%
RET_STALL_LENGTH_3100                                0        0.000%                0        0.000%
RET_STALL_LENGTH_3200                                0        0.000%                0        0.000%
RET_STALL_LENGTH_3300                                0        0.000%                0        0.000%
RET_STALL_LENGTH_3400                                0        0.000%                0        0.000%
RET_STALL_LENGTH_3500                                0        0.000%                0        0.000%
RET_STALL_LENGTH_3600                                0        0.000%                0        0.000%
RET_STALL_LENGTH_3700                                0        0.000%                0        0.000%
RET_STALL_LENGTH_3800                                0        0.000%                0        0.000%
RET_STALL_LENGTH_3900                                0        0.000%                0        0.000%
RET_STALL_LENGTH_4000                                0        0.000%                0        0.000%
RET_STALL_LENGTH_4100                                0        0.000%                0        0.000%
RET_STALL_LENGTH_4200                                0        0.000%                0        0.000%
RET_STALL_LENGTH_4300                                0        0.000%                0        0.000%
RET_STALL_LENGTH_4400                                0        0.000%                0        0.000%
RET_STALL_LENGTH_4500                                0        0.000%                0        0.000%
RET_STALL_LENGTH_4600                                0        0.000%                0        0.000%
RET_STALL_LENGTH_4700                                0        0.000%                0        0.000%
RET_STALL_LENGTH_4800                                0        0.000%                0        0.000%
RET_STALL_LENGTH_4900                                0        0.000%                0        0.000%
RET_STALL_LENGTH_5000                                0        0.000%                0        0.000%
                                              11969874      100.000%         23987085      100.000%
                                                  0.00         0.10              0.00         0.09

MEM_BLOCK_LENGTH_0                                  29       78.378%               45       73.770%
MEM_BLOCK_LENGTH_100                                 0        0.000%                4        6.557%
MEM_BLOCK_LENGTH_200                                 2        5.405%                3        4.918%
MEM_BLOCK_LENGTH_300                                 2        5.405%                2        3.279%
MEM_BLOCK_LENGTH_400                                 0        0.000%                0        0.000%
MEM_BLOCK_LENGTH_500                                 1        2.703%                3        4.918%
MEM_BLOCK_LENGTH_600                                 1        2.703%                2        3.279%
MEM_BLOCK_LENGTH_700                                 0        0.000%                0        0.000%
MEM_BLOCK_LENGTH_800                                 1        2.703%                1        1.639%
MEM_BLOCK_LENGTH_900                                 0        0.000%                0        0.000%
MEM_BLOCK_LENGTH_1000                                0        0.000%                0        0.000%
MEM_BLOCK_LENGTH_1100                                0        0.000%                0        0.000%
MEM_BLOCK_LENGTH_1200                                1        2.703%                1        1.639%
MEM_BLOCK_LENGTH_1300                                0        0.000%                0        0.000%
MEM_BLOCK_LENGTH_1400                                0        0.000%                0        0.000%
MEM_BLOCK_LENGTH_1500                                0        0.000%                0        0.000%
MEM_BLOCK_LENGTH_1600                                0        0.000%                0        0.000%
MEM_BLOCK_LENGTH_1700                                0        0.000%                0        0.000%
MEM_BLOCK_LENGTH_1800                                0        0.000%                0        0.000%
MEM_BLOCK_LENGTH_1900                                0        0.000%                0        0.000%
MEM_BLOCK_LENGTH_2000                                0        0.000%                0        0.000%
MEM_BLOCK_LENGTH_2100                                0        0.000%                0        0.000%
MEM_BLOCK_LENGTH_2200                                0        0.000%                0        0.000%
MEM_BLOCK_LENGTH_2300                                0        0.000%                0        0.000%
MEM_BLOCK_LENGTH_2400                                0        0.000%                0        0.000%
MEM_BLOCK_LENGTH_2500                                0        0.000%                0        0.000%
MEM_BLOCK_LENGTH_2600                                0        0.000%                0        0.000%
MEM_BLOCK_LENGTH_2700                                0        0.000%                0        0.000%
MEM_BLOCK_LENGTH_2800                                0        0.000%                0        0.000%
MEM_BLOCK_LENGTH_2900                                0        0.000%                0        0.000%
MEM_BLOCK_LENGTH_3000                                0        0.000%                0        0.000%
MEM_BLOCK_LENGTH_3100                                0        0.000%                0        0.000%
MEM_BLOCK_LENGTH_3200                                0        0.000%                0        0.000%
MEM_BLOCK_LENGTH_3300                                0        0.000%                0        0.000%
MEM_BLOCK_LENGTH_3400                                0        0.000%                0        0.000%
MEM_BLOCK_LENGTH_3500                                0        0.000%                0        0.000%
MEM_BLOCK_LENGTH_3600                                0        0.000%                0        0.000%
MEM_BLOCK_LENGTH_3700                                0        0.000%                0        0.000%
MEM_BLOCK_LENGTH_3800                                0        0.000%                0        0.000%
MEM_BLOCK_LENGTH_3900                                0        0.000%                0        0.000%
MEM_BLOCK_LENGTH_4000                                0        0.000%                0        0.000%
MEM_BLOCK_LENGTH_4100                                0        0.000%                0        0.000%
MEM_BLOCK_LENGTH_4200                                0        0.000%                0        0.000%
MEM_BLOCK_LENGTH_4300                                0        0.000%                0        0.000%
MEM_BLOCK_LENGTH_4400                                0        0.000%                0        0.000%
MEM_BLOCK_LENGTH_4500                                0        0.000%                0        0.000%
MEM_BLOCK_LENGTH_4600                                0        0.000%                0        0.000%
MEM_BLOCK_LENGTH_4700                                0        0.000%                0        0.000%
MEM_BLOCK_LENGTH_4800                                0        0.000%                0        0.000%
MEM_BLOCK_LENGTH_4900                                0        0.000%                0        0.000%
MEM_BLOCK_LENGTH_5000                                0        0.000%                0        0.000%
                                                    37      100.000%               61      100.000%
                                                  1.11         2.44              1.03         2.14

FUS_BUSY_ON_PATH                              13877102        1.4120         27476205        1.4027

FUS_BUSY_OFF_PATH                                  274        0.0000             3177        0.0002

FU_BUSY_MEM_STALL                               613327        0.0624          1224477        0.0625

FUS_EMPTY                                     64743768        6.5879        129229802        6.5972

FU_UNAVAILABLE                                 1294134        0.1317          2264745        0.1156

FU_MEM_UNAVAILABLE                              541155        0.0551          1079216        0.0551

FU_OTHER_UNAVAILABLE                                 0        0.0000                0        0.0000

FU_REPLAY                                            0        0.0000                0        0.0000

FU_STARVED                                    64743724        6.5879        129229557        6.5972

CHIP_UTILIZATION                                     0        0.0000                0        0.0000

CYCLES_UNDER_MEM_REQ                                 0                              0              

CYCLES_UNDER_NO_MEM_REQ                              0                              0              

CYCLES_UNDER_CRITICAL_MEM_REQ                        0                              0              

CYCLES_UNDER_NONCRITICAL_MEM_REQ                     0                              0              

CHIP_UTILIZATION_UNDER_MEM_REQ                       0          -nan                0          -nan

CHIP_UTILIZATION_UNDER_NO_MEM_REQ                    0          -nan                0          -nan

CHIP_UTILIZATION_UNDER_CRITICAL_MEM_REQ              0          -nan                0          -nan

CHIP_UTILIZATION_UNDER_NONCRITICAL_MEM_REQ             0          -nan                0          -nan

CYCLES_NOT_WAITING_FOR_OFF_CHIP                      0        0.0000                0        0.0000

FUS_BUSY_NOT_WAITING_FOR_OFF_CHIP                    0          -nan                0          -nan

CYCLES_WAITING_FOR_OFF_CHIP                          0        0.0000                0        0.0000

FUS_BUSY_WAITING_FOR_OFF_CHIP                        0          -nan                0          -nan

TOTAL_OFF_CHIP_DELAYS_LEFT                           0                              0              

WRONG_IO_SCHED                                       0                              0              

DVFS_CONFIG_SWITCH                                   0                              0              

MAP_STAGE_RECEIVED_OPS_0                             0        0.000%                0        0.000%
MAP_STAGE_RECEIVED_OPS_1                             8        0.000%               28        0.001%
MAP_STAGE_RECEIVED_OPS_2                            14        0.001%              124        0.003%
MAP_STAGE_RECEIVED_OPS_3                            20        0.001%               46        0.001%
MAP_STAGE_RECEIVED_OPS_4                            20        0.001%              146        0.004%
MAP_STAGE_RECEIVED_OPS_5                            21        0.001%              277        0.007%
MAP_STAGE_RECEIVED_OPS_6                       1994872       99.996%          3997412       99.984%
MAP_STAGE_RECEIVED_OPS_7                             0        0.000%                0        0.000%
MAP_STAGE_RECEIVED_OPS_8                             0        0.000%                0        0.000%
MAP_STAGE_RECEIVED_OPS_MAX                           0        0.000%                0        0.000%
                                               1994955      100.000%          3998033      100.000%
                                                  6.00         0.02              6.00         0.03

MAP_STAGE_WAIT_FOR_DECODE                            0         -nan%                0         -nan%
MAP_STAGE_CONSUME_DECODE                             0         -nan%                0         -nan%
                                                     0         -nan%                0         -nan%
                                                  -nan         -nan              -nan         -nan

MAP_STAGE_WAIT_FOR_DECODE2                           0         -nan%                0         -nan%
MAP_STAGE_CONSUME_DECODE2                            0         -nan%                0         -nan%
                                                     0         -nan%                0         -nan%
                                                  -nan         -nan              -nan         -nan

FTQ_RECOVER_EXEC                                    15                            101              

FTQ_RECOVER_DECODE                                   0                              4              

FTQ_OFFPATH_CYCLES                               13301                          60641              

FTQ_CYCLES_OFFPATH                               13301                          60641              

FTQ_CYCLES_ONPATH                              9814342                       19528007              

FTQ_FETCHED_INS_ONPATH                        11969038                       23987085              

FTQ_FETCHED_INS_OFFPATH                          19603                          82966              

FTQ_BREAK_FULL_FT_ONPATH                       9811663                       19519207              

FTQ_BREAK_FULL_FT_OFFPATH                        13292                          60053              

FTQ_BREAK_PRED_BR_ONPATH                             0                              0              

FTQ_BREAK_PRED_BR_OFFPATH                            0                              0              

FTQ_BREAK_BAR_FETCH_ONPATH                           0                              0              

FTQ_BREAK_BAR_FETCH_OFFPATH                          0                              0              

FTQ_BREAK_MAX_CFS_TAKEN_ONPATH                       0                              0              

FTQ_BREAK_MAX_CFS_TAKEN_OFFPATH                      0                              0              

FTQ_BREAK_MAX_FT_ONPATH                           2274                           8395              

FTQ_BREAK_MAX_FT_OFFPATH                             9                            588              

DFE_GEN_ON_PATH_FT                             1174826                        2354084              

DFE_GEN_OFF_PATH_FT                               2189                           8279              

DFE_L0_ENABLED_PREDICTIONS                    11969038                       23987085              

DFE_L0_WRONG_MAIN_CORRECT                         1701                           3239              

DFE_L0_WRONG_MAIN_WRONG                             14                             86              

DFE_L0_CORRECT_MAIN_WRONG                            1                             19              

DFE_L0_CORRECT_MAIN_CORRECT                   11967322                       23983741              

DFE_L0_WRONG_MAIN_CORRECT_RECOVERY_SCHEDULED             0                              0              

FTQ_SAW_BAR_FETCH_OFFPATH                            0                              0              

FTQ_SAW_BAR_FETCH_ONPATH                             0                              0              

DFE_CONF_0_MISPRED                                   0         -nan%                0         -nan%
DFE_CONF_1_MISPRED                                   0         -nan%                0         -nan%
DFE_CONF_2_MISPRED                                   0         -nan%                0         -nan%
DFE_CONF_3_MISPRED                                   0         -nan%                0         -nan%
DFE_CONF_0_CORRECT                                   0         -nan%                0         -nan%
DFE_CONF_1_CORRECT                                   0         -nan%                0         -nan%
DFE_CONF_2_CORRECT                                   0         -nan%                0         -nan%
DFE_CONF_3_CORRECT                                   0         -nan%                0         -nan%
                                                     0         -nan%                0         -nan%
                                                  -nan         -nan              -nan         -nan

DFE_ON_CONF_ON_OPS                                   0         -nan%                0         -nan%
DFE_ON_CONF_OFF_OPS                                  0         -nan%                0         -nan%
DFE_OFF_CONF_ON_OPS                                  0         -nan%                0         -nan%
DFE_OFF_CONF_OFF_REALISTIC_OPS                       0         -nan%                0         -nan%
DFE_OFF_CONF_OFF_PERFECT_OPS                         0         -nan%                0         -nan%
                                                     0         -nan%                0         -nan%
                                                  -nan         -nan              -nan         -nan

DFE_ON_CONF_ON_FETCH_TARGETS                         0         -nan%                0         -nan%
DFE_ON_CONF_OFF_FETCH_TARGETS                        0         -nan%                0         -nan%
DFE_OFF_CONF_ON_FETCH_TARGETS                        0         -nan%                0         -nan%
DFE_OFF_CONF_OFF_REALISTIC_FETCH_TARGETS             0         -nan%                0         -nan%
DFE_OFF_CONF_OFF_PERFECT_FETCH_TARGETS               0         -nan%                0         -nan%
                                                     0         -nan%                0         -nan%
                                                  -nan         -nan              -nan         -nan

DFE_ON_CONF_ON_CYCLES                                0         -nan%                0         -nan%
DFE_ON_CONF_OFF_CYCLES                               0         -nan%                0         -nan%
DFE_OFF_CONF_ON_CYCLES                               0         -nan%                0         -nan%
DFE_OFF_CONF_OFF_REALISTIC_CYCLES                    0         -nan%                0         -nan%
DFE_OFF_CONF_OFF_PERFECT_CYCLES                      0         -nan%                0         -nan%
                                                     0         -nan%                0         -nan%
                                                  -nan         -nan              -nan         -nan

DFE_OFF_CONF_ON_NUM_EVENTS                           0                              0              

DFE_OFF_CONF_ON_NOT_IDENTIFIED_EVENTS                0         -nan%                0         -nan%
DFE_OFF_CONF_ON_IBTB_MISS_EVENTS                     0         -nan%                0         -nan%
DFE_OFF_CONF_ON_BTB_MISS_EVENTS                      0         -nan%                0         -nan%
DFE_OFF_CONF_ON_BTB_MISS_MISPRED_EVENTS              0         -nan%                0         -nan%
DFE_OFF_CONF_ON_MISPRED_EVENTS                       0         -nan%                0         -nan%
DFE_OFF_CONF_ON_MISFETCH_EVENTS                      0         -nan%                0         -nan%
                                                     0         -nan%                0         -nan%
                                                  -nan         -nan              -nan         -nan

DFE_OFF_CONF_ON_NOT_IDENTIFIED_CYCLES                0         -nan%                0         -nan%
DFE_OFF_CONF_ON_IBTB_MISS_CYCLES                     0         -nan%                0         -nan%
DFE_OFF_CONF_ON_BTB_MISS_CYCLES                      0         -nan%                0         -nan%
DFE_OFF_CONF_ON_BTB_MISS_MISPRED_CYCLES              0         -nan%                0         -nan%
DFE_OFF_CONF_ON_MISPRED_CYCLES                       0         -nan%                0         -nan%
DFE_OFF_CONF_ON_MISFETCH_CYCLES                      0         -nan%                0         -nan%
                                                     0         -nan%                0         -nan%
                                                  -nan         -nan              -nan         -nan

DFE_OFF_CONF_ON_NOT_IDENTIFIED_FETCH_TARGETS             0         -nan%                0         -nan%
DFE_OFF_CONF_ON_IBTB_MISS_FETCH_TARGETS              0         -nan%                0         -nan%
DFE_OFF_CONF_ON_BTB_MISS_FETCH_TARGETS               0         -nan%                0         -nan%
DFE_OFF_CONF_ON_BTB_MISS_MISPRED_FETCH_TARGETS             0         -nan%                0         -nan%
DFE_OFF_CONF_ON_MISPRED_FETCH_TARGETS                0         -nan%                0         -nan%
DFE_OFF_CONF_ON_MISFETCH_FETCH_TARGETS               0         -nan%                0         -nan%
                                                     0         -nan%                0         -nan%
                                                  -nan         -nan              -nan         -nan

DFE_OFF_CONF_ON_BP_INCORRECT_0_CONF                  0         -nan%                0         -nan%
DFE_OFF_CONF_ON_BP_INCORRECT_1_CONF                  0         -nan%                0         -nan%
DFE_OFF_CONF_ON_BP_INCORRECT_2_CONF                  0         -nan%                0         -nan%
DFE_OFF_CONF_ON_BP_INCORRECT_3_CONF                  0         -nan%                0         -nan%
                                                     0         -nan%                0         -nan%
                                                  -nan         -nan              -nan         -nan

DFE_OFF_CONF_ON_BTB_MISS_CBR_0_CONF                  0         -nan%                0         -nan%
DFE_OFF_CONF_ON_BTB_MISS_CBR_1_CONF                  0         -nan%                0         -nan%
DFE_OFF_CONF_ON_BTB_MISS_CBR_2_CONF                  0         -nan%                0         -nan%
DFE_OFF_CONF_ON_BTB_MISS_CBR_3_CONF                  0         -nan%                0         -nan%
                                                     0         -nan%                0         -nan%
                                                  -nan         -nan              -nan         -nan

DFE_OFF_CONF_ON_BTB_MISS_NOT_CF                      0         -nan%                0         -nan%
DFE_OFF_CONF_ON_BTB_MISS_CF_BR                       0         -nan%                0         -nan%
DFE_OFF_CONF_ON_BTB_MISS_CF_CBR                      0         -nan%                0         -nan%
DFE_OFF_CONF_ON_BTB_MISS_CF_CALL                     0         -nan%                0         -nan%
DFE_OFF_CONF_ON_BTB_MISS_CF_IBR                      0         -nan%                0         -nan%
DFE_OFF_CONF_ON_BTB_MISS_CF_ICALL                    0         -nan%                0         -nan%
DFE_OFF_CONF_ON_BTB_MISS_CF_ICO                      0         -nan%                0         -nan%
DFE_OFF_CONF_ON_BTB_MISS_CF_RET                      0         -nan%                0         -nan%
DFE_OFF_CONF_ON_BTB_MISS_CF_SYS                      0         -nan%                0         -nan%
                                                     0         -nan%                0         -nan%
                                                  -nan         -nan              -nan         -nan

DFE_ON_CONF_OFF_NUM_EVENTS                           0                              0              

CONF_BTB_NUM_CYCLES_OFF_PATH_EVENT                   0                              0              

DFE_ON_CONF_OFF_IBTB_MISS_BP_TAKEN                   0         -nan%                0         -nan%
DFE_ON_CONF_OFF_BTB_MISS_BP_TAKEN_CONF_0             0         -nan%                0         -nan%
DFE_ON_CONF_OFF_BTB_MISS_BP_TAKEN_CONF_1             0         -nan%                0         -nan%
DFE_ON_CONF_OFF_BTB_MISS_BP_TAKEN_CONF_2             0         -nan%                0         -nan%
DFE_ON_CONF_OFF_BTB_MISS_BP_TAKEN_CONF_3             0         -nan%                0         -nan%
DFE_ON_CONF_OFF_BTB_MISS_RATE                        0         -nan%                0         -nan%
DFE_ON_CONF_OFF_IBTB_MISS_RATE                       0         -nan%                0         -nan%
DFE_ON_CONF_OFF_MISFETCH_RATE                        0         -nan%                0         -nan%
DFE_ON_CONF_OFF_MISPRED_RATE                         0         -nan%                0         -nan%
DFE_ON_CONF_OFF_INV_CONF_INC                         0         -nan%                0         -nan%
DFE_ON_CONF_OFF_PERFECT_CONF                         0         -nan%                0         -nan%
                                                     0         -nan%                0         -nan%
                                                  -nan         -nan              -nan         -nan

DFE_ON_CONF_OFF_IBTB_MISS_BP_TAKEN_CYCLES             0         -nan%                0         -nan%
DFE_ON_CONF_OFF_BTB_MISS_BP_TAKEN_CONF_0_CYCLES             0         -nan%                0         -nan%
DFE_ON_CONF_OFF_BTB_MISS_BP_TAKEN_CONF_1_CYCLES             0         -nan%                0         -nan%
DFE_ON_CONF_OFF_BTB_MISS_BP_TAKEN_CONF_2_CYCLES             0         -nan%                0         -nan%
DFE_ON_CONF_OFF_BTB_MISS_BP_TAKEN_CONF_3_CYCLES             0         -nan%                0         -nan%
DFE_ON_CONF_OFF_BTB_MISS_RATE_CYCLES                 0         -nan%                0         -nan%
DFE_ON_CONF_OFF_IBTB_MISS_RATE_CYCLES                0         -nan%                0         -nan%
DFE_ON_CONF_OFF_MISFETCH_RATE_CYCLES                 0         -nan%                0         -nan%
DFE_ON_CONF_OFF_MISPRED_RATE_CYCLES                  0         -nan%                0         -nan%
DFE_ON_CONF_OFF_INV_CONF_INC_CYCLES                  0         -nan%                0         -nan%
DFE_ON_CONF_OFF_PERFECT_CONF_CYCLES                  0         -nan%                0         -nan%
                                                     0         -nan%                0         -nan%
                                                  -nan         -nan              -nan         -nan

DFE_ON_CONF_OFF_IBTB_MISS_BP_TAKEN_FETCH_TARGETS             0         -nan%                0         -nan%
DFE_ON_CONF_OFF_BTB_MISS_BP_TAKEN_CONF_0_FETCH_TARGETS             0         -nan%                0         -nan%
DFE_ON_CONF_OFF_BTB_MISS_BP_TAKEN_CONF_1_FETCH_TARGETS             0         -nan%                0         -nan%
DFE_ON_CONF_OFF_BTB_MISS_BP_TAKEN_CONF_2_FETCH_TARGETS             0         -nan%                0         -nan%
DFE_ON_CONF_OFF_BTB_MISS_BP_TAKEN_CONF_3_FETCH_TARGETS             0         -nan%                0         -nan%
DFE_ON_CONF_OFF_BTB_MISS_RATE_FETCH_TARGETS             0         -nan%                0         -nan%
DFE_ON_CONF_OFF_IBTB_MISS_RATE_FETCH_TARGETS             0         -nan%                0         -nan%
DFE_ON_CONF_OFF_MISFETCH_RATE_FETCH_TARGETS             0         -nan%                0         -nan%
DFE_ON_CONF_OFF_MISPRED_RATE_FETCH_TARGETS             0         -nan%                0         -nan%
DFE_ON_CONF_OFF_INV_CONF_INC_FETCH_TARGETS             0         -nan%                0         -nan%
DFE_ON_CONF_OFF_PERFECT_CONF_FETCH_TARGETS             0         -nan%                0         -nan%
                                                     0         -nan%                0         -nan%
                                                  -nan         -nan              -nan         -nan

CONF_OFF_IBTB_MISS_BP_TAKEN                          0         -nan%                0         -nan%
CONF_OFF_BTB_MISS_BP_TAKEN_CONF_0                    0         -nan%                0         -nan%
CONF_OFF_BTB_MISS_BP_TAKEN_CONF_1                    0         -nan%                0         -nan%
CONF_OFF_BTB_MISS_BP_TAKEN_CONF_2                    0         -nan%                0         -nan%
CONF_OFF_BTB_MISS_BP_TAKEN_CONF_3                    0         -nan%                0         -nan%
CONF_OFF_BTB_MISS_RATE                               0         -nan%                0         -nan%
CONF_OFF_IBTB_MISS_RATE                              0         -nan%                0         -nan%
CONF_OFF_MISFETCH_RATE                               0         -nan%                0         -nan%
CONF_OFF_MISPRED_RATE                                0         -nan%                0         -nan%
CONF_OFF_INV_CONF_INC                                0         -nan%                0         -nan%
CONF_OFF_PERFECT_CONF                                0         -nan%                0         -nan%
                                                     0         -nan%                0         -nan%
                                                  -nan         -nan              -nan         -nan

TOPDOWN_TOTAL_SLOTS                           58965858                      117531888              

TOPDOWN_ISSUED_SLOTS                          11970863                       23997563              

TOPDOWN_RETIRED_SLOTS                         11969548                       23987085              

TOPDOWN_FETCH_BUBBLES_SLOTS                       1873                          11249              

TOPDOWN_RECOVERY_BUBBLES_SLOTS                     180                           1246              

TOPDOWN_MEM_LOAD_STALLS_CYCLES                 7830671                       15584183              

TOPDOWN_MEM_STORE_STALLS_CYCLES                      0                              0              

TOPDOWN_EXEC_STALLS_CYCLES                     4492995                        9136481              

TOPDOWN_BACKEND_STALLS_CYCLES                  7830671                       15584183              

TOPDOWN_FETCH_BUBBLES_GT_MIW_CYCLES                276                           1583              

TOPDOWN_BR_MISPRED_RETIRED_CYCLES                   15                            101              

TOPDOWN_MACHINE_CLEAR_CYCLES                      1716                           3344              

TOPDOWN_FRONTEND_BOUND                               0                              0              

TOPDOWN_BACKEND_BOUND                             7971                           7971              

TOPDOWN_BAD_SPEC_BOUND                               0                              0              

TOPDOWN_RETIRING_BOUND                            2029                           2029              

TOPDOWN_FETCH_LATENCY_BOUND                          0                              0              

TOPDOWN_FETCH_BANDWIDTH_BOUND                        0                              0              

TOPDOWN_MEM_BOUND                                 7971                           7971              

TOPDOWN_CORE_BOUND                                   0                              0              

TOPDOWN_BR_MISPREDICTS_BOUND                         0                              0              

TOPDOWN_MACHINE_CLEARS_BOUND                         0                              0              



