Scarab gitrev: 6deb50d
Warning: Scarab expects the trace file type to include OFFLINE_FILE_TYPE_ARCH_REGDEPS (0x20000), but got type: 0xe40
Scarab started at Wed May  6 19:55:21 2026

Initialized Ramulator. 
** Heartbeat:   5% -- { 1000002 } -- 0.00 KIPS (333.33 KIPS)
** Heartbeat:  10% -- { 2000005 } -- 333.33 KIPS (333.33 KIPS)
** Heartbeat:  15% -- { 3000005 } -- 333.33 KIPS (333.33 KIPS)
** Heartbeat:  20% -- { 4000009 } -- 250.00 KIPS (307.69 KIPS)
** Heartbeat:  25% -- { 5000014 } -- 333.33 KIPS (312.50 KIPS)
** Heartbeat:  30% -- { 6000018 } -- 333.33 KIPS (315.79 KIPS)
** Heartbeat:  35% -- { 7000023 } -- 250.00 KIPS (304.35 KIPS)
** Heartbeat:  40% -- { 8000025 } -- 333.33 KIPS (307.69 KIPS)
** Heartbeat:  45% -- { 9000025 } -- 333.33 KIPS (310.35 KIPS)
** Heartbeat:  50% -- { 10000026 } -- 333.33 KIPS (312.50 KIPS)
** Heartbeat:  55% -- { 11000028 } -- 250.00 KIPS (305.56 KIPS)
** Heartbeat:  60% -- { 12000029 } -- 333.33 KIPS (307.69 KIPS)
** Heartbeat:  65% -- { 13000031 } -- 333.33 KIPS (309.52 KIPS)
** Heartbeat:  70% -- { 14000032 } -- 333.33 KIPS (311.11 KIPS)
** Heartbeat:  75% -- { 15000034 } -- 250.00 KIPS (306.12 KIPS)
** Heartbeat:  80% -- { 16000034 } -- 333.33 KIPS (307.69 KIPS)
** Heartbeat:  85% -- { 17000039 } -- 333.33 KIPS (309.09 KIPS)
** Heartbeat:  90% -- { 18000041 } -- 333.33 KIPS (310.35 KIPS)
** Heartbeat:  95% -- { 19000043 } -- 250.00 KIPS (306.45 KIPS)
Reached end of trace (last_inst) pc=0x7ffff3dbf7db
** Core 0 Finished:    insts:19999999    cycles:24837155    time:7761610937500       -- 0.81 IPC (0.81 IPC) --  N/A  KIPS (307.69 KIPS)
Scarab finished at Wed May  6 19:56:26 2026

