/* -*- Mode: c -*- */
####################################################################################################
Core 0
####################################################################################################
Cumulative:        Cycles: 20894469              Instructions: 19999999              IPC: 0.95719

Periodic:          Cycles: 10457170              Instructions: 9999998               IPC: 0.95628

MISS_WAIT_TIME                             16510317819                    21799619642              

ICACHE_STAGE_MISS                                 1175                           2924              

ICACHE_CYCLE                                  10457170                       20894469              

TCACHE_CYCLE                                         0                              0              

ICACHE_SERVING_CYCLE_ON_PATH                   3014084                        5912636              

ICACHE_SERVING_CYCLE_OFF_PATH                   979776                        2026201              

UCACHE_SERVING_CYCLE_ON_PATH                   2744358                        5377256              

UCACHE_SERVING_CYCLE_OFF_PATH                  3599151                        7319503              

ICACHE_CYCLE_ONPATH                            5807435       55.535%         11399616       54.558%
ICACHE_CYCLE_OFFPATH                           4649735       44.465%          9494853       45.442%
                                              10457170      100.000%         20894469      100.000%
                                                  0.44         0.47              0.45         0.48

FETCH_ON_PATH                                  5870415       56.138%         11526874       55.167%
FETCH_OFF_PATH                                 4586755       43.862%          9367595       44.833%
                                              10457170      100.000%         20894469      100.000%
                                                  0.44         0.47              0.45         0.48

FETCHED_OPS_ON_PATH                                  0         -nan%                0         -nan%
FETCHED_OPS_OFF_PATH                                 0         -nan%                0         -nan%
                                                     0         -nan%                0         -nan%
                                                  -nan         -nan              -nan         -nan

INST_LOST_FETCH                               12906812       28.793%         25810996       28.996%
INST_LOST_OFF_PATH                             9527615       21.254%         19609239       22.029%
INST_LOST_FULL_WINDOW                           375038        0.837%           753256        0.846%
INST_LOST_ROB_STALL_OTHER                       803721        1.793%          1605727        1.804%
INST_LOST_ROB_STALL_WAIT_FOR_RECOVERY                0        0.000%                0        0.000%
INST_LOST_ROB_STALL_WAIT_FOR_REDIRECT                0        0.000%                0        0.000%
INST_LOST_ROB_STALL_WAIT_FOR_GAP_FILL                0        0.000%                0        0.000%
INST_LOST_ROB_STALL_WAIT_FOR_L1_MISS                 0        0.000%                0        0.000%
INST_LOST_ROB_STALL_WAIT_FOR_MEMORY                606        0.001%              951        0.001%
INST_LOST_ROB_STALL_WAIT_FOR_DC_MISS          15367382       34.282%         29517386       33.159%
INST_LOST_ROB_BLOCK_ISSUE_FULL                       0        0.000%                0        0.000%
INST_LOST_ROB_BLOCK_ISSUE_GAP_TOO_LARGE              0        0.000%                0        0.000%
INST_LOST_BREAK_DONT                                 0        0.000%                0        0.000%
INST_LOST_BREAK_FT_UNAVAILABLE                  364228        0.813%           735250        0.826%
INST_LOST_BREAK_ICACHE_STAGE_RESTEER              7315        0.016%            12750        0.014%
INST_LOST_BREAK_ICACHE_MISS_REQ_SUCCESS           4443        0.010%            11134        0.013%
INST_LOST_BREAK_ICACHE_MISS_REQ_FAILURE              0        0.000%                0        0.000%
INST_LOST_BREAK_ICACHE_WAIT_FOR_MISS            230260        0.514%           550044        0.618%
INST_LOST_BREAK_ICACHE_STALLED                 1196826        2.670%          2248968        2.526%
INST_LOST_BREAK_ICACHE_TO_UOP_CACHE_SWITCH        527773        1.177%          1053861        1.184%
INST_LOST_BREAK_ICACHE_READ_LIMIT               284916        0.636%           576119        0.647%
INST_LOST_BREAK_ICACHE_ISSUE_WIDTH                   0        0.000%                0        0.000%
INST_LOST_BREAK_UOP_CACHE_STALLED              1521715        3.395%          3052237        3.429%
INST_LOST_BREAK_UOP_CACHE_TO_ICACHE_SWITCH        573114        1.279%          1147413        1.289%
INST_LOST_BREAK_UOP_CACHE_READ_LIMIT           1134942        2.532%          2331641        2.619%
INST_LOST_BREAK_UOP_CACHE_ISSUE_WIDTH                0        0.000%                0        0.000%
                                              44826706      100.000%         89016972      100.000%
                                                  6.05         6.10              5.98         6.16

INST_LOST_TOTAL                               58380202                      116719235              

INST_LOST_WAIT_FOR_ICACHE_MISS_NOT_PREFETCHED          5385        2.792%            42055        9.484%
INST_LOST_WAIT_FOR_ICACHE_MISS_PREFETCHED_AND_EVICTED_BY_IFETCH             0        0.000%                0        0.000%
INST_LOST_WAIT_FOR_ICACHE_MISS_PREFETCHED_AND_EVICTED_BY_FDIP             0        0.000%                0        0.000%
INST_LOST_WAIT_FOR_ICACHE_MISS_MSHR_HIT_PREF_OFFPATH          4075        2.113%             8960        2.021%
INST_LOST_WAIT_FOR_ICACHE_MISS_MSHR_HIT_PREF_ONPATH        183410       95.095%           392395       88.495%
                                                192870      100.000%           443410      100.000%
                                                  3.87         3.78              3.60         3.41

FETCH_0_OPS                                     119623        1.144%           258377        1.237%
FETCH_1_OPS                                     283138        2.708%           561791        2.689%
FETCH_2_OPS                                     418160        3.999%           813965        3.896%
FETCH_3_OPS                                     435680        4.166%           864168        4.136%
FETCH_4_OPS                                     528971        5.058%          1078097        5.160%
FETCH_5_OPS                                    4037300       38.608%          8003221       38.303%
FETCH_6_OPS                                    4634298       44.317%          9314850       44.580%
FETCH_7_OPS                                          0        0.000%                0        0.000%
FETCH_8_OPS                                          0        0.000%                0        0.000%
FETCH_9_OPS                                          0        0.000%                0        0.000%
FETCH_10_OPS                                         0        0.000%                0        0.000%
FETCH_11_OPS                                         0        0.000%                0        0.000%
FETCH_12_OPS                                         0        0.000%                0        0.000%
FETCH_13_OPS                                         0        0.000%                0        0.000%
FETCH_14_OPS                                         0        0.000%                0        0.000%
FETCH_15_OPS                                         0        0.000%                0        0.000%
FETCH_16_OPS                                         0        0.000%                0        0.000%
                                              10457170      100.000%         20894469      100.000%
                                                  5.02         1.20              5.03         1.20

ST_BREAK_DONT                                        0        0.000%                0        0.000%
ST_BREAK_FT_UNAVAILABLE                          72931        0.697%           147229        0.705%
ST_BREAK_ICACHE_STAGE_RESTEER                     2198        0.021%             3919        0.019%
ST_BREAK_ICACHE_MISS_REQ_SUCCESS                  1175        0.011%             2924        0.014%
ST_BREAK_ICACHE_MISS_REQ_FAILURE                     0        0.000%                0        0.000%
ST_BREAK_ICACHE_WAIT_FOR_MISS                    46080        0.441%           110133        0.527%
ST_BREAK_ICACHE_STALLED                        2562895       24.508%          4999034       23.925%
ST_BREAK_ICACHE_TO_UOP_CACHE_SWITCH             208497        1.994%           416955        1.996%
ST_BREAK_ICACHE_READ_LIMIT                      134021        1.282%           270870        1.296%
ST_BREAK_ICACHE_ISSUE_WIDTH                    1336725       12.783%          2699656       12.920%
ST_BREAK_UOP_CACHE_STALLED                     3333948       31.882%          6647331       31.814%
ST_BREAK_UOP_CACHE_TO_ICACHE_SWITCH             182172        1.742%           364344        1.744%
ST_BREAK_UOP_CACHE_READ_LIMIT                   524809        5.019%          1076896        5.154%
ST_BREAK_UOP_CACHE_ISSUE_WIDTH                 2051719       19.620%          4155178       19.886%
                                              10457170      100.000%         20894469      100.000%
                                                  9.43         4.90              9.45         4.94

ORACLE_ON_PATH_INST                           12906812       57.531%         25810996       56.827%
ORACLE_OFF_PATH_INST                           9527615       42.469%         19609239       43.173%
                                              22434427      100.000%         45420235      100.000%
                                                  0.42         0.47              0.43         0.47

ORACLE_ON_PATH_INST_MEM                        4814490       21.460%          9633986       21.211%
ORACLE_ON_PATH_INST_NOTMEM                     8092322       36.071%         16177010       35.616%
ORACLE_OFF_PATH_INST_MEM                       3249085       14.483%          6659077       14.661%
ORACLE_OFF_PATH_INST_NOTMEM                    6278530       27.986%         12950162       28.512%
                                              22434427      100.000%         45420235      100.000%
                                                  1.49         1.18              1.50         1.19

ICACHE_CYCLE_NONRA_ONPATH                            0         -nan%                0         -nan%
ICACHE_CYCLE_NONRA_OFFPATH                           0         -nan%                0         -nan%
ICACHE_CYCLE_RA_ONPATH                               0         -nan%                0         -nan%
ICACHE_CYCLE_RA_OFFPATH                              0         -nan%                0         -nan%
                                                     0         -nan%                0         -nan%
                                                  -nan         -nan              -nan         -nan

ICACHE_CYCLE_ONPATH_NONRA                            0         -nan%                0         -nan%
ICACHE_CYCLE_OFFPATH_NONRA                           0         -nan%                0         -nan%
                                                     0         -nan%                0         -nan%
                                                  -nan         -nan              -nan         -nan

ICACHE_CYCLE_ONPATH_RA                               0         -nan%                0         -nan%
ICACHE_CYCLE_OFFPATH_RA                              0         -nan%                0         -nan%
                                                     0         -nan%                0         -nan%
                                                  -nan         -nan              -nan         -nan

INACCURATE_OFFPATH_CYCLES                            0        0.0000                0        0.0000

FETCH_ALL_INST                                22434427                       45420235              

EXEC_ALL_INST                                 16205863                       32616467              

RET_ALL_INST                                  12906866                       25810996              

EXEC_ON_PATH_INST                             12906819       79.643%         25810996       79.135%
EXEC_OFF_PATH_INST                             3299044       20.357%          6805471       20.865%
                                              16205863      100.000%         32616467      100.000%
                                                  0.20         0.37              0.21         0.37

EXEC_ON_PATH_INST_MEM                          4814491       29.708%          9633986       29.537%
EXEC_ON_PATH_INST_NOTMEM                       8092328       49.935%         16177010       49.598%
EXEC_OFF_PATH_INST_MEM                         1133406        6.994%          2331411        7.148%
EXEC_OFF_PATH_INST_NOTMEM                      2165638       13.363%          4474060       13.717%
                                              16205863      100.000%         32616467      100.000%
                                                  1.04         0.85              1.05         0.86

EXEC_RA_INST                                         0         -nan%                0         -nan%
EXEC_NONRA_INST                                      0         -nan%                0         -nan%
                                                     0         -nan%                0         -nan%
                                                  -nan         -nan              -nan         -nan

EXEC_ON_PATH_INST_RA                                 0         -nan%                0         -nan%
EXEC_OFF_PATH_INST_RA                                0         -nan%                0         -nan%
                                                     0         -nan%                0         -nan%
                                                  -nan         -nan              -nan         -nan

EXEC_ON_PATH_INST_NONRA                              0         -nan%                0         -nan%
EXEC_OFF_PATH_INST_NONRA                             0         -nan%                0         -nan%
                                                     0         -nan%                0         -nan%
                                                  -nan         -nan              -nan         -nan

EXEC_RA_ON_PATH_INST                                 0         -nan%                0         -nan%
EXEC_RA_OFF_PATH_INST                                0         -nan%                0         -nan%
EXEC_NONRA_ON_PATH_INST                              0         -nan%                0         -nan%
EXEC_NONRA_OFF_PATH_INST                             0         -nan%                0         -nan%
                                                     0         -nan%                0         -nan%
                                                  -nan         -nan              -nan         -nan

ICACHE_THROTTLE_CYCLE                                0                              0              

FETCH_ENABLE_THROTTLE_OFF_PATH                       0         -nan%                0         -nan%
FETCH_ENABLE_THROTTLE_ON_PATH                        0         -nan%                0         -nan%
                                                     0         -nan%                0         -nan%
                                                  -nan         -nan              -nan         -nan

FETCH_DISABLE_THROTTLE_OFF_PATH                      0         -nan%                0         -nan%
FETCH_DISABLE_THROTTLE_ON_PATH                       0         -nan%                0         -nan%
                                                     0         -nan%                0         -nan%
                                                  -nan         -nan              -nan         -nan

FETCH_TH_ADJUST__0                                   0         -nan%                0         -nan%
FETCH_TH_ADJUST__1                                   0         -nan%                0         -nan%
FETCH_TH_ADJUST__2                                   0         -nan%                0         -nan%
FETCH_TH_ADJUST__3                                   0         -nan%                0         -nan%
FETCH_TH_ADJUST__4                                   0         -nan%                0         -nan%
FETCH_TH_ADJUST__5                                   0         -nan%                0         -nan%
FETCH_TH_ADJUST__6                                   0         -nan%                0         -nan%
FETCH_TH_ADJUST__7                                   0         -nan%                0         -nan%
FETCH_TH_ADJUST__8                                   0         -nan%                0         -nan%
FETCH_TH_ADJUST__9                                   0         -nan%                0         -nan%
FETCH_TH_ADJUST__MAX                                 0         -nan%                0         -nan%
                                                     0         -nan%                0         -nan%
                                                  -nan         -nan              -nan         -nan

FETCH_TH_ADJUST_UP                                   0         -nan%                0         -nan%
FETCH_TH_ADJUST_DOWN                                 0         -nan%                0         -nan%
FETCH_TH_ADJUST_SAME                                 0         -nan%                0         -nan%
                                                     0         -nan%                0         -nan%
                                                  -nan         -nan              -nan         -nan

THROTTLE_ADJUST_CACHE_MISS_INFO                      0                              0              

LOW_CONF_COUNT_BP_MIS_0                              0         -nan%                0         -nan%
LOW_CONF_COUNT_BP_MIS_1                              0         -nan%                0         -nan%
LOW_CONF_COUNT_BP_MIS_2                              0         -nan%                0         -nan%
LOW_CONF_COUNT_BP_MIS_3                              0         -nan%                0         -nan%
LOW_CONF_COUNT_BP_MIS_4                              0         -nan%                0         -nan%
LOW_CONF_COUNT_BP_MIS_5                              0         -nan%                0         -nan%
LOW_CONF_COUNT_BP_MIS_6                              0         -nan%                0         -nan%
LOW_CONF_COUNT_BP_MIS_7                              0         -nan%                0         -nan%
LOW_CONF_COUNT_BP_MIS_8                              0         -nan%                0         -nan%
LOW_CONF_COUNT_BP_MIS_9                              0         -nan%                0         -nan%
LOW_CONF_COUNT_BP_MIS_10                             0         -nan%                0         -nan%
LOW_CONF_COUNT_BP_MIS_11                             0         -nan%                0         -nan%
LOW_CONF_COUNT_BP_MIS_12                             0         -nan%                0         -nan%
LOW_CONF_COUNT_BP_MIS_13                             0         -nan%                0         -nan%
LOW_CONF_COUNT_BP_MIS_14                             0         -nan%                0         -nan%
LOW_CONF_COUNT_BP_MIS_15                             0         -nan%                0         -nan%
LOW_CONF_COUNT_BP_MIS_16                             0         -nan%                0         -nan%
LOW_CONF_COUNT_BP_MIS_17                             0         -nan%                0         -nan%
LOW_CONF_COUNT_BP_MIS_18                             0         -nan%                0         -nan%
LOW_CONF_COUNT_BP_MIS_19                             0         -nan%                0         -nan%
LOW_CONF_COUNT_BP_MIS_20                             0         -nan%                0         -nan%
                                                     0         -nan%                0         -nan%
                                                  -nan         -nan              -nan         -nan

LOW_CONF_COUNT_RET_0                                 0         -nan%                0         -nan%
LOW_CONF_COUNT_RET_1                                 0         -nan%                0         -nan%
LOW_CONF_COUNT_RET_2                                 0         -nan%                0         -nan%
LOW_CONF_COUNT_RET_3                                 0         -nan%                0         -nan%
LOW_CONF_COUNT_RET_4                                 0         -nan%                0         -nan%
LOW_CONF_COUNT_RET_5                                 0         -nan%                0         -nan%
LOW_CONF_COUNT_RET_6                                 0         -nan%                0         -nan%
LOW_CONF_COUNT_RET_7                                 0         -nan%                0         -nan%
LOW_CONF_COUNT_RET_8                                 0         -nan%                0         -nan%
LOW_CONF_COUNT_RET_9                                 0         -nan%                0         -nan%
LOW_CONF_COUNT_RET_10                                0         -nan%                0         -nan%
LOW_CONF_COUNT_RET_11                                0         -nan%                0         -nan%
LOW_CONF_COUNT_RET_12                                0         -nan%                0         -nan%
LOW_CONF_COUNT_RET_13                                0         -nan%                0         -nan%
LOW_CONF_COUNT_RET_14                                0         -nan%                0         -nan%
LOW_CONF_COUNT_RET_15                                0         -nan%                0         -nan%
LOW_CONF_COUNT_RET_16                                0         -nan%                0         -nan%
LOW_CONF_COUNT_RET_17                                0         -nan%                0         -nan%
LOW_CONF_COUNT_RET_18                                0         -nan%                0         -nan%
LOW_CONF_COUNT_RET_19                                0         -nan%                0         -nan%
LOW_CONF_COUNT_RET_20                                0         -nan%                0         -nan%
                                                     0         -nan%                0         -nan%
                                                  -nan         -nan              -nan         -nan

CYCLES_RESTEER_MISPRED                               0         -nan%                0         -nan%
CYCLES_RESTEER_MISFETCH                              0         -nan%                0         -nan%
CYCLES_RESTEER_BTB_MISS                              0         -nan%                0         -nan%
                                                     0         -nan%                0         -nan%
                                                  -nan         -nan              -nan         -nan

CYCLES_RESTEER_MISPRED_SAVED_UC_FETCH                0         -nan%                0         -nan%
CYCLES_RESTEER_MISPRED_COULD_BE_SAVED_UC_FETCH             0         -nan%                0         -nan%
CYCLES_RESTEER_MISFETCH_SAVED_UC_FETCH               0         -nan%                0         -nan%
CYCLES_RESTEER_MISFETCH_COULD_BE_SAVED_UC_FETCH             0         -nan%                0         -nan%
CYCLES_RESTEER_BTB_MISS_SAVED_UC_FETCH               0         -nan%                0         -nan%
CYCLES_RESTEER_BTB_MISS_COULD_BE_SAVED_UC_FETCH             0         -nan%                0         -nan%
                                                     0         -nan%                0         -nan%
                                                  -nan         -nan              -nan         -nan

CYCLES_UOC_IC_SWITCH                                 0                              0              



