/* -*- Mode: c -*- */
####################################################################################################
Core 0
####################################################################################################
Cumulative:        Cycles: 14707433              Instructions: 19967238              IPC: 1.35763

Periodic:          Cycles: 7255603               Instructions: 9983615               IPC: 1.37599

EXECUTION_TIME                           2267375937500                  4596072812500              

SIM_HOST_WALL_SECONDS                        84.642096                      84.642096              

NODE_CYCLE                                     7255603                       14707433              

NODE_INST_COUNT                                9999997                       20000002              

NODE_INST_COUNT_FETCHED                        9983615                       19967238              

NODE_UOP_COUNT                                10398550                       20818999              

EXEC_STAGE_NO_ISSUE_STALL_CYCLE                3605479                        7082738              

EXEC_STAGE_NO_ISSUE_STALL_CYCLE_ONPATH         2245933                        4487338              

FULL_WINDOW_STALL                                  680        0.009%             2032        0.014%

FULL_WINDOW_MEM_OP                                 508      100.000%             1721      100.000%
FULL_WINDOW_FP_OP                                    0        0.000%                0        0.000%
FULL_WINDOW_OTHER_OP                                 0        0.000%                0        0.000%
                                                   508      100.000%             1721      100.000%
                                                  0.00         0.00              0.00         0.00

RET_BLOCKED_DC_MISS                            3588922       49.464%          7462739       50.741%

RET_BLOCKED_L1_MISS                            2385906       32.884%          5154180       35.045%

RET_BLOCKED_L1_MISS_BW_PREF                          0        0.000%                0        0.000%

RET_BLOCKED_L1_ACCESS                          1204815       16.605%          2312158       15.721%

RET_BLOCKED_MEM_STALL                          2385906       32.884%          5154180       35.045%

RET_BLOCKED_OFFCHIP_DEMAND                           0        0.000%                0        0.000%

OP_ISSUED                                     14477229                       28553114              

OP_RETIRED                                    10398550                       20818999              

OP_MACRO_FUSION_ONPATH                         1775964                        3601495              

OP_MACRO_FUSION_OFFPATH                        1737265                        3287054              

REPLAY_SIGNALED                                      0                              0              

REPLAY_COUNTED                                       0                              0              

OFF_CRITICAL_PATH                                    0         -nan%                0         -nan%
ON_CRITICAL_PATH                                     0         -nan%                0         -nan%
                                                     0         -nan%                0         -nan%
                                                  -nan         -nan              -nan         -nan

LD_NO_DEPENDENTS                                 36841        1.526%            78921        1.621%
LD_DEPENDENTS                                  2377812       98.474%          4789072       98.379%
                                               2414653      100.000%          4867993      100.000%
                                                  0.98         0.98              0.98         0.98

LD_EXEC_CYCLES_0                                     0        0.000%                0        0.000%
LD_EXEC_CYCLES_1                                     0        0.000%                0        0.000%
LD_EXEC_CYCLES_2                                     0        0.000%                0        0.000%
LD_EXEC_CYCLES_3                                   195       45.455%              816       48.028%
LD_EXEC_CYCLES_4                                   234       54.545%              883       51.972%
                                                   429      100.000%             1699      100.000%
                                                  3.55         2.67              3.52         2.59

ICACHE_STAGE_STARVED                            119698        5.876%           239994        5.873%
ICACHE_STAGE_NOT_STARVED                       1917517       94.124%          3846348       94.127%
                                               2037215      100.000%          4086342      100.000%
                                                  0.94         0.91              0.94         0.91

ICACHE_STAGE_STALLED                            166303        2.292%           339121        2.306%
ICACHE_STAGE_NOT_STALLED                       1870912       25.786%          3747221       25.478%
ICACHE_STAGE_OFF_PATH                          5218388       71.922%         10621090       72.216%
                                               7255603      100.000%         14707432      100.000%
                                                  1.70         1.50              1.70         1.51

DECODE_STAGE_STARVED                           5921899       98.352%         11732338       98.291%
DECODE_STAGE_NOT_STARVED                         99198        1.648%           203986        1.709%
                                               6021097      100.000%         11936324      100.000%
                                                  0.02         0.13              0.02         0.13

DECODE_STAGE_STALLED                              3050        0.042%             7144        0.049%
DECODE_STAGE_NOT_STALLED                       6018047       82.943%         11929180       81.110%
DECODE_STAGE_OFF_PATH                          1234506       17.015%          2771109       18.842%
                                               7255603      100.000%         14707433      100.000%
                                                  1.17         0.61              1.19         0.65

UOPQ_STAGE_STARVED                             2275750       73.140%          4384223       71.970%
UOPQ_STAGE_NOT_STARVED                          835729       26.860%          1707508       28.030%
                                               3111479      100.000%          6091731      100.000%
                                                  0.27         0.40              0.28         0.41

UOPQ_STAGE_STALLED                              170176        2.345%           347549        2.363%
UOPQ_STAGE_NOT_STALLED                         3111479       42.884%          6091731       41.419%
UOPQ_STAGE_OFF_PATH                            3973948       54.771%          8268153       56.218%
                                               7255603      100.000%         14707433      100.000%
                                                  1.52         1.23              1.54         1.25

RS_OP_READY_NOT_ISSUED_TOTAL                    601027                        1270110              

RS_0_OP_READY_NOT_ISSUED                        323074                         708524              

RS_1_OP_READY_NOT_ISSUED                        141332                         288749              

RS_2_OP_READY_NOT_ISSUED                        136621                         272837              

RS_3_OP_READY_NOT_ISSUED                             0                              0              

RS_4_OP_READY_NOT_ISSUED                             0                              0              

RS_5_OP_READY_NOT_ISSUED                             0                              0              

RS_6_OP_READY_NOT_ISSUED                             0                              0              

RS_7_OP_READY_NOT_ISSUED                             0                              0              

RS_7_PLUS_OP_READY_NOT_ISSUED                        0                              0              

FU_IDLE_NO_READY_OPS_TOTAL                    37491870                       77252950              

FU_0_IDLE_NO_READY_OPS                         3542021                        7419863              

FU_1_IDLE_NO_READY_OPS                         3687682                        7706863              

FU_2_IDLE_NO_READY_OPS                         4480096                        9212419              

FU_3_IDLE_NO_READY_OPS                         4555150                        9387038              

FU_4_IDLE_NO_READY_OPS                         3742813                        7815910              

FU_5_IDLE_NO_READY_OPS                         3642024                        7621243              

FU_6_IDLE_NO_READY_OPS                         6959763                       14121488              

FU_7_IDLE_NO_READY_OPS                         6882321                       13968126              

FU_8_IDLE_NO_READY_OPS                               0                              0              

FU_9_IDLE_NO_READY_OPS                               0                              0              

FU_10_IDLE_NO_READY_OPS                              0                              0              

FU_11_IDLE_NO_READY_OPS                              0                              0              

FU_12_IDLE_NO_READY_OPS                              0                              0              

FU_13_IDLE_NO_READY_OPS                              0                              0              

FU_14_IDLE_NO_READY_OPS                              0                              0              

FU_15_IDLE_NO_READY_OPS                              0                              0              

FU_16_IDLE_NO_READY_OPS                              0                              0              

FU_17_IDLE_NO_READY_OPS                              0                              0              

FU_18_IDLE_NO_READY_OPS                              0                              0              

FU_19_IDLE_NO_READY_OPS                              0                              0              

FU_20_IDLE_NO_READY_OPS                              0                              0              

FU_21_IDLE_NO_READY_OPS                              0                              0              

FU_22_IDLE_NO_READY_OPS                              0                              0              

FU_23_IDLE_NO_READY_OPS                              0                              0              

FU_24_IDLE_NO_READY_OPS                              0                              0              

FU_25_IDLE_NO_READY_OPS                              0                              0              

FU_26_IDLE_NO_READY_OPS                              0                              0              

FU_27_IDLE_NO_READY_OPS                              0                              0              

FU_28_IDLE_NO_READY_OPS                              0                              0              

FU_29_IDLE_NO_READY_OPS                              0                              0              

FU_30_IDLE_NO_READY_OPS                              0                              0              

FU_31_IDLE_NO_READY_OPS                              0                              0              

FU_31_PLUS_IDLE_NO_READY_OPS                         0                              0              

MAP_STAGE_STARVED                               503556       21.155%           993238       20.947%
MAP_STAGE_NOT_STARVED                          1876795       78.845%          3748378       79.053%
                                               2380351      100.000%          4741616      100.000%
                                                  0.79         0.72              0.79         0.73

MAP_STAGE_STALLED                                  172        0.004%              299        0.004%
MAP_STAGE_NOT_STALLED                          2380179       57.476%          4741317       58.127%
MAP_STAGE_OFF_PATH                             1760812       42.520%          3415165       41.869%
                                               4141163      100.000%          8156781      100.000%
                                                  1.43         1.05              1.42         1.04

MAP_STAGE_STALL_ITSELF                         3114440       42.925%          6550652       44.540%
MAP_STAGE_NOT_STALL_ITSELF                     4141163       57.075%          8156781       55.460%
                                               7255603      100.000%         14707433      100.000%
                                                  0.57         0.54              0.55         0.53

MAP_STAGE_LATE_ALLOCATE_SEND_BACK                    0                              0              

MAP_STAGE_RENAME_OP_ONPATH                    10398592                       20819137              

MAP_STAGE_RENAME_OP_OFFPATH                    8805738                       16984832              

MAP_STAGE_RENAME_INT_REG_ONPATH                9498443                       19019849              

MAP_STAGE_RENAME_INT_REG_OFFPATH               7950956                       15374034              

MAP_STAGE_RENAME_VEC_REG_ONPATH                      0                              2              

MAP_STAGE_RENAME_VEC_REG_OFFPATH                     0                              1              

MAP_STAGE_RENAME_MOVE_ELIM_ONPATH                    0                              0              

MAP_STAGE_RENAME_MOVE_ELIM_OFFPATH                   0                              0              

MAP_STAGE_ONPATH_INT_REG_NUM_ALLOC             9498410                       19019709              

MAP_STAGE_ONPATH_VEC_REG_NUM_ALLOC                   0                              1              

MAP_STAGE_ONPATH_INT_REG_NUM_SHORTLIVE         4046262                        8088472              

MAP_STAGE_ONPATH_VEC_REG_NUM_SHORTLIVE               0                              0              

MAP_STAGE_ONPATH_INT_REG_USE_COUNT_0           1539152                        3098665              

MAP_STAGE_ONPATH_VEC_REG_USE_COUNT_0                 0                              0              

MAP_STAGE_ONPATH_INT_REG_USE_COUNT_1           5207754                       10450136              

MAP_STAGE_ONPATH_VEC_REG_USE_COUNT_1                 0                              1              

MAP_STAGE_ONPATH_INT_REG_USE_COUNT_2           1622643                        3191141              

MAP_STAGE_ONPATH_VEC_REG_USE_COUNT_2                 0                              0              

MAP_STAGE_ONPATH_INT_REG_USE_COUNT_3            956155                        1918496              

MAP_STAGE_ONPATH_VEC_REG_USE_COUNT_3                 0                              0              

MAP_STAGE_ONPATH_INT_REG_USE_COUNT_4             31613                          67703              

MAP_STAGE_ONPATH_VEC_REG_USE_COUNT_4                 0                              0              

MAP_STAGE_ONPATH_INT_REG_USE_COUNT_5             26463                          59340              

MAP_STAGE_ONPATH_VEC_REG_USE_COUNT_5                 0                              0              

MAP_STAGE_ONPATH_INT_REG_USE_COUNT_6             20481                          46043              

MAP_STAGE_ONPATH_VEC_REG_USE_COUNT_6                 0                              0              

MAP_STAGE_ONPATH_INT_REG_USE_COUNT_7_PLUS         94149                         188185              

MAP_STAGE_ONPATH_VEC_REG_USE_COUNT_7_PLUS             0                              0              

MAP_STAGE_ONPATH_INT_REG_CONSUME_DIST_0              0        0.0000                0        0.0000

MAP_STAGE_ONPATH_VEC_REG_CONSUME_DIST_0              0          -nan                0          -nan

MAP_STAGE_ONPATH_INT_REG_CONSUME_DIST_1              0        0.0000                0        0.0000

MAP_STAGE_ONPATH_VEC_REG_CONSUME_DIST_1              0          -nan                0        0.0000

MAP_STAGE_ONPATH_INT_REG_CONSUME_DIST_2       20392198       12.5673         40897694       12.8160

MAP_STAGE_ONPATH_VEC_REG_CONSUME_DIST_2              0          -nan                0          -nan

MAP_STAGE_ONPATH_INT_REG_CONSUME_DIST_3        6588840        6.8910         13436207        7.0035

MAP_STAGE_ONPATH_VEC_REG_CONSUME_DIST_3              0          -nan                0          -nan

MAP_STAGE_ONPATH_INT_REG_CONSUME_DIST_4        2074409       65.6189          4519692       66.7576

MAP_STAGE_ONPATH_VEC_REG_CONSUME_DIST_4              0          -nan                0          -nan

MAP_STAGE_ONPATH_INT_REG_CONSUME_DIST_5         917680       34.6779          2303657       38.8213

MAP_STAGE_ONPATH_VEC_REG_CONSUME_DIST_5              0          -nan                0          -nan

MAP_STAGE_ONPATH_INT_REG_CONSUME_DIST_6        1672985       81.6847          3818664       82.9369

MAP_STAGE_ONPATH_VEC_REG_CONSUME_DIST_6              0          -nan                0          -nan

MAP_STAGE_ONPATH_INT_REG_CONSUME_DIST_7_PLUS      41131363      436.8752         80818167      429.4613

MAP_STAGE_ONPATH_VEC_REG_CONSUME_DIST_7_PLUS             0          -nan                0          -nan

MAP_STAGE_INT_REG_ISSUE_READ_TOTAL_CONSUMED      21079270        5.8465         41480047        5.8565

MAP_STAGE_VEC_REG_ISSUE_READ_TOTAL_CONSUMED             0        0.0000                2        0.0000

MAP_STAGE_INT_REG_ISSUE_READ_MULTI_CONSUMED      10739314        2.9786         21053041        2.9724

MAP_STAGE_VEC_REG_ISSUE_READ_MULTI_CONSUMED             0        0.0000                0        0.0000

MAP_STAGE_INT_REG_ISSUE_READ_SAME_CYCLE_CONSUMED       3987128        1.1059          7831317        1.1057

MAP_STAGE_VEC_REG_ISSUE_READ_SAME_CYCLE_CONSUMED             0        0.0000                0        0.0000

MAP_STAGE_INT_REG_ISSUE_READ_TOTAL_CONSUMED_ONPATH      15223130        6.7781         30416045        6.7782

MAP_STAGE_VEC_REG_ISSUE_READ_TOTAL_CONSUMED_ONPATH             0        0.0000                2        0.0000

MAP_STAGE_INT_REG_ISSUE_READ_MULTI_CONSUMED_ONPATH       7263929        3.2343         14494961        3.2302

MAP_STAGE_VEC_REG_ISSUE_READ_MULTI_CONSUMED_ONPATH             0        0.0000                0        0.0000

MAP_STAGE_INT_REG_ISSUE_READ_SAME_CYCLE_CONSUMED_ONPATH       2797170        1.2454          5593350        1.2465

MAP_STAGE_VEC_REG_ISSUE_READ_SAME_CYCLE_CONSUMED_ONPATH             0        0.0000                0        0.0000

MAP_STAGE_ONPATH_INT_REG_LIFECYCLE_EMPTY     237152562                      473446457              

MAP_STAGE_ONPATH_VEC_REG_LIFECYCLE_EMPTY             0                              3              

MAP_STAGE_ONPATH_INT_REG_LIFECYCLE_IN_USE     426664366                      856342639              

MAP_STAGE_ONPATH_VEC_REG_LIFECYCLE_IN_USE             0                              7              

MAP_STAGE_ONPATH_INT_REG_LIFECYCLE_SPEC_RELEASE     612052011                     1235416074              

MAP_STAGE_ONPATH_VEC_REG_LIFECYCLE_SPEC_RELEASE             0                         486320              

MAP_STAGE_ONPATH_INT_REG_LIFECYCLE_NONSPEC_RELEASE     612052011                     1235416074              

MAP_STAGE_ONPATH_VEC_REG_LIFECYCLE_NONSPEC_RELEASE             0                         486320              

MAP_STAGE_ONPATH_INT_REG_LIFECYCLE_TOTAL     612052011                     1235416074              

MAP_STAGE_ONPATH_VEC_REG_LIFECYCLE_TOTAL             0                         486320              

MAP_STAGE_ONPATH_INT_REG_NUM_NONBRANCH         9498410                       19019709              

MAP_STAGE_ONPATH_VEC_REG_NUM_NONBRANCH               0                              1              

MAP_STAGE_ONPATH_INT_REG_NUM_NONEXCEPT         9498410                       19019709              

MAP_STAGE_ONPATH_VEC_REG_NUM_NONEXCEPT               0                              1              

MAP_STAGE_ONPATH_INT_REG_NUM_ATOMIC            9498410                       19019709              

MAP_STAGE_ONPATH_VEC_REG_NUM_ATOMIC                  0                              1              

MAP_STAGE_ONPATH_INT_REG_ATOMIC_REDEFINED_DIST_TOTAL     612052011       64.4373       1235416074       64.9545

MAP_STAGE_ONPATH_VEC_REG_ATOMIC_REDEFINED_DIST_TOTAL             0          -nan           486320   486320.0000

MAP_STAGE_ONPATH_INT_REG_ATOMIC_CONSUMED_DIST_TOTAL     426664366       44.9196        856342639       45.0240

MAP_STAGE_ONPATH_VEC_REG_ATOMIC_CONSUMED_DIST_TOTAL             0          -nan                7        7.0000

MAP_STAGE_ONPATH_INT_REG_ATOMIC_RELEASE_DIST_TOTAL     612052011       64.4373       1235416074       64.9545

MAP_STAGE_ONPATH_VEC_REG_ATOMIC_RELEASE_DIST_TOTAL             0          -nan           486320   486320.0000

EXEC_STAGE_STARVED                             3520179       48.517%          6984033       47.486%
EXEC_STAGE_NOT_STARVED                           91897        1.267%           187052        1.272%
EXEC_STAGE_OFF_PATH                            3643527       50.217%          7536348       51.242%
                                               7255603      100.000%         14707433      100.000%
                                                  1.02         1.00              1.04         1.01

FU_BUSY_0                                      3471152                        6814720              

FU_BUSY_1                                      2879592                        5671691              

FU_BUSY_2                                      1885620                        3729089              

FU_BUSY_3                                      1849786                        3638867              

FU_BUSY_4                                      2150349                        4254362              

FU_BUSY_5                                      2157052                        4249304              

FU_BUSY_6                                       171144                         343037              

FU_BUSY_7                                       208968                         419116              

FU_BUSY_8                                            0                              0              

FU_BUSY_9                                            0                              0              

FU_BUSY_10                                           0                              0              

FU_BUSY_11                                           0                              0              

FU_BUSY_12                                           0                              0              

FU_BUSY_13                                           0                              0              

FU_BUSY_14                                           0                              0              

FU_BUSY_15                                           0                              0              

FU_BUSY_16                                           0                              0              

FU_BUSY_17                                           0                              0              

FU_BUSY_18                                           0                              0              

FU_BUSY_19                                           0                              0              

FU_BUSY_20                                           0                              0              

FU_BUSY_21                                           0                              0              

FU_BUSY_22                                           0                              0              

FU_BUSY_23                                           0                              0              

FU_BUSY_24                                           0                              0              

FU_BUSY_25                                           0                              0              

FU_BUSY_26                                           0                              0              

FU_BUSY_27                                           0                              0              

FU_BUSY_28                                           0                              0              

FU_BUSY_29                                           0                              0              

FU_BUSY_30                                           0                              0              

FU_BUSY_31                                           0                              0              

FU_REJECTED_OP_INV_NOT_SIMD                          0        0.000%                0        0.000%
FU_REJECTED_OP_NOP_NOT_SIMD                          0        0.000%                0        0.000%
FU_REJECTED_OP_CF_NOT_SIMD                        3814        1.418%             8270        1.616%
FU_REJECTED_OP_MOV_NOT_SIMD                          2        0.001%               11        0.002%
FU_REJECTED_OP_CMOV_NOT_SIMD                         1        0.000%                3        0.001%
FU_REJECTED_OP_LDA_NOT_SIMD                          4        0.001%               43        0.008%
FU_REJECTED_OP_IMEM_NOT_SIMD                    260178       96.730%           490309       95.836%
FU_REJECTED_OP_IADD_NOT_SIMD                      1084        0.403%             4114        0.804%
FU_REJECTED_OP_IMUL_NOT_SIMD                         4        0.001%              248        0.048%
FU_REJECTED_OP_IDIV_NOT_SIMD                         0        0.000%                4        0.001%
FU_REJECTED_OP_ICMP_NOT_SIMD                         0        0.000%                0        0.000%
FU_REJECTED_OP_LOGIC_NOT_SIMD                     3879        1.442%             8584        1.678%
FU_REJECTED_OP_SHIFT_NOT_SIMD                        1        0.000%               13        0.003%
FU_REJECTED_OP_FMEM_NOT_SIMD                         7        0.003%               16        0.003%
FU_REJECTED_OP_FCVT_NOT_SIMD                         0        0.000%                0        0.000%
FU_REJECTED_OP_FADD_NOT_SIMD                         0        0.000%                0        0.000%
FU_REJECTED_OP_FMUL_NOT_SIMD                         0        0.000%                0        0.000%
FU_REJECTED_OP_FMA_NOT_SIMD                          0        0.000%                0        0.000%
FU_REJECTED_OP_FDIV_NOT_SIMD                         0        0.000%                0        0.000%
FU_REJECTED_OP_FCMP_NOT_SIMD                         0        0.000%                0        0.000%
FU_REJECTED_OP_FCMOV_NOT_SIMD                        0        0.000%                0        0.000%
FU_REJECTED_OP_GATHER_NOT_SIMD                       0        0.000%                0        0.000%
FU_REJECTED_OP_SCATTER_NOT_SIMD                      0        0.000%                0        0.000%
FU_REJECTED_OP_PIPELINED_FAST_NOT_SIMD               0        0.000%                0        0.000%
FU_REJECTED_OP_PIPELINED_MEDIUM_NOT_SIMD             0        0.000%                0        0.000%
FU_REJECTED_OP_PIPELINED_SLOW_NOT_SIMD               0        0.000%                0        0.000%
FU_REJECTED_OP_NOTPIPELINED_MEDIUM_NOT_SIMD             0        0.000%                0        0.000%
FU_REJECTED_OP_NOTPIPELINED_SLOW_NOT_SIMD             0        0.000%                0        0.000%
FU_REJECTED_OP_NOTPIPELINED_VERY_SLOW_NOT_SIMD             0        0.000%                0        0.000%
FU_REJECTED_OP_INV_SIMD                              0        0.000%                0        0.000%
FU_REJECTED_OP_NOP_SIMD                              0        0.000%                0        0.000%
FU_REJECTED_OP_CF_SIMD                               0        0.000%                0        0.000%
FU_REJECTED_OP_MOV_SIMD                              0        0.000%                0        0.000%
FU_REJECTED_OP_CMOV_SIMD                             0        0.000%                0        0.000%
FU_REJECTED_OP_LDA_SIMD                              0        0.000%                0        0.000%
FU_REJECTED_OP_IMEM_SIMD                             0        0.000%                0        0.000%
FU_REJECTED_OP_IADD_SIMD                             0        0.000%                0        0.000%
FU_REJECTED_OP_IMUL_SIMD                             0        0.000%                0        0.000%
FU_REJECTED_OP_IDIV_SIMD                             0        0.000%                0        0.000%
FU_REJECTED_OP_ICMP_SIMD                             0        0.000%                0        0.000%
FU_REJECTED_OP_LOGIC_SIMD                            0        0.000%                0        0.000%
FU_REJECTED_OP_SHIFT_SIMD                            0        0.000%                0        0.000%
FU_REJECTED_OP_FMEM_SIMD                             0        0.000%                0        0.000%
FU_REJECTED_OP_FCVT_SIMD                             0        0.000%                0        0.000%
FU_REJECTED_OP_FADD_SIMD                             0        0.000%                0        0.000%
FU_REJECTED_OP_FMUL_SIMD                             0        0.000%                0        0.000%
FU_REJECTED_OP_FMA_SIMD                              0        0.000%                0        0.000%
FU_REJECTED_OP_FDIV_SIMD                             0        0.000%                0        0.000%
FU_REJECTED_OP_FCMP_SIMD                             0        0.000%                0        0.000%
FU_REJECTED_OP_FCMOV_SIMD                            0        0.000%                0        0.000%
FU_REJECTED_OP_GATHER_SIMD                           0        0.000%                0        0.000%
FU_REJECTED_OP_SCATTER_SIMD                          0        0.000%                0        0.000%
FU_REJECTED_OP_PIPELINED_FAST_SIMD                   0        0.000%                0        0.000%
FU_REJECTED_OP_PIPELINED_MEDIUM_SIMD                 0        0.000%                0        0.000%
FU_REJECTED_OP_PIPELINED_SLOW_SIMD                   0        0.000%                0        0.000%
FU_REJECTED_OP_NOTPIPELINED_MEDIUM_SIMD              0        0.000%                0        0.000%
FU_REJECTED_OP_NOTPIPELINED_SLOW_SIMD                0        0.000%                0        0.000%
FU_REJECTED_OP_NOTPIPELINED_VERY_SLOW_SIMD             0        0.000%                0        0.000%
                                                268974      100.000%           511615      100.000%
                                                  6.02         0.77              6.03         0.83

LSQ_FULL_TOTAL                                       0                              0              

LSQ_FULL_LOAD_QUEUE                                  0                              0              

LSQ_FULL_STORE_QUEUE                                 0                              0              

OP_WAIT_0                                      8236464                       16533513              

OP_WAIT_1                                      1566997                        3129048              

OP_WAIT_2                                       220641                         446547              

OP_WAIT_3                                       111209                         218906              

OP_WAIT_4                                        70518                         141358              

OP_WAIT_5                                        42068                          82159              

OP_WAIT_6                                        19876                          40564              

OP_WAIT_7                                        13382                          27328              

OP_WAIT_8                                        11591                          22925              

OP_WAIT_9                                        16156                          24885              

OP_WAIT_10                                        9883                          18138              

OP_WAIT_11                                       11550                          21474              

OP_WAIT_12                                        6174                          10840              

OP_WAIT_13                                        6277                          11236              

OP_WAIT_14                                        5329                           9991              

OP_WAIT_15                                        4272                           8033              

OP_WAIT_16                                        3607                           6371              

OP_WAIT_17                                        2092                           3910              

OP_WAIT_18                                        1442                           2693              

OP_WAIT_19                                        1476                           2342              

OP_WAIT_20                                        1216                           2079              

OP_WAIT_21                                        1447                           2352              

OP_WAIT_22                                        1853                           2660              

OP_WAIT_23                                        1034                           1887              

OP_WAIT_24                                         970                           1693              

OP_WAIT_25                                        1058                           1579              

OP_WAIT_26                                        1024                           1600              

OP_WAIT_27                                        1082                           1658              

OP_WAIT_28                                        3299                           4087              

OP_WAIT_29                                        4183                           4916              

OP_WAIT_30                                        1593                           2176              

OP_WAIT_31                                       18787                          30051              

ROW_SIZE_0                                     4230604                        8742867              

ROW_SIZE_1                                      414823                         772059              

ROW_SIZE_2                                      378680                         748292              

ROW_SIZE_3                                      100371                         192101              

ROW_SIZE_4                                      149566                         315108              

ROW_SIZE_5                                       61406                         124113              

ROW_SIZE_6                                     1336660                        2682176              

ROW_SIZE_7                                           0                              0              

ROW_SIZE_8                                           0                              0              

ROW_SIZE_9                                           0                              0              

ROW_SIZE_10                                          0                              0              

ROW_SIZE_11                                          0                              0              

ROW_SIZE_12                                          0                              0              

ROW_SIZE_13                                          0                              0              

ROW_SIZE_14                                          0                              0              

ROW_SIZE_15                                          0                              0              

ROW_SIZE_16                                          0                              0              

ROW_SIZE_17                                          0                              0              

ROW_SIZE_18                                          0                              0              

ROW_SIZE_19                                          0                              0              

ROW_SIZE_20                                          0                              0              

ROW_SIZE_21                                          0                              0              

ROW_SIZE_22                                          0                              0              

ROW_SIZE_23                                          0                              0              

ROW_SIZE_24                                          0                              0              

ROW_SIZE_25                                          0                              0              

ROW_SIZE_26                                          0                              0              

ROW_SIZE_27                                          0                              0              

ROW_SIZE_28                                          0                              0              

ROW_SIZE_29                                          0                              0              

ROW_SIZE_30                                          0                              0              

ROW_SIZE_31                                          0                              0              

RET_OP_EXEC_COUNT_0                                  0        0.000%                0        0.000%
RET_OP_EXEC_COUNT_1                           10398550      100.000%         20818999      100.000%
RET_OP_EXEC_COUNT_2                                  0        0.000%                0        0.000%
RET_OP_EXEC_COUNT_3                                  0        0.000%                0        0.000%
RET_OP_EXEC_COUNT_4                                  0        0.000%                0        0.000%
RET_OP_EXEC_COUNT_5                                  0        0.000%                0        0.000%
RET_OP_EXEC_COUNT_6                                  0        0.000%                0        0.000%
RET_OP_EXEC_COUNT_7                                  0        0.000%                0        0.000%
RET_OP_EXEC_COUNT_8                                  0        0.000%                0        0.000%
RET_OP_EXEC_COUNT_9                                  0        0.000%                0        0.000%
RET_OP_EXEC_COUNT_10                                 0        0.000%                0        0.000%
RET_OP_EXEC_COUNT_11                                 0        0.000%                0        0.000%
RET_OP_EXEC_COUNT_12                                 0        0.000%                0        0.000%
RET_OP_EXEC_COUNT_13                                 0        0.000%                0        0.000%
RET_OP_EXEC_COUNT_14                                 0        0.000%                0        0.000%
RET_OP_EXEC_COUNT_15                                 0        0.000%                0        0.000%
RET_OP_EXEC_COUNT_16                                 0        0.000%                0        0.000%
RET_OP_EXEC_COUNT_17                                 0        0.000%                0        0.000%
RET_OP_EXEC_COUNT_18                                 0        0.000%                0        0.000%
RET_OP_EXEC_COUNT_19                                 0        0.000%                0        0.000%
RET_OP_EXEC_COUNT_20                                 0        0.000%                0        0.000%
RET_OP_EXEC_COUNT_21                                 0        0.000%                0        0.000%
RET_OP_EXEC_COUNT_22                                 0        0.000%                0        0.000%
RET_OP_EXEC_COUNT_23                                 0        0.000%                0        0.000%
RET_OP_EXEC_COUNT_24                                 0        0.000%                0        0.000%
RET_OP_EXEC_COUNT_25                                 0        0.000%                0        0.000%
RET_OP_EXEC_COUNT_26                                 0        0.000%                0        0.000%
RET_OP_EXEC_COUNT_27                                 0        0.000%                0        0.000%
RET_OP_EXEC_COUNT_28                                 0        0.000%                0        0.000%
RET_OP_EXEC_COUNT_29                                 0        0.000%                0        0.000%
RET_OP_EXEC_COUNT_30                                 0        0.000%                0        0.000%
RET_OP_EXEC_COUNT_31                                 0        0.000%                0        0.000%
RET_OP_EXEC_COUNT_32                                 0        0.000%                0        0.000%
                                              10398550      100.000%         20818999      100.000%
                                                  1.00         0.00              1.00         0.00

RET_STALL_LENGTH_0                            10382540       99.846%         20783646       99.830%
RET_STALL_LENGTH_100                             14987        0.144%            33039        0.159%
RET_STALL_LENGTH_200                               542        0.005%             1519        0.007%
RET_STALL_LENGTH_300                                49        0.000%              120        0.001%
RET_STALL_LENGTH_400                                80        0.001%               89        0.000%
RET_STALL_LENGTH_500                               128        0.001%              137        0.001%
RET_STALL_LENGTH_600                                27        0.000%               34        0.000%
RET_STALL_LENGTH_700                                 7        0.000%               10        0.000%
RET_STALL_LENGTH_800                                 7        0.000%               16        0.000%
RET_STALL_LENGTH_900                                13        0.000%               22        0.000%
RET_STALL_LENGTH_1000                               15        0.000%               32        0.000%
RET_STALL_LENGTH_1100                               37        0.000%               65        0.000%
RET_STALL_LENGTH_1200                               88        0.001%              193        0.001%
RET_STALL_LENGTH_1300                               27        0.000%               71        0.000%
RET_STALL_LENGTH_1400                                0        0.000%                3        0.000%
RET_STALL_LENGTH_1500                                0        0.000%                0        0.000%
RET_STALL_LENGTH_1600                                2        0.000%                2        0.000%
RET_STALL_LENGTH_1700                                1        0.000%                1        0.000%
RET_STALL_LENGTH_1800                                0        0.000%                0        0.000%
RET_STALL_LENGTH_1900                                0        0.000%                0        0.000%
RET_STALL_LENGTH_2000                                0        0.000%                0        0.000%
RET_STALL_LENGTH_2100                                0        0.000%                0        0.000%
RET_STALL_LENGTH_2200                                0        0.000%                0        0.000%
RET_STALL_LENGTH_2300                                0        0.000%                0        0.000%
RET_STALL_LENGTH_2400                                0        0.000%                0        0.000%
RET_STALL_LENGTH_2500                                0        0.000%                0        0.000%
RET_STALL_LENGTH_2600                                0        0.000%                0        0.000%
RET_STALL_LENGTH_2700                                0        0.000%                0        0.000%
RET_STALL_LENGTH_2800                                0        0.000%                0        0.000%
RET_STALL_LENGTH_2900                                0        0.000%                0        0.000%
RET_STALL_LENGTH_3000                                0        0.000%                0        0.000%
RET_STALL_LENGTH_3100                                0        0.000%                0        0.000%
RET_STALL_LENGTH_3200                                0        0.000%                0        0.000%
RET_STALL_LENGTH_3300                                0        0.000%                0        0.000%
RET_STALL_LENGTH_3400                                0        0.000%                0        0.000%
RET_STALL_LENGTH_3500                                0        0.000%                0        0.000%
RET_STALL_LENGTH_3600                                0        0.000%                0        0.000%
RET_STALL_LENGTH_3700                                0        0.000%                0        0.000%
RET_STALL_LENGTH_3800                                0        0.000%                0        0.000%
RET_STALL_LENGTH_3900                                0        0.000%                0        0.000%
RET_STALL_LENGTH_4000                                0        0.000%                0        0.000%
RET_STALL_LENGTH_4100                                0        0.000%                0        0.000%
RET_STALL_LENGTH_4200                                0        0.000%                0        0.000%
RET_STALL_LENGTH_4300                                0        0.000%                0        0.000%
RET_STALL_LENGTH_4400                                0        0.000%                0        0.000%
RET_STALL_LENGTH_4500                                0        0.000%                0        0.000%
RET_STALL_LENGTH_4600                                0        0.000%                0        0.000%
RET_STALL_LENGTH_4700                                0        0.000%                0        0.000%
RET_STALL_LENGTH_4800                                0        0.000%                0        0.000%
RET_STALL_LENGTH_4900                                0        0.000%                0        0.000%
RET_STALL_LENGTH_5000                                0        0.000%                0        0.000%
                                              10398550      100.000%         20818999      100.000%
                                                  0.00         0.07              0.00         0.07

MEM_BLOCK_LENGTH_0                                   0         -nan%                2      100.000%
MEM_BLOCK_LENGTH_100                                 0         -nan%                0        0.000%
MEM_BLOCK_LENGTH_200                                 0         -nan%                0        0.000%
MEM_BLOCK_LENGTH_300                                 0         -nan%                0        0.000%
MEM_BLOCK_LENGTH_400                                 0         -nan%                0        0.000%
MEM_BLOCK_LENGTH_500                                 0         -nan%                0        0.000%
MEM_BLOCK_LENGTH_600                                 0         -nan%                0        0.000%
MEM_BLOCK_LENGTH_700                                 0         -nan%                0        0.000%
MEM_BLOCK_LENGTH_800                                 0         -nan%                0        0.000%
MEM_BLOCK_LENGTH_900                                 0         -nan%                0        0.000%
MEM_BLOCK_LENGTH_1000                                0         -nan%                0        0.000%
MEM_BLOCK_LENGTH_1100                                0         -nan%                0        0.000%
MEM_BLOCK_LENGTH_1200                                0         -nan%                0        0.000%
MEM_BLOCK_LENGTH_1300                                0         -nan%                0        0.000%
MEM_BLOCK_LENGTH_1400                                0         -nan%                0        0.000%
MEM_BLOCK_LENGTH_1500                                0         -nan%                0        0.000%
MEM_BLOCK_LENGTH_1600                                0         -nan%                0        0.000%
MEM_BLOCK_LENGTH_1700                                0         -nan%                0        0.000%
MEM_BLOCK_LENGTH_1800                                0         -nan%                0        0.000%
MEM_BLOCK_LENGTH_1900                                0         -nan%                0        0.000%
MEM_BLOCK_LENGTH_2000                                0         -nan%                0        0.000%
MEM_BLOCK_LENGTH_2100                                0         -nan%                0        0.000%
MEM_BLOCK_LENGTH_2200                                0         -nan%                0        0.000%
MEM_BLOCK_LENGTH_2300                                0         -nan%                0        0.000%
MEM_BLOCK_LENGTH_2400                                0         -nan%                0        0.000%
MEM_BLOCK_LENGTH_2500                                0         -nan%                0        0.000%
MEM_BLOCK_LENGTH_2600                                0         -nan%                0        0.000%
MEM_BLOCK_LENGTH_2700                                0         -nan%                0        0.000%
MEM_BLOCK_LENGTH_2800                                0         -nan%                0        0.000%
MEM_BLOCK_LENGTH_2900                                0         -nan%                0        0.000%
MEM_BLOCK_LENGTH_3000                                0         -nan%                0        0.000%
MEM_BLOCK_LENGTH_3100                                0         -nan%                0        0.000%
MEM_BLOCK_LENGTH_3200                                0         -nan%                0        0.000%
MEM_BLOCK_LENGTH_3300                                0         -nan%                0        0.000%
MEM_BLOCK_LENGTH_3400                                0         -nan%                0        0.000%
MEM_BLOCK_LENGTH_3500                                0         -nan%                0        0.000%
MEM_BLOCK_LENGTH_3600                                0         -nan%                0        0.000%
MEM_BLOCK_LENGTH_3700                                0         -nan%                0        0.000%
MEM_BLOCK_LENGTH_3800                                0         -nan%                0        0.000%
MEM_BLOCK_LENGTH_3900                                0         -nan%                0        0.000%
MEM_BLOCK_LENGTH_4000                                0         -nan%                0        0.000%
MEM_BLOCK_LENGTH_4100                                0         -nan%                0        0.000%
MEM_BLOCK_LENGTH_4200                                0         -nan%                0        0.000%
MEM_BLOCK_LENGTH_4300                                0         -nan%                0        0.000%
MEM_BLOCK_LENGTH_4400                                0         -nan%                0        0.000%
MEM_BLOCK_LENGTH_4500                                0         -nan%                0        0.000%
MEM_BLOCK_LENGTH_4600                                0         -nan%                0        0.000%
MEM_BLOCK_LENGTH_4700                                0         -nan%                0        0.000%
MEM_BLOCK_LENGTH_4800                                0         -nan%                0        0.000%
MEM_BLOCK_LENGTH_4900                                0         -nan%                0        0.000%
MEM_BLOCK_LENGTH_5000                                0         -nan%                0        0.000%
                                                     0         -nan%                2      100.000%
                                                  -nan         -nan              0.00         0.00

FUS_BUSY_ON_PATH                              10512685        1.4489         21046367        1.4310

FUS_BUSY_OFF_PATH                              4260978        0.5873          8073819        0.5490

FU_BUSY_MEM_STALL                               296434        0.0409           567072        0.0386

FUS_EMPTY                                     43271161        5.9638         88539278        6.0200

FU_UNAVAILABLE                                    7717        0.0011            17269        0.0012

FU_MEM_UNAVAILABLE                              261257        0.0360           494346        0.0336

FU_OTHER_UNAVAILABLE                                 0        0.0000                0        0.0000

FU_REPLAY                                            0        0.0000                0        0.0000

FU_STARVED                                    42952575        5.9199         87925772        5.9783

CHIP_UTILIZATION                                     0        0.0000                0        0.0000

CYCLES_UNDER_MEM_REQ                                 0                              0              

CYCLES_UNDER_NO_MEM_REQ                              0                              0              

CYCLES_UNDER_CRITICAL_MEM_REQ                        0                              0              

CYCLES_UNDER_NONCRITICAL_MEM_REQ                     0                              0              

CHIP_UTILIZATION_UNDER_MEM_REQ                       0          -nan                0          -nan

CHIP_UTILIZATION_UNDER_NO_MEM_REQ                    0          -nan                0          -nan

CHIP_UTILIZATION_UNDER_CRITICAL_MEM_REQ              0          -nan                0          -nan

CHIP_UTILIZATION_UNDER_NONCRITICAL_MEM_REQ             0          -nan                0          -nan

CYCLES_NOT_WAITING_FOR_OFF_CHIP                      0        0.0000                0        0.0000

FUS_BUSY_NOT_WAITING_FOR_OFF_CHIP                    0          -nan                0          -nan

CYCLES_WAITING_FOR_OFF_CHIP                          0        0.0000                0        0.0000

FUS_BUSY_WAITING_FOR_OFF_CHIP                        0          -nan                0          -nan

TOTAL_OFF_CHIP_DELAYS_LEFT                           0                              0              

WRONG_IO_SCHED                                       0                              0              

DVFS_CONFIG_SWITCH                                   0                              0              

MAP_STAGE_RECEIVED_OPS_0                             0        0.000%                0        0.000%
MAP_STAGE_RECEIVED_OPS_1                         12152        0.675%            27515        0.764%
MAP_STAGE_RECEIVED_OPS_2                         57057        3.169%           105537        2.931%
MAP_STAGE_RECEIVED_OPS_3                         50355        2.796%            94577        2.626%
MAP_STAGE_RECEIVED_OPS_4                         14041        0.780%            28586        0.794%
MAP_STAGE_RECEIVED_OPS_5                        103977        5.774%           211033        5.860%
MAP_STAGE_RECEIVED_OPS_6                       1563112       86.806%          3133986       87.025%
MAP_STAGE_RECEIVED_OPS_7                             0        0.000%                0        0.000%
MAP_STAGE_RECEIVED_OPS_8                             0        0.000%                0        0.000%
MAP_STAGE_RECEIVED_OPS_MAX                           0        0.000%                0        0.000%
                                               1800694      100.000%          3601234      100.000%
                                                  5.68         0.96              5.69         0.94

MAP_STAGE_WAIT_FOR_DECODE                            0         -nan%                0         -nan%
MAP_STAGE_CONSUME_DECODE                             0         -nan%                0         -nan%
                                                     0         -nan%                0         -nan%
                                                  -nan         -nan              -nan         -nan

MAP_STAGE_WAIT_FOR_DECODE2                           0         -nan%                0         -nan%
MAP_STAGE_CONSUME_DECODE2                            0         -nan%                0         -nan%
                                                     0         -nan%                0         -nan%
                                                  -nan         -nan              -nan         -nan

FTQ_RECOVER_EXEC                                 75929                         146844              

FTQ_RECOVER_DECODE                                   2                             87              

FTQ_OFFPATH_CYCLES                             5983327                       12152458              

FTQ_CYCLES_OFFPATH                             5983341                       12152486              

FTQ_CYCLES_ONPATH                              1272262                        2554947              

FTQ_FETCHED_INS_ONPATH                        10398586                       20819140              

FTQ_FETCHED_INS_OFFPATH                       24249275                       47835280              

FTQ_BREAK_FULL_FT_ONPATH                        178798                         320020              

FTQ_BREAK_FULL_FT_OFFPATH                      2805227                        5976384              

FTQ_BREAK_PRED_BR_ONPATH                             0                              0              

FTQ_BREAK_PRED_BR_OFFPATH                            0                              0              

FTQ_BREAK_BAR_FETCH_ONPATH                           0                              0              

FTQ_BREAK_BAR_FETCH_OFFPATH                          0                              0              

FTQ_BREAK_MAX_CFS_TAKEN_ONPATH                       0                              0              

FTQ_BREAK_MAX_CFS_TAKEN_OFFPATH                      0                              0              

FTQ_BREAK_MAX_FT_ONPATH                        1093464                        2234926              

FTQ_BREAK_MAX_FT_OFFPATH                       3178114                        6176103              

DFE_GEN_ON_PATH_FT                             1309502                        2628045              

DFE_GEN_OFF_PATH_FT                            3240095                        6325234              

DFE_L0_ENABLED_PREDICTIONS                    10398593                       20819138              

DFE_L0_WRONG_MAIN_CORRECT                        79725                         149053              

DFE_L0_WRONG_MAIN_WRONG                          54719                         106465              

DFE_L0_CORRECT_MAIN_WRONG                        21212                          40467              

DFE_L0_CORRECT_MAIN_CORRECT                   10242937                       20523153              

DFE_L0_WRONG_MAIN_CORRECT_RECOVERY_SCHEDULED             0                              0              

FTQ_SAW_BAR_FETCH_OFFPATH                            0                              0              

FTQ_SAW_BAR_FETCH_ONPATH                             0                              0              

DFE_CONF_0_RECOVER_AT_EXEC                           0         -nan%                0         -nan%
DFE_CONF_1_RECOVER_AT_EXEC                           0         -nan%                0         -nan%
DFE_CONF_2_RECOVER_AT_EXEC                           0         -nan%                0         -nan%
DFE_CONF_3_RECOVER_AT_EXEC                           0         -nan%                0         -nan%
DFE_CONF_0_CORRECT                                   0         -nan%                0         -nan%
DFE_CONF_1_CORRECT                                   0         -nan%                0         -nan%
DFE_CONF_2_CORRECT                                   0         -nan%                0         -nan%
DFE_CONF_3_CORRECT                                   0         -nan%                0         -nan%
                                                     0         -nan%                0         -nan%
                                                  -nan         -nan              -nan         -nan

DFE_ON_CONF_ON_OPS                                   0         -nan%                0         -nan%
DFE_ON_CONF_OFF_OPS                                  0         -nan%                0         -nan%
DFE_OFF_CONF_ON_OPS                                  0         -nan%                0         -nan%
DFE_OFF_CONF_OFF_REALISTIC_OPS                       0         -nan%                0         -nan%
DFE_OFF_CONF_OFF_PERFECT_OPS                         0         -nan%                0         -nan%
                                                     0         -nan%                0         -nan%
                                                  -nan         -nan              -nan         -nan

DFE_ON_CONF_ON_FETCH_TARGETS                         0         -nan%                0         -nan%
DFE_ON_CONF_OFF_FETCH_TARGETS                        0         -nan%                0         -nan%
DFE_OFF_CONF_ON_FETCH_TARGETS                        0         -nan%                0         -nan%
DFE_OFF_CONF_OFF_REALISTIC_FETCH_TARGETS             0         -nan%                0         -nan%
DFE_OFF_CONF_OFF_PERFECT_FETCH_TARGETS               0         -nan%                0         -nan%
                                                     0         -nan%                0         -nan%
                                                  -nan         -nan              -nan         -nan

DFE_ON_CONF_ON_CYCLES                                0         -nan%                0         -nan%
DFE_ON_CONF_OFF_CYCLES                               0         -nan%                0         -nan%
DFE_OFF_CONF_ON_CYCLES                               0         -nan%                0         -nan%
DFE_OFF_CONF_OFF_REALISTIC_CYCLES                    0         -nan%                0         -nan%
DFE_OFF_CONF_OFF_PERFECT_CYCLES                      0         -nan%                0         -nan%
                                                     0         -nan%                0         -nan%
                                                  -nan         -nan              -nan         -nan

DFE_OFF_CONF_ON_NUM_EVENTS                           0                              0              

DFE_OFF_CONF_ON_NOT_IDENTIFIED_EVENTS                0         -nan%                0         -nan%
DFE_OFF_CONF_ON_IBTB_MISS_EVENTS                     0         -nan%                0         -nan%
DFE_OFF_CONF_ON_BTB_MISS_EVENTS                      0         -nan%                0         -nan%
DFE_OFF_CONF_ON_BTB_MISS_RECOVER_AT_EXEC_EVENTS             0         -nan%                0         -nan%
DFE_OFF_CONF_ON_RECOVER_AT_EXEC_EVENTS               0         -nan%                0         -nan%
DFE_OFF_CONF_ON_RECOVER_AT_DECODE_EVENTS             0         -nan%                0         -nan%
                                                     0         -nan%                0         -nan%
                                                  -nan         -nan              -nan         -nan

DFE_OFF_CONF_ON_LATE_BTB_HIT_EVENTS                  0                              0              

DFE_OFF_CONF_ON_NOT_IDENTIFIED_CYCLES                0         -nan%                0         -nan%
DFE_OFF_CONF_ON_IBTB_MISS_CYCLES                     0         -nan%                0         -nan%
DFE_OFF_CONF_ON_BTB_MISS_CYCLES                      0         -nan%                0         -nan%
DFE_OFF_CONF_ON_BTB_MISS_RECOVER_AT_EXEC_CYCLES             0         -nan%                0         -nan%
DFE_OFF_CONF_ON_RECOVER_AT_EXEC_CYCLES               0         -nan%                0         -nan%
DFE_OFF_CONF_ON_RECOVER_AT_DECODE_CYCLES             0         -nan%                0         -nan%
                                                     0         -nan%                0         -nan%
                                                  -nan         -nan              -nan         -nan

DFE_OFF_CONF_ON_LATE_BTB_HIT_CYCLES                  0                              0              

DFE_OFF_CONF_ON_NOT_IDENTIFIED_FETCH_TARGETS             0         -nan%                0         -nan%
DFE_OFF_CONF_ON_IBTB_MISS_FETCH_TARGETS              0         -nan%                0         -nan%
DFE_OFF_CONF_ON_BTB_MISS_FETCH_TARGETS               0         -nan%                0         -nan%
DFE_OFF_CONF_ON_BTB_MISS_RECOVER_AT_EXEC_FETCH_TARGETS             0         -nan%                0         -nan%
DFE_OFF_CONF_ON_RECOVER_AT_EXEC_FETCH_TARGETS             0         -nan%                0         -nan%
DFE_OFF_CONF_ON_RECOVER_AT_DECODE_FETCH_TARGETS             0         -nan%                0         -nan%
                                                     0         -nan%                0         -nan%
                                                  -nan         -nan              -nan         -nan

DFE_OFF_CONF_ON_LATE_BTB_HIT_FETCH_TARGETS             0                              0              

DFE_OFF_CONF_ON_BP_INCORRECT_0_CONF                  0         -nan%                0         -nan%
DFE_OFF_CONF_ON_BP_INCORRECT_1_CONF                  0         -nan%                0         -nan%
DFE_OFF_CONF_ON_BP_INCORRECT_2_CONF                  0         -nan%                0         -nan%
DFE_OFF_CONF_ON_BP_INCORRECT_3_CONF                  0         -nan%                0         -nan%
                                                     0         -nan%                0         -nan%
                                                  -nan         -nan              -nan         -nan

DFE_OFF_CONF_ON_BTB_MISS_CBR_0_CONF                  0         -nan%                0         -nan%
DFE_OFF_CONF_ON_BTB_MISS_CBR_1_CONF                  0         -nan%                0         -nan%
DFE_OFF_CONF_ON_BTB_MISS_CBR_2_CONF                  0         -nan%                0         -nan%
DFE_OFF_CONF_ON_BTB_MISS_CBR_3_CONF                  0         -nan%                0         -nan%
                                                     0         -nan%                0         -nan%
                                                  -nan         -nan              -nan         -nan

DFE_OFF_CONF_ON_BTB_MISS_NOT_CF                      0         -nan%                0         -nan%
DFE_OFF_CONF_ON_BTB_MISS_CF_BR                       0         -nan%                0         -nan%
DFE_OFF_CONF_ON_BTB_MISS_CF_CBR                      0         -nan%                0         -nan%
DFE_OFF_CONF_ON_BTB_MISS_CF_CALL                     0         -nan%                0         -nan%
DFE_OFF_CONF_ON_BTB_MISS_CF_IBR                      0         -nan%                0         -nan%
DFE_OFF_CONF_ON_BTB_MISS_CF_ICALL                    0         -nan%                0         -nan%
DFE_OFF_CONF_ON_BTB_MISS_CF_ICO                      0         -nan%                0         -nan%
DFE_OFF_CONF_ON_BTB_MISS_CF_RET                      0         -nan%                0         -nan%
DFE_OFF_CONF_ON_BTB_MISS_CF_SYS                      0         -nan%                0         -nan%
                                                     0         -nan%                0         -nan%
                                                  -nan         -nan              -nan         -nan

DFE_ON_CONF_OFF_NUM_EVENTS                           0                              0              

CONF_BTB_NUM_CYCLES_OFF_PATH_EVENT                   0                              0              

DFE_ON_CONF_OFF_IBTB_MISS_BP_TAKEN                   0         -nan%                0         -nan%
DFE_ON_CONF_OFF_BTB_MISS_BP_TAKEN_CONF_0             0         -nan%                0         -nan%
DFE_ON_CONF_OFF_BTB_MISS_BP_TAKEN_CONF_1             0         -nan%                0         -nan%
DFE_ON_CONF_OFF_BTB_MISS_BP_TAKEN_CONF_2             0         -nan%                0         -nan%
DFE_ON_CONF_OFF_BTB_MISS_BP_TAKEN_CONF_3             0         -nan%                0         -nan%
DFE_ON_CONF_OFF_BTB_MISS_RATE                        0         -nan%                0         -nan%
DFE_ON_CONF_OFF_IBTB_MISS_RATE                       0         -nan%                0         -nan%
DFE_ON_CONF_OFF_RECOVER_AT_DECODE_RATE               0         -nan%                0         -nan%
DFE_ON_CONF_OFF_RECOVER_AT_EXEC_RATE                 0         -nan%                0         -nan%
DFE_ON_CONF_OFF_INV_CONF_INC                         0         -nan%                0         -nan%
DFE_ON_CONF_OFF_PERFECT_CONF                         0         -nan%                0         -nan%
                                                     0         -nan%                0         -nan%
                                                  -nan         -nan              -nan         -nan

DFE_ON_CONF_OFF_IBTB_MISS_BP_TAKEN_CYCLES             0         -nan%                0         -nan%
DFE_ON_CONF_OFF_BTB_MISS_BP_TAKEN_CONF_0_CYCLES             0         -nan%                0         -nan%
DFE_ON_CONF_OFF_BTB_MISS_BP_TAKEN_CONF_1_CYCLES             0         -nan%                0         -nan%
DFE_ON_CONF_OFF_BTB_MISS_BP_TAKEN_CONF_2_CYCLES             0         -nan%                0         -nan%
DFE_ON_CONF_OFF_BTB_MISS_BP_TAKEN_CONF_3_CYCLES             0         -nan%                0         -nan%
DFE_ON_CONF_OFF_BTB_MISS_RATE_CYCLES                 0         -nan%                0         -nan%
DFE_ON_CONF_OFF_IBTB_MISS_RATE_CYCLES                0         -nan%                0         -nan%
DFE_ON_CONF_OFF_RECOVER_AT_DECODE_RATE_CYCLES             0         -nan%                0         -nan%
DFE_ON_CONF_OFF_RECOVER_AT_EXEC_RATE_CYCLES             0         -nan%                0         -nan%
DFE_ON_CONF_OFF_INV_CONF_INC_CYCLES                  0         -nan%                0         -nan%
DFE_ON_CONF_OFF_PERFECT_CONF_CYCLES                  0         -nan%                0         -nan%
                                                     0         -nan%                0         -nan%
                                                  -nan         -nan              -nan         -nan

DFE_ON_CONF_OFF_IBTB_MISS_BP_TAKEN_FETCH_TARGETS             0         -nan%                0         -nan%
DFE_ON_CONF_OFF_BTB_MISS_BP_TAKEN_CONF_0_FETCH_TARGETS             0         -nan%                0         -nan%
DFE_ON_CONF_OFF_BTB_MISS_BP_TAKEN_CONF_1_FETCH_TARGETS             0         -nan%                0         -nan%
DFE_ON_CONF_OFF_BTB_MISS_BP_TAKEN_CONF_2_FETCH_TARGETS             0         -nan%                0         -nan%
DFE_ON_CONF_OFF_BTB_MISS_BP_TAKEN_CONF_3_FETCH_TARGETS             0         -nan%                0         -nan%
DFE_ON_CONF_OFF_BTB_MISS_RATE_FETCH_TARGETS             0         -nan%                0         -nan%
DFE_ON_CONF_OFF_IBTB_MISS_RATE_FETCH_TARGETS             0         -nan%                0         -nan%
DFE_ON_CONF_OFF_RECOVER_AT_DECODE_RATE_FETCH_TARGETS             0         -nan%                0         -nan%
DFE_ON_CONF_OFF_RECOVER_AT_EXEC_RATE_FETCH_TARGETS             0         -nan%                0         -nan%
DFE_ON_CONF_OFF_INV_CONF_INC_FETCH_TARGETS             0         -nan%                0         -nan%
DFE_ON_CONF_OFF_PERFECT_CONF_FETCH_TARGETS             0         -nan%                0         -nan%
                                                     0         -nan%                0         -nan%
                                                  -nan         -nan              -nan         -nan

CONF_OFF_IBTB_MISS_BP_TAKEN                          0         -nan%                0         -nan%
CONF_OFF_BTB_MISS_BP_TAKEN_CONF_0                    0         -nan%                0         -nan%
CONF_OFF_BTB_MISS_BP_TAKEN_CONF_1                    0         -nan%                0         -nan%
CONF_OFF_BTB_MISS_BP_TAKEN_CONF_2                    0         -nan%                0         -nan%
CONF_OFF_BTB_MISS_BP_TAKEN_CONF_3                    0         -nan%                0         -nan%
CONF_OFF_BTB_MISS_RATE                               0         -nan%                0         -nan%
CONF_OFF_IBTB_MISS_RATE                              0         -nan%                0         -nan%
CONF_OFF_RECOVER_AT_DECODE_RATE                      0         -nan%                0         -nan%
CONF_OFF_RECOVER_AT_EXEC_RATE                        0         -nan%                0         -nan%
CONF_OFF_INV_CONF_INC                                0         -nan%                0         -nan%
CONF_OFF_PERFECT_CONF                                0         -nan%                0         -nan%
                                                     0         -nan%                0         -nan%
                                                  -nan         -nan              -nan         -nan

TOPDOWN_TOTAL_SLOTS                           43533618                       88244598              

TOPDOWN_ISSUED_SLOTS                          21441191                       42051601              

TOPDOWN_RETIRED_SLOTS                         10398593                       20819138              

TOPDOWN_FETCH_BUBBLES_SLOTS                    2014363                        4226496              

TOPDOWN_RECOVERY_BUBBLES_SLOTS                 1396619                        2669512              

TOPDOWN_MEM_LOAD_STALLS_CYCLES                 3107133                        6536708              

TOPDOWN_MEM_STORE_STALLS_CYCLES                      0                              0              

TOPDOWN_EXEC_STALLS_CYCLES                     2900741                        6174746              

TOPDOWN_BACKEND_STALLS_CYCLES                  3107133                        6536709              

TOPDOWN_FETCH_BUBBLES_GT_MIW_CYCLES             222159                         467399              

TOPDOWN_BR_RECOVER_AT_EXEC_RETIRED_CYCLES         75929                         146844              

TOPDOWN_MACHINE_CLEAR_CYCLES                    155656                         295984              

TOPDOWN_FRONTEND_BOUND                             462                            462              

TOPDOWN_BACKEND_BOUND                             4293                           4293              

TOPDOWN_BAD_SPEC_BOUND                            2857                           2857              

TOPDOWN_RETIRING_BOUND                            2388                           2388              

TOPDOWN_FETCH_LATENCY_BOUND                        306                            306              

TOPDOWN_FETCH_BANDWIDTH_BOUND                      156                            156              

TOPDOWN_MEM_BOUND                                 4293                           4293              

TOPDOWN_CORE_BOUND                                   0                              0              

TOPDOWN_BR_RECOVER_AT_EXEC_BOUND                   936                            936              

TOPDOWN_MACHINE_CLEARS_BOUND                      1921                           1921              



