/* -*- Mode: c -*- */
####################################################################################################
Core 0
####################################################################################################
Cumulative:        Cycles: 16687593              Instructions: 19999999              IPC: 1.19850

Periodic:          Cycles: 8363023               Instructions: 9999995               IPC: 1.19574

ST_OP_INV                                            0        0.000%                0        0.000%
ST_OP_NOP                                        85143        0.749%           169354        0.745%
ST_OP_CF                                       1355760       11.923%          2722913       11.980%
ST_OP_MOV                                       990557        8.712%          1977946        8.702%
ST_OP_CMOV                                       25509        0.224%            51270        0.226%
ST_OP_LDA                                       180862        1.591%           359912        1.583%
ST_OP_ILD                                       646739        5.688%          1291378        5.682%
ST_OP_IST                                       178137        1.567%           357462        1.573%
ST_OP_IADD                                      733437        6.450%          1480136        6.512%
ST_OP_IMUL                                         267        0.002%              481        0.002%
ST_OP_IDIV                                           0        0.000%                0        0.000%
ST_OP_ICMP                                      965627        8.492%          1943343        8.550%
ST_OP_LOGIC                                     303044        2.665%           603335        2.654%
ST_OP_SHIFT                                     174818        1.537%           346229        1.523%
ST_OP_FLD                                      2344967       20.623%          4683707       20.607%
ST_OP_FST                                       885861        7.791%          1770908        7.791%
ST_OP_FCVT                                      168538        1.482%           333477        1.467%
ST_OP_FADD                                      504965        4.441%          1012358        4.454%
ST_OP_FMUL                                      712907        6.270%          1417359        6.236%
ST_OP_FMA                                       541610        4.763%          1077528        4.741%
ST_OP_FDIV                                      338166        2.974%           668564        2.941%
ST_OP_FCMP                                      233659        2.055%           461559        2.031%
ST_OP_FCMOV                                          0        0.000%                0        0.000%
ST_OP_GATHER                                         0        0.000%                0        0.000%
ST_OP_SCATTER                                        0        0.000%                0        0.000%
ST_OP_PIPELINED_FAST                                 2        0.000%                4        0.000%
ST_OP_PIPELINED_MEDIUM                               0        0.000%                0        0.000%
ST_OP_PIPELINED_SLOW                                 0        0.000%                0        0.000%
ST_OP_NOTPIPELINED_MEDIUM                            0        0.000%                0        0.000%
ST_OP_NOTPIPELINED_SLOW                              0        0.000%                0        0.000%
ST_OP_NOTPIPELINED_VERY_SLOW                         0        0.000%                0        0.000%
                                              11370575      100.000%         22729223      100.000%
                                                 11.12         5.89             11.11         5.88

ST_NOT_CF                                     10014815       88.077%         20006310       88.020%
ST_CF_BR                                         76522        0.673%           153635        0.676%
ST_CF_CBR                                      1050759        9.241%          2116423        9.311%
ST_CF_REP                                            0        0.000%                0        0.000%
ST_CF_CALL                                       76386        0.672%           151412        0.666%
ST_CF_IBR                                        75708        0.666%           150032        0.660%
ST_CF_ICALL                                          0        0.000%                0        0.000%
ST_CF_ICO                                            0        0.000%                0        0.000%
ST_CF_RET                                        76385        0.672%           151411        0.666%
ST_CF_SYS                                            0        0.000%                0        0.000%
                                              11370575      100.000%         22729223      100.000%
                                                  0.31         0.95              0.31         0.95

REP_FIRST                                            0                              0              

ST_BAR_NONE                                   11370575      100.000%         22729223      100.000%
ST_BAR_FETCH                                         0        0.000%                0        0.000%
ST_BAR_ISSUE                                         0        0.000%                0        0.000%
ST_BAR_BOTH                                          0        0.000%                0        0.000%
                                              11370575      100.000%         22729223      100.000%
                                                  0.00         0.00              0.00         0.00

ST_NOT_MEM                                     7314871       64.332%         14625768       64.348%
ST_MEM_LD                                      2991706       26.311%          5975085       26.288%
ST_MEM_ST                                      1063998        9.357%          2128370        9.364%
ST_MEM_PF                                            0        0.000%                0        0.000%
ST_MEM_WH                                            0        0.000%                0        0.000%
ST_MEM_EVICT                                         0        0.000%                0        0.000%
                                              11370575      100.000%         22729223      100.000%
                                                  0.45         0.55              0.45         0.55

ST_NOT_MEM_OFFPATH                             3823756       67.582%          7921098       68.010%
ST_MEM_LD_OFFPATH                              1313299       23.211%          2666041       22.891%
ST_MEM_ST_OFFPATH                               520927        9.207%          1059793        9.099%
ST_MEM_PF_OFFPATH                                    0        0.000%                0        0.000%
ST_MEM_WH_OFFPATH                                    0        0.000%                0        0.000%
ST_MEM_EVIC_OFFPATHT                                 0        0.000%                0        0.000%
                                               5657982      100.000%         11646932      100.000%
                                                  0.42         0.56              0.41         0.56

ST_OP_ONPATH                                  11370575                       22729223              

ST_OP_OFFPATH                                  5657982                       11646932              

ST_FAKE_OP_OFFPATH                                1508        0.027%           226381        1.944%
ST_NOT_FAKE_OP_OFFPATH                         5656474       99.973%         11420551       98.056%
                                               5657982      100.000%         11646932      100.000%
                                                  1.00         1.00              0.98         0.97

ST_FAKE_REASON_NOT_FAKE                        5656474       99.973%         11420551       98.056%
ST_FAKE_REASON_REDIRECT_TO_NOT_INSTRUMENTED          1508        0.027%           226381        1.944%
ST_FAKE_REASON_RETURN_TO_NOT_INSTRUMENTED             0        0.000%                0        0.000%
ST_FAKE_REASON_NONRET_CF_TO_NOT_INSTRUMENTED             0        0.000%                0        0.000%
ST_FAKE_REASON_NOT_TAKEN_TO_NOT_INSTRUMENTED             0        0.000%                0        0.000%
ST_FAKE_REASON_WRONG_PATH_STORE_TO_NEW_REGION             0        0.000%                0        0.000%
                                               5657982      100.000%         11646932      100.000%
                                                  0.00         0.02              0.02         0.14

ST_INST_ONPATH                                 9999555                       19999999              

ST_INST_OFFPATH                                5182773                       10673131              

STATIC_PIN_NOP                                       0                              0              

DYNAMIC_PIN_REP_GREATER_256                          0                              0              

INST_MAP_UPDATE_JITTED                               0        0.000%                0        0.000%
INST_MAP_UPDATE_ENCODING                          5849        0.267%             6081        0.139%
INST_MAP_UPDATE_NPC_INV                              0        0.000%                0        0.000%
INST_MAP_UPDATE_NPC_NOP                              0        0.000%                0        0.000%
INST_MAP_UPDATE_NPC_CF                               0        0.000%                0        0.000%
INST_MAP_UPDATE_NPC_MOV                              0        0.000%                0        0.000%
INST_MAP_UPDATE_NPC_CMOV                             0        0.000%                0        0.000%
INST_MAP_UPDATE_NPC_LDA                              0        0.000%                0        0.000%
INST_MAP_UPDATE_NPC_IMEM                             0        0.000%                0        0.000%
INST_MAP_UPDATE_NPC_IADD                             0        0.000%                0        0.000%
INST_MAP_UPDATE_NPC_IMUL                        124575        5.692%           249276        5.693%
INST_MAP_UPDATE_NPC_IDIV                             0        0.000%                0        0.000%
INST_MAP_UPDATE_NPC_ICMP                             0        0.000%                0        0.000%
INST_MAP_UPDATE_NPC_LOGIC                            0        0.000%                0        0.000%
INST_MAP_UPDATE_NPC_SHIFT                            0        0.000%                0        0.000%
INST_MAP_UPDATE_NPC_FMEM                             0        0.000%                0        0.000%
INST_MAP_UPDATE_NPC_FCVT                             0        0.000%                0        0.000%
INST_MAP_UPDATE_NPC_FADD                             0        0.000%                0        0.000%
INST_MAP_UPDATE_NPC_FMUL                             0        0.000%                0        0.000%
INST_MAP_UPDATE_NPC_FMA                              0        0.000%                0        0.000%
INST_MAP_UPDATE_NPC_FDIV                             0        0.000%                0        0.000%
INST_MAP_UPDATE_NPC_FCMP                             0        0.000%                0        0.000%
INST_MAP_UPDATE_NPC_FCMOV                            0        0.000%                0        0.000%
INST_MAP_UPDATE_NPC_GATHER                           0        0.000%                0        0.000%
INST_MAP_UPDATE_NPC_SCATTER                          0        0.000%                0        0.000%
INST_MAP_UPDATE_NPC_PIPELINED_FAST                   0        0.000%                0        0.000%
INST_MAP_UPDATE_NPC_PIPELINED_MEDIUM                 0        0.000%                0        0.000%
INST_MAP_UPDATE_NPC_PIPELINED_SLOW                   0        0.000%                0        0.000%
INST_MAP_UPDATE_NPC_NOTPIPELINED_MEDIUM              0        0.000%                0        0.000%
INST_MAP_UPDATE_NPC_NOTPIPELINED_SLOW                0        0.000%                0        0.000%
INST_MAP_UPDATE_NPC_NOTPIPELINED_VERY_SLOW             0        0.000%                0        0.000%
INST_MAP_UPDATE_MEM_INV                              0        0.000%                0        0.000%
INST_MAP_UPDATE_MEM_NOP                              0        0.000%                0        0.000%
INST_MAP_UPDATE_MEM_CF                               0        0.000%                0        0.000%
INST_MAP_UPDATE_MEM_MOV                        1661528       75.922%          3331078       76.078%
INST_MAP_UPDATE_MEM_CMOV                             0        0.000%                0        0.000%
INST_MAP_UPDATE_MEM_LDA                              0        0.000%                0        0.000%
INST_MAP_UPDATE_MEM_IMEM                             0        0.000%                0        0.000%
INST_MAP_UPDATE_MEM_IADD                             0        0.000%                0        0.000%
INST_MAP_UPDATE_MEM_IMUL                         42541        1.944%            84052        1.920%
INST_MAP_UPDATE_MEM_IDIV                             0        0.000%                0        0.000%
INST_MAP_UPDATE_MEM_ICMP                             0        0.000%                0        0.000%
INST_MAP_UPDATE_MEM_LOGIC                        12523        0.572%            25035        0.572%
INST_MAP_UPDATE_MEM_SHIFT                          374        0.017%              752        0.017%
INST_MAP_UPDATE_MEM_FMEM                             0        0.000%                0        0.000%
INST_MAP_UPDATE_MEM_FCVT                             0        0.000%                0        0.000%
INST_MAP_UPDATE_MEM_FADD                             0        0.000%                0        0.000%
INST_MAP_UPDATE_MEM_FMUL                           356        0.016%              609        0.014%
INST_MAP_UPDATE_MEM_FMA                         100881        4.610%           204278        4.665%
INST_MAP_UPDATE_MEM_FDIV                         87525        3.999%           171607        3.919%
INST_MAP_UPDATE_MEM_FCMP                         51096        2.335%           102265        2.336%
INST_MAP_UPDATE_MEM_FCMOV                        71246        3.256%           143577        3.279%
INST_MAP_UPDATE_MEM_GATHER                       29270        1.337%            58478        1.336%
INST_MAP_UPDATE_MEM_SCATTER                          0        0.000%                0        0.000%
INST_MAP_UPDATE_MEM_PIPELINED_FAST                   0        0.000%                0        0.000%
INST_MAP_UPDATE_MEM_PIPELINED_MEDIUM                 0        0.000%                0        0.000%
INST_MAP_UPDATE_MEM_PIPELINED_SLOW                 707        0.032%             1414        0.032%
INST_MAP_UPDATE_MEM_NOTPIPELINED_MEDIUM              0        0.000%                0        0.000%
INST_MAP_UPDATE_MEM_NOTPIPELINED_SLOW                0        0.000%                0        0.000%
INST_MAP_UPDATE_MEM_NOTPIPELINED_VERY_SLOW             0        0.000%                0        0.000%
                                               2188471      100.000%          4378502      100.000%
                                                 35.11         8.56             35.15         8.47



