/* -*- Mode: c -*- */
####################################################################################################
Core 0
####################################################################################################
Cumulative:        Cycles: 12855038              Instructions: 19999999              IPC: 1.55581

Periodic:          Cycles: 6279143               Instructions: 9999994               IPC: 1.59257

MISS_WAIT_TIME                              1741181261                     2496432256              

ICACHE_STAGE_MISS                                  190                            760              

ICACHE_CYCLE                                   6279143                       12855038              

TCACHE_CYCLE                                         0                              0              

ICACHE_SERVING_CYCLE_ON_PATH                    686054                        1352522              

ICACHE_SERVING_CYCLE_OFF_PATH                   568393                        1166709              

UCACHE_SERVING_CYCLE_ON_PATH                   2123129                        4211404              

UCACHE_SERVING_CYCLE_OFF_PATH                  2711331                        5724980              

ICACHE_CYCLE_ONPATH                            2827702       45.033%          5614530       43.676%
ICACHE_CYCLE_OFFPATH                           3451441       54.967%          7240508       56.324%
                                               6279143      100.000%         12855038      100.000%
                                                  0.55         0.53              0.56         0.53

FETCH_ON_PATH                                  2999204       47.765%          5960142       46.364%
FETCH_OFF_PATH                                 3279939       52.235%          6894896       53.636%
                                               6279143      100.000%         12855038      100.000%
                                                  0.52         0.51              0.54         0.52

FETCHED_OPS_ON_PATH                                  0         -nan%                0         -nan%
FETCHED_OPS_OFF_PATH                                 0         -nan%                0         -nan%
                                                     0         -nan%                0         -nan%
                                                  -nan         -nan              -nan         -nan

INST_LOST_FETCH                               12242803       34.005%         24482517       33.656%
INST_LOST_OFF_PATH                            17273927       47.979%         35530622       48.844%
INST_LOST_FULL_WINDOW                            56798        0.158%           109775        0.151%
INST_LOST_ROB_STALL_OTHER                      1959076        5.441%          3476773        4.779%
INST_LOST_ROB_STALL_WAIT_FOR_RECOVERY                0        0.000%                0        0.000%
INST_LOST_ROB_STALL_WAIT_FOR_REDIRECT                0        0.000%                0        0.000%
INST_LOST_ROB_STALL_WAIT_FOR_GAP_FILL                0        0.000%                0        0.000%
INST_LOST_ROB_STALL_WAIT_FOR_L1_MISS                 0        0.000%                0        0.000%
INST_LOST_ROB_STALL_WAIT_FOR_MEMORY                  0        0.000%             6144        0.008%
INST_LOST_ROB_STALL_WAIT_FOR_DC_MISS             23428        0.065%           201198        0.277%
INST_LOST_ROB_BLOCK_ISSUE_FULL                       0        0.000%                0        0.000%
INST_LOST_ROB_BLOCK_ISSUE_GAP_TOO_LARGE              0        0.000%                0        0.000%
INST_LOST_BREAK_DONT                                 0        0.000%                0        0.000%
INST_LOST_BREAK_FT_UNAVAILABLE                  942728        2.618%          1896879        2.608%
INST_LOST_BREAK_ICACHE_STAGE_RESTEER             44107        0.123%            91100        0.125%
INST_LOST_BREAK_ICACHE_MISS_REQ_SUCCESS            727        0.002%             2970        0.004%
INST_LOST_BREAK_ICACHE_MISS_REQ_FAILURE              0        0.000%              828        0.001%
INST_LOST_BREAK_ICACHE_WAIT_FOR_MISS              7645        0.021%            97210        0.134%
INST_LOST_BREAK_ICACHE_STALLED                    2227        0.006%             6639        0.009%
INST_LOST_BREAK_ICACHE_TO_UOP_CACHE_SWITCH        628910        1.747%          1261128        1.734%
INST_LOST_BREAK_ICACHE_READ_LIMIT               319014        0.886%           631777        0.868%
INST_LOST_BREAK_ICACHE_ISSUE_WIDTH                   0        0.000%                0        0.000%
INST_LOST_BREAK_UOP_CACHE_STALLED               270329        0.751%           569457        0.783%
INST_LOST_BREAK_UOP_CACHE_TO_ICACHE_SWITCH        582644        1.618%          1176043        1.617%
INST_LOST_BREAK_UOP_CACHE_READ_LIMIT           1648644        4.579%          3202410        4.402%
INST_LOST_BREAK_UOP_CACHE_ISSUE_WIDTH                0        0.000%                0        0.000%
                                              36003007      100.000%         72743470      100.000%
                                                  3.16         6.39              3.15         6.36

INST_LOST_TOTAL                               36234280                       74220061              

INST_LOST_WAIT_FOR_ICACHE_MISS_NOT_PREFETCHED             0        0.000%            13200       16.182%
INST_LOST_WAIT_FOR_ICACHE_MISS_PREFETCHED_AND_EVICTED_BY_IFETCH             0        0.000%                0        0.000%
INST_LOST_WAIT_FOR_ICACHE_MISS_PREFETCHED_AND_EVICTED_BY_FDIP             0        0.000%                0        0.000%
INST_LOST_WAIT_FOR_ICACHE_MISS_MSHR_HIT_PREF_OFFPATH             0        0.000%              255        0.313%
INST_LOST_WAIT_FOR_ICACHE_MISS_MSHR_HIT_PREF_ONPATH          6660      100.000%            68115       83.505%
                                                  6660      100.000%            81570      100.000%
                                                  4.00         4.00              3.35         3.12

FETCH_0_OPS                                     190208        3.029%           399380        3.107%
FETCH_1_OPS                                     205260        3.269%           418046        3.252%
FETCH_2_OPS                                     237419        3.781%           477807        3.717%
FETCH_3_OPS                                     375567        5.981%           728053        5.664%
FETCH_4_OPS                                     276374        4.401%           541499        4.212%
FETCH_5_OPS                                    1090880       17.373%          2181713       16.972%
FETCH_6_OPS                                    3903435       62.165%          8108540       63.077%
FETCH_7_OPS                                          0        0.000%                0        0.000%
FETCH_8_OPS                                          0        0.000%                0        0.000%
FETCH_9_OPS                                          0        0.000%                0        0.000%
FETCH_10_OPS                                         0        0.000%                0        0.000%
FETCH_11_OPS                                         0        0.000%                0        0.000%
FETCH_12_OPS                                         0        0.000%                0        0.000%
FETCH_13_OPS                                         0        0.000%                0        0.000%
FETCH_14_OPS                                         0        0.000%                0        0.000%
FETCH_15_OPS                                         0        0.000%                0        0.000%
FETCH_16_OPS                                         0        0.000%                0        0.000%
                                               6279143      100.000%         12855038      100.000%
                                                  5.06         1.32              5.08         1.31

ST_BREAK_DONT                                        0        0.000%                0        0.000%
ST_BREAK_FT_UNAVAILABLE                         188561        3.003%           379401        2.951%
ST_BREAK_ICACHE_STAGE_RESTEER                    13995        0.223%            28417        0.221%
ST_BREAK_ICACHE_MISS_REQ_SUCCESS                   190        0.003%              760        0.006%
ST_BREAK_ICACHE_MISS_REQ_FAILURE                     0        0.000%              166        0.001%
ST_BREAK_ICACHE_WAIT_FOR_MISS                     1529        0.024%            19442        0.151%
ST_BREAK_ICACHE_STALLED                           5448        0.087%            17723        0.138%
ST_BREAK_ICACHE_TO_UOP_CACHE_SWITCH             224557        3.576%           451367        3.511%
ST_BREAK_ICACHE_READ_LIMIT                      137198        2.185%           269917        2.100%
ST_BREAK_ICACHE_ISSUE_WIDTH                     875107       13.937%          1755419       13.655%
ST_BREAK_UOP_CACHE_STALLED                      419298        6.678%           959633        7.465%
ST_BREAK_UOP_CACHE_TO_ICACHE_SWITCH             181154        2.885%           365702        2.845%
ST_BREAK_UOP_CACHE_READ_LIMIT                   665187       10.594%          1281485        9.969%
ST_BREAK_UOP_CACHE_ISSUE_WIDTH                 3566919       56.806%          7325606       56.986%
                                               6279143      100.000%         12855038      100.000%
                                                 11.36         8.95             11.36         8.96

ORACLE_ON_PATH_INST                           12242803       41.478%         24482517       40.795%
ORACLE_OFF_PATH_INST                          17273927       58.522%         35530622       59.205%
                                              29516730      100.000%         60013139      100.000%
                                                  0.59         0.55              0.59         0.55

ORACLE_ON_PATH_INST_MEM                        3641292       12.336%          7298489       12.161%
ORACLE_ON_PATH_INST_NOTMEM                     8601511       29.141%         17184028       28.634%
ORACLE_OFF_PATH_INST_MEM                       4932321       16.710%         10108072       16.843%
ORACLE_OFF_PATH_INST_NOTMEM                   12341606       41.812%         25422550       42.362%
                                              29516730      100.000%         60013139      100.000%
                                                  1.88         1.49              1.89         1.51

ICACHE_CYCLE_NONRA_ONPATH                            0         -nan%                0         -nan%
ICACHE_CYCLE_NONRA_OFFPATH                           0         -nan%                0         -nan%
ICACHE_CYCLE_RA_ONPATH                               0         -nan%                0         -nan%
ICACHE_CYCLE_RA_OFFPATH                              0         -nan%                0         -nan%
                                                     0         -nan%                0         -nan%
                                                  -nan         -nan              -nan         -nan

ICACHE_CYCLE_ONPATH_NONRA                            0         -nan%                0         -nan%
ICACHE_CYCLE_OFFPATH_NONRA                           0         -nan%                0         -nan%
                                                     0         -nan%                0         -nan%
                                                  -nan         -nan              -nan         -nan

ICACHE_CYCLE_ONPATH_RA                               0         -nan%                0         -nan%
ICACHE_CYCLE_OFFPATH_RA                              0         -nan%                0         -nan%
                                                     0         -nan%                0         -nan%
                                                  -nan         -nan              -nan         -nan

INACCURATE_OFFPATH_CYCLES                            0        0.0000                0        0.0000

FETCH_ALL_INST                                29516730                       60013139              

EXEC_ALL_INST                                 16431802                       33057239              

RET_ALL_INST                                  12243017                       24482517              

EXEC_ON_PATH_INST                             12242928       74.508%         24482517       74.061%
EXEC_OFF_PATH_INST                             4188874       25.492%          8574722       25.939%
                                              16431802      100.000%         33057239      100.000%
                                                  0.25         0.40              0.26         0.40

EXEC_ON_PATH_INST_MEM                          3641321       22.160%          7298489       22.078%
EXEC_ON_PATH_INST_NOTMEM                       8601607       52.347%         17184028       51.983%
EXEC_OFF_PATH_INST_MEM                         1475265        8.978%          3018617        9.131%
EXEC_OFF_PATH_INST_NOTMEM                      2713609       16.514%          5556105       16.808%
                                              16431802      100.000%         33057239      100.000%
                                                  1.20         0.92              1.21         0.93

EXEC_RA_INST                                         0         -nan%                0         -nan%
EXEC_NONRA_INST                                      0         -nan%                0         -nan%
                                                     0         -nan%                0         -nan%
                                                  -nan         -nan              -nan         -nan

EXEC_ON_PATH_INST_RA                                 0         -nan%                0         -nan%
EXEC_OFF_PATH_INST_RA                                0         -nan%                0         -nan%
                                                     0         -nan%                0         -nan%
                                                  -nan         -nan              -nan         -nan

EXEC_ON_PATH_INST_NONRA                              0         -nan%                0         -nan%
EXEC_OFF_PATH_INST_NONRA                             0         -nan%                0         -nan%
                                                     0         -nan%                0         -nan%
                                                  -nan         -nan              -nan         -nan

EXEC_RA_ON_PATH_INST                                 0         -nan%                0         -nan%
EXEC_RA_OFF_PATH_INST                                0         -nan%                0         -nan%
EXEC_NONRA_ON_PATH_INST                              0         -nan%                0         -nan%
EXEC_NONRA_OFF_PATH_INST                             0         -nan%                0         -nan%
                                                     0         -nan%                0         -nan%
                                                  -nan         -nan              -nan         -nan

ICACHE_THROTTLE_CYCLE                                0                              0              

FETCH_ENABLE_THROTTLE_OFF_PATH                       0         -nan%                0         -nan%
FETCH_ENABLE_THROTTLE_ON_PATH                        0         -nan%                0         -nan%
                                                     0         -nan%                0         -nan%
                                                  -nan         -nan              -nan         -nan

FETCH_DISABLE_THROTTLE_OFF_PATH                      0         -nan%                0         -nan%
FETCH_DISABLE_THROTTLE_ON_PATH                       0         -nan%                0         -nan%
                                                     0         -nan%                0         -nan%
                                                  -nan         -nan              -nan         -nan

FETCH_TH_ADJUST__0                                   0         -nan%                0         -nan%
FETCH_TH_ADJUST__1                                   0         -nan%                0         -nan%
FETCH_TH_ADJUST__2                                   0         -nan%                0         -nan%
FETCH_TH_ADJUST__3                                   0         -nan%                0         -nan%
FETCH_TH_ADJUST__4                                   0         -nan%                0         -nan%
FETCH_TH_ADJUST__5                                   0         -nan%                0         -nan%
FETCH_TH_ADJUST__6                                   0         -nan%                0         -nan%
FETCH_TH_ADJUST__7                                   0         -nan%                0         -nan%
FETCH_TH_ADJUST__8                                   0         -nan%                0         -nan%
FETCH_TH_ADJUST__9                                   0         -nan%                0         -nan%
FETCH_TH_ADJUST__MAX                                 0         -nan%                0         -nan%
                                                     0         -nan%                0         -nan%
                                                  -nan         -nan              -nan         -nan

FETCH_TH_ADJUST_UP                                   0         -nan%                0         -nan%
FETCH_TH_ADJUST_DOWN                                 0         -nan%                0         -nan%
FETCH_TH_ADJUST_SAME                                 0         -nan%                0         -nan%
                                                     0         -nan%                0         -nan%
                                                  -nan         -nan              -nan         -nan

THROTTLE_ADJUST_CACHE_MISS_INFO                      0                              0              

LOW_CONF_COUNT_BP_MIS_0                              0         -nan%                0         -nan%
LOW_CONF_COUNT_BP_MIS_1                              0         -nan%                0         -nan%
LOW_CONF_COUNT_BP_MIS_2                              0         -nan%                0         -nan%
LOW_CONF_COUNT_BP_MIS_3                              0         -nan%                0         -nan%
LOW_CONF_COUNT_BP_MIS_4                              0         -nan%                0         -nan%
LOW_CONF_COUNT_BP_MIS_5                              0         -nan%                0         -nan%
LOW_CONF_COUNT_BP_MIS_6                              0         -nan%                0         -nan%
LOW_CONF_COUNT_BP_MIS_7                              0         -nan%                0         -nan%
LOW_CONF_COUNT_BP_MIS_8                              0         -nan%                0         -nan%
LOW_CONF_COUNT_BP_MIS_9                              0         -nan%                0         -nan%
LOW_CONF_COUNT_BP_MIS_10                             0         -nan%                0         -nan%
LOW_CONF_COUNT_BP_MIS_11                             0         -nan%                0         -nan%
LOW_CONF_COUNT_BP_MIS_12                             0         -nan%                0         -nan%
LOW_CONF_COUNT_BP_MIS_13                             0         -nan%                0         -nan%
LOW_CONF_COUNT_BP_MIS_14                             0         -nan%                0         -nan%
LOW_CONF_COUNT_BP_MIS_15                             0         -nan%                0         -nan%
LOW_CONF_COUNT_BP_MIS_16                             0         -nan%                0         -nan%
LOW_CONF_COUNT_BP_MIS_17                             0         -nan%                0         -nan%
LOW_CONF_COUNT_BP_MIS_18                             0         -nan%                0         -nan%
LOW_CONF_COUNT_BP_MIS_19                             0         -nan%                0         -nan%
LOW_CONF_COUNT_BP_MIS_20                             0         -nan%                0         -nan%
                                                     0         -nan%                0         -nan%
                                                  -nan         -nan              -nan         -nan

LOW_CONF_COUNT_RET_0                                 0         -nan%                0         -nan%
LOW_CONF_COUNT_RET_1                                 0         -nan%                0         -nan%
LOW_CONF_COUNT_RET_2                                 0         -nan%                0         -nan%
LOW_CONF_COUNT_RET_3                                 0         -nan%                0         -nan%
LOW_CONF_COUNT_RET_4                                 0         -nan%                0         -nan%
LOW_CONF_COUNT_RET_5                                 0         -nan%                0         -nan%
LOW_CONF_COUNT_RET_6                                 0         -nan%                0         -nan%
LOW_CONF_COUNT_RET_7                                 0         -nan%                0         -nan%
LOW_CONF_COUNT_RET_8                                 0         -nan%                0         -nan%
LOW_CONF_COUNT_RET_9                                 0         -nan%                0         -nan%
LOW_CONF_COUNT_RET_10                                0         -nan%                0         -nan%
LOW_CONF_COUNT_RET_11                                0         -nan%                0         -nan%
LOW_CONF_COUNT_RET_12                                0         -nan%                0         -nan%
LOW_CONF_COUNT_RET_13                                0         -nan%                0         -nan%
LOW_CONF_COUNT_RET_14                                0         -nan%                0         -nan%
LOW_CONF_COUNT_RET_15                                0         -nan%                0         -nan%
LOW_CONF_COUNT_RET_16                                0         -nan%                0         -nan%
LOW_CONF_COUNT_RET_17                                0         -nan%                0         -nan%
LOW_CONF_COUNT_RET_18                                0         -nan%                0         -nan%
LOW_CONF_COUNT_RET_19                                0         -nan%                0         -nan%
LOW_CONF_COUNT_RET_20                                0         -nan%                0         -nan%
                                                     0         -nan%                0         -nan%
                                                  -nan         -nan              -nan         -nan

CYCLES_RESTEER_RECOVER_AT_EXEC                       0         -nan%                0         -nan%
CYCLES_RESTEER_RECOVER_AT_DECODE                     0         -nan%                0         -nan%
CYCLES_RESTEER_BTB_MISS                              0         -nan%                0         -nan%
                                                     0         -nan%                0         -nan%
                                                  -nan         -nan              -nan         -nan

CYCLES_RESTEER_RECOVER_AT_EXEC_SAVED_UC_FETCH             0         -nan%                0         -nan%
CYCLES_RESTEER_RECOVER_AT_EXEC_COULD_BE_SAVED_UC_FETCH             0         -nan%                0         -nan%
CYCLES_RESTEER_RECOVER_AT_DECODE_SAVED_UC_FETCH             0         -nan%                0         -nan%
CYCLES_RESTEER_RECOVER_AT_DECODE_COULD_BE_SAVED_UC_FETCH             0         -nan%                0         -nan%
CYCLES_RESTEER_BTB_MISS_SAVED_UC_FETCH               0         -nan%                0         -nan%
CYCLES_RESTEER_BTB_MISS_COULD_BE_SAVED_UC_FETCH             0         -nan%                0         -nan%
                                                     0         -nan%                0         -nan%
                                                  -nan         -nan              -nan         -nan

CYCLES_UOC_IC_SWITCH                                 0                              0              



