Scarab gitrev: 4a1223f
Warning: Scarab expects the trace file type to include OFFLINE_FILE_TYPE_ARCH_REGDEPS (0x20000), but got type: 0xe40
Scarab started at Fri Apr 24 02:53:08 2026

Initialized Ramulator. 
** Heartbeat:   5% -- { 1000005 } -- 0.00 KIPS (250.00 KIPS)
** Heartbeat:  10% -- { 2000005 } -- 250.00 KIPS (250.00 KIPS)
** Heartbeat:  15% -- { 3000014 } -- 333.34 KIPS (272.73 KIPS)
** Heartbeat:  20% -- { 4000015 } -- 200.00 KIPS (250.00 KIPS)
** Heartbeat:  25% -- { 5000017 } -- 333.33 KIPS (263.16 KIPS)
** Heartbeat:  30% -- { 6000024 } -- 200.00 KIPS (250.00 KIPS)
** Heartbeat:  35% -- { 7000030 } -- 250.00 KIPS (250.00 KIPS)
** Heartbeat:  40% -- { 8000037 } -- 333.34 KIPS (258.07 KIPS)
** Heartbeat:  45% -- { 9000037 } -- 250.00 KIPS (257.14 KIPS)
** Heartbeat:  50% -- { 10000043 } -- 250.00 KIPS (256.41 KIPS)
** Heartbeat:  55% -- { 11000043 } -- 250.00 KIPS (255.81 KIPS)
** Heartbeat:  60% -- { 12000046 } -- 333.33 KIPS (260.87 KIPS)
** Heartbeat:  65% -- { 13000046 } -- 250.00 KIPS (260.00 KIPS)
** Heartbeat:  70% -- { 14000046 } -- 250.00 KIPS (259.26 KIPS)
** Heartbeat:  75% -- { 15000049 } -- 250.00 KIPS (258.62 KIPS)
** Heartbeat:  80% -- { 16000054 } -- 250.00 KIPS (258.07 KIPS)
** Heartbeat:  85% -- { 17000054 } -- 333.33 KIPS (261.54 KIPS)
** Heartbeat:  90% -- { 18000054 } -- 250.00 KIPS (260.87 KIPS)
** Heartbeat:  95% -- { 19000055 } -- 250.00 KIPS (260.27 KIPS)
** Core 0 Finished:    insts:11712088    cycles:11880485    time:3712651562500       -- 0.99 IPC (0.99 IPC) --  N/A  KIPS (256.41 KIPS)
Scarab finished at Fri Apr 24 02:54:26 2026

