/* -*- Mode: c -*- */
####################################################################################################
Core 0
####################################################################################################
Cumulative:        Cycles: 14262138              Instructions: 18262380              IPC: 1.28048

Periodic:          Cycles: 7102222               Instructions: 9049239               IPC: 1.27414

MISS_WAIT_TIME                             49612054435                    63812489874              

ICACHE_STAGE_MISS                                 5379                          10526              

ICACHE_CYCLE                                   7102222                       14262138              

TCACHE_CYCLE                                         0                              0              

ICACHE_SERVING_CYCLE_ON_PATH                    364495                         666846              

ICACHE_SERVING_CYCLE_OFF_PATH                    71699                         274457              

UCACHE_SERVING_CYCLE_ON_PATH                   5961420                       11648016              

UCACHE_SERVING_CYCLE_OFF_PATH                   386542                        1040333              

ICACHE_CYCLE_ONPATH                            6570939       92.519%         12776280       89.582%
ICACHE_CYCLE_OFFPATH                            531283        7.481%          1485858       10.418%
                                               7102222      100.000%         14262138      100.000%
                                                  0.07         0.25              0.10         0.29

FETCH_ON_PATH                                  6629680       93.347%         12904311       90.479%
FETCH_OFF_PATH                                  472542        6.653%          1357827        9.521%
                                               7102222      100.000%         14262138      100.000%
                                                  0.07         0.24              0.10         0.28

FETCHED_OPS_ON_PATH                                  0         -nan%                0         -nan%
FETCHED_OPS_OFF_PATH                                 0         -nan%                0         -nan%
                                                     0         -nan%                0         -nan%
                                                  -nan         -nan              -nan         -nan

INST_LOST_FETCH                               14367154       34.698%         28264361       34.502%
INST_LOST_OFF_PATH                             1072530        2.590%          3257118        3.976%
INST_LOST_FULL_WINDOW                           336480        0.813%           657228        0.802%
INST_LOST_ROB_STALL_OTHER                     14432166       34.855%         28380586       34.644%
INST_LOST_ROB_STALL_WAIT_FOR_RECOVERY                0        0.000%                0        0.000%
INST_LOST_ROB_STALL_WAIT_FOR_REDIRECT                0        0.000%                0        0.000%
INST_LOST_ROB_STALL_WAIT_FOR_GAP_FILL                0        0.000%                0        0.000%
INST_LOST_ROB_STALL_WAIT_FOR_L1_MISS                 0        0.000%                0        0.000%
INST_LOST_ROB_STALL_WAIT_FOR_MEMORY              56475        0.136%           119552        0.146%
INST_LOST_ROB_STALL_WAIT_FOR_DC_MISS           4948285       11.950%          9153233       11.173%
INST_LOST_ROB_BLOCK_ISSUE_FULL                       0        0.000%                0        0.000%
INST_LOST_ROB_BLOCK_ISSUE_GAP_TOO_LARGE              0        0.000%                0        0.000%
INST_LOST_BREAK_DONT                                 0        0.000%                0        0.000%
INST_LOST_BREAK_FT_UNAVAILABLE                  484750        1.171%          1001754        1.223%
INST_LOST_BREAK_ICACHE_STAGE_RESTEER             47553        0.115%            97533        0.119%
INST_LOST_BREAK_ICACHE_MISS_REQ_SUCCESS          18145        0.044%            36462        0.045%
INST_LOST_BREAK_ICACHE_MISS_REQ_FAILURE           2667        0.006%             8524        0.010%
INST_LOST_BREAK_ICACHE_WAIT_FOR_MISS           1089018        2.630%          2123965        2.593%
INST_LOST_BREAK_ICACHE_STALLED                   69334        0.167%           119236        0.146%
INST_LOST_BREAK_ICACHE_TO_UOP_CACHE_SWITCH         90250        0.218%           182946        0.223%
INST_LOST_BREAK_ICACHE_READ_LIMIT                87699        0.212%           182402        0.223%
INST_LOST_BREAK_ICACHE_ISSUE_WIDTH                   0        0.000%                0        0.000%
INST_LOST_BREAK_UOP_CACHE_STALLED               910871        2.200%          1759422        2.148%
INST_LOST_BREAK_UOP_CACHE_TO_ICACHE_SWITCH        106942        0.258%           224663        0.274%
INST_LOST_BREAK_UOP_CACHE_READ_LIMIT           3286416        7.937%          6351007        7.753%
INST_LOST_BREAK_UOP_CACHE_ISSUE_WIDTH                0        0.000%                0        0.000%
                                              41406735      100.000%         81919992      100.000%
                                                  5.36         6.64              5.25         6.63

INST_LOST_TOTAL                               41935688                       84131539              

INST_LOST_WAIT_FOR_ICACHE_MISS_NOT_PREFETCHED         29540        2.896%           143875        7.508%
INST_LOST_WAIT_FOR_ICACHE_MISS_PREFETCHED_AND_EVICTED_BY_IFETCH             0        0.000%                0        0.000%
INST_LOST_WAIT_FOR_ICACHE_MISS_PREFETCHED_AND_EVICTED_BY_FDIP             0        0.000%                0        0.000%
INST_LOST_WAIT_FOR_ICACHE_MISS_MSHR_HIT_PREF_OFFPATH         43475        4.262%            71300        3.721%
INST_LOST_WAIT_FOR_ICACHE_MISS_MSHR_HIT_PREF_ONPATH        947055       92.842%          1701030       88.771%
                                               1020070      100.000%          1916205      100.000%
                                                  3.84         3.71              3.66         3.47

FETCH_0_OPS                                     316393        4.455%           629287        4.412%
FETCH_1_OPS                                      79792        1.123%           169554        1.189%
FETCH_2_OPS                                     204491        2.879%           395251        2.771%
FETCH_3_OPS                                     219364        3.089%           440904        3.091%
FETCH_4_OPS                                    1281947       18.050%          2413067       16.919%
FETCH_5_OPS                                     534021        7.519%          1175861        8.245%
FETCH_6_OPS                                    4466214       62.885%          9038214       63.372%
FETCH_7_OPS                                          0        0.000%                0        0.000%
FETCH_8_OPS                                          0        0.000%                0        0.000%
FETCH_9_OPS                                          0        0.000%                0        0.000%
FETCH_10_OPS                                         0        0.000%                0        0.000%
FETCH_11_OPS                                         0        0.000%                0        0.000%
FETCH_12_OPS                                         0        0.000%                0        0.000%
FETCH_13_OPS                                         0        0.000%                0        0.000%
FETCH_14_OPS                                         0        0.000%                0        0.000%
FETCH_15_OPS                                         0        0.000%                0        0.000%
FETCH_16_OPS                                         0        0.000%                0        0.000%
                                               7102222      100.000%         14262138      100.000%
                                                  5.03         1.16              5.05         1.16

ST_BREAK_DONT                                        0        0.000%                0        0.000%
ST_BREAK_FT_UNAVAILABLE                          97747        1.376%           201837        1.415%
ST_BREAK_ICACHE_STAGE_RESTEER                    20574        0.290%            41840        0.293%
ST_BREAK_ICACHE_MISS_REQ_SUCCESS                  5379        0.076%            10526        0.074%
ST_BREAK_ICACHE_MISS_REQ_FAILURE                   535        0.008%             1712        0.012%
ST_BREAK_ICACHE_WAIT_FOR_MISS                   218006        3.070%           425276        2.982%
ST_BREAK_ICACHE_STALLED                         143906        2.026%           303770        2.130%
ST_BREAK_ICACHE_TO_UOP_CACHE_SWITCH              40977        0.577%            82281        0.577%
ST_BREAK_ICACHE_READ_LIMIT                       34968        0.492%            73094        0.513%
ST_BREAK_ICACHE_ISSUE_WIDTH                     136139        1.917%           342627        2.402%
ST_BREAK_UOP_CACHE_STALLED                     3426151       48.241%          6811671       47.761%
ST_BREAK_UOP_CACHE_TO_ICACHE_SWITCH              33246        0.468%            70547        0.495%
ST_BREAK_UOP_CACHE_READ_LIMIT                  1506853       21.217%          2890523       20.267%
ST_BREAK_UOP_CACHE_ISSUE_WIDTH                 1437741       20.244%          3006434       21.080%
                                               7102222      100.000%         14262138      100.000%
                                                 10.60         5.25             10.60         5.35

ORACLE_ON_PATH_INST                           14367154       93.053%         28264361       89.667%
ORACLE_OFF_PATH_INST                           1072530        6.947%          3257118       10.333%
                                              15439684      100.000%         31521479      100.000%
                                                  0.07         0.25              0.10         0.29

ORACLE_ON_PATH_INST_MEM                        4414934       28.595%          8750474       27.760%
ORACLE_ON_PATH_INST_NOTMEM                     9952220       64.459%         19513887       61.907%
ORACLE_OFF_PATH_INST_MEM                        373359        2.418%           980944        3.112%
ORACLE_OFF_PATH_INST_NOTMEM                     699171        4.528%          2276174        7.221%
                                              15439684      100.000%         31521479      100.000%
                                                  0.83         0.54              0.90         0.65

ICACHE_CYCLE_NONRA_ONPATH                            0         -nan%                0         -nan%
ICACHE_CYCLE_NONRA_OFFPATH                           0         -nan%                0         -nan%
ICACHE_CYCLE_RA_ONPATH                               0         -nan%                0         -nan%
ICACHE_CYCLE_RA_OFFPATH                              0         -nan%                0         -nan%
                                                     0         -nan%                0         -nan%
                                                  -nan         -nan              -nan         -nan

ICACHE_CYCLE_ONPATH_NONRA                            0         -nan%                0         -nan%
ICACHE_CYCLE_OFFPATH_NONRA                           0         -nan%                0         -nan%
                                                     0         -nan%                0         -nan%
                                                  -nan         -nan              -nan         -nan

ICACHE_CYCLE_ONPATH_RA                               0         -nan%                0         -nan%
ICACHE_CYCLE_OFFPATH_RA                              0         -nan%                0         -nan%
                                                     0         -nan%                0         -nan%
                                                  -nan         -nan              -nan         -nan

INACCURATE_OFFPATH_CYCLES                            0        0.0000                0        0.0000

FETCH_ALL_INST                                15439684                       31521479              

EXEC_ALL_INST                                 14499552                       28731470              

RET_ALL_INST                                  14366670                       28263801              

EXEC_ON_PATH_INST                             14366739       99.084%         28263890       98.373%
EXEC_OFF_PATH_INST                              132813        0.916%           467580        1.627%
                                              14499552      100.000%         28731470      100.000%
                                                  0.01         0.09              0.02         0.13

EXEC_ON_PATH_INST_MEM                          4414764       30.448%          8750290       30.455%
EXEC_ON_PATH_INST_NOTMEM                       9951975       68.636%         19513600       67.917%
EXEC_OFF_PATH_INST_MEM                           51164        0.353%           149014        0.519%
EXEC_OFF_PATH_INST_NOTMEM                        81649        0.563%           318566        1.109%
                                              14499552      100.000%         28731470      100.000%
                                                  0.71         0.31              0.72         0.35

EXEC_RA_INST                                         0         -nan%                0         -nan%
EXEC_NONRA_INST                                      0         -nan%                0         -nan%
                                                     0         -nan%                0         -nan%
                                                  -nan         -nan              -nan         -nan

EXEC_ON_PATH_INST_RA                                 0         -nan%                0         -nan%
EXEC_OFF_PATH_INST_RA                                0         -nan%                0         -nan%
                                                     0         -nan%                0         -nan%
                                                  -nan         -nan              -nan         -nan

EXEC_ON_PATH_INST_NONRA                              0         -nan%                0         -nan%
EXEC_OFF_PATH_INST_NONRA                             0         -nan%                0         -nan%
                                                     0         -nan%                0         -nan%
                                                  -nan         -nan              -nan         -nan

EXEC_RA_ON_PATH_INST                                 0         -nan%                0         -nan%
EXEC_RA_OFF_PATH_INST                                0         -nan%                0         -nan%
EXEC_NONRA_ON_PATH_INST                              0         -nan%                0         -nan%
EXEC_NONRA_OFF_PATH_INST                             0         -nan%                0         -nan%
                                                     0         -nan%                0         -nan%
                                                  -nan         -nan              -nan         -nan

ICACHE_THROTTLE_CYCLE                                0                              0              

FETCH_ENABLE_THROTTLE_OFF_PATH                       0         -nan%                0         -nan%
FETCH_ENABLE_THROTTLE_ON_PATH                        0         -nan%                0         -nan%
                                                     0         -nan%                0         -nan%
                                                  -nan         -nan              -nan         -nan

FETCH_DISABLE_THROTTLE_OFF_PATH                      0         -nan%                0         -nan%
FETCH_DISABLE_THROTTLE_ON_PATH                       0         -nan%                0         -nan%
                                                     0         -nan%                0         -nan%
                                                  -nan         -nan              -nan         -nan

FETCH_TH_ADJUST__0                                   0         -nan%                0         -nan%
FETCH_TH_ADJUST__1                                   0         -nan%                0         -nan%
FETCH_TH_ADJUST__2                                   0         -nan%                0         -nan%
FETCH_TH_ADJUST__3                                   0         -nan%                0         -nan%
FETCH_TH_ADJUST__4                                   0         -nan%                0         -nan%
FETCH_TH_ADJUST__5                                   0         -nan%                0         -nan%
FETCH_TH_ADJUST__6                                   0         -nan%                0         -nan%
FETCH_TH_ADJUST__7                                   0         -nan%                0         -nan%
FETCH_TH_ADJUST__8                                   0         -nan%                0         -nan%
FETCH_TH_ADJUST__9                                   0         -nan%                0         -nan%
FETCH_TH_ADJUST__MAX                                 0         -nan%                0         -nan%
                                                     0         -nan%                0         -nan%
                                                  -nan         -nan              -nan         -nan

FETCH_TH_ADJUST_UP                                   0         -nan%                0         -nan%
FETCH_TH_ADJUST_DOWN                                 0         -nan%                0         -nan%
FETCH_TH_ADJUST_SAME                                 0         -nan%                0         -nan%
                                                     0         -nan%                0         -nan%
                                                  -nan         -nan              -nan         -nan

THROTTLE_ADJUST_CACHE_MISS_INFO                      0                              0              

LOW_CONF_COUNT_BP_MIS_0                              0         -nan%                0         -nan%
LOW_CONF_COUNT_BP_MIS_1                              0         -nan%                0         -nan%
LOW_CONF_COUNT_BP_MIS_2                              0         -nan%                0         -nan%
LOW_CONF_COUNT_BP_MIS_3                              0         -nan%                0         -nan%
LOW_CONF_COUNT_BP_MIS_4                              0         -nan%                0         -nan%
LOW_CONF_COUNT_BP_MIS_5                              0         -nan%                0         -nan%
LOW_CONF_COUNT_BP_MIS_6                              0         -nan%                0         -nan%
LOW_CONF_COUNT_BP_MIS_7                              0         -nan%                0         -nan%
LOW_CONF_COUNT_BP_MIS_8                              0         -nan%                0         -nan%
LOW_CONF_COUNT_BP_MIS_9                              0         -nan%                0         -nan%
LOW_CONF_COUNT_BP_MIS_10                             0         -nan%                0         -nan%
LOW_CONF_COUNT_BP_MIS_11                             0         -nan%                0         -nan%
LOW_CONF_COUNT_BP_MIS_12                             0         -nan%                0         -nan%
LOW_CONF_COUNT_BP_MIS_13                             0         -nan%                0         -nan%
LOW_CONF_COUNT_BP_MIS_14                             0         -nan%                0         -nan%
LOW_CONF_COUNT_BP_MIS_15                             0         -nan%                0         -nan%
LOW_CONF_COUNT_BP_MIS_16                             0         -nan%                0         -nan%
LOW_CONF_COUNT_BP_MIS_17                             0         -nan%                0         -nan%
LOW_CONF_COUNT_BP_MIS_18                             0         -nan%                0         -nan%
LOW_CONF_COUNT_BP_MIS_19                             0         -nan%                0         -nan%
LOW_CONF_COUNT_BP_MIS_20                             0         -nan%                0         -nan%
                                                     0         -nan%                0         -nan%
                                                  -nan         -nan              -nan         -nan

LOW_CONF_COUNT_RET_0                                 0         -nan%                0         -nan%
LOW_CONF_COUNT_RET_1                                 0         -nan%                0         -nan%
LOW_CONF_COUNT_RET_2                                 0         -nan%                0         -nan%
LOW_CONF_COUNT_RET_3                                 0         -nan%                0         -nan%
LOW_CONF_COUNT_RET_4                                 0         -nan%                0         -nan%
LOW_CONF_COUNT_RET_5                                 0         -nan%                0         -nan%
LOW_CONF_COUNT_RET_6                                 0         -nan%                0         -nan%
LOW_CONF_COUNT_RET_7                                 0         -nan%                0         -nan%
LOW_CONF_COUNT_RET_8                                 0         -nan%                0         -nan%
LOW_CONF_COUNT_RET_9                                 0         -nan%                0         -nan%
LOW_CONF_COUNT_RET_10                                0         -nan%                0         -nan%
LOW_CONF_COUNT_RET_11                                0         -nan%                0         -nan%
LOW_CONF_COUNT_RET_12                                0         -nan%                0         -nan%
LOW_CONF_COUNT_RET_13                                0         -nan%                0         -nan%
LOW_CONF_COUNT_RET_14                                0         -nan%                0         -nan%
LOW_CONF_COUNT_RET_15                                0         -nan%                0         -nan%
LOW_CONF_COUNT_RET_16                                0         -nan%                0         -nan%
LOW_CONF_COUNT_RET_17                                0         -nan%                0         -nan%
LOW_CONF_COUNT_RET_18                                0         -nan%                0         -nan%
LOW_CONF_COUNT_RET_19                                0         -nan%                0         -nan%
LOW_CONF_COUNT_RET_20                                0         -nan%                0         -nan%
                                                     0         -nan%                0         -nan%
                                                  -nan         -nan              -nan         -nan

CYCLES_RESTEER_RECOVER_AT_EXEC                       0         -nan%                0         -nan%
CYCLES_RESTEER_RECOVER_AT_DECODE                     0         -nan%                0         -nan%
CYCLES_RESTEER_BTB_MISS                              0         -nan%                0         -nan%
                                                     0         -nan%                0         -nan%
                                                  -nan         -nan              -nan         -nan

CYCLES_RESTEER_RECOVER_AT_EXEC_SAVED_UC_FETCH             0         -nan%                0         -nan%
CYCLES_RESTEER_RECOVER_AT_EXEC_COULD_BE_SAVED_UC_FETCH             0         -nan%                0         -nan%
CYCLES_RESTEER_RECOVER_AT_DECODE_SAVED_UC_FETCH             0         -nan%                0         -nan%
CYCLES_RESTEER_RECOVER_AT_DECODE_COULD_BE_SAVED_UC_FETCH             0         -nan%                0         -nan%
CYCLES_RESTEER_BTB_MISS_SAVED_UC_FETCH               0         -nan%                0         -nan%
CYCLES_RESTEER_BTB_MISS_COULD_BE_SAVED_UC_FETCH             0         -nan%                0         -nan%
                                                     0         -nan%                0         -nan%
                                                  -nan         -nan              -nan         -nan

CYCLES_UOC_IC_SWITCH                                 0                              0              



