               ramulator.active_cycles_0             7276100                                      # Total active cycles for level _0
                 ramulator.busy_cycles_0             7276100                                      # (All-bank refresh only. busy cycles only include refresh time in rank level) The sum of cycles that the DRAM part is active or under refresh for level _0
            ramulator.serving_requests_0            13213788                                      # The sum of read and write requests that are served in this DRAM element per memory cycle for level _0
    ramulator.average_serving_requests_0            1.158553                                      # The average of read and write requests that are served in this DRAM element per memory cycle for level _0
             ramulator.active_cycles_0_0             7276100                                      # Total active cycles for level _0_0
               ramulator.busy_cycles_0_0             7507520                                      # (All-bank refresh only. busy cycles only include refresh time in rank level) The sum of cycles that the DRAM part is active or under refresh for level _0_0
          ramulator.serving_requests_0_0            13213788                                      # The sum of read and write requests that are served in this DRAM element per memory cycle for level _0_0
  ramulator.average_serving_requests_0_0            1.158553                                      # The average of read and write requests that are served in this DRAM element per memory cycle for level _0_0
           ramulator.active_cycles_0_0_0             2493046                                      # Total active cycles for level _0_0_0
             ramulator.busy_cycles_0_0_0             2493046                                      # (All-bank refresh only. busy cycles only include refresh time in rank level) The sum of cycles that the DRAM part is active or under refresh for level _0_0_0
        ramulator.serving_requests_0_0_0             3267163                                      # The sum of read and write requests that are served in this DRAM element per memory cycle for level _0_0_0
ramulator.average_serving_requests_0_0_0            0.286457                                      # The average of read and write requests that are served in this DRAM element per memory cycle for level _0_0_0
         ramulator.active_cycles_0_0_0_0              888765                                      # Total active cycles for level _0_0_0_0
           ramulator.busy_cycles_0_0_0_0              888765                                      # (All-bank refresh only. busy cycles only include refresh time in rank level) The sum of cycles that the DRAM part is active or under refresh for level _0_0_0_0
      ramulator.serving_requests_0_0_0_0              974100                                      # The sum of read and write requests that are served in this DRAM element per memory cycle for level _0_0_0_0
ramulator.average_serving_requests_0_0_0_0            0.085407                                      # The average of read and write requests that are served in this DRAM element per memory cycle for level _0_0_0_0
         ramulator.active_cycles_0_0_0_1              210835                                      # Total active cycles for level _0_0_0_1
           ramulator.busy_cycles_0_0_0_1              210835                                      # (All-bank refresh only. busy cycles only include refresh time in rank level) The sum of cycles that the DRAM part is active or under refresh for level _0_0_0_1
      ramulator.serving_requests_0_0_0_1              292278                                      # The sum of read and write requests that are served in this DRAM element per memory cycle for level _0_0_0_1
ramulator.average_serving_requests_0_0_0_1            0.025626                                      # The average of read and write requests that are served in this DRAM element per memory cycle for level _0_0_0_1
         ramulator.active_cycles_0_0_0_2             1045627                                      # Total active cycles for level _0_0_0_2
           ramulator.busy_cycles_0_0_0_2             1045627                                      # (All-bank refresh only. busy cycles only include refresh time in rank level) The sum of cycles that the DRAM part is active or under refresh for level _0_0_0_2
      ramulator.serving_requests_0_0_0_2             1135013                                      # The sum of read and write requests that are served in this DRAM element per memory cycle for level _0_0_0_2
ramulator.average_serving_requests_0_0_0_2            0.099515                                      # The average of read and write requests that are served in this DRAM element per memory cycle for level _0_0_0_2
         ramulator.active_cycles_0_0_0_3              787099                                      # Total active cycles for level _0_0_0_3
           ramulator.busy_cycles_0_0_0_3              787099                                      # (All-bank refresh only. busy cycles only include refresh time in rank level) The sum of cycles that the DRAM part is active or under refresh for level _0_0_0_3
      ramulator.serving_requests_0_0_0_3              865772                                      # The sum of read and write requests that are served in this DRAM element per memory cycle for level _0_0_0_3
ramulator.average_serving_requests_0_0_0_3            0.075909                                      # The average of read and write requests that are served in this DRAM element per memory cycle for level _0_0_0_3
           ramulator.active_cycles_0_0_1             2861676                                      # Total active cycles for level _0_0_1
             ramulator.busy_cycles_0_0_1             2861676                                      # (All-bank refresh only. busy cycles only include refresh time in rank level) The sum of cycles that the DRAM part is active or under refresh for level _0_0_1
        ramulator.serving_requests_0_0_1             3736326                                      # The sum of read and write requests that are served in this DRAM element per memory cycle for level _0_0_1
ramulator.average_serving_requests_0_0_1            0.327592                                      # The average of read and write requests that are served in this DRAM element per memory cycle for level _0_0_1
         ramulator.active_cycles_0_0_1_0              797242                                      # Total active cycles for level _0_0_1_0
           ramulator.busy_cycles_0_0_1_0              797242                                      # (All-bank refresh only. busy cycles only include refresh time in rank level) The sum of cycles that the DRAM part is active or under refresh for level _0_0_1_0
      ramulator.serving_requests_0_0_1_0              877229                                      # The sum of read and write requests that are served in this DRAM element per memory cycle for level _0_0_1_0
ramulator.average_serving_requests_0_0_1_0            0.076913                                      # The average of read and write requests that are served in this DRAM element per memory cycle for level _0_0_1_0
         ramulator.active_cycles_0_0_1_1              236065                                      # Total active cycles for level _0_0_1_1
           ramulator.busy_cycles_0_0_1_1              236065                                      # (All-bank refresh only. busy cycles only include refresh time in rank level) The sum of cycles that the DRAM part is active or under refresh for level _0_0_1_1
      ramulator.serving_requests_0_0_1_1              309407                                      # The sum of read and write requests that are served in this DRAM element per memory cycle for level _0_0_1_1
ramulator.average_serving_requests_0_0_1_1            0.027128                                      # The average of read and write requests that are served in this DRAM element per memory cycle for level _0_0_1_1
         ramulator.active_cycles_0_0_1_2              743807                                      # Total active cycles for level _0_0_1_2
           ramulator.busy_cycles_0_0_1_2              743807                                      # (All-bank refresh only. busy cycles only include refresh time in rank level) The sum of cycles that the DRAM part is active or under refresh for level _0_0_1_2
      ramulator.serving_requests_0_0_1_2              833366                                      # The sum of read and write requests that are served in this DRAM element per memory cycle for level _0_0_1_2
ramulator.average_serving_requests_0_0_1_2            0.073068                                      # The average of read and write requests that are served in this DRAM element per memory cycle for level _0_0_1_2
         ramulator.active_cycles_0_0_1_3             1614101                                      # Total active cycles for level _0_0_1_3
           ramulator.busy_cycles_0_0_1_3             1614101                                      # (All-bank refresh only. busy cycles only include refresh time in rank level) The sum of cycles that the DRAM part is active or under refresh for level _0_0_1_3
      ramulator.serving_requests_0_0_1_3             1716324                                      # The sum of read and write requests that are served in this DRAM element per memory cycle for level _0_0_1_3
ramulator.average_serving_requests_0_0_1_3            0.150483                                      # The average of read and write requests that are served in this DRAM element per memory cycle for level _0_0_1_3
           ramulator.active_cycles_0_0_2             2724919                                      # Total active cycles for level _0_0_2
             ramulator.busy_cycles_0_0_2             2724919                                      # (All-bank refresh only. busy cycles only include refresh time in rank level) The sum of cycles that the DRAM part is active or under refresh for level _0_0_2
        ramulator.serving_requests_0_0_2             3468745                                      # The sum of read and write requests that are served in this DRAM element per memory cycle for level _0_0_2
ramulator.average_serving_requests_0_0_2            0.304131                                      # The average of read and write requests that are served in this DRAM element per memory cycle for level _0_0_2
         ramulator.active_cycles_0_0_2_0              542519                                      # Total active cycles for level _0_0_2_0
           ramulator.busy_cycles_0_0_2_0              542519                                      # (All-bank refresh only. busy cycles only include refresh time in rank level) The sum of cycles that the DRAM part is active or under refresh for level _0_0_2_0
      ramulator.serving_requests_0_0_2_0              617734                                      # The sum of read and write requests that are served in this DRAM element per memory cycle for level _0_0_2_0
ramulator.average_serving_requests_0_0_2_0            0.054161                                      # The average of read and write requests that are served in this DRAM element per memory cycle for level _0_0_2_0
         ramulator.active_cycles_0_0_2_1              971708                                      # Total active cycles for level _0_0_2_1
           ramulator.busy_cycles_0_0_2_1              971708                                      # (All-bank refresh only. busy cycles only include refresh time in rank level) The sum of cycles that the DRAM part is active or under refresh for level _0_0_2_1
      ramulator.serving_requests_0_0_2_1             1067222                                      # The sum of read and write requests that are served in this DRAM element per memory cycle for level _0_0_2_1
ramulator.average_serving_requests_0_0_2_1            0.093571                                      # The average of read and write requests that are served in this DRAM element per memory cycle for level _0_0_2_1
         ramulator.active_cycles_0_0_2_2             1035748                                      # Total active cycles for level _0_0_2_2
           ramulator.busy_cycles_0_0_2_2             1035748                                      # (All-bank refresh only. busy cycles only include refresh time in rank level) The sum of cycles that the DRAM part is active or under refresh for level _0_0_2_2
      ramulator.serving_requests_0_0_2_2             1115690                                      # The sum of read and write requests that are served in this DRAM element per memory cycle for level _0_0_2_2
ramulator.average_serving_requests_0_0_2_2            0.097821                                      # The average of read and write requests that are served in this DRAM element per memory cycle for level _0_0_2_2
         ramulator.active_cycles_0_0_2_3              595827                                      # Total active cycles for level _0_0_2_3
           ramulator.busy_cycles_0_0_2_3              595827                                      # (All-bank refresh only. busy cycles only include refresh time in rank level) The sum of cycles that the DRAM part is active or under refresh for level _0_0_2_3
      ramulator.serving_requests_0_0_2_3              668099                                      # The sum of read and write requests that are served in this DRAM element per memory cycle for level _0_0_2_3
ramulator.average_serving_requests_0_0_2_3            0.058577                                      # The average of read and write requests that are served in this DRAM element per memory cycle for level _0_0_2_3
           ramulator.active_cycles_0_0_3             2232619                                      # Total active cycles for level _0_0_3
             ramulator.busy_cycles_0_0_3             2232619                                      # (All-bank refresh only. busy cycles only include refresh time in rank level) The sum of cycles that the DRAM part is active or under refresh for level _0_0_3
        ramulator.serving_requests_0_0_3             2741554                                      # The sum of read and write requests that are served in this DRAM element per memory cycle for level _0_0_3
ramulator.average_serving_requests_0_0_3            0.240373                                      # The average of read and write requests that are served in this DRAM element per memory cycle for level _0_0_3
         ramulator.active_cycles_0_0_3_0              944978                                      # Total active cycles for level _0_0_3_0
           ramulator.busy_cycles_0_0_3_0              944978                                      # (All-bank refresh only. busy cycles only include refresh time in rank level) The sum of cycles that the DRAM part is active or under refresh for level _0_0_3_0
      ramulator.serving_requests_0_0_3_0             1029197                                      # The sum of read and write requests that are served in this DRAM element per memory cycle for level _0_0_3_0
ramulator.average_serving_requests_0_0_3_0            0.090238                                      # The average of read and write requests that are served in this DRAM element per memory cycle for level _0_0_3_0
         ramulator.active_cycles_0_0_3_1              796019                                      # Total active cycles for level _0_0_3_1
           ramulator.busy_cycles_0_0_3_1              796019                                      # (All-bank refresh only. busy cycles only include refresh time in rank level) The sum of cycles that the DRAM part is active or under refresh for level _0_0_3_1
      ramulator.serving_requests_0_0_3_1              873991                                      # The sum of read and write requests that are served in this DRAM element per memory cycle for level _0_0_3_1
ramulator.average_serving_requests_0_0_3_1            0.076629                                      # The average of read and write requests that are served in this DRAM element per memory cycle for level _0_0_3_1
         ramulator.active_cycles_0_0_3_2              425161                                      # Total active cycles for level _0_0_3_2
           ramulator.busy_cycles_0_0_3_2              425161                                      # (All-bank refresh only. busy cycles only include refresh time in rank level) The sum of cycles that the DRAM part is active or under refresh for level _0_0_3_2
      ramulator.serving_requests_0_0_3_2              505065                                      # The sum of read and write requests that are served in this DRAM element per memory cycle for level _0_0_3_2
ramulator.average_serving_requests_0_0_3_2            0.044283                                      # The average of read and write requests that are served in this DRAM element per memory cycle for level _0_0_3_2
         ramulator.active_cycles_0_0_3_3              261170                                      # Total active cycles for level _0_0_3_3
           ramulator.busy_cycles_0_0_3_3              261170                                      # (All-bank refresh only. busy cycles only include refresh time in rank level) The sum of cycles that the DRAM part is active or under refresh for level _0_0_3_3
      ramulator.serving_requests_0_0_3_3              333301                                      # The sum of read and write requests that are served in this DRAM element per memory cycle for level _0_0_3_3
ramulator.average_serving_requests_0_0_3_3            0.029223                                      # The average of read and write requests that are served in this DRAM element per memory cycle for level _0_0_3_3
      ramulator.read_transaction_bytes_0            10627648                                      # The total byte of read transaction per channel
     ramulator.write_transaction_bytes_0              195328                                      # The total byte of write transaction per channel
       ramulator.row_hits_channel_0_core              129509                                      # Number of row hits per channel per core
     ramulator.row_misses_channel_0_core                8211                                      # Number of row misses per channel per core
  ramulator.row_conflicts_channel_0_core               31389                                      # Number of row conflicts per channel per core
  ramulator.read_row_hits_channel_0_core              129092                                      # Number of row hits for read requests per channel per core
                                     [0]            129092.0                                      # 
ramulator.read_row_misses_channel_0_core                7745                                      # Number of row misses for read requests per channel per core
                                     [0]              7745.0                                      # 
ramulator.read_row_conflicts_channel_0_core               29220                                      # Number of row conflicts for read requests per channel per core
                                     [0]             29220.0                                      # 
 ramulator.write_row_hits_channel_0_core                 417                                      # Number of row hits for write requests per channel per core
                                     [0]               417.0                                      # 
ramulator.write_row_misses_channel_0_core                 466                                      # Number of row misses for write requests per channel per core
                                     [0]               466.0                                      # 
ramulator.write_row_conflicts_channel_0_core                2169                                      # Number of row conflicts for write requests per channel per core
                                     [0]              2169.0                                      # 
      ramulator.useless_activates_0_core                   3                                      # Number of useless activations. E.g, ACT -> PRE w/o RD or WR
            ramulator.read_latency_avg_0           38.066855                                      # The average memory latency cycles (in memory time domain) per request for all read requests in this channel
            ramulator.read_latency_sum_0             6321953                                      # The memory latency cycles (in memory time domain) sum for all read requests in this channel
        ramulator.req_queue_length_avg_0           12.255876                                      # Average of read and write queue length per memory cycle per channel.
        ramulator.req_queue_length_sum_0           139783438                                      # Sum of read and write queue length per memory cycle per channel.
   ramulator.read_req_queue_length_avg_0            0.502083                                      # Read queue length average per memory cycle per channel.
   ramulator.read_req_queue_length_sum_0             5726466                                      # Read queue length sum per memory cycle per channel.
  ramulator.write_req_queue_length_avg_0           11.753793                                      # Write queue length average per memory cycle per channel.
  ramulator.write_req_queue_length_sum_0           134056972                                      # Write queue length sum per memory cycle per channel.
              ramulator.record_read_hits                 0.0                                      # record read hit count for this core when it reaches request limit or to the end
                                     [0]                 0.0                                      # 
            ramulator.record_read_misses                 0.0                                      # record_read_miss count for this core when it reaches request limit or to the end
                                     [0]                 0.0                                      # 
         ramulator.record_read_conflicts                 0.0                                      # record read conflict count for this core when it reaches request limit or to the end
                                     [0]                 0.0                                      # 
             ramulator.record_write_hits                 0.0                                      # record write hit count for this core when it reaches request limit or to the end
                                     [0]                 0.0                                      # 
           ramulator.record_write_misses                 0.0                                      # record write miss count for this core when it reaches request limit or to the end
                                     [0]                 0.0                                      # 
        ramulator.record_write_conflicts                 0.0                                      # record write conflict for this core when it reaches request limit or to the end
                                     [0]                 0.0                                      # 
                 ramulator.dram_capacity          8589934592                                      # Number of bytes in simulated DRAM
                   ramulator.dram_cycles            11405422                                      # Number of DRAM cycles simulated
             ramulator.incoming_requests              169134                                      # Number of incoming requests to DRAM
                 ramulator.read_requests              166075                                      # Number of incoming read requests to DRAM per core
                                     [0]            166075.0                                      # 
                ramulator.write_requests                3059                                      # Number of incoming write requests to DRAM per core
                                     [0]              3059.0                                      # 
       ramulator.ramulator_active_cycles             7276100                                      # The total number of cycles that the DRAM part is active (serving R/W)
 ramulator.incoming_requests_per_channel            169134.0                                      # Number of incoming requests to each DRAM channel
                                     [0]            169134.0                                      # 
ramulator.incoming_read_reqs_per_channel            166075.0                                      # Number of incoming read requests to each DRAM channel
                                     [0]            166075.0                                      # 
     ramulator.physical_page_replacement                   0                                      # The number of times that physical page replacement happens.
             ramulator.maximum_bandwidth         19200000000                                      # The theoretical maximum bandwidth (Bps)
          ramulator.in_queue_req_num_sum           139783438                                      # Sum of read/write queue length
     ramulator.in_queue_read_req_num_sum             5726466                                      # Sum of read queue length
    ramulator.in_queue_write_req_num_sum           134056972                                      # Sum of write queue length
          ramulator.in_queue_req_num_avg           12.255876                                      # Average of read/write queue length per memory cycle
     ramulator.in_queue_read_req_num_avg            0.502083                                      # Average of read queue length per memory cycle
    ramulator.in_queue_write_req_num_avg           11.753793                                      # Average of write queue length per memory cycle
          ramulator.record_read_requests                 0.0                                      # record read requests for this core when it reaches request limit or to the end
                                     [0]                 0.0                                      # 
         ramulator.record_write_requests                 0.0                                      # record write requests for this core when it reaches request limit or to the end
                                     [0]                 0.0                                      # 
