/* -*- Mode: c -*- */
####################################################################################################
Core 0
####################################################################################################
Cumulative:        Cycles: 20522100              Instructions: 761055                IPC: 0.03708

Periodic:          Cycles: 10188968              Instructions: 463508                IPC: 0.04549

MISS_WAIT_TIME                             56680604013                    72664503761              

ICACHE_STAGE_MISS                                 4137                           8887              

ICACHE_CYCLE                                  10188968                       20522100              

TCACHE_CYCLE                                         0                              0              

ICACHE_SERVING_CYCLE_ON_PATH                     73791                         126481              

ICACHE_SERVING_CYCLE_OFF_PATH                    59036                         144770              

UCACHE_SERVING_CYCLE_ON_PATH                   9648850                       19424141              

UCACHE_SERVING_CYCLE_OFF_PATH                    85880                         171397              

ICACHE_CYCLE_ONPATH                           10006847       98.213%         20114191       98.012%
ICACHE_CYCLE_OFFPATH                            182121        1.787%           407909        1.988%
                                              10188968      100.000%         20522100      100.000%
                                                  0.02         0.13              0.02         0.14

FETCH_ON_PATH                                 10011866       98.262%         20125025       98.065%
FETCH_OFF_PATH                                  177102        1.738%           397075        1.935%
                                              10188968      100.000%         20522100      100.000%
                                                  0.02         0.13              0.02         0.14

FETCHED_OPS_ON_PATH                                  0         -nan%                0         -nan%
FETCHED_OPS_OFF_PATH                                 0         -nan%                0         -nan%
                                                     0         -nan%                0         -nan%
                                                  -nan         -nan              -nan         -nan

INST_LOST_FETCH                               38735514       64.098%         77923348       64.085%
INST_LOST_OFF_PATH                              422111        0.698%           921610        0.758%
INST_LOST_FULL_WINDOW                             3404        0.006%             5755        0.005%
INST_LOST_ROB_STALL_OTHER                        11566        0.019%            17951        0.015%
INST_LOST_ROB_STALL_WAIT_FOR_RECOVERY                0        0.000%                0        0.000%
INST_LOST_ROB_STALL_WAIT_FOR_REDIRECT                0        0.000%                0        0.000%
INST_LOST_ROB_STALL_WAIT_FOR_GAP_FILL                0        0.000%                0        0.000%
INST_LOST_ROB_STALL_WAIT_FOR_L1_MISS                 0        0.000%                0        0.000%
INST_LOST_ROB_STALL_WAIT_FOR_MEMORY               2700        0.004%             2898        0.002%
INST_LOST_ROB_STALL_WAIT_FOR_DC_MISS            315430        0.522%           554933        0.456%
INST_LOST_ROB_BLOCK_ISSUE_FULL                       0        0.000%                0        0.000%
INST_LOST_ROB_BLOCK_ISSUE_GAP_TOO_LARGE              0        0.000%                0        0.000%
INST_LOST_BREAK_DONT                                 0        0.000%                0        0.000%
INST_LOST_BREAK_FT_UNAVAILABLE                   50491        0.084%            94075        0.077%
INST_LOST_BREAK_ICACHE_STAGE_RESTEER              1787        0.003%             3022        0.002%
INST_LOST_BREAK_ICACHE_MISS_REQ_SUCCESS          14914        0.025%            32459        0.027%
INST_LOST_BREAK_ICACHE_MISS_REQ_FAILURE             76        0.000%             3452        0.003%
INST_LOST_BREAK_ICACHE_WAIT_FOR_MISS           1547209        2.560%          3158939        2.598%
INST_LOST_BREAK_ICACHE_STALLED                    9793        0.016%            26535        0.022%
INST_LOST_BREAK_ICACHE_TO_UOP_CACHE_SWITCH         16022        0.027%            28238        0.023%
INST_LOST_BREAK_ICACHE_READ_LIMIT                23926        0.040%            41303        0.034%
INST_LOST_BREAK_ICACHE_ISSUE_WIDTH                   0        0.000%                0        0.000%
INST_LOST_BREAK_UOP_CACHE_STALLED                80022        0.132%           104633        0.086%
INST_LOST_BREAK_UOP_CACHE_TO_ICACHE_SWITCH         17080        0.028%            30318        0.025%
INST_LOST_BREAK_UOP_CACHE_READ_LIMIT          19179529       31.738%         38644687       31.782%
INST_LOST_BREAK_UOP_CACHE_ISSUE_WIDTH                0        0.000%                0        0.000%
                                              60431574      100.000%        121594156      100.000%
                                                  8.17         9.07              8.17         9.08

INST_LOST_TOTAL                               60682668                      122209318              

INST_LOST_WAIT_FOR_ICACHE_MISS_NOT_PREFETCHED         91300        6.575%           236205        8.559%
INST_LOST_WAIT_FOR_ICACHE_MISS_PREFETCHED_AND_EVICTED_BY_IFETCH             0        0.000%                0        0.000%
INST_LOST_WAIT_FOR_ICACHE_MISS_PREFETCHED_AND_EVICTED_BY_FDIP             0        0.000%                0        0.000%
INST_LOST_WAIT_FOR_ICACHE_MISS_MSHR_HIT_PREF_OFFPATH         80085        5.767%           128760        4.666%
INST_LOST_WAIT_FOR_ICACHE_MISS_MSHR_HIT_PREF_ONPATH       1217205       87.658%          2394865       86.776%
                                               1388590      100.000%          2759830      100.000%
                                                  3.68         3.46              3.61         3.39

FETCH_0_OPS                                     321168        3.152%           654646        3.190%
FETCH_1_OPS                                       8631        0.085%            16590        0.081%
FETCH_2_OPS                                      23515        0.231%            32948        0.161%
FETCH_3_OPS                                      26393        0.259%            45486        0.222%
FETCH_4_OPS                                    9566263       93.888%         19287893       93.986%
FETCH_5_OPS                                     116061        1.139%           236081        1.150%
FETCH_6_OPS                                     126937        1.246%           248456        1.211%
FETCH_7_OPS                                          0        0.000%                0        0.000%
FETCH_8_OPS                                          0        0.000%                0        0.000%
FETCH_9_OPS                                          0        0.000%                0        0.000%
FETCH_10_OPS                                         0        0.000%                0        0.000%
FETCH_11_OPS                                         0        0.000%                0        0.000%
FETCH_12_OPS                                         0        0.000%                0        0.000%
FETCH_13_OPS                                         0        0.000%                0        0.000%
FETCH_14_OPS                                         0        0.000%                0        0.000%
FETCH_15_OPS                                         0        0.000%                0        0.000%
FETCH_16_OPS                                         0        0.000%                0        0.000%
                                              10188968      100.000%         20522100      100.000%
                                                  3.90         0.31              3.90         0.30

ST_BREAK_DONT                                        0        0.000%                0        0.000%
ST_BREAK_FT_UNAVAILABLE                          10103        0.099%            18832        0.092%
ST_BREAK_ICACHE_STAGE_RESTEER                      561        0.006%              950        0.005%
ST_BREAK_ICACHE_MISS_REQ_SUCCESS                  4137        0.041%             8887        0.043%
ST_BREAK_ICACHE_MISS_REQ_FAILURE                    16        0.000%              693        0.003%
ST_BREAK_ICACHE_WAIT_FOR_MISS                   309579        3.038%           632145        3.080%
ST_BREAK_ICACHE_STALLED                          37735        0.370%            80594        0.393%
ST_BREAK_ICACHE_TO_UOP_CACHE_SWITCH               6133        0.060%            10813        0.053%
ST_BREAK_ICACHE_READ_LIMIT                       11894        0.117%            20614        0.100%
ST_BREAK_ICACHE_ISSUE_WIDTH                      71163        0.698%           150080        0.731%
ST_BREAK_UOP_CACHE_STALLED                       80768        0.793%           153831        0.750%
ST_BREAK_UOP_CACHE_TO_ICACHE_SWITCH               5295        0.052%             9402        0.046%
ST_BREAK_UOP_CACHE_READ_LIMIT                  9575047       93.975%         19299406       94.042%
ST_BREAK_UOP_CACHE_ISSUE_WIDTH                   76537        0.751%           135853        0.662%
                                              10188968      100.000%         20522100      100.000%
                                                 11.71         1.69             11.71         1.66

ORACLE_ON_PATH_INST                           38735514       98.922%         77923348       98.831%
ORACLE_OFF_PATH_INST                            422111        1.078%           921610        1.169%
                                              39157625      100.000%         78844958      100.000%
                                                  0.01         0.10              0.01         0.11

ORACLE_ON_PATH_INST_MEM                        9738180       24.869%         19571289       24.822%
ORACLE_ON_PATH_INST_NOTMEM                    28997334       74.053%         58352059       74.009%
ORACLE_OFF_PATH_INST_MEM                        129955        0.332%           242334        0.307%
ORACLE_OFF_PATH_INST_NOTMEM                     292156        0.746%           679276        0.862%
                                              39157625      100.000%         78844958      100.000%
                                                  0.77         0.29              0.77         0.30

ICACHE_CYCLE_NONRA_ONPATH                            0         -nan%                0         -nan%
ICACHE_CYCLE_NONRA_OFFPATH                           0         -nan%                0         -nan%
ICACHE_CYCLE_RA_ONPATH                               0         -nan%                0         -nan%
ICACHE_CYCLE_RA_OFFPATH                              0         -nan%                0         -nan%
                                                     0         -nan%                0         -nan%
                                                  -nan         -nan              -nan         -nan

ICACHE_CYCLE_ONPATH_NONRA                            0         -nan%                0         -nan%
ICACHE_CYCLE_OFFPATH_NONRA                           0         -nan%                0         -nan%
                                                     0         -nan%                0         -nan%
                                                  -nan         -nan              -nan         -nan

ICACHE_CYCLE_ONPATH_RA                               0         -nan%                0         -nan%
ICACHE_CYCLE_OFFPATH_RA                              0         -nan%                0         -nan%
                                                     0         -nan%                0         -nan%
                                                  -nan         -nan              -nan         -nan

INACCURATE_OFFPATH_CYCLES                            0        0.0000                0        0.0000

FETCH_ALL_INST                                39157625                       78844958              

EXEC_ALL_INST                                 38856793                       78198332              

RET_ALL_INST                                  38735502                       77922936              

EXEC_ON_PATH_INST                             38735529       99.688%         77923023       99.648%
EXEC_OFF_PATH_INST                              121264        0.312%           275309        0.352%
                                              38856793      100.000%         78198332      100.000%
                                                  0.00         0.06              0.00         0.06

EXEC_ON_PATH_INST_MEM                          9738177       25.062%         19571191       25.028%
EXEC_ON_PATH_INST_NOTMEM                      28997352       74.626%         58351832       74.620%
EXEC_OFF_PATH_INST_MEM                           39598        0.102%            73397        0.094%
EXEC_OFF_PATH_INST_NOTMEM                        81666        0.210%           201912        0.258%
                                              38856793      100.000%         78198332      100.000%
                                                  0.75         0.24              0.76         0.25

EXEC_RA_INST                                         0         -nan%                0         -nan%
EXEC_NONRA_INST                                      0         -nan%                0         -nan%
                                                     0         -nan%                0         -nan%
                                                  -nan         -nan              -nan         -nan

EXEC_ON_PATH_INST_RA                                 0         -nan%                0         -nan%
EXEC_OFF_PATH_INST_RA                                0         -nan%                0         -nan%
                                                     0         -nan%                0         -nan%
                                                  -nan         -nan              -nan         -nan

EXEC_ON_PATH_INST_NONRA                              0         -nan%                0         -nan%
EXEC_OFF_PATH_INST_NONRA                             0         -nan%                0         -nan%
                                                     0         -nan%                0         -nan%
                                                  -nan         -nan              -nan         -nan

EXEC_RA_ON_PATH_INST                                 0         -nan%                0         -nan%
EXEC_RA_OFF_PATH_INST                                0         -nan%                0         -nan%
EXEC_NONRA_ON_PATH_INST                              0         -nan%                0         -nan%
EXEC_NONRA_OFF_PATH_INST                             0         -nan%                0         -nan%
                                                     0         -nan%                0         -nan%
                                                  -nan         -nan              -nan         -nan

ICACHE_THROTTLE_CYCLE                                0                              0              

FETCH_ENABLE_THROTTLE_OFF_PATH                       0         -nan%                0         -nan%
FETCH_ENABLE_THROTTLE_ON_PATH                        0         -nan%                0         -nan%
                                                     0         -nan%                0         -nan%
                                                  -nan         -nan              -nan         -nan

FETCH_DISABLE_THROTTLE_OFF_PATH                      0         -nan%                0         -nan%
FETCH_DISABLE_THROTTLE_ON_PATH                       0         -nan%                0         -nan%
                                                     0         -nan%                0         -nan%
                                                  -nan         -nan              -nan         -nan

FETCH_TH_ADJUST__0                                   0         -nan%                0         -nan%
FETCH_TH_ADJUST__1                                   0         -nan%                0         -nan%
FETCH_TH_ADJUST__2                                   0         -nan%                0         -nan%
FETCH_TH_ADJUST__3                                   0         -nan%                0         -nan%
FETCH_TH_ADJUST__4                                   0         -nan%                0         -nan%
FETCH_TH_ADJUST__5                                   0         -nan%                0         -nan%
FETCH_TH_ADJUST__6                                   0         -nan%                0         -nan%
FETCH_TH_ADJUST__7                                   0         -nan%                0         -nan%
FETCH_TH_ADJUST__8                                   0         -nan%                0         -nan%
FETCH_TH_ADJUST__9                                   0         -nan%                0         -nan%
FETCH_TH_ADJUST__MAX                                 0         -nan%                0         -nan%
                                                     0         -nan%                0         -nan%
                                                  -nan         -nan              -nan         -nan

FETCH_TH_ADJUST_UP                                   0         -nan%                0         -nan%
FETCH_TH_ADJUST_DOWN                                 0         -nan%                0         -nan%
FETCH_TH_ADJUST_SAME                                 0         -nan%                0         -nan%
                                                     0         -nan%                0         -nan%
                                                  -nan         -nan              -nan         -nan

THROTTLE_ADJUST_CACHE_MISS_INFO                      0                              0              

LOW_CONF_COUNT_BP_MIS_0                              0         -nan%                0         -nan%
LOW_CONF_COUNT_BP_MIS_1                              0         -nan%                0         -nan%
LOW_CONF_COUNT_BP_MIS_2                              0         -nan%                0         -nan%
LOW_CONF_COUNT_BP_MIS_3                              0         -nan%                0         -nan%
LOW_CONF_COUNT_BP_MIS_4                              0         -nan%                0         -nan%
LOW_CONF_COUNT_BP_MIS_5                              0         -nan%                0         -nan%
LOW_CONF_COUNT_BP_MIS_6                              0         -nan%                0         -nan%
LOW_CONF_COUNT_BP_MIS_7                              0         -nan%                0         -nan%
LOW_CONF_COUNT_BP_MIS_8                              0         -nan%                0         -nan%
LOW_CONF_COUNT_BP_MIS_9                              0         -nan%                0         -nan%
LOW_CONF_COUNT_BP_MIS_10                             0         -nan%                0         -nan%
LOW_CONF_COUNT_BP_MIS_11                             0         -nan%                0         -nan%
LOW_CONF_COUNT_BP_MIS_12                             0         -nan%                0         -nan%
LOW_CONF_COUNT_BP_MIS_13                             0         -nan%                0         -nan%
LOW_CONF_COUNT_BP_MIS_14                             0         -nan%                0         -nan%
LOW_CONF_COUNT_BP_MIS_15                             0         -nan%                0         -nan%
LOW_CONF_COUNT_BP_MIS_16                             0         -nan%                0         -nan%
LOW_CONF_COUNT_BP_MIS_17                             0         -nan%                0         -nan%
LOW_CONF_COUNT_BP_MIS_18                             0         -nan%                0         -nan%
LOW_CONF_COUNT_BP_MIS_19                             0         -nan%                0         -nan%
LOW_CONF_COUNT_BP_MIS_20                             0         -nan%                0         -nan%
                                                     0         -nan%                0         -nan%
                                                  -nan         -nan              -nan         -nan

LOW_CONF_COUNT_RET_0                                 0         -nan%                0         -nan%
LOW_CONF_COUNT_RET_1                                 0         -nan%                0         -nan%
LOW_CONF_COUNT_RET_2                                 0         -nan%                0         -nan%
LOW_CONF_COUNT_RET_3                                 0         -nan%                0         -nan%
LOW_CONF_COUNT_RET_4                                 0         -nan%                0         -nan%
LOW_CONF_COUNT_RET_5                                 0         -nan%                0         -nan%
LOW_CONF_COUNT_RET_6                                 0         -nan%                0         -nan%
LOW_CONF_COUNT_RET_7                                 0         -nan%                0         -nan%
LOW_CONF_COUNT_RET_8                                 0         -nan%                0         -nan%
LOW_CONF_COUNT_RET_9                                 0         -nan%                0         -nan%
LOW_CONF_COUNT_RET_10                                0         -nan%                0         -nan%
LOW_CONF_COUNT_RET_11                                0         -nan%                0         -nan%
LOW_CONF_COUNT_RET_12                                0         -nan%                0         -nan%
LOW_CONF_COUNT_RET_13                                0         -nan%                0         -nan%
LOW_CONF_COUNT_RET_14                                0         -nan%                0         -nan%
LOW_CONF_COUNT_RET_15                                0         -nan%                0         -nan%
LOW_CONF_COUNT_RET_16                                0         -nan%                0         -nan%
LOW_CONF_COUNT_RET_17                                0         -nan%                0         -nan%
LOW_CONF_COUNT_RET_18                                0         -nan%                0         -nan%
LOW_CONF_COUNT_RET_19                                0         -nan%                0         -nan%
LOW_CONF_COUNT_RET_20                                0         -nan%                0         -nan%
                                                     0         -nan%                0         -nan%
                                                  -nan         -nan              -nan         -nan

CYCLES_RESTEER_RECOVER_AT_EXEC                       0         -nan%                0         -nan%
CYCLES_RESTEER_RECOVER_AT_DECODE                     0         -nan%                0         -nan%
CYCLES_RESTEER_BTB_MISS                              0         -nan%                0         -nan%
                                                     0         -nan%                0         -nan%
                                                  -nan         -nan              -nan         -nan

CYCLES_RESTEER_RECOVER_AT_EXEC_SAVED_UC_FETCH             0         -nan%                0         -nan%
CYCLES_RESTEER_RECOVER_AT_EXEC_COULD_BE_SAVED_UC_FETCH             0         -nan%                0         -nan%
CYCLES_RESTEER_RECOVER_AT_DECODE_SAVED_UC_FETCH             0         -nan%                0         -nan%
CYCLES_RESTEER_RECOVER_AT_DECODE_COULD_BE_SAVED_UC_FETCH             0         -nan%                0         -nan%
CYCLES_RESTEER_BTB_MISS_SAVED_UC_FETCH               0         -nan%                0         -nan%
CYCLES_RESTEER_BTB_MISS_COULD_BE_SAVED_UC_FETCH             0         -nan%                0         -nan%
                                                     0         -nan%                0         -nan%
                                                  -nan         -nan              -nan         -nan

CYCLES_UOC_IC_SWITCH                                 0                              0              



