/* -*- Mode: c -*- */
####################################################################################################
Core 0
####################################################################################################
Cumulative:        Cycles: 14772791              Instructions: 19967238              IPC: 1.35162

Periodic:          Cycles: 7291297               Instructions: 9983615               IPC: 1.36925

MISS_WAIT_TIME                                44956052                      398804896              

ICACHE_STAGE_MISS                                    7                            160              

ICACHE_CYCLE                                   7291297                       14772791              

TCACHE_CYCLE                                         0                              0              

ICACHE_SERVING_CYCLE_ON_PATH                     87628                         176387              

ICACHE_SERVING_CYCLE_OFF_PATH                    48632                         122126              

UCACHE_SERVING_CYCLE_ON_PATH                   1954754                        3899415              

UCACHE_SERVING_CYCLE_OFF_PATH                  5073146                       10316435              

ICACHE_CYCLE_ONPATH                            2047123       28.076%          4096501       27.730%
ICACHE_CYCLE_OFFPATH                           5244174       71.924%         10676290       72.270%
                                               7291297      100.000%         14772791      100.000%
                                                  0.72         0.65              0.72         0.66

FETCH_ON_PATH                                  2169282       29.752%          4332639       29.329%
FETCH_OFF_PATH                                 5122015       70.248%         10440152       70.671%
                                               7291297      100.000%         14772791      100.000%
                                                  0.70         0.64              0.71         0.64

FETCHED_OPS_ON_PATH                                  0         -nan%                0         -nan%
FETCHED_OPS_OFF_PATH                                 0         -nan%                0         -nan%
                                                     0         -nan%                0         -nan%
                                                  -nan         -nan              -nan         -nan

INST_LOST_FETCH                               10398593       36.280%         20819138       36.806%
INST_LOST_OFF_PATH                            15318493       53.446%         29594149       52.319%
INST_LOST_FULL_WINDOW                             6915        0.024%            12306        0.022%
INST_LOST_ROB_STALL_OTHER                       192621        0.672%           331016        0.585%
INST_LOST_ROB_STALL_WAIT_FOR_RECOVERY                0        0.000%                0        0.000%
INST_LOST_ROB_STALL_WAIT_FOR_REDIRECT                0        0.000%                0        0.000%
INST_LOST_ROB_STALL_WAIT_FOR_GAP_FILL                0        0.000%                0        0.000%
INST_LOST_ROB_STALL_WAIT_FOR_L1_MISS                 0        0.000%                0        0.000%
INST_LOST_ROB_STALL_WAIT_FOR_MEMORY                  0        0.000%                0        0.000%
INST_LOST_ROB_STALL_WAIT_FOR_DC_MISS            824094        2.875%          1689520        2.987%
INST_LOST_ROB_BLOCK_ISSUE_FULL                       0        0.000%                0        0.000%
INST_LOST_ROB_BLOCK_ISSUE_GAP_TOO_LARGE              0        0.000%                0        0.000%
INST_LOST_BREAK_DONT                                 0        0.000%                0        0.000%
INST_LOST_BREAK_FT_UNAVAILABLE                  633542        2.210%          1221402        2.159%
INST_LOST_BREAK_ICACHE_STAGE_RESTEER             43617        0.152%            75944        0.134%
INST_LOST_BREAK_ICACHE_MISS_REQ_SUCCESS             27        0.000%              599        0.001%
INST_LOST_BREAK_ICACHE_MISS_REQ_FAILURE              0        0.000%                0        0.000%
INST_LOST_BREAK_ICACHE_WAIT_FOR_MISS              1905        0.007%            69975        0.124%
INST_LOST_BREAK_ICACHE_STALLED                     623        0.002%             1118        0.002%
INST_LOST_BREAK_ICACHE_TO_UOP_CACHE_SWITCH        119740        0.418%           244719        0.433%
INST_LOST_BREAK_ICACHE_READ_LIMIT                10845        0.038%            27195        0.048%
INST_LOST_BREAK_ICACHE_ISSUE_WIDTH                   0        0.000%                0        0.000%
INST_LOST_BREAK_UOP_CACHE_STALLED               440388        1.536%          1079052        1.908%
INST_LOST_BREAK_UOP_CACHE_TO_ICACHE_SWITCH         73812        0.258%           156442        0.277%
INST_LOST_BREAK_UOP_CACHE_READ_LIMIT            596627        2.082%          1241926        2.196%
INST_LOST_BREAK_UOP_CACHE_ISSUE_WIDTH                0        0.000%                0        0.000%
                                              28661842      100.000%         56564501      100.000%
                                                  2.11         4.84              2.23         5.05

INST_LOST_TOTAL                               43494195                       88101000              

INST_LOST_WAIT_FOR_ICACHE_MISS_NOT_PREFETCHED             0        0.000%            18965       30.544%
INST_LOST_WAIT_FOR_ICACHE_MISS_PREFETCHED_AND_EVICTED_BY_IFETCH             0        0.000%                0        0.000%
INST_LOST_WAIT_FOR_ICACHE_MISS_PREFETCHED_AND_EVICTED_BY_FDIP             0        0.000%                0        0.000%
INST_LOST_WAIT_FOR_ICACHE_MISS_MSHR_HIT_PREF_OFFPATH             0        0.000%              210        0.338%
INST_LOST_WAIT_FOR_ICACHE_MISS_MSHR_HIT_PREF_ONPATH           725      100.000%            42915       69.117%
                                                   725      100.000%            62090      100.000%
                                                  4.00         4.00              2.77         2.52

FETCH_0_OPS                                     127086        1.743%           258342        1.749%
FETCH_1_OPS                                      17157        0.235%            38214        0.259%
FETCH_2_OPS                                     135727        1.861%           259204        1.755%
FETCH_3_OPS                                     119186        1.635%           267877        1.813%
FETCH_4_OPS                                      24153        0.331%            70413        0.477%
FETCH_5_OPS                                     377640        5.179%           931723        6.307%
FETCH_6_OPS                                    6490348       89.015%         12947018       87.641%
FETCH_7_OPS                                          0        0.000%                0        0.000%
FETCH_8_OPS                                          0        0.000%                0        0.000%
FETCH_9_OPS                                          0        0.000%                0        0.000%
FETCH_10_OPS                                         0        0.000%                0        0.000%
FETCH_11_OPS                                         0        0.000%                0        0.000%
FETCH_12_OPS                                         0        0.000%                0        0.000%
FETCH_13_OPS                                         0        0.000%                0        0.000%
FETCH_14_OPS                                         0        0.000%                0        0.000%
FETCH_15_OPS                                         0        0.000%                0        0.000%
FETCH_16_OPS                                         0        0.000%                0        0.000%
                                               7291297      100.000%         14772791      100.000%
                                                  5.70         0.74              5.68         0.75

ST_BREAK_DONT                                        0        0.000%                0        0.000%
ST_BREAK_FT_UNAVAILABLE                         126754        1.738%           244357        1.654%
ST_BREAK_ICACHE_STAGE_RESTEER                    11118        0.152%            19501        0.132%
ST_BREAK_ICACHE_MISS_REQ_SUCCESS                     7        0.000%              160        0.001%
ST_BREAK_ICACHE_MISS_REQ_FAILURE                     0        0.000%                0        0.000%
ST_BREAK_ICACHE_WAIT_FOR_MISS                      381        0.005%            13995        0.095%
ST_BREAK_ICACHE_STALLED                           3347        0.046%            10096        0.068%
ST_BREAK_ICACHE_TO_UOP_CACHE_SWITCH              43816        0.601%            91041        0.616%
ST_BREAK_ICACHE_READ_LIMIT                        3654        0.050%             9441        0.064%
ST_BREAK_ICACHE_ISSUE_WIDTH                      75403        1.034%           166060        1.124%
ST_BREAK_UOP_CACHE_STALLED                     2713330       37.213%          5766427       39.034%
ST_BREAK_UOP_CACHE_TO_ICACHE_SWITCH              22943        0.315%            49282        0.334%
ST_BREAK_UOP_CACHE_READ_LIMIT                   275990        3.785%           615172        4.164%
ST_BREAK_UOP_CACHE_ISSUE_WIDTH                 4014554       55.060%          7787259       52.714%
                                               7291297      100.000%         14772791      100.000%
                                                 11.53         8.81             11.47         8.58

ORACLE_ON_PATH_INST                           10398593       40.435%         20819138       41.297%
ORACLE_OFF_PATH_INST                          15318493       59.565%         29594149       58.703%
                                              25717086      100.000%         50413287      100.000%
                                                  0.60         0.56              0.59         0.55

ORACLE_ON_PATH_INST_MEM                        2721034       10.581%          5473892       10.858%
ORACLE_ON_PATH_INST_NOTMEM                     7677559       29.854%         15345246       30.439%
ORACLE_OFF_PATH_INST_MEM                       3844695       14.950%          7449133       14.776%
ORACLE_OFF_PATH_INST_NOTMEM                   11473798       44.615%         22145016       43.927%
                                              25717086      100.000%         50413287      100.000%
                                                  1.94         1.56              1.92         1.55

ICACHE_CYCLE_NONRA_ONPATH                            0         -nan%                0         -nan%
ICACHE_CYCLE_NONRA_OFFPATH                           0         -nan%                0         -nan%
ICACHE_CYCLE_RA_ONPATH                               0         -nan%                0         -nan%
ICACHE_CYCLE_RA_OFFPATH                              0         -nan%                0         -nan%
                                                     0         -nan%                0         -nan%
                                                  -nan         -nan              -nan         -nan

ICACHE_CYCLE_ONPATH_NONRA                            0         -nan%                0         -nan%
ICACHE_CYCLE_OFFPATH_NONRA                           0         -nan%                0         -nan%
                                                     0         -nan%                0         -nan%
                                                  -nan         -nan              -nan         -nan

ICACHE_CYCLE_ONPATH_RA                               0         -nan%                0         -nan%
ICACHE_CYCLE_OFFPATH_RA                              0         -nan%                0         -nan%
                                                     0         -nan%                0         -nan%
                                                  -nan         -nan              -nan         -nan

INACCURATE_OFFPATH_CYCLES                            0        0.0000                0        0.0000

FETCH_ALL_INST                                25717086                       50413287              

EXEC_ALL_INST                                 14462785                       28527719              

RET_ALL_INST                                  10398550                       20818999              

EXEC_ON_PATH_INST                             10398482       71.898%         20819023       72.978%
EXEC_OFF_PATH_INST                             4064303       28.102%          7708696       27.022%
                                              14462785      100.000%         28527719      100.000%
                                                  0.28         0.41              0.27         0.40

EXEC_ON_PATH_INST_MEM                          2721006       18.814%          5473864       19.188%
EXEC_ON_PATH_INST_NOTMEM                       7677476       53.084%         15345159       53.790%
EXEC_OFF_PATH_INST_MEM                         1094470        7.567%          2083042        7.302%
EXEC_OFF_PATH_INST_NOTMEM                      2969833       20.534%          5625654       19.720%
                                              14462785      100.000%         28527719      100.000%
                                                  1.30         1.01              1.28         0.99

EXEC_RA_INST                                         0         -nan%                0         -nan%
EXEC_NONRA_INST                                      0         -nan%                0         -nan%
                                                     0         -nan%                0         -nan%
                                                  -nan         -nan              -nan         -nan

EXEC_ON_PATH_INST_RA                                 0         -nan%                0         -nan%
EXEC_OFF_PATH_INST_RA                                0         -nan%                0         -nan%
                                                     0         -nan%                0         -nan%
                                                  -nan         -nan              -nan         -nan

EXEC_ON_PATH_INST_NONRA                              0         -nan%                0         -nan%
EXEC_OFF_PATH_INST_NONRA                             0         -nan%                0         -nan%
                                                     0         -nan%                0         -nan%
                                                  -nan         -nan              -nan         -nan

EXEC_RA_ON_PATH_INST                                 0         -nan%                0         -nan%
EXEC_RA_OFF_PATH_INST                                0         -nan%                0         -nan%
EXEC_NONRA_ON_PATH_INST                              0         -nan%                0         -nan%
EXEC_NONRA_OFF_PATH_INST                             0         -nan%                0         -nan%
                                                     0         -nan%                0         -nan%
                                                  -nan         -nan              -nan         -nan

ICACHE_THROTTLE_CYCLE                                0                              0              

FETCH_ENABLE_THROTTLE_OFF_PATH                       0         -nan%                0         -nan%
FETCH_ENABLE_THROTTLE_ON_PATH                        0         -nan%                0         -nan%
                                                     0         -nan%                0         -nan%
                                                  -nan         -nan              -nan         -nan

FETCH_DISABLE_THROTTLE_OFF_PATH                      0         -nan%                0         -nan%
FETCH_DISABLE_THROTTLE_ON_PATH                       0         -nan%                0         -nan%
                                                     0         -nan%                0         -nan%
                                                  -nan         -nan              -nan         -nan

FETCH_TH_ADJUST__0                                   0         -nan%                0         -nan%
FETCH_TH_ADJUST__1                                   0         -nan%                0         -nan%
FETCH_TH_ADJUST__2                                   0         -nan%                0         -nan%
FETCH_TH_ADJUST__3                                   0         -nan%                0         -nan%
FETCH_TH_ADJUST__4                                   0         -nan%                0         -nan%
FETCH_TH_ADJUST__5                                   0         -nan%                0         -nan%
FETCH_TH_ADJUST__6                                   0         -nan%                0         -nan%
FETCH_TH_ADJUST__7                                   0         -nan%                0         -nan%
FETCH_TH_ADJUST__8                                   0         -nan%                0         -nan%
FETCH_TH_ADJUST__9                                   0         -nan%                0         -nan%
FETCH_TH_ADJUST__MAX                                 0         -nan%                0         -nan%
                                                     0         -nan%                0         -nan%
                                                  -nan         -nan              -nan         -nan

FETCH_TH_ADJUST_UP                                   0         -nan%                0         -nan%
FETCH_TH_ADJUST_DOWN                                 0         -nan%                0         -nan%
FETCH_TH_ADJUST_SAME                                 0         -nan%                0         -nan%
                                                     0         -nan%                0         -nan%
                                                  -nan         -nan              -nan         -nan

THROTTLE_ADJUST_CACHE_MISS_INFO                      0                              0              

LOW_CONF_COUNT_BP_MIS_0                              0         -nan%                0         -nan%
LOW_CONF_COUNT_BP_MIS_1                              0         -nan%                0         -nan%
LOW_CONF_COUNT_BP_MIS_2                              0         -nan%                0         -nan%
LOW_CONF_COUNT_BP_MIS_3                              0         -nan%                0         -nan%
LOW_CONF_COUNT_BP_MIS_4                              0         -nan%                0         -nan%
LOW_CONF_COUNT_BP_MIS_5                              0         -nan%                0         -nan%
LOW_CONF_COUNT_BP_MIS_6                              0         -nan%                0         -nan%
LOW_CONF_COUNT_BP_MIS_7                              0         -nan%                0         -nan%
LOW_CONF_COUNT_BP_MIS_8                              0         -nan%                0         -nan%
LOW_CONF_COUNT_BP_MIS_9                              0         -nan%                0         -nan%
LOW_CONF_COUNT_BP_MIS_10                             0         -nan%                0         -nan%
LOW_CONF_COUNT_BP_MIS_11                             0         -nan%                0         -nan%
LOW_CONF_COUNT_BP_MIS_12                             0         -nan%                0         -nan%
LOW_CONF_COUNT_BP_MIS_13                             0         -nan%                0         -nan%
LOW_CONF_COUNT_BP_MIS_14                             0         -nan%                0         -nan%
LOW_CONF_COUNT_BP_MIS_15                             0         -nan%                0         -nan%
LOW_CONF_COUNT_BP_MIS_16                             0         -nan%                0         -nan%
LOW_CONF_COUNT_BP_MIS_17                             0         -nan%                0         -nan%
LOW_CONF_COUNT_BP_MIS_18                             0         -nan%                0         -nan%
LOW_CONF_COUNT_BP_MIS_19                             0         -nan%                0         -nan%
LOW_CONF_COUNT_BP_MIS_20                             0         -nan%                0         -nan%
                                                     0         -nan%                0         -nan%
                                                  -nan         -nan              -nan         -nan

LOW_CONF_COUNT_RET_0                                 0         -nan%                0         -nan%
LOW_CONF_COUNT_RET_1                                 0         -nan%                0         -nan%
LOW_CONF_COUNT_RET_2                                 0         -nan%                0         -nan%
LOW_CONF_COUNT_RET_3                                 0         -nan%                0         -nan%
LOW_CONF_COUNT_RET_4                                 0         -nan%                0         -nan%
LOW_CONF_COUNT_RET_5                                 0         -nan%                0         -nan%
LOW_CONF_COUNT_RET_6                                 0         -nan%                0         -nan%
LOW_CONF_COUNT_RET_7                                 0         -nan%                0         -nan%
LOW_CONF_COUNT_RET_8                                 0         -nan%                0         -nan%
LOW_CONF_COUNT_RET_9                                 0         -nan%                0         -nan%
LOW_CONF_COUNT_RET_10                                0         -nan%                0         -nan%
LOW_CONF_COUNT_RET_11                                0         -nan%                0         -nan%
LOW_CONF_COUNT_RET_12                                0         -nan%                0         -nan%
LOW_CONF_COUNT_RET_13                                0         -nan%                0         -nan%
LOW_CONF_COUNT_RET_14                                0         -nan%                0         -nan%
LOW_CONF_COUNT_RET_15                                0         -nan%                0         -nan%
LOW_CONF_COUNT_RET_16                                0         -nan%                0         -nan%
LOW_CONF_COUNT_RET_17                                0         -nan%                0         -nan%
LOW_CONF_COUNT_RET_18                                0         -nan%                0         -nan%
LOW_CONF_COUNT_RET_19                                0         -nan%                0         -nan%
LOW_CONF_COUNT_RET_20                                0         -nan%                0         -nan%
                                                     0         -nan%                0         -nan%
                                                  -nan         -nan              -nan         -nan

CYCLES_RESTEER_MISPRED                               0         -nan%                0         -nan%
CYCLES_RESTEER_MISFETCH                              0         -nan%                0         -nan%
CYCLES_RESTEER_BTB_MISS                              0         -nan%                0         -nan%
                                                     0         -nan%                0         -nan%
                                                  -nan         -nan              -nan         -nan

CYCLES_RESTEER_MISPRED_SAVED_UC_FETCH                0         -nan%                0         -nan%
CYCLES_RESTEER_MISPRED_COULD_BE_SAVED_UC_FETCH             0         -nan%                0         -nan%
CYCLES_RESTEER_MISFETCH_SAVED_UC_FETCH               0         -nan%                0         -nan%
CYCLES_RESTEER_MISFETCH_COULD_BE_SAVED_UC_FETCH             0         -nan%                0         -nan%
CYCLES_RESTEER_BTB_MISS_SAVED_UC_FETCH               0         -nan%                0         -nan%
CYCLES_RESTEER_BTB_MISS_COULD_BE_SAVED_UC_FETCH             0         -nan%                0         -nan%
                                                     0         -nan%                0         -nan%
                                                  -nan         -nan              -nan         -nan

CYCLES_UOC_IC_SWITCH                                 0                              0              



