Scarab gitrev: 6deb50d
Warning: Scarab expects the trace file type to include OFFLINE_FILE_TYPE_ARCH_REGDEPS (0x20000), but got type: 0xe40
Scarab started at Thu May  7 04:37:51 2026

Initialized Ramulator. 
** Heartbeat:   5% -- { 1000000 } -- 0.00 KIPS (90.91 KIPS)
** Heartbeat:  10% -- { 2000000 } -- 83.33 KIPS (86.96 KIPS)
** Heartbeat:  15% -- { 3000000 } -- 83.33 KIPS (85.71 KIPS)
** Heartbeat:  20% -- { 4000000 } -- 83.33 KIPS (85.11 KIPS)
** Heartbeat:  25% -- { 5000000 } -- 83.33 KIPS (84.75 KIPS)
** Heartbeat:  30% -- { 6000000 } -- 90.91 KIPS (85.71 KIPS)
** Heartbeat:  35% -- { 7000000 } -- 83.33 KIPS (85.37 KIPS)
** Heartbeat:  40% -- { 8000000 } -- 83.33 KIPS (85.11 KIPS)
** Heartbeat:  45% -- { 9000000 } -- 90.91 KIPS (85.71 KIPS)
** Heartbeat:  50% -- { 10000000 } -- 83.33 KIPS (85.47 KIPS)
** Heartbeat:  55% -- { 11000000 } -- 83.33 KIPS (85.27 KIPS)
** Heartbeat:  60% -- { 12000000 } -- 83.33 KIPS (85.11 KIPS)
** Heartbeat:  65% -- { 13000000 } -- 76.92 KIPS (84.42 KIPS)
** Heartbeat:  70% -- { 14000000 } -- 90.91 KIPS (84.85 KIPS)
** Heartbeat:  75% -- { 15000000 } -- 83.33 KIPS (84.75 KIPS)
** Heartbeat:  80% -- { 16000000 } -- 83.33 KIPS (84.66 KIPS)
** Heartbeat:  85% -- { 17000000 } -- 83.33 KIPS (84.58 KIPS)
** Heartbeat:  90% -- { 18000005 } -- 83.33 KIPS (84.51 KIPS)
** Heartbeat:  95% -- { 19000009 } -- 76.92 KIPS (84.07 KIPS)
** Core 0 Finished:    insts:761055      cycles:20427351    time:6383547187500       -- 0.04 IPC (0.04 IPC) --  N/A  KIPS (84.39 KIPS)
Scarab finished at Thu May  7 04:41:48 2026

