/* -*- Mode: c -*- */
####################################################################################################
Core 0
####################################################################################################
Cumulative:        Cycles: 6165841               Instructions: 19999999              IPC: 3.24368

Periodic:          Cycles: 2889742               Instructions: 9999999               IPC: 3.46052

MISS_WAIT_TIME                                       0                        8800421              

ICACHE_STAGE_MISS                                    0                             73              

ICACHE_CYCLE                                   2889742                        6165841              

TCACHE_CYCLE                                         0                              0              

ICACHE_SERVING_CYCLE_ON_PATH                     53101                         102786              

ICACHE_SERVING_CYCLE_OFF_PATH                    13930                          28976              

UCACHE_SERVING_CYCLE_ON_PATH                   2196850                        4677743              

UCACHE_SERVING_CYCLE_OFF_PATH                   586343                        1267663              

ICACHE_CYCLE_ONPATH                            2259988       78.207%          4805286       77.934%
ICACHE_CYCLE_OFFPATH                            629754       21.793%          1360555       22.066%
                                               2889742      100.000%          6165841      100.000%
                                                  0.22         0.38              0.22         0.38

FETCH_ON_PATH                                  2289469       79.227%          4868744       78.963%
FETCH_OFF_PATH                                  600273       20.773%          1297097       21.037%
                                               2889742      100.000%          6165841      100.000%
                                                  0.21         0.37              0.21         0.37

FETCHED_OPS_ON_PATH                                  0         -nan%                0         -nan%
FETCHED_OPS_OFF_PATH                                 0         -nan%                0         -nan%
                                                     0         -nan%                0         -nan%
                                                  -nan         -nan              -nan         -nan

INST_LOST_FETCH                               10589798       62.000%         21551739       59.358%
INST_LOST_OFF_PATH                             3032163       17.752%          6476709       17.838%
INST_LOST_FULL_WINDOW                           300071        1.757%           729929        2.010%
INST_LOST_ROB_STALL_OTHER                      1939737       11.357%          4467723       12.305%
INST_LOST_ROB_STALL_WAIT_FOR_RECOVERY                0        0.000%                0        0.000%
INST_LOST_ROB_STALL_WAIT_FOR_REDIRECT                0        0.000%                0        0.000%
INST_LOST_ROB_STALL_WAIT_FOR_GAP_FILL                0        0.000%                0        0.000%
INST_LOST_ROB_STALL_WAIT_FOR_L1_MISS                 0        0.000%                0        0.000%
INST_LOST_ROB_STALL_WAIT_FOR_MEMORY                  0        0.000%              108        0.000%
INST_LOST_ROB_STALL_WAIT_FOR_DC_MISS            157836        0.924%           858876        2.366%
INST_LOST_ROB_BLOCK_ISSUE_FULL                       0        0.000%                0        0.000%
INST_LOST_ROB_BLOCK_ISSUE_GAP_TOO_LARGE              0        0.000%                0        0.000%
INST_LOST_BREAK_DONT                                 0        0.000%                0        0.000%
INST_LOST_BREAK_FT_UNAVAILABLE                  197015        1.153%           425623        1.172%
INST_LOST_BREAK_ICACHE_STAGE_RESTEER              1949        0.011%             3111        0.009%
INST_LOST_BREAK_ICACHE_MISS_REQ_SUCCESS              0        0.000%              260        0.001%
INST_LOST_BREAK_ICACHE_MISS_REQ_FAILURE              0        0.000%                0        0.000%
INST_LOST_BREAK_ICACHE_WAIT_FOR_MISS                 0        0.000%            17055        0.047%
INST_LOST_BREAK_ICACHE_STALLED                      27        0.000%              414        0.001%
INST_LOST_BREAK_ICACHE_TO_UOP_CACHE_SWITCH         56862        0.333%           111217        0.306%
INST_LOST_BREAK_ICACHE_READ_LIMIT                50738        0.297%           101696        0.280%
INST_LOST_BREAK_ICACHE_ISSUE_WIDTH                   0        0.000%                0        0.000%
INST_LOST_BREAK_UOP_CACHE_STALLED                60089        0.352%            92194        0.254%
INST_LOST_BREAK_UOP_CACHE_TO_ICACHE_SWITCH         38522        0.226%            71998        0.198%
INST_LOST_BREAK_UOP_CACHE_READ_LIMIT            655495        3.838%          1399433        3.854%
INST_LOST_BREAK_UOP_CACHE_ISSUE_WIDTH                0        0.000%                0        0.000%
                                              17080302      100.000%         36308085      100.000%
                                                  1.96         5.02              2.10         5.01

INST_LOST_TOTAL                               17232442                       36775615              

INST_LOST_WAIT_FOR_ICACHE_MISS_NOT_PREFETCHED             0         -nan%             2355       15.928%
INST_LOST_WAIT_FOR_ICACHE_MISS_PREFETCHED_AND_EVICTED_BY_IFETCH             0         -nan%                0        0.000%
INST_LOST_WAIT_FOR_ICACHE_MISS_PREFETCHED_AND_EVICTED_BY_FDIP             0         -nan%                0        0.000%
INST_LOST_WAIT_FOR_ICACHE_MISS_MSHR_HIT_PREF_OFFPATH             0         -nan%             1080        7.305%
INST_LOST_WAIT_FOR_ICACHE_MISS_MSHR_HIT_PREF_ONPATH             0         -nan%            11350       76.767%
                                                     0         -nan%            14785      100.000%
                                                  -nan         -nan              3.29         2.95

FETCH_0_OPS                                      39510        1.367%            88662        1.438%
FETCH_1_OPS                                      32389        1.121%            59871        0.971%
FETCH_2_OPS                                      15733        0.544%            26282        0.426%
FETCH_3_OPS                                     196649        6.805%           423458        6.868%
FETCH_4_OPS                                      27282        0.944%            54386        0.882%
FETCH_5_OPS                                      60259        2.085%           126831        2.057%
FETCH_6_OPS                                    2517920       87.133%          5386351       87.358%
FETCH_7_OPS                                          0        0.000%                0        0.000%
FETCH_8_OPS                                          0        0.000%                0        0.000%
FETCH_9_OPS                                          0        0.000%                0        0.000%
FETCH_10_OPS                                         0        0.000%                0        0.000%
FETCH_11_OPS                                         0        0.000%                0        0.000%
FETCH_12_OPS                                         0        0.000%                0        0.000%
FETCH_13_OPS                                         0        0.000%                0        0.000%
FETCH_14_OPS                                         0        0.000%                0        0.000%
FETCH_15_OPS                                         0        0.000%                0        0.000%
FETCH_16_OPS                                         0        0.000%                0        0.000%
                                               2889742      100.000%          6165841      100.000%
                                                  5.60         0.97              5.60         0.95

ST_BREAK_DONT                                        0        0.000%                0        0.000%
ST_BREAK_FT_UNAVAILABLE                          39405        1.364%            85128        1.381%
ST_BREAK_ICACHE_STAGE_RESTEER                      561        0.019%              949        0.015%
ST_BREAK_ICACHE_MISS_REQ_SUCCESS                     0        0.000%               73        0.001%
ST_BREAK_ICACHE_MISS_REQ_FAILURE                     0        0.000%                0        0.000%
ST_BREAK_ICACHE_WAIT_FOR_MISS                        0        0.000%             3411        0.055%
ST_BREAK_ICACHE_STALLED                            130        0.004%              372        0.006%
ST_BREAK_ICACHE_TO_UOP_CACHE_SWITCH              19540        0.676%            37936        0.615%
ST_BREAK_ICACHE_READ_LIMIT                       16149        0.559%            31497        0.511%
ST_BREAK_ICACHE_ISSUE_WIDTH                      30567        1.058%            60739        0.985%
ST_BREAK_UOP_CACHE_STALLED                      434872       15.049%          1102481       17.880%
ST_BREAK_UOP_CACHE_TO_ICACHE_SWITCH              12587        0.436%            23448        0.380%
ST_BREAK_UOP_CACHE_READ_LIMIT                   237397        8.215%           508233        8.243%
ST_BREAK_UOP_CACHE_ISSUE_WIDTH                 2098534       72.620%          4311574       69.927%
                                               2889742      100.000%          6165841      100.000%
                                                 12.18        10.54             12.10        10.29

ORACLE_ON_PATH_INST                           10589798       77.741%         21551739       76.892%
ORACLE_OFF_PATH_INST                           3032163       22.259%          6476709       23.108%
                                              13621961      100.000%         28028448      100.000%
                                                  0.22         0.38              0.23         0.39

ORACLE_ON_PATH_INST_MEM                        2861140       21.004%          5981222       21.340%
ORACLE_ON_PATH_INST_NOTMEM                     7728658       56.737%         15570517       55.553%
ORACLE_OFF_PATH_INST_MEM                        896005        6.578%          1902839        6.789%
ORACLE_OFF_PATH_INST_NOTMEM                    2136158       15.682%          4573870       16.319%
                                              13621961      100.000%         28028448      100.000%
                                                  1.17         0.90              1.18         0.91

ICACHE_CYCLE_NONRA_ONPATH                            0         -nan%                0         -nan%
ICACHE_CYCLE_NONRA_OFFPATH                           0         -nan%                0         -nan%
ICACHE_CYCLE_RA_ONPATH                               0         -nan%                0         -nan%
ICACHE_CYCLE_RA_OFFPATH                              0         -nan%                0         -nan%
                                                     0         -nan%                0         -nan%
                                                  -nan         -nan              -nan         -nan

ICACHE_CYCLE_ONPATH_NONRA                            0         -nan%                0         -nan%
ICACHE_CYCLE_OFFPATH_NONRA                           0         -nan%                0         -nan%
                                                     0         -nan%                0         -nan%
                                                  -nan         -nan              -nan         -nan

ICACHE_CYCLE_ONPATH_RA                               0         -nan%                0         -nan%
ICACHE_CYCLE_OFFPATH_RA                              0         -nan%                0         -nan%
                                                     0         -nan%                0         -nan%
                                                  -nan         -nan              -nan         -nan

INACCURATE_OFFPATH_CYCLES                            0        0.0000                0        0.0000

FETCH_ALL_INST                                13621961                       28028448              

EXEC_ALL_INST                                 11415776                       23357083              

RET_ALL_INST                                  10590337                       21551739              

EXEC_ON_PATH_INST                             10590244       92.768%         21551739       92.271%
EXEC_OFF_PATH_INST                              825532        7.232%          1805344        7.729%
                                              11415776      100.000%         23357083      100.000%
                                                  0.07         0.25              0.08         0.26

EXEC_ON_PATH_INST_MEM                          2861256       25.064%          5981222       25.608%
EXEC_ON_PATH_INST_NOTMEM                       7728988       67.704%         15570517       66.663%
EXEC_OFF_PATH_INST_MEM                          295094        2.585%           637475        2.729%
EXEC_OFF_PATH_INST_NOTMEM                       530438        4.647%          1167869        5.000%
                                              11415776      100.000%         23357083      100.000%
                                                  0.87         0.54              0.87         0.56

EXEC_RA_INST                                         0         -nan%                0         -nan%
EXEC_NONRA_INST                                      0         -nan%                0         -nan%
                                                     0         -nan%                0         -nan%
                                                  -nan         -nan              -nan         -nan

EXEC_ON_PATH_INST_RA                                 0         -nan%                0         -nan%
EXEC_OFF_PATH_INST_RA                                0         -nan%                0         -nan%
                                                     0         -nan%                0         -nan%
                                                  -nan         -nan              -nan         -nan

EXEC_ON_PATH_INST_NONRA                              0         -nan%                0         -nan%
EXEC_OFF_PATH_INST_NONRA                             0         -nan%                0         -nan%
                                                     0         -nan%                0         -nan%
                                                  -nan         -nan              -nan         -nan

EXEC_RA_ON_PATH_INST                                 0         -nan%                0         -nan%
EXEC_RA_OFF_PATH_INST                                0         -nan%                0         -nan%
EXEC_NONRA_ON_PATH_INST                              0         -nan%                0         -nan%
EXEC_NONRA_OFF_PATH_INST                             0         -nan%                0         -nan%
                                                     0         -nan%                0         -nan%
                                                  -nan         -nan              -nan         -nan

ICACHE_THROTTLE_CYCLE                                0                              0              

FETCH_ENABLE_THROTTLE_OFF_PATH                       0         -nan%                0         -nan%
FETCH_ENABLE_THROTTLE_ON_PATH                        0         -nan%                0         -nan%
                                                     0         -nan%                0         -nan%
                                                  -nan         -nan              -nan         -nan

FETCH_DISABLE_THROTTLE_OFF_PATH                      0         -nan%                0         -nan%
FETCH_DISABLE_THROTTLE_ON_PATH                       0         -nan%                0         -nan%
                                                     0         -nan%                0         -nan%
                                                  -nan         -nan              -nan         -nan

FETCH_TH_ADJUST__0                                   0         -nan%                0         -nan%
FETCH_TH_ADJUST__1                                   0         -nan%                0         -nan%
FETCH_TH_ADJUST__2                                   0         -nan%                0         -nan%
FETCH_TH_ADJUST__3                                   0         -nan%                0         -nan%
FETCH_TH_ADJUST__4                                   0         -nan%                0         -nan%
FETCH_TH_ADJUST__5                                   0         -nan%                0         -nan%
FETCH_TH_ADJUST__6                                   0         -nan%                0         -nan%
FETCH_TH_ADJUST__7                                   0         -nan%                0         -nan%
FETCH_TH_ADJUST__8                                   0         -nan%                0         -nan%
FETCH_TH_ADJUST__9                                   0         -nan%                0         -nan%
FETCH_TH_ADJUST__MAX                                 0         -nan%                0         -nan%
                                                     0         -nan%                0         -nan%
                                                  -nan         -nan              -nan         -nan

FETCH_TH_ADJUST_UP                                   0         -nan%                0         -nan%
FETCH_TH_ADJUST_DOWN                                 0         -nan%                0         -nan%
FETCH_TH_ADJUST_SAME                                 0         -nan%                0         -nan%
                                                     0         -nan%                0         -nan%
                                                  -nan         -nan              -nan         -nan

THROTTLE_ADJUST_CACHE_MISS_INFO                      0                              0              

LOW_CONF_COUNT_BP_MIS_0                              0         -nan%                0         -nan%
LOW_CONF_COUNT_BP_MIS_1                              0         -nan%                0         -nan%
LOW_CONF_COUNT_BP_MIS_2                              0         -nan%                0         -nan%
LOW_CONF_COUNT_BP_MIS_3                              0         -nan%                0         -nan%
LOW_CONF_COUNT_BP_MIS_4                              0         -nan%                0         -nan%
LOW_CONF_COUNT_BP_MIS_5                              0         -nan%                0         -nan%
LOW_CONF_COUNT_BP_MIS_6                              0         -nan%                0         -nan%
LOW_CONF_COUNT_BP_MIS_7                              0         -nan%                0         -nan%
LOW_CONF_COUNT_BP_MIS_8                              0         -nan%                0         -nan%
LOW_CONF_COUNT_BP_MIS_9                              0         -nan%                0         -nan%
LOW_CONF_COUNT_BP_MIS_10                             0         -nan%                0         -nan%
LOW_CONF_COUNT_BP_MIS_11                             0         -nan%                0         -nan%
LOW_CONF_COUNT_BP_MIS_12                             0         -nan%                0         -nan%
LOW_CONF_COUNT_BP_MIS_13                             0         -nan%                0         -nan%
LOW_CONF_COUNT_BP_MIS_14                             0         -nan%                0         -nan%
LOW_CONF_COUNT_BP_MIS_15                             0         -nan%                0         -nan%
LOW_CONF_COUNT_BP_MIS_16                             0         -nan%                0         -nan%
LOW_CONF_COUNT_BP_MIS_17                             0         -nan%                0         -nan%
LOW_CONF_COUNT_BP_MIS_18                             0         -nan%                0         -nan%
LOW_CONF_COUNT_BP_MIS_19                             0         -nan%                0         -nan%
LOW_CONF_COUNT_BP_MIS_20                             0         -nan%                0         -nan%
                                                     0         -nan%                0         -nan%
                                                  -nan         -nan              -nan         -nan

LOW_CONF_COUNT_RET_0                                 0         -nan%                0         -nan%
LOW_CONF_COUNT_RET_1                                 0         -nan%                0         -nan%
LOW_CONF_COUNT_RET_2                                 0         -nan%                0         -nan%
LOW_CONF_COUNT_RET_3                                 0         -nan%                0         -nan%
LOW_CONF_COUNT_RET_4                                 0         -nan%                0         -nan%
LOW_CONF_COUNT_RET_5                                 0         -nan%                0         -nan%
LOW_CONF_COUNT_RET_6                                 0         -nan%                0         -nan%
LOW_CONF_COUNT_RET_7                                 0         -nan%                0         -nan%
LOW_CONF_COUNT_RET_8                                 0         -nan%                0         -nan%
LOW_CONF_COUNT_RET_9                                 0         -nan%                0         -nan%
LOW_CONF_COUNT_RET_10                                0         -nan%                0         -nan%
LOW_CONF_COUNT_RET_11                                0         -nan%                0         -nan%
LOW_CONF_COUNT_RET_12                                0         -nan%                0         -nan%
LOW_CONF_COUNT_RET_13                                0         -nan%                0         -nan%
LOW_CONF_COUNT_RET_14                                0         -nan%                0         -nan%
LOW_CONF_COUNT_RET_15                                0         -nan%                0         -nan%
LOW_CONF_COUNT_RET_16                                0         -nan%                0         -nan%
LOW_CONF_COUNT_RET_17                                0         -nan%                0         -nan%
LOW_CONF_COUNT_RET_18                                0         -nan%                0         -nan%
LOW_CONF_COUNT_RET_19                                0         -nan%                0         -nan%
LOW_CONF_COUNT_RET_20                                0         -nan%                0         -nan%
                                                     0         -nan%                0         -nan%
                                                  -nan         -nan              -nan         -nan

CYCLES_RESTEER_MISPRED                               0         -nan%                0         -nan%
CYCLES_RESTEER_MISFETCH                              0         -nan%                0         -nan%
CYCLES_RESTEER_BTB_MISS                              0         -nan%                0         -nan%
                                                     0         -nan%                0         -nan%
                                                  -nan         -nan              -nan         -nan

CYCLES_RESTEER_MISPRED_SAVED_UC_FETCH                0         -nan%                0         -nan%
CYCLES_RESTEER_MISPRED_COULD_BE_SAVED_UC_FETCH             0         -nan%                0         -nan%
CYCLES_RESTEER_MISFETCH_SAVED_UC_FETCH               0         -nan%                0         -nan%
CYCLES_RESTEER_MISFETCH_COULD_BE_SAVED_UC_FETCH             0         -nan%                0         -nan%
CYCLES_RESTEER_BTB_MISS_SAVED_UC_FETCH               0         -nan%                0         -nan%
CYCLES_RESTEER_BTB_MISS_COULD_BE_SAVED_UC_FETCH             0         -nan%                0         -nan%
                                                     0         -nan%                0         -nan%
                                                  -nan         -nan              -nan         -nan

CYCLES_UOC_IC_SWITCH                                 0                              0              



