Scarab gitrev: 6deb50d
Warning: Scarab expects the trace file type to include OFFLINE_FILE_TYPE_ARCH_REGDEPS (0x20000), but got type: 0xe40
Scarab started at Thu May  7 04:37:54 2026

Initialized Ramulator. 
** Heartbeat:   5% -- { 1000002 } -- 0.00 KIPS (200.00 KIPS)
** Heartbeat:  10% -- { 2000004 } -- 142.86 KIPS (166.67 KIPS)
** Heartbeat:  15% -- { 3000005 } -- 142.86 KIPS (157.90 KIPS)
** Heartbeat:  20% -- { 4000006 } -- 125.00 KIPS (148.15 KIPS)
** Heartbeat:  25% -- { 5000007 } -- 100.00 KIPS (135.14 KIPS)
** Heartbeat:  30% -- { 6000011 } -- 83.33 KIPS (122.45 KIPS)
** Heartbeat:  35% -- { 7000011 } -- 76.92 KIPS (112.90 KIPS)
** Heartbeat:  40% -- { 8000013 } -- 71.43 KIPS (105.26 KIPS)
** Heartbeat:  45% -- { 9000016 } -- 62.50 KIPS (97.83 KIPS)
** Heartbeat:  50% -- { 10000016 } -- 58.82 KIPS (91.74 KIPS)
** Heartbeat:  55% -- { 11000016 } -- 55.56 KIPS (86.61 KIPS)
** Heartbeat:  60% -- { 12000020 } -- 50.00 KIPS (81.63 KIPS)
** Heartbeat:  65% -- { 13000021 } -- 47.62 KIPS (77.38 KIPS)
** Heartbeat:  70% -- { 14000025 } -- 43.48 KIPS (73.30 KIPS)
** Heartbeat:  75% -- { 15000025 } -- 41.67 KIPS (69.77 KIPS)
** Heartbeat:  80% -- { 16000027 } -- 38.46 KIPS (66.39 KIPS)
** Heartbeat:  85% -- { 17000029 } -- 37.04 KIPS (63.43 KIPS)
** Heartbeat:  90% -- { 18000033 } -- 34.48 KIPS (60.61 KIPS)
** Heartbeat:  95% -- { 19000033 } -- 32.26 KIPS (57.93 KIPS)
Reached end of trace (last_inst) pc=0x7ffff3dcd760
** Core 0 Finished:    insts:19999999    cycles:29225998    time:9133124375000       -- 0.68 IPC (0.68 IPC) --  N/A  KIPS (55.71 KIPS)
Scarab finished at Thu May  7 04:43:53 2026

