/* -*- Mode: c -*- */
####################################################################################################
Core 0
####################################################################################################
Cumulative:        Cycles: 16985942              Instructions: 19999999              IPC: 1.17744

Periodic:          Cycles: 8512169               Instructions: 9999998               IPC: 1.17479

EXECUTION_TIME                           2660052812500                  5308106875000              

SIM_HOST_WALL_SECONDS                        76.358834                      76.358834              

NODE_CYCLE                                     8512169                       16985942              

NODE_INST_COUNT                                9999998                       19999999              

NODE_INST_COUNT_FETCHED                        9999998                       19999999              

NODE_UOP_COUNT                                11371088                       22729223              

EXEC_STAGE_NO_ISSUE_STALL_CYCLE                4448629                        8897812              

EXEC_STAGE_NO_ISSUE_STALL_CYCLE_ONPATH         4160086                        8317606              

FULL_WINDOW_STALL                              3610838       42.420%          7205831       42.422%

FULL_WINDOW_MEM_OP                              466479       15.588%           958912       16.034%
FULL_WINDOW_FP_OP                              2366395       79.077%          4699855       78.585%
FULL_WINDOW_OTHER_OP                            159628        5.334%           321801        5.381%
                                               2992502      100.000%          5980568      100.000%
                                                  0.90         0.34              0.89         0.34

RET_BLOCKED_DC_MISS                             260757        3.063%           621134        3.657%

RET_BLOCKED_L1_MISS                              67162        0.789%           241442        1.421%

RET_BLOCKED_L1_MISS_BW_PREF                          0        0.000%                0        0.000%

RET_BLOCKED_L1_ACCESS                           193620        2.275%           387922        2.284%

RET_BLOCKED_MEM_STALL                            67254        0.790%           242956        1.430%

RET_BLOCKED_OFFCHIP_DEMAND                           0        0.000%                0        0.000%

OP_ISSUED                                     11925834                       23870933              

OP_RETIRED                                    11371088                       22729223              

OP_MACRO_FUSION_ONPATH                          685331                        1382690              

OP_MACRO_FUSION_OFFPATH                          66069                         137907              

REPLAY_SIGNALED                                      0                              0              

REPLAY_COUNTED                                       0                              0              

OFF_CRITICAL_PATH                                    0         -nan%                0         -nan%
ON_CRITICAL_PATH                                     0         -nan%                0         -nan%
                                                     0         -nan%                0         -nan%
                                                  -nan         -nan              -nan         -nan

LD_NO_DEPENDENTS                                 20573        0.688%            41982        0.703%
LD_DEPENDENTS                                  2971278       99.312%          5933103       99.297%
                                               2991851      100.000%          5975085      100.000%
                                                  0.99         0.99              0.99         0.99

LD_EXEC_CYCLES_0                                     0        0.000%                0        0.000%
LD_EXEC_CYCLES_1                                     0        0.000%                0        0.000%
LD_EXEC_CYCLES_2                                     0        0.000%                0        0.000%
LD_EXEC_CYCLES_3                                  8524       45.779%            17031       46.547%
LD_EXEC_CYCLES_4                                 10096       54.221%            19558       53.453%
                                                 18620      100.000%            36589      100.000%
                                                  3.54         2.66              3.53         2.63

ICACHE_STAGE_STARVED                             73591        1.085%           155280        1.148%
ICACHE_STAGE_NOT_STARVED                       6710013       98.915%         13368886       98.852%
                                               6783604      100.000%         13524166      100.000%
                                                  0.99         0.98              0.99         0.98

ICACHE_STAGE_STALLED                           4604962       54.099%          9159356       53.923%
ICACHE_STAGE_NOT_STALLED                       2178642       25.594%          4364810       25.697%
ICACHE_STAGE_OFF_PATH                          1728565       20.307%          3461776       20.380%
                                               8512169      100.000%         16985942      100.000%
                                                  0.66         0.69              0.66         0.69

DECODE_STAGE_STARVED                           7890331       98.379%         15786142       98.347%
DECODE_STAGE_NOT_STARVED                        129969        1.621%           265318        1.653%
                                               8020300      100.000%         16051460      100.000%
                                                  0.02         0.13              0.02         0.13

DECODE_STAGE_STALLED                            415045        4.876%           833608        4.908%
DECODE_STAGE_NOT_STALLED                       7605255       89.346%         15217852       89.591%
DECODE_STAGE_OFF_PATH                           491869        5.778%           934482        5.502%
                                               8512169      100.000%         16985942      100.000%
                                                  1.01         0.34              1.01         0.33

UOPQ_STAGE_STARVED                              509907       21.687%          1053989       22.224%
UOPQ_STAGE_NOT_STARVED                         1841295       78.313%          3688596       77.776%
                                               2351202      100.000%          4742585      100.000%
                                                  0.78         0.72              0.78         0.71

UOPQ_STAGE_STALLED                             4591105       53.936%          9129470       53.747%
UOPQ_STAGE_NOT_STALLED                         2351202       27.622%          4742585       27.921%
UOPQ_STAGE_OFF_PATH                            1569862       18.443%          3113887       18.332%
                                               8512169      100.000%         16985942      100.000%
                                                  0.65         0.67              0.65         0.67

RS_OP_READY_NOT_ISSUED_TOTAL                  13591582                       26914555              

RS_0_OP_READY_NOT_ISSUED                      12905156                       25544837              

RS_1_OP_READY_NOT_ISSUED                        358406                         712989              

RS_2_OP_READY_NOT_ISSUED                        328020                         656729              

RS_3_OP_READY_NOT_ISSUED                             0                              0              

RS_4_OP_READY_NOT_ISSUED                             0                              0              

RS_5_OP_READY_NOT_ISSUED                             0                              0              

RS_6_OP_READY_NOT_ISSUED                             0                              0              

RS_7_OP_READY_NOT_ISSUED                             0                              0              

RS_7_PLUS_OP_READY_NOT_ISSUED                        0                              0              

FU_IDLE_NO_READY_OPS_TOTAL                    33588819                       67253153              

FU_0_IDLE_NO_READY_OPS                          252444                         584801              

FU_1_IDLE_NO_READY_OPS                         1348963                        2781561              

FU_2_IDLE_NO_READY_OPS                         6178899                       12321767              

FU_3_IDLE_NO_READY_OPS                         6394887                       12732664              

FU_4_IDLE_NO_READY_OPS                         1597255                        3278148              

FU_5_IDLE_NO_READY_OPS                         2813722                        5634371              

FU_6_IDLE_NO_READY_OPS                         7518896                       14994090              

FU_7_IDLE_NO_READY_OPS                         7483753                       14925751              

FU_8_IDLE_NO_READY_OPS                               0                              0              

FU_9_IDLE_NO_READY_OPS                               0                              0              

FU_10_IDLE_NO_READY_OPS                              0                              0              

FU_11_IDLE_NO_READY_OPS                              0                              0              

FU_12_IDLE_NO_READY_OPS                              0                              0              

FU_13_IDLE_NO_READY_OPS                              0                              0              

FU_14_IDLE_NO_READY_OPS                              0                              0              

FU_15_IDLE_NO_READY_OPS                              0                              0              

FU_16_IDLE_NO_READY_OPS                              0                              0              

FU_17_IDLE_NO_READY_OPS                              0                              0              

FU_18_IDLE_NO_READY_OPS                              0                              0              

FU_19_IDLE_NO_READY_OPS                              0                              0              

FU_20_IDLE_NO_READY_OPS                              0                              0              

FU_21_IDLE_NO_READY_OPS                              0                              0              

FU_22_IDLE_NO_READY_OPS                              0                              0              

FU_23_IDLE_NO_READY_OPS                              0                              0              

FU_24_IDLE_NO_READY_OPS                              0                              0              

FU_25_IDLE_NO_READY_OPS                              0                              0              

FU_26_IDLE_NO_READY_OPS                              0                              0              

FU_27_IDLE_NO_READY_OPS                              0                              0              

FU_28_IDLE_NO_READY_OPS                              0                              0              

FU_29_IDLE_NO_READY_OPS                              0                              0              

FU_30_IDLE_NO_READY_OPS                              0                              0              

FU_31_IDLE_NO_READY_OPS                              0                              0              

FU_31_PLUS_IDLE_NO_READY_OPS                         0                              0              

MAP_STAGE_STARVED                               111913        1.994%           238924        2.119%
MAP_STAGE_NOT_STARVED                          5500674       98.006%         11035947       97.881%
                                               5612587      100.000%         11274871      100.000%
                                                  0.98         0.97              0.98         0.97

MAP_STAGE_STALLED                              3515912       56.699%          7066214       56.794%
MAP_STAGE_NOT_STALLED                          2096675       33.812%          4208657       33.827%
MAP_STAGE_OFF_PATH                              588429        9.489%          1166979        9.379%
                                               6201016      100.000%         12441850      100.000%
                                                  0.53         0.55              0.53         0.55

MAP_STAGE_STALL_ITSELF                         2311153       27.151%          4544092       26.752%
MAP_STAGE_NOT_STALL_ITSELF                     6201016       72.849%         12441850       73.248%
                                               8512169      100.000%         16985942      100.000%
                                                  0.73         0.66              0.73         0.67

MAP_STAGE_LATE_ALLOCATE_SEND_BACK                    0                              0              

MAP_STAGE_RENAME_OP_ONPATH                    11370776                       22729223              

MAP_STAGE_RENAME_OP_OFFPATH                    1326939                        2715846              

MAP_STAGE_RENAME_INT_REG_ONPATH                5650975                       11319890              

MAP_STAGE_RENAME_INT_REG_OFFPATH                503724                        1044976              

MAP_STAGE_RENAME_VEC_REG_ONPATH                4342601                        8655079              

MAP_STAGE_RENAME_VEC_REG_OFFPATH                615289                        1224927              

MAP_STAGE_RENAME_MOVE_ELIM_ONPATH                    0                              0              

MAP_STAGE_RENAME_MOVE_ELIM_OFFPATH                   0                              0              

MAP_STAGE_ONPATH_INT_REG_NUM_ALLOC             5651170                       11319871              

MAP_STAGE_ONPATH_VEC_REG_NUM_ALLOC             4342669                        8655059              

MAP_STAGE_ONPATH_INT_REG_NUM_SHORTLIVE         1339860                        2689522              

MAP_STAGE_ONPATH_VEC_REG_NUM_SHORTLIVE          170058                         343386              

MAP_STAGE_ONPATH_INT_REG_USE_COUNT_0           1165246                        2341953              

MAP_STAGE_ONPATH_VEC_REG_USE_COUNT_0             14425                          29146              

MAP_STAGE_ONPATH_INT_REG_USE_COUNT_1           3379794                        6748916              

MAP_STAGE_ONPATH_VEC_REG_USE_COUNT_1           3246638                        6478911              

MAP_STAGE_ONPATH_INT_REG_USE_COUNT_2            315357                         637495              

MAP_STAGE_ONPATH_VEC_REG_USE_COUNT_2            770314                        1526495              

MAP_STAGE_ONPATH_INT_REG_USE_COUNT_3            229010                         464509              

MAP_STAGE_ONPATH_VEC_REG_USE_COUNT_3            220881                         441156              

MAP_STAGE_ONPATH_INT_REG_USE_COUNT_4            118692                         239356              

MAP_STAGE_ONPATH_VEC_REG_USE_COUNT_4             43076                          85109              

MAP_STAGE_ONPATH_INT_REG_USE_COUNT_5            159598                         321814              

MAP_STAGE_ONPATH_VEC_REG_USE_COUNT_5             25152                          50303              

MAP_STAGE_ONPATH_INT_REG_USE_COUNT_6            104685                         208923              

MAP_STAGE_ONPATH_VEC_REG_USE_COUNT_6             11417                          22611              

MAP_STAGE_ONPATH_INT_REG_USE_COUNT_7_PLUS        178788                         356905              

MAP_STAGE_ONPATH_VEC_REG_USE_COUNT_7_PLUS         10766                          21328              

MAP_STAGE_ONPATH_INT_REG_CONSUME_DIST_0              0        0.0000                0        0.0000

MAP_STAGE_ONPATH_VEC_REG_CONSUME_DIST_0              0        0.0000                0        0.0000

MAP_STAGE_ONPATH_INT_REG_CONSUME_DIST_1              0        0.0000                0        0.0000

MAP_STAGE_ONPATH_VEC_REG_CONSUME_DIST_1              0        0.0000                0        0.0000

MAP_STAGE_ONPATH_INT_REG_CONSUME_DIST_2        3440337       10.9093          6639360       10.4148

MAP_STAGE_ONPATH_VEC_REG_CONSUME_DIST_2       35153687       45.6355         67023689       43.9069

MAP_STAGE_ONPATH_INT_REG_CONSUME_DIST_3        9866347       43.0826         18422026       39.6591

MAP_STAGE_ONPATH_VEC_REG_CONSUME_DIST_3        9079620       41.1064         18285856       41.4499

MAP_STAGE_ONPATH_INT_REG_CONSUME_DIST_4        8839002       74.4701         17777070       74.2704

MAP_STAGE_ONPATH_VEC_REG_CONSUME_DIST_4        2169700       50.3691          4074251       47.8710

MAP_STAGE_ONPATH_INT_REG_CONSUME_DIST_5       13085901       81.9929         26121815       81.1705

MAP_STAGE_ONPATH_VEC_REG_CONSUME_DIST_5        2866152      113.9532          5754434      114.3954

MAP_STAGE_ONPATH_INT_REG_CONSUME_DIST_6       12669313      121.0232         25487716      121.9957

MAP_STAGE_ONPATH_VEC_REG_CONSUME_DIST_6         975792       85.4683          1909450       84.4478

MAP_STAGE_ONPATH_INT_REG_CONSUME_DIST_7_PLUS      96864805      541.7858        191579300      536.7795

MAP_STAGE_ONPATH_VEC_REG_CONSUME_DIST_7_PLUS      11746151     1091.0413         23268208     1090.9700

MAP_STAGE_INT_REG_ISSUE_READ_TOTAL_CONSUMED      11149949        2.5064         22360807        2.5131

MAP_STAGE_VEC_REG_ISSUE_READ_TOTAL_CONSUMED       6617673        1.4876         13170546        1.4802

MAP_STAGE_INT_REG_ISSUE_READ_MULTI_CONSUMED       6540559        1.4702         13123739        1.4749

MAP_STAGE_VEC_REG_ISSUE_READ_MULTI_CONSUMED       2131927        0.4792          4234418        0.4759

MAP_STAGE_INT_REG_ISSUE_READ_SAME_CYCLE_CONSUMED       1344246        0.3022          2715691        0.3052

MAP_STAGE_VEC_REG_ISSUE_READ_SAME_CYCLE_CONSUMED        565464        0.1271          1131863        0.1272

MAP_STAGE_INT_REG_ISSUE_READ_TOTAL_CONSUMED_ONPATH      10635405        2.5565         21310358        2.5621

MAP_STAGE_VEC_REG_ISSUE_READ_TOTAL_CONSUMED_ONPATH       6278831        1.5093         12505446        1.5035

MAP_STAGE_INT_REG_ISSUE_READ_MULTI_CONSUMED_ONPATH       6149601        1.4782         12332410        1.4827

MAP_STAGE_VEC_REG_ISSUE_READ_MULTI_CONSUMED_ONPATH       1950601        0.4689          3879510        0.4664

MAP_STAGE_INT_REG_ISSUE_READ_SAME_CYCLE_CONSUMED_ONPATH       1257334        0.3022          2535643        0.3049

MAP_STAGE_VEC_REG_ISSUE_READ_SAME_CYCLE_CONSUMED_ONPATH        520018        0.1250          1038010        0.1248

MAP_STAGE_ONPATH_INT_REG_LIFECYCLE_EMPTY     433943580                      856597092              

MAP_STAGE_ONPATH_VEC_REG_LIFECYCLE_EMPTY     613934817                     1206572930              

MAP_STAGE_ONPATH_INT_REG_LIFECYCLE_IN_USE     852587237                     1693669970              

MAP_STAGE_ONPATH_VEC_REG_LIFECYCLE_IN_USE     844337944                     1661366492              

MAP_STAGE_ONPATH_INT_REG_LIFECYCLE_SPEC_RELEASE    1431996433                     2862599923              

MAP_STAGE_ONPATH_VEC_REG_LIFECYCLE_SPEC_RELEASE    1303289046                     2562680037              

MAP_STAGE_ONPATH_INT_REG_LIFECYCLE_NONSPEC_RELEASE    1431996433                     2862599923              

MAP_STAGE_ONPATH_VEC_REG_LIFECYCLE_NONSPEC_RELEASE    1303289046                     2562680037              

MAP_STAGE_ONPATH_INT_REG_LIFECYCLE_TOTAL    1431996433                     2862599923              

MAP_STAGE_ONPATH_VEC_REG_LIFECYCLE_TOTAL    1303289046                     2562680037              

MAP_STAGE_ONPATH_INT_REG_NUM_NONBRANCH         5651170                       11319871              

MAP_STAGE_ONPATH_VEC_REG_NUM_NONBRANCH         4342669                        8655059              

MAP_STAGE_ONPATH_INT_REG_NUM_NONEXCEPT         5651170                       11319871              

MAP_STAGE_ONPATH_VEC_REG_NUM_NONEXCEPT         4342669                        8655059              

MAP_STAGE_ONPATH_INT_REG_NUM_ATOMIC            5651170                       11319871              

MAP_STAGE_ONPATH_VEC_REG_NUM_ATOMIC            4342669                        8655059              

MAP_STAGE_ONPATH_INT_REG_ATOMIC_REDEFINED_DIST_TOTAL    1431996433      253.3982       2862599923      252.8827

MAP_STAGE_ONPATH_VEC_REG_ATOMIC_REDEFINED_DIST_TOTAL    1303289046      300.1125       2562680037      296.0904

MAP_STAGE_ONPATH_INT_REG_ATOMIC_CONSUMED_DIST_TOTAL     852587237      150.8692       1693669970      149.6192

MAP_STAGE_ONPATH_VEC_REG_ATOMIC_CONSUMED_DIST_TOTAL     844337944      194.4283       1661366492      191.9532

MAP_STAGE_ONPATH_INT_REG_ATOMIC_RELEASE_DIST_TOTAL    1431996433      253.3982       2862599923      252.8827

MAP_STAGE_ONPATH_VEC_REG_ATOMIC_RELEASE_DIST_TOTAL    1303289046      300.1125       2562680037      296.0904

EXEC_STAGE_STARVED                             1217394       14.302%          2517961       14.824%
EXEC_STAGE_NOT_STARVED                         6728077       79.041%         13373301       78.732%
EXEC_STAGE_OFF_PATH                             566698        6.658%          1094680        6.445%
                                               8512169      100.000%         16985942      100.000%
                                                  0.92         0.37              0.92         0.37

FU_BUSY_0                                      8096752                       16067057              

FU_BUSY_1                                      3019764                        6037612              

FU_BUSY_2                                      1731785                        3465992              

FU_BUSY_3                                      1552285                        3122601              

FU_BUSY_4                                      1481837                        2963450              

FU_BUSY_5                                      1510395                        3021973              

FU_BUSY_6                                       606777                        1219384              

FU_BUSY_7                                       629011                        1261315              

FU_BUSY_8                                            0                              0              

FU_BUSY_9                                            0                              0              

FU_BUSY_10                                           0                              0              

FU_BUSY_11                                           0                              0              

FU_BUSY_12                                           0                              0              

FU_BUSY_13                                           0                              0              

FU_BUSY_14                                           0                              0              

FU_BUSY_15                                           0                              0              

FU_BUSY_16                                           0                              0              

FU_BUSY_17                                           0                              0              

FU_BUSY_18                                           0                              0              

FU_BUSY_19                                           0                              0              

FU_BUSY_20                                           0                              0              

FU_BUSY_21                                           0                              0              

FU_BUSY_22                                           0                              0              

FU_BUSY_23                                           0                              0              

FU_BUSY_24                                           0                              0              

FU_BUSY_25                                           0                              0              

FU_BUSY_26                                           0                              0              

FU_BUSY_27                                           0                              0              

FU_BUSY_28                                           0                              0              

FU_BUSY_29                                           0                              0              

FU_BUSY_30                                           0                              0              

FU_BUSY_31                                           0                              0              

FU_REJECTED_OP_INV_NOT_SIMD                          0        0.000%                0        0.000%
FU_REJECTED_OP_NOP_NOT_SIMD                      39316        0.593%            77499        0.591%
FU_REJECTED_OP_CF_NOT_SIMD                      210995        3.184%           421178        3.209%
FU_REJECTED_OP_MOV_NOT_SIMD                      44217        0.667%            86253        0.657%
FU_REJECTED_OP_CMOV_NOT_SIMD                         0        0.000%                1        0.000%
FU_REJECTED_OP_LDA_NOT_SIMD                      37312        0.563%            72613        0.553%
FU_REJECTED_OP_IMEM_NOT_SIMD                     26604        0.401%            53960        0.411%
FU_REJECTED_OP_IADD_NOT_SIMD                      4605        0.069%            10148        0.077%
FU_REJECTED_OP_IMUL_NOT_SIMD                    112758        1.701%           225439        1.718%
FU_REJECTED_OP_IDIV_NOT_SIMD                         0        0.000%                0        0.000%
FU_REJECTED_OP_ICMP_NOT_SIMD                         0        0.000%                0        0.000%
FU_REJECTED_OP_LOGIC_NOT_SIMD                    32777        0.495%            68839        0.525%
FU_REJECTED_OP_SHIFT_NOT_SIMD                    36601        0.552%            73357        0.559%
FU_REJECTED_OP_FMEM_NOT_SIMD                     47861        0.722%            95809        0.730%
FU_REJECTED_OP_FCVT_NOT_SIMD                         0        0.000%                0        0.000%
FU_REJECTED_OP_FADD_NOT_SIMD                         0        0.000%                0        0.000%
FU_REJECTED_OP_FMUL_NOT_SIMD                         0        0.000%                0        0.000%
FU_REJECTED_OP_FMA_NOT_SIMD                          0        0.000%                0        0.000%
FU_REJECTED_OP_FDIV_NOT_SIMD                         0        0.000%                0        0.000%
FU_REJECTED_OP_FCMP_NOT_SIMD                         0        0.000%                0        0.000%
FU_REJECTED_OP_FCMOV_NOT_SIMD                        0        0.000%                0        0.000%
FU_REJECTED_OP_GATHER_NOT_SIMD                       0        0.000%                0        0.000%
FU_REJECTED_OP_SCATTER_NOT_SIMD                      0        0.000%                0        0.000%
FU_REJECTED_OP_PIPELINED_FAST_NOT_SIMD               0        0.000%                0        0.000%
FU_REJECTED_OP_PIPELINED_MEDIUM_NOT_SIMD             0        0.000%                0        0.000%
FU_REJECTED_OP_PIPELINED_SLOW_NOT_SIMD               0        0.000%                0        0.000%
FU_REJECTED_OP_NOTPIPELINED_MEDIUM_NOT_SIMD             0        0.000%                0        0.000%
FU_REJECTED_OP_NOTPIPELINED_SLOW_NOT_SIMD             0        0.000%                0        0.000%
FU_REJECTED_OP_NOTPIPELINED_VERY_SLOW_NOT_SIMD             0        0.000%                0        0.000%
FU_REJECTED_OP_INV_SIMD                              0        0.000%                0        0.000%
FU_REJECTED_OP_NOP_SIMD                              0        0.000%                0        0.000%
FU_REJECTED_OP_CF_SIMD                               0        0.000%                0        0.000%
FU_REJECTED_OP_MOV_SIMD                          73014        1.102%           145940        1.112%
FU_REJECTED_OP_CMOV_SIMD                             0        0.000%                0        0.000%
FU_REJECTED_OP_LDA_SIMD                              0        0.000%                0        0.000%
FU_REJECTED_OP_IMEM_SIMD                             0        0.000%                0        0.000%
FU_REJECTED_OP_IADD_SIMD                             0        0.000%                0        0.000%
FU_REJECTED_OP_IMUL_SIMD                             0        0.000%                0        0.000%
FU_REJECTED_OP_IDIV_SIMD                             0        0.000%                0        0.000%
FU_REJECTED_OP_ICMP_SIMD                             0        0.000%                0        0.000%
FU_REJECTED_OP_LOGIC_SIMD                        38621        0.583%            74325        0.566%
FU_REJECTED_OP_SHIFT_SIMD                        35390        0.534%            69390        0.529%
FU_REJECTED_OP_FMEM_SIMD                             0        0.000%                0        0.000%
FU_REJECTED_OP_FCVT_SIMD                         85187        1.285%           178924        1.363%
FU_REJECTED_OP_FADD_SIMD                         93770        1.415%           192563        1.467%
FU_REJECTED_OP_FMUL_SIMD                         84205        1.271%           168185        1.282%
FU_REJECTED_OP_FMA_SIMD                         170698        2.576%           335512        2.557%
FU_REJECTED_OP_FDIV_SIMD                        232135        3.503%           460819        3.511%
FU_REJECTED_OP_FCMP_SIMD                        206867        3.121%           399212        3.042%
FU_REJECTED_OP_FCMOV_SIMD                      4955268       74.767%          9793396       74.625%
FU_REJECTED_OP_GATHER_SIMD                       59403        0.896%           120169        0.916%
FU_REJECTED_OP_SCATTER_SIMD                          0        0.000%                0        0.000%
FU_REJECTED_OP_PIPELINED_FAST_SIMD                   0        0.000%                0        0.000%
FU_REJECTED_OP_PIPELINED_MEDIUM_SIMD                 0        0.000%                0        0.000%
FU_REJECTED_OP_PIPELINED_SLOW_SIMD                   0        0.000%                0        0.000%
FU_REJECTED_OP_NOTPIPELINED_MEDIUM_SIMD              0        0.000%                0        0.000%
FU_REJECTED_OP_NOTPIPELINED_SLOW_SIMD                0        0.000%                0        0.000%
FU_REJECTED_OP_NOTPIPELINED_VERY_SLOW_SIMD             0        0.000%                0        0.000%
                                               6627604      100.000%         13123531      100.000%
                                                 44.46        12.46             44.42        12.50

LSQ_FULL_TOTAL                                  295590                         617375              

LSQ_FULL_LOAD_QUEUE                             139482                         290258              

LSQ_FULL_STORE_QUEUE                            156108                         327117              

OP_WAIT_0                                      5801700                       11622400              

OP_WAIT_1                                      1867316                        3749457              

OP_WAIT_2                                       698319                        1395615              

OP_WAIT_3                                       363427                         729512              

OP_WAIT_4                                       269309                         539196              

OP_WAIT_5                                       219100                         435509              

OP_WAIT_6                                       181320                         359542              

OP_WAIT_7                                       119297                         232755              

OP_WAIT_8                                        98162                         193534              

OP_WAIT_9                                        86676                         176739              

OP_WAIT_10                                       80942                         160760              

OP_WAIT_11                                       67500                         135385              

OP_WAIT_12                                       58603                         118562              

OP_WAIT_13                                       50937                         100641              

OP_WAIT_14                                       41533                          83529              

OP_WAIT_15                                       41064                          81758              

OP_WAIT_16                                       40041                          79759              

OP_WAIT_17                                       33681                          67926              

OP_WAIT_18                                       34605                          67460              

OP_WAIT_19                                       32034                          63532              

OP_WAIT_20                                       24254                          47674              

OP_WAIT_21                                       21756                          43095              

OP_WAIT_22                                       14168                          28365              

OP_WAIT_23                                       11306                          22589              

OP_WAIT_24                                       11521                          22838              

OP_WAIT_25                                       11153                          22081              

OP_WAIT_26                                       12407                          24565              

OP_WAIT_27                                        9405                          18870              

OP_WAIT_28                                       10805                          20780              

OP_WAIT_29                                        9467                          18433              

OP_WAIT_30                                       11446                          22223              

OP_WAIT_31                                     1037834                        2044139              

ROW_SIZE_0                                     5905796                       11778245              

ROW_SIZE_1                                      532059                        1056241              

ROW_SIZE_2                                      205913                         408106              

ROW_SIZE_3                                      136071                         267875              

ROW_SIZE_4                                       68227                         137427              

ROW_SIZE_5                                       74148                         147001              

ROW_SIZE_6                                     1562557                        3128072              

ROW_SIZE_7                                           0                              0              

ROW_SIZE_8                                           0                              0              

ROW_SIZE_9                                           0                              0              

ROW_SIZE_10                                          0                              0              

ROW_SIZE_11                                          0                              0              

ROW_SIZE_12                                          0                              0              

ROW_SIZE_13                                          0                              0              

ROW_SIZE_14                                          0                              0              

ROW_SIZE_15                                          0                              0              

ROW_SIZE_16                                          0                              0              

ROW_SIZE_17                                          0                              0              

ROW_SIZE_18                                          0                              0              

ROW_SIZE_19                                          0                              0              

ROW_SIZE_20                                          0                              0              

ROW_SIZE_21                                          0                              0              

ROW_SIZE_22                                          0                              0              

ROW_SIZE_23                                          0                              0              

ROW_SIZE_24                                          0                              0              

ROW_SIZE_25                                          0                              0              

ROW_SIZE_26                                          0                              0              

ROW_SIZE_27                                          0                              0              

ROW_SIZE_28                                          0                              0              

ROW_SIZE_29                                          0                              0              

ROW_SIZE_30                                          0                              0              

ROW_SIZE_31                                          0                              0              

RET_OP_EXEC_COUNT_0                                  0        0.000%                0        0.000%
RET_OP_EXEC_COUNT_1                           11371088      100.000%         22729223      100.000%
RET_OP_EXEC_COUNT_2                                  0        0.000%                0        0.000%
RET_OP_EXEC_COUNT_3                                  0        0.000%                0        0.000%
RET_OP_EXEC_COUNT_4                                  0        0.000%                0        0.000%
RET_OP_EXEC_COUNT_5                                  0        0.000%                0        0.000%
RET_OP_EXEC_COUNT_6                                  0        0.000%                0        0.000%
RET_OP_EXEC_COUNT_7                                  0        0.000%                0        0.000%
RET_OP_EXEC_COUNT_8                                  0        0.000%                0        0.000%
RET_OP_EXEC_COUNT_9                                  0        0.000%                0        0.000%
RET_OP_EXEC_COUNT_10                                 0        0.000%                0        0.000%
RET_OP_EXEC_COUNT_11                                 0        0.000%                0        0.000%
RET_OP_EXEC_COUNT_12                                 0        0.000%                0        0.000%
RET_OP_EXEC_COUNT_13                                 0        0.000%                0        0.000%
RET_OP_EXEC_COUNT_14                                 0        0.000%                0        0.000%
RET_OP_EXEC_COUNT_15                                 0        0.000%                0        0.000%
RET_OP_EXEC_COUNT_16                                 0        0.000%                0        0.000%
RET_OP_EXEC_COUNT_17                                 0        0.000%                0        0.000%
RET_OP_EXEC_COUNT_18                                 0        0.000%                0        0.000%
RET_OP_EXEC_COUNT_19                                 0        0.000%                0        0.000%
RET_OP_EXEC_COUNT_20                                 0        0.000%                0        0.000%
RET_OP_EXEC_COUNT_21                                 0        0.000%                0        0.000%
RET_OP_EXEC_COUNT_22                                 0        0.000%                0        0.000%
RET_OP_EXEC_COUNT_23                                 0        0.000%                0        0.000%
RET_OP_EXEC_COUNT_24                                 0        0.000%                0        0.000%
RET_OP_EXEC_COUNT_25                                 0        0.000%                0        0.000%
RET_OP_EXEC_COUNT_26                                 0        0.000%                0        0.000%
RET_OP_EXEC_COUNT_27                                 0        0.000%                0        0.000%
RET_OP_EXEC_COUNT_28                                 0        0.000%                0        0.000%
RET_OP_EXEC_COUNT_29                                 0        0.000%                0        0.000%
RET_OP_EXEC_COUNT_30                                 0        0.000%                0        0.000%
RET_OP_EXEC_COUNT_31                                 0        0.000%                0        0.000%
RET_OP_EXEC_COUNT_32                                 0        0.000%                0        0.000%
                                              11371088      100.000%         22729223      100.000%
                                                  1.00         0.00              1.00         0.00

RET_STALL_LENGTH_0                            11370970       99.999%         22728717       99.998%
RET_STALL_LENGTH_100                                95        0.001%              419        0.002%
RET_STALL_LENGTH_200                                 8        0.000%               27        0.000%
RET_STALL_LENGTH_300                                 1        0.000%                5        0.000%
RET_STALL_LENGTH_400                                 2        0.000%                6        0.000%
RET_STALL_LENGTH_500                                 1        0.000%                3        0.000%
RET_STALL_LENGTH_600                                 1        0.000%                6        0.000%
RET_STALL_LENGTH_700                                 0        0.000%                3        0.000%
RET_STALL_LENGTH_800                                 3        0.000%                8        0.000%
RET_STALL_LENGTH_900                                 1        0.000%                5        0.000%
RET_STALL_LENGTH_1000                                0        0.000%                7        0.000%
RET_STALL_LENGTH_1100                                3        0.000%                8        0.000%
RET_STALL_LENGTH_1200                                3        0.000%                9        0.000%
RET_STALL_LENGTH_1300                                0        0.000%                0        0.000%
RET_STALL_LENGTH_1400                                0        0.000%                0        0.000%
RET_STALL_LENGTH_1500                                0        0.000%                0        0.000%
RET_STALL_LENGTH_1600                                0        0.000%                0        0.000%
RET_STALL_LENGTH_1700                                0        0.000%                0        0.000%
RET_STALL_LENGTH_1800                                0        0.000%                0        0.000%
RET_STALL_LENGTH_1900                                0        0.000%                0        0.000%
RET_STALL_LENGTH_2000                                0        0.000%                0        0.000%
RET_STALL_LENGTH_2100                                0        0.000%                0        0.000%
RET_STALL_LENGTH_2200                                0        0.000%                0        0.000%
RET_STALL_LENGTH_2300                                0        0.000%                0        0.000%
RET_STALL_LENGTH_2400                                0        0.000%                0        0.000%
RET_STALL_LENGTH_2500                                0        0.000%                0        0.000%
RET_STALL_LENGTH_2600                                0        0.000%                0        0.000%
RET_STALL_LENGTH_2700                                0        0.000%                0        0.000%
RET_STALL_LENGTH_2800                                0        0.000%                0        0.000%
RET_STALL_LENGTH_2900                                0        0.000%                0        0.000%
RET_STALL_LENGTH_3000                                0        0.000%                0        0.000%
RET_STALL_LENGTH_3100                                0        0.000%                0        0.000%
RET_STALL_LENGTH_3200                                0        0.000%                0        0.000%
RET_STALL_LENGTH_3300                                0        0.000%                0        0.000%
RET_STALL_LENGTH_3400                                0        0.000%                0        0.000%
RET_STALL_LENGTH_3500                                0        0.000%                0        0.000%
RET_STALL_LENGTH_3600                                0        0.000%                0        0.000%
RET_STALL_LENGTH_3700                                0        0.000%                0        0.000%
RET_STALL_LENGTH_3800                                0        0.000%                0        0.000%
RET_STALL_LENGTH_3900                                0        0.000%                0        0.000%
RET_STALL_LENGTH_4000                                0        0.000%                0        0.000%
RET_STALL_LENGTH_4100                                0        0.000%                0        0.000%
RET_STALL_LENGTH_4200                                0        0.000%                0        0.000%
RET_STALL_LENGTH_4300                                0        0.000%                0        0.000%
RET_STALL_LENGTH_4400                                0        0.000%                0        0.000%
RET_STALL_LENGTH_4500                                0        0.000%                0        0.000%
RET_STALL_LENGTH_4600                                0        0.000%                0        0.000%
RET_STALL_LENGTH_4700                                0        0.000%                0        0.000%
RET_STALL_LENGTH_4800                                0        0.000%                0        0.000%
RET_STALL_LENGTH_4900                                0        0.000%                0        0.000%
RET_STALL_LENGTH_5000                                0        0.000%                0        0.000%
                                              11371088      100.000%         22729223      100.000%
                                                  0.00         0.01              0.00         0.01

MEM_BLOCK_LENGTH_0                                 192       98.462%              440       96.916%
MEM_BLOCK_LENGTH_100                                 3        1.538%                8        1.762%
MEM_BLOCK_LENGTH_200                                 0        0.000%                3        0.661%
MEM_BLOCK_LENGTH_300                                 0        0.000%                1        0.220%
MEM_BLOCK_LENGTH_400                                 0        0.000%                2        0.441%
MEM_BLOCK_LENGTH_500                                 0        0.000%                0        0.000%
MEM_BLOCK_LENGTH_600                                 0        0.000%                0        0.000%
MEM_BLOCK_LENGTH_700                                 0        0.000%                0        0.000%
MEM_BLOCK_LENGTH_800                                 0        0.000%                0        0.000%
MEM_BLOCK_LENGTH_900                                 0        0.000%                0        0.000%
MEM_BLOCK_LENGTH_1000                                0        0.000%                0        0.000%
MEM_BLOCK_LENGTH_1100                                0        0.000%                0        0.000%
MEM_BLOCK_LENGTH_1200                                0        0.000%                0        0.000%
MEM_BLOCK_LENGTH_1300                                0        0.000%                0        0.000%
MEM_BLOCK_LENGTH_1400                                0        0.000%                0        0.000%
MEM_BLOCK_LENGTH_1500                                0        0.000%                0        0.000%
MEM_BLOCK_LENGTH_1600                                0        0.000%                0        0.000%
MEM_BLOCK_LENGTH_1700                                0        0.000%                0        0.000%
MEM_BLOCK_LENGTH_1800                                0        0.000%                0        0.000%
MEM_BLOCK_LENGTH_1900                                0        0.000%                0        0.000%
MEM_BLOCK_LENGTH_2000                                0        0.000%                0        0.000%
MEM_BLOCK_LENGTH_2100                                0        0.000%                0        0.000%
MEM_BLOCK_LENGTH_2200                                0        0.000%                0        0.000%
MEM_BLOCK_LENGTH_2300                                0        0.000%                0        0.000%
MEM_BLOCK_LENGTH_2400                                0        0.000%                0        0.000%
MEM_BLOCK_LENGTH_2500                                0        0.000%                0        0.000%
MEM_BLOCK_LENGTH_2600                                0        0.000%                0        0.000%
MEM_BLOCK_LENGTH_2700                                0        0.000%                0        0.000%
MEM_BLOCK_LENGTH_2800                                0        0.000%                0        0.000%
MEM_BLOCK_LENGTH_2900                                0        0.000%                0        0.000%
MEM_BLOCK_LENGTH_3000                                0        0.000%                0        0.000%
MEM_BLOCK_LENGTH_3100                                0        0.000%                0        0.000%
MEM_BLOCK_LENGTH_3200                                0        0.000%                0        0.000%
MEM_BLOCK_LENGTH_3300                                0        0.000%                0        0.000%
MEM_BLOCK_LENGTH_3400                                0        0.000%                0        0.000%
MEM_BLOCK_LENGTH_3500                                0        0.000%                0        0.000%
MEM_BLOCK_LENGTH_3600                                0        0.000%                0        0.000%
MEM_BLOCK_LENGTH_3700                                0        0.000%                0        0.000%
MEM_BLOCK_LENGTH_3800                                0        0.000%                0        0.000%
MEM_BLOCK_LENGTH_3900                                0        0.000%                0        0.000%
MEM_BLOCK_LENGTH_4000                                0        0.000%                0        0.000%
MEM_BLOCK_LENGTH_4100                                0        0.000%                0        0.000%
MEM_BLOCK_LENGTH_4200                                0        0.000%                0        0.000%
MEM_BLOCK_LENGTH_4300                                0        0.000%                0        0.000%
MEM_BLOCK_LENGTH_4400                                0        0.000%                0        0.000%
MEM_BLOCK_LENGTH_4500                                0        0.000%                0        0.000%
MEM_BLOCK_LENGTH_4600                                0        0.000%                0        0.000%
MEM_BLOCK_LENGTH_4700                                0        0.000%                0        0.000%
MEM_BLOCK_LENGTH_4800                                0        0.000%                0        0.000%
MEM_BLOCK_LENGTH_4900                                0        0.000%                0        0.000%
MEM_BLOCK_LENGTH_5000                                0        0.000%                0        0.000%
                                                   195      100.000%              454      100.000%
                                                  0.02         0.12              0.06         0.36

FUS_BUSY_ON_PATH                              18037367        2.1190         35944398        2.1161

FUS_BUSY_OFF_PATH                               591239        0.0695          1214986        0.0715

FU_BUSY_MEM_STALL                               251775        0.0296           533587        0.0314

FUS_EMPTY                                     49468746        5.8115         98728152        5.8123

FU_UNAVAILABLE                                 6417651        0.7539         12688425        0.7470

FU_MEM_UNAVAILABLE                              209953        0.0247           435106        0.0256

FU_OTHER_UNAVAILABLE                                 0        0.0000                0        0.0000

FU_REPLAY                                            0        0.0000                0        0.0000

FU_STARVED                                    49439538        5.8081         98666240        5.8087

CHIP_UTILIZATION                                     0        0.0000                0        0.0000

CYCLES_UNDER_MEM_REQ                                 0                              0              

CYCLES_UNDER_NO_MEM_REQ                              0                              0              

CYCLES_UNDER_CRITICAL_MEM_REQ                        0                              0              

CYCLES_UNDER_NONCRITICAL_MEM_REQ                     0                              0              

CHIP_UTILIZATION_UNDER_MEM_REQ                       0          -nan                0          -nan

CHIP_UTILIZATION_UNDER_NO_MEM_REQ                    0          -nan                0          -nan

CHIP_UTILIZATION_UNDER_CRITICAL_MEM_REQ              0          -nan                0          -nan

CHIP_UTILIZATION_UNDER_NONCRITICAL_MEM_REQ             0          -nan                0          -nan

CYCLES_NOT_WAITING_FOR_OFF_CHIP                      0        0.0000                0        0.0000

FUS_BUSY_NOT_WAITING_FOR_OFF_CHIP                    0          -nan                0          -nan

CYCLES_WAITING_FOR_OFF_CHIP                          0        0.0000                0        0.0000

FUS_BUSY_WAITING_FOR_OFF_CHIP                        0          -nan                0          -nan

TOTAL_OFF_CHIP_DELAYS_LEFT                           0                              0              

WRONG_IO_SCHED                                       0                              0              

DVFS_CONFIG_SWITCH                                   0                              0              

MAP_STAGE_RECEIVED_OPS_0                             0        0.000%                0        0.000%
MAP_STAGE_RECEIVED_OPS_1                         18940        0.959%            37568        0.951%
MAP_STAGE_RECEIVED_OPS_2                         26965        1.365%            53641        1.358%
MAP_STAGE_RECEIVED_OPS_3                         50425        2.553%           104189        2.638%
MAP_STAGE_RECEIVED_OPS_4                         46282        2.343%            91953        2.328%
MAP_STAGE_RECEIVED_OPS_5                         56576        2.864%           115708        2.930%
MAP_STAGE_RECEIVED_OPS_6                       1775941       89.915%          3546208       89.794%
MAP_STAGE_RECEIVED_OPS_7                             0        0.000%                0        0.000%
MAP_STAGE_RECEIVED_OPS_8                             0        0.000%                0        0.000%
MAP_STAGE_RECEIVED_OPS_MAX                           0        0.000%                0        0.000%
                                               1975129      100.000%          3949267      100.000%
                                                  5.75         0.86              5.74         0.87

MAP_STAGE_WAIT_FOR_DECODE                            0         -nan%                0         -nan%
MAP_STAGE_CONSUME_DECODE                             0         -nan%                0         -nan%
                                                     0         -nan%                0         -nan%
                                                  -nan         -nan              -nan         -nan

MAP_STAGE_WAIT_FOR_DECODE2                           0         -nan%                0         -nan%
MAP_STAGE_CONSUME_DECODE2                            0         -nan%                0         -nan%
                                                     0         -nan%                0         -nan%
                                                  -nan         -nan              -nan         -nan

FTQ_RECOVER_EXEC                                 10894                          22797              

FTQ_RECOVER_DECODE                                   0                            278              

FTQ_OFFPATH_CYCLES                             2804822                        5665169              

FTQ_CYCLES_OFFPATH                             2804822                        5665169              

FTQ_CYCLES_ONPATH                              5707347                       11320773              

FTQ_FETCHED_INS_ONPATH                        11370597                       22729223              

FTQ_FETCHED_INS_OFFPATH                        6934346                       14240943              

FTQ_BREAK_FULL_FT_ONPATH                       4985926                        9863563              

FTQ_BREAK_FULL_FT_OFFPATH                      2217523                        4452255              

FTQ_BREAK_PRED_BR_ONPATH                             0                              0              

FTQ_BREAK_PRED_BR_OFFPATH                            0                              0              

FTQ_BREAK_BAR_FETCH_ONPATH                           0                              0              

FTQ_BREAK_BAR_FETCH_OFFPATH                          0                              0              

FTQ_BREAK_MAX_CFS_TAKEN_ONPATH                       0                              0              

FTQ_BREAK_MAX_CFS_TAKEN_OFFPATH                      0                              0              

FTQ_BREAK_MAX_FT_ONPATH                         721339                        1457128              

FTQ_BREAK_MAX_FT_OFFPATH                        587299                        1212914              

DFE_GEN_ON_PATH_FT                             1606442                        3221302              

DFE_GEN_OFF_PATH_FT                             837286                        1714165              

DFE_L0_ENABLED_PREDICTIONS                    11370597                       22729223              

DFE_L0_WRONG_MAIN_CORRECT                       176023                         354738              

DFE_L0_WRONG_MAIN_WRONG                           6937                          15036              

DFE_L0_CORRECT_MAIN_WRONG                         3957                           8039              

DFE_L0_CORRECT_MAIN_CORRECT                   11183680                       22351410              

DFE_L0_WRONG_MAIN_CORRECT_RECOVERY_SCHEDULED             0                              0              

FTQ_SAW_BAR_FETCH_OFFPATH                            0                              0              

FTQ_SAW_BAR_FETCH_ONPATH                             0                              0              

DFE_CONF_0_RECOVER_AT_EXEC                           0         -nan%                0         -nan%
DFE_CONF_1_RECOVER_AT_EXEC                           0         -nan%                0         -nan%
DFE_CONF_2_RECOVER_AT_EXEC                           0         -nan%                0         -nan%
DFE_CONF_3_RECOVER_AT_EXEC                           0         -nan%                0         -nan%
DFE_CONF_0_CORRECT                                   0         -nan%                0         -nan%
DFE_CONF_1_CORRECT                                   0         -nan%                0         -nan%
DFE_CONF_2_CORRECT                                   0         -nan%                0         -nan%
DFE_CONF_3_CORRECT                                   0         -nan%                0         -nan%
                                                     0         -nan%                0         -nan%
                                                  -nan         -nan              -nan         -nan

DFE_ON_CONF_ON_OPS                                   0         -nan%                0         -nan%
DFE_ON_CONF_OFF_OPS                                  0         -nan%                0         -nan%
DFE_OFF_CONF_ON_OPS                                  0         -nan%                0         -nan%
DFE_OFF_CONF_OFF_REALISTIC_OPS                       0         -nan%                0         -nan%
DFE_OFF_CONF_OFF_PERFECT_OPS                         0         -nan%                0         -nan%
                                                     0         -nan%                0         -nan%
                                                  -nan         -nan              -nan         -nan

DFE_ON_CONF_ON_FETCH_TARGETS                         0         -nan%                0         -nan%
DFE_ON_CONF_OFF_FETCH_TARGETS                        0         -nan%                0         -nan%
DFE_OFF_CONF_ON_FETCH_TARGETS                        0         -nan%                0         -nan%
DFE_OFF_CONF_OFF_REALISTIC_FETCH_TARGETS             0         -nan%                0         -nan%
DFE_OFF_CONF_OFF_PERFECT_FETCH_TARGETS               0         -nan%                0         -nan%
                                                     0         -nan%                0         -nan%
                                                  -nan         -nan              -nan         -nan

DFE_ON_CONF_ON_CYCLES                                0         -nan%                0         -nan%
DFE_ON_CONF_OFF_CYCLES                               0         -nan%                0         -nan%
DFE_OFF_CONF_ON_CYCLES                               0         -nan%                0         -nan%
DFE_OFF_CONF_OFF_REALISTIC_CYCLES                    0         -nan%                0         -nan%
DFE_OFF_CONF_OFF_PERFECT_CYCLES                      0         -nan%                0         -nan%
                                                     0         -nan%                0         -nan%
                                                  -nan         -nan              -nan         -nan

DFE_OFF_CONF_ON_NUM_EVENTS                           0                              0              

DFE_OFF_CONF_ON_NOT_IDENTIFIED_EVENTS                0         -nan%                0         -nan%
DFE_OFF_CONF_ON_IBTB_MISS_EVENTS                     0         -nan%                0         -nan%
DFE_OFF_CONF_ON_BTB_MISS_EVENTS                      0         -nan%                0         -nan%
DFE_OFF_CONF_ON_BTB_MISS_RECOVER_AT_EXEC_EVENTS             0         -nan%                0         -nan%
DFE_OFF_CONF_ON_RECOVER_AT_EXEC_EVENTS               0         -nan%                0         -nan%
DFE_OFF_CONF_ON_RECOVER_AT_DECODE_EVENTS             0         -nan%                0         -nan%
                                                     0         -nan%                0         -nan%
                                                  -nan         -nan              -nan         -nan

DFE_OFF_CONF_ON_LATE_BTB_HIT_EVENTS                  0                              0              

DFE_OFF_CONF_ON_NOT_IDENTIFIED_CYCLES                0         -nan%                0         -nan%
DFE_OFF_CONF_ON_IBTB_MISS_CYCLES                     0         -nan%                0         -nan%
DFE_OFF_CONF_ON_BTB_MISS_CYCLES                      0         -nan%                0         -nan%
DFE_OFF_CONF_ON_BTB_MISS_RECOVER_AT_EXEC_CYCLES             0         -nan%                0         -nan%
DFE_OFF_CONF_ON_RECOVER_AT_EXEC_CYCLES               0         -nan%                0         -nan%
DFE_OFF_CONF_ON_RECOVER_AT_DECODE_CYCLES             0         -nan%                0         -nan%
                                                     0         -nan%                0         -nan%
                                                  -nan         -nan              -nan         -nan

DFE_OFF_CONF_ON_LATE_BTB_HIT_CYCLES                  0                              0              

DFE_OFF_CONF_ON_NOT_IDENTIFIED_FETCH_TARGETS             0         -nan%                0         -nan%
DFE_OFF_CONF_ON_IBTB_MISS_FETCH_TARGETS              0         -nan%                0         -nan%
DFE_OFF_CONF_ON_BTB_MISS_FETCH_TARGETS               0         -nan%                0         -nan%
DFE_OFF_CONF_ON_BTB_MISS_RECOVER_AT_EXEC_FETCH_TARGETS             0         -nan%                0         -nan%
DFE_OFF_CONF_ON_RECOVER_AT_EXEC_FETCH_TARGETS             0         -nan%                0         -nan%
DFE_OFF_CONF_ON_RECOVER_AT_DECODE_FETCH_TARGETS             0         -nan%                0         -nan%
                                                     0         -nan%                0         -nan%
                                                  -nan         -nan              -nan         -nan

DFE_OFF_CONF_ON_LATE_BTB_HIT_FETCH_TARGETS             0                              0              

DFE_OFF_CONF_ON_BP_INCORRECT_0_CONF                  0         -nan%                0         -nan%
DFE_OFF_CONF_ON_BP_INCORRECT_1_CONF                  0         -nan%                0         -nan%
DFE_OFF_CONF_ON_BP_INCORRECT_2_CONF                  0         -nan%                0         -nan%
DFE_OFF_CONF_ON_BP_INCORRECT_3_CONF                  0         -nan%                0         -nan%
                                                     0         -nan%                0         -nan%
                                                  -nan         -nan              -nan         -nan

DFE_OFF_CONF_ON_BTB_MISS_CBR_0_CONF                  0         -nan%                0         -nan%
DFE_OFF_CONF_ON_BTB_MISS_CBR_1_CONF                  0         -nan%                0         -nan%
DFE_OFF_CONF_ON_BTB_MISS_CBR_2_CONF                  0         -nan%                0         -nan%
DFE_OFF_CONF_ON_BTB_MISS_CBR_3_CONF                  0         -nan%                0         -nan%
                                                     0         -nan%                0         -nan%
                                                  -nan         -nan              -nan         -nan

DFE_OFF_CONF_ON_BTB_MISS_NOT_CF                      0         -nan%                0         -nan%
DFE_OFF_CONF_ON_BTB_MISS_CF_BR                       0         -nan%                0         -nan%
DFE_OFF_CONF_ON_BTB_MISS_CF_CBR                      0         -nan%                0         -nan%
DFE_OFF_CONF_ON_BTB_MISS_CF_CALL                     0         -nan%                0         -nan%
DFE_OFF_CONF_ON_BTB_MISS_CF_IBR                      0         -nan%                0         -nan%
DFE_OFF_CONF_ON_BTB_MISS_CF_ICALL                    0         -nan%                0         -nan%
DFE_OFF_CONF_ON_BTB_MISS_CF_ICO                      0         -nan%                0         -nan%
DFE_OFF_CONF_ON_BTB_MISS_CF_RET                      0         -nan%                0         -nan%
DFE_OFF_CONF_ON_BTB_MISS_CF_SYS                      0         -nan%                0         -nan%
                                                     0         -nan%                0         -nan%
                                                  -nan         -nan              -nan         -nan

DFE_ON_CONF_OFF_NUM_EVENTS                           0                              0              

CONF_BTB_NUM_CYCLES_OFF_PATH_EVENT                   0                              0              

DFE_ON_CONF_OFF_IBTB_MISS_BP_TAKEN                   0         -nan%                0         -nan%
DFE_ON_CONF_OFF_BTB_MISS_BP_TAKEN_CONF_0             0         -nan%                0         -nan%
DFE_ON_CONF_OFF_BTB_MISS_BP_TAKEN_CONF_1             0         -nan%                0         -nan%
DFE_ON_CONF_OFF_BTB_MISS_BP_TAKEN_CONF_2             0         -nan%                0         -nan%
DFE_ON_CONF_OFF_BTB_MISS_BP_TAKEN_CONF_3             0         -nan%                0         -nan%
DFE_ON_CONF_OFF_BTB_MISS_RATE                        0         -nan%                0         -nan%
DFE_ON_CONF_OFF_IBTB_MISS_RATE                       0         -nan%                0         -nan%
DFE_ON_CONF_OFF_RECOVER_AT_DECODE_RATE               0         -nan%                0         -nan%
DFE_ON_CONF_OFF_RECOVER_AT_EXEC_RATE                 0         -nan%                0         -nan%
DFE_ON_CONF_OFF_INV_CONF_INC                         0         -nan%                0         -nan%
DFE_ON_CONF_OFF_PERFECT_CONF                         0         -nan%                0         -nan%
                                                     0         -nan%                0         -nan%
                                                  -nan         -nan              -nan         -nan

DFE_ON_CONF_OFF_IBTB_MISS_BP_TAKEN_CYCLES             0         -nan%                0         -nan%
DFE_ON_CONF_OFF_BTB_MISS_BP_TAKEN_CONF_0_CYCLES             0         -nan%                0         -nan%
DFE_ON_CONF_OFF_BTB_MISS_BP_TAKEN_CONF_1_CYCLES             0         -nan%                0         -nan%
DFE_ON_CONF_OFF_BTB_MISS_BP_TAKEN_CONF_2_CYCLES             0         -nan%                0         -nan%
DFE_ON_CONF_OFF_BTB_MISS_BP_TAKEN_CONF_3_CYCLES             0         -nan%                0         -nan%
DFE_ON_CONF_OFF_BTB_MISS_RATE_CYCLES                 0         -nan%                0         -nan%
DFE_ON_CONF_OFF_IBTB_MISS_RATE_CYCLES                0         -nan%                0         -nan%
DFE_ON_CONF_OFF_RECOVER_AT_DECODE_RATE_CYCLES             0         -nan%                0         -nan%
DFE_ON_CONF_OFF_RECOVER_AT_EXEC_RATE_CYCLES             0         -nan%                0         -nan%
DFE_ON_CONF_OFF_INV_CONF_INC_CYCLES                  0         -nan%                0         -nan%
DFE_ON_CONF_OFF_PERFECT_CONF_CYCLES                  0         -nan%                0         -nan%
                                                     0         -nan%                0         -nan%
                                                  -nan         -nan              -nan         -nan

DFE_ON_CONF_OFF_IBTB_MISS_BP_TAKEN_FETCH_TARGETS             0         -nan%                0         -nan%
DFE_ON_CONF_OFF_BTB_MISS_BP_TAKEN_CONF_0_FETCH_TARGETS             0         -nan%                0         -nan%
DFE_ON_CONF_OFF_BTB_MISS_BP_TAKEN_CONF_1_FETCH_TARGETS             0         -nan%                0         -nan%
DFE_ON_CONF_OFF_BTB_MISS_BP_TAKEN_CONF_2_FETCH_TARGETS             0         -nan%                0         -nan%
DFE_ON_CONF_OFF_BTB_MISS_BP_TAKEN_CONF_3_FETCH_TARGETS             0         -nan%                0         -nan%
DFE_ON_CONF_OFF_BTB_MISS_RATE_FETCH_TARGETS             0         -nan%                0         -nan%
DFE_ON_CONF_OFF_IBTB_MISS_RATE_FETCH_TARGETS             0         -nan%                0         -nan%
DFE_ON_CONF_OFF_RECOVER_AT_DECODE_RATE_FETCH_TARGETS             0         -nan%                0         -nan%
DFE_ON_CONF_OFF_RECOVER_AT_EXEC_RATE_FETCH_TARGETS             0         -nan%                0         -nan%
DFE_ON_CONF_OFF_INV_CONF_INC_FETCH_TARGETS             0         -nan%                0         -nan%
DFE_ON_CONF_OFF_PERFECT_CONF_FETCH_TARGETS             0         -nan%                0         -nan%
                                                     0         -nan%                0         -nan%
                                                  -nan         -nan              -nan         -nan

CONF_OFF_IBTB_MISS_BP_TAKEN                          0         -nan%                0         -nan%
CONF_OFF_BTB_MISS_BP_TAKEN_CONF_0                    0         -nan%                0         -nan%
CONF_OFF_BTB_MISS_BP_TAKEN_CONF_1                    0         -nan%                0         -nan%
CONF_OFF_BTB_MISS_BP_TAKEN_CONF_2                    0         -nan%                0         -nan%
CONF_OFF_BTB_MISS_BP_TAKEN_CONF_3                    0         -nan%                0         -nan%
CONF_OFF_BTB_MISS_RATE                               0         -nan%                0         -nan%
CONF_OFF_IBTB_MISS_RATE                              0         -nan%                0         -nan%
CONF_OFF_RECOVER_AT_DECODE_RATE                      0         -nan%                0         -nan%
CONF_OFF_RECOVER_AT_EXEC_RATE                        0         -nan%                0         -nan%
CONF_OFF_INV_CONF_INC                                0         -nan%                0         -nan%
CONF_OFF_PERFECT_CONF                                0         -nan%                0         -nan%
                                                     0         -nan%                0         -nan%
                                                  -nan         -nan              -nan         -nan

TOPDOWN_TOTAL_SLOTS                           51073014                      101915652              

TOPDOWN_ISSUED_SLOTS                          13007388                       26088828              

TOPDOWN_RETIRED_SLOTS                         11370755                       22729223              

TOPDOWN_FETCH_BUBBLES_SLOTS                     916206                        1940133              

TOPDOWN_RECOVERY_BUBBLES_SLOTS                  311344                         635335              

TOPDOWN_MEM_LOAD_STALLS_CYCLES                 5978194                       11880485              

TOPDOWN_MEM_STORE_STALLS_CYCLES                     84                            194              

TOPDOWN_EXEC_STALLS_CYCLES                      241768                         552687              

TOPDOWN_BACKEND_STALLS_CYCLES                  5978593                       11881318              

TOPDOWN_FETCH_BUBBLES_GT_MIW_CYCLES              61207                         136133              

TOPDOWN_BR_RECOVER_AT_EXEC_RETIRED_CYCLES         10894                          22797              

TOPDOWN_MACHINE_CLEAR_CYCLES                    186917                         377813              

TOPDOWN_FRONTEND_BOUND                             179                            179              

TOPDOWN_BACKEND_BOUND                             7214                           7214              

TOPDOWN_BAD_SPEC_BOUND                             381                            381              

TOPDOWN_RETIRING_BOUND                            2226                           2226              

TOPDOWN_FETCH_LATENCY_BOUND                         71                             71              

TOPDOWN_FETCH_BANDWIDTH_BOUND                      108                            108              

TOPDOWN_MEM_BOUND                                 7213                           7213              

TOPDOWN_CORE_BOUND                                   1                              1              

TOPDOWN_BR_RECOVER_AT_EXEC_BOUND                    20                             20              

TOPDOWN_MACHINE_CLEARS_BOUND                       361                            361              



