Scarab gitrev: 6deb50d
Warning: Scarab expects the trace file type to include OFFLINE_FILE_TYPE_ARCH_REGDEPS (0x20000), but got type: 0xe40
Scarab started at Thu May  7 05:07:48 2026

Initialized Ramulator. 
** Heartbeat:   5% -- { 1000000 } -- 0.00 KIPS (250.00 KIPS)
** Heartbeat:  10% -- { 2000004 } -- 200.00 KIPS (222.22 KIPS)
** Heartbeat:  15% -- { 3000007 } -- 166.67 KIPS (200.00 KIPS)
** Heartbeat:  20% -- { 4000010 } -- 250.00 KIPS (210.53 KIPS)
** Heartbeat:  25% -- { 5000013 } -- 166.67 KIPS (200.00 KIPS)
** Heartbeat:  30% -- { 6000014 } -- 142.86 KIPS (187.50 KIPS)
** Heartbeat:  35% -- { 7000017 } -- 333.33 KIPS (200.00 KIPS)
** Heartbeat:  40% -- { 8000019 } -- 142.86 KIPS (190.48 KIPS)
** Heartbeat:  45% -- { 9000019 } -- 166.67 KIPS (187.50 KIPS)
** Heartbeat:  50% -- { 10000019 } -- 250.00 KIPS (192.31 KIPS)
** Heartbeat:  55% -- { 11000020 } -- 125.00 KIPS (183.33 KIPS)
** Heartbeat:  60% -- { 12000022 } -- 250.00 KIPS (187.50 KIPS)
** Heartbeat:  65% -- { 13000024 } -- 200.00 KIPS (188.41 KIPS)
** Heartbeat:  70% -- { 14000027 } -- 142.86 KIPS (184.21 KIPS)
** Heartbeat:  75% -- { 15000029 } -- 250.00 KIPS (187.50 KIPS)
** Heartbeat:  80% -- { 16000032 } -- 166.67 KIPS (186.05 KIPS)
** Heartbeat:  85% -- { 17000035 } -- 142.86 KIPS (182.80 KIPS)
** Heartbeat:  90% -- { 18000035 } -- 250.00 KIPS (185.57 KIPS)
** Heartbeat:  95% -- { 19000037 } -- 142.86 KIPS (182.69 KIPS)
Reached end of trace (last_inst) pc=0x7ffff3c7fa4f
** Core 0 Finished:    insts:19999999    cycles:19600640    time:6125200000000       -- 1.02 IPC (1.02 IPC) --  N/A  KIPS (183.49 KIPS)
Scarab finished at Thu May  7 05:09:37 2026

