/* -*- Mode: c -*- */
####################################################################################################
Core 0
####################################################################################################
Cumulative:        Cycles: 28225085              Instructions: 19999999              IPC: 0.70859

Periodic:          Cycles: 12900671              Instructions: 9999996               IPC: 0.77515

DCACHE_PREF_HIT                                      0                              0              

IFETCH_WB_FIRST_SCHEDULE                             0         -nan%                0         -nan%
PREFETCH_LAST_SCHEDULE                               0         -nan%                0         -nan%
DEMAND_PASS_PREF_SCHEDULE                            0         -nan%                0         -nan%
DEMAND_PASS_LOW_OP_SCHEDULE                          0         -nan%                0         -nan%
DEMAND_LAST_SCHEDULE                                 0         -nan%                0         -nan%
                                                     0         -nan%                0         -nan%
                                                  -nan         -nan              -nan         -nan

SEND_MISS_REQ_QUEUE                             445037                         852435              

L1_DATA_EVICT                                   445038                         819669              

STREAM_BUFFER_REQ                                    0                              0              

PREF_SEND_TO_MEM_REQ                                 0         -nan%                0         -nan%
PREF_SEND_TO_MEM_REQ_FAIL                            0         -nan%                0         -nan%
                                                     0         -nan%                0         -nan%
                                                  -nan         -nan              -nan         -nan

HIT_TRAIN_STREAM                                161039       72.743%           288458       61.256%
MISS_TRAIN_STREAM                                60343       27.257%           182445       38.744%
                                                221382      100.000%           470903      100.000%
                                                  0.27         0.41              0.39         0.45

STREAM_TRAIN_CREATE                              19985                          61620              

MEM_REQ_MISS_HWP_PREF_Q                              0         -nan%                0         -nan%
MEM_REQ_MISS_SW_PREF_Q                               0         -nan%                0         -nan%
MEM_REQ_MISS_IFETCH_Q                                0         -nan%                0         -nan%
MEM_REQ_MISS_DFETCH_Q                                0         -nan%                0         -nan%
MEM_REQ_MISS_DSTORE_Q                                0         -nan%                0         -nan%
MEM_REQ_MISS_DPRF_Q                                  0         -nan%                0         -nan%
MEM_REQ_MISS_WB_Q                                    0         -nan%                0         -nan%
                                                     0         -nan%                0         -nan%
                                                  -nan         -nan              -nan         -nan

PREF_HIT_BY_DEMAND_IFETCH                            0         -nan%                0         -nan%
PREF_HIT_BY_DEMAND_DFETCH                            0         -nan%                0         -nan%
PREF_HIT_BY_DEMAND_DSTORE                            0         -nan%                0         -nan%
PREF_HIT_BY_DEMAND_IPREF                             0         -nan%                0         -nan%
PREF_HIT_BY_DEMAND_DPRF                              0         -nan%                0         -nan%
PREF_HIT_BY_DEMAND_WB                                0         -nan%                0         -nan%
PREF_HIT_BY_PREF                                     0         -nan%                0         -nan%
                                                     0         -nan%                0         -nan%
                                                  -nan         -nan              -nan         -nan

PREF_HIT_DEMAND_IFETCH                               0         -nan%                0         -nan%
PREF_HIT_DEMAND_DFETCH                               0         -nan%                0         -nan%
PREF_HIT_DEMAND_DSTORE                               0         -nan%                0         -nan%
PREF_HIT_DEMAND_IPREF                                0         -nan%                0         -nan%
PREF_HIT_DEMAND_DPRF                                 0         -nan%                0         -nan%
PREF_HIT_DEMAND_WB                                   0         -nan%                0         -nan%
                                                     0         -nan%                0         -nan%
                                                  -nan         -nan              -nan         -nan

PREF_L1_FILL                                         0         -nan%                0         -nan%
DEMAND_L1_FILL                                       0         -nan%                0         -nan%
                                                     0         -nan%                0         -nan%
                                                  -nan         -nan              -nan         -nan

TOUCH_L1_REPLACE                                     0        0.000%                0        0.000%
NO_TOUCH_L1_REPLACE                             445038      100.000%           819669      100.000%
                                                445038      100.000%           819669      100.000%
                                                  1.00         1.00              1.00         1.00

PREF_REQ_QUE_FULL                                    0                              0              

STREAM_REQ_QUEUE_HIT_BY_DEMAND                       0                              0              

L2HIT_STREAM_PREF_REQ_QUE_FULL                       0                              0              

L2HIT_HIT_TRAIN_STREAM                               0         -nan%                0         -nan%
L2HIT_MISS_TRAIN_STREAM                              0         -nan%                0         -nan%
                                                     0         -nan%                0         -nan%
                                                  -nan         -nan              -nan         -nan

L2HIT_STREAM_TRAIN_CREATE                            0                              0              

L2HIT_STREAM_BUFFER_REQ                              0                              0              

L2HIT_STREAM_PREF_DCACHE_HIT                         0         -nan%                0         -nan%
L2HIT_STREAM_PREF_DCACHE_INSERT                      0         -nan%                0         -nan%
L2HIT_STREAM_L2_MISS                                 0         -nan%                0         -nan%
                                                     0         -nan%                0         -nan%
                                                  -nan         -nan              -nan         -nan

L2HIT_STREAM_DCACHE_PORT_FULL                        0                              0              

L2HIT_STREAM_PREF_L1_PORT_FULL                       0                              0              

L2HIT_TRAIN_HIT_DEMAND                               0         -nan%                0         -nan%
L2HIT_TRAIN_MISS_REQ                                 0         -nan%                0         -nan%
                                                     0         -nan%                0         -nan%
                                                  -nan         -nan              -nan         -nan

L2HIT_TRAIN_FILTER_MISS                              0         -nan%                0         -nan%
L2HIT_TRAIN_FILTER_HIT                               0         -nan%                0         -nan%
                                                     0         -nan%                0         -nan%
                                                  -nan         -nan              -nan         -nan

L2HIT_PREF_REQ_DCACHE_HIT                            0         -nan%                0         -nan%
L2HIT_PREF_REQ_DCACHE_MISS                           0         -nan%                0         -nan%
                                                     0         -nan%                0         -nan%
                                                  -nan         -nan              -nan         -nan

L2HIT_L2SEND_Q_FULL                                  0         -nan%                0         -nan%
L2HIT_L2SEND_Q_ENTER                                 0         -nan%                0         -nan%
                                                     0         -nan%                0         -nan%
                                                  -nan         -nan              -nan         -nan

L2HIT_MEM_REQ                                        0                              0              

REMOVE_REDUNDANT_STREAM_STAT                         0                              0              

REPLACE_OLD_STREAM                               19985                          61604              

REQ_SEND_QUEUE_STALL                                 0                              0              

STREAM_ENTER_RA                                      0                              0              

CORE_STREAM_LENGTH_0                              2926       27.193%            13387       43.616%
CORE_STREAM_LENGTH_10                             2499       23.225%             7405       24.126%
CORE_STREAM_LENGTH_20                             1355       12.593%             3323       10.827%
CORE_STREAM_LENGTH_30                              391        3.634%              737        2.401%
CORE_STREAM_LENGTH_40                              585        5.437%              990        3.225%
CORE_STREAM_LENGTH_50                              417        3.875%              716        2.333%
CORE_STREAM_LENGTH_60                              387        3.597%              632        2.059%
CORE_STREAM_LENGTH_70                              318        2.955%              527        1.717%
CORE_STREAM_LENGTH_80                              252        2.342%              412        1.342%
CORE_STREAM_LENGTH_90                              276        2.565%              407        1.326%
CORE_STREAM_LENGTH_100_P                          1354       12.584%             2157        7.028%
                                                 10760      100.000%            30693      100.000%
                                                  3.10         3.28              1.95         2.71

CORE_CUM_STREAM_LENGTH_0                         16730        3.683%            75860        8.867%
CORE_CUM_STREAM_LENGTH_10                        36596        8.055%           108431       12.675%
CORE_CUM_STREAM_LENGTH_20                        32407        7.133%            77730        9.086%
CORE_CUM_STREAM_LENGTH_30                        13360        2.941%            25255        2.952%
CORE_CUM_STREAM_LENGTH_40                        26255        5.779%            44305        5.179%
CORE_CUM_STREAM_LENGTH_50                        22812        5.021%            39106        4.571%
CORE_CUM_STREAM_LENGTH_60                        24851        5.470%            40538        4.739%
CORE_CUM_STREAM_LENGTH_70                        23532        5.180%            38994        4.558%
CORE_CUM_STREAM_LENGTH_80                        21303        4.689%            34860        4.075%
CORE_CUM_STREAM_LENGTH_90                        26148        5.756%            38534        4.504%
CORE_CUM_STREAM_LENGTH_100_P                    210307       46.292%           331878       38.794%
                                                454301      100.000%           855491      100.000%
                                                  7.01         5.75              6.05         5.11

CORE_STREAM_TRAIN_HITS_0                          5548       51.561%            21243       69.211%
CORE_STREAM_TRAIN_HITS_10                         2489       23.132%             4995       16.274%
CORE_STREAM_TRAIN_HITS_20                          753        6.998%             1243        4.050%
CORE_STREAM_TRAIN_HITS_30                          552        5.130%              909        2.962%
CORE_STREAM_TRAIN_HITS_40                          402        3.736%              667        2.173%
CORE_STREAM_TRAIN_HITS_50                          309        2.872%              499        1.626%
CORE_STREAM_TRAIN_HITS_60                          207        1.924%              334        1.088%
CORE_STREAM_TRAIN_HITS_70                          159        1.478%              256        0.834%
CORE_STREAM_TRAIN_HITS_80                          107        0.994%              175        0.570%
CORE_STREAM_TRAIN_HITS_90                           72        0.669%              119        0.388%
CORE_STREAM_TRAIN_HITS_100_P                       162        1.506%              253        0.824%
                                                 10760      100.000%            30693      100.000%
                                                  1.33         1.94              0.79         1.61

CORE_CUM_STREAM_TRAIN_HITS_0                     34466       16.887%           125260       30.460%
CORE_CUM_STREAM_TRAIN_HITS_10                    33328       16.330%            64735       15.742%
CORE_CUM_STREAM_TRAIN_HITS_20                    18521        9.075%            30543        7.427%
CORE_CUM_STREAM_TRAIN_HITS_30                    18938        9.279%            31278        7.606%
CORE_CUM_STREAM_TRAIN_HITS_40                    17734        8.689%            29495        7.172%
CORE_CUM_STREAM_TRAIN_HITS_50                    16787        8.225%            27135        6.598%
CORE_CUM_STREAM_TRAIN_HITS_60                    13296        6.515%            21457        5.218%
CORE_CUM_STREAM_TRAIN_HITS_70                    11794        5.779%            19000        4.620%
CORE_CUM_STREAM_TRAIN_HITS_80                     8988        4.404%            14672        3.568%
CORE_CUM_STREAM_TRAIN_HITS_90                     6778        3.321%            11200        2.724%
CORE_CUM_STREAM_TRAIN_HITS_100_P                 23465       11.497%            36455        8.865%
                                                204095      100.000%           411230      100.000%
                                                  3.98         3.21              3.20         2.99

CORE_STREAM_TRAIN_CREATE                         19985                          61620              



