Scarab gitrev: 6deb50d
Warning: Scarab expects the trace file type to include OFFLINE_FILE_TYPE_ARCH_REGDEPS (0x20000), but got type: 0xe40
Scarab started at Thu May  7 04:57:31 2026

Initialized Ramulator. 
** Heartbeat:   5% -- { 1000000 } -- 0.00 KIPS (200.00 KIPS)
** Heartbeat:  10% -- { 2000002 } -- 200.00 KIPS (200.00 KIPS)
** Heartbeat:  15% -- { 3000002 } -- 166.67 KIPS (187.50 KIPS)
** Heartbeat:  20% -- { 4000006 } -- 166.67 KIPS (181.82 KIPS)
** Heartbeat:  25% -- { 5000007 } -- 166.67 KIPS (178.57 KIPS)
** Heartbeat:  30% -- { 6000007 } -- 166.67 KIPS (176.47 KIPS)
** Heartbeat:  35% -- { 7000008 } -- 142.86 KIPS (170.73 KIPS)
** Heartbeat:  40% -- { 8000009 } -- 142.86 KIPS (166.67 KIPS)
** Heartbeat:  45% -- { 9000011 } -- 166.67 KIPS (166.67 KIPS)
** Heartbeat:  50% -- { 10000012 } -- 142.86 KIPS (163.93 KIPS)
** Heartbeat:  55% -- { 11000015 } -- 142.86 KIPS (161.76 KIPS)
** Heartbeat:  60% -- { 12000015 } -- 166.67 KIPS (162.16 KIPS)
** Heartbeat:  65% -- { 13000015 } -- 166.67 KIPS (162.50 KIPS)
** Heartbeat:  70% -- { 14000018 } -- 166.67 KIPS (162.79 KIPS)
** Heartbeat:  75% -- { 15000020 } -- 166.67 KIPS (163.04 KIPS)
** Heartbeat:  80% -- { 16000023 } -- 166.67 KIPS (163.27 KIPS)
** Heartbeat:  85% -- { 17000024 } -- 142.86 KIPS (161.90 KIPS)
** Heartbeat:  90% -- { 18000024 } -- 166.67 KIPS (162.16 KIPS)
** Heartbeat:  95% -- { 19000024 } -- 200.00 KIPS (163.79 KIPS)
Reached end of trace (last_inst) pc=0x7fffee8e9d7c
** Core 0 Finished:    insts:19999999    cycles:34909439    time:10909199687500      -- 0.57 IPC (0.57 IPC) --  N/A  KIPS (163.93 KIPS)
Scarab finished at Thu May  7 04:59:33 2026

