Scarab gitrev: 4a1223f
Warning: Scarab expects the trace file type to include OFFLINE_FILE_TYPE_ARCH_REGDEPS (0x20000), but got type: 0xe40
Scarab started at Fri Apr 24 02:54:18 2026

Initialized Ramulator. 
** Heartbeat:   5% -- { 1000001 } -- 0.00 KIPS (333.33 KIPS)
** Heartbeat:  10% -- { 2000001 } -- 250.00 KIPS (285.71 KIPS)
** Heartbeat:  15% -- { 3000002 } -- 333.33 KIPS (300.00 KIPS)
** Heartbeat:  20% -- { 4000003 } -- 250.00 KIPS (285.71 KIPS)
** Heartbeat:  25% -- { 5000003 } -- 333.33 KIPS (294.12 KIPS)
** Heartbeat:  30% -- { 6000003 } -- 250.00 KIPS (285.71 KIPS)
** Heartbeat:  35% -- { 7000003 } -- 250.00 KIPS (280.00 KIPS)
** Heartbeat:  40% -- { 8000004 } -- 333.33 KIPS (285.71 KIPS)
** Heartbeat:  45% -- { 9000004 } -- 250.00 KIPS (281.25 KIPS)
** Heartbeat:  50% -- { 10000004 } -- 333.33 KIPS (285.71 KIPS)
** Heartbeat:  55% -- { 11000004 } -- 250.00 KIPS (282.05 KIPS)
** Heartbeat:  60% -- { 12000004 } -- 333.33 KIPS (285.71 KIPS)
** Heartbeat:  65% -- { 13000005 } -- 250.00 KIPS (282.61 KIPS)
** Heartbeat:  70% -- { 14000005 } -- 250.00 KIPS (280.00 KIPS)
** Heartbeat:  75% -- { 15000005 } -- 333.33 KIPS (283.02 KIPS)
** Heartbeat:  80% -- { 16000005 } -- 250.00 KIPS (280.70 KIPS)
** Heartbeat:  85% -- { 17000005 } -- 333.33 KIPS (283.33 KIPS)
** Heartbeat:  90% -- { 18000006 } -- 250.00 KIPS (281.25 KIPS)
** Heartbeat:  95% -- { 19000006 } -- 333.33 KIPS (283.58 KIPS)
Reached end of trace (last_inst) pc=0x7ffff3dbf7db
** Core 0 Finished:    insts:19999999    cycles:16283943    time:5088732187500       -- 1.23 IPC (1.23 IPC) --  N/A  KIPS (281.69 KIPS)
Scarab finished at Fri Apr 24 02:55:29 2026

