Scarab gitrev: 6deb50d
Warning: Scarab expects the trace file type to include OFFLINE_FILE_TYPE_ARCH_REGDEPS (0x20000), but got type: 0xe40
Scarab started at Thu May  7 04:53:48 2026

Initialized Ramulator. 
** Heartbeat:   5% -- { 1000001 } -- 0.00 KIPS (142.86 KIPS)
** Heartbeat:  10% -- { 2000001 } -- 166.67 KIPS (153.85 KIPS)
** Heartbeat:  15% -- { 3000003 } -- 166.67 KIPS (157.89 KIPS)
** Heartbeat:  20% -- { 4000005 } -- 166.67 KIPS (160.00 KIPS)
** Heartbeat:  25% -- { 5000008 } -- 166.67 KIPS (161.29 KIPS)
** Heartbeat:  30% -- { 6000010 } -- 166.67 KIPS (162.16 KIPS)
** Heartbeat:  35% -- { 7000014 } -- 142.86 KIPS (159.09 KIPS)
** Heartbeat:  40% -- { 8000015 } -- 166.67 KIPS (160.00 KIPS)
** Heartbeat:  45% -- { 9000018 } -- 142.86 KIPS (157.90 KIPS)
** Heartbeat:  50% -- { 10000018 } -- 142.86 KIPS (156.25 KIPS)
** Heartbeat:  55% -- { 11000019 } -- 166.67 KIPS (157.14 KIPS)
** Heartbeat:  60% -- { 12000020 } -- 142.86 KIPS (155.84 KIPS)
** Heartbeat:  65% -- { 13000024 } -- 142.86 KIPS (154.76 KIPS)
** Heartbeat:  70% -- { 14000029 } -- 166.67 KIPS (155.56 KIPS)
** Heartbeat:  75% -- { 15000030 } -- 142.86 KIPS (154.64 KIPS)
** Heartbeat:  80% -- { 16000035 } -- 142.86 KIPS (153.85 KIPS)
** Heartbeat:  85% -- { 17000038 } -- 142.86 KIPS (153.15 KIPS)
** Heartbeat:  90% -- { 18000043 } -- 142.86 KIPS (152.54 KIPS)
** Heartbeat:  95% -- { 19000047 } -- 142.86 KIPS (152.00 KIPS)
Reached end of trace (last_inst) pc=0x7ffff13ac618
** Core 0 Finished:    insts:19999999    cycles:21206221    time:6626944062500       -- 0.94 IPC (0.94 IPC) --  N/A  KIPS (151.52 KIPS)
Scarab finished at Thu May  7 04:56:00 2026

