/* -*- Mode: c -*- */
####################################################################################################
Core 0
####################################################################################################
Cumulative:        Cycles: 22202122              Instructions: 19999999              IPC: 0.90081

Periodic:          Cycles: 11101314              Instructions: 9999998               IPC: 0.90079

MISS_WAIT_TIME                             17979116101                    23413345823              

ICACHE_STAGE_MISS                                 1200                           2950              

ICACHE_CYCLE                                  11101314                       22202122              

TCACHE_CYCLE                                         0                              0              

ICACHE_SERVING_CYCLE_ON_PATH                   3064374                        5997823              

ICACHE_SERVING_CYCLE_OFF_PATH                  1068742                        2215166              

UCACHE_SERVING_CYCLE_ON_PATH                   2740919                        5438311              

UCACHE_SERVING_CYCLE_OFF_PATH                  4102614                        8287847              

ICACHE_CYCLE_ONPATH                            5858118       52.770%         11547584       52.011%
ICACHE_CYCLE_OFFPATH                           5243196       47.230%         10654538       47.989%
                                              11101314      100.000%         22202122      100.000%
                                                  0.47         0.49              0.48         0.49

FETCH_ON_PATH                                  5921428       53.340%         11675323       52.587%
FETCH_OFF_PATH                                 5179886       46.660%         10526799       47.413%
                                              11101314      100.000%         22202122      100.000%
                                                  0.47         0.48              0.47         0.49

FETCHED_OPS_ON_PATH                                  0         -nan%                0         -nan%
FETCHED_OPS_OFF_PATH                                 0         -nan%                0         -nan%
                                                     0         -nan%                0         -nan%
                                                  -nan         -nan              -nan         -nan

INST_LOST_FETCH                               12906812       26.982%         25810996       27.075%
INST_LOST_OFF_PATH                            12064669       25.222%         24647355       25.855%
INST_LOST_FULL_WINDOW                           446675        0.934%           885550        0.929%
INST_LOST_ROB_STALL_OTHER                       751855        1.572%          1487870        1.561%
INST_LOST_ROB_STALL_WAIT_FOR_RECOVERY                0        0.000%                0        0.000%
INST_LOST_ROB_STALL_WAIT_FOR_REDIRECT                0        0.000%                0        0.000%
INST_LOST_ROB_STALL_WAIT_FOR_GAP_FILL                0        0.000%                0        0.000%
INST_LOST_ROB_STALL_WAIT_FOR_L1_MISS                 0        0.000%                0        0.000%
INST_LOST_ROB_STALL_WAIT_FOR_MEMORY                 35        0.000%              120        0.000%
INST_LOST_ROB_STALL_WAIT_FOR_DC_MISS          15611885       32.637%         30331344       31.817%
INST_LOST_ROB_BLOCK_ISSUE_FULL                       0        0.000%                0        0.000%
INST_LOST_ROB_BLOCK_ISSUE_GAP_TOO_LARGE              0        0.000%                0        0.000%
INST_LOST_BREAK_DONT                                 0        0.000%                0        0.000%
INST_LOST_BREAK_FT_UNAVAILABLE                  358643        0.750%           722441        0.758%
INST_LOST_BREAK_ICACHE_STAGE_RESTEER              9166        0.019%            15352        0.016%
INST_LOST_BREAK_ICACHE_MISS_REQ_SUCCESS           4568        0.010%            11294        0.012%
INST_LOST_BREAK_ICACHE_MISS_REQ_FAILURE            313        0.001%              314        0.000%
INST_LOST_BREAK_ICACHE_WAIT_FOR_MISS            258475        0.540%           581572        0.610%
INST_LOST_BREAK_ICACHE_STALLED                 1179888        2.467%          2311340        2.425%
INST_LOST_BREAK_ICACHE_TO_UOP_CACHE_SWITCH        547662        1.145%          1092874        1.146%
INST_LOST_BREAK_ICACHE_READ_LIMIT               288587        0.603%           583456        0.612%
INST_LOST_BREAK_ICACHE_ISSUE_WIDTH                   0        0.000%                0        0.000%
INST_LOST_BREAK_UOP_CACHE_STALLED              1592278        3.329%          3156535        3.311%
INST_LOST_BREAK_UOP_CACHE_TO_ICACHE_SWITCH        589622        1.233%          1179886        1.238%
INST_LOST_BREAK_UOP_CACHE_READ_LIMIT           1223355        2.557%          2512069        2.635%
INST_LOST_BREAK_UOP_CACHE_ISSUE_WIDTH                0        0.000%                0        0.000%
                                              47834488      100.000%         95330368      100.000%
                                                  5.86         6.17              5.82         6.21

INST_LOST_TOTAL                               62129700                      124313036              

INST_LOST_WAIT_FOR_ICACHE_MISS_NOT_PREFETCHED          5580        2.550%            50525       10.823%
INST_LOST_WAIT_FOR_ICACHE_MISS_PREFETCHED_AND_EVICTED_BY_IFETCH             0        0.000%                0        0.000%
INST_LOST_WAIT_FOR_ICACHE_MISS_PREFETCHED_AND_EVICTED_BY_FDIP             0        0.000%                0        0.000%
INST_LOST_WAIT_FOR_ICACHE_MISS_MSHR_HIT_PREF_OFFPATH          4630        2.116%             6765        1.449%
INST_LOST_WAIT_FOR_ICACHE_MISS_MSHR_HIT_PREF_ONPATH        208650       95.335%           409520       87.727%
                                                218860      100.000%           466810      100.000%
                                                  3.88         3.79              3.55         3.35

FETCH_0_OPS                                     124323        1.120%           262297        1.181%
FETCH_1_OPS                                     294068        2.649%           589015        2.653%
FETCH_2_OPS                                     404243        3.641%           804248        3.622%
FETCH_3_OPS                                     472401        4.255%           937262        4.221%
FETCH_4_OPS                                     539891        4.863%          1101850        4.963%
FETCH_5_OPS                                    4200506       37.838%          8315494       37.454%
FETCH_6_OPS                                    5065882       45.633%         10191956       45.905%
FETCH_7_OPS                                          0        0.000%                0        0.000%
FETCH_8_OPS                                          0        0.000%                0        0.000%
FETCH_9_OPS                                          0        0.000%                0        0.000%
FETCH_10_OPS                                         0        0.000%                0        0.000%
FETCH_11_OPS                                         0        0.000%                0        0.000%
FETCH_12_OPS                                         0        0.000%                0        0.000%
FETCH_13_OPS                                         0        0.000%                0        0.000%
FETCH_14_OPS                                         0        0.000%                0        0.000%
FETCH_15_OPS                                         0        0.000%                0        0.000%
FETCH_16_OPS                                         0        0.000%                0        0.000%
                                              11101314      100.000%         22202122      100.000%
                                                  5.05         1.19              5.05         1.19

ST_BREAK_DONT                                        0        0.000%                0        0.000%
ST_BREAK_FT_UNAVAILABLE                          71819        0.647%           144678        0.652%
ST_BREAK_ICACHE_STAGE_RESTEER                     2729        0.025%             4757        0.021%
ST_BREAK_ICACHE_MISS_REQ_SUCCESS                  1200        0.011%             2950        0.013%
ST_BREAK_ICACHE_MISS_REQ_FAILURE                    63        0.001%               64        0.000%
ST_BREAK_ICACHE_WAIT_FOR_MISS                    51814        0.467%           116541        0.525%
ST_BREAK_ICACHE_STALLED                        2631671       23.706%          5162347       23.252%
ST_BREAK_ICACHE_TO_UOP_CACHE_SWITCH             215598        1.942%           431119        1.942%
ST_BREAK_ICACHE_READ_LIMIT                      137124        1.235%           277338        1.249%
ST_BREAK_ICACHE_ISSUE_WIDTH                    1367832       12.321%          2762880       12.444%
ST_BREAK_UOP_CACHE_STALLED                     3453065       31.105%          6890253       31.034%
ST_BREAK_UOP_CACHE_TO_ICACHE_SWITCH             186542        1.680%           373005        1.680%
ST_BREAK_UOP_CACHE_READ_LIMIT                   582721        5.249%          1194436        5.380%
ST_BREAK_UOP_CACHE_ISSUE_WIDTH                 2399136       21.611%          4841754       21.808%
                                              11101314      100.000%         22202122      100.000%
                                                  9.53         5.14              9.55         5.16

ORACLE_ON_PATH_INST                           12906812       51.686%         25810996       51.153%
ORACLE_OFF_PATH_INST                          12064669       48.314%         24647355       48.847%
                                              24971481      100.000%         50458351      100.000%
                                                  0.48         0.49              0.49         0.49

ORACLE_ON_PATH_INST_MEM                        4814490       19.280%          9633986       19.093%
ORACLE_ON_PATH_INST_NOTMEM                     8092322       32.406%         16177010       32.060%
ORACLE_OFF_PATH_INST_MEM                       4114312       16.476%          8369461       16.587%
ORACLE_OFF_PATH_INST_NOTMEM                    7950357       31.838%         16277894       32.260%
                                              24971481      100.000%         50458351      100.000%
                                                  1.61         1.26              1.62         1.27

ICACHE_CYCLE_NONRA_ONPATH                            0         -nan%                0         -nan%
ICACHE_CYCLE_NONRA_OFFPATH                           0         -nan%                0         -nan%
ICACHE_CYCLE_RA_ONPATH                               0         -nan%                0         -nan%
ICACHE_CYCLE_RA_OFFPATH                              0         -nan%                0         -nan%
                                                     0         -nan%                0         -nan%
                                                  -nan         -nan              -nan         -nan

ICACHE_CYCLE_ONPATH_NONRA                            0         -nan%                0         -nan%
ICACHE_CYCLE_OFFPATH_NONRA                           0         -nan%                0         -nan%
                                                     0         -nan%                0         -nan%
                                                  -nan         -nan              -nan         -nan

ICACHE_CYCLE_ONPATH_RA                               0         -nan%                0         -nan%
ICACHE_CYCLE_OFFPATH_RA                              0         -nan%                0         -nan%
                                                     0         -nan%                0         -nan%
                                                  -nan         -nan              -nan         -nan

INACCURATE_OFFPATH_CYCLES                            0        0.0000                0        0.0000

FETCH_ALL_INST                                24971481                       50458351              

EXEC_ALL_INST                                 17705856                       35620743              

RET_ALL_INST                                  12906866                       25810996              

EXEC_ON_PATH_INST                             12906819       72.896%         25810996       72.461%
EXEC_OFF_PATH_INST                             4799037       27.104%          9809747       27.539%
                                              17705856      100.000%         35620743      100.000%
                                                  0.27         0.40              0.28         0.41

EXEC_ON_PATH_INST_MEM                          4814491       27.192%          9633986       27.046%
EXEC_ON_PATH_INST_NOTMEM                       8092328       45.704%         16177010       45.415%
EXEC_OFF_PATH_INST_MEM                         1716916        9.697%          3496722        9.817%
EXEC_OFF_PATH_INST_NOTMEM                      3082121       17.407%          6313025       17.723%
                                              17705856      100.000%         35620743      100.000%
                                                  1.17         0.95              1.18         0.96

EXEC_RA_INST                                         0         -nan%                0         -nan%
EXEC_NONRA_INST                                      0         -nan%                0         -nan%
                                                     0         -nan%                0         -nan%
                                                  -nan         -nan              -nan         -nan

EXEC_ON_PATH_INST_RA                                 0         -nan%                0         -nan%
EXEC_OFF_PATH_INST_RA                                0         -nan%                0         -nan%
                                                     0         -nan%                0         -nan%
                                                  -nan         -nan              -nan         -nan

EXEC_ON_PATH_INST_NONRA                              0         -nan%                0         -nan%
EXEC_OFF_PATH_INST_NONRA                             0         -nan%                0         -nan%
                                                     0         -nan%                0         -nan%
                                                  -nan         -nan              -nan         -nan

EXEC_RA_ON_PATH_INST                                 0         -nan%                0         -nan%
EXEC_RA_OFF_PATH_INST                                0         -nan%                0         -nan%
EXEC_NONRA_ON_PATH_INST                              0         -nan%                0         -nan%
EXEC_NONRA_OFF_PATH_INST                             0         -nan%                0         -nan%
                                                     0         -nan%                0         -nan%
                                                  -nan         -nan              -nan         -nan

ICACHE_THROTTLE_CYCLE                                0                              0              

FETCH_ENABLE_THROTTLE_OFF_PATH                       0         -nan%                0         -nan%
FETCH_ENABLE_THROTTLE_ON_PATH                        0         -nan%                0         -nan%
                                                     0         -nan%                0         -nan%
                                                  -nan         -nan              -nan         -nan

FETCH_DISABLE_THROTTLE_OFF_PATH                      0         -nan%                0         -nan%
FETCH_DISABLE_THROTTLE_ON_PATH                       0         -nan%                0         -nan%
                                                     0         -nan%                0         -nan%
                                                  -nan         -nan              -nan         -nan

FETCH_TH_ADJUST__0                                   0         -nan%                0         -nan%
FETCH_TH_ADJUST__1                                   0         -nan%                0         -nan%
FETCH_TH_ADJUST__2                                   0         -nan%                0         -nan%
FETCH_TH_ADJUST__3                                   0         -nan%                0         -nan%
FETCH_TH_ADJUST__4                                   0         -nan%                0         -nan%
FETCH_TH_ADJUST__5                                   0         -nan%                0         -nan%
FETCH_TH_ADJUST__6                                   0         -nan%                0         -nan%
FETCH_TH_ADJUST__7                                   0         -nan%                0         -nan%
FETCH_TH_ADJUST__8                                   0         -nan%                0         -nan%
FETCH_TH_ADJUST__9                                   0         -nan%                0         -nan%
FETCH_TH_ADJUST__MAX                                 0         -nan%                0         -nan%
                                                     0         -nan%                0         -nan%
                                                  -nan         -nan              -nan         -nan

FETCH_TH_ADJUST_UP                                   0         -nan%                0         -nan%
FETCH_TH_ADJUST_DOWN                                 0         -nan%                0         -nan%
FETCH_TH_ADJUST_SAME                                 0         -nan%                0         -nan%
                                                     0         -nan%                0         -nan%
                                                  -nan         -nan              -nan         -nan

THROTTLE_ADJUST_CACHE_MISS_INFO                      0                              0              

LOW_CONF_COUNT_BP_MIS_0                              0         -nan%                0         -nan%
LOW_CONF_COUNT_BP_MIS_1                              0         -nan%                0         -nan%
LOW_CONF_COUNT_BP_MIS_2                              0         -nan%                0         -nan%
LOW_CONF_COUNT_BP_MIS_3                              0         -nan%                0         -nan%
LOW_CONF_COUNT_BP_MIS_4                              0         -nan%                0         -nan%
LOW_CONF_COUNT_BP_MIS_5                              0         -nan%                0         -nan%
LOW_CONF_COUNT_BP_MIS_6                              0         -nan%                0         -nan%
LOW_CONF_COUNT_BP_MIS_7                              0         -nan%                0         -nan%
LOW_CONF_COUNT_BP_MIS_8                              0         -nan%                0         -nan%
LOW_CONF_COUNT_BP_MIS_9                              0         -nan%                0         -nan%
LOW_CONF_COUNT_BP_MIS_10                             0         -nan%                0         -nan%
LOW_CONF_COUNT_BP_MIS_11                             0         -nan%                0         -nan%
LOW_CONF_COUNT_BP_MIS_12                             0         -nan%                0         -nan%
LOW_CONF_COUNT_BP_MIS_13                             0         -nan%                0         -nan%
LOW_CONF_COUNT_BP_MIS_14                             0         -nan%                0         -nan%
LOW_CONF_COUNT_BP_MIS_15                             0         -nan%                0         -nan%
LOW_CONF_COUNT_BP_MIS_16                             0         -nan%                0         -nan%
LOW_CONF_COUNT_BP_MIS_17                             0         -nan%                0         -nan%
LOW_CONF_COUNT_BP_MIS_18                             0         -nan%                0         -nan%
LOW_CONF_COUNT_BP_MIS_19                             0         -nan%                0         -nan%
LOW_CONF_COUNT_BP_MIS_20                             0         -nan%                0         -nan%
                                                     0         -nan%                0         -nan%
                                                  -nan         -nan              -nan         -nan

LOW_CONF_COUNT_RET_0                                 0         -nan%                0         -nan%
LOW_CONF_COUNT_RET_1                                 0         -nan%                0         -nan%
LOW_CONF_COUNT_RET_2                                 0         -nan%                0         -nan%
LOW_CONF_COUNT_RET_3                                 0         -nan%                0         -nan%
LOW_CONF_COUNT_RET_4                                 0         -nan%                0         -nan%
LOW_CONF_COUNT_RET_5                                 0         -nan%                0         -nan%
LOW_CONF_COUNT_RET_6                                 0         -nan%                0         -nan%
LOW_CONF_COUNT_RET_7                                 0         -nan%                0         -nan%
LOW_CONF_COUNT_RET_8                                 0         -nan%                0         -nan%
LOW_CONF_COUNT_RET_9                                 0         -nan%                0         -nan%
LOW_CONF_COUNT_RET_10                                0         -nan%                0         -nan%
LOW_CONF_COUNT_RET_11                                0         -nan%                0         -nan%
LOW_CONF_COUNT_RET_12                                0         -nan%                0         -nan%
LOW_CONF_COUNT_RET_13                                0         -nan%                0         -nan%
LOW_CONF_COUNT_RET_14                                0         -nan%                0         -nan%
LOW_CONF_COUNT_RET_15                                0         -nan%                0         -nan%
LOW_CONF_COUNT_RET_16                                0         -nan%                0         -nan%
LOW_CONF_COUNT_RET_17                                0         -nan%                0         -nan%
LOW_CONF_COUNT_RET_18                                0         -nan%                0         -nan%
LOW_CONF_COUNT_RET_19                                0         -nan%                0         -nan%
LOW_CONF_COUNT_RET_20                                0         -nan%                0         -nan%
                                                     0         -nan%                0         -nan%
                                                  -nan         -nan              -nan         -nan

CYCLES_RESTEER_MISPRED                               0         -nan%                0         -nan%
CYCLES_RESTEER_MISFETCH                              0         -nan%                0         -nan%
CYCLES_RESTEER_BTB_MISS                              0         -nan%                0         -nan%
                                                     0         -nan%                0         -nan%
                                                  -nan         -nan              -nan         -nan

CYCLES_RESTEER_MISPRED_SAVED_UC_FETCH                0         -nan%                0         -nan%
CYCLES_RESTEER_MISPRED_COULD_BE_SAVED_UC_FETCH             0         -nan%                0         -nan%
CYCLES_RESTEER_MISFETCH_SAVED_UC_FETCH               0         -nan%                0         -nan%
CYCLES_RESTEER_MISFETCH_COULD_BE_SAVED_UC_FETCH             0         -nan%                0         -nan%
CYCLES_RESTEER_BTB_MISS_SAVED_UC_FETCH               0         -nan%                0         -nan%
CYCLES_RESTEER_BTB_MISS_COULD_BE_SAVED_UC_FETCH             0         -nan%                0         -nan%
                                                     0         -nan%                0         -nan%
                                                  -nan         -nan              -nan         -nan

CYCLES_UOC_IC_SWITCH                                 0                              0              



