/* -*- Mode: c -*- */
####################################################################################################
Core 0
####################################################################################################
Cumulative:        Cycles: 21030826              Instructions: 19999999              IPC: 0.95098

Periodic:          Cycles: 10530039              Instructions: 9999998               IPC: 0.94966

MISS_WAIT_TIME                             22994330562                    29926480955              

ICACHE_STAGE_MISS                                 1601                           3754              

ICACHE_CYCLE                                  10530039                       21030826              

TCACHE_CYCLE                                         0                              0              

ICACHE_SERVING_CYCLE_ON_PATH                   2996522                        5851498              

ICACHE_SERVING_CYCLE_OFF_PATH                  1077052                        2216758              

UCACHE_SERVING_CYCLE_ON_PATH                   2735461                        5392107              

UCACHE_SERVING_CYCLE_OFF_PATH                  3528640                        7163546              

ICACHE_CYCLE_ONPATH                            5847741       55.534%         11487173       54.621%
ICACHE_CYCLE_OFFPATH                           4682298       44.466%          9543653       45.379%
                                              10530039      100.000%         21030826      100.000%
                                                  0.44         0.47              0.45         0.48

FETCH_ON_PATH                                  5915605       56.178%         11625055       55.276%
FETCH_OFF_PATH                                 4614434       43.822%          9405771       44.724%
                                              10530039      100.000%         21030826      100.000%
                                                  0.44         0.47              0.45         0.48

FETCHED_OPS_ON_PATH                                  0         -nan%                0         -nan%
FETCHED_OPS_OFF_PATH                                 0         -nan%                0         -nan%
                                                     0         -nan%                0         -nan%
                                                  -nan         -nan              -nan         -nan

INST_LOST_FETCH                               12906812       28.698%         25810996       28.849%
INST_LOST_OFF_PATH                             9700483       21.569%         19953880       22.302%
INST_LOST_FULL_WINDOW                           365844        0.813%           734298        0.821%
INST_LOST_ROB_STALL_OTHER                       798607        1.776%          1593464        1.781%
INST_LOST_ROB_STALL_WAIT_FOR_RECOVERY                0        0.000%                0        0.000%
INST_LOST_ROB_STALL_WAIT_FOR_REDIRECT                0        0.000%                0        0.000%
INST_LOST_ROB_STALL_WAIT_FOR_GAP_FILL                0        0.000%                0        0.000%
INST_LOST_ROB_STALL_WAIT_FOR_L1_MISS                 0        0.000%                0        0.000%
INST_LOST_ROB_STALL_WAIT_FOR_MEMORY                529        0.001%              870        0.001%
INST_LOST_ROB_STALL_WAIT_FOR_DC_MISS          15237280       33.880%         29298151       32.746%
INST_LOST_ROB_BLOCK_ISSUE_FULL                       0        0.000%                0        0.000%
INST_LOST_ROB_BLOCK_ISSUE_GAP_TOO_LARGE              0        0.000%                0        0.000%
INST_LOST_BREAK_DONT                                 0        0.000%                0        0.000%
INST_LOST_BREAK_FT_UNAVAILABLE                  696255        1.548%          1402622        1.568%
INST_LOST_BREAK_ICACHE_STAGE_RESTEER             19914        0.044%            39828        0.045%
INST_LOST_BREAK_ICACHE_MISS_REQ_SUCCESS           5868        0.013%            13832        0.015%
INST_LOST_BREAK_ICACHE_MISS_REQ_FAILURE              0        0.000%                0        0.000%
INST_LOST_BREAK_ICACHE_WAIT_FOR_MISS            256824        0.571%           615584        0.688%
INST_LOST_BREAK_ICACHE_STALLED                 1060485        2.358%          2101246        2.349%
INST_LOST_BREAK_ICACHE_TO_UOP_CACHE_SWITCH        518066        1.152%          1036231        1.158%
INST_LOST_BREAK_ICACHE_READ_LIMIT               287538        0.639%           582831        0.651%
INST_LOST_BREAK_ICACHE_ISSUE_WIDTH                   0        0.000%                0        0.000%
INST_LOST_BREAK_UOP_CACHE_STALLED              1395093        3.102%          2773909        3.100%
INST_LOST_BREAK_UOP_CACHE_TO_ICACHE_SWITCH        578899        1.287%          1159089        1.295%
INST_LOST_BREAK_UOP_CACHE_READ_LIMIT           1146425        2.549%          2353895        2.631%
INST_LOST_BREAK_UOP_CACHE_ISSUE_WIDTH                0        0.000%                0        0.000%
                                              44974922      100.000%         89470726      100.000%
                                                  6.00         6.06              5.95         6.12

INST_LOST_TOTAL                               58701908                      117281192              

INST_LOST_WAIT_FOR_ICACHE_MISS_NOT_PREFETCHED          8010        3.723%            39175        7.978%
INST_LOST_WAIT_FOR_ICACHE_MISS_PREFETCHED_AND_EVICTED_BY_IFETCH             0        0.000%                0        0.000%
INST_LOST_WAIT_FOR_ICACHE_MISS_PREFETCHED_AND_EVICTED_BY_FDIP             0        0.000%                0        0.000%
INST_LOST_WAIT_FOR_ICACHE_MISS_MSHR_HIT_PREF_OFFPATH          4895        2.275%            10450        2.128%
INST_LOST_WAIT_FOR_ICACHE_MISS_MSHR_HIT_PREF_ONPATH        202235       94.002%           441420       89.894%
                                                215140      100.000%           491045      100.000%
                                                  3.83         3.72              3.66         3.49

FETCH_0_OPS                                     191304        1.817%           404884        1.925%
FETCH_1_OPS                                     224642        2.133%           454858        2.163%
FETCH_2_OPS                                     417471        3.965%           840517        3.997%
FETCH_3_OPS                                     455217        4.323%           899922        4.279%
FETCH_4_OPS                                     534510        5.076%          1080614        5.138%
FETCH_5_OPS                                    4068104       38.633%          8056175       38.307%
FETCH_6_OPS                                    4638791       44.053%          9293856       44.192%
FETCH_7_OPS                                          0        0.000%                0        0.000%
FETCH_8_OPS                                          0        0.000%                0        0.000%
FETCH_9_OPS                                          0        0.000%                0        0.000%
FETCH_10_OPS                                         0        0.000%                0        0.000%
FETCH_11_OPS                                         0        0.000%                0        0.000%
FETCH_12_OPS                                         0        0.000%                0        0.000%
FETCH_13_OPS                                         0        0.000%                0        0.000%
FETCH_14_OPS                                         0        0.000%                0        0.000%
FETCH_15_OPS                                         0        0.000%                0        0.000%
FETCH_16_OPS                                         0        0.000%                0        0.000%
                                              10530039      100.000%         21030826      100.000%
                                                  5.01         1.17              5.00         1.17

ST_BREAK_DONT                                        0        0.000%                0        0.000%
ST_BREAK_FT_UNAVAILABLE                         140033        1.330%           282019        1.341%
ST_BREAK_ICACHE_STAGE_RESTEER                     6647        0.063%            13409        0.064%
ST_BREAK_ICACHE_MISS_REQ_SUCCESS                  1601        0.015%             3754        0.018%
ST_BREAK_ICACHE_MISS_REQ_FAILURE                     0        0.000%                0        0.000%
ST_BREAK_ICACHE_WAIT_FOR_MISS                    51429        0.488%           123201        0.586%
ST_BREAK_ICACHE_STALLED                        2612940       24.814%          5119544       24.343%
ST_BREAK_ICACHE_TO_UOP_CACHE_SWITCH             206230        1.958%           413139        1.964%
ST_BREAK_ICACHE_READ_LIMIT                      136544        1.297%           276785        1.316%
ST_BREAK_ICACHE_ISSUE_WIDTH                    1326956       12.602%          2680318       12.745%
ST_BREAK_UOP_CACHE_STALLED                     3252600       30.889%          6451032       30.674%
ST_BREAK_UOP_CACHE_TO_ICACHE_SWITCH             183780        1.745%           367861        1.749%
ST_BREAK_UOP_CACHE_READ_LIMIT                   530100        5.034%          1087442        5.171%
ST_BREAK_UOP_CACHE_ISSUE_WIDTH                 2081179       19.764%          4212322       20.029%
                                              10530039      100.000%         21030826      100.000%
                                                  9.36         4.95              9.38         4.98

ORACLE_ON_PATH_INST                           12906812       57.091%         25810996       56.399%
ORACLE_OFF_PATH_INST                           9700483       42.909%         19953880       43.601%
                                              22607295      100.000%         45764876      100.000%
                                                  0.43         0.47              0.44         0.47

ORACLE_ON_PATH_INST_MEM                        4814490       21.296%          9633986       21.051%
ORACLE_ON_PATH_INST_NOTMEM                     8092322       35.795%         16177010       35.348%
ORACLE_OFF_PATH_INST_MEM                       3311306       14.647%          6784255       14.824%
ORACLE_OFF_PATH_INST_NOTMEM                    6389177       28.262%         13169625       28.777%
                                              22607295      100.000%         45764876      100.000%
                                                  1.50         1.18              1.51         1.19

ICACHE_CYCLE_NONRA_ONPATH                            0         -nan%                0         -nan%
ICACHE_CYCLE_NONRA_OFFPATH                           0         -nan%                0         -nan%
ICACHE_CYCLE_RA_ONPATH                               0         -nan%                0         -nan%
ICACHE_CYCLE_RA_OFFPATH                              0         -nan%                0         -nan%
                                                     0         -nan%                0         -nan%
                                                  -nan         -nan              -nan         -nan

ICACHE_CYCLE_ONPATH_NONRA                            0         -nan%                0         -nan%
ICACHE_CYCLE_OFFPATH_NONRA                           0         -nan%                0         -nan%
                                                     0         -nan%                0         -nan%
                                                  -nan         -nan              -nan         -nan

ICACHE_CYCLE_ONPATH_RA                               0         -nan%                0         -nan%
ICACHE_CYCLE_OFFPATH_RA                              0         -nan%                0         -nan%
                                                     0         -nan%                0         -nan%
                                                  -nan         -nan              -nan         -nan

INACCURATE_OFFPATH_CYCLES                            0        0.0000                0        0.0000

FETCH_ALL_INST                                22607295                       45764876              

EXEC_ALL_INST                                 16382479                       32958463              

RET_ALL_INST                                  12906866                       25810996              

EXEC_ON_PATH_INST                             12906819       78.784%         25810996       78.314%
EXEC_OFF_PATH_INST                             3475660       21.216%          7147467       21.686%
                                              16382479      100.000%         32958463      100.000%
                                                  0.21         0.38              0.22         0.38

EXEC_ON_PATH_INST_MEM                          4814491       29.388%          9633986       29.231%
EXEC_ON_PATH_INST_NOTMEM                       8092328       49.396%         16177010       49.083%
EXEC_OFF_PATH_INST_MEM                         1205402        7.358%          2470893        7.497%
EXEC_OFF_PATH_INST_NOTMEM                      2270258       13.858%          4676574       14.189%
                                              16382479      100.000%         32958463      100.000%
                                                  1.06         0.86              1.07         0.87

EXEC_RA_INST                                         0         -nan%                0         -nan%
EXEC_NONRA_INST                                      0         -nan%                0         -nan%
                                                     0         -nan%                0         -nan%
                                                  -nan         -nan              -nan         -nan

EXEC_ON_PATH_INST_RA                                 0         -nan%                0         -nan%
EXEC_OFF_PATH_INST_RA                                0         -nan%                0         -nan%
                                                     0         -nan%                0         -nan%
                                                  -nan         -nan              -nan         -nan

EXEC_ON_PATH_INST_NONRA                              0         -nan%                0         -nan%
EXEC_OFF_PATH_INST_NONRA                             0         -nan%                0         -nan%
                                                     0         -nan%                0         -nan%
                                                  -nan         -nan              -nan         -nan

EXEC_RA_ON_PATH_INST                                 0         -nan%                0         -nan%
EXEC_RA_OFF_PATH_INST                                0         -nan%                0         -nan%
EXEC_NONRA_ON_PATH_INST                              0         -nan%                0         -nan%
EXEC_NONRA_OFF_PATH_INST                             0         -nan%                0         -nan%
                                                     0         -nan%                0         -nan%
                                                  -nan         -nan              -nan         -nan

ICACHE_THROTTLE_CYCLE                                0                              0              

FETCH_ENABLE_THROTTLE_OFF_PATH                       0         -nan%                0         -nan%
FETCH_ENABLE_THROTTLE_ON_PATH                        0         -nan%                0         -nan%
                                                     0         -nan%                0         -nan%
                                                  -nan         -nan              -nan         -nan

FETCH_DISABLE_THROTTLE_OFF_PATH                      0         -nan%                0         -nan%
FETCH_DISABLE_THROTTLE_ON_PATH                       0         -nan%                0         -nan%
                                                     0         -nan%                0         -nan%
                                                  -nan         -nan              -nan         -nan

FETCH_TH_ADJUST__0                                   0         -nan%                0         -nan%
FETCH_TH_ADJUST__1                                   0         -nan%                0         -nan%
FETCH_TH_ADJUST__2                                   0         -nan%                0         -nan%
FETCH_TH_ADJUST__3                                   0         -nan%                0         -nan%
FETCH_TH_ADJUST__4                                   0         -nan%                0         -nan%
FETCH_TH_ADJUST__5                                   0         -nan%                0         -nan%
FETCH_TH_ADJUST__6                                   0         -nan%                0         -nan%
FETCH_TH_ADJUST__7                                   0         -nan%                0         -nan%
FETCH_TH_ADJUST__8                                   0         -nan%                0         -nan%
FETCH_TH_ADJUST__9                                   0         -nan%                0         -nan%
FETCH_TH_ADJUST__MAX                                 0         -nan%                0         -nan%
                                                     0         -nan%                0         -nan%
                                                  -nan         -nan              -nan         -nan

FETCH_TH_ADJUST_UP                                   0         -nan%                0         -nan%
FETCH_TH_ADJUST_DOWN                                 0         -nan%                0         -nan%
FETCH_TH_ADJUST_SAME                                 0         -nan%                0         -nan%
                                                     0         -nan%                0         -nan%
                                                  -nan         -nan              -nan         -nan

THROTTLE_ADJUST_CACHE_MISS_INFO                      0                              0              

LOW_CONF_COUNT_BP_MIS_0                              0         -nan%                0         -nan%
LOW_CONF_COUNT_BP_MIS_1                              0         -nan%                0         -nan%
LOW_CONF_COUNT_BP_MIS_2                              0         -nan%                0         -nan%
LOW_CONF_COUNT_BP_MIS_3                              0         -nan%                0         -nan%
LOW_CONF_COUNT_BP_MIS_4                              0         -nan%                0         -nan%
LOW_CONF_COUNT_BP_MIS_5                              0         -nan%                0         -nan%
LOW_CONF_COUNT_BP_MIS_6                              0         -nan%                0         -nan%
LOW_CONF_COUNT_BP_MIS_7                              0         -nan%                0         -nan%
LOW_CONF_COUNT_BP_MIS_8                              0         -nan%                0         -nan%
LOW_CONF_COUNT_BP_MIS_9                              0         -nan%                0         -nan%
LOW_CONF_COUNT_BP_MIS_10                             0         -nan%                0         -nan%
LOW_CONF_COUNT_BP_MIS_11                             0         -nan%                0         -nan%
LOW_CONF_COUNT_BP_MIS_12                             0         -nan%                0         -nan%
LOW_CONF_COUNT_BP_MIS_13                             0         -nan%                0         -nan%
LOW_CONF_COUNT_BP_MIS_14                             0         -nan%                0         -nan%
LOW_CONF_COUNT_BP_MIS_15                             0         -nan%                0         -nan%
LOW_CONF_COUNT_BP_MIS_16                             0         -nan%                0         -nan%
LOW_CONF_COUNT_BP_MIS_17                             0         -nan%                0         -nan%
LOW_CONF_COUNT_BP_MIS_18                             0         -nan%                0         -nan%
LOW_CONF_COUNT_BP_MIS_19                             0         -nan%                0         -nan%
LOW_CONF_COUNT_BP_MIS_20                             0         -nan%                0         -nan%
                                                     0         -nan%                0         -nan%
                                                  -nan         -nan              -nan         -nan

LOW_CONF_COUNT_RET_0                                 0         -nan%                0         -nan%
LOW_CONF_COUNT_RET_1                                 0         -nan%                0         -nan%
LOW_CONF_COUNT_RET_2                                 0         -nan%                0         -nan%
LOW_CONF_COUNT_RET_3                                 0         -nan%                0         -nan%
LOW_CONF_COUNT_RET_4                                 0         -nan%                0         -nan%
LOW_CONF_COUNT_RET_5                                 0         -nan%                0         -nan%
LOW_CONF_COUNT_RET_6                                 0         -nan%                0         -nan%
LOW_CONF_COUNT_RET_7                                 0         -nan%                0         -nan%
LOW_CONF_COUNT_RET_8                                 0         -nan%                0         -nan%
LOW_CONF_COUNT_RET_9                                 0         -nan%                0         -nan%
LOW_CONF_COUNT_RET_10                                0         -nan%                0         -nan%
LOW_CONF_COUNT_RET_11                                0         -nan%                0         -nan%
LOW_CONF_COUNT_RET_12                                0         -nan%                0         -nan%
LOW_CONF_COUNT_RET_13                                0         -nan%                0         -nan%
LOW_CONF_COUNT_RET_14                                0         -nan%                0         -nan%
LOW_CONF_COUNT_RET_15                                0         -nan%                0         -nan%
LOW_CONF_COUNT_RET_16                                0         -nan%                0         -nan%
LOW_CONF_COUNT_RET_17                                0         -nan%                0         -nan%
LOW_CONF_COUNT_RET_18                                0         -nan%                0         -nan%
LOW_CONF_COUNT_RET_19                                0         -nan%                0         -nan%
LOW_CONF_COUNT_RET_20                                0         -nan%                0         -nan%
                                                     0         -nan%                0         -nan%
                                                  -nan         -nan              -nan         -nan

CYCLES_RESTEER_RECOVER_AT_EXEC                       0         -nan%                0         -nan%
CYCLES_RESTEER_RECOVER_AT_DECODE                     0         -nan%                0         -nan%
CYCLES_RESTEER_BTB_MISS                              0         -nan%                0         -nan%
                                                     0         -nan%                0         -nan%
                                                  -nan         -nan              -nan         -nan

CYCLES_RESTEER_RECOVER_AT_EXEC_SAVED_UC_FETCH             0         -nan%                0         -nan%
CYCLES_RESTEER_RECOVER_AT_EXEC_COULD_BE_SAVED_UC_FETCH             0         -nan%                0         -nan%
CYCLES_RESTEER_RECOVER_AT_DECODE_SAVED_UC_FETCH             0         -nan%                0         -nan%
CYCLES_RESTEER_RECOVER_AT_DECODE_COULD_BE_SAVED_UC_FETCH             0         -nan%                0         -nan%
CYCLES_RESTEER_BTB_MISS_SAVED_UC_FETCH               0         -nan%                0         -nan%
CYCLES_RESTEER_BTB_MISS_COULD_BE_SAVED_UC_FETCH             0         -nan%                0         -nan%
                                                     0         -nan%                0         -nan%
                                                  -nan         -nan              -nan         -nan

CYCLES_UOC_IC_SWITCH                                 0                              0              



