Scarab gitrev: 6deb50d
Warning: Scarab expects the trace file type to include OFFLINE_FILE_TYPE_ARCH_REGDEPS (0x20000), but got type: 0xe40
Scarab started at Thu May  7 03:26:05 2026

Initialized Ramulator. 
** Heartbeat:   5% -- { 1000002 } -- 0.00 KIPS (200.00 KIPS)
** Heartbeat:  10% -- { 2000004 } -- 250.00 KIPS (222.22 KIPS)
** Heartbeat:  15% -- { 3000005 } -- 200.00 KIPS (214.29 KIPS)
** Heartbeat:  20% -- { 4000006 } -- 250.00 KIPS (222.22 KIPS)
** Heartbeat:  25% -- { 5000008 } -- 200.00 KIPS (217.39 KIPS)
** Heartbeat:  30% -- { 6000011 } -- 250.00 KIPS (222.22 KIPS)
** Heartbeat:  35% -- { 7000011 } -- 200.00 KIPS (218.75 KIPS)
** Heartbeat:  40% -- { 8000013 } -- 250.00 KIPS (222.22 KIPS)
** Heartbeat:  45% -- { 9000016 } -- 250.00 KIPS (225.00 KIPS)
** Heartbeat:  50% -- { 10000016 } -- 200.00 KIPS (222.22 KIPS)
** Heartbeat:  55% -- { 11000016 } -- 250.00 KIPS (224.49 KIPS)
** Heartbeat:  60% -- { 12000020 } -- 200.00 KIPS (222.22 KIPS)
** Heartbeat:  65% -- { 13000021 } -- 250.00 KIPS (224.14 KIPS)
** Heartbeat:  70% -- { 14000025 } -- 200.00 KIPS (222.22 KIPS)
** Heartbeat:  75% -- { 15000025 } -- 250.00 KIPS (223.88 KIPS)
** Heartbeat:  80% -- { 16000027 } -- 200.00 KIPS (222.22 KIPS)
** Heartbeat:  85% -- { 17000029 } -- 250.00 KIPS (223.68 KIPS)
** Heartbeat:  90% -- { 18000033 } -- 200.00 KIPS (222.22 KIPS)
** Heartbeat:  95% -- { 19000033 } -- 250.00 KIPS (223.53 KIPS)
Reached end of trace (last_inst) pc=0x7ffff3dcd760
** Core 0 Finished:    insts:19999999    cycles:29525441    time:9226700312500       -- 0.68 IPC (0.68 IPC) --  N/A  KIPS (222.22 KIPS)
Scarab finished at Thu May  7 03:27:35 2026

