Scarab gitrev: 4a1223f
Warning: Scarab expects the trace file type to include OFFLINE_FILE_TYPE_ARCH_REGDEPS (0x20000), but got type: 0xe40
Scarab started at Fri Apr 24 03:00:16 2026

Initialized Ramulator. 
** Heartbeat:   5% -- { 1000000 } -- 0.00 KIPS (333.33 KIPS)
** Heartbeat:  10% -- { 2000001 } -- 333.33 KIPS (333.33 KIPS)
** Heartbeat:  15% -- { 3000002 } -- 333.33 KIPS (333.33 KIPS)
** Heartbeat:  20% -- { 4000002 } -- 333.33 KIPS (333.33 KIPS)
** Heartbeat:  25% -- { 5000002 } -- 333.33 KIPS (333.33 KIPS)
** Heartbeat:  30% -- { 6000003 } -- 333.33 KIPS (333.33 KIPS)
** Heartbeat:  35% -- { 7000003 } -- 333.33 KIPS (333.33 KIPS)
** Heartbeat:  40% -- { 8000003 } -- 333.33 KIPS (333.33 KIPS)
** Heartbeat:  45% -- { 9000003 } -- 333.33 KIPS (333.33 KIPS)
** Heartbeat:  50% -- { 10000004 } -- 333.33 KIPS (333.33 KIPS)
** Heartbeat:  55% -- { 11000004 } -- 333.33 KIPS (333.33 KIPS)
** Heartbeat:  60% -- { 12000005 } -- 333.33 KIPS (333.33 KIPS)
** Heartbeat:  65% -- { 13000005 } -- 333.33 KIPS (333.33 KIPS)
** Heartbeat:  70% -- { 14000005 } -- 333.33 KIPS (333.33 KIPS)
** Heartbeat:  75% -- { 15000005 } -- 333.33 KIPS (333.33 KIPS)
** Heartbeat:  80% -- { 16000005 } -- 250.00 KIPS (326.53 KIPS)
** Heartbeat:  85% -- { 17000006 } -- 333.33 KIPS (326.92 KIPS)
** Heartbeat:  90% -- { 18000006 } -- 333.33 KIPS (327.27 KIPS)
** Heartbeat:  95% -- { 19000007 } -- 333.33 KIPS (327.59 KIPS)
Reached end of trace (last_inst) pc=0x7ffff3d84545
** Core 0 Finished:    insts:19999999    cycles:12349494    time:3859216875000       -- 1.62 IPC (1.62 IPC) --  N/A  KIPS (327.87 KIPS)
Scarab finished at Fri Apr 24 03:01:17 2026

