Scarab gitrev: 6deb50d
Warning: Scarab expects the trace file type to include OFFLINE_FILE_TYPE_ARCH_REGDEPS (0x20000), but got type: 0xe40
Scarab started at Thu May  7 04:56:47 2026

Initialized Ramulator. 
** Heartbeat:   5% -- { 1000000 } -- 0.00 KIPS (200.00 KIPS)
** Heartbeat:  10% -- { 2000002 } -- 250.00 KIPS (222.22 KIPS)
** Heartbeat:  15% -- { 3000002 } -- 200.00 KIPS (214.29 KIPS)
** Heartbeat:  20% -- { 4000006 } -- 166.67 KIPS (200.00 KIPS)
** Heartbeat:  25% -- { 5000007 } -- 200.00 KIPS (200.00 KIPS)
** Heartbeat:  30% -- { 6000007 } -- 200.00 KIPS (200.00 KIPS)
** Heartbeat:  35% -- { 7000008 } -- 166.67 KIPS (194.44 KIPS)
** Heartbeat:  40% -- { 8000009 } -- 166.67 KIPS (190.48 KIPS)
** Heartbeat:  45% -- { 9000011 } -- 166.67 KIPS (187.50 KIPS)
** Heartbeat:  50% -- { 10000012 } -- 166.67 KIPS (185.19 KIPS)
** Heartbeat:  55% -- { 11000015 } -- 166.67 KIPS (183.33 KIPS)
** Heartbeat:  60% -- { 12000015 } -- 200.00 KIPS (184.62 KIPS)
** Heartbeat:  65% -- { 13000015 } -- 166.67 KIPS (183.10 KIPS)
** Heartbeat:  70% -- { 14000018 } -- 200.00 KIPS (184.21 KIPS)
** Heartbeat:  75% -- { 15000020 } -- 200.00 KIPS (185.19 KIPS)
** Heartbeat:  80% -- { 16000023 } -- 166.67 KIPS (183.91 KIPS)
** Heartbeat:  85% -- { 17000024 } -- 166.67 KIPS (182.80 KIPS)
** Heartbeat:  90% -- { 18000024 } -- 200.00 KIPS (183.67 KIPS)
** Heartbeat:  95% -- { 19000024 } -- 250.00 KIPS (186.27 KIPS)
Reached end of trace (last_inst) pc=0x7fffee8e9d7c
** Core 0 Finished:    insts:19999999    cycles:34922028    time:10913133750000      -- 0.57 IPC (0.57 IPC) --  N/A  KIPS (186.92 KIPS)
Scarab finished at Thu May  7 04:58:34 2026

