Scarab gitrev: 6deb50d
Warning: Scarab expects the trace file type to include OFFLINE_FILE_TYPE_ARCH_REGDEPS (0x20000), but got type: 0xe40
Scarab started at Thu May  7 05:05:52 2026

Initialized Ramulator. 
** Heartbeat:   5% -- { 1000001 } -- 0.00 KIPS (250.00 KIPS)
** Heartbeat:  10% -- { 2000004 } -- 200.00 KIPS (222.22 KIPS)
** Heartbeat:  15% -- { 3000007 } -- 142.86 KIPS (187.50 KIPS)
** Heartbeat:  20% -- { 4000010 } -- 166.67 KIPS (181.82 KIPS)
** Heartbeat:  25% -- { 5000011 } -- 125.00 KIPS (166.67 KIPS)
** Heartbeat:  30% -- { 6000013 } -- 125.00 KIPS (157.90 KIPS)
** Heartbeat:  35% -- { 7000017 } -- 100.00 KIPS (145.83 KIPS)
** Heartbeat:  40% -- { 8000018 } -- 100.00 KIPS (137.93 KIPS)
** Heartbeat:  45% -- { 9000020 } -- 100.00 KIPS (132.35 KIPS)
** Heartbeat:  50% -- { 10000023 } -- 83.33 KIPS (125.00 KIPS)
** Heartbeat:  55% -- { 11000025 } -- 83.33 KIPS (119.57 KIPS)
** Heartbeat:  60% -- { 12000025 } -- 76.92 KIPS (114.29 KIPS)
** Heartbeat:  65% -- { 13000025 } -- 71.43 KIPS (109.24 KIPS)
** Heartbeat:  70% -- { 14000026 } -- 66.67 KIPS (104.48 KIPS)
** Heartbeat:  75% -- { 15000030 } -- 66.67 KIPS (100.67 KIPS)
** Heartbeat:  80% -- { 16000031 } -- 62.50 KIPS (96.97 KIPS)
** Heartbeat:  85% -- { 17000033 } -- 58.82 KIPS (93.41 KIPS)
** Heartbeat:  90% -- { 18000033 } -- 58.82 KIPS (90.45 KIPS)
** Heartbeat:  95% -- { 19000038 } -- 52.63 KIPS (87.16 KIPS)
Reached end of trace (last_inst) pc=0x7ffff3d84545
** Core 0 Finished:    insts:19999999    cycles:27282733    time:8525854062500       -- 0.73 IPC (0.73 IPC) --  N/A  KIPS (84.03 KIPS)
Scarab finished at Thu May  7 05:09:50 2026

